2021-10-11 03:19:29,073 Fold 0
2021-10-11 03:19:32,543 train run device : cuda:0
2021-10-11 03:19:54,379 multi task weight : 0.7
2021-10-11 03:21:08,797 {'epoch': 1, 'lr': 0.001, 'train_loss': 0.013738308708702514, 'mae': 1.2850939, 'elapsed_time': 74.64860677719116}
2021-10-11 03:21:09,512 multi task weight : 0.7013333333333333
2021-10-11 03:22:25,012 {'epoch': 2, 'lr': 0.000999938933078422, 'train_loss': 0.004583706034778205, 'mae': 1.09854, 'elapsed_time': 75.77719044685364}
2021-10-11 03:22:25,744 multi task weight : 0.7026666666666667
2021-10-11 03:23:41,282 {'epoch': 3, 'lr': 0.000999755747381037, 'train_loss': 0.003955183397902014, 'mae': 1.0714093, 'elapsed_time': 75.78814840316772}
2021-10-11 03:23:42,019 multi task weight : 0.704
2021-10-11 03:24:57,459 {'epoch': 4, 'lr': 0.000999450488106175, 'train_loss': 0.003580790780351366, 'mae': 0.7396947, 'elapsed_time': 75.69180417060852}
2021-10-11 03:24:58,167 multi task weight : 0.7053333333333334
2021-10-11 03:26:13,462 {'epoch': 5, 'lr': 0.0009990232305719944, 'train_loss': 0.003135421948669129, 'mae': 0.696889, 'elapsed_time': 75.51842284202576}
2021-10-11 03:26:14,154 multi task weight : 0.7066666666666667
2021-10-11 03:27:29,477 {'epoch': 6, 'lr': 0.0009984740801978983, 'train_loss': 0.0030051748555294327, 'mae': 0.6194658, 'elapsed_time': 75.53325152397156}
2021-10-11 03:27:30,215 multi task weight : 0.708
2021-10-11 03:28:45,244 {'epoch': 7, 'lr': 0.0009978031724785245, 'train_loss': 0.0027659162992551044, 'mae': 0.56584334, 'elapsed_time': 75.29579019546509}
2021-10-11 03:28:45,932 multi task weight : 0.7093333333333334
2021-10-11 03:30:01,031 {'epoch': 8, 'lr': 0.000997010672950314, 'train_loss': 0.0026980948070961567, 'mae': 0.6826198, 'elapsed_time': 75.31130981445312}
2021-10-11 03:30:01,258 multi task weight : 0.7106666666666667
2021-10-11 03:31:16,219 {'epoch': 9, 'lr': 0.0009960967771506664, 'train_loss': 0.002765748360995981, 'mae': 0.54368395, 'elapsed_time': 75.18832302093506}
2021-10-11 03:31:16,933 multi task weight : 0.712
2021-10-11 03:32:31,966 {'epoch': 10, 'lr': 0.0009950617105696957, 'train_loss': 0.002497675752722719, 'mae': 0.4766897, 'elapsed_time': 75.26436448097229}
2021-10-11 03:32:32,665 multi task weight : 0.7133333333333334
2021-10-11 03:33:47,543 {'epoch': 11, 'lr': 0.0009939057285945929, 'train_loss': 0.002447993671206783, 'mae': 0.54492086, 'elapsed_time': 75.09320092201233}
2021-10-11 03:33:47,764 multi task weight : 0.7146666666666666
2021-10-11 03:35:02,854 {'epoch': 12, 'lr': 0.0009926291164466126, 'train_loss': 0.0023847225507890413, 'mae': 0.45496562, 'elapsed_time': 75.31091070175171}
2021-10-11 03:35:03,570 multi task weight : 0.716
2021-10-11 03:36:18,548 {'epoch': 13, 'lr': 0.0009912321891107005, 'train_loss': 0.002297400022783447, 'mae': 0.46229294, 'elapsed_time': 75.21091079711914}
2021-10-11 03:36:18,775 multi task weight : 0.7173333333333333
2021-10-11 03:37:33,904 {'epoch': 14, 'lr': 0.0009897152912577737, 'train_loss': 0.0023993328144567704, 'mae': 0.4834126, 'elapsed_time': 75.35517311096191}
2021-10-11 03:37:34,141 multi task weight : 0.7186666666666666
2021-10-11 03:38:49,194 {'epoch': 15, 'lr': 0.0009880787971596797, 'train_loss': 0.002197197699058996, 'mae': 0.4055531, 'elapsed_time': 75.28923559188843}
2021-10-11 03:38:49,897 multi task weight : 0.72
2021-10-11 03:40:05,056 {'epoch': 16, 'lr': 0.0009863231105968495, 'train_loss': 0.0021877732964799136, 'mae': 0.39058483, 'elapsed_time': 75.3706750869751}
2021-10-11 03:40:05,753 multi task weight : 0.7213333333333333
2021-10-11 03:41:20,903 {'epoch': 17, 'lr': 0.000984448664758672, 'train_loss': 0.0021784622678897333, 'mae': 0.4361958, 'elapsed_time': 75.37239050865173}
2021-10-11 03:41:21,135 multi task weight : 0.7226666666666667
2021-10-11 03:42:36,541 {'epoch': 18, 'lr': 0.0009824559221366096, 'train_loss': 0.002212022684361462, 'mae': 0.3835607, 'elapsed_time': 75.63668274879456}
2021-10-11 03:42:37,284 multi task weight : 0.724
2021-10-11 03:43:52,527 {'epoch': 19, 'lr': 0.0009803453744100864, 'train_loss': 0.0020240725498866215, 'mae': 0.38460612, 'elapsed_time': 75.4966652393341}
2021-10-11 03:43:52,759 multi task weight : 0.7253333333333333
2021-10-11 03:45:08,166 {'epoch': 20, 'lr': 0.0009781175423251728, 'train_loss': 0.0021082943121453956, 'mae': 0.4465313, 'elapsed_time': 75.63902068138123}
2021-10-11 03:45:08,428 multi task weight : 0.7266666666666667
2021-10-11 03:46:23,770 {'epoch': 21, 'lr': 0.0009757729755661004, 'train_loss': 0.0020551975043780605, 'mae': 0.42220002, 'elapsed_time': 75.60338020324707}
2021-10-11 03:46:23,984 multi task weight : 0.728
2021-10-11 03:47:39,464 {'epoch': 22, 'lr': 0.0009733122526196342, 'train_loss': 0.001983027666994797, 'mae': 0.37391743, 'elapsed_time': 75.69376850128174}
2021-10-11 03:47:40,185 multi task weight : 0.7293333333333333
2021-10-11 03:48:55,396 {'epoch': 23, 'lr': 0.000970735980632341, 'train_loss': 0.0018770552206367275, 'mae': 0.35043746, 'elapsed_time': 75.43868660926819}
2021-10-11 03:48:56,102 multi task weight : 0.7306666666666667
2021-10-11 03:50:11,445 {'epoch': 24, 'lr': 0.0009680447952607838, 'train_loss': 0.001885668189320997, 'mae': 0.3559527, 'elapsed_time': 75.55928707122803}
2021-10-11 03:50:11,702 multi task weight : 0.732
2021-10-11 03:51:27,677 {'epoch': 25, 'lr': 0.0009652393605146839, 'train_loss': 0.0019655342510672418, 'mae': 0.33336955, 'elapsed_time': 76.23084092140198}
2021-10-11 03:51:28,445 multi task weight : 0.7333333333333334
2021-10-11 03:52:44,409 {'epoch': 26, 'lr': 0.0009623203685930864, 'train_loss': 0.0018934539509992713, 'mae': 0.3264039, 'elapsed_time': 76.22036004066467}
2021-10-11 03:52:45,131 multi task weight : 0.7346666666666667
2021-10-11 03:54:01,020 {'epoch': 27, 'lr': 0.00095928853971357, 'train_loss': 0.0018760262095450248, 'mae': 0.33313325, 'elapsed_time': 76.12146520614624}
2021-10-11 03:54:01,261 multi task weight : 0.736
2021-10-11 03:55:17,186 {'epoch': 28, 'lr': 0.0009561446219345448, 'train_loss': 0.0017915490291385639, 'mae': 0.3164989, 'elapsed_time': 76.16493535041809}
2021-10-11 03:55:17,898 multi task weight : 0.7373333333333334
2021-10-11 03:56:33,442 {'epoch': 29, 'lr': 0.0009528893909706791, 'train_loss': 0.0018321504057283193, 'mae': 0.30926886, 'elapsed_time': 75.77595639228821}
2021-10-11 03:56:34,147 multi task weight : 0.7386666666666666
2021-10-11 03:57:49,394 {'epoch': 30, 'lr': 0.0009495236500015041, 'train_loss': 0.0019498122052454333, 'mae': 0.32253003, 'elapsed_time': 75.46806931495667}
2021-10-11 03:57:49,597 multi task weight : 0.74
2021-10-11 03:59:05,061 {'epoch': 31, 'lr': 0.0009460482294732414, 'train_loss': 0.0018991425529744468, 'mae': 0.30870026, 'elapsed_time': 75.6666476726532}
2021-10-11 03:59:05,777 multi task weight : 0.7413333333333334
2021-10-11 04:00:21,207 {'epoch': 32, 'lr': 0.0009424639868939027, 'train_loss': 0.0016878397378643432, 'mae': 0.3186312, 'elapsed_time': 75.66147756576538}
2021-10-11 04:00:21,451 multi task weight : 0.7426666666666666
2021-10-11 04:01:37,029 {'epoch': 33, 'lr': 0.0009387718066217117, 'train_loss': 0.0032306589043006114, 'mae': 0.4948746, 'elapsed_time': 75.82243704795837}
2021-10-11 04:01:37,268 multi task weight : 0.744
2021-10-11 04:02:52,717 {'epoch': 34, 'lr': 0.000934972599646904, 'train_loss': 0.002278324614314151, 'mae': 0.40223366, 'elapsed_time': 75.68705940246582}
2021-10-11 04:02:52,955 multi task weight : 0.7453333333333333
2021-10-11 04:04:08,370 {'epoch': 35, 'lr': 0.0009310673033669515, 'train_loss': 0.0020409916484983967, 'mae': 0.38368675, 'elapsed_time': 75.65298390388489}
2021-10-11 04:04:08,615 multi task weight : 0.7466666666666666
2021-10-11 04:05:23,993 {'epoch': 36, 'lr': 0.0009270568813552751, 'train_loss': 0.0019917241216811854, 'mae': 0.3267264, 'elapsed_time': 75.62252640724182}
2021-10-11 04:05:24,232 multi task weight : 0.7479999999999999
2021-10-11 04:06:39,911 {'epoch': 37, 'lr': 0.0009229423231234969, 'train_loss': 0.0019189879932669791, 'mae': 0.3632136, 'elapsed_time': 75.91747188568115}
2021-10-11 04:06:40,137 multi task weight : 0.7493333333333333
2021-10-11 04:07:55,933 {'epoch': 38, 'lr': 0.0009187246438772933, 'train_loss': 0.0017790214910935376, 'mae': 0.3040655, 'elapsed_time': 76.02125549316406}
2021-10-11 04:07:56,655 multi task weight : 0.7506666666666666
2021-10-11 04:09:12,335 {'epoch': 39, 'lr': 0.0009144048842659075, 'train_loss': 0.0018033592984564183, 'mae': 0.4643512, 'elapsed_time': 75.92364287376404}
2021-10-11 04:09:12,545 multi task weight : 0.752
2021-10-11 04:10:28,236 {'epoch': 40, 'lr': 0.0009099841101253861, 'train_loss': 0.0017844284564315918, 'mae': 0.27997136, 'elapsed_time': 75.90059518814087}
2021-10-11 04:10:28,931 multi task weight : 0.7533333333333333
2021-10-11 04:11:44,716 {'epoch': 41, 'lr': 0.0009054634122155986, 'train_loss': 0.0017448456791298052, 'mae': 0.33364016, 'elapsed_time': 75.99201822280884}
2021-10-11 04:11:44,977 multi task weight : 0.7546666666666666
2021-10-11 04:13:00,673 {'epoch': 42, 'lr': 0.0009008439059511095, 'train_loss': 0.0017947658491577038, 'mae': 0.42543498, 'elapsed_time': 75.95592594146729}
2021-10-11 04:13:00,903 multi task weight : 0.756
2021-10-11 04:14:16,648 {'epoch': 43, 'lr': 0.0008961267311259662, 'train_loss': 0.0019348769234536578, 'mae': 0.29220822, 'elapsed_time': 75.97459006309509}
2021-10-11 04:14:16,886 multi task weight : 0.7573333333333334
2021-10-11 04:15:32,591 {'epoch': 44, 'lr': 0.0008913130516324728, 'train_loss': 0.0016542626985498736, 'mae': 0.28765804, 'elapsed_time': 75.94319415092468}
2021-10-11 04:15:32,823 multi task weight : 0.7586666666666666
2021-10-11 04:16:48,483 {'epoch': 45, 'lr': 0.0008864040551740152, 'train_loss': 0.001644998851292097, 'mae': 0.2739396, 'elapsed_time': 75.89079356193542}
2021-10-11 04:16:49,220 multi task weight : 0.76
2021-10-11 04:18:04,880 {'epoch': 46, 'lr': 0.000881400952972015, 'train_loss': 0.001747011750531639, 'mae': 0.31312516, 'elapsed_time': 75.90215826034546}
2021-10-11 04:18:05,102 multi task weight : 0.7613333333333333
2021-10-11 04:19:20,742 {'epoch': 47, 'lr': 0.0008763049794670771, 'train_loss': 0.0015661942933650897, 'mae': 0.2563071, 'elapsed_time': 75.86185431480408}
2021-10-11 04:19:21,439 multi task weight : 0.7626666666666666
2021-10-11 04:20:36,988 {'epoch': 48, 'lr': 0.0008711173920144113, 'train_loss': 0.0015577541226045907, 'mae': 0.2954773, 'elapsed_time': 75.7637734413147}
2021-10-11 04:20:37,209 multi task weight : 0.764
2021-10-11 04:21:52,848 {'epoch': 49, 'lr': 0.0008658394705735983, 'train_loss': 0.0017225079043386312, 'mae': 0.2788108, 'elapsed_time': 75.85958313941956}
2021-10-11 04:21:53,078 multi task weight : 0.7653333333333333
2021-10-11 04:23:08,763 {'epoch': 50, 'lr': 0.0008604725173927781, 'train_loss': 0.001633946675587522, 'mae': 0.27434963, 'elapsed_time': 75.91450023651123}
2021-10-11 04:23:09,012 multi task weight : 0.7666666666666666
2021-10-11 04:24:24,586 {'epoch': 51, 'lr': 0.0008550178566873405, 'train_loss': 0.0014807312732662405, 'mae': 0.25365517, 'elapsed_time': 75.82311201095581}
2021-10-11 04:24:25,301 multi task weight : 0.768
2021-10-11 04:25:40,919 {'epoch': 52, 'lr': 0.0008494768343131951, 'train_loss': 0.002057427738412395, 'mae': 0.2722917, 'elapsed_time': 75.84310793876648}
2021-10-11 04:25:41,130 multi task weight : 0.7693333333333333
2021-10-11 04:26:56,793 {'epoch': 53, 'lr': 0.0008438508174347005, 'train_loss': 0.0017999649220661583, 'mae': 0.2703148, 'elapsed_time': 75.87371230125427}
2021-10-11 04:26:57,026 multi task weight : 0.7706666666666666
2021-10-11 04:28:12,732 {'epoch': 54, 'lr': 0.0008381411941873374, 'train_loss': 0.0016140371158649938, 'mae': 0.33841228, 'elapsed_time': 75.93883347511292}
2021-10-11 04:28:12,948 multi task weight : 0.772
2021-10-11 04:29:28,628 {'epoch': 55, 'lr': 0.0008323493733352073, 'train_loss': 0.0015188353060886037, 'mae': 0.27814347, 'elapsed_time': 75.89584732055664}
2021-10-11 04:29:28,873 multi task weight : 0.7733333333333332
2021-10-11 04:30:44,400 {'epoch': 56, 'lr': 0.0008264767839234405, 'train_loss': 0.001456353934623691, 'mae': 0.24002704, 'elapsed_time': 75.77159070968628}
2021-10-11 04:30:45,131 multi task weight : 0.7746666666666666
2021-10-11 04:32:00,496 {'epoch': 57, 'lr': 0.000820524874925601, 'train_loss': 0.0014083639451353813, 'mae': 0.24217126, 'elapsed_time': 75.61330556869507}
2021-10-11 04:32:00,714 multi task weight : 0.776
2021-10-11 04:33:16,328 {'epoch': 58, 'lr': 0.0008144951148861737, 'train_loss': 0.0014160381194334934, 'mae': 0.25700405, 'elapsed_time': 75.83170962333679}
2021-10-11 04:33:16,537 multi task weight : 0.7773333333333332
2021-10-11 04:34:32,310 {'epoch': 59, 'lr': 0.0008083889915582231, 'train_loss': 0.0018828141111127583, 'mae': 0.31269696, 'elapsed_time': 75.98093318939209}
2021-10-11 04:34:32,528 multi task weight : 0.7786666666666666
2021-10-11 04:35:48,157 {'epoch': 60, 'lr': 0.0008022080115363123, 'train_loss': 0.0017107151927657283, 'mae': 0.284115, 'elapsed_time': 75.84625911712646}
2021-10-11 04:35:48,370 multi task weight : 0.78
2021-10-11 04:37:03,945 {'epoch': 61, 'lr': 0.0007959536998847739, 'train_loss': 0.0014612764080602495, 'mae': 0.25960177, 'elapsed_time': 75.78825950622559}
2021-10-11 04:37:04,192 multi task weight : 0.7813333333333332
2021-10-11 04:38:19,662 {'epoch': 62, 'lr': 0.0007896275997614226, 'train_loss': 0.001533482903880027, 'mae': 0.25618252, 'elapsed_time': 75.71586036682129}
2021-10-11 04:38:19,873 multi task weight : 0.7826666666666666
2021-10-11 04:39:35,301 {'epoch': 63, 'lr': 0.0007832312720368044, 'train_loss': 0.0014698917953441916, 'mae': 0.32511687, 'elapsed_time': 75.63927555084229}
2021-10-11 04:39:35,519 multi task weight : 0.784
2021-10-11 04:40:50,977 {'epoch': 64, 'lr': 0.0007767662949090749, 'train_loss': 0.0013907062345245487, 'mae': 0.22083017, 'elapsed_time': 75.67479681968689}
2021-10-11 04:40:51,647 multi task weight : 0.7853333333333332
2021-10-11 04:42:06,991 {'epoch': 65, 'lr': 0.000770234263514603, 'train_loss': 0.0012806435023675778, 'mae': 0.23645769, 'elapsed_time': 75.54360008239746}
2021-10-11 04:42:07,215 multi task weight : 0.7866666666666666
2021-10-11 04:43:22,844 {'epoch': 66, 'lr': 0.0007636367895343944, 'train_loss': 0.0013466103494937567, 'mae': 0.21288435, 'elapsed_time': 75.85230994224548}
2021-10-11 04:43:23,554 multi task weight : 0.788
2021-10-11 04:44:39,545 {'epoch': 67, 'lr': 0.0007569755007964335, 'train_loss': 0.0013392924553930088, 'mae': 0.27837303, 'elapsed_time': 76.22165298461914}
2021-10-11 04:44:39,792 multi task weight : 0.7893333333333333
2021-10-11 04:45:55,718 {'epoch': 68, 'lr': 0.0007502520408740415, 'train_loss': 0.0012862276935158698, 'mae': 0.22456081, 'elapsed_time': 76.17298316955566}
2021-10-11 04:45:55,945 multi task weight : 0.7906666666666666
2021-10-11 04:47:11,935 {'epoch': 69, 'lr': 0.0007434680686803488, 'train_loss': 0.0014292693072948494, 'mae': 0.23483968, 'elapsed_time': 76.21612620353699}
2021-10-11 04:47:12,148 multi task weight : 0.792
2021-10-11 04:48:28,224 {'epoch': 70, 'lr': 0.0007366252580589837, 'train_loss': 0.0012051058188821402, 'mae': 0.22200258, 'elapsed_time': 76.28916263580322}
2021-10-11 04:48:28,459 multi task weight : 0.7933333333333333
2021-10-11 04:49:44,469 {'epoch': 71, 'lr': 0.0007297252973710754, 'train_loss': 0.0012098464919803472, 'mae': 0.21936294, 'elapsed_time': 76.24458932876587}
2021-10-11 04:49:44,693 multi task weight : 0.7946666666666666
2021-10-11 04:51:00,627 {'epoch': 72, 'lr': 0.0007227698890786777, 'train_loss': 0.0011423363806426802, 'mae': 0.27049345, 'elapsed_time': 76.15677380561829}
2021-10-11 04:51:00,860 multi task weight : 0.796
2021-10-11 04:52:16,934 {'epoch': 73, 'lr': 0.0007157607493247108, 'train_loss': 0.0013066376651395938, 'mae': 0.25661448, 'elapsed_time': 76.30678367614746}
2021-10-11 04:52:17,160 multi task weight : 0.7973333333333333
2021-10-11 04:53:33,260 {'epoch': 74, 'lr': 0.0007086996075095287, 'train_loss': 0.0011765915184541599, 'mae': 0.20872842, 'elapsed_time': 76.32559633255005}
2021-10-11 04:53:33,961 multi task weight : 0.7986666666666666
2021-10-11 04:54:49,825 {'epoch': 75, 'lr': 0.0007015882058642161, 'train_loss': 0.0016242851954350968, 'mae': 0.23586209, 'elapsed_time': 76.0817756652832}
2021-10-11 04:54:50,078 multi task weight : 0.8
2021-10-11 04:56:06,097 {'epoch': 76, 'lr': 0.0006944282990207193, 'train_loss': 0.00121620451146459, 'mae': 0.20721887, 'elapsed_time': 76.27166628837585}
2021-10-11 04:56:06,784 multi task weight : 0.8013333333333333
2021-10-11 04:57:22,727 {'epoch': 77, 'lr': 0.0006872216535789155, 'train_loss': 0.0011490032553297545, 'mae': 0.20705414, 'elapsed_time': 76.14959239959717}
2021-10-11 04:57:23,481 multi task weight : 0.8026666666666666
2021-10-11 04:58:39,447 {'epoch': 78, 'lr': 0.0006799700476707321, 'train_loss': 0.001116158052750618, 'mae': 0.19813174, 'elapsed_time': 76.24319052696228}
2021-10-11 04:58:40,146 multi task weight : 0.804
2021-10-11 04:59:56,224 {'epoch': 79, 'lr': 0.0006726752705214191, 'train_loss': 0.0010937031534993546, 'mae': 0.2063303, 'elapsed_time': 76.2964813709259}
2021-10-11 04:59:56,446 multi task weight : 0.8053333333333333
2021-10-11 05:01:12,532 {'epoch': 80, 'lr': 0.0006653391220080838, 'train_loss': 0.00109406225432656, 'mae': 0.19958326, 'elapsed_time': 76.30760717391968}
2021-10-11 05:01:12,756 multi task weight : 0.8066666666666666
2021-10-11 05:02:28,728 {'epoch': 81, 'lr': 0.0006579634122155988, 'train_loss': 0.0010306812527807363, 'mae': 0.19912188, 'elapsed_time': 76.19510173797607}
2021-10-11 05:02:28,947 multi task weight : 0.808
2021-10-11 05:03:44,974 {'epoch': 82, 'lr': 0.0006505499609899903, 'train_loss': 0.0013509427389220105, 'mae': 0.2300294, 'elapsed_time': 76.24558901786804}
2021-10-11 05:03:45,195 multi task weight : 0.8093333333333333
2021-10-11 05:05:01,316 {'epoch': 83, 'lr': 0.0006431005974894184, 'train_loss': 0.001161237687583472, 'mae': 0.19960493, 'elapsed_time': 76.34160494804382}
2021-10-11 05:05:01,520 multi task weight : 0.8106666666666666
2021-10-11 05:06:17,728 {'epoch': 84, 'lr': 0.0006356171597328593, 'train_loss': 0.001013513845548952, 'mae': 0.19205375, 'elapsed_time': 76.41165065765381}
2021-10-11 05:06:18,496 multi task weight : 0.812
2021-10-11 05:07:34,664 {'epoch': 85, 'lr': 0.0006281014941466028, 'train_loss': 0.0012189292846984466, 'mae': 0.20216496, 'elapsed_time': 76.42963218688965}
2021-10-11 05:07:34,875 multi task weight : 0.8133333333333334
2021-10-11 05:08:51,301 {'epoch': 86, 'lr': 0.000620555455108673, 'train_loss': 0.0010579263206356563, 'mae': 0.19931787, 'elapsed_time': 76.63699960708618}
2021-10-11 05:08:51,537 multi task weight : 0.8146666666666667
2021-10-11 05:10:07,781 {'epoch': 87, 'lr': 0.0006129809044912885, 'train_loss': 0.0011641665378485475, 'mae': 0.20310667, 'elapsed_time': 76.47918200492859}
2021-10-11 05:10:08,023 multi task weight : 0.8160000000000001
2021-10-11 05:11:24,313 {'epoch': 88, 'lr': 0.0006053797112014735, 'train_loss': 0.0009592773617449543, 'mae': 0.20112723, 'elapsed_time': 76.53141379356384}
2021-10-11 05:11:24,554 multi task weight : 0.8173333333333334
2021-10-11 05:12:40,913 {'epoch': 89, 'lr': 0.0005977537507199336, 'train_loss': 0.0010303337798460656, 'mae': 0.19774893, 'elapsed_time': 76.59957981109619}
2021-10-11 05:12:41,120 multi task weight : 0.8186666666666667
2021-10-11 05:13:57,491 {'epoch': 90, 'lr': 0.0005901049046383074, 'train_loss': 0.0010408940210918703, 'mae': 0.21460624, 'elapsed_time': 76.57823991775513}
2021-10-11 05:13:57,749 multi task weight : 0.8200000000000001
2021-10-11 05:15:14,173 {'epoch': 91, 'lr': 0.0005824350601949141, 'train_loss': 0.0009565064758852352, 'mae': 0.20403622, 'elapsed_time': 76.68144416809082}
2021-10-11 05:15:14,403 multi task weight : 0.8213333333333334
2021-10-11 05:16:30,510 {'epoch': 92, 'lr': 0.0005747461098091033, 'train_loss': 0.0011028114290299441, 'mae': 0.3386027, 'elapsed_time': 76.33584809303284}
2021-10-11 05:16:30,765 multi task weight : 0.8226666666666667
2021-10-11 05:17:46,661 {'epoch': 93, 'lr': 0.0005670399506143305, 'train_loss': 0.0011103057036530584, 'mae': 0.19487333, 'elapsed_time': 76.15087580680847}
2021-10-11 05:17:46,881 multi task weight : 0.8240000000000001
2021-10-11 05:19:03,025 {'epoch': 94, 'lr': 0.0005593184839900673, 'train_loss': 0.0010596882907403392, 'mae': 0.27634692, 'elapsed_time': 76.36416530609131}
2021-10-11 05:19:03,266 multi task weight : 0.8253333333333334
2021-10-11 05:20:19,185 {'epoch': 95, 'lr': 0.0005515836150926644, 'train_loss': 0.0009944266348958727, 'mae': 0.18256783, 'elapsed_time': 76.15879392623901}
2021-10-11 05:20:19,887 multi task weight : 0.8266666666666667
2021-10-11 05:21:35,921 {'epoch': 96, 'lr': 0.0005438372523852832, 'train_loss': 0.0008594786005206974, 'mae': 0.18208157, 'elapsed_time': 76.24739050865173}
2021-10-11 05:21:36,638 multi task weight : 0.8280000000000001
2021-10-11 05:22:52,709 {'epoch': 97, 'lr': 0.00053608130716701, 'train_loss': 0.0009904369557581253, 'mae': 0.20249327, 'elapsed_time': 76.28218030929565}
2021-10-11 05:22:52,926 multi task weight : 0.8293333333333333
2021-10-11 05:24:09,020 {'epoch': 98, 'lr': 0.0005283176931012729, 'train_loss': 0.0008695721667015528, 'mae': 0.18203007, 'elapsed_time': 76.31034135818481}
2021-10-11 05:24:09,760 multi task weight : 0.8306666666666667
2021-10-11 05:25:25,755 {'epoch': 99, 'lr': 0.0005205483257436734, 'train_loss': 0.0008145012194753641, 'mae': 0.1819762, 'elapsed_time': 76.22129344940186}
2021-10-11 05:25:26,460 multi task weight : 0.8320000000000001
2021-10-11 05:26:42,502 {'epoch': 100, 'lr': 0.0005127751220693511, 'train_loss': 0.000799538954756685, 'mae': 0.18282348, 'elapsed_time': 76.24755835533142}
2021-10-11 05:26:42,734 multi task weight : 0.8333333333333333
2021-10-11 05:27:58,668 {'epoch': 101, 'lr': 0.0005049999999999998, 'train_loss': 0.0008034811248401682, 'mae': 0.17892978, 'elapsed_time': 76.1659824848175}
2021-10-11 05:27:59,390 multi task weight : 0.8346666666666667
2021-10-11 05:29:15,405 {'epoch': 102, 'lr': 0.0004972248779306486, 'train_loss': 0.0009263747104494835, 'mae': 0.25374648, 'elapsed_time': 76.23154091835022}
2021-10-11 05:29:15,621 multi task weight : 0.8360000000000001
2021-10-11 05:30:31,543 {'epoch': 103, 'lr': 0.0004894516742563262, 'train_loss': 0.0009223163313052764, 'mae': 0.18285616, 'elapsed_time': 76.13751745223999}
2021-10-11 05:30:31,755 multi task weight : 0.8373333333333333
2021-10-11 05:31:47,913 {'epoch': 104, 'lr': 0.00048168230689872663, 'train_loss': 0.0008104378325436351, 'mae': 0.20010866, 'elapsed_time': 76.36965227127075}
2021-10-11 05:31:48,159 multi task weight : 0.8386666666666667
2021-10-11 05:33:04,538 {'epoch': 105, 'lr': 0.0004739186928329896, 'train_loss': 0.0008109961004990707, 'mae': 0.17927814, 'elapsed_time': 76.62473201751709}
2021-10-11 05:33:04,780 multi task weight : 0.8400000000000001
2021-10-11 05:34:21,015 {'epoch': 106, 'lr': 0.00046616274761471655, 'train_loss': 0.0007621739569476222, 'mae': 0.2053438, 'elapsed_time': 76.47682332992554}
2021-10-11 05:34:21,221 multi task weight : 0.8413333333333333
2021-10-11 05:35:37,539 {'epoch': 107, 'lr': 0.0004584163849073352, 'train_loss': 0.0008325015810041178, 'mae': 0.19242333, 'elapsed_time': 76.52375674247742}
2021-10-11 05:35:37,780 multi task weight : 0.8426666666666667
2021-10-11 05:36:54,141 {'epoch': 108, 'lr': 0.0004506815160099324, 'train_loss': 0.0009670017247635691, 'mae': 0.20108256, 'elapsed_time': 76.60141110420227}
2021-10-11 05:36:54,387 multi task weight : 0.8440000000000001
2021-10-11 05:38:10,677 {'epoch': 109, 'lr': 0.0004429600493856693, 'train_loss': 0.0007693334269683593, 'mae': 0.17260158, 'elapsed_time': 76.53563714027405}
2021-10-11 05:38:11,388 multi task weight : 0.8453333333333333
2021-10-11 05:39:27,682 {'epoch': 110, 'lr': 0.00043525389019089656, 'train_loss': 0.000712317829696132, 'mae': 0.17364025, 'elapsed_time': 76.5099732875824}
2021-10-11 05:39:27,910 multi task weight : 0.8466666666666667
2021-10-11 05:40:43,747 {'epoch': 111, 'lr': 0.0004275649398050856, 'train_loss': 0.0006983698959813519, 'mae': 0.16944323, 'elapsed_time': 76.06371331214905}
2021-10-11 05:40:44,468 multi task weight : 0.8480000000000001
2021-10-11 05:42:00,313 {'epoch': 112, 'lr': 0.0004198950953616921, 'train_loss': 0.0006952467417088939, 'mae': 0.17385854, 'elapsed_time': 76.0863025188446}
2021-10-11 05:42:00,534 multi task weight : 0.8493333333333333
2021-10-11 05:43:16,416 {'epoch': 113, 'lr': 0.0004122462492800662, 'train_loss': 0.0007006049975802204, 'mae': 0.17281349, 'elapsed_time': 76.10239315032959}
2021-10-11 05:43:16,668 multi task weight : 0.8506666666666667
2021-10-11 05:44:32,557 {'epoch': 114, 'lr': 0.0004046202887985263, 'train_loss': 0.0007325354687044998, 'mae': 0.17173232, 'elapsed_time': 76.14141464233398}
2021-10-11 05:44:32,801 multi task weight : 0.8520000000000001
2021-10-11 05:45:48,835 {'epoch': 115, 'lr': 0.0003970190955087115, 'train_loss': 0.000675695845357348, 'mae': 0.16938132, 'elapsed_time': 76.27690529823303}
2021-10-11 05:45:49,551 multi task weight : 0.8533333333333333
2021-10-11 05:47:05,641 {'epoch': 116, 'lr': 0.0003894445448913267, 'train_loss': 0.000667639534039123, 'mae': 0.16859706, 'elapsed_time': 76.3072988986969}
2021-10-11 05:47:06,355 multi task weight : 0.8546666666666667
2021-10-11 05:48:22,454 {'epoch': 117, 'lr': 0.00038189850585339675, 'train_loss': 0.0006597651994489059, 'mae': 0.17080538, 'elapsed_time': 76.30501961708069}
2021-10-11 05:48:22,712 multi task weight : 0.8560000000000001
2021-10-11 05:49:38,814 {'epoch': 118, 'lr': 0.0003743828402671403, 'train_loss': 0.0006583073704131318, 'mae': 0.17211373, 'elapsed_time': 76.35897564888}
2021-10-11 05:49:39,090 multi task weight : 0.8573333333333333
2021-10-11 05:50:55,092 {'epoch': 119, 'lr': 0.0003668994025105814, 'train_loss': 0.0006508770137729038, 'mae': 0.16698286, 'elapsed_time': 76.27770376205444}
2021-10-11 05:50:55,809 multi task weight : 0.8586666666666667
2021-10-11 05:52:11,930 {'epoch': 120, 'lr': 0.00035945003901000945, 'train_loss': 0.0006410824383051685, 'mae': 0.16765748, 'elapsed_time': 76.35206151008606}
2021-10-11 05:52:12,171 multi task weight : 0.8600000000000001
2021-10-11 05:53:28,102 {'epoch': 121, 'lr': 0.00035203658778440103, 'train_loss': 0.0006237092901285394, 'mae': 0.1658259, 'elapsed_time': 76.1708357334137}
2021-10-11 05:53:28,818 multi task weight : 0.8613333333333333
2021-10-11 05:54:44,704 {'epoch': 122, 'lr': 0.0003446608779919159, 'train_loss': 0.0006202243806052437, 'mae': 0.16556846, 'elapsed_time': 76.1319043636322}
2021-10-11 05:54:45,405 multi task weight : 0.8626666666666667
2021-10-11 05:56:00,435 {'epoch': 123, 'lr': 0.00033732472947858063, 'train_loss': 0.000625059581710417, 'mae': 0.16716617, 'elapsed_time': 75.26141333580017}
2021-10-11 05:56:00,670 multi task weight : 0.864
2021-10-11 05:57:15,784 {'epoch': 124, 'lr': 0.00033002995232926766, 'train_loss': 0.0006102027006156007, 'mae': 0.16790956, 'elapsed_time': 75.34923243522644}
2021-10-11 05:57:16,043 multi task weight : 0.8653333333333333
2021-10-11 05:58:30,966 {'epoch': 125, 'lr': 0.0003227783464210844, 'train_loss': 0.0005978344114481258, 'mae': 0.16682307, 'elapsed_time': 75.18123984336853}
2021-10-11 05:58:31,218 multi task weight : 0.8666666666666666
2021-10-11 05:59:46,384 {'epoch': 126, 'lr': 0.00031557170097928054, 'train_loss': 0.0005942358415650365, 'mae': 0.16421974, 'elapsed_time': 75.41772365570068}
2021-10-11 05:59:47,124 multi task weight : 0.868
2021-10-11 06:01:02,142 {'epoch': 127, 'lr': 0.0003084117941357834, 'train_loss': 0.0005892190719338108, 'mae': 0.16413632, 'elapsed_time': 75.2655508518219}
2021-10-11 06:01:02,891 multi task weight : 0.8693333333333333
2021-10-11 06:02:17,921 {'epoch': 128, 'lr': 0.00030130039249047106, 'train_loss': 0.0005934448872005963, 'mae': 0.16178896, 'elapsed_time': 75.2759690284729}
2021-10-11 06:02:18,616 multi task weight : 0.8706666666666667
2021-10-11 06:03:33,553 {'epoch': 129, 'lr': 0.00029423925067528897, 'train_loss': 0.0005640473332184486, 'mae': 0.16272153, 'elapsed_time': 75.14488458633423}
2021-10-11 06:03:33,779 multi task weight : 0.872
2021-10-11 06:04:48,842 {'epoch': 130, 'lr': 0.0002872301109213219, 'train_loss': 0.0005647613907651328, 'mae': 0.16533616, 'elapsed_time': 75.28835320472717}
2021-10-11 06:04:49,092 multi task weight : 0.8733333333333333
2021-10-11 06:06:04,224 {'epoch': 131, 'lr': 0.0002802747026289243, 'train_loss': 0.0005478557875667526, 'mae': 0.1651673, 'elapsed_time': 75.38178706169128}
2021-10-11 06:06:04,443 multi task weight : 0.8746666666666667
2021-10-11 06:07:19,506 {'epoch': 132, 'lr': 0.00027337474194101617, 'train_loss': 0.0005478745669551129, 'mae': 0.16352078, 'elapsed_time': 75.28110766410828}
2021-10-11 06:07:19,723 multi task weight : 0.876
2021-10-11 06:08:35,269 {'epoch': 133, 'lr': 0.00026653193131965077, 'train_loss': 0.000541388759027853, 'mae': 0.16255155, 'elapsed_time': 75.76264357566833}
2021-10-11 06:08:35,492 multi task weight : 0.8773333333333333
2021-10-11 06:09:51,026 {'epoch': 134, 'lr': 0.00025974795912595813, 'train_loss': 0.0005301451496903354, 'mae': 0.1621533, 'elapsed_time': 75.75610780715942}
2021-10-11 06:09:51,267 multi task weight : 0.8786666666666667
2021-10-11 06:11:06,229 {'epoch': 135, 'lr': 0.0002530244992035661, 'train_loss': 0.0005235727586350826, 'mae': 0.16596921, 'elapsed_time': 75.20246911048889}
2021-10-11 06:11:06,489 multi task weight : 0.88
2021-10-11 06:12:21,213 {'epoch': 136, 'lr': 0.00024636321046560527, 'train_loss': 0.0005183586987776026, 'mae': 0.16181765, 'elapsed_time': 74.98379063606262}
2021-10-11 06:12:21,431 multi task weight : 0.8813333333333333
2021-10-11 06:13:36,140 {'epoch': 137, 'lr': 0.00023976573648539645, 'train_loss': 0.0005097623615765745, 'mae': 0.16127722, 'elapsed_time': 74.92647194862366}
2021-10-11 06:13:36,848 multi task weight : 0.8826666666666667
2021-10-11 06:14:51,755 {'epoch': 138, 'lr': 0.00023323370509092462, 'train_loss': 0.0005037362345989924, 'mae': 0.16043423, 'elapsed_time': 75.13397932052612}
2021-10-11 06:14:52,456 multi task weight : 0.884
2021-10-11 06:16:07,757 {'epoch': 139, 'lr': 0.00022676872796319523, 'train_loss': 0.0004972504062431194, 'mae': 0.15985894, 'elapsed_time': 75.51152086257935}
2021-10-11 06:16:08,496 multi task weight : 0.8853333333333333
2021-10-11 06:17:24,018 {'epoch': 140, 'lr': 0.00022037240023857702, 'train_loss': 0.0004912155923526796, 'mae': 0.15950039, 'elapsed_time': 75.76051378250122}
2021-10-11 06:17:24,745 multi task weight : 0.8866666666666667
2021-10-11 06:18:40,255 {'epoch': 141, 'lr': 0.00021404630011522577, 'train_loss': 0.0004833503581850121, 'mae': 0.15936786, 'elapsed_time': 75.75030636787415}
2021-10-11 06:18:40,987 multi task weight : 0.888
2021-10-11 06:19:56,477 {'epoch': 142, 'lr': 0.00020779198846368737, 'train_loss': 0.000476940709547028, 'mae': 0.16062504, 'elapsed_time': 75.7303626537323}
2021-10-11 06:19:56,706 multi task weight : 0.8893333333333333
2021-10-11 06:21:12,308 {'epoch': 143, 'lr': 0.0002016110084417765, 'train_loss': 0.00046957506254473373, 'mae': 0.1594636, 'elapsed_time': 75.83038377761841}
2021-10-11 06:21:12,537 multi task weight : 0.8906666666666667
2021-10-11 06:22:27,638 {'epoch': 144, 'lr': 0.00019550488511382584, 'train_loss': 0.00045964742626197454, 'mae': 0.16075042, 'elapsed_time': 75.32953786849976}
2021-10-11 06:22:27,884 multi task weight : 0.892
2021-10-11 06:23:43,046 {'epoch': 145, 'lr': 0.00018947512507439847, 'train_loss': 0.000455335115383128, 'mae': 0.15902619, 'elapsed_time': 75.40690279006958}
2021-10-11 06:23:43,782 multi task weight : 0.8933333333333333
2021-10-11 06:24:58,767 {'epoch': 146, 'lr': 0.00018352321607655904, 'train_loss': 0.0004512165687272215, 'mae': 0.16057493, 'elapsed_time': 75.23471283912659}
2021-10-11 06:24:59,039 multi task weight : 0.8946666666666667
2021-10-11 06:26:14,117 {'epoch': 147, 'lr': 0.0001776506266647923, 'train_loss': 0.00044328470673039307, 'mae': 0.15756567, 'elapsed_time': 75.3496606349945}
2021-10-11 06:26:14,844 multi task weight : 0.896
2021-10-11 06:27:29,795 {'epoch': 148, 'lr': 0.00017185880581266206, 'train_loss': 0.00043566808236591303, 'mae': 0.15970719, 'elapsed_time': 75.19443440437317}
2021-10-11 06:27:30,019 multi task weight : 0.8973333333333333
2021-10-11 06:28:44,998 {'epoch': 149, 'lr': 0.000166149182565299, 'train_loss': 0.00043098681573641864, 'mae': 0.15762, 'elapsed_time': 75.2024621963501}
2021-10-11 06:28:45,203 multi task weight : 0.8986666666666667
2021-10-11 06:29:59,983 {'epoch': 150, 'lr': 0.00016052316568680435, 'train_loss': 0.0004261181800890988, 'mae': 0.15930428, 'elapsed_time': 74.98521089553833}
2021-10-11 06:30:00,201 multi task weight : 0.9
2021-10-11 06:31:15,193 {'epoch': 151, 'lr': 0.00015498214331265893, 'train_loss': 0.0004200245069822505, 'mae': 0.15718889, 'elapsed_time': 75.20923686027527}
2021-10-11 06:31:15,872 multi task weight : 0.9
2021-10-11 06:32:30,864 {'epoch': 152, 'lr': 0.0001495274826072215, 'train_loss': 0.00041408108132585855, 'mae': 0.15891781, 'elapsed_time': 75.19836139678955}
2021-10-11 06:32:31,103 multi task weight : 0.9
2021-10-11 06:33:46,101 {'epoch': 153, 'lr': 0.00014416052942640132, 'train_loss': 0.0004084829879817266, 'mae': 0.15759417, 'elapsed_time': 75.23675179481506}
2021-10-11 06:33:46,334 multi task weight : 0.9
2021-10-11 06:35:01,531 {'epoch': 154, 'lr': 0.0001388826079855881, 'train_loss': 0.00040419141658889764, 'mae': 0.15761103, 'elapsed_time': 75.42919731140137}
2021-10-11 06:35:01,748 multi task weight : 0.9
2021-10-11 06:36:17,222 {'epoch': 155, 'lr': 0.00013369502053292245, 'train_loss': 0.0003979599958741167, 'mae': 0.1566097, 'elapsed_time': 75.69039058685303}
2021-10-11 06:36:17,934 multi task weight : 0.9
2021-10-11 06:37:33,202 {'epoch': 156, 'lr': 0.00012859904702798464, 'train_loss': 0.00039106889055749293, 'mae': 0.15738821, 'elapsed_time': 75.49058508872986}
2021-10-11 06:37:33,490 multi task weight : 0.9
2021-10-11 06:38:48,892 {'epoch': 157, 'lr': 0.00012359594482598432, 'train_loss': 0.0003867232034598817, 'mae': 0.1565785, 'elapsed_time': 75.68906855583191}
2021-10-11 06:38:49,628 multi task weight : 0.9
2021-10-11 06:40:05,076 {'epoch': 158, 'lr': 0.00011868694836752681, 'train_loss': 0.00038244429694314603, 'mae': 0.15641177, 'elapsed_time': 75.69357180595398}
2021-10-11 06:40:05,817 multi task weight : 0.9
2021-10-11 06:41:21,213 {'epoch': 159, 'lr': 0.0001138732688740332, 'train_loss': 0.0003780505541561454, 'mae': 0.15591586, 'elapsed_time': 75.65407204627991}
2021-10-11 06:41:21,937 multi task weight : 0.9
2021-10-11 06:42:37,361 {'epoch': 160, 'lr': 0.00010915609404889012, 'train_loss': 0.0003741410326378048, 'mae': 0.15718694, 'elapsed_time': 75.65499114990234}
2021-10-11 06:42:37,609 multi task weight : 0.9
2021-10-11 06:43:53,198 {'epoch': 161, 'lr': 0.00010453658778440103, 'train_loss': 0.00036782362295291216, 'mae': 0.1561698, 'elapsed_time': 75.83629322052002}
2021-10-11 06:43:53,416 multi task weight : 0.9
2021-10-11 06:45:08,503 {'epoch': 162, 'lr': 0.00010001588987461343, 'train_loss': 0.0003627039998216768, 'mae': 0.1566217, 'elapsed_time': 75.30432415008545}
2021-10-11 06:45:08,721 multi task weight : 0.9
2021-10-11 06:46:23,698 {'epoch': 163, 'lr': 9.559511573409192e-05, 'train_loss': 0.00035971626608507216, 'mae': 0.15619607, 'elapsed_time': 75.1948881149292}
2021-10-11 06:46:23,921 multi task weight : 0.9
2021-10-11 06:47:39,095 {'epoch': 164, 'lr': 9.12753561227063e-05, 'train_loss': 0.0003548974619352557, 'mae': 0.15690646, 'elapsed_time': 75.3968870639801}
2021-10-11 06:47:39,324 multi task weight : 0.9
2021-10-11 06:48:54,375 {'epoch': 165, 'lr': 8.705767687650262e-05, 'train_loss': 0.00035115360017591867, 'mae': 0.15570624, 'elapsed_time': 75.27964210510254}
2021-10-11 06:48:55,089 multi task weight : 0.9
2021-10-11 06:50:10,150 {'epoch': 166, 'lr': 8.294311864472445e-05, 'train_loss': 0.00034732043383935575, 'mae': 0.15605883, 'elapsed_time': 75.27882480621338}
2021-10-11 06:50:10,430 multi task weight : 0.9
2021-10-11 06:51:25,444 {'epoch': 167, 'lr': 7.89326966330478e-05, 'train_loss': 0.00034228054420236246, 'mae': 0.1560936, 'elapsed_time': 75.29348683357239}
2021-10-11 06:51:25,686 multi task weight : 0.9
2021-10-11 06:52:40,815 {'epoch': 168, 'lr': 7.502740035309526e-05, 'train_loss': 0.0003385889259981074, 'mae': 0.15565364, 'elapsed_time': 75.37050127983093}
2021-10-11 06:52:41,530 multi task weight : 0.9
2021-10-11 06:53:56,541 {'epoch': 169, 'lr': 7.12281933782875e-05, 'train_loss': 0.00033509289411330477, 'mae': 0.15588336, 'elapsed_time': 75.23263049125671}
2021-10-11 06:53:56,763 multi task weight : 0.9
2021-10-11 06:55:11,856 {'epoch': 170, 'lr': 6.75360131060967e-05, 'train_loss': 0.00033202129740186523, 'mae': 0.15555467, 'elapsed_time': 75.31450271606445}
2021-10-11 06:55:12,562 multi task weight : 0.9
2021-10-11 06:56:27,415 {'epoch': 171, 'lr': 6.395177052675792e-05, 'train_loss': 0.0003286901287453075, 'mae': 0.15573865, 'elapsed_time': 75.07161355018616}
2021-10-11 06:56:27,650 multi task weight : 0.9
2021-10-11 06:57:42,782 {'epoch': 172, 'lr': 6.047634999849528e-05, 'train_loss': 0.0003249393602014773, 'mae': 0.15581547, 'elapsed_time': 75.36615920066833}
2021-10-11 06:57:43,026 multi task weight : 0.9
2021-10-11 06:58:58,062 {'epoch': 173, 'lr': 5.711060902932039e-05, 'train_loss': 0.0003218981531813415, 'mae': 0.15547939, 'elapsed_time': 75.27963280677795}
2021-10-11 06:58:58,766 multi task weight : 0.9
2021-10-11 07:00:13,970 {'epoch': 174, 'lr': 5.385537806545467e-05, 'train_loss': 0.00031869151012946077, 'mae': 0.15541045, 'elapsed_time': 75.41648960113525}
2021-10-11 07:00:14,689 multi task weight : 0.9
2021-10-11 07:01:29,756 {'epoch': 175, 'lr': 5.0711460286429424e-05, 'train_loss': 0.0003169263432245526, 'mae': 0.15542035, 'elapsed_time': 75.30775451660156}
2021-10-11 07:01:29,994 multi task weight : 0.9
2021-10-11 07:02:45,173 {'epoch': 176, 'lr': 4.767963140691315e-05, 'train_loss': 0.00031328236966870967, 'mae': 0.1555869, 'elapsed_time': 75.41585659980774}
2021-10-11 07:02:45,380 multi task weight : 0.9
2021-10-11 07:04:00,505 {'epoch': 177, 'lr': 4.4760639485315563e-05, 'train_loss': 0.0003106358765968232, 'mae': 0.15516791, 'elapsed_time': 75.3320426940918}
2021-10-11 07:04:01,241 multi task weight : 0.9
2021-10-11 07:05:16,198 {'epoch': 178, 'lr': 4.195520473921563e-05, 'train_loss': 0.0003085961534516396, 'mae': 0.15520072, 'elapsed_time': 75.20585465431213}
2021-10-11 07:05:16,457 multi task weight : 0.9
2021-10-11 07:06:31,357 {'epoch': 179, 'lr': 3.9264019367658385e-05, 'train_loss': 0.00030647796030033495, 'mae': 0.15508337, 'elapsed_time': 75.15784335136414}
2021-10-11 07:06:32,072 multi task weight : 0.9
2021-10-11 07:07:46,989 {'epoch': 180, 'lr': 3.6687747380365064e-05, 'train_loss': 0.0003040407986717757, 'mae': 0.15524362, 'elapsed_time': 75.1538553237915}
2021-10-11 07:07:47,233 multi task weight : 0.9
2021-10-11 07:09:02,364 {'epoch': 181, 'lr': 3.422702443389899e-05, 'train_loss': 0.0003017926130090785, 'mae': 0.1552056, 'elapsed_time': 75.37473893165588}
2021-10-11 07:09:02,599 multi task weight : 0.9
2021-10-11 07:10:17,837 {'epoch': 182, 'lr': 3.188245767482658e-05, 'train_loss': 0.00030003356246797357, 'mae': 0.15493429, 'elapsed_time': 75.4723551273346}
2021-10-11 07:10:18,585 multi task weight : 0.9
2021-10-11 07:11:33,564 {'epoch': 183, 'lr': 2.965462558991323e-05, 'train_loss': 0.00029768043285947985, 'mae': 0.15504518, 'elapsed_time': 75.23170471191406}
2021-10-11 07:11:33,767 multi task weight : 0.9
2021-10-11 07:12:49,017 {'epoch': 184, 'lr': 2.7544077863390004e-05, 'train_loss': 0.00029611195353673855, 'mae': 0.15520144, 'elapsed_time': 75.4527337551117}
2021-10-11 07:12:49,242 multi task weight : 0.9
2021-10-11 07:14:05,241 {'epoch': 185, 'lr': 2.5551335241327672e-05, 'train_loss': 0.00029431280094915425, 'mae': 0.15516865, 'elapsed_time': 76.22368097305298}
2021-10-11 07:14:05,490 multi task weight : 0.9
2021-10-11 07:15:21,687 {'epoch': 186, 'lr': 2.367688940315011e-05, 'train_loss': 0.00029309534472694176, 'mae': 0.1551089, 'elapsed_time': 76.44541478157043}
2021-10-11 07:15:21,934 multi task weight : 0.9
2021-10-11 07:16:38,050 {'epoch': 187, 'lr': 2.1921202840320077e-05, 'train_loss': 0.00029139030139061335, 'mae': 0.1550476, 'elapsed_time': 76.36180567741394}
2021-10-11 07:16:38,271 multi task weight : 0.9
2021-10-11 07:17:54,317 {'epoch': 188, 'lr': 2.0284708742225903e-05, 'train_loss': 0.00029045233365353207, 'mae': 0.15493016, 'elapsed_time': 76.26643371582031}
2021-10-11 07:17:55,036 multi task weight : 0.9
2021-10-11 07:19:11,059 {'epoch': 189, 'lr': 1.8767810889299086e-05, 'train_loss': 0.0002888591983833895, 'mae': 0.15494898, 'elapsed_time': 76.25140643119812}
2021-10-11 07:19:11,281 multi task weight : 0.9
2021-10-11 07:20:27,197 {'epoch': 190, 'lr': 1.7370883553386936e-05, 'train_loss': 0.0002880138107448955, 'mae': 0.15508838, 'elapsed_time': 76.13730716705322}
2021-10-11 07:20:27,440 multi task weight : 0.9
2021-10-11 07:21:43,475 {'epoch': 191, 'lr': 1.6094271405406862e-05, 'train_loss': 0.0002868445037454959, 'mae': 0.15495248, 'elapsed_time': 76.27721667289734}
2021-10-11 07:21:43,695 multi task weight : 0.9
2021-10-11 07:22:59,707 {'epoch': 192, 'lr': 1.4938289430304022e-05, 'train_loss': 0.0002856729142034563, 'mae': 0.15502818, 'elapsed_time': 76.23143911361694}
2021-10-11 07:22:59,926 multi task weight : 0.9
2021-10-11 07:24:15,978 {'epoch': 193, 'lr': 1.3903222849333509e-05, 'train_loss': 0.0002848665411426699, 'mae': 0.15493627, 'elapsed_time': 76.27136373519897}
2021-10-11 07:24:16,214 multi task weight : 0.9
2021-10-11 07:25:32,294 {'epoch': 194, 'lr': 1.2989327049686102e-05, 'train_loss': 0.0002840083315252586, 'mae': 0.15495202, 'elapsed_time': 76.31501531600952}
2021-10-11 07:25:32,534 multi task weight : 0.9
2021-10-11 07:26:48,453 {'epoch': 195, 'lr': 1.2196827521475404e-05, 'train_loss': 0.00028348780277872063, 'mae': 0.15500377, 'elapsed_time': 76.15874361991882}
2021-10-11 07:26:48,666 multi task weight : 0.9
2021-10-11 07:28:04,674 {'epoch': 196, 'lr': 1.152591980210166e-05, 'train_loss': 0.0002827278055396299, 'mae': 0.15510474, 'elapsed_time': 76.2207989692688}
2021-10-11 07:28:04,927 multi task weight : 0.9
2021-10-11 07:29:20,887 {'epoch': 197, 'lr': 1.097676942800558e-05, 'train_loss': 0.00028212678287304184, 'mae': 0.15495764, 'elapsed_time': 76.2128038406372}
2021-10-11 07:29:21,127 multi task weight : 0.9
2021-10-11 07:30:36,976 {'epoch': 198, 'lr': 1.0549511893824899e-05, 'train_loss': 0.00028158553482222784, 'mae': 0.15502213, 'elapsed_time': 76.08780646324158}
2021-10-11 07:30:37,193 multi task weight : 0.9
2021-10-11 07:31:53,070 {'epoch': 199, 'lr': 1.0244252618962858e-05, 'train_loss': 0.0002810173352589032, 'mae': 0.15505674, 'elapsed_time': 76.09415459632874}
2021-10-11 07:31:53,306 multi task weight : 0.9
2021-10-11 07:33:08,713 {'epoch': 200, 'lr': 1.006106692157801e-05, 'train_loss': 0.00028062799952879814, 'mae': 0.1550038, 'elapsed_time': 75.64177393913269}
2021-10-11 07:33:49,669 Total CV: 0.15493015944957733
