2021-10-12 05:06:16,990 Fold 0
2021-10-12 05:06:20,614 train run device : cuda:0
2021-10-12 05:06:43,621 multi task weight : 1.0
2021-10-12 05:07:08,382 {'epoch': 1, 'lr': 0.005, 'train_loss': 0.010271694432670031, 'mae': 8.712634776182753, 'elapsed_time': 25.114349603652954}
2021-10-12 05:07:08,844 multi task weight : 1.0
2021-10-12 05:07:33,789 {'epoch': 2, 'lr': 0.0049987688681125, 'train_loss': 0.009189443038424725, 'mae': 2.1630806021072337, 'elapsed_time': 25.275877237319946}
2021-10-12 05:07:34,259 multi task weight : 1.0
2021-10-12 05:07:59,132 {'epoch': 3, 'lr': 0.004995076687428537, 'train_loss': 0.007599611500385505, 'mae': 1.4725720073425503, 'elapsed_time': 25.211212873458862}
2021-10-12 05:07:59,598 multi task weight : 1.0
2021-10-12 05:08:24,567 {'epoch': 4, 'lr': 0.004988927101684684, 'train_loss': 0.007016382997916027, 'mae': 1.129723495573077, 'elapsed_time': 25.305882215499878}
2021-10-12 05:08:25,040 multi task weight : 1.0
2021-10-12 05:08:50,100 {'epoch': 5, 'lr': 0.004980326179779622, 'train_loss': 0.006717364945263165, 'mae': 1.1062974316805816, 'elapsed_time': 25.40296459197998}
2021-10-12 05:08:50,636 multi task weight : 1.0
2021-10-12 05:09:15,583 {'epoch': 6, 'lr': 0.004969282409784868, 'train_loss': 0.006555656726349261, 'mae': 0.8465581223412637, 'elapsed_time': 25.343093633651733}
2021-10-12 05:09:16,082 multi task weight : 1.0
2021-10-12 05:09:41,068 {'epoch': 7, 'lr': 0.004955806690568078, 'train_loss': 0.006327349117372588, 'mae': 0.7883186044568846, 'elapsed_time': 25.348288774490356}
2021-10-12 05:09:41,560 multi task weight : 1.0
2021-10-12 05:10:06,534 {'epoch': 8, 'lr': 0.004939912321037174, 'train_loss': 0.006243251415180639, 'mae': 0.7420553171152611, 'elapsed_time': 25.324350357055664}
2021-10-12 05:10:07,026 multi task weight : 1.0
2021-10-12 05:10:32,105 {'epoch': 9, 'lr': 0.004921614987015933, 'train_loss': 0.006097218265906322, 'mae': 0.6808261906177324, 'elapsed_time': 25.436232805252075}
2021-10-12 05:10:32,575 multi task weight : 1.0
2021-10-12 05:10:57,738 {'epoch': 10, 'lr': 0.004900932745763972, 'train_loss': 0.005990914495833431, 'mae': 0.6405278224496034, 'elapsed_time': 25.495307207107544}
2021-10-12 05:10:58,228 multi task weight : 1.0
2021-10-12 05:11:23,351 {'epoch': 11, 'lr': 0.004877886008156407, 'train_loss': 0.0058682741512124156, 'mae': 0.5908914101926919, 'elapsed_time': 25.47660183906555}
2021-10-12 05:11:23,843 multi task weight : 1.0
2021-10-12 05:11:48,944 {'epoch': 12, 'lr': 0.004852497518540791, 'train_loss': 0.005862652149478516, 'mae': 0.6301251980992936, 'elapsed_time': 25.449238777160645}
2021-10-12 05:11:49,306 multi task weight : 1.0
2021-10-12 05:12:14,270 {'epoch': 13, 'lr': 0.0048247923322911855, 'train_loss': 0.0057632821336181216, 'mae': 0.6199167338394624, 'elapsed_time': 25.325842142105103}
2021-10-12 05:12:14,612 multi task weight : 1.0
2021-10-12 05:12:39,594 {'epoch': 14, 'lr': 0.004794797791081531, 'train_loss': 0.005643773959755819, 'mae': 0.5464770335062596, 'elapsed_time': 25.323495626449585}
2021-10-12 05:12:40,066 multi task weight : 1.0
2021-10-12 05:13:05,098 {'epoch': 15, 'lr': 0.0047625434959027175, 'train_loss': 0.005557679395315425, 'mae': 0.5181690170476236, 'elapsed_time': 25.367787837982178}
2021-10-12 05:13:05,568 multi task weight : 1.0
2021-10-12 05:13:30,725 {'epoch': 16, 'lr': 0.004728061277849977, 'train_loss': 0.0054984348945225844, 'mae': 0.5126795107226209, 'elapsed_time': 25.492498636245728}
2021-10-12 05:13:31,209 multi task weight : 1.0
2021-10-12 05:13:56,327 {'epoch': 17, 'lr': 0.004691385166709439, 'train_loss': 0.005516224755918529, 'mae': 0.5095301322390235, 'elapsed_time': 25.46233367919922}
2021-10-12 05:13:56,794 multi task weight : 1.0
2021-10-12 05:14:21,774 {'epoch': 18, 'lr': 0.004652551357374839, 'train_loss': 0.005389201238188544, 'mae': 0.506628482729092, 'elapsed_time': 25.313145399093628}
2021-10-12 05:14:22,245 multi task weight : 1.0
2021-10-12 05:14:47,232 {'epoch': 19, 'lr': 0.004611598174127528, 'train_loss': 0.00533828638577951, 'mae': 0.4462611826848073, 'elapsed_time': 25.32507085800171}
2021-10-12 05:14:47,696 multi task weight : 1.0
2021-10-12 05:15:12,661 {'epoch': 20, 'lr': 0.004568566032815032, 'train_loss': 0.005313443146137468, 'mae': 0.46723459444758864, 'elapsed_time': 25.299065113067627}
2021-10-12 05:15:13,001 multi task weight : 1.0
2021-10-12 05:15:38,044 {'epoch': 21, 'lr': 0.004523497400965495, 'train_loss': 0.005471121455123679, 'mae': 0.4681805585830031, 'elapsed_time': 25.382622480392456}
2021-10-12 05:15:38,380 multi task weight : 1.0
2021-10-12 05:16:03,375 {'epoch': 22, 'lr': 0.004476436755877348, 'train_loss': 0.005306020527189342, 'mae': 0.44763622303154416, 'elapsed_time': 25.330501794815063}
2021-10-12 05:16:03,710 multi task weight : 1.0
2021-10-12 05:16:28,819 {'epoch': 23, 'lr': 0.004427430540725595, 'train_loss': 0.005226566461319162, 'mae': 0.4123855392314165, 'elapsed_time': 25.443676948547363}
2021-10-12 05:16:29,327 multi task weight : 1.0
2021-10-12 05:16:54,331 {'epoch': 24, 'lr': 0.004376527118727998, 'train_loss': 0.005206417614770615, 'mae': 0.4006488805862078, 'elapsed_time': 25.371095895767212}
2021-10-12 05:16:54,792 multi task weight : 1.0
2021-10-12 05:17:19,830 {'epoch': 25, 'lr': 0.004323776725416423, 'train_loss': 0.005147140151700727, 'mae': 0.4034216489013279, 'elapsed_time': 25.37049412727356}
2021-10-12 05:17:20,184 multi task weight : 1.0
2021-10-12 05:17:45,215 {'epoch': 26, 'lr': 0.004269231419060437, 'train_loss': 0.00511452272840491, 'mae': 0.3777672974635825, 'elapsed_time': 25.3851957321167}
2021-10-12 05:17:45,719 multi task weight : 1.0
2021-10-12 05:18:10,883 {'epoch': 27, 'lr': 0.004212945029292079, 'train_loss': 0.005062505304615888, 'mae': 0.3896440805498144, 'elapsed_time': 25.531369924545288}
2021-10-12 05:18:11,244 multi task weight : 1.0
2021-10-12 05:18:36,435 {'epoch': 28, 'lr': 0.004154973103982512, 'train_loss': 0.005035776338330794, 'mae': 0.37279864128011114, 'elapsed_time': 25.551580667495728}
2021-10-12 05:18:36,894 multi task weight : 1.0
2021-10-12 05:19:01,917 {'epoch': 29, 'lr': 0.004095372854422982, 'train_loss': 0.005060346072047178, 'mae': 0.3923878504528108, 'elapsed_time': 25.34371781349182}
2021-10-12 05:19:02,269 multi task weight : 1.0
2021-10-12 05:19:27,337 {'epoch': 30, 'lr': 0.004034203098864177, 'train_loss': 0.005007166251036566, 'mae': 0.375795291624797, 'elapsed_time': 25.41972589492798}
2021-10-12 05:19:27,663 multi task weight : 1.0
2021-10-12 05:19:52,836 {'epoch': 31, 'lr': 0.003971524204469722, 'train_loss': 0.005038873698238982, 'mae': 0.3647426200789134, 'elapsed_time': 25.498606204986572}
2021-10-12 05:19:53,315 multi task weight : 1.0
2021-10-12 05:20:18,386 {'epoch': 32, 'lr': 0.0039073980277410676, 'train_loss': 0.004951934738614213, 'mae': 0.35043852028344397, 'elapsed_time': 25.414127349853516}
2021-10-12 05:20:18,902 multi task weight : 1.0
2021-10-12 05:20:43,931 {'epoch': 33, 'lr': 0.0038418878534725977, 'train_loss': 0.004922738108435872, 'mae': 0.3463110037456736, 'elapsed_time': 25.406068563461304}
2021-10-12 05:20:44,402 multi task weight : 1.0
2021-10-12 05:21:09,385 {'epoch': 34, 'lr': 0.0037750583322971776, 'train_loss': 0.004887320439968779, 'mae': 0.3387230391932712, 'elapsed_time': 25.320267915725708}
2021-10-12 05:21:09,871 multi task weight : 1.0
2021-10-12 05:21:35,047 {'epoch': 35, 'lr': 0.0037069754168837805, 'train_loss': 0.004879256725469277, 'mae': 0.33258407733458895, 'elapsed_time': 25.51786231994629}
2021-10-12 05:21:35,535 multi task weight : 1.0
2021-10-12 05:22:00,628 {'epoch': 36, 'lr': 0.00363770629685017, 'train_loss': 0.004832009517885818, 'mae': 0.3708000756869116, 'elapsed_time': 25.445556163787842}
2021-10-12 05:22:00,991 multi task weight : 1.0
2021-10-12 05:22:26,064 {'epoch': 37, 'lr': 0.0035673193324548573, 'train_loss': 0.0048287680403454715, 'mae': 0.3170528863126765, 'elapsed_time': 25.43589448928833}
2021-10-12 05:22:26,555 multi task weight : 1.0
2021-10-12 05:22:51,701 {'epoch': 38, 'lr': 0.0034958839871337783, 'train_loss': 0.004874686945187801, 'mae': 0.5062497162950972, 'elapsed_time': 25.501574993133545}
2021-10-12 05:22:52,078 multi task weight : 1.0
2021-10-12 05:23:17,245 {'epoch': 39, 'lr': 0.003423470758948273, 'train_loss': 0.0049262041363043055, 'mae': 0.33707163414039015, 'elapsed_time': 25.544109582901}
2021-10-12 05:23:17,628 multi task weight : 1.0
2021-10-12 05:23:42,638 {'epoch': 40, 'lr': 0.003350151111012003, 'train_loss': 0.004834660297201673, 'mae': 0.32034789308065337, 'elapsed_time': 25.39250373840332}
2021-10-12 05:23:43,031 multi task weight : 1.0
2021-10-12 05:24:08,096 {'epoch': 41, 'lr': 0.0032759974009654944, 'train_loss': 0.004761961187409438, 'mae': 0.30684056946490257, 'elapsed_time': 25.456871509552002}
2021-10-12 05:24:08,583 multi task weight : 1.0
2021-10-12 05:24:33,748 {'epoch': 42, 'lr': 0.0032010828095678776, 'train_loss': 0.00471036590986334, 'mae': 0.3069018034050595, 'elapsed_time': 25.509156227111816}
2021-10-12 05:24:34,104 multi task weight : 1.0
2021-10-12 05:24:59,251 {'epoch': 43, 'lr': 0.0031254812684763126, 'train_loss': 0.004721325268565305, 'mae': 0.30135657713403163, 'elapsed_time': 25.501868963241577}
2021-10-12 05:24:59,762 multi task weight : 1.0
2021-10-12 05:25:24,857 {'epoch': 44, 'lr': 0.0030492673872843743, 'train_loss': 0.004688115954162113, 'mae': 0.3094293337431572, 'elapsed_time': 25.475706338882446}
2021-10-12 05:25:25,208 multi task weight : 1.0
2021-10-12 05:25:50,257 {'epoch': 45, 'lr': 0.0029725163798913837, 'train_loss': 0.00467223927546527, 'mae': 0.2973591825328324, 'elapsed_time': 25.399502515792847}
2021-10-12 05:25:50,756 multi task weight : 1.0
2021-10-12 05:26:15,804 {'epoch': 46, 'lr': 0.0028953039902753766, 'train_loss': 0.004639919444849508, 'mae': 0.2923009049345503, 'elapsed_time': 25.408434629440308}
2021-10-12 05:26:16,281 multi task weight : 1.0
2021-10-12 05:26:41,324 {'epoch': 47, 'lr': 0.00281770641774294, 'train_loss': 0.00459473571135873, 'mae': 0.28692865296321945, 'elapsed_time': 25.391836881637573}
2021-10-12 05:26:41,794 multi task weight : 1.0
2021-10-12 05:27:06,854 {'epoch': 48, 'lr': 0.0027398002417296937, 'train_loss': 0.004570090675922796, 'mae': 0.29808230126121577, 'elapsed_time': 25.40022301673889}
2021-10-12 05:27:07,209 multi task weight : 1.0
2021-10-12 05:27:32,297 {'epoch': 49, 'lr': 0.0026616623462256375, 'train_loss': 0.004580404139892244, 'mae': 0.29351479550359033, 'elapsed_time': 25.442421436309814}
2021-10-12 05:27:32,674 multi task weight : 1.0
2021-10-12 05:27:57,731 {'epoch': 50, 'lr': 0.0025833698438999307, 'train_loss': 0.004548362819780333, 'mae': 0.2828482312785534, 'elapsed_time': 25.43425154685974}
2021-10-12 05:27:58,240 multi task weight : 1.0
2021-10-12 05:28:23,305 {'epoch': 51, 'lr': 0.0025050000000000007, 'train_loss': 0.004521625590213804, 'mae': 0.28198116771336623, 'elapsed_time': 25.439517736434937}
2021-10-12 05:28:23,783 multi task weight : 1.0
2021-10-12 05:28:48,910 {'epoch': 52, 'lr': 0.0024266301561000707, 'train_loss': 0.004525605426709964, 'mae': 0.27552207933449313, 'elapsed_time': 25.47300100326538}
2021-10-12 05:28:49,404 multi task weight : 1.0
2021-10-12 05:29:14,537 {'epoch': 53, 'lr': 0.002348337653774364, 'train_loss': 0.004475264386517706, 'mae': 0.2693048418116519, 'elapsed_time': 25.485944747924805}
2021-10-12 05:29:15,017 multi task weight : 1.0
2021-10-12 05:29:40,143 {'epoch': 54, 'lr': 0.0022701997582703073, 'train_loss': 0.004455548829002204, 'mae': 0.2713135247380529, 'elapsed_time': 25.470275402069092}
2021-10-12 05:29:40,490 multi task weight : 1.0
2021-10-12 05:30:05,603 {'epoch': 55, 'lr': 0.0021922935822570617, 'train_loss': 0.004451929337935704, 'mae': 0.2707839176183594, 'elapsed_time': 25.459839344024658}
2021-10-12 05:30:05,957 multi task weight : 1.0
2021-10-12 05:30:31,071 {'epoch': 56, 'lr': 0.0021146960097246244, 'train_loss': 0.004430172516858838, 'mae': 0.26742170920055935, 'elapsed_time': 25.467898845672607}
2021-10-12 05:30:31,549 multi task weight : 1.0
2021-10-12 05:30:56,589 {'epoch': 57, 'lr': 0.0020374836201086178, 'train_loss': 0.004398625204308764, 'mae': 0.26196902778949793, 'elapsed_time': 25.385831117630005}
2021-10-12 05:30:57,100 multi task weight : 1.0
2021-10-12 05:31:22,179 {'epoch': 58, 'lr': 0.0019607326127156276, 'train_loss': 0.0043807541202282255, 'mae': 0.26243863541769696, 'elapsed_time': 25.45169425010681}
2021-10-12 05:31:22,515 multi task weight : 1.0
2021-10-12 05:31:47,625 {'epoch': 59, 'lr': 0.0018845187315236875, 'train_loss': 0.00435429097327908, 'mae': 0.2627274430120635, 'elapsed_time': 25.445199251174927}
2021-10-12 05:31:47,999 multi task weight : 1.0
2021-10-12 05:32:13,114 {'epoch': 60, 'lr': 0.0018089171904321236, 'train_loss': 0.0043514708203934455, 'mae': 0.25830142261781, 'elapsed_time': 25.489050149917603}
2021-10-12 05:32:13,579 multi task weight : 1.0
2021-10-12 05:32:38,603 {'epoch': 61, 'lr': 0.0017340025990345072, 'train_loss': 0.004323491408700102, 'mae': 0.26229330714224247, 'elapsed_time': 25.354427814483643}
2021-10-12 05:32:38,938 multi task weight : 1.0
2021-10-12 05:33:04,012 {'epoch': 62, 'lr': 0.0016598488889879985, 'train_loss': 0.004306978303284895, 'mae': 0.2630507890426657, 'elapsed_time': 25.408982276916504}
2021-10-12 05:33:04,398 multi task weight : 1.0
2021-10-12 05:33:29,465 {'epoch': 63, 'lr': 0.0015865292410517295, 'train_loss': 0.004296621516337057, 'mae': 0.25554109608978587, 'elapsed_time': 25.452834844589233}
2021-10-12 05:33:29,976 multi task weight : 1.0
2021-10-12 05:33:55,130 {'epoch': 64, 'lr': 0.0015141160128662224, 'train_loss': 0.004268160112809471, 'mae': 0.2563790043815119, 'elapsed_time': 25.526570558547974}
2021-10-12 05:33:55,487 multi task weight : 1.0
2021-10-12 05:34:20,534 {'epoch': 65, 'lr': 0.001442680667545144, 'train_loss': 0.004249681788141796, 'mae': 0.24884844233597245, 'elapsed_time': 25.403488636016846}
2021-10-12 05:34:20,993 multi task weight : 1.0
2021-10-12 05:34:46,038 {'epoch': 66, 'lr': 0.001372293703149831, 'train_loss': 0.004224887883291882, 'mae': 0.2497006214213514, 'elapsed_time': 25.36946415901184}
2021-10-12 05:34:46,377 multi task weight : 1.0
2021-10-12 05:35:11,467 {'epoch': 67, 'lr': 0.00130302458311622, 'train_loss': 0.004209499836284013, 'mae': 0.24969385761437177, 'elapsed_time': 25.4283344745636}
2021-10-12 05:35:11,813 multi task weight : 1.0
2021-10-12 05:35:36,764 {'epoch': 68, 'lr': 0.0012349416677028236, 'train_loss': 0.004199841371666445, 'mae': 0.24740988490866372, 'elapsed_time': 25.29716396331787}
2021-10-12 05:35:37,221 multi task weight : 1.0
2021-10-12 05:36:02,202 {'epoch': 69, 'lr': 0.0011681121465274029, 'train_loss': 0.004177448803261465, 'mae': 0.2451647234032148, 'elapsed_time': 25.30607509613037}
2021-10-12 05:36:02,696 multi task weight : 1.0
2021-10-12 05:36:27,693 {'epoch': 70, 'lr': 0.001102601972258934, 'train_loss': 0.0041564531244135125, 'mae': 0.24335310370052332, 'elapsed_time': 25.3530330657959}
2021-10-12 05:36:28,189 multi task weight : 1.0
2021-10-12 05:36:53,215 {'epoch': 71, 'lr': 0.00103847579553028, 'train_loss': 0.004141077172132104, 'mae': 0.2456412335784818, 'elapsed_time': 25.383755683898926}
2021-10-12 05:36:53,555 multi task weight : 1.0
2021-10-12 05:37:18,552 {'epoch': 72, 'lr': 0.0009757969011358235, 'train_loss': 0.004125406202533689, 'mae': 0.2451234444345107, 'elapsed_time': 25.336505889892578}
2021-10-12 05:37:18,938 multi task weight : 1.0
2021-10-12 05:37:43,888 {'epoch': 73, 'lr': 0.0009146271455770192, 'train_loss': 0.004109553428893851, 'mae': 0.24024916574073601, 'elapsed_time': 25.335386037826538}
2021-10-12 05:37:44,394 multi task weight : 1.0
2021-10-12 05:38:09,476 {'epoch': 74, 'lr': 0.0008550268960174891, 'train_loss': 0.00409538909802775, 'mae': 0.241638465427608, 'elapsed_time': 25.452107667922974}
2021-10-12 05:38:09,801 multi task weight : 1.0
2021-10-12 05:38:34,885 {'epoch': 75, 'lr': 0.0007970549707079218, 'train_loss': 0.0040878057242861796, 'mae': 0.2413801866567991, 'elapsed_time': 25.407806873321533}
2021-10-12 05:38:35,250 multi task weight : 1.0
2021-10-12 05:39:00,252 {'epoch': 76, 'lr': 0.0007407685809395643, 'train_loss': 0.004065764491490136, 'mae': 0.2422036688039585, 'elapsed_time': 25.36672616004944}
2021-10-12 05:39:00,606 multi task weight : 1.0
2021-10-12 05:39:25,645 {'epoch': 77, 'lr': 0.0006862232745835789, 'train_loss': 0.004052017487936102, 'mae': 0.23859253574813405, 'elapsed_time': 25.3925883769989}
2021-10-12 05:39:26,126 multi task weight : 1.0
2021-10-12 05:39:51,259 {'epoch': 78, 'lr': 0.0006334728812720034, 'train_loss': 0.004038874063371743, 'mae': 0.23836679303034186, 'elapsed_time': 25.481165170669556}
2021-10-12 05:39:51,742 multi task weight : 1.0
2021-10-12 05:40:16,836 {'epoch': 79, 'lr': 0.0005825694592744063, 'train_loss': 0.004024907356070082, 'mae': 0.23762603265735827, 'elapsed_time': 25.4351749420166}
2021-10-12 05:40:17,326 multi task weight : 1.0
2021-10-12 05:40:42,316 {'epoch': 80, 'lr': 0.0005335632441226526, 'train_loss': 0.004012178035664037, 'mae': 0.2365476507153997, 'elapsed_time': 25.340600728988647}
2021-10-12 05:40:42,794 multi task weight : 1.0
2021-10-12 05:41:07,890 {'epoch': 81, 'lr': 0.0004865025990345065, 'train_loss': 0.0039996944491321315, 'mae': 0.2374793208898278, 'elapsed_time': 25.43460988998413}
2021-10-12 05:41:08,232 multi task weight : 1.0
2021-10-12 05:41:33,281 {'epoch': 82, 'lr': 0.0004414339671849686, 'train_loss': 0.003990400943478027, 'mae': 0.23584141292421634, 'elapsed_time': 25.391157865524292}
2021-10-12 05:41:33,773 multi task weight : 1.0
2021-10-12 05:41:58,833 {'epoch': 83, 'lr': 0.000398401825872473, 'train_loss': 0.003978614067699515, 'mae': 0.23751584706623544, 'elapsed_time': 25.42242407798767}
2021-10-12 05:41:59,180 multi task weight : 1.0
2021-10-12 05:42:24,236 {'epoch': 84, 'lr': 0.0003574486426251604, 'train_loss': 0.003966880279159293, 'mae': 0.23650452522344798, 'elapsed_time': 25.40290927886963}
2021-10-12 05:42:24,593 multi task weight : 1.0
2021-10-12 05:42:49,793 {'epoch': 85, 'lr': 0.0003186148332905604, 'train_loss': 0.003958502034622759, 'mae': 0.23576499200254686, 'elapsed_time': 25.556095123291016}
2021-10-12 05:42:50,287 multi task weight : 1.0
2021-10-12 05:43:15,411 {'epoch': 86, 'lr': 0.0002819387221500224, 'train_loss': 0.003947721878924538, 'mae': 0.23493215095102682, 'elapsed_time': 25.483932733535767}
2021-10-12 05:43:15,898 multi task weight : 1.0
2021-10-12 05:43:40,871 {'epoch': 87, 'lr': 0.0002474565040972817, 'train_loss': 0.003941391759000921, 'mae': 0.23511891477901886, 'elapsed_time': 25.321937322616577}
2021-10-12 05:43:41,208 multi task weight : 1.0
2021-10-12 05:44:06,367 {'epoch': 88, 'lr': 0.00021520220891846763, 'train_loss': 0.003933993542802658, 'mae': 0.23491465824833785, 'elapsed_time': 25.49516224861145}
2021-10-12 05:44:06,867 multi task weight : 1.0
2021-10-12 05:44:31,904 {'epoch': 89, 'lr': 0.00018520766770881289, 'train_loss': 0.003926895305050217, 'mae': 0.23438536316029704, 'elapsed_time': 25.39819836616516}
2021-10-12 05:44:32,384 multi task weight : 1.0
2021-10-12 05:44:57,521 {'epoch': 90, 'lr': 0.0001575024814592075, 'train_loss': 0.003919959822737515, 'mae': 0.23424110968855585, 'elapsed_time': 25.47774362564087}
2021-10-12 05:44:58,018 multi task weight : 1.0
2021-10-12 05:45:23,065 {'epoch': 91, 'lr': 0.00013211399184359193, 'train_loss': 0.003914240320602579, 'mae': 0.23431937359321262, 'elapsed_time': 25.406405210494995}
2021-10-12 05:45:23,400 multi task weight : 1.0
2021-10-12 05:45:48,397 {'epoch': 92, 'lr': 0.00010906725423602732, 'train_loss': 0.003909667668712305, 'mae': 0.233640456293448, 'elapsed_time': 25.331835508346558}
2021-10-12 05:45:48,900 multi task weight : 1.0
2021-10-12 05:46:13,976 {'epoch': 93, 'lr': 8.838501298406574e-05, 'train_loss': 0.0039043937498090125, 'mae': 0.2339374052403592, 'elapsed_time': 25.45197296142578}
2021-10-12 05:46:14,326 multi task weight : 1.0
2021-10-12 05:46:39,360 {'epoch': 94, 'lr': 7.008767896282542e-05, 'train_loss': 0.0039009802443369717, 'mae': 0.23430663705197474, 'elapsed_time': 25.383198261260986}
2021-10-12 05:46:39,701 multi task weight : 1.0
2021-10-12 05:47:04,680 {'epoch': 95, 'lr': 5.419330943192164e-05, 'train_loss': 0.003897714685967144, 'mae': 0.23377289500762644, 'elapsed_time': 25.31980323791504}
2021-10-12 05:47:05,017 multi task weight : 1.0
2021-10-12 05:47:30,079 {'epoch': 96, 'lr': 4.071759021513154e-05, 'train_loss': 0.0038947040628644312, 'mae': 0.233687262104921, 'elapsed_time': 25.39835238456726}
2021-10-12 05:47:30,441 multi task weight : 1.0
2021-10-12 05:47:55,447 {'epoch': 97, 'lr': 2.9673820220377978e-05, 'train_loss': 0.00389300514879094, 'mae': 0.23391055076116277, 'elapsed_time': 25.367712259292603}
2021-10-12 05:47:55,781 multi task weight : 1.0
2021-10-12 05:48:20,870 {'epoch': 98, 'lr': 2.107289831531541e-05, 'train_loss': 0.003890852753574126, 'mae': 0.2335667944528072, 'elapsed_time': 25.42224407196045}
2021-10-12 05:48:21,363 multi task weight : 1.0
2021-10-12 05:48:46,531 {'epoch': 99, 'lr': 1.4923312571462463e-05, 'train_loss': 0.0038889658399731057, 'mae': 0.23363830802359475, 'elapsed_time': 25.526278257369995}
2021-10-12 05:48:46,884 multi task weight : 1.0
2021-10-12 05:49:11,911 {'epoch': 100, 'lr': 1.123113188749966e-05, 'train_loss': 0.003889028033805731, 'mae': 0.23373913347271738, 'elapsed_time': 25.379652976989746}
2021-10-12 05:49:46,742 Total CV: 0.2335667944528072
2021-10-12 06:01:39,017 Fold 0
2021-10-12 06:01:42,645 train run device : cuda:0
2021-10-12 06:02:05,547 multi task weight : 1.0
2021-10-12 06:02:30,474 {'epoch': 1, 'lr': 0.001, 'train_loss': 0.008444724946404388, 'mae': 2.375579972914689, 'elapsed_time': 25.291375875473022}
2021-10-12 06:02:30,929 multi task weight : 1.0
2021-10-12 06:02:56,101 {'epoch': 2, 'lr': 0.0009990232305719944, 'train_loss': 0.007066039208784413, 'mae': 1.4364360630418633, 'elapsed_time': 25.505662202835083}
2021-10-12 06:02:56,581 multi task weight : 1.0
2021-10-12 06:03:21,574 {'epoch': 3, 'lr': 0.0009960967771506664, 'train_loss': 0.006666298877173816, 'mae': 0.9873358320443375, 'elapsed_time': 25.33971905708313}
2021-10-12 06:03:22,052 multi task weight : 1.0
2021-10-12 06:03:47,225 {'epoch': 4, 'lr': 0.0009912321891107007, 'train_loss': 0.006427858083590993, 'mae': 0.9173229673765341, 'elapsed_time': 25.522093772888184}
2021-10-12 06:03:47,717 multi task weight : 1.0
2021-10-12 06:04:12,884 {'epoch': 5, 'lr': 0.0009844486647586721, 'train_loss': 0.0061765896397129915, 'mae': 0.8010044311065693, 'elapsed_time': 25.52167272567749}
2021-10-12 06:04:13,381 multi task weight : 1.0
2021-10-12 06:04:38,573 {'epoch': 6, 'lr': 0.0009757729755661009, 'train_loss': 0.005995887269082648, 'mae': 0.729191770371834, 'elapsed_time': 25.55510401725769}
2021-10-12 06:04:39,038 multi task weight : 1.0
2021-10-12 06:05:04,221 {'epoch': 7, 'lr': 0.0009652393605146842, 'train_loss': 0.00584920397888674, 'mae': 0.6430436806912133, 'elapsed_time': 25.514243125915527}
2021-10-12 06:05:04,720 multi task weight : 1.0
2021-10-12 06:05:29,833 {'epoch': 8, 'lr': 0.0009528893909706795, 'train_loss': 0.005662774044287134, 'mae': 0.6352660640198947, 'elapsed_time': 25.477492809295654}
2021-10-12 06:05:30,383 multi task weight : 1.0
2021-10-12 06:05:55,483 {'epoch': 9, 'lr': 0.0009387718066217122, 'train_loss': 0.005618116332648842, 'mae': 0.5474769958554264, 'elapsed_time': 25.51486873626709}
2021-10-12 06:05:55,959 multi task weight : 1.0
2021-10-12 06:06:21,080 {'epoch': 10, 'lr': 0.0009229423231234972, 'train_loss': 0.005468381383389017, 'mae': 0.5372348814734529, 'elapsed_time': 25.461631059646606}
2021-10-12 06:06:21,580 multi task weight : 1.0
2021-10-12 06:06:46,712 {'epoch': 11, 'lr': 0.0009054634122155987, 'train_loss': 0.005392142662234145, 'mae': 0.4702619785484042, 'elapsed_time': 25.49334740638733}
2021-10-12 06:06:47,178 multi task weight : 1.0
2021-10-12 06:07:12,306 {'epoch': 12, 'lr': 0.0008864040551740153, 'train_loss': 0.005298772191590548, 'mae': 0.4390791458829191, 'elapsed_time': 25.462093830108643}
2021-10-12 06:07:12,806 multi task weight : 1.0
2021-10-12 06:07:37,989 {'epoch': 13, 'lr': 0.0008658394705735984, 'train_loss': 0.005230912050717394, 'mae': 0.4265607331304906, 'elapsed_time': 25.53854274749756}
2021-10-12 06:07:38,450 multi task weight : 1.0
2021-10-12 06:08:03,465 {'epoch': 14, 'lr': 0.0008438508174347006, 'train_loss': 0.0051584557439413505, 'mae': 0.4282721473889989, 'elapsed_time': 25.34251642227173}
2021-10-12 06:08:03,838 multi task weight : 1.0
2021-10-12 06:08:28,893 {'epoch': 15, 'lr': 0.000820524874925601, 'train_loss': 0.005119985993766406, 'mae': 0.3726322902379258, 'elapsed_time': 25.42809271812439}
2021-10-12 06:08:29,395 multi task weight : 1.0
2021-10-12 06:08:54,413 {'epoch': 16, 'lr': 0.000795953699884774, 'train_loss': 0.005059494728912495, 'mae': 0.4020496857146171, 'elapsed_time': 25.388604402542114}
2021-10-12 06:08:54,765 multi task weight : 1.0
2021-10-12 06:09:19,698 {'epoch': 17, 'lr': 0.000770234263514603, 'train_loss': 0.005011021522120026, 'mae': 0.3666727147170456, 'elapsed_time': 25.284462451934814}
2021-10-12 06:09:20,184 multi task weight : 1.0
2021-10-12 06:09:45,219 {'epoch': 18, 'lr': 0.0007434680686803488, 'train_loss': 0.004955897282258496, 'mae': 0.3747374868572616, 'elapsed_time': 25.393473148345947}
2021-10-12 06:09:45,599 multi task weight : 1.0
2021-10-12 06:10:10,663 {'epoch': 19, 'lr': 0.0007157607493247108, 'train_loss': 0.004922419774603417, 'mae': 0.3334139980968671, 'elapsed_time': 25.443655490875244}
2021-10-12 06:10:11,122 multi task weight : 1.0
2021-10-12 06:10:36,158 {'epoch': 20, 'lr': 0.0006872216535789154, 'train_loss': 0.004868076967829659, 'mae': 0.33363084042755886, 'elapsed_time': 25.35907554626465}
2021-10-12 06:10:36,514 multi task weight : 1.0
2021-10-12 06:11:01,678 {'epoch': 21, 'lr': 0.0006579634122155987, 'train_loss': 0.004830340461433921, 'mae': 0.3196553166994818, 'elapsed_time': 25.51956844329834}
2021-10-12 06:11:02,168 multi task weight : 1.0
2021-10-12 06:11:27,212 {'epoch': 22, 'lr': 0.0006281014941466028, 'train_loss': 0.004801799529747429, 'mae': 0.3116382784553016, 'elapsed_time': 25.397223472595215}
2021-10-12 06:11:27,752 multi task weight : 1.0
2021-10-12 06:11:52,839 {'epoch': 23, 'lr': 0.0005977537507199335, 'train_loss': 0.004762725078798905, 'mae': 0.3095570120750073, 'elapsed_time': 25.48959755897522}
2021-10-12 06:11:53,323 multi task weight : 1.0
2021-10-12 06:12:18,496 {'epoch': 24, 'lr': 0.0005670399506143305, 'train_loss': 0.004724470715083532, 'mae': 0.30222963330968067, 'elapsed_time': 25.520994424819946}
2021-10-12 06:12:18,973 multi task weight : 1.0
2021-10-12 06:12:44,066 {'epoch': 25, 'lr': 0.0005360813071670099, 'train_loss': 0.004697469530554305, 'mae': 0.3034108338923602, 'elapsed_time': 25.43257236480713}
2021-10-12 06:12:44,412 multi task weight : 1.0
2021-10-12 06:13:09,457 {'epoch': 26, 'lr': 0.0005049999999999998, 'train_loss': 0.004661724036540947, 'mae': 0.2978901747349663, 'elapsed_time': 25.391061067581177}
2021-10-12 06:13:09,969 multi task weight : 1.0
2021-10-12 06:13:35,045 {'epoch': 27, 'lr': 0.0004739186928329897, 'train_loss': 0.004628518427184593, 'mae': 0.29373548171054453, 'elapsed_time': 25.456451892852783}
2021-10-12 06:13:35,523 multi task weight : 1.0
2021-10-12 06:14:00,617 {'epoch': 28, 'lr': 0.0004429600493856692, 'train_loss': 0.004596042791054374, 'mae': 0.28314779169963467, 'elapsed_time': 25.43503165245056}
2021-10-12 06:14:01,107 multi task weight : 1.0
2021-10-12 06:14:26,157 {'epoch': 29, 'lr': 0.0004122462492800661, 'train_loss': 0.0045707689601905774, 'mae': 0.2850258680709777, 'elapsed_time': 25.397393465042114}
2021-10-12 06:14:26,531 multi task weight : 1.0
2021-10-12 06:14:51,648 {'epoch': 30, 'lr': 0.0003818985058533967, 'train_loss': 0.004537883951934147, 'mae': 0.2724924248382753, 'elapsed_time': 25.490299224853516}
2021-10-12 06:14:52,132 multi task weight : 1.0
2021-10-12 06:15:17,295 {'epoch': 31, 'lr': 0.00035203658778440103, 'train_loss': 0.004509216566762046, 'mae': 0.26780476137246517, 'elapsed_time': 25.513570308685303}
2021-10-12 06:15:17,768 multi task weight : 1.0
2021-10-12 06:15:42,861 {'epoch': 32, 'lr': 0.00032277834642108444, 'train_loss': 0.004486851414913686, 'mae': 0.26692188067321504, 'elapsed_time': 25.43401288986206}
2021-10-12 06:15:43,341 multi task weight : 1.0
2021-10-12 06:16:08,496 {'epoch': 33, 'lr': 0.0002942392506752889, 'train_loss': 0.004463774736074519, 'mae': 0.26713719925608687, 'elapsed_time': 25.5008487701416}
2021-10-12 06:16:08,843 multi task weight : 1.0
2021-10-12 06:16:34,049 {'epoch': 34, 'lr': 0.00026653193131965077, 'train_loss': 0.004439221161576278, 'mae': 0.2624056389944825, 'elapsed_time': 25.553070545196533}
2021-10-12 06:16:34,542 multi task weight : 1.0
2021-10-12 06:16:59,582 {'epoch': 35, 'lr': 0.00023976573648539642, 'train_loss': 0.004407979633888715, 'mae': 0.26060858777779605, 'elapsed_time': 25.39261269569397}
2021-10-12 06:17:00,073 multi task weight : 1.0
2021-10-12 06:17:25,180 {'epoch': 36, 'lr': 0.00021404630011522574, 'train_loss': 0.004389086442723663, 'mae': 0.2573116020503401, 'elapsed_time': 25.470278024673462}
2021-10-12 06:17:25,685 multi task weight : 1.0
2021-10-12 06:17:50,864 {'epoch': 37, 'lr': 0.00018947512507439847, 'train_loss': 0.004365798848760768, 'mae': 0.2517855684235352, 'elapsed_time': 25.545203685760498}
2021-10-12 06:17:51,336 multi task weight : 1.0
2021-10-12 06:18:16,544 {'epoch': 38, 'lr': 0.000166149182565299, 'train_loss': 0.004345111202293078, 'mae': 0.25281805914527805, 'elapsed_time': 25.544697761535645}
2021-10-12 06:18:16,877 multi task weight : 1.0
2021-10-12 06:18:42,101 {'epoch': 39, 'lr': 0.00014416052942640132, 'train_loss': 0.004325680617388705, 'mae': 0.24665454515770893, 'elapsed_time': 25.556297063827515}
2021-10-12 06:18:42,644 multi task weight : 1.0
2021-10-12 06:19:07,689 {'epoch': 40, 'lr': 0.00012359594482598432, 'train_loss': 0.004306571897566121, 'mae': 0.2447012731793445, 'elapsed_time': 25.452760457992554}
2021-10-12 06:19:08,168 multi task weight : 1.0
2021-10-12 06:19:33,298 {'epoch': 41, 'lr': 0.00010453658778440102, 'train_loss': 0.004290343006372926, 'mae': 0.24433787481635844, 'elapsed_time': 25.470295190811157}
2021-10-12 06:19:33,799 multi task weight : 1.0
2021-10-12 06:19:58,886 {'epoch': 42, 'lr': 8.70576768765026e-05, 'train_loss': 0.004274843926458188, 'mae': 0.24245227575495237, 'elapsed_time': 25.449059009552002}
2021-10-12 06:19:59,354 multi task weight : 1.0
2021-10-12 06:20:24,553 {'epoch': 43, 'lr': 7.12281933782875e-05, 'train_loss': 0.00426349363001551, 'mae': 0.24063743177179583, 'elapsed_time': 25.529827117919922}
2021-10-12 06:20:25,050 multi task weight : 1.0
2021-10-12 06:20:50,139 {'epoch': 44, 'lr': 5.71106090293204e-05, 'train_loss': 0.004250737509244005, 'mae': 0.24080332476413013, 'elapsed_time': 25.45247197151184}
2021-10-12 06:20:50,496 multi task weight : 1.0
2021-10-12 06:21:15,805 {'epoch': 45, 'lr': 4.4760639485315563e-05, 'train_loss': 0.004241021347804287, 'mae': 0.24058049765384598, 'elapsed_time': 25.66519546508789}
2021-10-12 06:21:16,306 multi task weight : 1.0
2021-10-12 06:21:41,378 {'epoch': 46, 'lr': 3.422702443389899e-05, 'train_loss': 0.0042323916103762455, 'mae': 0.23959772247391772, 'elapsed_time': 25.4442617893219}
2021-10-12 06:21:41,871 multi task weight : 1.0
2021-10-12 06:22:07,151 {'epoch': 47, 'lr': 2.5551335241327665e-05, 'train_loss': 0.004225274432645561, 'mae': 0.2391869044233555, 'elapsed_time': 25.63653326034546}
2021-10-12 06:22:07,650 multi task weight : 1.0
2021-10-12 06:22:32,876 {'epoch': 48, 'lr': 1.876781088929908e-05, 'train_loss': 0.004219460218769577, 'mae': 0.23832459977783563, 'elapsed_time': 25.587886333465576}
2021-10-12 06:22:33,386 multi task weight : 1.0
2021-10-12 06:22:58,681 {'epoch': 49, 'lr': 1.3903222849333505e-05, 'train_loss': 0.0042157249272146155, 'mae': 0.2380956322294809, 'elapsed_time': 25.659271478652954}
2021-10-12 06:22:59,205 multi task weight : 1.0
2021-10-12 06:23:24,323 {'epoch': 50, 'lr': 1.0976769428005579e-05, 'train_loss': 0.004212348330013005, 'mae': 0.23823068043035392, 'elapsed_time': 25.50230312347412}
2021-10-12 06:23:59,560 Total CV: 0.2380956322294809
