2021-10-09 02:35:14,884 Fold 0
2021-10-09 02:35:18,163 train run device : cuda:0
2021-10-09 02:36:53,331 {'epoch': 1, 'lr': 0.001, 'train_loss': 0.014228919140545243, 'mae': 1.3618184, 'elapsed_time': 75.95778727531433}
2021-10-09 02:38:10,053 {'epoch': 2, 'lr': 0.000999938933078422, 'train_loss': 0.005085494096228585, 'mae': 1.1874833, 'elapsed_time': 76.32281494140625}
2021-10-09 02:39:27,209 {'epoch': 3, 'lr': 0.000999755747381037, 'train_loss': 0.004456142383529462, 'mae': 1.0932153, 'elapsed_time': 76.72217464447021}
2021-10-09 02:40:44,429 {'epoch': 4, 'lr': 0.000999450488106175, 'train_loss': 0.004033551257007401, 'mae': 0.76100725, 'elapsed_time': 76.77738332748413}
2021-10-09 02:42:01,625 {'epoch': 5, 'lr': 0.0009990232305719944, 'train_loss': 0.003655673880463329, 'mae': 0.6855699, 'elapsed_time': 76.75923824310303}
2021-10-09 02:43:18,581 {'epoch': 6, 'lr': 0.0009984740801978983, 'train_loss': 0.0035342140958907987, 'mae': 0.65654474, 'elapsed_time': 76.52099943161011}
2021-10-09 02:44:35,382 {'epoch': 7, 'lr': 0.0009978031724785245, 'train_loss': 0.003321622705582043, 'mae': 0.6174404, 'elapsed_time': 76.36430621147156}
2021-10-09 02:45:52,267 {'epoch': 8, 'lr': 0.000997010672950314, 'train_loss': 0.0030884367349015077, 'mae': 0.5769408, 'elapsed_time': 76.4517617225647}
2021-10-09 02:47:09,484 {'epoch': 9, 'lr': 0.0009960967771506664, 'train_loss': 0.0030501676704845658, 'mae': 0.5469121, 'elapsed_time': 76.7886438369751}
2021-10-09 02:48:26,494 {'epoch': 10, 'lr': 0.0009950617105696957, 'train_loss': 0.0029097082018062245, 'mae': 0.5463878, 'elapsed_time': 76.57994437217712}
2021-10-09 02:49:43,562 {'epoch': 11, 'lr': 0.0009939057285945929, 'train_loss': 0.0029124514191770016, 'mae': 0.63701063, 'elapsed_time': 76.6320378780365}
2021-10-09 02:51:00,052 {'epoch': 12, 'lr': 0.0009926291164466126, 'train_loss': 0.003096812744263863, 'mae': 0.64826, 'elapsed_time': 76.48923850059509}
2021-10-09 02:52:16,586 {'epoch': 13, 'lr': 0.0009912321891107005, 'train_loss': 0.002742204518409815, 'mae': 0.55039376, 'elapsed_time': 76.5340006351471}
2021-10-09 02:53:33,468 {'epoch': 14, 'lr': 0.0009897152912577737, 'train_loss': 0.0026672192120330866, 'mae': 0.5855541, 'elapsed_time': 76.88104176521301}
2021-10-09 02:54:50,273 {'epoch': 15, 'lr': 0.0009880787971596797, 'train_loss': 0.0025445889461862083, 'mae': 0.4992867, 'elapsed_time': 76.80458998680115}
2021-10-09 02:56:07,441 {'epoch': 16, 'lr': 0.0009863231105968495, 'train_loss': 0.0028357715589704697, 'mae': 0.5324756, 'elapsed_time': 76.7408127784729}
2021-10-09 02:57:24,061 {'epoch': 17, 'lr': 0.000984448664758672, 'train_loss': 0.0025778554063944567, 'mae': 0.46011162, 'elapsed_time': 76.61959481239319}
2021-10-09 02:58:41,332 {'epoch': 18, 'lr': 0.0009824559221366096, 'train_loss': 0.0025005682241332067, 'mae': 0.48181978, 'elapsed_time': 76.84109997749329}
2021-10-09 02:59:58,343 {'epoch': 19, 'lr': 0.0009803453744100864, 'train_loss': 0.002505724281665108, 'mae': 0.40996495, 'elapsed_time': 77.01077580451965}
2021-10-09 03:01:15,407 {'epoch': 20, 'lr': 0.0009781175423251728, 'train_loss': 0.0024436508966369135, 'mae': 0.47349808, 'elapsed_time': 76.631338596344}
2021-10-09 03:02:32,053 {'epoch': 21, 'lr': 0.0009757729755661004, 'train_loss': 0.002531841182507293, 'mae': 0.534951, 'elapsed_time': 76.64524245262146}
2021-10-09 03:03:49,142 {'epoch': 22, 'lr': 0.0009733122526196342, 'train_loss': 0.002386962672765876, 'mae': 0.43034145, 'elapsed_time': 77.0890212059021}
2021-10-09 03:05:06,127 {'epoch': 23, 'lr': 0.000970735980632341, 'train_loss': 0.0027697209599616118, 'mae': 0.5078557, 'elapsed_time': 76.98436212539673}
2021-10-09 03:06:23,167 {'epoch': 24, 'lr': 0.0009680447952607838, 'train_loss': 0.0022904729812527587, 'mae': 0.40965512, 'elapsed_time': 77.03993439674377}
2021-10-09 03:07:40,451 {'epoch': 25, 'lr': 0.0009652393605146839, 'train_loss': 0.0024331628380132244, 'mae': 0.3848494, 'elapsed_time': 76.83741641044617}
2021-10-09 03:08:57,411 {'epoch': 26, 'lr': 0.0009623203685930864, 'train_loss': 0.0022887156188804002, 'mae': 0.39528903, 'elapsed_time': 76.52666544914246}
2021-10-09 03:10:14,210 {'epoch': 27, 'lr': 0.00095928853971357, 'train_loss': 0.0023456974526542634, 'mae': 0.3866024, 'elapsed_time': 76.79779696464539}
2021-10-09 03:11:30,941 {'epoch': 28, 'lr': 0.0009561446219345448, 'train_loss': 0.002180196566296145, 'mae': 0.36666074, 'elapsed_time': 76.73118591308594}
2021-10-09 03:12:47,913 {'epoch': 29, 'lr': 0.0009528893909706791, 'train_loss': 0.0021190795687016785, 'mae': 0.33567873, 'elapsed_time': 76.53576803207397}
2021-10-09 03:14:05,235 {'epoch': 30, 'lr': 0.0009495236500015041, 'train_loss': 0.002033132018683129, 'mae': 0.3507557, 'elapsed_time': 76.88645648956299}
2021-10-09 03:15:22,479 {'epoch': 31, 'lr': 0.0009460482294732414, 'train_loss': 0.002384404093520858, 'mae': 0.37073356, 'elapsed_time': 77.24287533760071}
2021-10-09 03:16:38,690 {'epoch': 32, 'lr': 0.0009424639868939027, 'train_loss': 0.0020338555910261046, 'mae': 0.38848415, 'elapsed_time': 76.21115255355835}
2021-10-09 03:17:55,296 {'epoch': 33, 'lr': 0.0009387718066217117, 'train_loss': 0.001982808510561192, 'mae': 0.3346729, 'elapsed_time': 76.60535025596619}
2021-10-09 03:19:12,933 {'epoch': 34, 'lr': 0.000934972599646904, 'train_loss': 0.002057750946721784, 'mae': 0.3577512, 'elapsed_time': 77.2033703327179}
2021-10-09 03:20:29,986 {'epoch': 35, 'lr': 0.0009310673033669515, 'train_loss': 0.0021178194101359213, 'mae': 0.42247698, 'elapsed_time': 77.05349850654602}
2021-10-09 03:21:46,926 {'epoch': 36, 'lr': 0.0009270568813552751, 'train_loss': 0.0021141420449935656, 'mae': 0.31967875, 'elapsed_time': 76.93927955627441}
2021-10-09 03:23:04,323 {'epoch': 37, 'lr': 0.0009229423231234969, 'train_loss': 0.002118011215433844, 'mae': 0.35884836, 'elapsed_time': 76.95659327507019}
2021-10-09 03:24:21,302 {'epoch': 38, 'lr': 0.0009187246438772933, 'train_loss': 0.0019459919474470923, 'mae': 0.3420949, 'elapsed_time': 76.9785828590393}
2021-10-09 03:25:38,125 {'epoch': 39, 'lr': 0.0009144048842659075, 'train_loss': 0.002029031086305738, 'mae': 0.3381831, 'elapsed_time': 76.82258152961731}
2021-10-09 03:26:55,456 {'epoch': 40, 'lr': 0.0009099841101253861, 'train_loss': 0.0019403690362387418, 'mae': 0.30222422, 'elapsed_time': 77.33072590827942}
2021-10-09 03:28:12,814 {'epoch': 41, 'lr': 0.0009054634122155986, 'train_loss': 0.0018883320762769049, 'mae': 0.5314781, 'elapsed_time': 76.91901516914368}
2021-10-09 03:29:29,844 {'epoch': 42, 'lr': 0.0009008439059511095, 'train_loss': 0.0021458334936911576, 'mae': 0.34371418, 'elapsed_time': 77.02940082550049}
2021-10-09 03:30:47,189 {'epoch': 43, 'lr': 0.0008961267311259662, 'train_loss': 0.0020005799758367145, 'mae': 0.42476928, 'elapsed_time': 77.34477615356445}
2021-10-09 03:32:04,148 {'epoch': 44, 'lr': 0.0008913130516324728, 'train_loss': 0.002693214537075926, 'mae': 0.44104633, 'elapsed_time': 76.95850086212158}
2021-10-09 03:33:21,340 {'epoch': 45, 'lr': 0.0008864040551740152, 'train_loss': 0.002263647011272002, 'mae': 0.334193, 'elapsed_time': 77.19150185585022}
2021-10-09 03:34:38,260 {'epoch': 46, 'lr': 0.000881400952972015, 'train_loss': 0.002067519219023175, 'mae': 0.29565647, 'elapsed_time': 76.9196994304657}
2021-10-09 03:35:55,877 {'epoch': 47, 'lr': 0.0008763049794670771, 'train_loss': 0.001889748215388983, 'mae': 0.31165433, 'elapsed_time': 77.17114305496216}
2021-10-09 03:37:12,782 {'epoch': 48, 'lr': 0.0008711173920144113, 'train_loss': 0.0020945150086704354, 'mae': 0.3360013, 'elapsed_time': 76.90396666526794}
2021-10-09 03:38:29,805 {'epoch': 49, 'lr': 0.0008658394705735983, 'train_loss': 0.0019197851878629765, 'mae': 0.27914363, 'elapsed_time': 77.02313995361328}
2021-10-09 03:39:47,104 {'epoch': 50, 'lr': 0.0008604725173927781, 'train_loss': 0.001737850227790056, 'mae': 0.28115952, 'elapsed_time': 76.86640405654907}
2021-10-09 03:41:03,906 {'epoch': 51, 'lr': 0.0008550178566873405, 'train_loss': 0.0017603571897630585, 'mae': 0.27908552, 'elapsed_time': 76.80154395103455}
2021-10-09 03:42:20,840 {'epoch': 52, 'lr': 0.0008494768343131951, 'train_loss': 0.0017208437919814196, 'mae': 0.29669905, 'elapsed_time': 76.49874305725098}
2021-10-09 03:43:37,616 {'epoch': 53, 'lr': 0.0008438508174347005, 'train_loss': 0.0017011172871979916, 'mae': 0.27815408, 'elapsed_time': 76.77538776397705}
2021-10-09 03:44:54,823 {'epoch': 54, 'lr': 0.0008381411941873374, 'train_loss': 0.0018703764031725739, 'mae': 0.27705476, 'elapsed_time': 76.77183532714844}
2021-10-09 03:46:12,203 {'epoch': 55, 'lr': 0.0008323493733352073, 'train_loss': 0.0018672520974916365, 'mae': 0.30008918, 'elapsed_time': 76.93588614463806}
2021-10-09 03:47:28,960 {'epoch': 56, 'lr': 0.0008264767839234405, 'train_loss': 0.0016725691184747132, 'mae': 0.2864223, 'elapsed_time': 76.75688433647156}
2021-10-09 03:48:46,098 {'epoch': 57, 'lr': 0.000820524874925601, 'train_loss': 0.0015952787199721105, 'mae': 0.2590919, 'elapsed_time': 77.13783407211304}
2021-10-09 03:50:03,469 {'epoch': 58, 'lr': 0.0008144951148861737, 'train_loss': 0.0016187514793781985, 'mae': 0.27229685, 'elapsed_time': 76.93417644500732}
2021-10-09 03:51:20,618 {'epoch': 59, 'lr': 0.0008083889915582231, 'train_loss': 0.0016203772962942592, 'mae': 0.2637748, 'elapsed_time': 77.14793729782104}
2021-10-09 03:52:37,452 {'epoch': 60, 'lr': 0.0008022080115363123, 'train_loss': 0.001608815975610668, 'mae': 0.24475834, 'elapsed_time': 76.83434844017029}
2021-10-09 03:53:54,652 {'epoch': 61, 'lr': 0.0007959536998847739, 'train_loss': 0.0015087643545676416, 'mae': 0.24891095, 'elapsed_time': 76.75625395774841}
2021-10-09 03:55:11,483 {'epoch': 62, 'lr': 0.0007896275997614226, 'train_loss': 0.0014986318399706291, 'mae': 0.27637866, 'elapsed_time': 76.829745054245}
2021-10-09 03:56:28,642 {'epoch': 63, 'lr': 0.0007832312720368044, 'train_loss': 0.0017065857106917262, 'mae': 0.24564256, 'elapsed_time': 77.15858006477356}
2021-10-09 03:57:45,604 {'epoch': 64, 'lr': 0.0007767662949090749, 'train_loss': 0.0016290420660165226, 'mae': 0.280268, 'elapsed_time': 76.9616310596466}
2021-10-09 03:59:02,634 {'epoch': 65, 'lr': 0.000770234263514603, 'train_loss': 0.0015472444294006955, 'mae': 0.23991284, 'elapsed_time': 77.03036642074585}
2021-10-09 04:00:19,788 {'epoch': 66, 'lr': 0.0007636367895343944, 'train_loss': 0.0014636973764641226, 'mae': 0.23614864, 'elapsed_time': 76.7062315940857}
2021-10-09 04:01:36,612 {'epoch': 67, 'lr': 0.0007569755007964335, 'train_loss': 0.0014275153243458768, 'mae': 0.26929188, 'elapsed_time': 76.3701536655426}
2021-10-09 04:02:53,740 {'epoch': 68, 'lr': 0.0007502520408740415, 'train_loss': 0.0014609285086551354, 'mae': 0.22296447, 'elapsed_time': 77.12719917297363}
2021-10-09 04:04:11,105 {'epoch': 69, 'lr': 0.0007434680686803488, 'train_loss': 0.0013504708174682755, 'mae': 0.22645193, 'elapsed_time': 76.9238212108612}
2021-10-09 04:05:27,594 {'epoch': 70, 'lr': 0.0007366252580589837, 'train_loss': 0.001316848755959172, 'mae': 0.2262806, 'elapsed_time': 76.48850274085999}
2021-10-09 04:06:44,479 {'epoch': 71, 'lr': 0.0007297252973710754, 'train_loss': 0.0013787933562945814, 'mae': 0.2428689, 'elapsed_time': 76.88459253311157}
2021-10-09 04:08:01,409 {'epoch': 72, 'lr': 0.0007227698890786777, 'train_loss': 0.0014288919563716891, 'mae': 0.22115935, 'elapsed_time': 76.92945671081543}
2021-10-09 04:09:18,560 {'epoch': 73, 'lr': 0.0007157607493247108, 'train_loss': 0.0013755037749866288, 'mae': 0.24457252, 'elapsed_time': 76.71016526222229}
2021-10-09 04:10:34,984 {'epoch': 74, 'lr': 0.0007086996075095287, 'train_loss': 0.0014337607342786865, 'mae': 0.2188009, 'elapsed_time': 76.4240255355835}
2021-10-09 04:11:52,205 {'epoch': 75, 'lr': 0.0007015882058642161, 'train_loss': 0.0012928830551056376, 'mae': 0.22098745, 'elapsed_time': 76.76698207855225}
2021-10-09 04:13:09,106 {'epoch': 76, 'lr': 0.0006944282990207193, 'train_loss': 0.0012848500907914856, 'mae': 0.23154072, 'elapsed_time': 76.90042901039124}
2021-10-09 04:14:25,850 {'epoch': 77, 'lr': 0.0006872216535789155, 'train_loss': 0.0012372948110814597, 'mae': 0.2317216, 'elapsed_time': 76.74369382858276}
2021-10-09 04:15:42,974 {'epoch': 78, 'lr': 0.0006799700476707321, 'train_loss': 0.0012671490779394658, 'mae': 0.2253803, 'elapsed_time': 77.12410736083984}
2021-10-09 04:16:59,844 {'epoch': 79, 'lr': 0.0006726752705214191, 'train_loss': 0.001318186388713307, 'mae': 0.21537568, 'elapsed_time': 76.86956667900085}
2021-10-09 04:18:17,691 {'epoch': 80, 'lr': 0.0006653391220080838, 'train_loss': 0.0011628371802256785, 'mae': 0.21303366, 'elapsed_time': 77.4009735584259}
2021-10-09 04:19:35,113 {'epoch': 81, 'lr': 0.0006579634122155988, 'train_loss': 0.0011609289881565304, 'mae': 0.20920236, 'elapsed_time': 76.96427631378174}
2021-10-09 04:20:52,912 {'epoch': 82, 'lr': 0.0006505499609899903, 'train_loss': 0.0011360896043997872, 'mae': 0.2091941, 'elapsed_time': 77.35116934776306}
2021-10-09 04:22:10,265 {'epoch': 83, 'lr': 0.0006431005974894184, 'train_loss': 0.0012141565144842155, 'mae': 0.2507907, 'elapsed_time': 76.898282289505}
2021-10-09 04:23:27,372 {'epoch': 84, 'lr': 0.0006356171597328593, 'train_loss': 0.0011776813000410973, 'mae': 0.21370706, 'elapsed_time': 77.1072404384613}
2021-10-09 04:24:44,339 {'epoch': 85, 'lr': 0.0006281014941466028, 'train_loss': 0.0011054792391436237, 'mae': 0.20024091, 'elapsed_time': 76.96648359298706}
2021-10-09 04:26:01,924 {'epoch': 86, 'lr': 0.000620555455108673, 'train_loss': 0.0011267424920898468, 'mae': 0.38219425, 'elapsed_time': 77.13648819923401}
2021-10-09 04:27:18,979 {'epoch': 87, 'lr': 0.0006129809044912885, 'train_loss': 0.001312452584697641, 'mae': 0.2120447, 'elapsed_time': 77.0544958114624}
2021-10-09 04:28:36,122 {'epoch': 88, 'lr': 0.0006053797112014735, 'train_loss': 0.0010515324977541933, 'mae': 0.19887026, 'elapsed_time': 77.14288997650146}
2021-10-09 04:29:53,574 {'epoch': 89, 'lr': 0.0005977537507199336, 'train_loss': 0.0010384048529665465, 'mae': 0.19820912, 'elapsed_time': 77.00161838531494}
2021-10-09 04:31:11,003 {'epoch': 90, 'lr': 0.0005901049046383074, 'train_loss': 0.0010048543631961363, 'mae': 0.19743699, 'elapsed_time': 76.98320746421814}
2021-10-09 04:32:28,191 {'epoch': 91, 'lr': 0.0005824350601949141, 'train_loss': 0.0009864842916627132, 'mae': 0.19463578, 'elapsed_time': 76.73874378204346}
2021-10-09 04:33:45,783 {'epoch': 92, 'lr': 0.0005747461098091033, 'train_loss': 0.0009510498007573064, 'mae': 0.19696681, 'elapsed_time': 77.1451518535614}
2021-10-09 04:35:03,122 {'epoch': 93, 'lr': 0.0005670399506143305, 'train_loss': 0.001135913273498584, 'mae': 0.20259453, 'elapsed_time': 77.3386459350586}
2021-10-09 04:36:20,404 {'epoch': 94, 'lr': 0.0005593184839900673, 'train_loss': 0.0010197390167127783, 'mae': 0.22427587, 'elapsed_time': 77.2807936668396}
2021-10-09 04:37:37,551 {'epoch': 95, 'lr': 0.0005515836150926644, 'train_loss': 0.0010358045683683662, 'mae': 0.19547266, 'elapsed_time': 77.1470730304718}
2021-10-09 04:38:54,905 {'epoch': 96, 'lr': 0.0005438372523852832, 'train_loss': 0.000954242588210335, 'mae': 0.19776241, 'elapsed_time': 77.35323715209961}
2021-10-09 04:40:11,941 {'epoch': 97, 'lr': 0.00053608130716701, 'train_loss': 0.0009567240119780271, 'mae': 0.20484771, 'elapsed_time': 77.03548240661621}
2021-10-09 04:41:28,816 {'epoch': 98, 'lr': 0.0005283176931012729, 'train_loss': 0.0010494743873142422, 'mae': 0.19387107, 'elapsed_time': 76.87545919418335}
2021-10-09 04:42:46,268 {'epoch': 99, 'lr': 0.0005205483257436734, 'train_loss': 0.0009055055491502827, 'mae': 0.19203241, 'elapsed_time': 76.9999144077301}
2021-10-09 04:44:03,742 {'epoch': 100, 'lr': 0.0005127751220693511, 'train_loss': 0.0009063621533626037, 'mae': 0.20311245, 'elapsed_time': 77.02808356285095}
2021-10-09 04:45:20,600 {'epoch': 101, 'lr': 0.0005049999999999998, 'train_loss': 0.0009694314942583491, 'mae': 0.25005427, 'elapsed_time': 76.85736393928528}
2021-10-09 04:46:37,355 {'epoch': 102, 'lr': 0.0004972248779306486, 'train_loss': 0.001057423279429999, 'mae': 0.20228355, 'elapsed_time': 76.75445604324341}
2021-10-09 04:47:53,954 {'epoch': 103, 'lr': 0.0004894516742563262, 'train_loss': 0.0008720967714965462, 'mae': 0.19139643, 'elapsed_time': 76.59917140007019}
2021-10-09 04:49:11,339 {'epoch': 104, 'lr': 0.00048168230689872663, 'train_loss': 0.000836054451832754, 'mae': 0.19128542, 'elapsed_time': 76.93606424331665}
2021-10-09 04:50:28,759 {'epoch': 105, 'lr': 0.0004739186928329896, 'train_loss': 0.0008013080914163526, 'mae': 0.18341263, 'elapsed_time': 76.96253108978271}
2021-10-09 04:51:45,921 {'epoch': 106, 'lr': 0.00046616274761471655, 'train_loss': 0.0008429683757250952, 'mae': 0.19261493, 'elapsed_time': 76.70959067344666}
2021-10-09 04:53:03,000 {'epoch': 107, 'lr': 0.0004584163849073352, 'train_loss': 0.0008030382117702125, 'mae': 0.18583272, 'elapsed_time': 77.07923913002014}
2021-10-09 04:54:20,077 {'epoch': 108, 'lr': 0.0004506815160099324, 'train_loss': 0.0007898107301900528, 'mae': 0.18327115, 'elapsed_time': 77.07604765892029}
2021-10-09 04:55:37,368 {'epoch': 109, 'lr': 0.0004429600493856693, 'train_loss': 0.0007602152527563615, 'mae': 0.18138628, 'elapsed_time': 76.8303632736206}
2021-10-09 04:56:54,837 {'epoch': 110, 'lr': 0.00043525389019089656, 'train_loss': 0.000737979728666815, 'mae': 0.18177794, 'elapsed_time': 77.01547074317932}
2021-10-09 04:58:11,394 {'epoch': 111, 'lr': 0.0004275649398050856, 'train_loss': 0.0007419927224684742, 'mae': 0.18080567, 'elapsed_time': 76.55645680427551}
2021-10-09 04:59:28,624 {'epoch': 112, 'lr': 0.0004198950953616921, 'train_loss': 0.0007362076883050604, 'mae': 0.19125092, 'elapsed_time': 76.78159713745117}
2021-10-09 05:00:45,534 {'epoch': 113, 'lr': 0.0004122462492800662, 'train_loss': 0.0007310696718924246, 'mae': 0.1807884, 'elapsed_time': 76.91004610061646}
2021-10-09 05:02:03,089 {'epoch': 114, 'lr': 0.0004046202887985263, 'train_loss': 0.00071354748803389, 'mae': 0.17945328, 'elapsed_time': 77.10016751289368}
2021-10-09 05:03:20,606 {'epoch': 115, 'lr': 0.0003970190955087115, 'train_loss': 0.00070536597449804, 'mae': 0.17800689, 'elapsed_time': 77.06402659416199}
2021-10-09 05:04:38,025 {'epoch': 116, 'lr': 0.0003894445448913267, 'train_loss': 0.0006952584034228183, 'mae': 0.1797592, 'elapsed_time': 76.97569990158081}
2021-10-09 05:05:54,918 {'epoch': 117, 'lr': 0.00038189850585339675, 'train_loss': 0.0006863132094491626, 'mae': 0.18417916, 'elapsed_time': 76.89332365989685}
2021-10-09 05:07:11,733 {'epoch': 118, 'lr': 0.0003743828402671403, 'train_loss': 0.0006805515362380592, 'mae': 0.17801468, 'elapsed_time': 76.81478953361511}
2021-10-09 05:08:28,699 {'epoch': 119, 'lr': 0.0003668994025105814, 'train_loss': 0.0006823146436795484, 'mae': 0.18034703, 'elapsed_time': 76.9655659198761}
2021-10-09 05:09:45,767 {'epoch': 120, 'lr': 0.00035945003901000945, 'train_loss': 0.0006590094230945652, 'mae': 0.17629403, 'elapsed_time': 77.06711769104004}
2021-10-09 05:11:03,387 {'epoch': 121, 'lr': 0.00035203658778440103, 'train_loss': 0.0006533634303923946, 'mae': 0.1770166, 'elapsed_time': 77.17387008666992}
2021-10-09 05:12:20,750 {'epoch': 122, 'lr': 0.0003446608779919159, 'train_loss': 0.0006451492308286581, 'mae': 0.17566772, 'elapsed_time': 77.36234545707703}
2021-10-09 05:13:37,933 {'epoch': 123, 'lr': 0.00033732472947858063, 'train_loss': 0.0006300712399298265, 'mae': 0.17503253, 'elapsed_time': 76.73282599449158}
2021-10-09 05:14:55,662 {'epoch': 124, 'lr': 0.00033002995232926766, 'train_loss': 0.0006270403234995383, 'mae': 0.1721707, 'elapsed_time': 77.26683473587036}
2021-10-09 05:16:13,045 {'epoch': 125, 'lr': 0.0003227783464210844, 'train_loss': 0.0006136311047184025, 'mae': 0.17382368, 'elapsed_time': 76.93620777130127}
2021-10-09 05:17:29,545 {'epoch': 126, 'lr': 0.00031557170097928054, 'train_loss': 0.000640444777291231, 'mae': 0.17683399, 'elapsed_time': 76.49916577339172}
2021-10-09 05:18:46,447 {'epoch': 127, 'lr': 0.0003084117941357834, 'train_loss': 0.0006010486693735586, 'mae': 0.1720651, 'elapsed_time': 76.90120911598206}
2021-10-09 05:20:03,733 {'epoch': 128, 'lr': 0.00030130039249047106, 'train_loss': 0.0005887576738697081, 'mae': 0.176811, 'elapsed_time': 76.84168863296509}
2021-10-09 05:21:20,619 {'epoch': 129, 'lr': 0.00029423925067528897, 'train_loss': 0.0005862932660875532, 'mae': 0.17075814, 'elapsed_time': 76.88550353050232}
2021-10-09 05:22:37,689 {'epoch': 130, 'lr': 0.0002872301109213219, 'train_loss': 0.0005754130707919163, 'mae': 0.17192395, 'elapsed_time': 76.59785771369934}
2021-10-09 05:23:54,687 {'epoch': 131, 'lr': 0.0002802747026289243, 'train_loss': 0.0005588303528099047, 'mae': 0.17153375, 'elapsed_time': 76.99762415885925}
2021-10-09 05:25:11,667 {'epoch': 132, 'lr': 0.00027337474194101617, 'train_loss': 0.0005535976219406343, 'mae': 0.16998185, 'elapsed_time': 76.9790711402893}
2021-10-09 05:26:29,454 {'epoch': 133, 'lr': 0.00026653193131965077, 'train_loss': 0.0005469952287205487, 'mae': 0.16992006, 'elapsed_time': 77.32313704490662}
2021-10-09 05:27:46,477 {'epoch': 134, 'lr': 0.00025974795912595813, 'train_loss': 0.0005492699789247464, 'mae': 0.17034541, 'elapsed_time': 76.57895517349243}
2021-10-09 05:29:03,271 {'epoch': 135, 'lr': 0.0002530244992035661, 'train_loss': 0.0005342005024373413, 'mae': 0.16887023, 'elapsed_time': 76.79308605194092}
2021-10-09 05:30:20,332 {'epoch': 136, 'lr': 0.00024636321046560527, 'train_loss': 0.000525919817489275, 'mae': 0.1695809, 'elapsed_time': 76.58446717262268}
2021-10-09 05:31:37,217 {'epoch': 137, 'lr': 0.00023976573648539645, 'train_loss': 0.0005171652382759364, 'mae': 0.16780049, 'elapsed_time': 76.88380026817322}
2021-10-09 05:32:54,550 {'epoch': 138, 'lr': 0.00023323370509092462, 'train_loss': 0.0005115698687880343, 'mae': 0.16837513, 'elapsed_time': 76.88949799537659}
2021-10-09 05:34:11,075 {'epoch': 139, 'lr': 0.00022676872796319523, 'train_loss': 0.0005041186844669603, 'mae': 0.16707276, 'elapsed_time': 76.5242292881012}
2021-10-09 05:35:28,389 {'epoch': 140, 'lr': 0.00022037240023857702, 'train_loss': 0.0004980893418034866, 'mae': 0.16741332, 'elapsed_time': 76.87349915504456}
2021-10-09 05:36:45,219 {'epoch': 141, 'lr': 0.00021404630011522577, 'train_loss': 0.0004906968387662179, 'mae': 0.16851273, 'elapsed_time': 76.830073595047}
2021-10-09 05:38:02,081 {'epoch': 142, 'lr': 0.00020779198846368737, 'train_loss': 0.00048454893627028104, 'mae': 0.1675773, 'elapsed_time': 76.86148762702942}
2021-10-09 05:39:18,998 {'epoch': 143, 'lr': 0.0002016110084417765, 'train_loss': 0.0004806941968245053, 'mae': 0.16660145, 'elapsed_time': 76.91673231124878}
2021-10-09 05:40:36,387 {'epoch': 144, 'lr': 0.00019550488511382584, 'train_loss': 0.00047339504440250266, 'mae': 0.16800854, 'elapsed_time': 76.94735550880432}
2021-10-09 05:41:53,349 {'epoch': 145, 'lr': 0.00018947512507439847, 'train_loss': 0.0004685366099158449, 'mae': 0.16754024, 'elapsed_time': 76.96089243888855}
2021-10-09 05:43:10,279 {'epoch': 146, 'lr': 0.00018352321607655904, 'train_loss': 0.00046373390116789944, 'mae': 0.16674376, 'elapsed_time': 76.92992067337036}
2021-10-09 05:44:27,121 {'epoch': 147, 'lr': 0.0001776506266647923, 'train_loss': 0.0004518783125456119, 'mae': 0.16538745, 'elapsed_time': 76.84173798561096}
2021-10-09 05:45:44,390 {'epoch': 148, 'lr': 0.00017185880581266206, 'train_loss': 0.000446970718545559, 'mae': 0.16608457, 'elapsed_time': 76.82415986061096}
2021-10-09 05:47:01,342 {'epoch': 149, 'lr': 0.000166149182565299, 'train_loss': 0.0004395093580595581, 'mae': 0.16644453, 'elapsed_time': 76.95176291465759}
2021-10-09 05:48:18,265 {'epoch': 150, 'lr': 0.00016052316568680435, 'train_loss': 0.0004348816490819156, 'mae': 0.16759996, 'elapsed_time': 76.92259860038757}
2021-10-09 05:49:35,407 {'epoch': 151, 'lr': 0.00015498214331265893, 'train_loss': 0.00043078773760534895, 'mae': 0.16559622, 'elapsed_time': 77.14196991920471}
2021-10-09 05:50:52,124 {'epoch': 152, 'lr': 0.0001495274826072215, 'train_loss': 0.00042316020960747364, 'mae': 0.16481315, 'elapsed_time': 76.71631383895874}
2021-10-09 05:52:09,294 {'epoch': 153, 'lr': 0.00014416052942640132, 'train_loss': 0.0004201458156666786, 'mae': 0.16455074, 'elapsed_time': 76.72310972213745}
2021-10-09 05:53:26,398 {'epoch': 154, 'lr': 0.0001388826079855881, 'train_loss': 0.00041352638146532065, 'mae': 0.16445544, 'elapsed_time': 76.66663646697998}
2021-10-09 05:54:43,216 {'epoch': 155, 'lr': 0.00013369502053292245, 'train_loss': 0.00040702887528716055, 'mae': 0.16457887, 'elapsed_time': 76.37094759941101}
2021-10-09 05:56:00,105 {'epoch': 156, 'lr': 0.00012859904702798464, 'train_loss': 0.0004022138722171801, 'mae': 0.16421768, 'elapsed_time': 76.88783621788025}
2021-10-09 05:57:17,555 {'epoch': 157, 'lr': 0.00012359594482598432, 'train_loss': 0.0003983756738379746, 'mae': 0.16536441, 'elapsed_time': 77.00282168388367}
2021-10-09 05:58:34,927 {'epoch': 158, 'lr': 0.00011868694836752681, 'train_loss': 0.00039510874014725503, 'mae': 0.1642796, 'elapsed_time': 77.37146234512329}
2021-10-09 05:59:52,148 {'epoch': 159, 'lr': 0.0001138732688740332, 'train_loss': 0.00038975785240145846, 'mae': 0.16372204, 'elapsed_time': 77.22048091888428}
2021-10-09 06:01:09,459 {'epoch': 160, 'lr': 0.00010915609404889012, 'train_loss': 0.00038313790143642147, 'mae': 0.16408455, 'elapsed_time': 76.86553239822388}
2021-10-09 06:02:26,357 {'epoch': 161, 'lr': 0.00010453658778440103, 'train_loss': 0.0003811471988777201, 'mae': 0.16306622, 'elapsed_time': 76.89797735214233}
2021-10-09 06:03:43,562 {'epoch': 162, 'lr': 0.00010001588987461343, 'train_loss': 0.00037416203090682814, 'mae': 0.16387123, 'elapsed_time': 76.76158261299133}
2021-10-09 06:05:00,638 {'epoch': 163, 'lr': 9.559511573409192e-05, 'train_loss': 0.00037027618244803845, 'mae': 0.16309378, 'elapsed_time': 77.0750184059143}
2021-10-09 06:06:17,860 {'epoch': 164, 'lr': 9.12753561227063e-05, 'train_loss': 0.0003683002882268628, 'mae': 0.16351661, 'elapsed_time': 77.22201347351074}
2021-10-09 06:07:34,996 {'epoch': 165, 'lr': 8.705767687650262e-05, 'train_loss': 0.00036277019068835746, 'mae': 0.16310024, 'elapsed_time': 77.13564944267273}
2021-10-09 06:08:51,988 {'epoch': 166, 'lr': 8.294311864472445e-05, 'train_loss': 0.00036043517675430985, 'mae': 0.1636606, 'elapsed_time': 76.991938829422}
2021-10-09 06:10:09,297 {'epoch': 167, 'lr': 7.89326966330478e-05, 'train_loss': 0.00035517787581804654, 'mae': 0.16222498, 'elapsed_time': 77.30872368812561}
2021-10-09 06:11:27,004 {'epoch': 168, 'lr': 7.502740035309526e-05, 'train_loss': 0.00035286272559351996, 'mae': 0.16310121, 'elapsed_time': 77.25970029830933}
2021-10-09 06:12:44,038 {'epoch': 169, 'lr': 7.12281933782875e-05, 'train_loss': 0.00034895724054695047, 'mae': 0.16300589, 'elapsed_time': 77.03346419334412}
2021-10-09 06:14:00,972 {'epoch': 170, 'lr': 6.75360131060967e-05, 'train_loss': 0.0003463736937101745, 'mae': 0.16229674, 'elapsed_time': 76.93399834632874}
2021-10-09 06:15:17,851 {'epoch': 171, 'lr': 6.395177052675792e-05, 'train_loss': 0.0003414414868726487, 'mae': 0.16275972, 'elapsed_time': 76.87860679626465}
2021-10-09 06:16:34,866 {'epoch': 172, 'lr': 6.047634999849528e-05, 'train_loss': 0.0003381779253843251, 'mae': 0.16303611, 'elapsed_time': 77.01469898223877}
2021-10-09 06:17:51,548 {'epoch': 173, 'lr': 5.711060902932039e-05, 'train_loss': 0.0003347243394053401, 'mae': 0.16258939, 'elapsed_time': 76.68137240409851}
2021-10-09 06:19:08,204 {'epoch': 174, 'lr': 5.385537806545467e-05, 'train_loss': 0.00033275193100914884, 'mae': 0.16257016, 'elapsed_time': 76.65548372268677}
2021-10-09 06:20:25,029 {'epoch': 175, 'lr': 5.0711460286429424e-05, 'train_loss': 0.0003294945227919113, 'mae': 0.1624197, 'elapsed_time': 76.8247001171112}
2021-10-09 06:21:41,587 {'epoch': 176, 'lr': 4.767963140691315e-05, 'train_loss': 0.00032799785803680075, 'mae': 0.16250083, 'elapsed_time': 76.55691361427307}
2021-10-09 06:22:58,454 {'epoch': 177, 'lr': 4.4760639485315563e-05, 'train_loss': 0.0003246786141357057, 'mae': 0.16231775, 'elapsed_time': 76.8668098449707}
2021-10-09 06:24:15,521 {'epoch': 178, 'lr': 4.195520473921563e-05, 'train_loss': 0.00032155157626662686, 'mae': 0.16216703, 'elapsed_time': 77.0666618347168}
2021-10-09 06:25:33,256 {'epoch': 179, 'lr': 3.9264019367658385e-05, 'train_loss': 0.00031980208637818667, 'mae': 0.16211735, 'elapsed_time': 77.2705807685852}
2021-10-09 06:26:50,708 {'epoch': 180, 'lr': 3.6687747380365064e-05, 'train_loss': 0.0003179242375267903, 'mae': 0.16226596, 'elapsed_time': 76.99879336357117}
2021-10-09 06:28:08,043 {'epoch': 181, 'lr': 3.422702443389899e-05, 'train_loss': 0.0003156972039957525, 'mae': 0.1621245, 'elapsed_time': 77.33509540557861}
2021-10-09 06:29:24,855 {'epoch': 182, 'lr': 3.188245767482658e-05, 'train_loss': 0.0003135058620291644, 'mae': 0.16199292, 'elapsed_time': 76.81121301651001}
2021-10-09 06:30:42,244 {'epoch': 183, 'lr': 2.965462558991323e-05, 'train_loss': 0.0003113480671163898, 'mae': 0.16198686, 'elapsed_time': 76.92144513130188}
2021-10-09 06:31:59,880 {'epoch': 184, 'lr': 2.7544077863390004e-05, 'train_loss': 0.0003101349365141433, 'mae': 0.16210409, 'elapsed_time': 77.18774056434631}
2021-10-09 06:33:16,871 {'epoch': 185, 'lr': 2.5551335241327672e-05, 'train_loss': 0.0003081317576274246, 'mae': 0.16218704, 'elapsed_time': 76.9907341003418}
2021-10-09 06:34:34,137 {'epoch': 186, 'lr': 2.367688940315011e-05, 'train_loss': 0.00030668604072254965, 'mae': 0.16197252, 'elapsed_time': 77.26517176628113}
2021-10-09 06:35:51,915 {'epoch': 187, 'lr': 2.1921202840320077e-05, 'train_loss': 0.0003052693178520505, 'mae': 0.16194947, 'elapsed_time': 77.31465721130371}
2021-10-09 06:37:09,569 {'epoch': 188, 'lr': 2.0284708742225903e-05, 'train_loss': 0.0003040489720920011, 'mae': 0.16197145, 'elapsed_time': 77.20318984985352}
2021-10-09 06:38:26,912 {'epoch': 189, 'lr': 1.8767810889299086e-05, 'train_loss': 0.000302531711221472, 'mae': 0.1619034, 'elapsed_time': 77.34258937835693}
2021-10-09 06:39:44,497 {'epoch': 190, 'lr': 1.7370883553386936e-05, 'train_loss': 0.00030148802331301296, 'mae': 0.16205475, 'elapsed_time': 77.13109087944031}
2021-10-09 06:41:01,307 {'epoch': 191, 'lr': 1.6094271405406862e-05, 'train_loss': 0.00030029637234827355, 'mae': 0.16200213, 'elapsed_time': 76.81048059463501}
2021-10-09 06:42:18,067 {'epoch': 192, 'lr': 1.4938289430304022e-05, 'train_loss': 0.0002993761718574346, 'mae': 0.16207878, 'elapsed_time': 76.75871872901917}
2021-10-09 06:43:35,398 {'epoch': 193, 'lr': 1.3903222849333509e-05, 'train_loss': 0.0002985527798486534, 'mae': 0.16199283, 'elapsed_time': 77.33091688156128}
2021-10-09 06:44:52,748 {'epoch': 194, 'lr': 1.2989327049686102e-05, 'train_loss': 0.0002977530858642993, 'mae': 0.16207728, 'elapsed_time': 77.34995698928833}
2021-10-09 06:46:09,520 {'epoch': 195, 'lr': 1.2196827521475404e-05, 'train_loss': 0.00029665955618231245, 'mae': 0.16210711, 'elapsed_time': 76.7713725566864}
2021-10-09 06:47:26,694 {'epoch': 196, 'lr': 1.152591980210166e-05, 'train_loss': 0.00029627105463086333, 'mae': 0.16205063, 'elapsed_time': 77.17380928993225}
2021-10-09 06:48:43,565 {'epoch': 197, 'lr': 1.097676942800558e-05, 'train_loss': 0.0002955111913503974, 'mae': 0.16205607, 'elapsed_time': 76.8702621459961}
2021-10-09 06:50:00,600 {'epoch': 198, 'lr': 1.0549511893824899e-05, 'train_loss': 0.0002948771767204688, 'mae': 0.16207351, 'elapsed_time': 77.03461575508118}
2021-10-09 06:51:18,078 {'epoch': 199, 'lr': 1.0244252618962858e-05, 'train_loss': 0.0002945109454432294, 'mae': 0.1621211, 'elapsed_time': 77.47804880142212}
2021-10-09 06:52:34,774 {'epoch': 200, 'lr': 1.006106692157801e-05, 'train_loss': 0.00029404381814062834, 'mae': 0.16205344, 'elapsed_time': 76.69520354270935}
2021-10-09 06:53:14,761 Total CV: 0.16190339624881744
