2021-10-20 08:25:43,387 create aug feature 0
2021-10-20 08:26:43,740 create aug feature 1
2021-10-20 08:27:40,809 create aug feature 2
2021-10-20 08:28:36,964 create aug feature 3
2021-10-20 08:29:33,537 create aug feature 4
2021-10-20 08:30:30,450 create aug feature 5
2021-10-20 08:31:27,597 create aug feature 6
2021-10-20 08:32:24,709 create aug feature 7
2021-10-20 08:33:21,946 create aug feature 8
2021-10-20 08:34:19,107 create aug feature 9
2021-10-20 08:37:14,401 Fold 0
2021-10-20 08:37:44,460 train run device : cuda:0
2021-10-20 08:48:49,336 create aug feature 0
2021-10-20 08:49:49,726 create aug feature 1
2021-10-20 08:50:46,467 create aug feature 2
2021-10-20 08:51:43,025 create aug feature 3
2021-10-20 08:52:39,817 create aug feature 4
2021-10-20 08:53:36,644 create aug feature 5
2021-10-20 08:54:33,030 create aug feature 6
2021-10-20 08:55:29,192 create aug feature 7
2021-10-20 08:56:25,349 create aug feature 8
2021-10-20 08:57:21,170 create aug feature 9
2021-10-20 09:00:12,745 Fold 0
2021-10-20 09:00:42,771 train run device : cuda:0
2021-10-20 09:35:37,564 create aug feature 0
2021-10-20 09:36:37,323 create aug feature 1
2021-10-20 09:37:33,163 create aug feature 2
2021-10-20 09:38:28,205 create aug feature 3
2021-10-20 09:39:23,446 create aug feature 4
2021-10-20 09:40:18,654 create aug feature 5
2021-10-20 09:41:13,326 create aug feature 6
2021-10-20 09:42:08,166 create aug feature 7
2021-10-20 09:43:03,486 create aug feature 8
2021-10-20 09:43:58,863 create aug feature 9
2021-10-20 09:46:47,648 Fold 0
2021-10-20 09:47:17,565 train run device : cuda:0
2021-10-20 09:50:22,931 create aug feature 0
2021-10-20 09:51:23,991 create aug feature 1
2021-10-20 09:52:19,722 create aug feature 2
2021-10-20 09:53:15,307 create aug feature 3
2021-10-20 09:54:11,178 create aug feature 4
2021-10-20 09:55:06,859 create aug feature 5
2021-10-20 09:56:02,614 create aug feature 6
2021-10-20 09:56:58,118 create aug feature 7
2021-10-20 09:57:53,545 create aug feature 8
2021-10-20 09:58:49,074 create aug feature 9
2021-10-20 10:01:39,435 Fold 0
2021-10-20 10:02:09,205 train run device : cuda:0
2021-10-20 10:09:12,866 create aug feature 0
2021-10-20 10:10:11,291 create aug feature 1
2021-10-20 10:11:06,269 create aug feature 2
2021-10-20 10:12:01,091 create aug feature 3
2021-10-20 10:12:56,318 create aug feature 4
2021-10-20 10:13:51,887 create aug feature 5
2021-10-20 10:14:47,138 create aug feature 6
2021-10-20 10:15:41,609 create aug feature 7
2021-10-20 10:16:36,493 create aug feature 8
2021-10-20 10:17:31,540 create aug feature 9
2021-10-20 10:20:19,423 Fold 0
2021-10-20 10:20:49,269 train run device : cuda:0
2021-10-20 10:21:39,182 multi task weight : 0.7
2021-10-20 10:22:56,625 {'epoch': 1, 'lr': 0.001, 'train_loss': 0.011510745030590207, 'mae': 1.576009, 'elapsed_time': 77.76809096336365}
2021-10-20 10:22:57,243 multi task weight : 0.7013333333333333
2021-10-20 10:24:15,379 {'epoch': 2, 'lr': 0.000999960916880889, 'train_loss': 0.004913788536196911, 'mae': 1.0895176, 'elapsed_time': 78.35218954086304}
2021-10-20 10:24:16,008 multi task weight : 0.7026666666666667
2021-10-20 10:25:34,003 {'epoch': 3, 'lr': 0.0009998436736952333, 'train_loss': 0.003925099632177549, 'mae': 0.949361, 'elapsed_time': 78.1870231628418}
2021-10-20 10:25:34,627 multi task weight : 0.704
2021-10-20 10:26:52,698 {'epoch': 4, 'lr': 0.0009996482889570914, 'train_loss': 0.003512745121008833, 'mae': 0.7953892, 'elapsed_time': 78.25958514213562}
2021-10-20 10:26:53,323 multi task weight : 0.7053333333333334
2021-10-20 10:28:11,503 {'epoch': 5, 'lr': 0.0009993747935199784, 'train_loss': 0.0032485847943385282, 'mae': 0.7286861, 'elapsed_time': 78.37046337127686}
2021-10-20 10:28:12,125 multi task weight : 0.7066666666666667
2021-10-20 10:29:29,883 {'epoch': 6, 'lr': 0.0009990232305719941, 'train_loss': 0.0030714586066085824, 'mae': 0.6468127, 'elapsed_time': 77.96040058135986}
2021-10-20 10:29:30,503 multi task weight : 0.708
2021-10-20 10:30:48,606 {'epoch': 7, 'lr': 0.0009985936556290037, 'train_loss': 0.0029288278476657893, 'mae': 0.6165701, 'elapsed_time': 78.29143071174622}
2021-10-20 10:30:49,246 multi task weight : 0.7093333333333334
2021-10-20 10:32:07,504 {'epoch': 8, 'lr': 0.0009980861365258703, 'train_loss': 0.002890939127241562, 'mae': 0.67976373, 'elapsed_time': 78.47307109832764}
2021-10-20 10:32:07,706 multi task weight : 0.7106666666666667
2021-10-20 10:33:25,887 {'epoch': 9, 'lr': 0.0009975007534057435, 'train_loss': 0.002822571726746714, 'mae': 0.62935305, 'elapsed_time': 78.38288521766663}
2021-10-20 10:33:26,097 multi task weight : 0.712
2021-10-20 10:34:44,108 {'epoch': 10, 'lr': 0.000996837598707404, 'train_loss': 0.0027107475637757595, 'mae': 0.6507977, 'elapsed_time': 78.22000098228455}
2021-10-20 10:34:44,315 multi task weight : 0.7133333333333334
2021-10-20 10:36:01,821 {'epoch': 11, 'lr': 0.0009960967771506664, 'train_loss': 0.0027416811933811333, 'mae': 0.54947704, 'elapsed_time': 77.71312379837036}
2021-10-20 10:36:02,459 multi task weight : 0.7146666666666666
2021-10-20 10:37:20,316 {'epoch': 12, 'lr': 0.000995278405719842, 'train_loss': 0.0026252417117258505, 'mae': 0.550475, 'elapsed_time': 78.06649541854858}
2021-10-20 10:37:20,507 multi task weight : 0.716
2021-10-20 10:38:38,611 {'epoch': 13, 'lr': 0.0009943826136452672, 'train_loss': 0.0026321871217273576, 'mae': 0.5276164, 'elapsed_time': 78.29449820518494}
2021-10-20 10:38:39,246 multi task weight : 0.7173333333333333
2021-10-20 10:39:57,345 {'epoch': 14, 'lr': 0.0009934095423828945, 'train_loss': 0.0025603154115008547, 'mae': 0.75060576, 'elapsed_time': 78.299063205719}
2021-10-20 10:39:57,542 multi task weight : 0.7186666666666666
2021-10-20 10:41:15,620 {'epoch': 15, 'lr': 0.0009923593455919565, 'train_loss': 0.0028768390501035294, 'mae': 0.6195627, 'elapsed_time': 78.27534127235413}
2021-10-20 10:41:15,812 multi task weight : 0.72
2021-10-20 10:42:34,072 {'epoch': 16, 'lr': 0.0009912321891107007, 'train_loss': 0.002584062800591477, 'mae': 0.5048808, 'elapsed_time': 78.45160698890686}
2021-10-20 10:42:34,709 multi task weight : 0.7213333333333333
2021-10-20 10:43:52,988 {'epoch': 17, 'lr': 0.000990028250930202, 'train_loss': 0.002446213823782047, 'mae': 0.4917385, 'elapsed_time': 78.48263478279114}
2021-10-20 10:43:53,613 multi task weight : 0.7226666666666667
2021-10-20 10:45:11,911 {'epoch': 18, 'lr': 0.0009887477211662555, 'train_loss': 0.00255793580320041, 'mae': 0.4702402, 'elapsed_time': 78.4881739616394}
2021-10-20 10:45:12,533 multi task weight : 0.724
2021-10-20 10:46:30,517 {'epoch': 19, 'lr': 0.0009873908020293554, 'train_loss': 0.002399079400905321, 'mae': 0.4758759, 'elapsed_time': 78.1748616695404}
2021-10-20 10:46:30,707 multi task weight : 0.7253333333333333
2021-10-20 10:47:49,058 {'epoch': 20, 'lr': 0.0009859577077927632, 'train_loss': 0.002338143234925605, 'mae': 0.5123428, 'elapsed_time': 78.54003357887268}
2021-10-20 10:47:49,250 multi task weight : 0.7266666666666667
2021-10-20 10:49:07,300 {'epoch': 21, 'lr': 0.000984448664758672, 'train_loss': 0.0025044962260168543, 'mae': 0.46597767, 'elapsed_time': 78.24218320846558}
2021-10-20 10:49:07,923 multi task weight : 0.728
2021-10-20 10:50:26,242 {'epoch': 22, 'lr': 0.00098286391122247, 'train_loss': 0.002464762204150793, 'mae': 0.5042583, 'elapsed_time': 78.51141238212585}
2021-10-20 10:50:26,445 multi task weight : 0.7293333333333333
2021-10-20 10:51:44,945 {'epoch': 23, 'lr': 0.0009812036974351118, 'train_loss': 0.002343180765273794, 'mae': 0.4671299, 'elapsed_time': 78.70212459564209}
2021-10-20 10:51:45,139 multi task weight : 0.7306666666666667
2021-10-20 10:53:03,394 {'epoch': 24, 'lr': 0.0009794682855636002, 'train_loss': 0.0023392481365252836, 'mae': 0.45491683, 'elapsed_time': 78.44834065437317}
2021-10-20 10:53:04,021 multi task weight : 0.732
2021-10-20 10:54:22,167 {'epoch': 25, 'lr': 0.0009776579496495873, 'train_loss': 0.0023207058259850704, 'mae': 0.42480576, 'elapsed_time': 78.3411021232605}
2021-10-20 10:54:22,793 multi task weight : 0.7333333333333334
2021-10-20 10:55:40,959 {'epoch': 26, 'lr': 0.0009757729755661, 'train_loss': 0.0023853708549869857, 'mae': 0.43998975, 'elapsed_time': 78.36144256591797}
2021-10-20 10:55:41,159 multi task weight : 0.7346666666666667
2021-10-20 10:56:59,077 {'epoch': 27, 'lr': 0.0009738136609723973, 'train_loss': 0.0023510907640257287, 'mae': 0.48401648, 'elapsed_time': 78.11763215065002}
2021-10-20 10:56:59,293 multi task weight : 0.736
2021-10-20 10:58:17,531 {'epoch': 28, 'lr': 0.0009717803152669668, 'train_loss': 0.00229636871973713, 'mae': 0.43562692, 'elapsed_time': 78.45315957069397}
2021-10-20 10:58:17,723 multi task weight : 0.7373333333333334
2021-10-20 10:59:35,895 {'epoch': 29, 'lr': 0.0009696732595386666, 'train_loss': 0.00223880780550958, 'mae': 0.4160203, 'elapsed_time': 78.3639566898346}
2021-10-20 10:59:36,530 multi task weight : 0.7386666666666666
2021-10-20 11:00:54,803 {'epoch': 30, 'lr': 0.0009674928265160219, 'train_loss': 0.002223048659598219, 'mae': 0.40153953, 'elapsed_time': 78.47238183021545}
2021-10-20 11:00:55,437 multi task weight : 0.74
2021-10-20 11:02:13,873 {'epoch': 31, 'lr': 0.0009652393605146833, 'train_loss': 0.0022548452804742702, 'mae': 0.6754647, 'elapsed_time': 78.6431233882904}
2021-10-20 11:02:14,063 multi task weight : 0.7413333333333334
2021-10-20 11:03:32,365 {'epoch': 32, 'lr': 0.0009629132173830556, 'train_loss': 0.0024044642196517658, 'mae': 0.46191344, 'elapsed_time': 78.49149346351624}
2021-10-20 11:03:32,554 multi task weight : 0.7426666666666666
2021-10-20 11:04:50,677 {'epoch': 33, 'lr': 0.0009605147644461048, 'train_loss': 0.0024496847283492587, 'mae': 0.42308968, 'elapsed_time': 78.3109724521637}
2021-10-20 11:04:50,870 multi task weight : 0.744
2021-10-20 11:06:09,089 {'epoch': 34, 'lr': 0.0009580443804473531, 'train_loss': 0.0022280425818314844, 'mae': 0.3943272, 'elapsed_time': 78.41154885292053}
2021-10-20 11:06:09,725 multi task weight : 0.7453333333333333
2021-10-20 11:07:28,143 {'epoch': 35, 'lr': 0.0009555024554890718, 'train_loss': 0.002113030711404925, 'mae': 0.4210209, 'elapsed_time': 78.62548828125}
2021-10-20 11:07:28,341 multi task weight : 0.7466666666666666
2021-10-20 11:08:46,566 {'epoch': 36, 'lr': 0.0009528893909706786, 'train_loss': 0.0021897747567092606, 'mae': 0.3826453, 'elapsed_time': 78.42212653160095}
2021-10-20 11:08:47,191 multi task weight : 0.7479999999999999
2021-10-20 11:10:05,510 {'epoch': 37, 'lr': 0.0009502055995253526, 'train_loss': 0.0022095821118951237, 'mae': 0.47483793, 'elapsed_time': 78.51023149490356}
2021-10-20 11:10:05,695 multi task weight : 0.7493333333333333
2021-10-20 11:11:24,598 {'epoch': 38, 'lr': 0.0009474515049548744, 'train_loss': 0.0021518792858318905, 'mae': 0.38606957, 'elapsed_time': 79.08711814880371}
2021-10-20 11:11:24,796 multi task weight : 0.7506666666666666
2021-10-20 11:12:43,131 {'epoch': 39, 'lr': 0.0009446275421627035, 'train_loss': 0.002215331373396814, 'mae': 0.46179327, 'elapsed_time': 78.53281378746033}
2021-10-20 11:12:43,320 multi task weight : 0.752
2021-10-20 11:14:01,544 {'epoch': 40, 'lr': 0.0009417341570853008, 'train_loss': 0.0021933808666021325, 'mae': 0.4128521, 'elapsed_time': 78.41246747970581}
2021-10-20 11:14:01,737 multi task weight : 0.7533333333333333
2021-10-20 11:15:20,057 {'epoch': 41, 'lr': 0.0009387718066217113, 'train_loss': 0.0021343631577302163, 'mae': 0.41008645, 'elapsed_time': 78.51338839530945}
2021-10-20 11:15:20,271 multi task weight : 0.7546666666666666
2021-10-20 11:16:38,803 {'epoch': 42, 'lr': 0.0009357409585614141, 'train_loss': 0.0019294887872485628, 'mae': 0.38377982, 'elapsed_time': 78.7453281879425}
2021-10-20 11:16:39,001 multi task weight : 0.756
2021-10-20 11:17:57,308 {'epoch': 43, 'lr': 0.0009326420915104522, 'train_loss': 0.0020889031753250115, 'mae': 0.4713785, 'elapsed_time': 78.50443315505981}
2021-10-20 11:17:57,501 multi task weight : 0.7573333333333334
2021-10-20 11:19:15,805 {'epoch': 44, 'lr': 0.0009294756948158567, 'train_loss': 0.002283116565329733, 'mae': 0.38033435, 'elapsed_time': 78.49705243110657}
2021-10-20 11:19:16,449 multi task weight : 0.7586666666666666
2021-10-20 11:20:34,647 {'epoch': 45, 'lr': 0.0009262422684883714, 'train_loss': 0.0021756179736911103, 'mae': 0.4040779, 'elapsed_time': 78.39088416099548}
2021-10-20 11:20:34,839 multi task weight : 0.76
2021-10-20 11:21:53,018 {'epoch': 46, 'lr': 0.0009229423231234963, 'train_loss': 0.0021092030341317907, 'mae': 0.35186958, 'elapsed_time': 78.37005591392517}
2021-10-20 11:21:53,649 multi task weight : 0.7613333333333333
2021-10-20 11:23:11,915 {'epoch': 47, 'lr': 0.0009195763798208591, 'train_loss': 0.002042944346924267, 'mae': 0.39754102, 'elapsed_time': 78.45904660224915}
2021-10-20 11:23:12,106 multi task weight : 0.7626666666666666
2021-10-20 11:24:30,406 {'epoch': 48, 'lr': 0.0009161449701019262, 'train_loss': 0.0021673182327969333, 'mae': 0.39787617, 'elapsed_time': 78.49028015136719}
2021-10-20 11:24:30,598 multi task weight : 0.764
2021-10-20 11:25:48,982 {'epoch': 49, 'lr': 0.0009126486358260705, 'train_loss': 0.0020267876503264532, 'mae': 0.39068374, 'elapsed_time': 78.57540154457092}
2021-10-20 11:25:49,186 multi task weight : 0.7653333333333333
2021-10-20 11:27:07,164 {'epoch': 50, 'lr': 0.000909087929105005, 'train_loss': 0.002049207738727193, 'mae': 0.3644922, 'elapsed_time': 78.18195295333862}
2021-10-20 11:27:07,357 multi task weight : 0.7666666666666666
2021-10-20 11:28:25,546 {'epoch': 51, 'lr': 0.0009054634122155979, 'train_loss': 0.002079654609163602, 'mae': 0.3609138, 'elapsed_time': 78.381680727005}
2021-10-20 11:28:25,752 multi task weight : 0.768
2021-10-20 11:29:44,000 {'epoch': 52, 'lr': 0.0009017756575110829, 'train_loss': 0.0019619072230151347, 'mae': 0.36983347, 'elapsed_time': 78.45359325408936}
2021-10-20 11:29:44,194 multi task weight : 0.7693333333333333
2021-10-20 11:31:02,518 {'epoch': 53, 'lr': 0.0008980252473306773, 'train_loss': 0.0019406022176867372, 'mae': 0.3888729, 'elapsed_time': 78.51780080795288}
2021-10-20 11:31:02,713 multi task weight : 0.7706666666666666
2021-10-20 11:32:20,959 {'epoch': 54, 'lr': 0.0008942127739076252, 'train_loss': 0.0020556347075580683, 'mae': 0.37062708, 'elapsed_time': 78.44062900543213}
2021-10-20 11:32:21,151 multi task weight : 0.772
2021-10-20 11:33:39,551 {'epoch': 55, 'lr': 0.0008903388392756755, 'train_loss': 0.001897222757576474, 'mae': 0.35872465, 'elapsed_time': 78.59164690971375}
2021-10-20 11:33:39,744 multi task weight : 0.7733333333333332
2021-10-20 11:34:57,973 {'epoch': 56, 'lr': 0.0008864040551740145, 'train_loss': 0.002185756431965341, 'mae': 0.3590773, 'elapsed_time': 78.42177891731262}
2021-10-20 11:34:58,173 multi task weight : 0.7746666666666666
2021-10-20 11:36:16,741 {'epoch': 57, 'lr': 0.0008824090429506656, 'train_loss': 0.0025583426416848493, 'mae': 0.36456427, 'elapsed_time': 78.76732730865479}
2021-10-20 11:36:16,932 multi task weight : 0.776
2021-10-20 11:37:35,061 {'epoch': 58, 'lr': 0.0008783544334643704, 'train_loss': 0.002032897613493317, 'mae': 0.39564297, 'elapsed_time': 78.31923604011536}
2021-10-20 11:37:35,265 multi task weight : 0.7773333333333332
2021-10-20 11:38:53,685 {'epoch': 59, 'lr': 0.0008742408669849691, 'train_loss': 0.0021384208414375267, 'mae': 0.37098116, 'elapsed_time': 78.62425518035889}
2021-10-20 11:38:53,872 multi task weight : 0.7786666666666666
2021-10-20 11:40:12,287 {'epoch': 60, 'lr': 0.0008700689930922951, 'train_loss': 0.0021085643448365138, 'mae': 0.39842188, 'elapsed_time': 78.60115385055542}
2021-10-20 11:40:12,482 multi task weight : 0.78
2021-10-20 11:41:30,734 {'epoch': 61, 'lr': 0.0008658394705735977, 'train_loss': 0.001867259878879987, 'mae': 0.33516592, 'elapsed_time': 78.44733595848083}
2021-10-20 11:41:31,395 multi task weight : 0.7813333333333332
2021-10-20 11:42:49,758 {'epoch': 62, 'lr': 0.0008615529673195128, 'train_loss': 0.0020783228517032917, 'mae': 0.3435213, 'elapsed_time': 78.58335137367249}
2021-10-20 11:42:49,965 multi task weight : 0.7826666666666666
2021-10-20 11:44:08,336 {'epoch': 63, 'lr': 0.0008572101602185953, 'train_loss': 0.0018401476453972464, 'mae': 0.4133745, 'elapsed_time': 78.57765674591064}
2021-10-20 11:44:08,532 multi task weight : 0.784
2021-10-20 11:45:26,398 {'epoch': 64, 'lr': 0.0008528117350504294, 'train_loss': 0.0019759895207176466, 'mae': 0.39303407, 'elapsed_time': 78.06137204170227}
2021-10-20 11:45:26,603 multi task weight : 0.7853333333333332
2021-10-20 11:46:44,974 {'epoch': 65, 'lr': 0.0008483583863773374, 'train_loss': 0.0019626451956171165, 'mae': 0.36900517, 'elapsed_time': 78.57514786720276}
2021-10-20 11:46:45,170 multi task weight : 0.7866666666666666
2021-10-20 11:48:03,560 {'epoch': 66, 'lr': 0.0008438508174346998, 'train_loss': 0.0019143600088425074, 'mae': 0.37975466, 'elapsed_time': 78.58556365966797}
2021-10-20 11:48:03,753 multi task weight : 0.788
2021-10-20 11:49:22,045 {'epoch': 67, 'lr': 0.0008392897400199059, 'train_loss': 0.0019475414655297856, 'mae': 0.37077564, 'elapsed_time': 78.48493599891663}
2021-10-20 11:49:22,261 multi task weight : 0.7893333333333333
2021-10-20 11:50:40,732 {'epoch': 68, 'lr': 0.0008346758743799535, 'train_loss': 0.001955986632968591, 'mae': 0.45630583, 'elapsed_time': 78.68649387359619}
2021-10-20 11:50:40,927 multi task weight : 0.7906666666666666
2021-10-20 11:51:59,246 {'epoch': 69, 'lr': 0.0008300099490977124, 'train_loss': 0.001820485167713889, 'mae': 0.38107935, 'elapsed_time': 78.51343750953674}
2021-10-20 11:51:59,444 multi task weight : 0.792
2021-10-20 11:53:17,661 {'epoch': 70, 'lr': 0.000825292700976874, 'train_loss': 0.0018229091509120048, 'mae': 0.3456173, 'elapsed_time': 78.41456627845764}
2021-10-20 11:53:17,858 multi task weight : 0.7933333333333333
2021-10-20 11:54:36,318 {'epoch': 71, 'lr': 0.0008205248749256004, 'train_loss': 0.0019388860297704707, 'mae': 0.3442977, 'elapsed_time': 78.65752625465393}
2021-10-20 11:54:36,514 multi task weight : 0.7946666666666666
2021-10-20 11:55:54,853 {'epoch': 72, 'lr': 0.0008157072238388957, 'train_loss': 0.0017194653091602882, 'mae': 0.31834328, 'elapsed_time': 78.53417944908142}
2021-10-20 11:55:55,483 multi task weight : 0.796
2021-10-20 11:57:13,858 {'epoch': 73, 'lr': 0.0008108405084797145, 'train_loss': 0.0016801573311437275, 'mae': 0.36722556, 'elapsed_time': 78.57063627243042}
2021-10-20 11:57:14,056 multi task weight : 0.7973333333333333
2021-10-20 11:58:32,356 {'epoch': 74, 'lr': 0.0008059254973588287, 'train_loss': 0.001981912484186386, 'mae': 0.347093, 'elapsed_time': 78.49767851829529}
2021-10-20 11:58:32,554 multi task weight : 0.7986666666666666
2021-10-20 11:59:50,945 {'epoch': 75, 'lr': 0.0008009629666134708, 'train_loss': 0.0017427881598235599, 'mae': 0.31317806, 'elapsed_time': 78.58862113952637}
2021-10-20 11:59:51,564 multi task weight : 0.8
2021-10-20 12:01:09,811 {'epoch': 76, 'lr': 0.0007959536998847731, 'train_loss': 0.0017859625482575005, 'mae': 0.37357876, 'elapsed_time': 78.43538069725037}
2021-10-20 12:01:10,014 multi task weight : 0.8013333333333333
2021-10-20 12:02:28,161 {'epoch': 77, 'lr': 0.0007908984881940213, 'train_loss': 0.0017261263699010954, 'mae': 0.31464848, 'elapsed_time': 78.34969973564148}
2021-10-20 12:02:28,372 multi task weight : 0.8026666666666666
2021-10-20 12:03:46,845 {'epoch': 78, 'lr': 0.0007857981298177435, 'train_loss': 0.0016225374203158026, 'mae': 0.29563195, 'elapsed_time': 78.68430280685425}
2021-10-20 12:03:47,463 multi task weight : 0.804
2021-10-20 12:05:05,654 {'epoch': 79, 'lr': 0.000780653430161652, 'train_loss': 0.0016416766171604691, 'mae': 0.37089315, 'elapsed_time': 78.38094592094421}
2021-10-20 12:05:05,859 multi task weight : 0.8053333333333333
2021-10-20 12:06:24,192 {'epoch': 80, 'lr': 0.0007754652016334621, 'train_loss': 0.002142442945536594, 'mae': 0.56109285, 'elapsed_time': 78.53684425354004}
2021-10-20 12:06:24,391 multi task weight : 0.8066666666666666
2021-10-20 12:07:42,857 {'epoch': 81, 'lr': 0.0007702342635146022, 'train_loss': 0.001849463842241396, 'mae': 0.3217916, 'elapsed_time': 78.6650173664093}
2021-10-20 12:07:43,053 multi task weight : 0.808
2021-10-20 12:09:01,422 {'epoch': 82, 'lr': 0.0007649614418308403, 'train_loss': 0.0015572215747051163, 'mae': 0.30587378, 'elapsed_time': 78.56521821022034}
2021-10-20 12:09:01,617 multi task weight : 0.8093333333333333
2021-10-20 12:10:19,838 {'epoch': 83, 'lr': 0.0007596475692218447, 'train_loss': 0.00163906621367154, 'mae': 0.29835218, 'elapsed_time': 78.4156129360199}
2021-10-20 12:10:20,035 multi task weight : 0.8106666666666666
2021-10-20 12:11:38,286 {'epoch': 84, 'lr': 0.0007542934848097005, 'train_loss': 0.0015349947528344578, 'mae': 0.3486292, 'elapsed_time': 78.44715094566345}
2021-10-20 12:11:38,485 multi task weight : 0.812
2021-10-20 12:12:56,970 {'epoch': 85, 'lr': 0.0007489000340664033, 'train_loss': 0.0016603784034531033, 'mae': 0.29986465, 'elapsed_time': 78.6835036277771}
2021-10-20 12:12:57,159 multi task weight : 0.8133333333333334
2021-10-20 12:14:15,339 {'epoch': 86, 'lr': 0.000743468068680348, 'train_loss': 0.001698898747711485, 'mae': 0.41182557, 'elapsed_time': 78.3691565990448}
2021-10-20 12:14:15,533 multi task weight : 0.8146666666666667
2021-10-20 12:15:34,368 {'epoch': 87, 'lr': 0.0007379984464218386, 'train_loss': 0.0018837844759146847, 'mae': 0.3207746, 'elapsed_time': 79.02845573425293}
2021-10-20 12:15:34,567 multi task weight : 0.8160000000000001
2021-10-20 12:16:52,851 {'epoch': 88, 'lr': 0.0007324920310076356, 'train_loss': 0.001742073352157951, 'mae': 0.31623912, 'elapsed_time': 78.48278307914734}
2021-10-20 12:16:53,052 multi task weight : 0.8173333333333334
2021-10-20 12:18:11,169 {'epoch': 89, 'lr': 0.0007269496919645652, 'train_loss': 0.001831034256418151, 'mae': 0.32281113, 'elapsed_time': 78.31774973869324}
2021-10-20 12:18:11,375 multi task weight : 0.8186666666666667
2021-10-20 12:19:29,860 {'epoch': 90, 'lr': 0.0007213723044922109, 'train_loss': 0.001509276356096296, 'mae': 0.29351735, 'elapsed_time': 78.69028997421265}
2021-10-20 12:19:30,499 multi task weight : 0.8200000000000001
2021-10-20 12:20:48,814 {'epoch': 91, 'lr': 0.0007157607493247101, 'train_loss': 0.0013637390286421601, 'mae': 0.28310147, 'elapsed_time': 78.51405024528503}
2021-10-20 12:20:49,458 multi task weight : 0.8213333333333334
2021-10-20 12:22:07,914 {'epoch': 92, 'lr': 0.0007101159125916748, 'train_loss': 0.0013765747084315048, 'mae': 0.3551874, 'elapsed_time': 78.66761779785156}
2021-10-20 12:22:08,109 multi task weight : 0.8226666666666667
2021-10-20 12:23:26,361 {'epoch': 93, 'lr': 0.0007044386856782622, 'train_loss': 0.0015635352747143303, 'mae': 0.2842153, 'elapsed_time': 78.44753623008728}
2021-10-20 12:23:26,564 multi task weight : 0.8240000000000001
2021-10-20 12:24:44,937 {'epoch': 94, 'lr': 0.0006987299650844144, 'train_loss': 0.0014324399435891467, 'mae': 0.2855625, 'elapsed_time': 78.57514214515686}
2021-10-20 12:24:45,129 multi task weight : 0.8253333333333334
2021-10-20 12:26:03,529 {'epoch': 95, 'lr': 0.0006929906522832908, 'train_loss': 0.001308073644323251, 'mae': 0.27997681, 'elapsed_time': 78.59185791015625}
2021-10-20 12:26:04,152 multi task weight : 0.8266666666666667
2021-10-20 12:27:22,810 {'epoch': 96, 'lr': 0.0006872216535789149, 'train_loss': 0.0014508568515755468, 'mae': 0.286092, 'elapsed_time': 78.85256290435791}
2021-10-20 12:27:22,999 multi task weight : 0.8280000000000001
2021-10-20 12:28:41,478 {'epoch': 97, 'lr': 0.0006814238799630584, 'train_loss': 0.0016725609238235424, 'mae': 0.35670793, 'elapsed_time': 78.66732907295227}
2021-10-20 12:28:41,689 multi task weight : 0.8293333333333333
2021-10-20 12:30:00,157 {'epoch': 98, 'lr': 0.0006755982469713853, 'train_loss': 0.001572439009589103, 'mae': 0.3194128, 'elapsed_time': 78.67871284484863}
2021-10-20 12:30:00,346 multi task weight : 0.8306666666666667
2021-10-20 12:31:18,607 {'epoch': 99, 'lr': 0.0006697456745388777, 'train_loss': 0.0014560269911491452, 'mae': 0.4489031, 'elapsed_time': 78.4501600265503}
2021-10-20 12:31:18,801 multi task weight : 0.8320000000000001
2021-10-20 12:32:37,330 {'epoch': 100, 'lr': 0.000663867086854568, 'train_loss': 0.0014520026133639516, 'mae': 0.27241254, 'elapsed_time': 78.72255206108093}
2021-10-20 12:32:37,969 multi task weight : 0.8333333333333333
2021-10-20 12:33:55,940 {'epoch': 101, 'lr': 0.0006579634122155984, 'train_loss': 0.0012935955783462114, 'mae': 0.282845, 'elapsed_time': 78.17301893234253}
2021-10-20 12:33:56,132 multi task weight : 0.8346666666666667
2021-10-20 12:35:14,317 {'epoch': 102, 'lr': 0.0006520355828806316, 'train_loss': 0.0016846820349188496, 'mae': 0.3010014, 'elapsed_time': 78.37683272361755}
2021-10-20 12:35:14,513 multi task weight : 0.8360000000000001
2021-10-20 12:36:32,802 {'epoch': 103, 'lr': 0.0006460845349226375, 'train_loss': 0.0014241879933061309, 'mae': 0.30456808, 'elapsed_time': 78.48435235023499}
2021-10-20 12:36:33,011 multi task weight : 0.8373333333333333
2021-10-20 12:37:51,183 {'epoch': 104, 'lr': 0.0006401112080810754, 'train_loss': 0.0014641940378941315, 'mae': 0.29696923, 'elapsed_time': 78.38110375404358}
2021-10-20 12:37:51,391 multi task weight : 0.8386666666666667
2021-10-20 12:39:09,432 {'epoch': 105, 'lr': 0.0006341165456134983, 'train_loss': 0.0013953019760554006, 'mae': 0.2852608, 'elapsed_time': 78.2485339641571}
2021-10-20 12:39:09,633 multi task weight : 0.8400000000000001
2021-10-20 12:40:27,756 {'epoch': 106, 'lr': 0.0006281014941466025, 'train_loss': 0.0011769875371797816, 'mae': 0.29007086, 'elapsed_time': 78.3231554031372}
2021-10-20 12:40:27,964 multi task weight : 0.8413333333333333
2021-10-20 12:41:46,014 {'epoch': 107, 'lr': 0.0006220670035267433, 'train_loss': 0.0012529262247130601, 'mae': 0.28525528, 'elapsed_time': 78.25725221633911}
2021-10-20 12:41:46,239 multi task weight : 0.8426666666666667
2021-10-20 12:43:04,061 {'epoch': 108, 'lr': 0.0006160140266699433, 'train_loss': 0.0014036618252121272, 'mae': 0.27546573, 'elapsed_time': 78.04737091064453}
2021-10-20 12:43:04,251 multi task weight : 0.8440000000000001
2021-10-20 12:44:22,432 {'epoch': 109, 'lr': 0.0006099435194114167, 'train_loss': 0.0012911254594397514, 'mae': 0.29948193, 'elapsed_time': 78.3706111907959}
2021-10-20 12:44:22,621 multi task weight : 0.8453333333333333
2021-10-20 12:45:40,509 {'epoch': 110, 'lr': 0.0006038564403546311, 'train_loss': 0.0018196141118932987, 'mae': 0.31148914, 'elapsed_time': 78.07684826850891}
2021-10-20 12:45:40,711 multi task weight : 0.8466666666666667
2021-10-20 12:46:58,727 {'epoch': 111, 'lr': 0.0005977537507199332, 'train_loss': 0.0014908187345628156, 'mae': 0.2796579, 'elapsed_time': 78.2167341709137}
2021-10-20 12:46:58,914 multi task weight : 0.8480000000000001
2021-10-20 12:48:17,225 {'epoch': 112, 'lr': 0.0005916364141927612, 'train_loss': 0.001180759153771353, 'mae': 0.28716552, 'elapsed_time': 78.49795985221863}
2021-10-20 12:48:17,431 multi task weight : 0.8493333333333333
2021-10-20 12:52:43,072 create aug feature 0
2021-10-20 12:53:43,984 create aug feature 1
2021-10-20 12:54:40,646 create aug feature 2
2021-10-20 12:55:36,640 create aug feature 3
2021-10-20 12:56:33,241 create aug feature 4
2021-10-20 12:57:29,582 create aug feature 5
2021-10-20 12:58:25,579 create aug feature 6
2021-10-20 12:59:21,751 create aug feature 7
2021-10-20 13:00:17,682 create aug feature 8
2021-10-20 13:01:13,545 create aug feature 9
2021-10-20 13:04:05,112 Fold 0
2021-10-20 13:04:35,061 train run device : cuda:0
2021-10-20 13:05:25,192 multi task weight : 0.7
2021-10-20 13:06:44,474 {'epoch': 1, 'lr': 0.001, 'train_loss': 0.009413038485981597, 'mae': 1.1654464, 'elapsed_time': 79.5443069934845}
2021-10-20 13:06:45,067 multi task weight : 0.7013333333333333
2021-10-20 13:08:04,783 {'epoch': 2, 'lr': 0.000999960916880889, 'train_loss': 0.003953299113975762, 'mae': 0.8924409, 'elapsed_time': 79.916344165802}
2021-10-20 13:08:05,409 multi task weight : 0.7026666666666667
2021-10-20 13:09:24,954 {'epoch': 3, 'lr': 0.0009998436736952333, 'train_loss': 0.003452705117923839, 'mae': 0.7086029, 'elapsed_time': 79.73283505439758}
2021-10-20 13:09:25,577 multi task weight : 0.704
2021-10-20 13:10:45,193 {'epoch': 4, 'lr': 0.0009996482889570914, 'train_loss': 0.003021507590732644, 'mae': 0.613447, 'elapsed_time': 79.81463694572449}
2021-10-20 13:10:45,829 multi task weight : 0.7053333333333334
2021-10-20 13:12:05,393 {'epoch': 5, 'lr': 0.0009993747935199784, 'train_loss': 0.002836111806101006, 'mae': 0.5803358, 'elapsed_time': 79.76765465736389}
2021-10-20 13:12:06,016 multi task weight : 0.7066666666666667
2021-10-20 13:13:25,547 {'epoch': 6, 'lr': 0.0009990232305719941, 'train_loss': 0.0026847210420805384, 'mae': 0.5851498, 'elapsed_time': 79.72481393814087}
2021-10-20 13:13:25,747 multi task weight : 0.708
2021-10-20 13:14:45,532 {'epoch': 7, 'lr': 0.0009985936556290037, 'train_loss': 0.0025335751562777383, 'mae': 0.51946807, 'elapsed_time': 79.98415064811707}
2021-10-20 13:14:46,166 multi task weight : 0.7093333333333334
2021-10-20 13:16:05,881 {'epoch': 8, 'lr': 0.0009980861365258703, 'train_loss': 0.0025364408500349388, 'mae': 0.50319535, 'elapsed_time': 79.90543913841248}
2021-10-20 13:16:06,504 multi task weight : 0.7106666666666667
2021-10-20 13:17:26,328 {'epoch': 9, 'lr': 0.0009975007534057435, 'train_loss': 0.002516374281299596, 'mae': 0.520218, 'elapsed_time': 80.01547932624817}
2021-10-20 13:17:26,518 multi task weight : 0.712
2021-10-20 13:18:46,408 {'epoch': 10, 'lr': 0.000996837598707404, 'train_loss': 0.002244353433114318, 'mae': 0.4850217, 'elapsed_time': 80.08013486862183}
2021-10-20 13:18:47,042 multi task weight : 0.7133333333333334
2021-10-20 13:20:06,702 {'epoch': 11, 'lr': 0.0009960967771506664, 'train_loss': 0.002378541259545613, 'mae': 0.45297298, 'elapsed_time': 79.86362528800964}
2021-10-20 13:20:07,321 multi task weight : 0.7146666666666666
2021-10-20 13:21:26,804 {'epoch': 12, 'lr': 0.000995278405719842, 'train_loss': 0.002192352102135016, 'mae': 0.46693394, 'elapsed_time': 79.67157506942749}
2021-10-20 13:21:26,995 multi task weight : 0.716
2021-10-20 13:22:46,908 {'epoch': 13, 'lr': 0.0009943826136452672, 'train_loss': 0.0021444140351454576, 'mae': 0.40640348, 'elapsed_time': 80.10353565216064}
2021-10-20 13:22:47,531 multi task weight : 0.7173333333333333
2021-10-20 13:24:07,002 {'epoch': 14, 'lr': 0.0009934095423828945, 'train_loss': 0.002162472018200566, 'mae': 0.39777794, 'elapsed_time': 79.65714883804321}
2021-10-20 13:24:07,694 multi task weight : 0.7186666666666666
2021-10-20 13:25:27,395 {'epoch': 15, 'lr': 0.0009923593455919565, 'train_loss': 0.0020803899587563445, 'mae': 0.50996387, 'elapsed_time': 79.92194724082947}
2021-10-20 13:25:27,587 multi task weight : 0.72
2021-10-20 13:26:47,572 {'epoch': 16, 'lr': 0.0009912321891107007, 'train_loss': 0.0022261713275339053, 'mae': 0.38487926, 'elapsed_time': 80.17660522460938}
2021-10-20 13:26:48,201 multi task weight : 0.7213333333333333
2021-10-20 13:28:08,288 {'epoch': 17, 'lr': 0.000990028250930202, 'train_loss': 0.002147014083364217, 'mae': 0.4096412, 'elapsed_time': 80.27692723274231}
2021-10-20 13:28:08,478 multi task weight : 0.7226666666666667
2021-10-20 13:29:28,253 {'epoch': 18, 'lr': 0.0009887477211662555, 'train_loss': 0.0020019562215086955, 'mae': 0.38444194, 'elapsed_time': 79.96520757675171}
2021-10-20 13:29:28,861 multi task weight : 0.724
2021-10-20 13:30:48,881 {'epoch': 19, 'lr': 0.0009873908020293554, 'train_loss': 0.001877352450909482, 'mae': 0.47296292, 'elapsed_time': 80.20335936546326}
2021-10-20 13:30:49,072 multi task weight : 0.7253333333333333
2021-10-20 13:32:08,848 {'epoch': 20, 'lr': 0.0009859577077927632, 'train_loss': 0.0019056726970405591, 'mae': 0.40068176, 'elapsed_time': 79.96726989746094}
2021-10-20 13:32:09,038 multi task weight : 0.7266666666666667
2021-10-20 13:33:29,004 {'epoch': 21, 'lr': 0.000984448664758672, 'train_loss': 0.0020089773371114567, 'mae': 0.34802064, 'elapsed_time': 80.15525126457214}
2021-10-20 13:33:29,641 multi task weight : 0.728
2021-10-20 13:34:49,689 {'epoch': 22, 'lr': 0.00098286391122247, 'train_loss': 0.0019268915538581655, 'mae': 0.36606306, 'elapsed_time': 80.24667477607727}
2021-10-20 13:34:49,895 multi task weight : 0.7293333333333333
2021-10-20 13:36:10,396 {'epoch': 23, 'lr': 0.0009812036974351118, 'train_loss': 0.0018596943769038632, 'mae': 0.332155, 'elapsed_time': 80.70625948905945}
2021-10-20 13:36:11,034 multi task weight : 0.7306666666666667
2021-10-20 13:37:30,961 {'epoch': 24, 'lr': 0.0009794682855636002, 'train_loss': 0.0018792692297851115, 'mae': 0.34795186, 'elapsed_time': 80.12178254127502}
2021-10-20 13:37:31,151 multi task weight : 0.732
2021-10-20 13:38:51,069 {'epoch': 25, 'lr': 0.0009776579496495873, 'train_loss': 0.0017812618355015559, 'mae': 0.4206971, 'elapsed_time': 80.10729885101318}
2021-10-20 13:38:51,260 multi task weight : 0.7333333333333334
2021-10-20 13:40:11,126 {'epoch': 26, 'lr': 0.0009757729755661, 'train_loss': 0.0018095061617469535, 'mae': 0.37557742, 'elapsed_time': 80.05621767044067}
2021-10-20 13:40:11,325 multi task weight : 0.7346666666666667
2021-10-20 13:41:31,396 {'epoch': 27, 'lr': 0.0009738136609723973, 'train_loss': 0.0018390646830171524, 'mae': 0.29343295, 'elapsed_time': 80.27048969268799}
2021-10-20 13:41:32,030 multi task weight : 0.736
2021-10-20 13:42:51,384 {'epoch': 28, 'lr': 0.0009717803152669668, 'train_loss': 0.0017430356983280562, 'mae': 0.28978065, 'elapsed_time': 79.54856514930725}
2021-10-20 13:42:52,043 multi task weight : 0.7373333333333334
2021-10-20 13:44:12,350 {'epoch': 29, 'lr': 0.0009696732595386666, 'train_loss': 0.001633436221449165, 'mae': 0.27656993, 'elapsed_time': 80.52354335784912}
2021-10-20 13:44:13,001 multi task weight : 0.7386666666666666
2021-10-20 13:45:32,939 {'epoch': 30, 'lr': 0.0009674928265160219, 'train_loss': 0.0015970212858567735, 'mae': 0.29663032, 'elapsed_time': 80.15271067619324}
2021-10-20 13:45:33,135 multi task weight : 0.74
2021-10-20 13:46:53,152 {'epoch': 31, 'lr': 0.0009652393605146833, 'train_loss': 0.001881123523519796, 'mae': 0.28805926, 'elapsed_time': 80.21253705024719}
2021-10-20 13:46:53,346 multi task weight : 0.7413333333333334
2021-10-20 13:48:13,377 {'epoch': 32, 'lr': 0.0009629132173830556, 'train_loss': 0.0016242682057413698, 'mae': 0.3054267, 'elapsed_time': 80.22421836853027}
2021-10-20 13:48:13,576 multi task weight : 0.7426666666666666
2021-10-20 13:49:33,910 {'epoch': 33, 'lr': 0.0009605147644461048, 'train_loss': 0.0016222726993109708, 'mae': 0.28433535, 'elapsed_time': 80.53306436538696}
2021-10-20 13:49:34,101 multi task weight : 0.744
2021-10-20 13:50:54,561 {'epoch': 34, 'lr': 0.0009580443804473531, 'train_loss': 0.0016904286669926424, 'mae': 0.32066187, 'elapsed_time': 80.6506974697113}
2021-10-20 13:50:54,773 multi task weight : 0.7453333333333333
2021-10-20 13:52:14,449 {'epoch': 35, 'lr': 0.0009555024554890718, 'train_loss': 0.0016457871185224368, 'mae': 0.2852366, 'elapsed_time': 79.88724112510681}
2021-10-20 13:52:14,643 multi task weight : 0.7466666666666666
2021-10-20 13:53:34,948 {'epoch': 36, 'lr': 0.0009528893909706786, 'train_loss': 0.0015618670993466659, 'mae': 0.2949172, 'elapsed_time': 80.4986777305603}
2021-10-20 13:53:35,143 multi task weight : 0.7479999999999999
2021-10-20 13:54:55,471 {'epoch': 37, 'lr': 0.0009502055995253526, 'train_loss': 0.001811859326904937, 'mae': 0.32483262, 'elapsed_time': 80.52304983139038}
2021-10-20 13:54:55,661 multi task weight : 0.7493333333333333
2021-10-20 13:56:15,457 {'epoch': 38, 'lr': 0.0009474515049548744, 'train_loss': 0.0017282714379730408, 'mae': 0.29479435, 'elapsed_time': 79.98491382598877}
2021-10-20 13:56:15,650 multi task weight : 0.7506666666666666
2021-10-20 13:57:35,532 {'epoch': 39, 'lr': 0.0009446275421627035, 'train_loss': 0.0015052306375079316, 'mae': 0.3040397, 'elapsed_time': 80.07458996772766}
2021-10-20 13:57:35,729 multi task weight : 0.752
2021-10-20 13:58:55,695 {'epoch': 40, 'lr': 0.0009417341570853008, 'train_loss': 0.001702617470241683, 'mae': 0.5454064, 'elapsed_time': 80.16314888000488}
2021-10-20 13:58:55,885 multi task weight : 0.7533333333333333
2021-10-20 14:00:15,499 {'epoch': 41, 'lr': 0.0009387718066217113, 'train_loss': 0.0017406490541910635, 'mae': 0.41231084, 'elapsed_time': 79.80273032188416}
2021-10-20 14:00:15,688 multi task weight : 0.7546666666666666
2021-10-20 14:01:35,654 {'epoch': 42, 'lr': 0.0009357409585614141, 'train_loss': 0.0015523294178241922, 'mae': 0.2470817, 'elapsed_time': 80.15447115898132}
2021-10-20 14:01:36,301 multi task weight : 0.756
2021-10-20 14:02:56,073 {'epoch': 43, 'lr': 0.0009326420915104522, 'train_loss': 0.0014580576172662618, 'mae': 0.25666136, 'elapsed_time': 79.98544669151306}
2021-10-20 14:02:56,259 multi task weight : 0.7573333333333334
2021-10-20 14:04:15,624 {'epoch': 44, 'lr': 0.0009294756948158567, 'train_loss': 0.001417362100689754, 'mae': 0.23940437, 'elapsed_time': 79.55049872398376}
2021-10-20 14:04:16,278 multi task weight : 0.7586666666666666
2021-10-20 14:05:36,228 {'epoch': 45, 'lr': 0.0009262422684883714, 'train_loss': 0.0013419686733313631, 'mae': 0.23012353, 'elapsed_time': 80.17704582214355}
2021-10-20 14:05:36,854 multi task weight : 0.76
2021-10-20 14:06:56,803 {'epoch': 46, 'lr': 0.0009229423231234963, 'train_loss': 0.0013419776011907635, 'mae': 0.24259885, 'elapsed_time': 80.13880801200867}
2021-10-20 14:06:56,992 multi task weight : 0.7613333333333333
2021-10-20 14:08:17,135 {'epoch': 47, 'lr': 0.0009195763798208591, 'train_loss': 0.0015465269004710073, 'mae': 0.2702845, 'elapsed_time': 80.33196544647217}
2021-10-20 14:08:17,327 multi task weight : 0.7626666666666666
2021-10-20 14:09:37,219 {'epoch': 48, 'lr': 0.0009161449701019262, 'train_loss': 0.0014031553950785327, 'mae': 0.22687787, 'elapsed_time': 80.08303928375244}
2021-10-20 14:09:37,843 multi task weight : 0.764
2021-10-20 14:10:57,736 {'epoch': 49, 'lr': 0.0009126486358260705, 'train_loss': 0.0013470194379646624, 'mae': 0.25489274, 'elapsed_time': 80.07967686653137}
2021-10-20 14:10:57,946 multi task weight : 0.7653333333333333
2021-10-20 14:12:18,009 {'epoch': 50, 'lr': 0.000909087929105005, 'train_loss': 0.0013379361993967104, 'mae': 0.25979254, 'elapsed_time': 80.27315330505371}
2021-10-20 14:12:18,219 multi task weight : 0.7666666666666666
2021-10-20 14:13:37,960 {'epoch': 51, 'lr': 0.0009054634122155979, 'train_loss': 0.0013824828011042398, 'mae': 0.2560402, 'elapsed_time': 79.95036315917969}
2021-10-20 14:13:38,150 multi task weight : 0.768
2021-10-20 14:14:58,331 {'epoch': 52, 'lr': 0.0009017756575110829, 'train_loss': 0.0014059010108055225, 'mae': 0.2789761, 'elapsed_time': 80.37032771110535}
2021-10-20 14:14:58,520 multi task weight : 0.7693333333333333
2021-10-20 14:16:18,519 {'epoch': 53, 'lr': 0.0008980252473306773, 'train_loss': 0.00135049978610575, 'mae': 0.24121135, 'elapsed_time': 80.187185049057}
2021-10-20 14:16:18,711 multi task weight : 0.7706666666666666
2021-10-20 14:17:38,662 {'epoch': 54, 'lr': 0.0008942127739076252, 'train_loss': 0.0014242991943324615, 'mae': 0.2563488, 'elapsed_time': 80.14308404922485}
2021-10-20 14:17:38,850 multi task weight : 0.772
2021-10-20 14:18:58,639 {'epoch': 55, 'lr': 0.0008903388392756755, 'train_loss': 0.0013410584790035933, 'mae': 0.22737256, 'elapsed_time': 79.97672939300537}
2021-10-20 14:18:58,844 multi task weight : 0.7733333333333332
2021-10-20 14:20:18,221 {'epoch': 56, 'lr': 0.0008864040551740145, 'train_loss': 0.0013071871768112922, 'mae': 0.22012195, 'elapsed_time': 79.58168268203735}
2021-10-20 14:20:18,847 multi task weight : 0.7746666666666666
2021-10-20 14:21:38,859 {'epoch': 57, 'lr': 0.0008824090429506656, 'train_loss': 0.0011847821115519212, 'mae': 0.21961804, 'elapsed_time': 80.2102267742157}
2021-10-20 14:21:39,486 multi task weight : 0.776
2021-10-20 14:22:59,338 {'epoch': 58, 'lr': 0.0008783544334643704, 'train_loss': 0.0011990860750129713, 'mae': 0.22768973, 'elapsed_time': 80.04516577720642}
2021-10-20 14:22:59,530 multi task weight : 0.7773333333333332
2021-10-20 14:24:19,461 {'epoch': 59, 'lr': 0.0008742408669849691, 'train_loss': 0.0012096743311083736, 'mae': 0.22482005, 'elapsed_time': 80.12214064598083}
2021-10-20 14:24:19,663 multi task weight : 0.7786666666666666
2021-10-20 14:25:40,105 {'epoch': 60, 'lr': 0.0008700689930922951, 'train_loss': 0.0012451626624568873, 'mae': 0.2318962, 'elapsed_time': 80.64369511604309}
2021-10-20 14:25:40,293 multi task weight : 0.78
2021-10-20 14:27:00,470 {'epoch': 61, 'lr': 0.0008658394705735977, 'train_loss': 0.0011413970939948355, 'mae': 0.21436922, 'elapsed_time': 80.3641722202301}
2021-10-20 14:27:01,092 multi task weight : 0.7813333333333332
2021-10-20 14:28:21,313 {'epoch': 62, 'lr': 0.0008615529673195128, 'train_loss': 0.0014395878806394249, 'mae': 0.22673158, 'elapsed_time': 80.41486096382141}
2021-10-20 14:28:21,513 multi task weight : 0.7826666666666666
2021-10-20 14:29:41,908 {'epoch': 63, 'lr': 0.0008572101602185953, 'train_loss': 0.001265808716761979, 'mae': 0.21957348, 'elapsed_time': 80.59536647796631}
2021-10-20 14:29:42,103 multi task weight : 0.784
2021-10-20 14:31:02,131 {'epoch': 64, 'lr': 0.0008528117350504294, 'train_loss': 0.0012034732165806257, 'mae': 0.22256915, 'elapsed_time': 80.22183561325073}
2021-10-20 14:31:02,335 multi task weight : 0.7853333333333332
2021-10-20 14:32:22,698 {'epoch': 65, 'lr': 0.0008483583863773374, 'train_loss': 0.0011603376899109604, 'mae': 0.23143075, 'elapsed_time': 80.5673201084137}
2021-10-20 14:32:22,892 multi task weight : 0.7866666666666666
2021-10-20 14:33:43,057 {'epoch': 66, 'lr': 0.0008438508174346998, 'train_loss': 0.0011432036420489637, 'mae': 0.21400756, 'elapsed_time': 80.35817646980286}
2021-10-20 14:33:43,709 multi task weight : 0.788
2021-10-20 14:35:03,499 {'epoch': 67, 'lr': 0.0008392897400199059, 'train_loss': 0.00109944447536809, 'mae': 0.2223159, 'elapsed_time': 79.9946219921112}
2021-10-20 14:35:03,694 multi task weight : 0.7893333333333333
2021-10-20 14:36:23,209 {'epoch': 68, 'lr': 0.0008346758743799535, 'train_loss': 0.0011051237365913517, 'mae': 0.215119, 'elapsed_time': 79.70912504196167}
2021-10-20 14:36:23,401 multi task weight : 0.7906666666666666
2021-10-20 14:37:43,171 {'epoch': 69, 'lr': 0.0008300099490977124, 'train_loss': 0.0010544985925286239, 'mae': 0.21349783, 'elapsed_time': 79.96205377578735}
2021-10-20 14:37:43,819 multi task weight : 0.792
2021-10-20 14:39:03,418 {'epoch': 70, 'lr': 0.000825292700976874, 'train_loss': 0.0011504068353501591, 'mae': 0.22996643, 'elapsed_time': 79.8068196773529}
2021-10-20 14:39:03,610 multi task weight : 0.7933333333333333
2021-10-20 14:40:23,857 {'epoch': 71, 'lr': 0.0008205248749256004, 'train_loss': 0.0012117424195989069, 'mae': 0.26712558, 'elapsed_time': 80.43837642669678}
2021-10-20 14:40:24,067 multi task weight : 0.7946666666666666
2021-10-20 14:41:43,908 {'epoch': 72, 'lr': 0.0008157072238388957, 'train_loss': 0.001144442044450322, 'mae': 0.20204188, 'elapsed_time': 80.05087375640869}
2021-10-20 14:41:44,531 multi task weight : 0.796
2021-10-20 14:43:04,911 {'epoch': 73, 'lr': 0.0008108405084797145, 'train_loss': 0.00108459957469825, 'mae': 0.20541699, 'elapsed_time': 80.57177019119263}
2021-10-20 14:43:05,101 multi task weight : 0.7973333333333333
2021-10-20 14:44:25,304 {'epoch': 74, 'lr': 0.0008059254973588287, 'train_loss': 0.0010658921754127153, 'mae': 0.20175217, 'elapsed_time': 80.39273262023926}
2021-10-20 14:44:25,927 multi task weight : 0.7986666666666666
2021-10-20 14:45:46,019 {'epoch': 75, 'lr': 0.0008009629666134708, 'train_loss': 0.0009757616376347538, 'mae': 0.19860424, 'elapsed_time': 80.28574657440186}
2021-10-20 14:45:46,708 multi task weight : 0.8
2021-10-20 14:47:06,649 {'epoch': 76, 'lr': 0.0007959536998847731, 'train_loss': 0.001166509847033885, 'mae': 0.23067144, 'elapsed_time': 80.15444135665894}
2021-10-20 14:47:06,847 multi task weight : 0.8013333333333333
2021-10-20 14:48:26,745 {'epoch': 77, 'lr': 0.0007908984881940213, 'train_loss': 0.0010842867414087472, 'mae': 0.2082474, 'elapsed_time': 80.09563112258911}
2021-10-20 14:48:26,940 multi task weight : 0.8026666666666666
2021-10-20 14:49:47,202 {'epoch': 78, 'lr': 0.0007857981298177435, 'train_loss': 0.0010548284182274397, 'mae': 0.23475792, 'elapsed_time': 80.45658159255981}
2021-10-20 14:49:47,396 multi task weight : 0.804
2021-10-20 14:51:07,329 {'epoch': 79, 'lr': 0.000780653430161652, 'train_loss': 0.0011108807108511272, 'mae': 0.2507204, 'elapsed_time': 80.12589859962463}
2021-10-20 14:51:07,520 multi task weight : 0.8053333333333333
2021-10-20 14:52:27,922 {'epoch': 80, 'lr': 0.0007754652016334621, 'train_loss': 0.0014918633423760444, 'mae': 0.24105157, 'elapsed_time': 80.592698097229}
2021-10-20 14:52:28,118 multi task weight : 0.8066666666666666
2021-10-20 14:53:48,175 {'epoch': 81, 'lr': 0.0007702342635146022, 'train_loss': 0.0011479504533590979, 'mae': 0.20117651, 'elapsed_time': 80.25327491760254}
2021-10-20 14:53:48,375 multi task weight : 0.808
2021-10-20 14:55:08,796 {'epoch': 82, 'lr': 0.0007649614418308403, 'train_loss': 0.0009764861267348881, 'mae': 0.20628758, 'elapsed_time': 80.61997485160828}
2021-10-20 14:55:09,000 multi task weight : 0.8093333333333333
2021-10-20 14:56:29,263 {'epoch': 83, 'lr': 0.0007596475692218447, 'train_loss': 0.0009007296786008488, 'mae': 0.19321613, 'elapsed_time': 80.46633076667786}
2021-10-20 14:56:29,887 multi task weight : 0.8106666666666666
2021-10-20 14:57:50,320 {'epoch': 84, 'lr': 0.0007542934848097005, 'train_loss': 0.0008664338950085039, 'mae': 0.1946599, 'elapsed_time': 80.62457847595215}
2021-10-20 14:57:50,520 multi task weight : 0.812
2021-10-20 14:59:10,912 {'epoch': 85, 'lr': 0.0007489000340664033, 'train_loss': 0.0008627534004001131, 'mae': 0.1944303, 'elapsed_time': 80.59187412261963}
2021-10-20 14:59:11,108 multi task weight : 0.8133333333333334
2021-10-20 15:00:31,304 {'epoch': 86, 'lr': 0.000743468068680348, 'train_loss': 0.0008636484031224188, 'mae': 0.19449879, 'elapsed_time': 80.39058685302734}
2021-10-20 15:00:31,505 multi task weight : 0.8146666666666667
2021-10-20 15:01:52,006 {'epoch': 87, 'lr': 0.0007379984464218386, 'train_loss': 0.0008829655863882849, 'mae': 0.21074206, 'elapsed_time': 80.70181941986084}
2021-10-20 15:01:52,204 multi task weight : 0.8160000000000001
2021-10-20 15:03:12,798 {'epoch': 88, 'lr': 0.0007324920310076356, 'train_loss': 0.0011869971842225456, 'mae': 0.19933224, 'elapsed_time': 80.79153251647949}
2021-10-20 15:03:13,005 multi task weight : 0.8173333333333334
2021-10-20 15:04:33,440 {'epoch': 89, 'lr': 0.0007269496919645652, 'train_loss': 0.0008890922511498844, 'mae': 0.1982459, 'elapsed_time': 80.64190769195557}
2021-10-20 15:04:33,657 multi task weight : 0.8186666666666667
2021-10-20 15:05:53,854 {'epoch': 90, 'lr': 0.0007213723044922109, 'train_loss': 0.0008332383276424398, 'mae': 0.18738377, 'elapsed_time': 80.41345763206482}
2021-10-20 15:05:54,485 multi task weight : 0.8200000000000001
2021-10-20 15:07:15,151 {'epoch': 91, 'lr': 0.0007157607493247101, 'train_loss': 0.0008351736845827561, 'mae': 0.19827487, 'elapsed_time': 80.8577606678009}
2021-10-20 15:07:15,362 multi task weight : 0.8213333333333334
2021-10-20 15:08:35,926 {'epoch': 92, 'lr': 0.0007101159125916748, 'train_loss': 0.0008398387084898371, 'mae': 0.20364778, 'elapsed_time': 80.77450776100159}
2021-10-20 15:08:36,123 multi task weight : 0.8226666666666667
2021-10-20 15:09:56,400 {'epoch': 93, 'lr': 0.0007044386856782622, 'train_loss': 0.0008629656343111698, 'mae': 0.20082968, 'elapsed_time': 80.47357296943665}
2021-10-20 15:09:56,595 multi task weight : 0.8240000000000001
2021-10-20 15:11:16,853 {'epoch': 94, 'lr': 0.0006987299650844144, 'train_loss': 0.001026719080184255, 'mae': 0.20115979, 'elapsed_time': 80.45351934432983}
2021-10-20 15:11:17,050 multi task weight : 0.8253333333333334
2021-10-20 15:12:37,776 {'epoch': 95, 'lr': 0.0006929906522832908, 'train_loss': 0.0009439391958557509, 'mae': 0.23009743, 'elapsed_time': 80.9219491481781}
2021-10-20 15:12:37,970 multi task weight : 0.8266666666666667
2021-10-20 15:13:58,545 {'epoch': 96, 'lr': 0.0006872216535789149, 'train_loss': 0.0008564750612710311, 'mae': 0.18937473, 'elapsed_time': 80.76892971992493}
2021-10-20 15:13:58,750 multi task weight : 0.8280000000000001
2021-10-20 15:15:18,721 {'epoch': 97, 'lr': 0.0006814238799630584, 'train_loss': 0.0007813973991710118, 'mae': 0.20160815, 'elapsed_time': 80.17520189285278}
2021-10-20 15:15:18,932 multi task weight : 0.8293333333333333
2021-10-20 15:16:39,283 {'epoch': 98, 'lr': 0.0006755982469713853, 'train_loss': 0.0008660336350312369, 'mae': 0.1952665, 'elapsed_time': 80.56187796592712}
2021-10-20 15:16:39,478 multi task weight : 0.8306666666666667
2021-10-20 15:17:59,731 {'epoch': 99, 'lr': 0.0006697456745388777, 'train_loss': 0.0008010025281209753, 'mae': 0.19317642, 'elapsed_time': 80.44748425483704}
2021-10-20 15:17:59,930 multi task weight : 0.8320000000000001
2021-10-20 15:19:20,263 {'epoch': 100, 'lr': 0.000663867086854568, 'train_loss': 0.0007458637667865529, 'mae': 0.18525478, 'elapsed_time': 80.53122329711914}
2021-10-20 15:19:23,048 multi task weight : 0.8333333333333333
2021-10-20 15:20:43,135 {'epoch': 101, 'lr': 0.0006579634122155984, 'train_loss': 0.0007455771912390464, 'mae': 0.18869996, 'elapsed_time': 80.30312991142273}
2021-10-20 15:20:43,347 multi task weight : 0.8346666666666667
2021-10-20 15:22:03,695 {'epoch': 102, 'lr': 0.0006520355828806316, 'train_loss': 0.0007749817429778196, 'mae': 0.19598828, 'elapsed_time': 80.55975461006165}
2021-10-20 15:22:03,887 multi task weight : 0.8360000000000001
2021-10-20 15:23:24,011 {'epoch': 103, 'lr': 0.0006460845349226375, 'train_loss': 0.0007953520745749976, 'mae': 0.18746966, 'elapsed_time': 80.31554174423218}
2021-10-20 15:23:24,232 multi task weight : 0.8373333333333333
2021-10-20 15:24:43,776 {'epoch': 104, 'lr': 0.0006401112080810754, 'train_loss': 0.0007286279745562887, 'mae': 0.19091482, 'elapsed_time': 79.76436924934387}
2021-10-20 15:24:43,967 multi task weight : 0.8386666666666667
2021-10-20 15:26:03,475 {'epoch': 105, 'lr': 0.0006341165456134983, 'train_loss': 0.0008823501144895655, 'mae': 0.22330815, 'elapsed_time': 79.69841480255127}
2021-10-20 15:26:03,681 multi task weight : 0.8400000000000001
2021-10-20 15:27:23,336 {'epoch': 106, 'lr': 0.0006281014941466025, 'train_loss': 0.0009357044259746632, 'mae': 0.19881114, 'elapsed_time': 79.8608136177063}
2021-10-20 15:27:23,529 multi task weight : 0.8413333333333333
2021-10-20 15:28:43,588 {'epoch': 107, 'lr': 0.0006220670035267433, 'train_loss': 0.0008063925594348161, 'mae': 0.19214298, 'elapsed_time': 80.25195932388306}
2021-10-20 15:28:43,786 multi task weight : 0.8426666666666667
2021-10-20 15:30:04,163 {'epoch': 108, 'lr': 0.0006160140266699433, 'train_loss': 0.0012641112830531842, 'mae': 0.202896, 'elapsed_time': 80.57409191131592}
2021-10-20 15:30:04,361 multi task weight : 0.8440000000000001
2021-10-20 15:31:24,299 {'epoch': 109, 'lr': 0.0006099435194114167, 'train_loss': 0.0007619472393350067, 'mae': 0.18378566, 'elapsed_time': 80.13597893714905}
2021-10-20 15:31:24,924 multi task weight : 0.8453333333333333
2021-10-20 15:32:44,711 {'epoch': 110, 'lr': 0.0006038564403546311, 'train_loss': 0.000685212224588598, 'mae': 0.18228696, 'elapsed_time': 79.97537088394165}
2021-10-20 15:32:45,360 multi task weight : 0.8466666666666667
2021-10-20 15:34:05,514 {'epoch': 111, 'lr': 0.0005977537507199332, 'train_loss': 0.0006742242569408723, 'mae': 0.18234576, 'elapsed_time': 80.35790872573853}
2021-10-20 15:34:05,708 multi task weight : 0.8480000000000001
2021-10-20 15:35:25,416 {'epoch': 112, 'lr': 0.0005916364141927612, 'train_loss': 0.0006616877141359866, 'mae': 0.18322554, 'elapsed_time': 79.90149116516113}
2021-10-20 15:35:25,608 multi task weight : 0.8493333333333333
2021-10-20 15:36:45,603 {'epoch': 113, 'lr': 0.000585505396771467, 'train_loss': 0.000651518395818607, 'mae': 0.18292622, 'elapsed_time': 80.18659687042236}
2021-10-20 15:36:45,811 multi task weight : 0.8506666666666667
2021-10-20 15:38:06,181 {'epoch': 114, 'lr': 0.0005793616666147743, 'train_loss': 0.0006505942356021615, 'mae': 0.18180159, 'elapsed_time': 80.57726192474365}
2021-10-20 15:38:06,826 multi task weight : 0.8520000000000001
2021-10-20 15:39:26,734 {'epoch': 115, 'lr': 0.0005732061938888954, 'train_loss': 0.0006595659956602643, 'mae': 0.18193237, 'elapsed_time': 80.09969782829285}
2021-10-20 15:39:26,927 multi task weight : 0.8533333333333333
2021-10-20 15:40:47,185 {'epoch': 116, 'lr': 0.0005670399506143301, 'train_loss': 0.0006607029324112308, 'mae': 0.18078965, 'elapsed_time': 80.45009899139404}
2021-10-20 15:40:47,839 multi task weight : 0.8546666666666667
2021-10-20 15:42:08,309 {'epoch': 117, 'lr': 0.0005608639105123728, 'train_loss': 0.0006463591709259016, 'mae': 0.18035619, 'elapsed_time': 80.6688756942749}
2021-10-20 15:42:08,940 multi task weight : 0.8560000000000001
2021-10-20 15:43:29,246 {'epoch': 118, 'lr': 0.0005546790488513508, 'train_loss': 0.0006349164734590204, 'mae': 0.18278998, 'elapsed_time': 80.50112009048462}
2021-10-20 15:43:29,445 multi task weight : 0.8573333333333333
2021-10-20 15:44:49,234 {'epoch': 119, 'lr': 0.0005484863422926174, 'train_loss': 0.0006353709283868077, 'mae': 0.18417044, 'elapsed_time': 79.98841738700867}
2021-10-20 15:44:49,430 multi task weight : 0.8586666666666667
2021-10-20 15:46:09,159 {'epoch': 120, 'lr': 0.0005422867687363261, 'train_loss': 0.0006294042427485316, 'mae': 0.18485807, 'elapsed_time': 79.92421793937683}
2021-10-20 15:46:09,364 multi task weight : 0.8600000000000001
2021-10-20 15:47:29,347 {'epoch': 121, 'lr': 0.0005360813071670096, 'train_loss': 0.0006289603692251692, 'mae': 0.17860882, 'elapsed_time': 80.187570810318}
2021-10-20 15:47:29,987 multi task weight : 0.8613333333333333
2021-10-20 15:48:49,983 {'epoch': 122, 'lr': 0.0005298709374989853, 'train_loss': 0.0006118736709384748, 'mae': 0.1783069, 'elapsed_time': 80.18741488456726}
2021-10-20 15:48:50,620 multi task weight : 0.8626666666666667
2021-10-20 15:50:10,802 {'epoch': 123, 'lr': 0.000523656640421617, 'train_loss': 0.0006066301309875774, 'mae': 0.18059385, 'elapsed_time': 80.37508392333984}
2021-10-20 15:50:11,015 multi task weight : 0.864
2021-10-20 15:51:31,440 {'epoch': 124, 'lr': 0.0005174393972444516, 'train_loss': 0.000604768140356299, 'mae': 0.1768533, 'elapsed_time': 80.63775300979614}
2021-10-20 15:51:32,079 multi task weight : 0.8653333333333333
2021-10-20 15:52:52,348 {'epoch': 125, 'lr': 0.0005112201897422591, 'train_loss': 0.000587945160961471, 'mae': 0.17686892, 'elapsed_time': 80.46262550354004}
2021-10-20 15:52:52,542 multi task weight : 0.8666666666666666
2021-10-20 15:54:12,027 {'epoch': 126, 'lr': 0.0005049999999999995, 'train_loss': 0.0005891229586417782, 'mae': 0.1808451, 'elapsed_time': 79.67858624458313}
2021-10-20 15:54:12,226 multi task weight : 0.868
2021-10-20 15:55:32,083 {'epoch': 127, 'lr': 0.0004987798102577399, 'train_loss': 0.0005786817294352295, 'mae': 0.17714341, 'elapsed_time': 80.0559446811676}
2021-10-20 15:55:32,286 multi task weight : 0.8693333333333333
2021-10-20 15:56:52,174 {'epoch': 128, 'lr': 0.0004925606027555475, 'train_loss': 0.0005604593457889881, 'mae': 0.17669193, 'elapsed_time': 80.09001183509827}
2021-10-20 15:56:52,842 multi task weight : 0.8706666666666667
2021-10-20 15:58:12,749 {'epoch': 129, 'lr': 0.00048634335957838186, 'train_loss': 0.0005627212747857419, 'mae': 0.18215536, 'elapsed_time': 80.12138199806213}
2021-10-20 15:58:12,949 multi task weight : 0.872
2021-10-20 15:59:32,749 {'epoch': 130, 'lr': 0.0004801290625010136, 'train_loss': 0.000550825490799564, 'mae': 0.1780501, 'elapsed_time': 79.99964761734009}
2021-10-20 15:59:32,952 multi task weight : 0.8733333333333333
2021-10-20 16:00:53,432 {'epoch': 131, 'lr': 0.00047391869283298953, 'train_loss': 0.000548992294946536, 'mae': 0.1766233, 'elapsed_time': 80.68344330787659}
2021-10-20 16:00:54,069 multi task weight : 0.8746666666666667
2021-10-20 16:02:13,697 {'epoch': 132, 'lr': 0.0004677132312636728, 'train_loss': 0.0005416900839723247, 'mae': 0.17518263, 'elapsed_time': 79.81639814376831}
2021-10-20 16:02:14,325 multi task weight : 0.876
2021-10-20 16:03:34,035 {'epoch': 133, 'lr': 0.00046151365770738165, 'train_loss': 0.0005363762818741001, 'mae': 0.17610624, 'elapsed_time': 79.89674425125122}
2021-10-20 16:03:34,235 multi task weight : 0.8773333333333333
2021-10-20 16:04:53,881 {'epoch': 134, 'lr': 0.0004553209511486482, 'train_loss': 0.0005223301408418643, 'mae': 0.17631456, 'elapsed_time': 79.84529089927673}
2021-10-20 16:04:54,080 multi task weight : 0.8786666666666667
2021-10-20 16:06:13,359 {'epoch': 135, 'lr': 0.00044913608948762607, 'train_loss': 0.0005189902944066929, 'mae': 0.17422716, 'elapsed_time': 79.47764015197754}
2021-10-20 16:06:14,001 multi task weight : 0.88
2021-10-20 16:07:33,971 {'epoch': 136, 'lr': 0.00044296004938566895, 'train_loss': 0.0005200055055073391, 'mae': 0.17516056, 'elapsed_time': 80.16427278518677}
2021-10-20 16:07:34,186 multi task weight : 0.8813333333333333
2021-10-20 16:08:54,086 {'epoch': 137, 'lr': 0.0004367938061111037, 'train_loss': 0.0005037772895692989, 'mae': 0.17329873, 'elapsed_time': 80.114661693573}
2021-10-20 16:08:54,714 multi task weight : 0.8826666666666667
2021-10-20 16:10:14,798 {'epoch': 138, 'lr': 0.00043063833338522476, 'train_loss': 0.0004922005803385383, 'mae': 0.17420536, 'elapsed_time': 80.2702169418335}
2021-10-20 16:10:14,982 multi task weight : 0.884
2021-10-20 16:11:34,906 {'epoch': 139, 'lr': 0.00042449460322853215, 'train_loss': 0.00048788173211833515, 'mae': 0.17319725, 'elapsed_time': 80.10734939575195}
2021-10-20 16:11:35,541 multi task weight : 0.8853333333333333
2021-10-20 16:12:55,477 {'epoch': 140, 'lr': 0.00041836358580723794, 'train_loss': 0.0004884903574691971, 'mae': 0.1768587, 'elapsed_time': 80.13001441955566}
2021-10-20 16:12:55,667 multi task weight : 0.8866666666666667
2021-10-20 16:14:15,770 {'epoch': 141, 'lr': 0.00041224624928006584, 'train_loss': 0.0004756938969757164, 'mae': 0.17401603, 'elapsed_time': 80.29269671440125}
2021-10-20 16:14:15,962 multi task weight : 0.888
2021-10-20 16:15:35,898 {'epoch': 142, 'lr': 0.0004061435596453681, 'train_loss': 0.0004761602520952563, 'mae': 0.17485647, 'elapsed_time': 80.1274163722992}
2021-10-20 16:15:36,086 multi task weight : 0.8893333333333333
2021-10-20 16:16:56,169 {'epoch': 143, 'lr': 0.0004000564805885825, 'train_loss': 0.00047059238001437596, 'mae': 0.17210484, 'elapsed_time': 80.27100491523743}
2021-10-20 16:16:56,812 multi task weight : 0.8906666666666667
2021-10-20 16:18:16,728 {'epoch': 144, 'lr': 0.00039398597333005584, 'train_loss': 0.00046050918959402104, 'mae': 0.17453563, 'elapsed_time': 80.11061549186707}
2021-10-20 16:18:16,916 multi task weight : 0.892
2021-10-20 16:19:36,934 {'epoch': 145, 'lr': 0.00038793299647325586, 'train_loss': 0.0004499308693341817, 'mae': 0.17325741, 'elapsed_time': 80.20547151565552}
2021-10-20 16:19:37,125 multi task weight : 0.8933333333333333
2021-10-20 16:20:57,460 {'epoch': 146, 'lr': 0.00038189850585339653, 'train_loss': 0.00045052919946635616, 'mae': 0.17396073, 'elapsed_time': 80.52499079704285}
2021-10-20 16:20:57,651 multi task weight : 0.8946666666666667
2021-10-20 16:22:17,238 {'epoch': 147, 'lr': 0.0003758834543865006, 'train_loss': 0.0004486395089934605, 'mae': 0.17247549, 'elapsed_time': 79.77761173248291}
2021-10-20 16:22:17,442 multi task weight : 0.896
2021-10-20 16:23:37,534 {'epoch': 148, 'lr': 0.0003698887919189236, 'train_loss': 0.00043436607415062693, 'mae': 0.17262493, 'elapsed_time': 80.29538536071777}
2021-10-20 16:23:37,740 multi task weight : 0.8973333333333333
2021-10-20 16:24:57,546 {'epoch': 149, 'lr': 0.0003639154650773614, 'train_loss': 0.00043223269241803367, 'mae': 0.17026332, 'elapsed_time': 80.01225399971008}
2021-10-20 16:24:58,200 multi task weight : 0.8986666666666667
2021-10-20 16:26:17,827 {'epoch': 150, 'lr': 0.00035796441711936726, 'train_loss': 0.00042446345730263167, 'mae': 0.17091867, 'elapsed_time': 79.82285690307617}
2021-10-20 16:26:18,041 multi task weight : 0.9
2021-10-20 16:27:37,957 {'epoch': 151, 'lr': 0.00035203658778440065, 'train_loss': 0.00041950378329983764, 'mae': 0.16960274, 'elapsed_time': 80.12927055358887}
2021-10-20 16:27:38,587 multi task weight : 0.9
2021-10-20 16:28:58,408 {'epoch': 152, 'lr': 0.00034613291314543093, 'train_loss': 0.0004146559601507691, 'mae': 0.17248231, 'elapsed_time': 80.01359248161316}
2021-10-20 16:28:58,600 multi task weight : 0.9
2021-10-20 16:30:18,215 {'epoch': 153, 'lr': 0.00034025432546112123, 'train_loss': 0.0004105947633391781, 'mae': 0.1710527, 'elapsed_time': 79.8062469959259}
2021-10-20 16:30:18,421 multi task weight : 0.9
2021-10-20 16:31:38,240 {'epoch': 154, 'lr': 0.00033440175302861365, 'train_loss': 0.00040229003453063126, 'mae': 0.17007034, 'elapsed_time': 80.02488541603088}
2021-10-20 16:31:38,441 multi task weight : 0.9
2021-10-20 16:32:58,276 {'epoch': 155, 'lr': 0.00032857612003694053, 'train_loss': 0.0003935446812122606, 'mae': 0.1695063, 'elapsed_time': 80.03527188301086}
2021-10-20 16:32:58,923 multi task weight : 0.9
2021-10-20 16:34:18,632 {'epoch': 156, 'lr': 0.000322778346421084, 'train_loss': 0.0003929864618905022, 'mae': 0.17033428, 'elapsed_time': 79.92018985748291}
2021-10-20 16:34:18,818 multi task weight : 0.9
2021-10-20 16:35:39,050 {'epoch': 157, 'lr': 0.00031700934771670806, 'train_loss': 0.0003899165771709048, 'mae': 0.17220555, 'elapsed_time': 80.41736721992493}
2021-10-20 16:35:39,238 multi task weight : 0.9
2021-10-20 16:36:59,036 {'epoch': 158, 'lr': 0.00031127003491558447, 'train_loss': 0.0003853925506876272, 'mae': 0.17122813, 'elapsed_time': 79.98558592796326}
2021-10-20 16:36:59,224 multi task weight : 0.9
2021-10-20 16:38:19,137 {'epoch': 159, 'lr': 0.00030556131432173654, 'train_loss': 0.0003743736564648949, 'mae': 0.16935174, 'elapsed_time': 80.10056114196777}
2021-10-20 16:38:19,768 multi task weight : 0.9
2021-10-20 16:39:40,124 {'epoch': 160, 'lr': 0.00029988408740832395, 'train_loss': 0.0003682819193857367, 'mae': 0.17001715, 'elapsed_time': 80.55040955543518}
2021-10-20 16:39:40,324 multi task weight : 0.9
2021-10-20 16:41:00,461 {'epoch': 161, 'lr': 0.0002942392506752886, 'train_loss': 0.00036720978281281106, 'mae': 0.16912922, 'elapsed_time': 80.33662962913513}
2021-10-20 16:41:01,090 multi task weight : 0.9
2021-10-20 16:42:21,080 {'epoch': 162, 'lr': 0.00028862769550778793, 'train_loss': 0.00035815056008542905, 'mae': 0.16932604, 'elapsed_time': 80.17715406417847}
2021-10-20 16:42:21,281 multi task weight : 0.9
2021-10-20 16:43:41,059 {'epoch': 163, 'lr': 0.0002830503080354337, 'train_loss': 0.000354406117807859, 'mae': 0.16887707, 'elapsed_time': 79.97839212417603}
2021-10-20 16:43:41,711 multi task weight : 0.9
2021-10-20 16:45:01,489 {'epoch': 164, 'lr': 0.00027750796899236315, 'train_loss': 0.00035259504583426627, 'mae': 0.16867022, 'elapsed_time': 79.97309136390686}
2021-10-20 16:45:02,145 multi task weight : 0.9
2021-10-20 16:46:22,113 {'epoch': 165, 'lr': 0.00027200155357816016, 'train_loss': 0.0003435291479495363, 'mae': 0.16892047, 'elapsed_time': 80.171226978302}
2021-10-20 16:46:22,306 multi task weight : 0.9
2021-10-20 16:47:42,050 {'epoch': 166, 'lr': 0.0002665319313196507, 'train_loss': 0.0003409900706239178, 'mae': 0.16834489, 'elapsed_time': 79.93577718734741}
2021-10-20 16:47:42,697 multi task weight : 0.9
2021-10-20 16:49:02,568 {'epoch': 167, 'lr': 0.0002610999659335952, 'train_loss': 0.00033895690605103613, 'mae': 0.16808695, 'elapsed_time': 80.07344913482666}
2021-10-20 16:49:03,204 multi task weight : 0.9
2021-10-20 16:50:23,249 {'epoch': 168, 'lr': 0.00025570651519029805, 'train_loss': 0.00033101098904493554, 'mae': 0.1679268, 'elapsed_time': 80.22857880592346}
2021-10-20 16:50:23,922 multi task weight : 0.9
2021-10-20 16:51:44,011 {'epoch': 169, 'lr': 0.0002503524307781539, 'train_loss': 0.0003290699733170632, 'mae': 0.1682489, 'elapsed_time': 80.29579877853394}
2021-10-20 16:51:44,213 multi task weight : 0.9
2021-10-20 16:53:04,245 {'epoch': 170, 'lr': 0.00024503855816915824, 'train_loss': 0.000322933473752045, 'mae': 0.16757956, 'elapsed_time': 80.23398971557617}
2021-10-20 16:53:04,891 multi task weight : 0.9
2021-10-20 16:54:24,863 {'epoch': 171, 'lr': 0.00023976573648539645, 'train_loss': 0.0003173980297800956, 'mae': 0.16771409, 'elapsed_time': 80.17350220680237}
2021-10-20 16:54:25,057 multi task weight : 0.9
2021-10-20 16:55:45,011 {'epoch': 172, 'lr': 0.00023453479836653654, 'train_loss': 0.0003151656101310269, 'mae': 0.16849965, 'elapsed_time': 80.14762473106384}
2021-10-20 16:55:45,218 multi task weight : 0.9
2021-10-20 16:57:05,569 {'epoch': 173, 'lr': 0.00022934656983834663, 'train_loss': 0.00031284055918840244, 'mae': 0.16758873, 'elapsed_time': 80.55737686157227}
2021-10-20 16:57:05,760 multi task weight : 0.9
