2021-10-11 17:05:57,452 Fold 0
2021-10-11 17:06:00,840 train run device : cuda:0
2021-10-11 17:09:01,199 Fold 0
2021-10-11 17:09:04,533 train run device : cuda:0
2021-10-11 17:11:35,782 Fold 0
2021-10-11 17:11:39,109 train run device : cuda:0
2021-10-11 17:12:00,530 multi task weight : 0.7
2021-10-11 17:15:51,809 Fold 0
2021-10-11 17:15:55,126 train run device : cuda:0
2021-10-11 17:16:16,702 multi task weight : 0.7
2021-10-11 17:17:37,060 {'epoch': 1, 'lr': 0.001, 'train_loss': 0.024817373422378733, 'mae': 1.3487825061990928, 'elapsed_time': 80.59307050704956}
2021-10-11 17:17:37,763 multi task weight : 0.7013333333333333
2021-10-11 17:18:59,245 {'epoch': 2, 'lr': 0.000999938933078422, 'train_loss': 0.01957656090191613, 'mae': 1.0429238523165045, 'elapsed_time': 81.69240856170654}
2021-10-11 17:18:59,939 multi task weight : 0.7026666666666667
2021-10-11 17:20:21,616 {'epoch': 3, 'lr': 0.000999755747381037, 'train_loss': 0.01810565314757421, 'mae': 0.694696448501807, 'elapsed_time': 81.91010093688965}
2021-10-11 17:20:22,319 multi task weight : 0.704
2021-10-11 17:21:44,048 {'epoch': 4, 'lr': 0.000999450488106175, 'train_loss': 0.017141635446377826, 'mae': 0.6791254864714292, 'elapsed_time': 81.95992517471313}
2021-10-11 17:21:44,703 multi task weight : 0.7053333333333334
2021-10-11 17:23:06,396 {'epoch': 5, 'lr': 0.0009990232305719944, 'train_loss': 0.016518130685178708, 'mae': 0.5352056583498498, 'elapsed_time': 81.9015691280365}
2021-10-11 17:23:07,084 multi task weight : 0.7066666666666667
2021-10-11 17:25:18,050 Fold 0
2021-10-11 17:25:21,373 train run device : cuda:0
2021-10-11 17:25:42,977 multi task weight : 0.7
2021-10-11 17:27:02,869 {'epoch': 1, 'lr': 0.001, 'train_loss': 0.024817373422378733, 'mae': 1.3487825061990928, 'elapsed_time': 80.12713384628296}
2021-10-11 17:27:03,533 multi task weight : 0.7013333333333333
2021-10-11 17:28:23,842 {'epoch': 2, 'lr': 0.000999938933078422, 'train_loss': 0.01957656090191613, 'mae': 1.0429238523165045, 'elapsed_time': 80.55202126502991}
2021-10-11 17:28:24,482 multi task weight : 0.7026666666666667
2021-10-11 17:29:45,589 {'epoch': 3, 'lr': 0.000999755747381037, 'train_loss': 0.01810565314757421, 'mae': 0.694696448501807, 'elapsed_time': 81.30845165252686}
2021-10-11 17:29:46,281 multi task weight : 0.704
2021-10-11 17:31:07,352 {'epoch': 4, 'lr': 0.000999450488106175, 'train_loss': 0.017141635446377826, 'mae': 0.6791254864714292, 'elapsed_time': 81.30872130393982}
2021-10-11 17:31:08,043 multi task weight : 0.7053333333333334
2021-10-11 17:32:29,033 {'epoch': 5, 'lr': 0.0009990232305719944, 'train_loss': 0.016518130685178708, 'mae': 0.5352056583498498, 'elapsed_time': 81.21746873855591}
2021-10-11 17:32:31,918 multi task weight : 0.7066666666666667
2021-10-11 17:33:52,914 {'epoch': 6, 'lr': 0.0009984740801978983, 'train_loss': 0.015957541290776787, 'mae': 0.5879483134202677, 'elapsed_time': 81.22380638122559}
2021-10-11 17:33:53,141 multi task weight : 0.708
2021-10-11 17:35:14,087 {'epoch': 7, 'lr': 0.0009978031724785245, 'train_loss': 0.015565839658674616, 'mae': 0.463822054773702, 'elapsed_time': 81.17235565185547}
2021-10-11 17:35:14,767 multi task weight : 0.7093333333333334
2021-10-11 17:36:35,791 {'epoch': 8, 'lr': 0.000997010672950314, 'train_loss': 0.015234968518484026, 'mae': 0.4265019548978059, 'elapsed_time': 81.2512755393982}
2021-10-11 17:36:36,499 multi task weight : 0.7106666666666667
2021-10-11 17:37:56,884 {'epoch': 9, 'lr': 0.0009960967771506664, 'train_loss': 0.015186515114732417, 'mae': 0.4994504355240045, 'elapsed_time': 80.62521386146545}
2021-10-11 17:37:57,103 multi task weight : 0.712
2021-10-11 17:39:17,832 {'epoch': 10, 'lr': 0.0009950617105696957, 'train_loss': 0.014876179123572595, 'mae': 0.37277685593714566, 'elapsed_time': 80.9475429058075}
2021-10-11 17:39:18,526 multi task weight : 0.7133333333333334
2021-10-11 17:40:39,418 {'epoch': 11, 'lr': 0.0009939057285945929, 'train_loss': 0.014686679680115186, 'mae': 0.33668811974045304, 'elapsed_time': 81.1277403831482}
2021-10-11 17:40:40,085 multi task weight : 0.7146666666666666
2021-10-11 17:42:00,689 {'epoch': 12, 'lr': 0.0009926291164466126, 'train_loss': 0.014465792914587113, 'mae': 0.3622965800972344, 'elapsed_time': 80.82262992858887}
2021-10-11 17:42:00,912 multi task weight : 0.716
2021-10-11 17:43:21,359 {'epoch': 13, 'lr': 0.0009912321891107005, 'train_loss': 0.01432163180935217, 'mae': 0.3295272473122703, 'elapsed_time': 80.669504404068}
2021-10-11 17:43:22,040 multi task weight : 0.7173333333333333
2021-10-11 17:44:42,945 {'epoch': 14, 'lr': 0.0009897152912577737, 'train_loss': 0.014243556303327016, 'mae': 0.3414359413435017, 'elapsed_time': 81.13418054580688}
2021-10-11 17:44:43,192 multi task weight : 0.7186666666666666
2021-10-11 17:46:04,156 {'epoch': 15, 'lr': 0.0009880787971596797, 'train_loss': 0.014063988006849649, 'mae': 0.3056805560815394, 'elapsed_time': 81.2104389667511}
2021-10-11 17:46:04,820 multi task weight : 0.72
2021-10-11 17:47:25,422 {'epoch': 16, 'lr': 0.0009863231105968495, 'train_loss': 0.01388810775468016, 'mae': 0.29070260089229805, 'elapsed_time': 80.82448387145996}
2021-10-11 17:47:26,106 multi task weight : 0.7213333333333333
2021-10-11 17:48:46,721 {'epoch': 17, 'lr': 0.000984448664758672, 'train_loss': 0.01390926825281324, 'mae': 0.4369091937041532, 'elapsed_time': 80.85052680969238}
2021-10-11 17:48:46,931 multi task weight : 0.7226666666666667
2021-10-11 17:50:07,531 {'epoch': 18, 'lr': 0.0009824559221366096, 'train_loss': 0.0137458084058572, 'mae': 0.28030903307491195, 'elapsed_time': 80.81031322479248}
2021-10-11 17:50:08,202 multi task weight : 0.724
2021-10-11 17:51:29,139 {'epoch': 19, 'lr': 0.0009803453744100864, 'train_loss': 0.013624374010532877, 'mae': 0.2802040621820034, 'elapsed_time': 81.13861179351807}
2021-10-11 17:51:29,800 multi task weight : 0.7253333333333333
2021-10-11 17:52:50,644 {'epoch': 20, 'lr': 0.0009781175423251728, 'train_loss': 0.013580597084906814, 'mae': 0.2668538964388165, 'elapsed_time': 81.06905913352966}
2021-10-11 17:52:51,310 multi task weight : 0.7266666666666667
2021-10-11 17:54:11,740 {'epoch': 21, 'lr': 0.0009757729755661004, 'train_loss': 0.013437180780985247, 'mae': 0.2684112317623715, 'elapsed_time': 80.65687966346741}
2021-10-11 17:54:11,982 multi task weight : 0.728
2021-10-11 17:55:32,337 {'epoch': 22, 'lr': 0.0009733122526196342, 'train_loss': 0.013415277979877944, 'mae': 0.26153196934529604, 'elapsed_time': 80.59604787826538}
2021-10-11 17:55:32,976 multi task weight : 0.7293333333333333
2021-10-11 17:56:53,634 {'epoch': 23, 'lr': 0.000970735980632341, 'train_loss': 0.013304019110577244, 'mae': 0.34125010568946595, 'elapsed_time': 80.86287999153137}
2021-10-11 17:56:53,841 multi task weight : 0.7306666666666667
2021-10-11 17:58:14,524 {'epoch': 24, 'lr': 0.0009680447952607838, 'train_loss': 0.0132428271791017, 'mae': 0.25204966997241757, 'elapsed_time': 80.89060258865356}
2021-10-11 17:58:15,199 multi task weight : 0.732
2021-10-11 17:59:35,859 {'epoch': 25, 'lr': 0.0009652393605146839, 'train_loss': 0.013191579609141593, 'mae': 0.25140067431961916, 'elapsed_time': 80.90053653717041}
2021-10-11 17:59:36,507 multi task weight : 0.7333333333333334
2021-10-11 18:00:57,439 {'epoch': 26, 'lr': 0.0009623203685930864, 'train_loss': 0.013064069582817174, 'mae': 0.2429306169818558, 'elapsed_time': 81.13450312614441}
2021-10-11 18:00:58,091 multi task weight : 0.7346666666666667
2021-10-11 18:02:18,145 {'epoch': 27, 'lr': 0.00095928853971357, 'train_loss': 0.013090879548615063, 'mae': 0.2352129815751906, 'elapsed_time': 80.26616215705872}
2021-10-11 18:02:18,825 multi task weight : 0.736
2021-10-11 18:03:39,561 {'epoch': 28, 'lr': 0.0009561446219345448, 'train_loss': 0.012888348296116804, 'mae': 0.24399596063197854, 'elapsed_time': 80.95583891868591}
2021-10-11 18:03:39,779 multi task weight : 0.7373333333333334
2021-10-11 18:05:00,411 {'epoch': 29, 'lr': 0.0009528893909706791, 'train_loss': 0.012771649181724305, 'mae': 0.2455121590332452, 'elapsed_time': 80.85000395774841}
2021-10-11 18:05:00,622 multi task weight : 0.7386666666666666
2021-10-11 18:06:21,028 {'epoch': 30, 'lr': 0.0009495236500015041, 'train_loss': 0.012769960517753743, 'mae': 0.2392511985338944, 'elapsed_time': 80.61661958694458}
2021-10-11 18:06:21,251 multi task weight : 0.74
2021-10-11 18:07:41,921 {'epoch': 31, 'lr': 0.0009460482294732414, 'train_loss': 0.012670649679944246, 'mae': 0.2300563330843147, 'elapsed_time': 80.89219403266907}
2021-10-11 18:07:42,565 multi task weight : 0.7413333333333334
2021-10-11 18:09:03,340 {'epoch': 32, 'lr': 0.0009424639868939027, 'train_loss': 0.012601429210189481, 'mae': 0.24835275966026346, 'elapsed_time': 80.97325253486633}
2021-10-11 18:09:03,553 multi task weight : 0.7426666666666666
2021-10-11 18:10:24,334 {'epoch': 33, 'lr': 0.0009387718066217117, 'train_loss': 0.01260180768388403, 'mae': 0.22613950964431, 'elapsed_time': 80.99438571929932}
2021-10-11 18:10:25,003 multi task weight : 0.744
2021-10-11 18:11:45,414 {'epoch': 34, 'lr': 0.000934972599646904, 'train_loss': 0.01243253014710188, 'mae': 0.22647419640570432, 'elapsed_time': 80.62578678131104}
2021-10-11 18:11:45,624 multi task weight : 0.7453333333333333
2021-10-11 18:13:06,484 {'epoch': 35, 'lr': 0.0009310673033669515, 'train_loss': 0.012345546357595345, 'mae': 0.24090277016602948, 'elapsed_time': 81.06972765922546}
2021-10-11 18:13:06,690 multi task weight : 0.7466666666666666
2021-10-11 18:14:27,262 {'epoch': 36, 'lr': 0.0009270568813552751, 'train_loss': 0.012255627540976421, 'mae': 0.22094664756104754, 'elapsed_time': 80.77833986282349}
2021-10-11 18:14:27,921 multi task weight : 0.7479999999999999
2021-10-11 18:15:48,568 {'epoch': 37, 'lr': 0.0009229423231234969, 'train_loss': 0.01221393018941203, 'mae': 0.23445595753864865, 'elapsed_time': 80.86114001274109}
2021-10-11 18:15:48,797 multi task weight : 0.7493333333333333
2021-10-11 18:17:09,707 {'epoch': 38, 'lr': 0.0009187246438772933, 'train_loss': 0.012178332658300659, 'mae': 0.23358796116162656, 'elapsed_time': 81.13907933235168}
2021-10-11 18:17:09,921 multi task weight : 0.7506666666666666
2021-10-11 18:18:30,523 {'epoch': 39, 'lr': 0.0009144048842659075, 'train_loss': 0.012136896443414404, 'mae': 0.2202597446446705, 'elapsed_time': 80.81557941436768}
2021-10-11 18:18:31,192 multi task weight : 0.752
2021-10-11 18:19:51,599 {'epoch': 40, 'lr': 0.0009099841101253861, 'train_loss': 0.011940350107517837, 'mae': 0.22037622893808204, 'elapsed_time': 80.63718700408936}
2021-10-11 18:19:51,823 multi task weight : 0.7533333333333333
2021-10-11 18:21:12,388 {'epoch': 41, 'lr': 0.0009054634122155986, 'train_loss': 0.011902279013272862, 'mae': 0.21438688378290804, 'elapsed_time': 80.788503408432}
2021-10-11 18:21:13,054 multi task weight : 0.7546666666666666
2021-10-11 18:22:33,783 {'epoch': 42, 'lr': 0.0009008439059511095, 'train_loss': 0.011745857122009207, 'mae': 0.21927498182447264, 'elapsed_time': 80.9494411945343}
2021-10-11 18:22:34,000 multi task weight : 0.756
2021-10-11 18:23:54,496 {'epoch': 43, 'lr': 0.0008961267311259662, 'train_loss': 0.01166451358099976, 'mae': 0.21772868447540597, 'elapsed_time': 80.71253681182861}
2021-10-11 18:23:54,717 multi task weight : 0.7573333333333334
2021-10-11 18:25:15,467 {'epoch': 44, 'lr': 0.0008913130516324728, 'train_loss': 0.01161617500210061, 'mae': 0.2319634205985366, 'elapsed_time': 80.97066116333008}
2021-10-11 18:25:15,693 multi task weight : 0.7586666666666666
2021-10-11 18:26:36,496 {'epoch': 45, 'lr': 0.0008864040551740152, 'train_loss': 0.01159260419917628, 'mae': 0.21684013193518809, 'elapsed_time': 81.02815532684326}
2021-10-11 18:26:36,712 multi task weight : 0.76
2021-10-11 18:27:58,650 {'epoch': 46, 'lr': 0.000881400952972015, 'train_loss': 0.011518668786747871, 'mae': 0.22337396380179578, 'elapsed_time': 82.1535530090332}
2021-10-11 18:27:58,910 multi task weight : 0.7613333333333333
2021-10-11 18:29:20,753 {'epoch': 47, 'lr': 0.0008763049794670771, 'train_loss': 0.01135272464071227, 'mae': 0.2149270795692472, 'elapsed_time': 82.10225558280945}
2021-10-11 18:29:20,957 multi task weight : 0.7626666666666666
2021-10-11 18:30:41,970 {'epoch': 48, 'lr': 0.0008711173920144113, 'train_loss': 0.0112925455497542, 'mae': 0.21486813406908165, 'elapsed_time': 81.21742367744446}
2021-10-11 18:30:42,225 multi task weight : 0.764
2021-10-11 18:32:03,540 {'epoch': 49, 'lr': 0.0008658394705735983, 'train_loss': 0.011166322021945728, 'mae': 0.21323223724251333, 'elapsed_time': 81.56958293914795}
2021-10-11 18:32:04,246 multi task weight : 0.7653333333333333
2021-10-11 18:33:25,235 {'epoch': 50, 'lr': 0.0008604725173927781, 'train_loss': 0.011064521258362403, 'mae': 0.20933367686041646, 'elapsed_time': 81.2386519908905}
2021-10-11 18:33:25,905 multi task weight : 0.7666666666666666
2021-10-11 18:34:47,204 {'epoch': 51, 'lr': 0.0008550178566873405, 'train_loss': 0.010994828586707927, 'mae': 0.20942605759976443, 'elapsed_time': 81.5153865814209}
2021-10-11 18:34:47,401 multi task weight : 0.768
2021-10-11 18:36:08,423 {'epoch': 52, 'lr': 0.0008494768343131951, 'train_loss': 0.010906429674705976, 'mae': 0.21595451049887507, 'elapsed_time': 81.2184579372406}
2021-10-11 18:36:08,661 multi task weight : 0.7693333333333333
2021-10-11 18:37:29,758 {'epoch': 53, 'lr': 0.0008438508174347005, 'train_loss': 0.010814709415334672, 'mae': 0.2100402193330116, 'elapsed_time': 81.33458971977234}
2021-10-11 18:37:29,996 multi task weight : 0.7706666666666666
2021-10-11 18:38:50,908 {'epoch': 54, 'lr': 0.0008381411941873374, 'train_loss': 0.0106805403474311, 'mae': 0.2053856951056457, 'elapsed_time': 81.14937615394592}
2021-10-11 18:38:51,587 multi task weight : 0.772
2021-10-11 18:40:12,145 {'epoch': 55, 'lr': 0.0008323493733352073, 'train_loss': 0.010625275888531472, 'mae': 0.2121110402271255, 'elapsed_time': 80.78649139404297}
2021-10-11 18:40:12,387 multi task weight : 0.7733333333333332
2021-10-11 18:41:33,416 {'epoch': 56, 'lr': 0.0008264767839234405, 'train_loss': 0.010515407349906906, 'mae': 0.20719624933688816, 'elapsed_time': 81.27152848243713}
2021-10-11 18:41:33,629 multi task weight : 0.7746666666666666
2021-10-11 18:42:54,648 {'epoch': 57, 'lr': 0.000820524874925601, 'train_loss': 0.010466786737154461, 'mae': 0.20947455169822654, 'elapsed_time': 81.23147439956665}
2021-10-11 18:42:54,871 multi task weight : 0.776
2021-10-11 18:44:15,823 {'epoch': 58, 'lr': 0.0008144951148861737, 'train_loss': 0.010387182002671117, 'mae': 0.20754107135898145, 'elapsed_time': 81.17384171485901}
2021-10-11 18:44:16,037 multi task weight : 0.7773333333333332
2021-10-11 18:45:37,058 {'epoch': 59, 'lr': 0.0008083889915582231, 'train_loss': 0.010199079330272434, 'mae': 0.21338906831598148, 'elapsed_time': 81.23523616790771}
2021-10-11 18:45:37,270 multi task weight : 0.7786666666666666
2021-10-11 18:46:58,642 {'epoch': 60, 'lr': 0.0008022080115363123, 'train_loss': 0.010149135759052179, 'mae': 0.2108923935943836, 'elapsed_time': 81.58299612998962}
2021-10-11 18:46:58,888 multi task weight : 0.78
2021-10-11 18:48:20,229 {'epoch': 61, 'lr': 0.0007959536998847739, 'train_loss': 0.0100354239334722, 'mae': 0.20909473566745346, 'elapsed_time': 81.5872049331665}
2021-10-11 18:48:20,446 multi task weight : 0.7813333333333332
2021-10-11 18:49:41,021 {'epoch': 62, 'lr': 0.0007896275997614226, 'train_loss': 0.00991506759420462, 'mae': 0.20658899224320823, 'elapsed_time': 80.79152870178223}
2021-10-11 18:49:41,237 multi task weight : 0.7826666666666666
2021-10-11 18:51:02,743 {'epoch': 63, 'lr': 0.0007832312720368044, 'train_loss': 0.009825086791125096, 'mae': 0.2085939876194743, 'elapsed_time': 81.7213454246521}
2021-10-11 18:51:02,971 multi task weight : 0.784
2021-10-11 18:52:24,813 {'epoch': 64, 'lr': 0.0007767662949090749, 'train_loss': 0.009734305537955661, 'mae': 0.20968095454343133, 'elapsed_time': 82.06987380981445}
2021-10-11 18:52:25,030 multi task weight : 0.7853333333333332
2021-10-11 18:53:46,259 {'epoch': 65, 'lr': 0.000770234263514603, 'train_loss': 0.009687869388034915, 'mae': 0.20950463528694438, 'elapsed_time': 81.4454095363617}
2021-10-11 18:53:46,483 multi task weight : 0.7866666666666666
2021-10-11 18:55:07,548 {'epoch': 66, 'lr': 0.0007636367895343944, 'train_loss': 0.00953105283225902, 'mae': 0.21434391952161405, 'elapsed_time': 81.28869271278381}
2021-10-11 18:55:07,774 multi task weight : 0.788
2021-10-11 18:56:28,452 {'epoch': 67, 'lr': 0.0007569755007964335, 'train_loss': 0.009449921742901256, 'mae': 0.20982905568270138, 'elapsed_time': 80.90380334854126}
2021-10-11 18:56:28,697 multi task weight : 0.7893333333333333
2021-10-11 18:57:49,655 {'epoch': 68, 'lr': 0.0007502520408740415, 'train_loss': 0.00926805895792087, 'mae': 0.20629650128721566, 'elapsed_time': 81.20220422744751}
2021-10-11 18:57:49,889 multi task weight : 0.7906666666666666
2021-10-11 18:59:10,977 {'epoch': 69, 'lr': 0.0007434680686803488, 'train_loss': 0.009205974432077529, 'mae': 0.2118575217483069, 'elapsed_time': 81.32178473472595}
2021-10-11 18:59:11,245 multi task weight : 0.792
2021-10-11 19:00:32,235 {'epoch': 70, 'lr': 0.0007366252580589837, 'train_loss': 0.009154854547985347, 'mae': 0.21042725024685863, 'elapsed_time': 81.25781154632568}
2021-10-11 19:00:32,446 multi task weight : 0.7933333333333333
2021-10-11 19:01:53,243 {'epoch': 71, 'lr': 0.0007297252973710754, 'train_loss': 0.008955287820776224, 'mae': 0.2167875128028678, 'elapsed_time': 81.00770974159241}
2021-10-11 19:01:53,502 multi task weight : 0.7946666666666666
2021-10-11 19:03:15,038 {'epoch': 72, 'lr': 0.0007227698890786777, 'train_loss': 0.009052041830646826, 'mae': 0.2102561365992594, 'elapsed_time': 81.79460668563843}
2021-10-11 19:03:15,254 multi task weight : 0.796
2021-10-11 19:04:36,795 {'epoch': 73, 'lr': 0.0007157607493247108, 'train_loss': 0.008749777052953909, 'mae': 0.21620404580753155, 'elapsed_time': 81.75646114349365}
2021-10-11 19:04:37,012 multi task weight : 0.7973333333333333
2021-10-11 19:05:58,241 {'epoch': 74, 'lr': 0.0007086996075095287, 'train_loss': 0.00868479386811386, 'mae': 0.20841397595354336, 'elapsed_time': 81.44573020935059}
2021-10-11 19:05:58,487 multi task weight : 0.7986666666666666
2021-10-11 19:07:19,796 {'epoch': 75, 'lr': 0.0007015882058642161, 'train_loss': 0.008597244826905217, 'mae': 0.21187977072878708, 'elapsed_time': 81.55481290817261}
2021-10-11 19:07:20,056 multi task weight : 0.8
2021-10-11 19:08:41,528 {'epoch': 76, 'lr': 0.0006944282990207193, 'train_loss': 0.008539994903318608, 'mae': 0.21259598559351253, 'elapsed_time': 81.73151588439941}
2021-10-11 19:08:41,757 multi task weight : 0.8013333333333333
2021-10-11 19:10:03,238 {'epoch': 77, 'lr': 0.0006872216535789155, 'train_loss': 0.008353068685002324, 'mae': 0.21063672656299134, 'elapsed_time': 81.70883512496948}
2021-10-11 19:10:03,467 multi task weight : 0.8026666666666666
2021-10-11 19:11:25,467 {'epoch': 78, 'lr': 0.0006799700476707321, 'train_loss': 0.008287288337412695, 'mae': 0.2127052527335395, 'elapsed_time': 82.22903299331665}
2021-10-11 19:11:25,688 multi task weight : 0.804
2021-10-11 19:12:47,422 {'epoch': 79, 'lr': 0.0006726752705214191, 'train_loss': 0.008151238000377115, 'mae': 0.2194912112745837, 'elapsed_time': 81.95488262176514}
2021-10-11 19:12:47,635 multi task weight : 0.8053333333333333
2021-10-11 19:14:09,378 {'epoch': 80, 'lr': 0.0006653391220080838, 'train_loss': 0.00808295266587976, 'mae': 0.21681421210010443, 'elapsed_time': 81.95536994934082}
2021-10-11 19:14:09,633 multi task weight : 0.8066666666666666
2021-10-11 19:15:30,941 {'epoch': 81, 'lr': 0.0006579634122155988, 'train_loss': 0.007928996375651452, 'mae': 0.210465003575613, 'elapsed_time': 81.56246304512024}
2021-10-11 19:15:31,188 multi task weight : 0.808
2021-10-11 19:16:52,034 {'epoch': 82, 'lr': 0.0006505499609899903, 'train_loss': 0.007846550717505498, 'mae': 0.2145589175046247, 'elapsed_time': 81.0921401977539}
2021-10-11 19:16:52,267 multi task weight : 0.8093333333333333
2021-10-11 19:18:13,377 {'epoch': 83, 'lr': 0.0006431005974894184, 'train_loss': 0.007875402711178784, 'mae': 0.21226158698909098, 'elapsed_time': 81.34331226348877}
2021-10-11 19:18:13,629 multi task weight : 0.8106666666666666
2021-10-11 19:19:34,828 {'epoch': 84, 'lr': 0.0006356171597328593, 'train_loss': 0.007649065919511756, 'mae': 0.2128943188250074, 'elapsed_time': 81.45028734207153}
2021-10-11 19:19:35,062 multi task weight : 0.812
2021-10-11 19:20:56,490 {'epoch': 85, 'lr': 0.0006281014941466028, 'train_loss': 0.007502147323292087, 'mae': 0.2138394843076542, 'elapsed_time': 81.66187334060669}
2021-10-11 19:20:56,704 multi task weight : 0.8133333333333334
2021-10-11 19:22:18,321 {'epoch': 86, 'lr': 0.000620555455108673, 'train_loss': 0.007433509156157277, 'mae': 0.21253137914785059, 'elapsed_time': 81.83051681518555}
2021-10-11 19:22:18,563 multi task weight : 0.8146666666666667
2021-10-11 19:23:40,229 {'epoch': 87, 'lr': 0.0006129809044912885, 'train_loss': 0.00738355666399002, 'mae': 0.21257342759325817, 'elapsed_time': 81.90748715400696}
2021-10-11 19:23:40,455 multi task weight : 0.8160000000000001
2021-10-11 19:25:02,380 {'epoch': 88, 'lr': 0.0006053797112014735, 'train_loss': 0.007227187992287757, 'mae': 0.21955888019802025, 'elapsed_time': 82.15014982223511}
2021-10-11 19:25:02,600 multi task weight : 0.8173333333333334
2021-10-11 19:26:24,108 {'epoch': 89, 'lr': 0.0005977537507199336, 'train_loss': 0.007126947676527176, 'mae': 0.2133233921379733, 'elapsed_time': 81.72772884368896}
2021-10-11 19:26:24,335 multi task weight : 0.8186666666666667
2021-10-11 19:27:45,817 {'epoch': 90, 'lr': 0.0005901049046383074, 'train_loss': 0.00700013932603491, 'mae': 0.21597247090867427, 'elapsed_time': 81.70930552482605}
2021-10-11 19:27:46,068 multi task weight : 0.8200000000000001
2021-10-11 19:29:07,701 {'epoch': 91, 'lr': 0.0005824350601949141, 'train_loss': 0.00692032245589535, 'mae': 0.21550517744343972, 'elapsed_time': 81.88336658477783}
2021-10-11 19:29:07,945 multi task weight : 0.8213333333333334
2021-10-11 19:30:29,702 {'epoch': 92, 'lr': 0.0005747461098091033, 'train_loss': 0.006851557740476291, 'mae': 0.21384778036933821, 'elapsed_time': 81.99989104270935}
2021-10-11 19:30:29,958 multi task weight : 0.8226666666666667
2021-10-11 19:31:52,196 {'epoch': 93, 'lr': 0.0005670399506143305, 'train_loss': 0.006695591925468723, 'mae': 0.21596280435137144, 'elapsed_time': 82.49383926391602}
2021-10-11 19:31:52,425 multi task weight : 0.8240000000000001
2021-10-11 19:33:14,534 {'epoch': 94, 'lr': 0.0005593184839900673, 'train_loss': 0.006608696478419623, 'mae': 0.21463888340876244, 'elapsed_time': 82.33830285072327}
2021-10-11 19:33:14,753 multi task weight : 0.8253333333333334
2021-10-11 19:34:36,508 {'epoch': 95, 'lr': 0.0005515836150926644, 'train_loss': 0.0065025524292425104, 'mae': 0.21801612780223908, 'elapsed_time': 81.97304558753967}
2021-10-11 19:34:36,754 multi task weight : 0.8266666666666667
2021-10-11 19:35:58,146 {'epoch': 96, 'lr': 0.0005438372523852832, 'train_loss': 0.006444335624703988, 'mae': 0.21803915540828983, 'elapsed_time': 81.63774514198303}
2021-10-11 19:35:58,429 multi task weight : 0.8280000000000001
2021-10-11 19:37:19,147 {'epoch': 97, 'lr': 0.00053608130716701, 'train_loss': 0.006359895782371164, 'mae': 0.21708062794080965, 'elapsed_time': 81.00075602531433}
2021-10-11 19:37:19,394 multi task weight : 0.8293333333333333
2021-10-11 19:38:39,825 {'epoch': 98, 'lr': 0.0005283176931012729, 'train_loss': 0.006209148979092213, 'mae': 0.22227900370726858, 'elapsed_time': 80.67712616920471}
2021-10-11 19:38:40,083 multi task weight : 0.8306666666666667
2021-10-11 19:40:01,511 {'epoch': 99, 'lr': 0.0005205483257436734, 'train_loss': 0.006131992783864023, 'mae': 0.21919257880870724, 'elapsed_time': 81.68568015098572}
2021-10-11 19:40:01,793 multi task weight : 0.8320000000000001
2021-10-11 19:41:23,245 {'epoch': 100, 'lr': 0.0005127751220693511, 'train_loss': 0.005961084212784423, 'mae': 0.21790901444483662, 'elapsed_time': 81.73349022865295}
2021-10-11 19:41:23,463 multi task weight : 0.8333333333333333
2021-10-11 19:42:45,198 {'epoch': 101, 'lr': 0.0005049999999999998, 'train_loss': 0.0059266734609073005, 'mae': 0.22324061341038978, 'elapsed_time': 81.95303058624268}
2021-10-11 19:42:45,470 multi task weight : 0.8346666666666667
2021-10-11 19:44:07,115 {'epoch': 102, 'lr': 0.0004972248779306486, 'train_loss': 0.005888220600690014, 'mae': 0.2186100334526717, 'elapsed_time': 81.91653323173523}
2021-10-11 19:44:07,342 multi task weight : 0.8360000000000001
2021-10-11 19:45:29,901 {'epoch': 103, 'lr': 0.0004894516742563262, 'train_loss': 0.005753705983844477, 'mae': 0.22098502118051266, 'elapsed_time': 82.78553080558777}
2021-10-11 19:45:30,110 multi task weight : 0.8373333333333333
2021-10-11 19:46:52,265 {'epoch': 104, 'lr': 0.00048168230689872663, 'train_loss': 0.00563695479142421, 'mae': 0.21961045819797795, 'elapsed_time': 82.36326575279236}
2021-10-11 19:46:52,509 multi task weight : 0.8386666666666667
2021-10-11 19:48:14,777 {'epoch': 105, 'lr': 0.0004739186928329896, 'train_loss': 0.0055573846890564545, 'mae': 0.2245998374137314, 'elapsed_time': 82.51146054267883}
2021-10-11 19:48:15,030 multi task weight : 0.8400000000000001
2021-10-11 19:49:36,949 {'epoch': 106, 'lr': 0.00046616274761471655, 'train_loss': 0.005513543579813816, 'mae': 0.22092102529244995, 'elapsed_time': 82.17173051834106}
2021-10-11 19:49:37,205 multi task weight : 0.8413333333333333
2021-10-11 19:50:59,245 {'epoch': 107, 'lr': 0.0004584163849073352, 'train_loss': 0.0053779039144357995, 'mae': 0.22296975390148333, 'elapsed_time': 82.29558157920837}
2021-10-11 19:50:59,479 multi task weight : 0.8426666666666667
2021-10-11 19:52:21,204 {'epoch': 108, 'lr': 0.0004506815160099324, 'train_loss': 0.005305722731087206, 'mae': 0.22264119277515357, 'elapsed_time': 81.95896506309509}
2021-10-11 19:52:21,429 multi task weight : 0.8440000000000001
2021-10-11 19:53:43,646 {'epoch': 109, 'lr': 0.0004429600493856693, 'train_loss': 0.005157740763712593, 'mae': 0.22409371854838456, 'elapsed_time': 82.44141221046448}
2021-10-11 19:53:43,895 multi task weight : 0.8453333333333333
2021-10-11 19:55:06,103 {'epoch': 110, 'lr': 0.00043525389019089656, 'train_loss': 0.005050658050991195, 'mae': 0.22411934330960975, 'elapsed_time': 82.4562554359436}
2021-10-11 19:55:06,326 multi task weight : 0.8466666666666667
2021-10-11 19:56:28,305 {'epoch': 111, 'lr': 0.0004275649398050856, 'train_loss': 0.005010005954166688, 'mae': 0.2259762427956848, 'elapsed_time': 82.20149827003479}
2021-10-11 19:56:28,544 multi task weight : 0.8480000000000001
2021-10-11 19:57:49,892 {'epoch': 112, 'lr': 0.0004198950953616921, 'train_loss': 0.004891699907043424, 'mae': 0.22433695164115858, 'elapsed_time': 81.58697724342346}
2021-10-11 19:57:50,112 multi task weight : 0.8493333333333333
2021-10-11 19:59:11,484 {'epoch': 113, 'lr': 0.0004122462492800662, 'train_loss': 0.004834557809009704, 'mae': 0.2268752213156144, 'elapsed_time': 81.59180498123169}
2021-10-11 19:59:11,719 multi task weight : 0.8506666666666667
2021-10-11 20:00:33,534 {'epoch': 114, 'lr': 0.0004046202887985263, 'train_loss': 0.0046954318762536555, 'mae': 0.2280146837472143, 'elapsed_time': 82.04981517791748}
2021-10-11 20:00:33,743 multi task weight : 0.8520000000000001
2021-10-11 20:01:55,339 {'epoch': 115, 'lr': 0.0003970190955087115, 'train_loss': 0.004654978677344054, 'mae': 0.22832083806654022, 'elapsed_time': 81.80421590805054}
2021-10-11 20:01:55,558 multi task weight : 0.8533333333333333
2021-10-11 20:03:17,587 {'epoch': 116, 'lr': 0.0003894445448913267, 'train_loss': 0.004603453330088325, 'mae': 0.22931835124333214, 'elapsed_time': 82.2473635673523}
2021-10-11 20:03:17,845 multi task weight : 0.8546666666666667
2021-10-11 20:04:40,089 {'epoch': 117, 'lr': 0.00038189850585339675, 'train_loss': 0.004483565150447204, 'mae': 0.22812640576310642, 'elapsed_time': 82.50203251838684}
2021-10-11 20:04:40,337 multi task weight : 0.8560000000000001
2021-10-11 20:06:02,303 {'epoch': 118, 'lr': 0.0003743828402671403, 'train_loss': 0.004475379258769486, 'mae': 0.23182669433884537, 'elapsed_time': 82.21347308158875}
2021-10-11 20:06:02,530 multi task weight : 0.8573333333333333
2021-10-11 20:07:24,728 {'epoch': 119, 'lr': 0.0003668994025105814, 'train_loss': 0.0043169099440078535, 'mae': 0.22957616850020446, 'elapsed_time': 82.42419719696045}
2021-10-11 20:07:24,979 multi task weight : 0.8586666666666667
2021-10-11 20:08:46,930 {'epoch': 120, 'lr': 0.00035945003901000945, 'train_loss': 0.00417610546703604, 'mae': 0.23004775818594106, 'elapsed_time': 82.20202898979187}
2021-10-11 20:08:47,154 multi task weight : 0.8600000000000001
2021-10-11 20:10:09,149 {'epoch': 121, 'lr': 0.00035203658778440103, 'train_loss': 0.0041356569730026825, 'mae': 0.23359719430363082, 'elapsed_time': 82.21777963638306}
2021-10-11 20:10:09,396 multi task weight : 0.8613333333333333
2021-10-11 20:11:31,485 {'epoch': 122, 'lr': 0.0003446608779919159, 'train_loss': 0.0040630826577198595, 'mae': 0.23151010485540618, 'elapsed_time': 82.33566069602966}
2021-10-11 20:11:31,727 multi task weight : 0.8626666666666667
2021-10-11 20:12:54,113 {'epoch': 123, 'lr': 0.00033732472947858063, 'train_loss': 0.003948875151777046, 'mae': 0.23266091551942766, 'elapsed_time': 82.62822318077087}
2021-10-11 20:12:54,320 multi task weight : 0.864
2021-10-11 20:14:16,352 {'epoch': 124, 'lr': 0.00033002995232926766, 'train_loss': 0.00390632503262966, 'mae': 0.23343329861035314, 'elapsed_time': 82.23833131790161}
2021-10-11 20:14:16,594 multi task weight : 0.8653333333333333
2021-10-11 20:15:38,721 {'epoch': 125, 'lr': 0.0003227783464210844, 'train_loss': 0.003860554087233117, 'mae': 0.23727354539749124, 'elapsed_time': 82.36817932128906}
2021-10-11 20:15:38,978 multi task weight : 0.8666666666666666
2021-10-11 20:17:01,384 {'epoch': 126, 'lr': 0.00031557170097928054, 'train_loss': 0.0037622969856793077, 'mae': 0.23496347167876583, 'elapsed_time': 82.66263389587402}
2021-10-11 20:17:01,615 multi task weight : 0.868
2021-10-11 20:18:23,618 {'epoch': 127, 'lr': 0.0003084117941357834, 'train_loss': 0.003647907252557393, 'mae': 0.23540652024489858, 'elapsed_time': 82.23389959335327}
2021-10-11 20:18:23,864 multi task weight : 0.8693333333333333
2021-10-11 20:19:45,712 {'epoch': 128, 'lr': 0.00030130039249047106, 'train_loss': 0.003583020949458507, 'mae': 0.234687085854044, 'elapsed_time': 82.0935423374176}
2021-10-11 20:19:45,936 multi task weight : 0.8706666666666667
2021-10-11 20:21:07,700 {'epoch': 129, 'lr': 0.00029423925067528897, 'train_loss': 0.003510075637230105, 'mae': 0.2361096872277743, 'elapsed_time': 81.98724961280823}
2021-10-11 20:21:07,927 multi task weight : 0.872
2021-10-11 20:22:29,551 {'epoch': 130, 'lr': 0.0002872301109213219, 'train_loss': 0.0034548787411235672, 'mae': 0.2374245528909675, 'elapsed_time': 81.85120272636414}
2021-10-11 20:22:29,779 multi task weight : 0.8733333333333333
2021-10-11 20:23:51,677 {'epoch': 131, 'lr': 0.0002802747026289243, 'train_loss': 0.0033811238228366263, 'mae': 0.2388546728104373, 'elapsed_time': 82.12508916854858}
2021-10-11 20:23:51,901 multi task weight : 0.8746666666666667
2021-10-11 20:25:13,797 {'epoch': 132, 'lr': 0.00027337474194101617, 'train_loss': 0.00331499012566071, 'mae': 0.2389062344730533, 'elapsed_time': 82.120108127594}
2021-10-11 20:25:14,050 multi task weight : 0.876
2021-10-11 20:26:35,824 {'epoch': 133, 'lr': 0.00026653193131965077, 'train_loss': 0.0032283793959576534, 'mae': 0.23984266235360147, 'elapsed_time': 82.02645325660706}
2021-10-11 20:26:36,094 multi task weight : 0.8773333333333333
2021-10-11 20:27:57,442 {'epoch': 134, 'lr': 0.00025974795912595813, 'train_loss': 0.0031646791759155062, 'mae': 0.24069622287913459, 'elapsed_time': 81.61754107475281}
2021-10-11 20:27:57,695 multi task weight : 0.8786666666666667
2021-10-11 20:29:18,544 {'epoch': 135, 'lr': 0.0002530244992035661, 'train_loss': 0.0031158320467506834, 'mae': 0.24014037842878602, 'elapsed_time': 81.10124969482422}
2021-10-11 20:29:18,776 multi task weight : 0.88
2021-10-11 20:30:39,907 {'epoch': 136, 'lr': 0.00024636321046560527, 'train_loss': 0.0030393393091842622, 'mae': 0.24247807725491313, 'elapsed_time': 81.36311602592468}
2021-10-11 20:30:40,144 multi task weight : 0.8813333333333333
2021-10-11 20:32:01,677 {'epoch': 137, 'lr': 0.00023976573648539645, 'train_loss': 0.0029491723087388525, 'mae': 0.2425176708157968, 'elapsed_time': 81.76899313926697}
2021-10-11 20:32:01,916 multi task weight : 0.8826666666666667
2021-10-11 20:33:23,751 {'epoch': 138, 'lr': 0.00023323370509092462, 'train_loss': 0.002900119349508589, 'mae': 0.2422162689198641, 'elapsed_time': 82.07428669929504}
2021-10-11 20:33:23,970 multi task weight : 0.884
2021-10-11 20:34:45,653 {'epoch': 139, 'lr': 0.00022676872796319523, 'train_loss': 0.0028292379917847234, 'mae': 0.2427464837723722, 'elapsed_time': 81.90156722068787}
2021-10-11 20:34:45,892 multi task weight : 0.8853333333333333
2021-10-11 20:36:07,626 {'epoch': 140, 'lr': 0.00022037240023857702, 'train_loss': 0.002799220423654186, 'mae': 0.24587374467367934, 'elapsed_time': 81.9719557762146}
2021-10-11 20:36:07,891 multi task weight : 0.8866666666666667
2021-10-11 20:37:30,144 {'epoch': 141, 'lr': 0.00021404630011522577, 'train_loss': 0.0027320703068184015, 'mae': 0.24598822862684663, 'elapsed_time': 82.51746773719788}
2021-10-11 20:37:30,387 multi task weight : 0.888
2021-10-11 20:38:52,263 {'epoch': 142, 'lr': 0.00020779198846368737, 'train_loss': 0.002651459605706457, 'mae': 0.24594172893552638, 'elapsed_time': 82.11921763420105}
2021-10-11 20:38:52,494 multi task weight : 0.8893333333333333
2021-10-11 20:40:14,753 {'epoch': 143, 'lr': 0.0002016110084417765, 'train_loss': 0.0025880136054979405, 'mae': 0.2476144706109684, 'elapsed_time': 82.4890947341919}
2021-10-11 20:40:15,015 multi task weight : 0.8906666666666667
2021-10-11 20:41:37,538 {'epoch': 144, 'lr': 0.00019550488511382584, 'train_loss': 0.0025445581237909572, 'mae': 0.24856348477618842, 'elapsed_time': 82.78462052345276}
2021-10-11 20:41:37,771 multi task weight : 0.892
2021-10-11 20:42:59,892 {'epoch': 145, 'lr': 0.00018947512507439847, 'train_loss': 0.0024920182363077693, 'mae': 0.24860384291168594, 'elapsed_time': 82.35352754592896}
2021-10-11 20:43:00,149 multi task weight : 0.8933333333333333
2021-10-11 20:44:21,875 {'epoch': 146, 'lr': 0.00018352321607655904, 'train_loss': 0.002434097425709741, 'mae': 0.24880917800691948, 'elapsed_time': 81.98242831230164}
2021-10-11 20:44:22,103 multi task weight : 0.8946666666666667
2021-10-11 20:45:43,791 {'epoch': 147, 'lr': 0.0001776506266647923, 'train_loss': 0.0023747677866041146, 'mae': 0.24877833206883931, 'elapsed_time': 81.91576886177063}
2021-10-11 20:45:44,033 multi task weight : 0.896
2021-10-11 20:47:06,062 {'epoch': 148, 'lr': 0.00017185880581266206, 'train_loss': 0.00232254453595898, 'mae': 0.24995155324278245, 'elapsed_time': 82.27127194404602}
2021-10-11 20:47:06,299 multi task weight : 0.8973333333333333
2021-10-11 20:48:28,186 {'epoch': 149, 'lr': 0.000166149182565299, 'train_loss': 0.002282497861019581, 'mae': 0.25273874286586806, 'elapsed_time': 82.12350940704346}
2021-10-11 20:48:28,426 multi task weight : 0.8986666666666667
2021-10-11 20:49:50,467 {'epoch': 150, 'lr': 0.00016052316568680435, 'train_loss': 0.0022246118921310084, 'mae': 0.2522757444154211, 'elapsed_time': 82.28047728538513}
2021-10-11 20:49:50,691 multi task weight : 0.9
2021-10-11 20:51:12,805 {'epoch': 151, 'lr': 0.00015498214331265893, 'train_loss': 0.0021755679585212426, 'mae': 0.2509063975873884, 'elapsed_time': 82.33701252937317}
2021-10-11 20:51:13,027 multi task weight : 0.9
2021-10-11 20:52:35,240 {'epoch': 152, 'lr': 0.0001495274826072215, 'train_loss': 0.0021237090839760597, 'mae': 0.2527958300636186, 'elapsed_time': 82.43517255783081}
2021-10-11 20:52:35,489 multi task weight : 0.9
2021-10-11 20:53:57,658 {'epoch': 153, 'lr': 0.00014416052942640132, 'train_loss': 0.0020703664267987427, 'mae': 0.2528449377837865, 'elapsed_time': 82.41735553741455}
2021-10-11 20:53:57,897 multi task weight : 0.9
2021-10-11 20:55:19,806 {'epoch': 154, 'lr': 0.0001388826079855881, 'train_loss': 0.0020351242646821847, 'mae': 0.25407018244372526, 'elapsed_time': 82.14789032936096}
2021-10-11 20:55:20,074 multi task weight : 0.9
2021-10-11 20:56:41,564 {'epoch': 155, 'lr': 0.00013369502053292245, 'train_loss': 0.001984663269648574, 'mae': 0.2552569087600115, 'elapsed_time': 81.75750255584717}
2021-10-11 20:56:41,777 multi task weight : 0.9
2021-10-11 20:58:03,903 {'epoch': 156, 'lr': 0.00012859904702798464, 'train_loss': 0.0019367397406722948, 'mae': 0.2556990362403306, 'elapsed_time': 82.33864164352417}
2021-10-11 20:58:04,133 multi task weight : 0.9
2021-10-11 20:59:26,136 {'epoch': 157, 'lr': 0.00012359594482598432, 'train_loss': 0.001893925292058209, 'mae': 0.2558132118908385, 'elapsed_time': 82.23184704780579}
2021-10-11 20:59:26,356 multi task weight : 0.9
2021-10-11 21:00:47,901 {'epoch': 158, 'lr': 0.00011868694836752681, 'train_loss': 0.0018565826364863858, 'mae': 0.2560854538522085, 'elapsed_time': 81.76542520523071}
2021-10-11 21:00:48,142 multi task weight : 0.9
2021-10-11 21:02:09,794 {'epoch': 159, 'lr': 0.0001138732688740332, 'train_loss': 0.0018145956533527122, 'mae': 0.2575798733985192, 'elapsed_time': 81.89225959777832}
2021-10-11 21:02:10,054 multi task weight : 0.9
2021-10-11 21:03:31,693 {'epoch': 160, 'lr': 0.00010915609404889012, 'train_loss': 0.0017783982502734765, 'mae': 0.2570060771634339, 'elapsed_time': 81.89874053001404}
2021-10-11 21:03:31,917 multi task weight : 0.9
2021-10-11 21:04:53,662 {'epoch': 161, 'lr': 0.00010453658778440103, 'train_loss': 0.0017417291958178804, 'mae': 0.25823224259768196, 'elapsed_time': 81.96794605255127}
2021-10-11 21:04:53,911 multi task weight : 0.9
2021-10-11 21:06:15,982 {'epoch': 162, 'lr': 0.00010001588987461343, 'train_loss': 0.0017037196103372346, 'mae': 0.25988610889193836, 'elapsed_time': 82.31981015205383}
2021-10-11 21:06:16,196 multi task weight : 0.9
2021-10-11 21:07:38,206 {'epoch': 163, 'lr': 9.559511573409192e-05, 'train_loss': 0.001670884359023127, 'mae': 0.25924908710645195, 'elapsed_time': 82.22377824783325}
2021-10-11 21:07:38,469 multi task weight : 0.9
2021-10-11 21:09:00,296 {'epoch': 164, 'lr': 9.12753561227063e-05, 'train_loss': 0.0016396331416308446, 'mae': 0.2612864555144674, 'elapsed_time': 82.0892186164856}
2021-10-11 21:09:00,552 multi task weight : 0.9
2021-10-11 21:10:22,422 {'epoch': 165, 'lr': 8.705767687650262e-05, 'train_loss': 0.0016032944905532756, 'mae': 0.2604124865151507, 'elapsed_time': 82.12609529495239}
2021-10-11 21:10:22,653 multi task weight : 0.9
2021-10-11 21:11:44,714 {'epoch': 166, 'lr': 8.294311864472445e-05, 'train_loss': 0.0015780286963429176, 'mae': 0.26148043261703885, 'elapsed_time': 82.29102969169617}
2021-10-11 21:11:44,945 multi task weight : 0.9
2021-10-11 21:13:06,878 {'epoch': 167, 'lr': 7.89326966330478e-05, 'train_loss': 0.0015449327467943834, 'mae': 0.26220891995388035, 'elapsed_time': 82.16352820396423}
2021-10-11 21:13:07,123 multi task weight : 0.9
2021-10-11 21:14:28,945 {'epoch': 168, 'lr': 7.502740035309526e-05, 'train_loss': 0.001515504772138564, 'mae': 0.26328991127638296, 'elapsed_time': 82.06699848175049}
2021-10-11 21:14:29,182 multi task weight : 0.9
2021-10-11 21:15:50,952 {'epoch': 169, 'lr': 7.12281933782875e-05, 'train_loss': 0.0014884770913895114, 'mae': 0.2632846924678851, 'elapsed_time': 82.00704860687256}
2021-10-11 21:15:51,177 multi task weight : 0.9
2021-10-11 21:17:12,879 {'epoch': 170, 'lr': 6.75360131060967e-05, 'train_loss': 0.0014624352081178277, 'mae': 0.2637923459560392, 'elapsed_time': 81.92637324333191}
2021-10-11 21:17:13,107 multi task weight : 0.9
2021-10-11 21:18:34,925 {'epoch': 171, 'lr': 6.395177052675792e-05, 'train_loss': 0.0014393777277313217, 'mae': 0.2653908131301762, 'elapsed_time': 82.04527926445007}
2021-10-11 21:18:35,146 multi task weight : 0.9
2021-10-11 21:19:57,347 {'epoch': 172, 'lr': 6.047634999849528e-05, 'train_loss': 0.0014143521695677377, 'mae': 0.2644382704046993, 'elapsed_time': 82.42117667198181}
2021-10-11 21:19:57,595 multi task weight : 0.9
2021-10-11 21:21:19,858 {'epoch': 173, 'lr': 5.711060902932039e-05, 'train_loss': 0.0013918471694822103, 'mae': 0.26425718498472583, 'elapsed_time': 82.51072645187378}
2021-10-11 21:21:20,074 multi task weight : 0.9
2021-10-11 21:22:41,688 {'epoch': 174, 'lr': 5.385537806545467e-05, 'train_loss': 0.001373020408217128, 'mae': 0.2657718616371028, 'elapsed_time': 81.83028197288513}
2021-10-11 21:22:41,912 multi task weight : 0.9
2021-10-11 21:24:03,694 {'epoch': 175, 'lr': 5.0711460286429424e-05, 'train_loss': 0.001352182380988394, 'mae': 0.2668445657742402, 'elapsed_time': 82.00487804412842}
2021-10-11 21:24:03,949 multi task weight : 0.9
2021-10-11 21:25:25,718 {'epoch': 176, 'lr': 4.767963140691315e-05, 'train_loss': 0.0013323935095623204, 'mae': 0.26693188488769065, 'elapsed_time': 82.02405571937561}
2021-10-11 21:25:25,947 multi task weight : 0.9
2021-10-11 21:26:48,005 {'epoch': 177, 'lr': 4.4760639485315563e-05, 'train_loss': 0.0013133740421653662, 'mae': 0.26705051142236375, 'elapsed_time': 82.2868344783783}
2021-10-11 21:26:48,222 multi task weight : 0.9
2021-10-11 21:28:10,116 {'epoch': 178, 'lr': 4.195520473921563e-05, 'train_loss': 0.001297094162388145, 'mae': 0.2667894714772237, 'elapsed_time': 82.11021304130554}
2021-10-11 21:28:10,322 multi task weight : 0.9
2021-10-11 21:29:31,804 {'epoch': 179, 'lr': 3.9264019367658385e-05, 'train_loss': 0.0012807628994028722, 'mae': 0.26807456844631955, 'elapsed_time': 81.68801546096802}
2021-10-11 21:29:32,050 multi task weight : 0.9
2021-10-11 21:30:53,554 {'epoch': 180, 'lr': 3.6687747380365064e-05, 'train_loss': 0.0012662423646226872, 'mae': 0.26786263542784006, 'elapsed_time': 81.74951457977295}
2021-10-11 21:30:53,800 multi task weight : 0.9
2021-10-11 21:32:15,058 {'epoch': 181, 'lr': 3.422702443389899e-05, 'train_loss': 0.0012513512760311898, 'mae': 0.2682194364808475, 'elapsed_time': 81.50275349617004}
2021-10-11 21:32:15,281 multi task weight : 0.9
2021-10-11 21:33:36,796 {'epoch': 182, 'lr': 3.188245767482658e-05, 'train_loss': 0.0012376769177363835, 'mae': 0.26905151106643393, 'elapsed_time': 81.73828911781311}
2021-10-11 21:33:37,024 multi task weight : 0.9
2021-10-11 21:34:58,572 {'epoch': 183, 'lr': 2.965462558991323e-05, 'train_loss': 0.0012252804568324996, 'mae': 0.26883205920237413, 'elapsed_time': 81.77544069290161}
2021-10-11 21:34:58,794 multi task weight : 0.9
2021-10-11 21:36:19,705 {'epoch': 184, 'lr': 2.7544077863390004e-05, 'train_loss': 0.0012135327167221456, 'mae': 0.2696937517151396, 'elapsed_time': 81.1323971748352}
2021-10-11 21:36:19,950 multi task weight : 0.9
2021-10-11 21:37:41,058 {'epoch': 185, 'lr': 2.5551335241327672e-05, 'train_loss': 0.0012023791193102984, 'mae': 0.2698759123048415, 'elapsed_time': 81.35244345664978}
2021-10-11 21:37:41,282 multi task weight : 0.9
2021-10-11 21:39:02,279 {'epoch': 186, 'lr': 2.367688940315011e-05, 'train_loss': 0.0011920102447952712, 'mae': 0.2703416711559155, 'elapsed_time': 81.22091889381409}
2021-10-11 21:39:02,513 multi task weight : 0.9
2021-10-11 21:40:23,733 {'epoch': 187, 'lr': 2.1921202840320077e-05, 'train_loss': 0.0011827802859528164, 'mae': 0.26991105508272206, 'elapsed_time': 81.4534285068512}
2021-10-11 21:40:23,965 multi task weight : 0.9
2021-10-11 21:41:44,958 {'epoch': 188, 'lr': 2.0284708742225903e-05, 'train_loss': 0.001173434023621305, 'mae': 0.2704655154124289, 'elapsed_time': 81.22392177581787}
2021-10-11 21:41:45,165 multi task weight : 0.9
2021-10-11 21:43:06,380 {'epoch': 189, 'lr': 1.8767810889299086e-05, 'train_loss': 0.001165577559809048, 'mae': 0.2707877868115485, 'elapsed_time': 81.42218613624573}
2021-10-11 21:43:06,632 multi task weight : 0.9
2021-10-11 21:44:27,822 {'epoch': 190, 'lr': 1.7370883553386936e-05, 'train_loss': 0.0011574026061415752, 'mae': 0.27120827450371204, 'elapsed_time': 81.44150137901306}
2021-10-11 21:44:28,040 multi task weight : 0.9
2021-10-11 21:45:49,141 {'epoch': 191, 'lr': 1.6094271405406862e-05, 'train_loss': 0.001150656867873558, 'mae': 0.2712134920037377, 'elapsed_time': 81.31836271286011}
2021-10-11 21:45:49,364 multi task weight : 0.9
2021-10-11 21:47:10,173 {'epoch': 192, 'lr': 1.4938289430304022e-05, 'train_loss': 0.0011442231758688364, 'mae': 0.27108581161293677, 'elapsed_time': 81.03200197219849}
2021-10-11 21:47:10,437 multi task weight : 0.9
2021-10-11 21:48:30,909 {'epoch': 193, 'lr': 1.3903222849333509e-05, 'train_loss': 0.0011381236988140147, 'mae': 0.27131354984923495, 'elapsed_time': 80.73550939559937}
2021-10-11 21:48:31,141 multi task weight : 0.9
2021-10-11 21:49:52,360 {'epoch': 194, 'lr': 1.2989327049686102e-05, 'train_loss': 0.0011323426701400042, 'mae': 0.27172083940301894, 'elapsed_time': 81.45004606246948}
2021-10-11 21:49:52,590 multi task weight : 0.9
2021-10-11 21:51:13,476 {'epoch': 195, 'lr': 1.2196827521475404e-05, 'train_loss': 0.0011273849974006828, 'mae': 0.27269409960549623, 'elapsed_time': 81.11650943756104}
2021-10-11 21:51:13,716 multi task weight : 0.9
2021-10-11 21:52:34,771 {'epoch': 196, 'lr': 1.152591980210166e-05, 'train_loss': 0.0011226873216574123, 'mae': 0.2716807860684764, 'elapsed_time': 81.2946355342865}
2021-10-11 21:52:34,995 multi task weight : 0.9
2021-10-11 21:53:56,484 {'epoch': 197, 'lr': 1.097676942800558e-05, 'train_loss': 0.0011183344804101072, 'mae': 0.272065363205165, 'elapsed_time': 81.71230506896973}
2021-10-11 21:53:56,717 multi task weight : 0.9
2021-10-11 21:55:18,277 {'epoch': 198, 'lr': 1.0549511893824899e-05, 'train_loss': 0.0011146699441899283, 'mae': 0.27197850331591045, 'elapsed_time': 81.79240274429321}
2021-10-11 21:55:18,517 multi task weight : 0.9
2021-10-11 21:56:40,349 {'epoch': 199, 'lr': 1.0244252618962858e-05, 'train_loss': 0.0011113092871080415, 'mae': 0.27176365550591514, 'elapsed_time': 82.07182765007019}
2021-10-11 21:56:40,610 multi task weight : 0.9
2021-10-11 21:58:01,721 {'epoch': 200, 'lr': 1.006106692157801e-05, 'train_loss': 0.0011081579244387632, 'mae': 0.27245224254447037, 'elapsed_time': 81.37115955352783}
