2021-10-16 15:41:28,881 create aug feature 0
2021-10-16 15:42:30,484 create aug feature 1
2021-10-16 15:43:30,036 create aug feature 2
2021-10-16 15:44:28,871 create aug feature 3
2021-10-16 15:45:27,712 create aug feature 4
2021-10-16 15:46:26,289 create aug feature 5
2021-10-16 15:47:25,387 create aug feature 6
2021-10-16 15:48:23,835 create aug feature 7
2021-10-16 15:49:22,401 create aug feature 8
2021-10-16 15:50:20,828 create aug feature 9
2021-10-16 15:53:15,967 Fold 0
2021-10-16 15:53:42,661 train run device : cuda:0
2021-10-16 15:54:47,106 multi task weight : 0.7
2021-10-16 15:56:01,542 {'epoch': 1, 'lr': 0.001, 'train_loss': 0.010822017358540699, 'mae': 1.0683844, 'elapsed_time': 75.36233568191528}
2021-10-16 15:56:02,207 multi task weight : 0.7013333333333333
2021-10-16 15:57:16,770 {'epoch': 2, 'lr': 0.000999960916880889, 'train_loss': 0.0040122906401546055, 'mae': 0.91170996, 'elapsed_time': 74.73981046676636}
2021-10-16 15:57:17,419 multi task weight : 0.7026666666666667
2021-10-16 15:58:32,682 {'epoch': 3, 'lr': 0.0009998436736952333, 'train_loss': 0.0035197294957200133, 'mae': 0.77108127, 'elapsed_time': 75.46606016159058}
2021-10-16 15:58:33,291 multi task weight : 0.704
2021-10-16 15:59:48,516 {'epoch': 4, 'lr': 0.0009996482889570914, 'train_loss': 0.0032528231832624037, 'mae': 0.6828408, 'elapsed_time': 75.39367723464966}
2021-10-16 15:59:49,135 multi task weight : 0.7053333333333334
2021-10-16 16:01:04,456 {'epoch': 5, 'lr': 0.0009993747935199784, 'train_loss': 0.002987711227358849, 'mae': 0.6402564, 'elapsed_time': 75.49350929260254}
2021-10-16 16:01:05,106 multi task weight : 0.7066666666666667
2021-10-16 16:02:20,718 {'epoch': 6, 'lr': 0.0009990232305719941, 'train_loss': 0.002836077609466669, 'mae': 0.66436833, 'elapsed_time': 75.79737877845764}
2021-10-16 16:02:20,904 multi task weight : 0.708
2021-10-16 16:03:36,647 {'epoch': 7, 'lr': 0.0009985936556290037, 'train_loss': 0.0027067995771538587, 'mae': 0.5837844, 'elapsed_time': 75.9288649559021}
2021-10-16 16:03:37,271 multi task weight : 0.7093333333333334
2021-10-16 16:04:53,067 {'epoch': 8, 'lr': 0.0009980861365258703, 'train_loss': 0.0026619751724760764, 'mae': 0.6282138, 'elapsed_time': 75.97193026542664}
2021-10-16 16:04:53,266 multi task weight : 0.7106666666666667
2021-10-16 16:06:09,158 {'epoch': 9, 'lr': 0.0009975007534057435, 'train_loss': 0.0025223278284388874, 'mae': 0.52233607, 'elapsed_time': 76.09098029136658}
2021-10-16 16:06:09,796 multi task weight : 0.712
2021-10-16 16:07:25,221 {'epoch': 10, 'lr': 0.000996837598707404, 'train_loss': 0.00247813089546421, 'mae': 0.5184603, 'elapsed_time': 75.61557006835938}
2021-10-16 16:07:25,851 multi task weight : 0.7133333333333334
2021-10-16 16:08:41,505 {'epoch': 11, 'lr': 0.0009960967771506664, 'train_loss': 0.002431764372428811, 'mae': 0.58146566, 'elapsed_time': 75.83572721481323}
2021-10-16 16:08:41,679 multi task weight : 0.7146666666666666
2021-10-16 16:09:57,302 {'epoch': 12, 'lr': 0.000995278405719842, 'train_loss': 0.0027097171346544035, 'mae': 0.48537457, 'elapsed_time': 75.79678845405579}
2021-10-16 16:09:57,940 multi task weight : 0.716
2021-10-16 16:11:13,757 {'epoch': 13, 'lr': 0.0009943826136452672, 'train_loss': 0.0022994129822852994, 'mae': 0.45723847, 'elapsed_time': 76.00886416435242}
2021-10-16 16:11:14,404 multi task weight : 0.7173333333333333
2021-10-16 16:12:30,023 {'epoch': 14, 'lr': 0.0009934095423828945, 'train_loss': 0.0022964527895902465, 'mae': 0.49618366, 'elapsed_time': 75.80782461166382}
2021-10-16 16:12:30,208 multi task weight : 0.7186666666666666
2021-10-16 16:13:46,101 {'epoch': 15, 'lr': 0.0009923593455919565, 'train_loss': 0.0023501618820223453, 'mae': 0.45665437, 'elapsed_time': 76.07677674293518}
2021-10-16 16:13:46,751 multi task weight : 0.72
2021-10-16 16:15:02,520 {'epoch': 16, 'lr': 0.0009912321891107007, 'train_loss': 0.0022466621043825876, 'mae': 0.3983551, 'elapsed_time': 75.96432328224182}
2021-10-16 16:15:03,185 multi task weight : 0.7213333333333333
2021-10-16 16:16:18,565 {'epoch': 17, 'lr': 0.000990028250930202, 'train_loss': 0.0022070174336907404, 'mae': 0.39576298, 'elapsed_time': 75.58073687553406}
2021-10-16 16:16:19,210 multi task weight : 0.7226666666666667
2021-10-16 16:17:35,236 {'epoch': 18, 'lr': 0.0009887477211662555, 'train_loss': 0.0022266756545695505, 'mae': 0.4043332, 'elapsed_time': 76.21095132827759}
2021-10-16 16:17:35,415 multi task weight : 0.724
2021-10-16 16:18:51,613 {'epoch': 19, 'lr': 0.0009873908020293554, 'train_loss': 0.0022028237230695582, 'mae': 0.42833233, 'elapsed_time': 76.37660789489746}
2021-10-16 16:18:51,811 multi task weight : 0.7253333333333333
2021-10-16 16:20:07,663 {'epoch': 20, 'lr': 0.0009859577077927632, 'train_loss': 0.0022036478330731157, 'mae': 0.4273968, 'elapsed_time': 76.04958081245422}
2021-10-16 16:20:07,850 multi task weight : 0.7266666666666667
2021-10-16 16:21:23,850 {'epoch': 21, 'lr': 0.000984448664758672, 'train_loss': 0.002089930052706704, 'mae': 0.36771336, 'elapsed_time': 76.18685173988342}
2021-10-16 16:21:24,505 multi task weight : 0.728
2021-10-16 16:22:40,287 {'epoch': 22, 'lr': 0.00098286391122247, 'train_loss': 0.0020818122785422406, 'mae': 0.3707397, 'elapsed_time': 75.98132967948914}
2021-10-16 16:22:40,472 multi task weight : 0.7293333333333333
2021-10-16 16:23:56,264 {'epoch': 23, 'lr': 0.0009812036974351118, 'train_loss': 0.001996188412801251, 'mae': 0.37546277, 'elapsed_time': 75.97704195976257}
2021-10-16 16:23:56,453 multi task weight : 0.7306666666666667
2021-10-16 16:25:12,493 {'epoch': 24, 'lr': 0.0009794682855636002, 'train_loss': 0.0019572432513976427, 'mae': 0.36584175, 'elapsed_time': 76.22817492485046}
2021-10-16 16:25:13,131 multi task weight : 0.732
2021-10-16 16:26:29,284 {'epoch': 25, 'lr': 0.0009776579496495873, 'train_loss': 0.001974459666687183, 'mae': 0.38356838, 'elapsed_time': 76.33684372901917}
2021-10-16 16:26:29,471 multi task weight : 0.7333333333333334
2021-10-16 16:27:46,029 {'epoch': 26, 'lr': 0.0009757729755661, 'train_loss': 0.0020664188956546815, 'mae': 0.34860724, 'elapsed_time': 76.74510908126831}
2021-10-16 16:27:46,669 multi task weight : 0.7346666666666667
2021-10-16 16:29:03,300 {'epoch': 27, 'lr': 0.0009738136609723973, 'train_loss': 0.0019321134001648607, 'mae': 0.37908706, 'elapsed_time': 76.81198906898499}
2021-10-16 16:29:03,487 multi task weight : 0.736
2021-10-16 16:30:19,586 {'epoch': 28, 'lr': 0.0009717803152669668, 'train_loss': 0.0019708088849102762, 'mae': 0.34843946, 'elapsed_time': 76.28508281707764}
2021-10-16 16:30:20,240 multi task weight : 0.7373333333333334
2021-10-16 16:31:36,042 {'epoch': 29, 'lr': 0.0009696732595386666, 'train_loss': 0.0019697258161285843, 'mae': 0.36287856, 'elapsed_time': 75.98869395256042}
2021-10-16 16:31:36,241 multi task weight : 0.7386666666666666
2021-10-16 16:32:51,752 {'epoch': 30, 'lr': 0.0009674928265160219, 'train_loss': 0.0018199367716543085, 'mae': 0.34114894, 'elapsed_time': 75.70973658561707}
2021-10-16 16:32:52,390 multi task weight : 0.74
2021-10-16 16:34:08,343 {'epoch': 31, 'lr': 0.0009652393605146833, 'train_loss': 0.001756832745689047, 'mae': 0.3195591, 'elapsed_time': 76.14043045043945}
2021-10-16 16:34:08,983 multi task weight : 0.7413333333333334
2021-10-16 16:35:25,090 {'epoch': 32, 'lr': 0.0009629132173830556, 'train_loss': 0.0018431334260720304, 'mae': 0.31074598, 'elapsed_time': 76.29074287414551}
2021-10-16 16:35:25,720 multi task weight : 0.7426666666666666
2021-10-16 16:36:41,543 {'epoch': 33, 'lr': 0.0009605147644461048, 'train_loss': 0.0018862003587665267, 'mae': 0.28020707, 'elapsed_time': 76.00404191017151}
2021-10-16 16:36:42,201 multi task weight : 0.744
2021-10-16 16:37:58,115 {'epoch': 34, 'lr': 0.0009580443804473531, 'train_loss': 0.0017544416605813997, 'mae': 0.35466996, 'elapsed_time': 76.11239171028137}
2021-10-16 16:37:58,303 multi task weight : 0.7453333333333333
2021-10-16 16:39:13,823 {'epoch': 35, 'lr': 0.0009555024554890718, 'train_loss': 0.0018794620010910482, 'mae': 0.38289392, 'elapsed_time': 75.70813941955566}
2021-10-16 16:39:14,024 multi task weight : 0.7466666666666666
2021-10-16 16:40:29,623 {'epoch': 36, 'lr': 0.0009528893909706786, 'train_loss': 0.0017519477426492275, 'mae': 0.27655265, 'elapsed_time': 75.79913687705994}
2021-10-16 16:40:30,264 multi task weight : 0.7479999999999999
2021-10-16 16:41:46,030 {'epoch': 37, 'lr': 0.0009502055995253526, 'train_loss': 0.0016593026551507497, 'mae': 0.30190116, 'elapsed_time': 75.94914674758911}
2021-10-16 16:41:46,233 multi task weight : 0.7493333333333333
2021-10-16 16:43:02,038 {'epoch': 38, 'lr': 0.0009474515049548744, 'train_loss': 0.0017219953310556803, 'mae': 0.26685017, 'elapsed_time': 76.00690460205078}
2021-10-16 16:43:02,699 multi task weight : 0.7506666666666666
2021-10-16 16:44:18,853 {'epoch': 39, 'lr': 0.0009446275421627035, 'train_loss': 0.001749535956135485, 'mae': 0.2866393, 'elapsed_time': 76.35247731208801}
2021-10-16 16:44:19,043 multi task weight : 0.752
2021-10-16 16:45:34,910 {'epoch': 40, 'lr': 0.0009417341570853008, 'train_loss': 0.0017013597912528486, 'mae': 0.28805938, 'elapsed_time': 76.05678296089172}
2021-10-16 16:45:35,092 multi task weight : 0.7533333333333333
2021-10-16 16:46:51,188 {'epoch': 41, 'lr': 0.0009387718066217113, 'train_loss': 0.0015995938888818243, 'mae': 0.27178454, 'elapsed_time': 76.27682900428772}
2021-10-16 16:46:51,368 multi task weight : 0.7546666666666666
2021-10-16 16:48:07,410 {'epoch': 42, 'lr': 0.0009357409585614141, 'train_loss': 0.0018235754609265968, 'mae': 0.3108559, 'elapsed_time': 76.22166681289673}
2021-10-16 16:48:07,593 multi task weight : 0.756
2021-10-16 16:49:23,772 {'epoch': 43, 'lr': 0.0009326420915104522, 'train_loss': 0.001748934452100413, 'mae': 0.31553715, 'elapsed_time': 76.36227107048035}
2021-10-16 16:49:23,955 multi task weight : 0.7573333333333334
2021-10-16 16:50:39,880 {'epoch': 44, 'lr': 0.0009294756948158567, 'train_loss': 0.001519184997039887, 'mae': 0.25678217, 'elapsed_time': 76.1072108745575}
2021-10-16 16:50:40,518 multi task weight : 0.7586666666666666
2021-10-16 16:51:56,522 {'epoch': 45, 'lr': 0.0009262422684883714, 'train_loss': 0.0015971375349106735, 'mae': 0.26626483, 'elapsed_time': 76.19080924987793}
2021-10-16 16:51:56,714 multi task weight : 0.76
2021-10-16 16:53:12,766 {'epoch': 46, 'lr': 0.0009229423231234963, 'train_loss': 0.0016314607286409797, 'mae': 0.3038444, 'elapsed_time': 76.2437391281128}
2021-10-16 16:53:12,942 multi task weight : 0.7613333333333333
2021-10-16 16:54:29,185 {'epoch': 47, 'lr': 0.0009195763798208591, 'train_loss': 0.001561248001770281, 'mae': 0.2580471, 'elapsed_time': 76.41885089874268}
2021-10-16 16:54:29,386 multi task weight : 0.7626666666666666
2021-10-16 16:55:45,210 {'epoch': 48, 'lr': 0.0009161449701019262, 'train_loss': 0.001541680856215946, 'mae': 0.2613369, 'elapsed_time': 76.02460193634033}
2021-10-16 16:55:45,422 multi task weight : 0.764
2021-10-16 16:57:01,899 {'epoch': 49, 'lr': 0.0009126486358260705, 'train_loss': 0.0014861126390216049, 'mae': 0.25351784, 'elapsed_time': 76.68864059448242}
2021-10-16 16:57:02,538 multi task weight : 0.7653333333333333
2021-10-16 16:58:19,033 {'epoch': 50, 'lr': 0.000909087929105005, 'train_loss': 0.0015046058421383005, 'mae': 0.3494558, 'elapsed_time': 76.68018889427185}
2021-10-16 16:58:19,231 multi task weight : 0.7666666666666666
2021-10-16 16:59:35,500 {'epoch': 51, 'lr': 0.0009054634122155979, 'train_loss': 0.0014946752093915041, 'mae': 0.2576066, 'elapsed_time': 76.46693348884583}
2021-10-16 16:59:35,689 multi task weight : 0.768
2021-10-16 17:00:52,094 {'epoch': 52, 'lr': 0.0009017756575110829, 'train_loss': 0.001510303723270961, 'mae': 0.2748508, 'elapsed_time': 76.59392285346985}
2021-10-16 17:00:52,280 multi task weight : 0.7693333333333333
2021-10-16 17:02:08,397 {'epoch': 53, 'lr': 0.0008980252473306773, 'train_loss': 0.0014518603754110728, 'mae': 0.23944758, 'elapsed_time': 76.30175709724426}
2021-10-16 17:02:09,042 multi task weight : 0.7706666666666666
2021-10-16 17:03:25,382 {'epoch': 54, 'lr': 0.0008942127739076252, 'train_loss': 0.0014154786701981322, 'mae': 0.25586012, 'elapsed_time': 76.52107644081116}
2021-10-16 17:03:25,582 multi task weight : 0.772
2021-10-16 17:04:41,573 {'epoch': 55, 'lr': 0.0008903388392756755, 'train_loss': 0.0016745249045219067, 'mae': 0.26944444, 'elapsed_time': 76.19135165214539}
2021-10-16 17:04:41,782 multi task weight : 0.7733333333333332
2021-10-16 17:05:56,810 {'epoch': 56, 'lr': 0.0008864040551740145, 'train_loss': 0.0014696779747902754, 'mae': 0.27229264, 'elapsed_time': 75.2360167503357}
2021-10-16 17:05:57,002 multi task weight : 0.7746666666666666
2021-10-16 17:07:12,382 {'epoch': 57, 'lr': 0.0008824090429506656, 'train_loss': 0.001394163936899939, 'mae': 0.25600895, 'elapsed_time': 75.571702003479}
2021-10-16 17:07:12,567 multi task weight : 0.776
2021-10-16 17:08:28,318 {'epoch': 58, 'lr': 0.0008783544334643704, 'train_loss': 0.0014314144042507555, 'mae': 0.25249687, 'elapsed_time': 75.93531584739685}
2021-10-16 17:08:28,499 multi task weight : 0.7773333333333332
2021-10-16 17:09:44,596 {'epoch': 59, 'lr': 0.0008742408669849691, 'train_loss': 0.0014583713385523985, 'mae': 0.22878306, 'elapsed_time': 76.27767992019653}
2021-10-16 17:09:45,240 multi task weight : 0.7786666666666666
2021-10-16 17:11:01,072 {'epoch': 60, 'lr': 0.0008700689930922951, 'train_loss': 0.0013099138352790363, 'mae': 0.22936971, 'elapsed_time': 76.02728748321533}
2021-10-16 17:11:01,263 multi task weight : 0.78
2021-10-16 17:12:16,702 {'epoch': 61, 'lr': 0.0008658394705735977, 'train_loss': 0.0012945449657397526, 'mae': 0.21551211, 'elapsed_time': 75.62927508354187}
2021-10-16 17:12:17,345 multi task weight : 0.7813333333333332
2021-10-16 17:13:33,562 {'epoch': 62, 'lr': 0.0008615529673195128, 'train_loss': 0.0012570337707768062, 'mae': 0.28949368, 'elapsed_time': 76.40449905395508}
2021-10-16 17:13:33,743 multi task weight : 0.7826666666666666
2021-10-16 17:14:49,579 {'epoch': 63, 'lr': 0.0008572101602185953, 'train_loss': 0.0013739760189932493, 'mae': 0.2327672, 'elapsed_time': 76.01628875732422}
2021-10-16 17:14:49,773 multi task weight : 0.784
2021-10-16 17:16:05,145 {'epoch': 64, 'lr': 0.0008528117350504294, 'train_loss': 0.0014016304967457132, 'mae': 0.22550666, 'elapsed_time': 75.56595134735107}
2021-10-16 17:16:05,325 multi task weight : 0.7853333333333332
2021-10-16 17:17:21,329 {'epoch': 65, 'lr': 0.0008483583863773374, 'train_loss': 0.0012713289904211277, 'mae': 0.2515712, 'elapsed_time': 76.18338990211487}
2021-10-16 17:17:21,526 multi task weight : 0.7866666666666666
2021-10-16 17:18:37,450 {'epoch': 66, 'lr': 0.0008438508174346998, 'train_loss': 0.001259513530877744, 'mae': 0.21018238, 'elapsed_time': 76.1209192276001}
2021-10-16 17:18:38,098 multi task weight : 0.788
2021-10-16 17:19:53,728 {'epoch': 67, 'lr': 0.0008392897400199059, 'train_loss': 0.0014474710505122455, 'mae': 0.23554018, 'elapsed_time': 75.82360649108887}
2021-10-16 17:19:53,909 multi task weight : 0.7893333333333333
2021-10-16 17:21:09,894 {'epoch': 68, 'lr': 0.0008346758743799535, 'train_loss': 0.0013743969622315596, 'mae': 0.21124366, 'elapsed_time': 76.16582584381104}
2021-10-16 17:21:10,074 multi task weight : 0.7906666666666666
2021-10-16 17:22:25,670 {'epoch': 69, 'lr': 0.0008300099490977124, 'train_loss': 0.0011836501422249931, 'mae': 0.43586528, 'elapsed_time': 75.77493786811829}
2021-10-16 17:22:25,866 multi task weight : 0.792
2021-10-16 17:23:41,628 {'epoch': 70, 'lr': 0.000825292700976874, 'train_loss': 0.0013413945409223053, 'mae': 0.21798986, 'elapsed_time': 75.95810341835022}
2021-10-16 17:23:41,816 multi task weight : 0.7933333333333333
2021-10-16 17:24:57,738 {'epoch': 71, 'lr': 0.0008205248749256004, 'train_loss': 0.0011915043507430474, 'mae': 0.21203502, 'elapsed_time': 76.10936999320984}
2021-10-16 17:24:57,922 multi task weight : 0.7946666666666666
2021-10-16 17:26:13,428 {'epoch': 72, 'lr': 0.0008157072238388957, 'train_loss': 0.0015893466415154056, 'mae': 0.28836036, 'elapsed_time': 75.68954038619995}
2021-10-16 17:26:13,613 multi task weight : 0.796
2021-10-16 17:27:29,323 {'epoch': 73, 'lr': 0.0008108405084797145, 'train_loss': 0.0012670078854872108, 'mae': 0.22538036, 'elapsed_time': 75.89428210258484}
2021-10-16 17:27:29,508 multi task weight : 0.7973333333333333
2021-10-16 17:28:44,825 {'epoch': 74, 'lr': 0.0008059254973588287, 'train_loss': 0.0012573011161486703, 'mae': 0.214316, 'elapsed_time': 75.50176858901978}
2021-10-16 17:28:45,003 multi task weight : 0.7986666666666666
2021-10-16 17:30:00,938 {'epoch': 75, 'lr': 0.0008009629666134708, 'train_loss': 0.0011410106746189794, 'mae': 0.20962733, 'elapsed_time': 76.11304950714111}
2021-10-16 17:30:01,564 multi task weight : 0.8
2021-10-16 17:31:17,180 {'epoch': 76, 'lr': 0.0007959536998847731, 'train_loss': 0.00110437401661105, 'mae': 0.21268871, 'elapsed_time': 75.79549217224121}
2021-10-16 17:31:17,363 multi task weight : 0.8013333333333333
2021-10-16 17:32:32,406 {'epoch': 77, 'lr': 0.0007908984881940213, 'train_loss': 0.001231883353670359, 'mae': 0.22668938, 'elapsed_time': 75.22492980957031}
2021-10-16 17:32:32,585 multi task weight : 0.8026666666666666
2021-10-16 17:33:48,519 {'epoch': 78, 'lr': 0.0007857981298177435, 'train_loss': 0.0011610507718216433, 'mae': 0.2049389, 'elapsed_time': 76.11284685134888}
2021-10-16 17:33:49,152 multi task weight : 0.804
2021-10-16 17:35:04,875 {'epoch': 79, 'lr': 0.000780653430161652, 'train_loss': 0.001158362778608494, 'mae': 0.22097713, 'elapsed_time': 75.91403293609619}
2021-10-16 17:35:05,058 multi task weight : 0.8053333333333333
2021-10-16 17:36:20,770 {'epoch': 80, 'lr': 0.0007754652016334621, 'train_loss': 0.0013176815733659181, 'mae': 0.21133678, 'elapsed_time': 75.89374804496765}
2021-10-16 17:36:20,955 multi task weight : 0.8066666666666666
2021-10-16 17:37:36,599 {'epoch': 81, 'lr': 0.0007702342635146022, 'train_loss': 0.0010807382228004766, 'mae': 0.19613324, 'elapsed_time': 75.82904934883118}
2021-10-16 17:37:37,240 multi task weight : 0.808
2021-10-16 17:38:52,828 {'epoch': 82, 'lr': 0.0007649614418308403, 'train_loss': 0.0011350665169887152, 'mae': 0.20280613, 'elapsed_time': 75.7814130783081}
2021-10-16 17:38:53,012 multi task weight : 0.8093333333333333
2021-10-16 17:40:08,883 {'epoch': 83, 'lr': 0.0007596475692218447, 'train_loss': 0.0011152313400067345, 'mae': 0.19765651, 'elapsed_time': 76.05525517463684}
2021-10-16 17:40:09,066 multi task weight : 0.8106666666666666
2021-10-16 17:41:24,990 {'epoch': 84, 'lr': 0.0007542934848097005, 'train_loss': 0.0010885659712653749, 'mae': 0.28648624, 'elapsed_time': 76.10569214820862}
2021-10-16 17:41:25,183 multi task weight : 0.812
2021-10-16 17:42:40,950 {'epoch': 85, 'lr': 0.0007489000340664033, 'train_loss': 0.0010871991273225577, 'mae': 0.19036162, 'elapsed_time': 75.95970559120178}
2021-10-16 17:42:41,580 multi task weight : 0.8133333333333334
2021-10-16 17:43:57,926 {'epoch': 86, 'lr': 0.000743468068680348, 'train_loss': 0.0009710414870842709, 'mae': 0.19651279, 'elapsed_time': 76.52916598320007}
2021-10-16 17:43:58,111 multi task weight : 0.8146666666666667
2021-10-16 17:45:13,688 {'epoch': 87, 'lr': 0.0007379984464218386, 'train_loss': 0.0010591106327599922, 'mae': 0.2422928, 'elapsed_time': 75.76101446151733}
2021-10-16 17:45:13,870 multi task weight : 0.8160000000000001
2021-10-16 17:46:29,785 {'epoch': 88, 'lr': 0.0007324920310076356, 'train_loss': 0.001283877761756805, 'mae': 0.25387844, 'elapsed_time': 76.09716820716858}
2021-10-16 17:46:29,987 multi task weight : 0.8173333333333334
2021-10-16 17:47:45,966 {'epoch': 89, 'lr': 0.0007269496919645652, 'train_loss': 0.0010847221383537338, 'mae': 0.22041194, 'elapsed_time': 76.18019819259644}
2021-10-16 17:47:46,146 multi task weight : 0.8186666666666667
2021-10-16 17:49:02,099 {'epoch': 90, 'lr': 0.0007213723044922109, 'train_loss': 0.0010675604550835706, 'mae': 0.19592729, 'elapsed_time': 76.13225197792053}
2021-10-16 17:49:02,281 multi task weight : 0.8200000000000001
2021-10-16 17:50:18,145 {'epoch': 91, 'lr': 0.0007157607493247101, 'train_loss': 0.0009818144524044118, 'mae': 0.19346912, 'elapsed_time': 76.04584050178528}
2021-10-16 17:50:18,351 multi task weight : 0.8213333333333334
2021-10-16 17:51:33,702 {'epoch': 92, 'lr': 0.0007101159125916748, 'train_loss': 0.0009686544564700111, 'mae': 0.19237871, 'elapsed_time': 75.55663418769836}
2021-10-16 17:51:33,882 multi task weight : 0.8226666666666667
2021-10-16 17:52:49,397 {'epoch': 93, 'lr': 0.0007044386856782622, 'train_loss': 0.0010050957585512762, 'mae': 0.20261237, 'elapsed_time': 75.69498443603516}
2021-10-16 17:52:49,575 multi task weight : 0.8240000000000001
2021-10-16 17:54:04,770 {'epoch': 94, 'lr': 0.0006987299650844144, 'train_loss': 0.0011025101071096479, 'mae': 0.22137426, 'elapsed_time': 75.37174487113953}
2021-10-16 17:54:04,988 multi task weight : 0.8253333333333334
2021-10-16 17:55:20,718 {'epoch': 95, 'lr': 0.0006929906522832908, 'train_loss': 0.001011241489689306, 'mae': 0.19327915, 'elapsed_time': 75.94785571098328}
2021-10-16 17:55:20,907 multi task weight : 0.8266666666666667
2021-10-16 17:56:36,933 {'epoch': 96, 'lr': 0.0006872216535789149, 'train_loss': 0.0009100167353552963, 'mae': 0.20316559, 'elapsed_time': 76.21432638168335}
2021-10-16 17:56:37,108 multi task weight : 0.8280000000000001
2021-10-16 17:57:53,171 {'epoch': 97, 'lr': 0.0006814238799630584, 'train_loss': 0.0008891345086310619, 'mae': 0.19373012, 'elapsed_time': 76.2378032207489}
2021-10-16 17:57:53,375 multi task weight : 0.8293333333333333
2021-10-16 17:59:09,123 {'epoch': 98, 'lr': 0.0006755982469713853, 'train_loss': 0.0009158445602422364, 'mae': 0.1909579, 'elapsed_time': 75.95181894302368}
2021-10-16 17:59:09,304 multi task weight : 0.8306666666666667
2021-10-16 18:00:25,240 {'epoch': 99, 'lr': 0.0006697456745388777, 'train_loss': 0.0009508037408894067, 'mae': 0.1990429, 'elapsed_time': 76.11659526824951}
2021-10-16 18:00:25,435 multi task weight : 0.8320000000000001
2021-10-16 18:01:40,872 {'epoch': 100, 'lr': 0.000663867086854568, 'train_loss': 0.0009514626573507086, 'mae': 0.209915, 'elapsed_time': 75.63174629211426}
2021-10-16 18:01:41,060 multi task weight : 0.8333333333333333
2021-10-16 18:02:57,020 {'epoch': 101, 'lr': 0.0006579634122155984, 'train_loss': 0.0009239139040281553, 'mae': 0.19006641, 'elapsed_time': 76.1474301815033}
2021-10-16 18:02:57,657 multi task weight : 0.8346666666666667
2021-10-16 18:04:13,594 {'epoch': 102, 'lr': 0.0006520355828806316, 'train_loss': 0.0008697620979982389, 'mae': 0.18464233, 'elapsed_time': 76.12741470336914}
2021-10-16 18:04:14,207 multi task weight : 0.8360000000000001
2021-10-16 18:05:29,917 {'epoch': 103, 'lr': 0.0006460845349226375, 'train_loss': 0.0008350962196520577, 'mae': 0.18945076, 'elapsed_time': 75.88712310791016}
2021-10-16 18:05:30,098 multi task weight : 0.8373333333333333
2021-10-16 18:06:45,414 {'epoch': 104, 'lr': 0.0006401112080810754, 'train_loss': 0.0009053416772343766, 'mae': 0.2384866, 'elapsed_time': 75.49602484703064}
2021-10-16 18:06:45,611 multi task weight : 0.8386666666666667
2021-10-16 18:08:01,364 {'epoch': 105, 'lr': 0.0006341165456134983, 'train_loss': 0.0010924340272044568, 'mae': 0.18909582, 'elapsed_time': 75.95003247261047}
2021-10-16 18:08:01,549 multi task weight : 0.8400000000000001
2021-10-16 18:09:16,871 {'epoch': 106, 'lr': 0.0006281014941466025, 'train_loss': 0.0010886006915140738, 'mae': 0.21515173, 'elapsed_time': 75.50635528564453}
2021-10-16 18:09:17,064 multi task weight : 0.8413333333333333
2021-10-16 18:10:32,793 {'epoch': 107, 'lr': 0.0006220670035267433, 'train_loss': 0.0009051971259725022, 'mae': 0.19608842, 'elapsed_time': 75.92135691642761}
2021-10-16 18:10:32,975 multi task weight : 0.8426666666666667
2021-10-16 18:11:48,412 {'epoch': 108, 'lr': 0.0006160140266699433, 'train_loss': 0.0008272451093707992, 'mae': 0.18278418, 'elapsed_time': 75.61876440048218}
2021-10-16 18:11:49,036 multi task weight : 0.8440000000000001
2021-10-16 18:13:05,291 {'epoch': 109, 'lr': 0.0006099435194114167, 'train_loss': 0.0008502292406675514, 'mae': 0.19586037, 'elapsed_time': 76.44151616096497}
2021-10-16 18:13:05,475 multi task weight : 0.8453333333333333
2021-10-16 18:14:21,165 {'epoch': 110, 'lr': 0.0006038564403546311, 'train_loss': 0.0007937538103651653, 'mae': 0.17876618, 'elapsed_time': 75.87349820137024}
2021-10-16 18:14:21,807 multi task weight : 0.8466666666666667
2021-10-16 18:15:37,494 {'epoch': 111, 'lr': 0.0005977537507199332, 'train_loss': 0.0008536177131268977, 'mae': 0.19294724, 'elapsed_time': 75.8860285282135}
2021-10-16 18:15:37,671 multi task weight : 0.8480000000000001
2021-10-16 18:16:53,305 {'epoch': 112, 'lr': 0.0005916364141927612, 'train_loss': 0.0007926694456317553, 'mae': 0.18853241, 'elapsed_time': 75.81074118614197}
2021-10-16 18:16:53,499 multi task weight : 0.8493333333333333
2021-10-16 18:18:09,238 {'epoch': 113, 'lr': 0.000585505396771467, 'train_loss': 0.0007664369763602793, 'mae': 0.17993024, 'elapsed_time': 75.93214392662048}
2021-10-16 18:18:09,422 multi task weight : 0.8506666666666667
2021-10-16 18:19:25,765 {'epoch': 114, 'lr': 0.0005793616666147743, 'train_loss': 0.0007643193774285737, 'mae': 0.2049881, 'elapsed_time': 76.52645945549011}
2021-10-16 18:19:25,967 multi task weight : 0.8520000000000001
2021-10-16 18:20:42,161 {'epoch': 115, 'lr': 0.0005732061938888954, 'train_loss': 0.0009743510870753021, 'mae': 0.19903715, 'elapsed_time': 76.39542078971863}
2021-10-16 18:20:42,346 multi task weight : 0.8533333333333333
2021-10-16 18:21:58,216 {'epoch': 116, 'lr': 0.0005670399506143301, 'train_loss': 0.0008108846305062867, 'mae': 0.18652104, 'elapsed_time': 76.05462002754211}
2021-10-16 18:21:58,404 multi task weight : 0.8546666666666667
2021-10-16 18:23:14,168 {'epoch': 117, 'lr': 0.0005608639105123728, 'train_loss': 0.0007290870446225442, 'mae': 0.17526504, 'elapsed_time': 75.95220065116882}
2021-10-16 18:23:14,809 multi task weight : 0.8560000000000001
2021-10-16 18:24:30,458 {'epoch': 118, 'lr': 0.0005546790488513508, 'train_loss': 0.0007462401699701866, 'mae': 0.1782763, 'elapsed_time': 75.82644367218018}
2021-10-16 18:24:30,646 multi task weight : 0.8573333333333333
2021-10-16 18:25:46,360 {'epoch': 119, 'lr': 0.0005484863422926174, 'train_loss': 0.0011663148915327251, 'mae': 0.18882889, 'elapsed_time': 75.90211033821106}
2021-10-16 18:25:46,563 multi task weight : 0.8586666666666667
2021-10-16 18:27:02,620 {'epoch': 120, 'lr': 0.0005422867687363261, 'train_loss': 0.0007615750612329378, 'mae': 0.1798492, 'elapsed_time': 76.25911283493042}
2021-10-16 18:27:02,808 multi task weight : 0.8600000000000001
2021-10-16 18:28:19,261 {'epoch': 121, 'lr': 0.0005360813071670096, 'train_loss': 0.0007726910441985504, 'mae': 0.17787078, 'elapsed_time': 76.64086961746216}
2021-10-16 18:28:19,450 multi task weight : 0.8613333333333333
2021-10-16 18:29:35,216 {'epoch': 122, 'lr': 0.0005298709374989853, 'train_loss': 0.0007094069868523685, 'mae': 0.1739517, 'elapsed_time': 75.9543526172638}
2021-10-16 18:29:35,869 multi task weight : 0.8626666666666667
2021-10-16 18:30:51,456 {'epoch': 123, 'lr': 0.000523656640421617, 'train_loss': 0.0007090006488998099, 'mae': 0.17603308, 'elapsed_time': 75.78875923156738}
2021-10-16 18:30:51,639 multi task weight : 0.864
2021-10-16 18:32:07,272 {'epoch': 124, 'lr': 0.0005174393972444516, 'train_loss': 0.0007104311309967158, 'mae': 0.17456016, 'elapsed_time': 75.81591987609863}
2021-10-16 18:32:07,466 multi task weight : 0.8653333333333333
2021-10-16 18:33:23,089 {'epoch': 125, 'lr': 0.0005112201897422591, 'train_loss': 0.000730312996679106, 'mae': 0.18098009, 'elapsed_time': 75.81605744361877}
2021-10-16 18:33:23,296 multi task weight : 0.8666666666666666
2021-10-16 18:34:38,926 {'epoch': 126, 'lr': 0.0005049999999999995, 'train_loss': 0.0007011155998414522, 'mae': 0.1736495, 'elapsed_time': 75.83656597137451}
2021-10-16 18:34:39,620 multi task weight : 0.868
2021-10-16 18:35:55,358 {'epoch': 127, 'lr': 0.0004987798102577399, 'train_loss': 0.0006822074577706077, 'mae': 0.16951482, 'elapsed_time': 75.95818042755127}
2021-10-16 18:35:56,023 multi task weight : 0.8693333333333333
2021-10-16 18:37:11,524 {'epoch': 128, 'lr': 0.0004925606027555475, 'train_loss': 0.0007229053780110645, 'mae': 0.1757555, 'elapsed_time': 75.69847583770752}
2021-10-16 18:37:11,724 multi task weight : 0.8706666666666667
2021-10-16 18:38:27,682 {'epoch': 129, 'lr': 0.00048634335957838186, 'train_loss': 0.0007758849682477707, 'mae': 0.17451201, 'elapsed_time': 76.157222032547}
2021-10-16 18:38:27,882 multi task weight : 0.872
2021-10-16 18:39:43,289 {'epoch': 130, 'lr': 0.0004801290625010136, 'train_loss': 0.0006745567562575764, 'mae': 0.17638984, 'elapsed_time': 75.60657048225403}
2021-10-16 18:39:43,476 multi task weight : 0.8733333333333333
2021-10-16 18:40:59,510 {'epoch': 131, 'lr': 0.00047391869283298953, 'train_loss': 0.000650753976988271, 'mae': 0.17010033, 'elapsed_time': 76.22028541564941}
2021-10-16 18:40:59,693 multi task weight : 0.8746666666666667
2021-10-16 18:42:15,694 {'epoch': 132, 'lr': 0.0004677132312636728, 'train_loss': 0.0006406342262628064, 'mae': 0.1707656, 'elapsed_time': 76.18436861038208}
2021-10-16 18:42:15,893 multi task weight : 0.876
2021-10-16 18:43:31,542 {'epoch': 133, 'lr': 0.00046151365770738165, 'train_loss': 0.0006339884369903799, 'mae': 0.16967714, 'elapsed_time': 75.84737420082092}
2021-10-16 18:43:31,731 multi task weight : 0.8773333333333333
2021-10-16 18:44:47,446 {'epoch': 134, 'lr': 0.0004553209511486482, 'train_loss': 0.0006251393062555687, 'mae': 0.16857427, 'elapsed_time': 75.90313768386841}
2021-10-16 18:44:48,094 multi task weight : 0.8786666666666667
2021-10-16 18:46:03,825 {'epoch': 135, 'lr': 0.00044913608948762607, 'train_loss': 0.0006217659689915584, 'mae': 0.17098697, 'elapsed_time': 75.9180109500885}
2021-10-16 18:46:04,019 multi task weight : 0.88
2021-10-16 18:47:19,926 {'epoch': 136, 'lr': 0.00044296004938566895, 'train_loss': 0.0006207674292438942, 'mae': 0.16721158, 'elapsed_time': 76.1008050441742}
2021-10-16 18:47:20,590 multi task weight : 0.8813333333333333
2021-10-16 18:48:36,604 {'epoch': 137, 'lr': 0.0004367938061111037, 'train_loss': 0.000619714446316459, 'mae': 0.1729066, 'elapsed_time': 76.20825147628784}
2021-10-16 18:48:36,792 multi task weight : 0.8826666666666667
2021-10-16 18:49:53,289 {'epoch': 138, 'lr': 0.00043063833338522476, 'train_loss': 0.000609631193993086, 'mae': 0.16743161, 'elapsed_time': 76.68414211273193}
2021-10-16 18:49:53,471 multi task weight : 0.884
2021-10-16 18:51:10,244 {'epoch': 139, 'lr': 0.00042449460322853215, 'train_loss': 0.0006022781066379261, 'mae': 0.17000602, 'elapsed_time': 76.9542920589447}
2021-10-16 18:51:10,443 multi task weight : 0.8853333333333333
2021-10-16 18:52:26,437 {'epoch': 140, 'lr': 0.00041836358580723794, 'train_loss': 0.0005913931578940868, 'mae': 0.1686768, 'elapsed_time': 76.19258713722229}
2021-10-16 18:52:26,628 multi task weight : 0.8866666666666667
2021-10-16 18:53:42,475 {'epoch': 141, 'lr': 0.00041224624928006584, 'train_loss': 0.0005940971119024447, 'mae': 0.16657135, 'elapsed_time': 76.03765392303467}
2021-10-16 18:53:43,127 multi task weight : 0.888
2021-10-16 18:54:58,961 {'epoch': 142, 'lr': 0.0004061435596453681, 'train_loss': 0.0005803545002533633, 'mae': 0.16625205, 'elapsed_time': 76.02528119087219}
2021-10-16 18:54:59,597 multi task weight : 0.8893333333333333
2021-10-16 18:56:15,745 {'epoch': 143, 'lr': 0.0004000564805885825, 'train_loss': 0.0005719986436252882, 'mae': 0.16552222, 'elapsed_time': 76.3327808380127}
2021-10-16 18:56:16,386 multi task weight : 0.8906666666666667
2021-10-16 18:57:32,257 {'epoch': 144, 'lr': 0.00039398597333005584, 'train_loss': 0.0005673035237422204, 'mae': 0.1669711, 'elapsed_time': 76.05426812171936}
2021-10-16 18:57:32,455 multi task weight : 0.892
2021-10-16 18:58:48,572 {'epoch': 145, 'lr': 0.00038793299647325586, 'train_loss': 0.0005628414471208496, 'mae': 0.1681026, 'elapsed_time': 76.31438732147217}
2021-10-16 18:58:48,759 multi task weight : 0.8933333333333333
2021-10-16 19:00:04,165 {'epoch': 146, 'lr': 0.00038189850585339653, 'train_loss': 0.000556515987204589, 'mae': 0.16401538, 'elapsed_time': 75.59306836128235}
2021-10-16 19:00:04,800 multi task weight : 0.8946666666666667
2021-10-16 19:01:20,517 {'epoch': 147, 'lr': 0.0003758834543865006, 'train_loss': 0.0005450248591740097, 'mae': 0.1643929, 'elapsed_time': 75.90233755111694}
2021-10-16 19:01:20,698 multi task weight : 0.896
2021-10-16 19:02:36,105 {'epoch': 148, 'lr': 0.0003698887919189236, 'train_loss': 0.0005440253400255545, 'mae': 0.16554812, 'elapsed_time': 75.58750057220459}
2021-10-16 19:02:36,296 multi task weight : 0.8973333333333333
2021-10-16 19:03:51,987 {'epoch': 149, 'lr': 0.0003639154650773614, 'train_loss': 0.0005380925331128955, 'mae': 0.16269095, 'elapsed_time': 75.88228416442871}
2021-10-16 19:03:52,632 multi task weight : 0.8986666666666667
2021-10-16 19:05:08,531 {'epoch': 150, 'lr': 0.00035796441711936726, 'train_loss': 0.0005303479848964037, 'mae': 0.16535562, 'elapsed_time': 76.08345580101013}
2021-10-16 19:05:08,715 multi task weight : 0.9
2021-10-16 19:06:24,534 {'epoch': 151, 'lr': 0.00035203658778440065, 'train_loss': 0.0005179107221271757, 'mae': 0.16490865, 'elapsed_time': 76.00274991989136}
2021-10-16 19:06:24,717 multi task weight : 0.9
2021-10-16 19:07:40,224 {'epoch': 152, 'lr': 0.00034613291314543093, 'train_loss': 0.0005180433714691971, 'mae': 0.16968514, 'elapsed_time': 75.68954610824585}
2021-10-16 19:07:40,408 multi task weight : 0.9
2021-10-16 19:08:56,047 {'epoch': 153, 'lr': 0.00034025432546112123, 'train_loss': 0.0005204738688644705, 'mae': 0.16346183, 'elapsed_time': 75.82258439064026}
2021-10-16 19:08:56,234 multi task weight : 0.9
2021-10-16 19:10:11,655 {'epoch': 154, 'lr': 0.00033440175302861365, 'train_loss': 0.0005030807558227407, 'mae': 0.16390218, 'elapsed_time': 75.60715174674988}
2021-10-16 19:10:11,849 multi task weight : 0.9
2021-10-16 19:11:27,105 {'epoch': 155, 'lr': 0.00032857612003694053, 'train_loss': 0.0004999963362991929, 'mae': 0.16352086, 'elapsed_time': 75.45024371147156}
2021-10-16 19:11:27,287 multi task weight : 0.9
2021-10-16 19:12:42,966 {'epoch': 156, 'lr': 0.000322778346421084, 'train_loss': 0.000492120022355345, 'mae': 0.1654107, 'elapsed_time': 75.85992002487183}
2021-10-16 19:12:43,151 multi task weight : 0.9
2021-10-16 19:13:58,615 {'epoch': 157, 'lr': 0.00031700934771670806, 'train_loss': 0.0004919702263710671, 'mae': 0.16162248, 'elapsed_time': 75.64847898483276}
2021-10-16 19:13:59,249 multi task weight : 0.9
2021-10-16 19:15:14,650 {'epoch': 158, 'lr': 0.00031127003491558447, 'train_loss': 0.00048101167666686934, 'mae': 0.16021585, 'elapsed_time': 75.58233880996704}
2021-10-16 19:15:15,301 multi task weight : 0.9
2021-10-16 19:16:30,942 {'epoch': 159, 'lr': 0.00030556131432173654, 'train_loss': 0.00048207747185265805, 'mae': 0.16254918, 'elapsed_time': 75.83793997764587}
2021-10-16 19:16:31,121 multi task weight : 0.9
2021-10-16 19:17:46,811 {'epoch': 160, 'lr': 0.00029988408740832395, 'train_loss': 0.0004670533075104137, 'mae': 0.16384436, 'elapsed_time': 75.86847424507141}
2021-10-16 19:17:47,010 multi task weight : 0.9
2021-10-16 19:19:02,802 {'epoch': 161, 'lr': 0.0002942392506752886, 'train_loss': 0.0004597081050444629, 'mae': 0.1612621, 'elapsed_time': 75.99074459075928}
2021-10-16 19:19:02,998 multi task weight : 0.9
2021-10-16 19:20:19,052 {'epoch': 162, 'lr': 0.00028862769550778793, 'train_loss': 0.00045843162506601525, 'mae': 0.16313274, 'elapsed_time': 76.2497124671936}
2021-10-16 19:20:19,243 multi task weight : 0.9
2021-10-16 19:21:35,079 {'epoch': 163, 'lr': 0.0002830503080354337, 'train_loss': 0.00045345442244910185, 'mae': 0.16151172, 'elapsed_time': 76.02656030654907}
2021-10-16 19:21:35,263 multi task weight : 0.9
2021-10-16 19:22:51,452 {'epoch': 164, 'lr': 0.00027750796899236315, 'train_loss': 0.00044618763709706213, 'mae': 0.16176227, 'elapsed_time': 76.37223958969116}
2021-10-16 19:22:51,632 multi task weight : 0.9
2021-10-16 19:24:07,132 {'epoch': 165, 'lr': 0.00027200155357816016, 'train_loss': 0.0004430715648261145, 'mae': 0.16318883, 'elapsed_time': 75.68030214309692}
2021-10-16 19:24:07,328 multi task weight : 0.9
2021-10-16 19:25:22,940 {'epoch': 166, 'lr': 0.0002665319313196507, 'train_loss': 0.00043595871481380376, 'mae': 0.1599972, 'elapsed_time': 75.80753493309021}
2021-10-16 19:25:23,579 multi task weight : 0.9
2021-10-16 19:26:39,471 {'epoch': 167, 'lr': 0.0002610999659335952, 'train_loss': 0.0004331591006459741, 'mae': 0.16167586, 'elapsed_time': 76.08332443237305}
2021-10-16 19:26:39,667 multi task weight : 0.9
2021-10-16 19:27:55,282 {'epoch': 168, 'lr': 0.00025570651519029805, 'train_loss': 0.00043311190530361524, 'mae': 0.15912454, 'elapsed_time': 75.81024146080017}
2021-10-16 19:27:55,929 multi task weight : 0.9
2021-10-16 19:29:11,066 {'epoch': 169, 'lr': 0.0002503524307781539, 'train_loss': 0.0004198979575253623, 'mae': 0.1628761, 'elapsed_time': 75.32507634162903}
2021-10-16 19:29:11,245 multi task weight : 0.9
2021-10-16 19:30:26,967 {'epoch': 170, 'lr': 0.00024503855816915824, 'train_loss': 0.00041440344058258635, 'mae': 0.15855293, 'elapsed_time': 75.90144968032837}
2021-10-16 19:30:27,609 multi task weight : 0.9
2021-10-16 19:31:43,131 {'epoch': 171, 'lr': 0.00023976573648539645, 'train_loss': 0.00041051541107618467, 'mae': 0.1623525, 'elapsed_time': 75.71535205841064}
2021-10-16 19:31:43,331 multi task weight : 0.9
2021-10-16 19:32:59,186 {'epoch': 172, 'lr': 0.00023453479836653654, 'train_loss': 0.0004080143235648524, 'mae': 0.16119161, 'elapsed_time': 76.05478096008301}
2021-10-16 19:32:59,373 multi task weight : 0.9
2021-10-16 19:34:14,984 {'epoch': 173, 'lr': 0.00022934656983834663, 'train_loss': 0.00040211813170104886, 'mae': 0.15940769, 'elapsed_time': 75.79754638671875}
2021-10-16 19:34:15,189 multi task weight : 0.9
2021-10-16 19:35:31,038 {'epoch': 174, 'lr': 0.00022420187018225534, 'train_loss': 0.0003981091038276416, 'mae': 0.15852429, 'elapsed_time': 76.05326437950134}
2021-10-16 19:35:31,674 multi task weight : 0.9
2021-10-16 19:36:47,118 {'epoch': 175, 'lr': 0.00021910151180597735, 'train_loss': 0.0003935703059758391, 'mae': 0.15933587, 'elapsed_time': 75.62748146057129}
2021-10-16 19:36:47,299 multi task weight : 0.9
2021-10-16 19:38:02,903 {'epoch': 176, 'lr': 0.00021404630011522558, 'train_loss': 0.0003906255146652717, 'mae': 0.15837255, 'elapsed_time': 75.78505325317383}
2021-10-16 19:38:03,555 multi task weight : 0.9
2021-10-16 19:39:18,423 {'epoch': 177, 'lr': 0.00020903703338652808, 'train_loss': 0.0003823492345211915, 'mae': 0.15840727, 'elapsed_time': 75.06638216972351}
2021-10-16 19:39:18,612 multi task weight : 0.9
2021-10-16 19:40:34,261 {'epoch': 178, 'lr': 0.00020407450264117003, 'train_loss': 0.00038104213748282753, 'mae': 0.1586726, 'elapsed_time': 75.8376088142395}
2021-10-16 19:40:34,440 multi task weight : 0.9
2021-10-16 19:41:49,922 {'epoch': 179, 'lr': 0.00019915949152028416, 'train_loss': 0.000373203333805459, 'mae': 0.15888645, 'elapsed_time': 75.66060090065002}
2021-10-16 19:41:50,103 multi task weight : 0.9
2021-10-16 19:43:05,806 {'epoch': 180, 'lr': 0.0001942927761611031, 'train_loss': 0.0003701773665924393, 'mae': 0.1578463, 'elapsed_time': 75.884028673172}
2021-10-16 19:43:06,447 multi task weight : 0.9
2021-10-16 19:44:22,247 {'epoch': 181, 'lr': 0.00018947512507439836, 'train_loss': 0.0003635643828336848, 'mae': 0.15805799, 'elapsed_time': 75.98186469078064}
2021-10-16 19:44:22,448 multi task weight : 0.9
2021-10-16 19:45:38,177 {'epoch': 182, 'lr': 0.00018470729902312478, 'train_loss': 0.00036356005573249004, 'mae': 0.15741657, 'elapsed_time': 75.92982697486877}
2021-10-16 19:45:38,816 multi task weight : 0.9
2021-10-16 19:46:54,125 {'epoch': 183, 'lr': 0.00017999005090228642, 'train_loss': 0.0003590696186414809, 'mae': 0.15753414, 'elapsed_time': 75.50080990791321}
2021-10-16 19:46:54,308 multi task weight : 0.9
2021-10-16 19:48:09,847 {'epoch': 184, 'lr': 0.00017532412562004527, 'train_loss': 0.0003563722719625379, 'mae': 0.1597641, 'elapsed_time': 75.72141981124878}
2021-10-16 19:48:10,028 multi task weight : 0.9
2021-10-16 19:49:25,411 {'epoch': 185, 'lr': 0.00017071025998009268, 'train_loss': 0.0003505941108856634, 'mae': 0.15742531, 'elapsed_time': 75.56405854225159}
2021-10-16 19:49:25,593 multi task weight : 0.9
2021-10-16 19:50:41,345 {'epoch': 186, 'lr': 0.00016614918256529904, 'train_loss': 0.0003470339754940738, 'mae': 0.15724598, 'elapsed_time': 75.93367838859558}
2021-10-16 19:50:42,022 multi task weight : 0.9
2021-10-16 19:51:57,811 {'epoch': 187, 'lr': 0.0001616416136226614, 'train_loss': 0.00034166559505395495, 'mae': 0.15668711, 'elapsed_time': 75.99165654182434}
2021-10-16 19:51:58,462 multi task weight : 0.9
2021-10-16 19:53:14,494 {'epoch': 188, 'lr': 0.00015718826494956934, 'train_loss': 0.0003375887173993885, 'mae': 0.15669174, 'elapsed_time': 76.22372317314148}
2021-10-16 19:53:14,691 multi task weight : 0.9
2021-10-16 19:54:30,204 {'epoch': 189, 'lr': 0.00015278983978140356, 'train_loss': 0.0003355538356503641, 'mae': 0.15672442, 'elapsed_time': 75.71002316474915}
2021-10-16 19:54:30,406 multi task weight : 0.9
2021-10-16 19:55:45,690 {'epoch': 190, 'lr': 0.00014844703268048588, 'train_loss': 0.0003329116401168153, 'mae': 0.15653157, 'elapsed_time': 75.48539996147156}
2021-10-16 19:55:46,319 multi task weight : 0.9
2021-10-16 19:57:01,935 {'epoch': 191, 'lr': 0.00014416052942640105, 'train_loss': 0.00032486636635975144, 'mae': 0.15700588, 'elapsed_time': 75.7924120426178}
2021-10-16 19:57:02,123 multi task weight : 0.9
2021-10-16 19:58:17,833 {'epoch': 192, 'lr': 0.00013993100690770378, 'train_loss': 0.000324852693939521, 'mae': 0.15686433, 'elapsed_time': 75.8981511592865}
2021-10-16 19:58:18,017 multi task weight : 0.9
2021-10-16 19:59:33,910 {'epoch': 193, 'lr': 0.00013575913301502968, 'train_loss': 0.00032133782138051855, 'mae': 0.1570869, 'elapsed_time': 76.07656693458557}
2021-10-16 19:59:34,094 multi task weight : 0.9
2021-10-16 20:00:50,132 {'epoch': 194, 'lr': 0.00013164556653562842, 'train_loss': 0.0003199734658402785, 'mae': 0.15628183, 'elapsed_time': 76.22178196907043}
2021-10-16 20:00:50,777 multi task weight : 0.9
2021-10-16 20:02:06,675 {'epoch': 195, 'lr': 0.00012759095704933325, 'train_loss': 0.0003144595197434651, 'mae': 0.15626931, 'elapsed_time': 76.08465075492859}
2021-10-16 20:02:07,360 multi task weight : 0.9
2021-10-16 20:03:23,762 {'epoch': 196, 'lr': 0.0001235959448259842, 'train_loss': 0.00031035577050102237, 'mae': 0.15636289, 'elapsed_time': 76.60188364982605}
2021-10-16 20:03:23,948 multi task weight : 0.9
2021-10-16 20:04:39,992 {'epoch': 197, 'lr': 0.00011966116072432329, 'train_loss': 0.00030978998154490654, 'mae': 0.15573685, 'elapsed_time': 76.22974443435669}
2021-10-16 20:04:40,651 multi task weight : 0.9
2021-10-16 20:05:56,551 {'epoch': 198, 'lr': 0.00011578722609237365, 'train_loss': 0.00030468124377857855, 'mae': 0.15646546, 'elapsed_time': 76.0982940196991}
2021-10-16 20:05:56,748 multi task weight : 0.9
2021-10-16 20:07:12,808 {'epoch': 199, 'lr': 0.00011197475266932134, 'train_loss': 0.00030292675856962516, 'mae': 0.1564344, 'elapsed_time': 76.25614643096924}
2021-10-16 20:07:13,012 multi task weight : 0.9
2021-10-16 20:08:29,427 {'epoch': 200, 'lr': 0.00010822434248891588, 'train_loss': 0.0003001481137251404, 'mae': 0.15620369, 'elapsed_time': 76.61898803710938}
2021-10-16 20:08:29,621 multi task weight : 0.9
2021-10-16 20:09:46,053 {'epoch': 201, 'lr': 0.00010453658778440093, 'train_loss': 0.00029706148797309183, 'mae': 0.1553913, 'elapsed_time': 76.62606525421143}
2021-10-16 20:09:46,674 multi task weight : 0.9
2021-10-16 20:11:02,556 {'epoch': 202, 'lr': 0.00010091207089499381, 'train_loss': 0.00027291811545946646, 'mae': 0.1555959, 'elapsed_time': 76.05439925193787}
2021-10-16 20:11:02,756 multi task weight : 0.9
2021-10-16 20:12:18,987 {'epoch': 203, 'lr': 9.735136417392827e-05, 'train_loss': 0.00026580373215939014, 'mae': 0.1562138, 'elapsed_time': 76.43089890480042}
2021-10-16 20:12:19,171 multi task weight : 0.9
2021-10-16 20:13:35,525 {'epoch': 204, 'lr': 9.385502989807265e-05, 'train_loss': 0.0002633079448548214, 'mae': 0.15520877, 'elapsed_time': 76.53747844696045}
2021-10-16 20:13:36,165 multi task weight : 0.9
2021-10-16 20:14:51,509 {'epoch': 205, 'lr': 9.042362017913976e-05, 'train_loss': 0.00026041075125623017, 'mae': 0.15538651, 'elapsed_time': 75.52721667289734}
2021-10-16 20:14:51,686 multi task weight : 0.9
2021-10-16 20:16:07,359 {'epoch': 206, 'lr': 8.705767687650242e-05, 'train_loss': 0.0002569055056965967, 'mae': 0.154861, 'elapsed_time': 75.84951543807983}
2021-10-16 20:16:08,017 multi task weight : 0.9
2021-10-16 20:17:23,925 {'epoch': 207, 'lr': 8.375773151162748e-05, 'train_loss': 0.0002542873796981601, 'mae': 0.15541124, 'elapsed_time': 76.10617852210999}
2021-10-16 20:17:24,116 multi task weight : 0.9
2021-10-16 20:18:40,119 {'epoch': 208, 'lr': 8.052430518414211e-05, 'train_loss': 0.00025137692465859783, 'mae': 0.15501727, 'elapsed_time': 76.19395613670349}
2021-10-16 20:18:40,301 multi task weight : 0.9
2021-10-16 20:19:56,357 {'epoch': 209, 'lr': 7.735790848954633e-05, 'train_loss': 0.00025112585154114537, 'mae': 0.1549749, 'elapsed_time': 76.23733639717102}
2021-10-16 20:19:56,539 multi task weight : 0.9
2021-10-16 20:21:12,599 {'epoch': 210, 'lr': 7.425904143858468e-05, 'train_loss': 0.0002467714271071812, 'mae': 0.15503234, 'elapsed_time': 76.24185419082642}
2021-10-16 20:21:12,793 multi task weight : 0.9
2021-10-16 20:22:28,591 {'epoch': 211, 'lr': 7.122819337828743e-05, 'train_loss': 0.0002443015681255073, 'mae': 0.15498711, 'elapsed_time': 75.99115419387817}
2021-10-16 20:22:28,769 multi task weight : 0.9
2021-10-16 20:23:44,905 {'epoch': 212, 'lr': 6.826584291469799e-05, 'train_loss': 0.0002420727078382585, 'mae': 0.15507336, 'elapsed_time': 76.31404113769531}
2021-10-16 20:23:45,107 multi task weight : 0.9
2021-10-16 20:25:00,880 {'epoch': 213, 'lr': 6.53724578372954e-05, 'train_loss': 0.0002404536430108638, 'mae': 0.15501866, 'elapsed_time': 75.97402667999268}
2021-10-16 20:25:01,065 multi task weight : 0.9
2021-10-16 20:26:16,734 {'epoch': 214, 'lr': 6.254849504512436e-05, 'train_loss': 0.00023780203979237733, 'mae': 0.1550257, 'elapsed_time': 75.85402202606201}
2021-10-16 20:26:16,922 multi task weight : 0.9
2021-10-16 20:27:32,864 {'epoch': 215, 'lr': 5.979440047464625e-05, 'train_loss': 0.0002358511850025537, 'mae': 0.15479167, 'elapsed_time': 76.12943005561829}
2021-10-16 20:27:33,503 multi task weight : 0.9
2021-10-16 20:28:49,170 {'epoch': 216, 'lr': 5.711060902932035e-05, 'train_loss': 0.00023389414642216, 'mae': 0.15480618, 'elapsed_time': 75.84349632263184}
2021-10-16 20:28:49,352 multi task weight : 0.9
2021-10-16 20:30:05,217 {'epoch': 217, 'lr': 5.449754451092709e-05, 'train_loss': 0.0002318199011426224, 'mae': 0.1552858, 'elapsed_time': 76.0462703704834}
2021-10-16 20:30:05,393 multi task weight : 0.9
2021-10-16 20:31:21,800 {'epoch': 218, 'lr': 5.1955619552645765e-05, 'train_loss': 0.0002300420831864227, 'mae': 0.1549228, 'elapsed_time': 76.58317232131958}
2021-10-16 20:31:22,001 multi task weight : 0.9
2021-10-16 20:32:38,007 {'epoch': 219, 'lr': 4.948523555389422e-05, 'train_loss': 0.0002273849755059002, 'mae': 0.15473965, 'elapsed_time': 76.20617413520813}
2021-10-16 20:32:38,693 multi task weight : 0.9
2021-10-16 20:33:54,611 {'epoch': 220, 'lr': 4.7086782616943164e-05, 'train_loss': 0.00022600309709130216, 'mae': 0.15492164, 'elapsed_time': 76.12228798866272}
2021-10-16 20:33:54,789 multi task weight : 0.9
2021-10-16 20:35:11,042 {'epoch': 221, 'lr': 4.476063948531548e-05, 'train_loss': 0.00022468214497868788, 'mae': 0.15470377, 'elapsed_time': 76.43089032173157}
2021-10-16 20:35:11,683 multi task weight : 0.9
2021-10-16 20:36:27,616 {'epoch': 222, 'lr': 4.2507173483977006e-05, 'train_loss': 0.00022292432074069068, 'mae': 0.15488082, 'elapsed_time': 76.11470890045166}
2021-10-16 20:36:27,793 multi task weight : 0.9
2021-10-16 20:37:43,588 {'epoch': 223, 'lr': 4.03267404613323e-05, 'train_loss': 0.00022215292069411696, 'mae': 0.1548148, 'elapsed_time': 75.97178196907043}
2021-10-16 20:37:43,787 multi task weight : 0.9
2021-10-16 20:38:59,864 {'epoch': 224, 'lr': 3.821968473303203e-05, 'train_loss': 0.00021975600327913772, 'mae': 0.15495531, 'elapsed_time': 76.27496647834778}
2021-10-16 20:39:00,062 multi task weight : 0.9
2021-10-16 20:40:16,149 {'epoch': 225, 'lr': 3.6186339027601574e-05, 'train_loss': 0.0002184375435190437, 'mae': 0.15476902, 'elapsed_time': 76.28435373306274}
2021-10-16 20:40:16,344 multi task weight : 0.9
2021-10-16 20:41:31,976 {'epoch': 226, 'lr': 3.422702443389898e-05, 'train_loss': 0.00021692455262982584, 'mae': 0.15477152, 'elapsed_time': 75.82678079605103}
2021-10-16 20:41:32,147 multi task weight : 0.9
2021-10-16 20:42:47,724 {'epoch': 227, 'lr': 3.2342050350411716e-05, 'train_loss': 0.0002156783529786261, 'mae': 0.15471515, 'elapsed_time': 75.74727869033813}
2021-10-16 20:42:47,922 multi task weight : 0.9
2021-10-16 20:44:03,716 {'epoch': 228, 'lr': 3.053171443639894e-05, 'train_loss': 0.00021477536004557563, 'mae': 0.15473308, 'elapsed_time': 75.99220180511475}
2021-10-16 20:44:03,896 multi task weight : 0.9
2021-10-16 20:45:19,366 {'epoch': 229, 'lr': 2.87963025648875e-05, 'train_loss': 0.0002134648992910221, 'mae': 0.15485886, 'elapsed_time': 75.64917349815369}
2021-10-16 20:45:19,550 multi task weight : 0.9
2021-10-16 20:46:34,941 {'epoch': 230, 'lr': 2.7136088777529415e-05, 'train_loss': 0.00021228596405789622, 'mae': 0.15460275, 'elapsed_time': 75.57521653175354}
2021-10-16 20:46:35,576 multi task weight : 0.9
2021-10-16 20:47:51,432 {'epoch': 231, 'lr': 2.5551335241327604e-05, 'train_loss': 0.000211192862574453, 'mae': 0.15473318, 'elapsed_time': 76.03490138053894}
2021-10-16 20:47:51,623 multi task weight : 0.9
2021-10-16 20:49:07,803 {'epoch': 232, 'lr': 2.4042292207236372e-05, 'train_loss': 0.00021015172262631006, 'mae': 0.15478684, 'elapsed_time': 76.36981725692749}
2021-10-16 20:49:07,986 multi task weight : 0.9
2021-10-16 20:50:23,927 {'epoch': 233, 'lr': 2.260919797064426e-05, 'train_loss': 0.00020953960216192515, 'mae': 0.1546291, 'elapsed_time': 76.12386965751648}
2021-10-16 20:50:24,114 multi task weight : 0.9
2021-10-16 20:51:39,893 {'epoch': 234, 'lr': 2.125227883374422e-05, 'train_loss': 0.00020858438097982315, 'mae': 0.15469076, 'elapsed_time': 75.96531248092651}
2021-10-16 20:51:40,080 multi task weight : 0.9
2021-10-16 20:52:56,110 {'epoch': 235, 'lr': 1.9971749069797796e-05, 'train_loss': 0.00020757276355612943, 'mae': 0.15474789, 'elapsed_time': 76.2171220779419}
2021-10-16 20:52:56,285 multi task weight : 0.9
2021-10-16 20:54:12,311 {'epoch': 236, 'lr': 1.8767810889299076e-05, 'train_loss': 0.00020668754817620462, 'mae': 0.15469435, 'elapsed_time': 76.20017075538635}
2021-10-16 20:54:12,495 multi task weight : 0.9
2021-10-16 20:55:28,300 {'epoch': 237, 'lr': 1.7640654408043353e-05, 'train_loss': 0.00020594248678374756, 'mae': 0.15468895, 'elapsed_time': 75.98887705802917}
2021-10-16 20:55:28,479 multi task weight : 0.9
2021-10-16 20:56:44,850 {'epoch': 238, 'lr': 1.6590457617105317e-05, 'train_loss': 0.00020530193873154675, 'mae': 0.15467314, 'elapsed_time': 76.54975008964539}
2021-10-16 20:56:45,029 multi task weight : 0.9
2021-10-16 20:58:00,882 {'epoch': 239, 'lr': 1.561738635473259e-05, 'train_loss': 0.00020471987560776546, 'mae': 0.15467077, 'elapsed_time': 76.03158330917358}
2021-10-16 20:58:01,069 multi task weight : 0.9
2021-10-16 20:59:16,828 {'epoch': 240, 'lr': 1.4721594280157658e-05, 'train_loss': 0.00020403138573563516, 'mae': 0.15468562, 'elapsed_time': 75.94517850875854}
2021-10-16 20:59:17,007 multi task weight : 0.9
2021-10-16 21:00:33,142 {'epoch': 241, 'lr': 1.3903222849333503e-05, 'train_loss': 0.00020338633033521646, 'mae': 0.15465695, 'elapsed_time': 76.31394815444946}
2021-10-16 21:00:33,333 multi task weight : 0.9
2021-10-16 21:01:48,785 {'epoch': 242, 'lr': 1.3162401292595843e-05, 'train_loss': 0.00020293870680355094, 'mae': 0.15470195, 'elapsed_time': 75.64175939559937}
2021-10-16 21:01:48,965 multi task weight : 0.9
2021-10-16 21:03:04,585 {'epoch': 243, 'lr': 1.2499246594256413e-05, 'train_loss': 0.00020235125617308676, 'mae': 0.1546405, 'elapsed_time': 75.79962849617004}
2021-10-16 21:03:04,768 multi task weight : 0.9
2021-10-16 21:04:20,577 {'epoch': 244, 'lr': 1.191386347412961e-05, 'train_loss': 0.00020190233437528352, 'mae': 0.15466286, 'elapsed_time': 75.9921145439148}
2021-10-16 21:04:20,780 multi task weight : 0.9
2021-10-16 21:05:36,703 {'epoch': 245, 'lr': 1.1406344370996102e-05, 'train_loss': 0.00020157579823864305, 'mae': 0.15466021, 'elapsed_time': 76.12565183639526}
2021-10-16 21:05:36,884 multi task weight : 0.9
2021-10-16 21:06:52,631 {'epoch': 246, 'lr': 1.0976769428005579e-05, 'train_loss': 0.00020110079845212365, 'mae': 0.15468664, 'elapsed_time': 75.92712831497192}
2021-10-16 21:06:52,820 multi task weight : 0.9
2021-10-16 21:08:08,470 {'epoch': 247, 'lr': 1.0625206480021355e-05, 'train_loss': 0.00020077254180657578, 'mae': 0.15466395, 'elapsed_time': 75.83830857276917}
2021-10-16 21:08:08,676 multi task weight : 0.9
2021-10-16 21:09:24,476 {'epoch': 248, 'lr': 1.0351711042908344e-05, 'train_loss': 0.00020053207934781603, 'mae': 0.15467411, 'elapsed_time': 76.00544095039368}
2021-10-16 21:09:24,666 multi task weight : 0.9
2021-10-16 21:10:40,556 {'epoch': 249, 'lr': 1.0156326304766531e-05, 'train_loss': 0.00020024119663398498, 'mae': 0.15465121, 'elapsed_time': 76.07976078987122}
2021-10-16 21:10:40,755 multi task weight : 0.9
2021-10-16 21:11:56,831 {'epoch': 250, 'lr': 1.0039083119111025e-05, 'train_loss': 0.00019984226967001333, 'mae': 0.15465863, 'elapsed_time': 76.27464509010315}
2021-10-16 21:12:07,608 cannot find breath_id_ix
2021-10-16 21:12:39,036 Total CV: 0.1546027511358261
