2021-10-15 07:12:02,498 Fold 0
2021-10-15 07:12:13,445 train run device : cuda:0
2021-10-15 07:12:41,466 multi task weight : 0.7
2021-10-15 07:13:57,898 {'epoch': 1, 'lr': 0.001, 'train_loss': 0.010681910001141414, 'mae': 1.1366965, 'elapsed_time': 76.66568636894226}
2021-10-15 07:13:58,495 multi task weight : 0.7013333333333333
2021-10-15 07:15:15,835 {'epoch': 2, 'lr': 0.000999938933078422, 'train_loss': 0.004065475489443071, 'mae': 0.8683472, 'elapsed_time': 77.53062582015991}
2021-10-15 07:15:16,459 multi task weight : 0.7026666666666667
2021-10-15 07:16:32,926 {'epoch': 3, 'lr': 0.000999755747381037, 'train_loss': 0.0035244059906328175, 'mae': 0.7532448, 'elapsed_time': 76.65099453926086}
2021-10-15 07:16:33,539 multi task weight : 0.704
2021-10-15 07:17:50,123 {'epoch': 4, 'lr': 0.000999450488106175, 'train_loss': 0.003287174305807604, 'mae': 0.8507163, 'elapsed_time': 76.76025080680847}
2021-10-15 07:17:50,298 multi task weight : 0.7053333333333334
2021-10-15 07:19:07,273 {'epoch': 5, 'lr': 0.0009990232305719944, 'train_loss': 0.0030225519103234456, 'mae': 0.63835746, 'elapsed_time': 77.14950895309448}
2021-10-15 07:19:07,885 multi task weight : 0.7066666666666667
2021-10-15 07:20:24,468 {'epoch': 6, 'lr': 0.0009984740801978983, 'train_loss': 0.0028253090098213883, 'mae': 0.621187, 'elapsed_time': 76.75917959213257}
2021-10-15 07:20:25,115 multi task weight : 0.708
2021-10-15 07:21:42,178 {'epoch': 7, 'lr': 0.0009978031724785245, 'train_loss': 0.0026979460319870746, 'mae': 0.58557993, 'elapsed_time': 77.27019333839417}
2021-10-15 07:21:42,799 multi task weight : 0.7093333333333334
2021-10-15 07:23:00,131 {'epoch': 8, 'lr': 0.000997010672950314, 'train_loss': 0.0026331445845331554, 'mae': 0.6189474, 'elapsed_time': 77.51612758636475}
2021-10-15 07:23:00,303 multi task weight : 0.7106666666666667
2021-10-15 07:24:16,887 {'epoch': 9, 'lr': 0.0009960967771506664, 'train_loss': 0.0025318705587295447, 'mae': 0.5310593, 'elapsed_time': 76.75591468811035}
2021-10-15 07:24:17,529 multi task weight : 0.712
2021-10-15 07:25:34,494 {'epoch': 10, 'lr': 0.0009950617105696957, 'train_loss': 0.002468884452397338, 'mae': 0.5735509, 'elapsed_time': 77.15630221366882}
2021-10-15 07:25:34,668 multi task weight : 0.7133333333333334
2021-10-15 07:26:51,907 {'epoch': 11, 'lr': 0.0009939057285945929, 'train_loss': 0.002397550323285592, 'mae': 0.4700663, 'elapsed_time': 77.41283798217773}
2021-10-15 07:26:52,531 multi task weight : 0.7146666666666666
2021-10-15 07:28:09,749 {'epoch': 12, 'lr': 0.0009926291164466126, 'train_loss': 0.0023930461325536428, 'mae': 0.5044755, 'elapsed_time': 77.40102100372314}
2021-10-15 07:28:09,927 multi task weight : 0.716
2021-10-15 07:29:27,232 {'epoch': 13, 'lr': 0.0009912321891107005, 'train_loss': 0.002297338757187503, 'mae': 0.44662008, 'elapsed_time': 77.48236393928528}
2021-10-15 07:29:27,892 multi task weight : 0.7173333333333333
2021-10-15 07:30:45,093 {'epoch': 14, 'lr': 0.0009897152912577737, 'train_loss': 0.0022958234453671336, 'mae': 0.5228729, 'elapsed_time': 77.3912365436554}
2021-10-15 07:30:45,295 multi task weight : 0.7186666666666666
2021-10-15 07:32:02,807 {'epoch': 15, 'lr': 0.0009880787971596797, 'train_loss': 0.0022638974623659575, 'mae': 0.45279825, 'elapsed_time': 77.71360158920288}
2021-10-15 07:32:03,009 multi task weight : 0.72
2021-10-15 07:33:20,919 {'epoch': 16, 'lr': 0.0009863231105968495, 'train_loss': 0.0023931680914974908, 'mae': 0.5064202, 'elapsed_time': 78.11211109161377}
2021-10-15 07:33:21,096 multi task weight : 0.7213333333333333
2021-10-15 07:34:38,584 {'epoch': 17, 'lr': 0.000984448664758672, 'train_loss': 0.0022430933125667653, 'mae': 0.37299526, 'elapsed_time': 77.66426753997803}
2021-10-15 07:34:39,256 multi task weight : 0.7226666666666667
2021-10-15 07:35:56,760 {'epoch': 18, 'lr': 0.0009824559221366096, 'train_loss': 0.0021945560520121084, 'mae': 0.40472406, 'elapsed_time': 77.69478344917297}
2021-10-15 07:35:56,957 multi task weight : 0.724
2021-10-15 07:37:14,663 {'epoch': 19, 'lr': 0.0009803453744100864, 'train_loss': 0.0020905192906865225, 'mae': 0.41316733, 'elapsed_time': 77.90181589126587}
2021-10-15 07:37:14,851 multi task weight : 0.7253333333333333
2021-10-15 07:38:32,842 {'epoch': 20, 'lr': 0.0009781175423251728, 'train_loss': 0.002048098538601691, 'mae': 0.3985801, 'elapsed_time': 78.1795105934143}
2021-10-15 07:38:33,030 multi task weight : 0.7266666666666667
2021-10-15 07:39:50,649 {'epoch': 21, 'lr': 0.0009757729755661004, 'train_loss': 0.002049817033284859, 'mae': 0.354766, 'elapsed_time': 77.80615901947021}
2021-10-15 07:39:51,348 multi task weight : 0.728
2021-10-15 07:41:09,349 {'epoch': 22, 'lr': 0.0009733122526196342, 'train_loss': 0.0019730092652729602, 'mae': 0.35895053, 'elapsed_time': 78.19361925125122}
2021-10-15 07:41:09,532 multi task weight : 0.7293333333333333
2021-10-15 07:42:26,621 {'epoch': 23, 'lr': 0.000970735980632341, 'train_loss': 0.0019877452956299025, 'mae': 0.38806215, 'elapsed_time': 77.27225089073181}
2021-10-15 07:42:26,809 multi task weight : 0.7306666666666667
2021-10-15 07:43:43,975 {'epoch': 24, 'lr': 0.0009680447952607838, 'train_loss': 0.0019707188745892706, 'mae': 0.38620946, 'elapsed_time': 77.3537049293518}
2021-10-15 07:43:44,182 multi task weight : 0.732
2021-10-15 07:45:01,731 {'epoch': 25, 'lr': 0.0009652393605146839, 'train_loss': 0.0019356550121737916, 'mae': 0.35559076, 'elapsed_time': 77.75558257102966}
2021-10-15 07:45:01,916 multi task weight : 0.7333333333333334
2021-10-15 07:46:19,377 {'epoch': 26, 'lr': 0.0009623203685930864, 'train_loss': 0.0018402614101836665, 'mae': 0.33172396, 'elapsed_time': 77.64555740356445}
2021-10-15 07:46:20,034 multi task weight : 0.7346666666666667
2021-10-15 07:47:37,813 {'epoch': 27, 'lr': 0.00095928853971357, 'train_loss': 0.0017806417358739238, 'mae': 0.34328353, 'elapsed_time': 77.96353840827942}
2021-10-15 07:47:38,043 multi task weight : 0.736
2021-10-15 07:48:55,698 {'epoch': 28, 'lr': 0.0009561446219345448, 'train_loss': 0.001806595131280882, 'mae': 0.33303377, 'elapsed_time': 77.88387942314148}
2021-10-15 07:48:55,876 multi task weight : 0.7373333333333334
2021-10-15 07:50:13,531 {'epoch': 29, 'lr': 0.0009528893909706791, 'train_loss': 0.0018028405054939592, 'mae': 0.31379288, 'elapsed_time': 77.83286809921265}
2021-10-15 07:50:14,194 multi task weight : 0.7386666666666666
2021-10-15 07:51:32,005 {'epoch': 30, 'lr': 0.0009495236500015041, 'train_loss': 0.0018964677705936197, 'mae': 0.30995142, 'elapsed_time': 78.00733375549316}
2021-10-15 07:51:32,662 multi task weight : 0.74
2021-10-15 07:52:50,790 {'epoch': 31, 'lr': 0.0009460482294732414, 'train_loss': 0.0018235115854056013, 'mae': 0.31348923, 'elapsed_time': 78.30741310119629}
2021-10-15 07:52:51,024 multi task weight : 0.7413333333333334
2021-10-15 07:54:08,586 {'epoch': 32, 'lr': 0.0009424639868939027, 'train_loss': 0.001850319854455961, 'mae': 0.32396623, 'elapsed_time': 77.79557490348816}
2021-10-15 07:54:08,773 multi task weight : 0.7426666666666666
2021-10-15 07:55:26,551 {'epoch': 33, 'lr': 0.0009387718066217117, 'train_loss': 0.0018458085202515085, 'mae': 0.30134583, 'elapsed_time': 77.96497511863708}
2021-10-15 07:55:27,241 multi task weight : 0.744
2021-10-15 07:56:44,665 {'epoch': 34, 'lr': 0.000934972599646904, 'train_loss': 0.001677278292503003, 'mae': 0.27912754, 'elapsed_time': 77.63673114776611}
2021-10-15 07:56:45,321 multi task weight : 0.7453333333333333
2021-10-15 07:58:03,037 {'epoch': 35, 'lr': 0.0009310673033669515, 'train_loss': 0.0017965061615996996, 'mae': 0.29390845, 'elapsed_time': 77.89401268959045}
2021-10-15 07:58:03,219 multi task weight : 0.7466666666666666
2021-10-15 07:59:20,921 {'epoch': 36, 'lr': 0.0009270568813552751, 'train_loss': 0.0017504934878184197, 'mae': 0.30146247, 'elapsed_time': 77.88362264633179}
2021-10-15 07:59:21,098 multi task weight : 0.7479999999999999
2021-10-15 08:00:38,704 {'epoch': 37, 'lr': 0.0009229423231234969, 'train_loss': 0.0016498331585374393, 'mae': 0.27202612, 'elapsed_time': 77.78194308280945}
2021-10-15 08:00:39,364 multi task weight : 0.7493333333333333
2021-10-15 08:01:56,903 {'epoch': 38, 'lr': 0.0009187246438772933, 'train_loss': 0.001671077612469021, 'mae': 0.26836184, 'elapsed_time': 77.72336173057556}
2021-10-15 08:01:57,573 multi task weight : 0.7506666666666666
2021-10-15 08:03:15,210 {'epoch': 39, 'lr': 0.0009144048842659075, 'train_loss': 0.0016652808963482234, 'mae': 0.47522035, 'elapsed_time': 77.82603430747986}
2021-10-15 08:03:15,407 multi task weight : 0.752
2021-10-15 08:04:32,911 {'epoch': 40, 'lr': 0.0009099841101253861, 'train_loss': 0.0017473138992244476, 'mae': 0.3408073, 'elapsed_time': 77.69961547851562}
2021-10-15 08:04:33,103 multi task weight : 0.7533333333333333
2021-10-15 08:05:50,484 {'epoch': 41, 'lr': 0.0009054634122155986, 'train_loss': 0.0016496540895848972, 'mae': 0.34273818, 'elapsed_time': 77.57273721694946}
2021-10-15 08:05:50,683 multi task weight : 0.7546666666666666
2021-10-15 08:07:08,014 {'epoch': 42, 'lr': 0.0009008439059511095, 'train_loss': 0.0015300163380786865, 'mae': 0.5643376, 'elapsed_time': 77.530193567276}
2021-10-15 08:07:08,229 multi task weight : 0.756
2021-10-15 08:08:25,950 {'epoch': 43, 'lr': 0.0008961267311259662, 'train_loss': 0.0016492710339560898, 'mae': 0.26771215, 'elapsed_time': 77.93490815162659}
2021-10-15 08:08:26,637 multi task weight : 0.7573333333333334
2021-10-15 08:09:43,870 {'epoch': 44, 'lr': 0.0008913130516324728, 'train_loss': 0.0015779258289563885, 'mae': 0.25740832, 'elapsed_time': 77.43315362930298}
2021-10-15 08:09:44,560 multi task weight : 0.7586666666666666
2021-10-15 08:11:02,005 {'epoch': 45, 'lr': 0.0008864040551740152, 'train_loss': 0.0015057175847929467, 'mae': 0.23849098, 'elapsed_time': 77.64780855178833}
2021-10-15 08:11:02,719 multi task weight : 0.76
2021-10-15 08:12:20,081 {'epoch': 46, 'lr': 0.000881400952972015, 'train_loss': 0.0015968175453113514, 'mae': 0.26286745, 'elapsed_time': 77.60009026527405}
2021-10-15 08:12:20,275 multi task weight : 0.7613333333333333
2021-10-15 08:13:37,842 {'epoch': 47, 'lr': 0.0008763049794670771, 'train_loss': 0.0014899492049015777, 'mae': 0.23983222, 'elapsed_time': 77.76076555252075}
2021-10-15 08:13:38,044 multi task weight : 0.7626666666666666
2021-10-15 08:14:56,094 {'epoch': 48, 'lr': 0.0008711173920144113, 'train_loss': 0.0014815076832604614, 'mae': 0.2618546, 'elapsed_time': 78.25107669830322}
2021-10-15 08:14:56,308 multi task weight : 0.764
2021-10-15 08:16:13,927 {'epoch': 49, 'lr': 0.0008658394705735983, 'train_loss': 0.0014297648076883921, 'mae': 0.2695231, 'elapsed_time': 77.83290147781372}
2021-10-15 08:16:14,123 multi task weight : 0.7653333333333333
2021-10-15 08:17:31,279 {'epoch': 50, 'lr': 0.0008604725173927781, 'train_loss': 0.0014376572116646567, 'mae': 0.23817869, 'elapsed_time': 77.35106110572815}
2021-10-15 08:17:31,927 multi task weight : 0.7666666666666666
2021-10-15 08:18:49,093 {'epoch': 51, 'lr': 0.0008550178566873405, 'train_loss': 0.0014098450941428039, 'mae': 0.25377885, 'elapsed_time': 77.3423764705658}
2021-10-15 08:18:49,281 multi task weight : 0.768
2021-10-15 08:20:06,915 {'epoch': 52, 'lr': 0.0008494768343131951, 'train_loss': 0.0014857896099408942, 'mae': 0.24387091, 'elapsed_time': 77.82197451591492}
2021-10-15 08:20:07,100 multi task weight : 0.7693333333333333
2021-10-15 08:21:25,066 {'epoch': 53, 'lr': 0.0008438508174347005, 'train_loss': 0.0014272251508937442, 'mae': 0.24682376, 'elapsed_time': 78.15051865577698}
2021-10-15 08:21:25,283 multi task weight : 0.7706666666666666
2021-10-15 08:22:42,803 {'epoch': 54, 'lr': 0.0008381411941873374, 'train_loss': 0.0013550284563645849, 'mae': 0.22140877, 'elapsed_time': 77.73635029792786}
2021-10-15 08:22:43,468 multi task weight : 0.772
2021-10-15 08:24:00,703 {'epoch': 55, 'lr': 0.0008323493733352073, 'train_loss': 0.0013084828885700467, 'mae': 0.23315881, 'elapsed_time': 77.41209936141968}
2021-10-15 08:24:00,893 multi task weight : 0.7733333333333332
2021-10-15 08:25:18,314 {'epoch': 56, 'lr': 0.0008264767839234405, 'train_loss': 0.0013633419818203524, 'mae': 0.23376271, 'elapsed_time': 77.61039018630981}
2021-10-15 08:25:18,511 multi task weight : 0.7746666666666666
2021-10-15 08:26:35,922 {'epoch': 57, 'lr': 0.000820524874925601, 'train_loss': 0.0014102045834222482, 'mae': 0.22326654, 'elapsed_time': 77.60848188400269}
2021-10-15 08:26:36,129 multi task weight : 0.776
2021-10-15 08:27:53,215 {'epoch': 58, 'lr': 0.0008144951148861737, 'train_loss': 0.0012731990473921367, 'mae': 0.21499099, 'elapsed_time': 77.29207181930542}
2021-10-15 08:27:53,886 multi task weight : 0.7773333333333332
2021-10-15 08:29:10,969 {'epoch': 59, 'lr': 0.0008083889915582231, 'train_loss': 0.001329335758451439, 'mae': 0.21861309, 'elapsed_time': 77.2641806602478}
2021-10-15 08:29:11,174 multi task weight : 0.7786666666666666
2021-10-15 08:30:28,544 {'epoch': 60, 'lr': 0.0008022080115363123, 'train_loss': 0.001293966231646721, 'mae': 0.23492606, 'elapsed_time': 77.5742404460907}
2021-10-15 08:30:28,724 multi task weight : 0.78
2021-10-15 08:31:46,227 {'epoch': 61, 'lr': 0.0007959536998847739, 'train_loss': 0.001354378872878746, 'mae': 0.23779748, 'elapsed_time': 77.68263387680054}
2021-10-15 08:31:46,413 multi task weight : 0.7813333333333332
2021-10-15 08:33:04,185 {'epoch': 62, 'lr': 0.0007896275997614226, 'train_loss': 0.001425666021117712, 'mae': 0.23846225, 'elapsed_time': 77.957275390625}
2021-10-15 08:33:04,373 multi task weight : 0.7826666666666666
2021-10-15 08:34:21,887 {'epoch': 63, 'lr': 0.0007832312720368044, 'train_loss': 0.001325592821040558, 'mae': 0.24669994, 'elapsed_time': 77.70170879364014}
2021-10-15 08:34:22,077 multi task weight : 0.784
2021-10-15 08:35:40,393 {'epoch': 64, 'lr': 0.0007767662949090749, 'train_loss': 0.0013218497226694865, 'mae': 0.221069, 'elapsed_time': 78.50569748878479}
2021-10-15 08:35:40,593 multi task weight : 0.7853333333333332
2021-10-15 08:36:58,657 {'epoch': 65, 'lr': 0.000770234263514603, 'train_loss': 0.0012691395359719882, 'mae': 0.2492537, 'elapsed_time': 78.26315927505493}
2021-10-15 08:36:58,842 multi task weight : 0.7866666666666666
2021-10-15 08:38:16,799 {'epoch': 66, 'lr': 0.0007636367895343944, 'train_loss': 0.0012849667447145765, 'mae': 0.22389299, 'elapsed_time': 78.1414315700531}
2021-10-15 08:38:16,992 multi task weight : 0.788
2021-10-15 08:39:34,617 {'epoch': 67, 'lr': 0.0007569755007964335, 'train_loss': 0.0011981430998586756, 'mae': 0.22027402, 'elapsed_time': 77.8183925151825}
2021-10-15 08:39:34,855 multi task weight : 0.7893333333333333
2021-10-15 08:40:52,167 {'epoch': 68, 'lr': 0.0007502520408740415, 'train_loss': 0.0012052481534851947, 'mae': 0.21054597, 'elapsed_time': 77.54919767379761}
2021-10-15 08:40:52,845 multi task weight : 0.7906666666666666
2021-10-15 08:42:10,107 {'epoch': 69, 'lr': 0.0007434680686803488, 'train_loss': 0.0011453571763306836, 'mae': 0.21719094, 'elapsed_time': 77.46280097961426}
2021-10-15 08:42:10,291 multi task weight : 0.792
2021-10-15 08:43:27,615 {'epoch': 70, 'lr': 0.0007366252580589837, 'train_loss': 0.0011514811643885017, 'mae': 0.20777324, 'elapsed_time': 77.50836205482483}
2021-10-15 08:43:28,280 multi task weight : 0.7933333333333333
2021-10-15 08:44:45,319 {'epoch': 71, 'lr': 0.0007297252973710754, 'train_loss': 0.0011534792196432671, 'mae': 0.20707327, 'elapsed_time': 77.21776986122131}
2021-10-15 08:44:45,976 multi task weight : 0.7946666666666666
2021-10-15 08:46:03,956 {'epoch': 72, 'lr': 0.0007227698890786777, 'train_loss': 0.0011251158561777247, 'mae': 0.26992533, 'elapsed_time': 78.16529107093811}
2021-10-15 08:46:04,143 multi task weight : 0.796
2021-10-15 08:47:22,380 {'epoch': 73, 'lr': 0.0007157607493247108, 'train_loss': 0.001205716519249323, 'mae': 0.21296942, 'elapsed_time': 78.42378091812134}
2021-10-15 08:47:22,571 multi task weight : 0.7973333333333333
2021-10-15 08:48:40,629 {'epoch': 74, 'lr': 0.0007086996075095287, 'train_loss': 0.0010721373151447143, 'mae': 0.19756311, 'elapsed_time': 78.24769568443298}
2021-10-15 08:48:41,290 multi task weight : 0.7986666666666666
2021-10-15 08:49:58,659 {'epoch': 75, 'lr': 0.0007015882058642161, 'train_loss': 0.0010528353656993313, 'mae': 0.19803414, 'elapsed_time': 77.55654454231262}
2021-10-15 08:49:58,846 multi task weight : 0.8
2021-10-15 08:51:16,046 {'epoch': 76, 'lr': 0.0006944282990207193, 'train_loss': 0.0010075852671123404, 'mae': 0.2070942, 'elapsed_time': 77.38644742965698}
2021-10-15 08:51:16,235 multi task weight : 0.8013333333333333
2021-10-15 08:52:33,614 {'epoch': 77, 'lr': 0.0006872216535789155, 'train_loss': 0.0011028897747980039, 'mae': 0.21959402, 'elapsed_time': 77.56797957420349}
2021-10-15 08:52:33,816 multi task weight : 0.8026666666666666
2021-10-15 08:53:51,433 {'epoch': 78, 'lr': 0.0006799700476707321, 'train_loss': 0.0010845189572190354, 'mae': 0.26000607, 'elapsed_time': 77.81797170639038}
2021-10-15 08:53:51,631 multi task weight : 0.804
2021-10-15 08:55:09,579 {'epoch': 79, 'lr': 0.0006726752705214191, 'train_loss': 0.001051495974109495, 'mae': 0.19577664, 'elapsed_time': 78.14588832855225}
2021-10-15 08:55:10,276 multi task weight : 0.8053333333333333
2021-10-15 08:56:27,987 {'epoch': 80, 'lr': 0.0006653391220080838, 'train_loss': 0.001024796680786145, 'mae': 0.19079149, 'elapsed_time': 77.92734026908875}
2021-10-15 08:56:28,702 multi task weight : 0.8066666666666666
2021-10-15 08:57:46,441 {'epoch': 81, 'lr': 0.0006579634122155988, 'train_loss': 0.0009726002161879267, 'mae': 0.18687469, 'elapsed_time': 77.96240329742432}
2021-10-15 08:57:47,108 multi task weight : 0.808
2021-10-15 08:59:05,073 {'epoch': 82, 'lr': 0.0006505499609899903, 'train_loss': 0.0009857620119386908, 'mae': 0.20908393, 'elapsed_time': 78.16034460067749}
2021-10-15 08:59:05,258 multi task weight : 0.8093333333333333
2021-10-15 09:00:22,981 {'epoch': 83, 'lr': 0.0006431005974894184, 'train_loss': 0.001025586093129742, 'mae': 0.21134731, 'elapsed_time': 77.90724897384644}
2021-10-15 09:00:23,180 multi task weight : 0.8106666666666666
2021-10-15 09:01:40,510 {'epoch': 84, 'lr': 0.0006356171597328593, 'train_loss': 0.0010539311362643996, 'mae': 0.24917673, 'elapsed_time': 77.52903294563293}
2021-10-15 09:01:40,704 multi task weight : 0.812
2021-10-15 09:02:58,971 {'epoch': 85, 'lr': 0.0006281014941466028, 'train_loss': 0.0010250935277909613, 'mae': 0.19706744, 'elapsed_time': 78.46025800704956}
2021-10-15 09:02:59,157 multi task weight : 0.8133333333333334
2021-10-15 09:04:17,102 {'epoch': 86, 'lr': 0.000620555455108673, 'train_loss': 0.0010081862324738914, 'mae': 0.19707644, 'elapsed_time': 78.13097333908081}
2021-10-15 09:04:17,308 multi task weight : 0.8146666666666667
2021-10-15 09:05:34,978 {'epoch': 87, 'lr': 0.0006129809044912885, 'train_loss': 0.0009431883685335251, 'mae': 0.18706775, 'elapsed_time': 77.87570214271545}
2021-10-15 09:05:35,160 multi task weight : 0.8160000000000001
2021-10-15 09:06:52,589 {'epoch': 88, 'lr': 0.0006053797112014735, 'train_loss': 0.000935028953943093, 'mae': 0.1914215, 'elapsed_time': 77.60990619659424}
2021-10-15 09:06:52,766 multi task weight : 0.8173333333333334
2021-10-15 09:08:09,838 {'epoch': 89, 'lr': 0.0005977537507199336, 'train_loss': 0.0008994824496808236, 'mae': 0.1955576, 'elapsed_time': 77.24926853179932}
2021-10-15 09:08:10,046 multi task weight : 0.8186666666666667
2021-10-15 09:09:28,177 {'epoch': 90, 'lr': 0.0005901049046383074, 'train_loss': 0.0008992709358938093, 'mae': 0.20274174, 'elapsed_time': 78.33797979354858}
2021-10-15 09:09:28,374 multi task weight : 0.8200000000000001
2021-10-15 09:10:45,872 {'epoch': 91, 'lr': 0.0005824350601949141, 'train_loss': 0.0009280585678327628, 'mae': 0.19205718, 'elapsed_time': 77.69499087333679}
2021-10-15 09:10:46,089 multi task weight : 0.8213333333333334
2021-10-15 09:12:03,969 {'epoch': 92, 'lr': 0.0005747461098091033, 'train_loss': 0.000868347391234359, 'mae': 0.18463299, 'elapsed_time': 78.09654211997986}
2021-10-15 09:12:04,660 multi task weight : 0.8226666666666667
2021-10-15 09:13:22,592 {'epoch': 93, 'lr': 0.0005670399506143305, 'train_loss': 0.0008981056104064225, 'mae': 0.18374887, 'elapsed_time': 78.12289452552795}
2021-10-15 09:13:23,261 multi task weight : 0.8240000000000001
2021-10-15 09:14:41,034 {'epoch': 94, 'lr': 0.0005593184839900673, 'train_loss': 0.0008351467991700782, 'mae': 0.18661226, 'elapsed_time': 77.95274615287781}
2021-10-15 09:14:41,239 multi task weight : 0.8253333333333334
2021-10-15 09:15:58,867 {'epoch': 95, 'lr': 0.0005515836150926644, 'train_loss': 0.0008538536724959721, 'mae': 0.18167315, 'elapsed_time': 77.83246755599976}
2021-10-15 09:15:59,537 multi task weight : 0.8266666666666667
2021-10-15 09:17:17,042 {'epoch': 96, 'lr': 0.0005438372523852832, 'train_loss': 0.0008163278473132568, 'mae': 0.18569894, 'elapsed_time': 77.68797135353088}
2021-10-15 09:17:17,220 multi task weight : 0.8280000000000001
2021-10-15 09:18:34,605 {'epoch': 97, 'lr': 0.00053608130716701, 'train_loss': 0.0008164812286734344, 'mae': 0.18658814, 'elapsed_time': 77.56241965293884}
2021-10-15 09:18:34,808 multi task weight : 0.8293333333333333
2021-10-15 09:19:52,495 {'epoch': 98, 'lr': 0.0005283176931012729, 'train_loss': 0.0007907940251314537, 'mae': 0.17871153, 'elapsed_time': 77.88969564437866}
2021-10-15 09:19:53,185 multi task weight : 0.8306666666666667
2021-10-15 09:21:10,338 {'epoch': 99, 'lr': 0.0005205483257436734, 'train_loss': 0.0007815516663059799, 'mae': 0.17933665, 'elapsed_time': 77.35187911987305}
2021-10-15 09:21:10,510 multi task weight : 0.8320000000000001
2021-10-15 09:22:27,932 {'epoch': 100, 'lr': 0.0005127751220693511, 'train_loss': 0.0007939243228764152, 'mae': 0.18012272, 'elapsed_time': 77.59331035614014}
2021-10-15 09:22:28,115 multi task weight : 0.8333333333333333
2021-10-15 09:23:46,085 {'epoch': 101, 'lr': 0.0005049999999999998, 'train_loss': 0.0007624343448646263, 'mae': 0.17957878, 'elapsed_time': 78.15274333953857}
2021-10-15 09:23:46,277 multi task weight : 0.8346666666666667
2021-10-15 09:25:03,864 {'epoch': 102, 'lr': 0.0004972248779306486, 'train_loss': 0.0007475232812862984, 'mae': 0.18090399, 'elapsed_time': 77.77854299545288}
2021-10-15 09:25:04,044 multi task weight : 0.8360000000000001
2021-10-15 09:26:21,708 {'epoch': 103, 'lr': 0.0004894516742563262, 'train_loss': 0.0007999227243377484, 'mae': 0.18976569, 'elapsed_time': 77.84315633773804}
2021-10-15 09:26:21,888 multi task weight : 0.8373333333333333
2021-10-15 09:27:39,651 {'epoch': 104, 'lr': 0.00048168230689872663, 'train_loss': 0.0007655412142613694, 'mae': 0.18164843, 'elapsed_time': 77.94308114051819}
2021-10-15 09:27:39,840 multi task weight : 0.8386666666666667
2021-10-15 09:28:57,794 {'epoch': 105, 'lr': 0.0004739186928329896, 'train_loss': 0.0007087931322085692, 'mae': 0.1820313, 'elapsed_time': 78.14241909980774}
2021-10-15 09:28:57,985 multi task weight : 0.8400000000000001
2021-10-15 09:30:15,307 {'epoch': 106, 'lr': 0.00046616274761471655, 'train_loss': 0.0007104509311985543, 'mae': 0.17680755, 'elapsed_time': 77.5126416683197}
2021-10-15 09:30:15,980 multi task weight : 0.8413333333333333
2021-10-15 09:31:33,397 {'epoch': 107, 'lr': 0.0004584163849073352, 'train_loss': 0.0006978916851069218, 'mae': 0.17151721, 'elapsed_time': 77.6126492023468}
2021-10-15 09:31:34,065 multi task weight : 0.8426666666666667
2021-10-15 09:32:51,866 {'epoch': 108, 'lr': 0.0004506815160099324, 'train_loss': 0.0007615056689989101, 'mae': 0.18269911, 'elapsed_time': 77.99193835258484}
2021-10-15 09:32:52,063 multi task weight : 0.8440000000000001
2021-10-15 09:34:09,960 {'epoch': 109, 'lr': 0.0004429600493856693, 'train_loss': 0.0007388465670588555, 'mae': 0.17421101, 'elapsed_time': 78.0939610004425}
2021-10-15 09:34:10,191 multi task weight : 0.8453333333333333
2021-10-15 09:35:27,996 {'epoch': 110, 'lr': 0.00043525389019089656, 'train_loss': 0.0006687562978123497, 'mae': 0.17144567, 'elapsed_time': 78.03505873680115}
2021-10-15 09:35:28,692 multi task weight : 0.8466666666666667
2021-10-15 09:36:46,021 {'epoch': 111, 'lr': 0.0004275649398050856, 'train_loss': 0.0006614492817320833, 'mae': 0.17039433, 'elapsed_time': 77.52302145957947}
2021-10-15 09:36:46,689 multi task weight : 0.8480000000000001
2021-10-15 09:38:04,454 {'epoch': 112, 'lr': 0.0004198950953616921, 'train_loss': 0.0006565216143669238, 'mae': 0.17091148, 'elapsed_time': 77.96039056777954}
2021-10-15 09:38:04,633 multi task weight : 0.8493333333333333
2021-10-15 09:39:22,011 {'epoch': 113, 'lr': 0.0004122462492800662, 'train_loss': 0.0006517818174155205, 'mae': 0.1711137, 'elapsed_time': 77.55733942985535}
2021-10-15 09:39:22,202 multi task weight : 0.8506666666666667
2021-10-15 09:40:39,627 {'epoch': 114, 'lr': 0.0004046202887985263, 'train_loss': 0.0006416451203222699, 'mae': 0.16863067, 'elapsed_time': 77.61506795883179}
2021-10-15 09:40:40,326 multi task weight : 0.8520000000000001
2021-10-15 09:41:58,127 {'epoch': 115, 'lr': 0.0003970190955087115, 'train_loss': 0.0006375108361046704, 'mae': 0.17745735, 'elapsed_time': 78.01368451118469}
2021-10-15 09:41:58,311 multi task weight : 0.8533333333333333
2021-10-15 09:43:16,126 {'epoch': 116, 'lr': 0.0003894445448913267, 'train_loss': 0.0006384458839695843, 'mae': 0.16788475, 'elapsed_time': 77.99896717071533}
2021-10-15 09:43:16,795 multi task weight : 0.8546666666666667
2021-10-15 09:44:34,459 {'epoch': 117, 'lr': 0.00038189850585339675, 'train_loss': 0.0006222195380211192, 'mae': 0.16696395, 'elapsed_time': 77.84660410881042}
2021-10-15 09:44:35,127 multi task weight : 0.8560000000000001
2021-10-15 09:45:52,269 {'epoch': 118, 'lr': 0.0003743828402671403, 'train_loss': 0.0006120660223777796, 'mae': 0.16947852, 'elapsed_time': 77.32698798179626}
2021-10-15 09:45:52,457 multi task weight : 0.8573333333333333
2021-10-15 09:47:09,927 {'epoch': 119, 'lr': 0.0003668994025105814, 'train_loss': 0.0006064312522052099, 'mae': 0.16686724, 'elapsed_time': 77.6571638584137}
2021-10-15 09:47:10,580 multi task weight : 0.8586666666666667
2021-10-15 09:48:27,995 {'epoch': 120, 'lr': 0.00035945003901000945, 'train_loss': 0.0005996416473478533, 'mae': 0.16728528, 'elapsed_time': 77.60012340545654}
2021-10-15 09:48:28,184 multi task weight : 0.8600000000000001
2021-10-15 09:49:45,499 {'epoch': 121, 'lr': 0.00035203658778440103, 'train_loss': 0.0005860645814031619, 'mae': 0.16995798, 'elapsed_time': 77.50370502471924}
2021-10-15 09:49:45,683 multi task weight : 0.8613333333333333
2021-10-15 09:51:03,243 {'epoch': 122, 'lr': 0.0003446608779919159, 'train_loss': 0.0005808111466590817, 'mae': 0.1674223, 'elapsed_time': 77.74363017082214}
2021-10-15 09:51:03,443 multi task weight : 0.8626666666666667
2021-10-15 09:52:21,386 {'epoch': 123, 'lr': 0.00033732472947858063, 'train_loss': 0.0005802314856871617, 'mae': 0.1657006, 'elapsed_time': 78.14195990562439}
2021-10-15 09:52:22,010 multi task weight : 0.864
2021-10-15 09:53:39,626 {'epoch': 124, 'lr': 0.00033002995232926766, 'train_loss': 0.0005703776635999826, 'mae': 0.16673607, 'elapsed_time': 77.78836965560913}
2021-10-15 09:53:39,825 multi task weight : 0.8653333333333333
2021-10-15 09:54:57,430 {'epoch': 125, 'lr': 0.0003227783464210844, 'train_loss': 0.0005575758858656078, 'mae': 0.17512758, 'elapsed_time': 77.80399346351624}
2021-10-15 09:54:57,614 multi task weight : 0.8666666666666666
2021-10-15 09:56:14,906 {'epoch': 126, 'lr': 0.00031557170097928054, 'train_loss': 0.0005586345258524988, 'mae': 0.16476482, 'elapsed_time': 77.47524929046631}
2021-10-15 09:56:15,540 multi task weight : 0.868
2021-10-15 09:57:32,970 {'epoch': 127, 'lr': 0.0003084117941357834, 'train_loss': 0.000542473348661161, 'mae': 0.16778703, 'elapsed_time': 77.60540914535522}
2021-10-15 09:57:33,165 multi task weight : 0.8693333333333333
2021-10-15 09:58:50,651 {'epoch': 128, 'lr': 0.00030130039249047106, 'train_loss': 0.0005351040289521889, 'mae': 0.16394942, 'elapsed_time': 77.68105888366699}
2021-10-15 09:58:51,322 multi task weight : 0.8706666666666667
2021-10-15 10:00:08,718 {'epoch': 129, 'lr': 0.00029423925067528897, 'train_loss': 0.0005361323700347548, 'mae': 0.16954492, 'elapsed_time': 77.58789157867432}
2021-10-15 10:00:08,938 multi task weight : 0.872
2021-10-15 10:01:26,581 {'epoch': 130, 'lr': 0.0002872301109213219, 'train_loss': 0.0005301397579559788, 'mae': 0.16572411, 'elapsed_time': 77.86282420158386}
2021-10-15 10:01:26,777 multi task weight : 0.8733333333333333
2021-10-15 10:02:44,064 {'epoch': 131, 'lr': 0.0002802747026289243, 'train_loss': 0.000518116055240372, 'mae': 0.16313471, 'elapsed_time': 77.48192477226257}
2021-10-15 10:02:44,702 multi task weight : 0.8746666666666667
2021-10-15 10:04:02,159 {'epoch': 132, 'lr': 0.00027337474194101617, 'train_loss': 0.000509905589607435, 'mae': 0.16179968, 'elapsed_time': 77.63622283935547}
2021-10-15 10:04:02,822 multi task weight : 0.876
2021-10-15 10:05:20,329 {'epoch': 133, 'lr': 0.00026653193131965077, 'train_loss': 0.0005057411210338669, 'mae': 0.16313681, 'elapsed_time': 77.69165825843811}
2021-10-15 10:05:20,526 multi task weight : 0.8773333333333333
2021-10-15 10:06:38,040 {'epoch': 134, 'lr': 0.00025974795912595813, 'train_loss': 0.0005010469950552884, 'mae': 0.16800213, 'elapsed_time': 77.71108269691467}
2021-10-15 10:06:38,234 multi task weight : 0.8786666666666667
2021-10-15 10:07:56,132 {'epoch': 135, 'lr': 0.0002530244992035661, 'train_loss': 0.00049072414571191, 'mae': 0.16264097, 'elapsed_time': 78.09093952178955}
2021-10-15 10:07:56,321 multi task weight : 0.88
2021-10-15 10:09:13,650 {'epoch': 136, 'lr': 0.00024636321046560527, 'train_loss': 0.0004871865859128056, 'mae': 0.16178016, 'elapsed_time': 77.51813626289368}
2021-10-15 10:09:14,316 multi task weight : 0.8813333333333333
2021-10-15 10:10:31,204 {'epoch': 137, 'lr': 0.00023976573648539645, 'train_loss': 0.00047303964035194234, 'mae': 0.16171448, 'elapsed_time': 77.07114481925964}
2021-10-15 10:10:31,839 multi task weight : 0.8826666666666667
2021-10-15 10:11:48,439 {'epoch': 138, 'lr': 0.00023323370509092462, 'train_loss': 0.00046910515383399425, 'mae': 0.16138926, 'elapsed_time': 76.77147960662842}
2021-10-15 10:11:49,098 multi task weight : 0.884
2021-10-15 10:13:06,339 {'epoch': 139, 'lr': 0.00022676872796319523, 'train_loss': 0.0004620738819394584, 'mae': 0.16112466, 'elapsed_time': 77.41739082336426}
2021-10-15 10:13:06,993 multi task weight : 0.8853333333333333
2021-10-15 10:14:24,648 {'epoch': 140, 'lr': 0.00022037240023857702, 'train_loss': 0.00046171189771534353, 'mae': 0.16125187, 'elapsed_time': 77.83837676048279}
2021-10-15 10:14:24,851 multi task weight : 0.8866666666666667
2021-10-15 10:15:42,268 {'epoch': 141, 'lr': 0.00021404630011522577, 'train_loss': 0.00045500267673508467, 'mae': 0.16045007, 'elapsed_time': 77.61961460113525}
2021-10-15 10:15:42,924 multi task weight : 0.888
2021-10-15 10:17:00,034 {'epoch': 142, 'lr': 0.00020779198846368737, 'train_loss': 0.0004487497822768527, 'mae': 0.15909268, 'elapsed_time': 77.2921028137207}
2021-10-15 10:17:00,686 multi task weight : 0.8893333333333333
2021-10-15 10:18:17,910 {'epoch': 143, 'lr': 0.0002016110084417765, 'train_loss': 0.00044238680314502235, 'mae': 0.16056302, 'elapsed_time': 77.40458345413208}
2021-10-15 10:18:18,098 multi task weight : 0.8906666666666667
2021-10-15 10:19:35,729 {'epoch': 144, 'lr': 0.00019550488511382584, 'train_loss': 0.0004344611041089847, 'mae': 0.16045749, 'elapsed_time': 77.8185350894928}
2021-10-15 10:19:35,917 multi task weight : 0.892
2021-10-15 10:20:53,557 {'epoch': 145, 'lr': 0.00018947512507439847, 'train_loss': 0.0004266424254545753, 'mae': 0.16035527, 'elapsed_time': 77.82773494720459}
2021-10-15 10:20:53,743 multi task weight : 0.8933333333333333
2021-10-15 10:22:11,675 {'epoch': 146, 'lr': 0.00018352321607655904, 'train_loss': 0.0004238542738988393, 'mae': 0.15959746, 'elapsed_time': 78.11713695526123}
2021-10-15 10:22:11,863 multi task weight : 0.8946666666666667
2021-10-15 10:23:29,757 {'epoch': 147, 'lr': 0.0001776506266647923, 'train_loss': 0.0004182883089616885, 'mae': 0.16118489, 'elapsed_time': 78.08132100105286}
2021-10-15 10:23:29,947 multi task weight : 0.896
2021-10-15 10:24:47,366 {'epoch': 148, 'lr': 0.00017185880581266206, 'train_loss': 0.0004124858890610116, 'mae': 0.15940167, 'elapsed_time': 77.60882091522217}
2021-10-15 10:24:47,567 multi task weight : 0.8973333333333333
2021-10-15 10:26:04,844 {'epoch': 149, 'lr': 0.000166149182565299, 'train_loss': 0.0004086851312070986, 'mae': 0.15856059, 'elapsed_time': 77.4776873588562}
2021-10-15 10:26:05,509 multi task weight : 0.8986666666666667
2021-10-15 10:27:22,809 {'epoch': 150, 'lr': 0.00016052316568680435, 'train_loss': 0.0004012997077643437, 'mae': 0.15911831, 'elapsed_time': 77.48456406593323}
2021-10-15 10:27:23,007 multi task weight : 0.9
2021-10-15 10:28:40,340 {'epoch': 151, 'lr': 0.00015498214331265893, 'train_loss': 0.00039798137241193126, 'mae': 0.15948729, 'elapsed_time': 77.53006362915039}
2021-10-15 10:28:40,526 multi task weight : 0.9
2021-10-15 10:29:58,031 {'epoch': 152, 'lr': 0.0001495274826072215, 'train_loss': 0.00039083468027269707, 'mae': 0.15877129, 'elapsed_time': 77.69023489952087}
2021-10-15 10:29:58,233 multi task weight : 0.9
2021-10-15 10:31:15,670 {'epoch': 153, 'lr': 0.00014416052942640132, 'train_loss': 0.0003883959424315975, 'mae': 0.15895692, 'elapsed_time': 77.63894939422607}
2021-10-15 10:31:15,846 multi task weight : 0.9
2021-10-15 10:32:33,641 {'epoch': 154, 'lr': 0.0001388826079855881, 'train_loss': 0.0003800678872944623, 'mae': 0.15862386, 'elapsed_time': 77.97038459777832}
2021-10-15 10:32:33,844 multi task weight : 0.9
2021-10-15 10:33:51,642 {'epoch': 155, 'lr': 0.00013369502053292245, 'train_loss': 0.000378520385410965, 'mae': 0.15788998, 'elapsed_time': 78.00061583518982}
2021-10-15 10:33:52,318 multi task weight : 0.9
2021-10-15 10:35:10,137 {'epoch': 156, 'lr': 0.00012859904702798464, 'train_loss': 0.0003734866653385741, 'mae': 0.15856531, 'elapsed_time': 78.00621032714844}
2021-10-15 10:35:10,348 multi task weight : 0.9
2021-10-15 10:36:27,892 {'epoch': 157, 'lr': 0.00012359594482598432, 'train_loss': 0.00036791219037196507, 'mae': 0.15801139, 'elapsed_time': 77.75412487983704}
2021-10-15 10:36:28,083 multi task weight : 0.9
2021-10-15 10:37:45,423 {'epoch': 158, 'lr': 0.00011868694836752681, 'train_loss': 0.0003636454854153141, 'mae': 0.15796313, 'elapsed_time': 77.53065490722656}
2021-10-15 10:37:45,602 multi task weight : 0.9
2021-10-15 10:39:03,012 {'epoch': 159, 'lr': 0.0001138732688740332, 'train_loss': 0.00035855731531246913, 'mae': 0.15785456, 'elapsed_time': 77.58847880363464}
2021-10-15 10:39:03,664 multi task weight : 0.9
2021-10-15 10:40:21,295 {'epoch': 160, 'lr': 0.00010915609404889012, 'train_loss': 0.00035454044630781875, 'mae': 0.15840217, 'elapsed_time': 77.80887007713318}
2021-10-15 10:40:21,511 multi task weight : 0.9
2021-10-15 10:41:39,036 {'epoch': 161, 'lr': 0.00010453658778440103, 'train_loss': 0.00035233397988480316, 'mae': 0.15740335, 'elapsed_time': 77.74003839492798}
2021-10-15 10:41:39,702 multi task weight : 0.9
2021-10-15 10:42:57,461 {'epoch': 162, 'lr': 0.00010001588987461343, 'train_loss': 0.0003463754927242055, 'mae': 0.15796922, 'elapsed_time': 77.94143557548523}
2021-10-15 10:42:57,656 multi task weight : 0.9
2021-10-15 10:44:14,989 {'epoch': 163, 'lr': 9.559511573409192e-05, 'train_loss': 0.00034372555844935064, 'mae': 0.1574437, 'elapsed_time': 77.52750015258789}
2021-10-15 10:44:15,175 multi task weight : 0.9
2021-10-15 10:45:31,904 {'epoch': 164, 'lr': 9.12753561227063e-05, 'train_loss': 0.00033984150073439813, 'mae': 0.15753184, 'elapsed_time': 76.91535997390747}
2021-10-15 10:45:32,080 multi task weight : 0.9
2021-10-15 10:46:49,456 {'epoch': 165, 'lr': 8.705767687650262e-05, 'train_loss': 0.0003350734445306542, 'mae': 0.15752593, 'elapsed_time': 77.5511884689331}
2021-10-15 10:46:49,693 multi task weight : 0.9
2021-10-15 10:48:06,591 {'epoch': 166, 'lr': 8.294311864472445e-05, 'train_loss': 0.0003331881426916642, 'mae': 0.1573658, 'elapsed_time': 77.1342761516571}
2021-10-15 10:48:07,227 multi task weight : 0.9
2021-10-15 10:49:24,393 {'epoch': 167, 'lr': 7.89326966330478e-05, 'train_loss': 0.00032978153147539057, 'mae': 0.15701698, 'elapsed_time': 77.35495638847351}
2021-10-15 10:49:25,021 multi task weight : 0.9
2021-10-15 10:50:41,467 {'epoch': 168, 'lr': 7.502740035309526e-05, 'train_loss': 0.0003270329599564363, 'mae': 0.15673032, 'elapsed_time': 76.62218832969666}
2021-10-15 10:50:42,085 multi task weight : 0.9
2021-10-15 10:51:59,306 {'epoch': 169, 'lr': 7.12281933782875e-05, 'train_loss': 0.0003245456363929274, 'mae': 0.15714706, 'elapsed_time': 77.39615750312805}
2021-10-15 10:51:59,509 multi task weight : 0.9
2021-10-15 10:53:16,340 {'epoch': 170, 'lr': 6.75360131060967e-05, 'train_loss': 0.0003205379471800002, 'mae': 0.15718836, 'elapsed_time': 77.03351378440857}
2021-10-15 10:53:16,516 multi task weight : 0.9
2021-10-15 10:54:33,599 {'epoch': 171, 'lr': 6.395177052675792e-05, 'train_loss': 0.0003175470503411244, 'mae': 0.15695274, 'elapsed_time': 77.25949096679688}
2021-10-15 10:54:33,821 multi task weight : 0.9
2021-10-15 10:55:50,862 {'epoch': 172, 'lr': 6.047634999849528e-05, 'train_loss': 0.0003150253571481046, 'mae': 0.15687592, 'elapsed_time': 77.2623028755188}
2021-10-15 10:55:51,038 multi task weight : 0.9
2021-10-15 10:57:08,098 {'epoch': 173, 'lr': 5.711060902932039e-05, 'train_loss': 0.0003125758554028548, 'mae': 0.15702815, 'elapsed_time': 77.23513674736023}
2021-10-15 10:57:08,274 multi task weight : 0.9
2021-10-15 10:58:25,174 {'epoch': 174, 'lr': 5.385537806545467e-05, 'train_loss': 0.00031058126319918195, 'mae': 0.15694584, 'elapsed_time': 77.07601308822632}
2021-10-15 10:58:25,348 multi task weight : 0.9
2021-10-15 10:59:42,658 {'epoch': 175, 'lr': 5.0711460286429424e-05, 'train_loss': 0.0003080774794812231, 'mae': 0.15689346, 'elapsed_time': 77.48344421386719}
2021-10-15 10:59:42,838 multi task weight : 0.9
2021-10-15 11:00:59,613 {'epoch': 176, 'lr': 4.767963140691315e-05, 'train_loss': 0.0003060289552451326, 'mae': 0.15694065, 'elapsed_time': 76.95406126976013}
2021-10-15 11:00:59,791 multi task weight : 0.9
2021-10-15 11:02:17,100 {'epoch': 177, 'lr': 4.4760639485315563e-05, 'train_loss': 0.0003034349246415932, 'mae': 0.15704444, 'elapsed_time': 77.48673915863037}
2021-10-15 11:02:17,274 multi task weight : 0.9
2021-10-15 11:03:34,323 {'epoch': 178, 'lr': 4.195520473921563e-05, 'train_loss': 0.0003023337633296541, 'mae': 0.15675196, 'elapsed_time': 77.22280764579773}
2021-10-15 11:03:34,530 multi task weight : 0.9
2021-10-15 11:04:51,659 {'epoch': 179, 'lr': 3.9264019367658385e-05, 'train_loss': 0.00029961250566879274, 'mae': 0.1566144, 'elapsed_time': 77.33559131622314}
2021-10-15 11:04:52,274 multi task weight : 0.9
2021-10-15 11:06:09,157 {'epoch': 180, 'lr': 3.6687747380365064e-05, 'train_loss': 0.00029808579566978, 'mae': 0.15675351, 'elapsed_time': 77.06050205230713}
2021-10-15 11:06:09,339 multi task weight : 0.9
2021-10-15 11:07:26,477 {'epoch': 181, 'lr': 3.422702443389899e-05, 'train_loss': 0.0002962789208195595, 'mae': 0.15661629, 'elapsed_time': 77.3202497959137}
2021-10-15 11:07:26,650 multi task weight : 0.9
2021-10-15 11:08:43,345 {'epoch': 182, 'lr': 3.188245767482658e-05, 'train_loss': 0.0002952464096460459, 'mae': 0.15665837, 'elapsed_time': 76.86763429641724}
2021-10-15 11:08:43,509 multi task weight : 0.9
2021-10-15 11:10:00,367 {'epoch': 183, 'lr': 2.965462558991323e-05, 'train_loss': 0.0002932827940705677, 'mae': 0.15653907, 'elapsed_time': 77.02119374275208}
2021-10-15 11:10:00,992 multi task weight : 0.9
2021-10-15 11:11:17,388 {'epoch': 184, 'lr': 2.7544077863390004e-05, 'train_loss': 0.00029170996249660186, 'mae': 0.15660469, 'elapsed_time': 76.57242059707642}
2021-10-15 11:11:17,558 multi task weight : 0.9
2021-10-15 11:12:34,743 {'epoch': 185, 'lr': 2.5551335241327672e-05, 'train_loss': 0.0002907441909850197, 'mae': 0.1563809, 'elapsed_time': 77.35514807701111}
2021-10-15 11:12:35,382 multi task weight : 0.9
2021-10-15 11:13:52,887 {'epoch': 186, 'lr': 2.367688940315011e-05, 'train_loss': 0.0002891559743509437, 'mae': 0.15645446, 'elapsed_time': 77.69129991531372}
2021-10-15 11:13:53,062 multi task weight : 0.9
2021-10-15 11:15:10,238 {'epoch': 187, 'lr': 2.1921202840320077e-05, 'train_loss': 0.0002879572283005067, 'mae': 0.15635672, 'elapsed_time': 77.35015416145325}
2021-10-15 11:15:10,863 multi task weight : 0.9
2021-10-15 11:16:27,978 {'epoch': 188, 'lr': 2.0284708742225903e-05, 'train_loss': 0.0002869255379128725, 'mae': 0.15622276, 'elapsed_time': 77.28928804397583}
2021-10-15 11:16:28,640 multi task weight : 0.9
2021-10-15 11:17:45,940 {'epoch': 189, 'lr': 1.8767810889299086e-05, 'train_loss': 0.0002861793635313068, 'mae': 0.15628782, 'elapsed_time': 77.51194667816162}
2021-10-15 11:17:46,136 multi task weight : 0.9
2021-10-15 11:19:03,474 {'epoch': 190, 'lr': 1.7370883553386936e-05, 'train_loss': 0.00028525167539829327, 'mae': 0.156319, 'elapsed_time': 77.53396534919739}
2021-10-15 11:19:03,650 multi task weight : 0.9
2021-10-15 11:20:20,711 {'epoch': 191, 'lr': 1.6094271405406862e-05, 'train_loss': 0.0002844045796870415, 'mae': 0.15646161, 'elapsed_time': 77.23579573631287}
2021-10-15 11:20:20,899 multi task weight : 0.9
2021-10-15 11:21:37,753 {'epoch': 192, 'lr': 1.4938289430304022e-05, 'train_loss': 0.0002836104335523821, 'mae': 0.15624635, 'elapsed_time': 77.04227232933044}
2021-10-15 11:21:37,946 multi task weight : 0.9
2021-10-15 11:22:54,852 {'epoch': 193, 'lr': 1.3903222849333509e-05, 'train_loss': 0.0002830403548035205, 'mae': 0.15637891, 'elapsed_time': 77.09815907478333}
2021-10-15 11:22:55,026 multi task weight : 0.9
2021-10-15 11:24:12,056 {'epoch': 194, 'lr': 1.2989327049686102e-05, 'train_loss': 0.00028197667101673374, 'mae': 0.15632002, 'elapsed_time': 77.2037365436554}
2021-10-15 11:24:12,224 multi task weight : 0.9
2021-10-15 11:25:29,431 {'epoch': 195, 'lr': 1.2196827521475404e-05, 'train_loss': 0.00028167394921183584, 'mae': 0.15635443, 'elapsed_time': 77.3743257522583}
2021-10-15 11:25:29,623 multi task weight : 0.9
2021-10-15 11:26:46,773 {'epoch': 196, 'lr': 1.152591980210166e-05, 'train_loss': 0.0002809713261030402, 'mae': 0.15631035, 'elapsed_time': 77.3411910533905}
2021-10-15 11:26:46,956 multi task weight : 0.9
2021-10-15 11:28:04,026 {'epoch': 197, 'lr': 1.097676942800558e-05, 'train_loss': 0.0002804693861600972, 'mae': 0.156377, 'elapsed_time': 77.25340580940247}
2021-10-15 11:28:04,208 multi task weight : 0.9
2021-10-15 11:29:21,054 {'epoch': 198, 'lr': 1.0549511893824899e-05, 'train_loss': 0.00028033263517223973, 'mae': 0.15633743, 'elapsed_time': 77.02701544761658}
2021-10-15 11:29:21,228 multi task weight : 0.9
2021-10-15 11:30:37,968 {'epoch': 199, 'lr': 1.0244252618962858e-05, 'train_loss': 0.0002797849166205164, 'mae': 0.1563267, 'elapsed_time': 76.91337823867798}
2021-10-15 11:30:38,130 multi task weight : 0.9
2021-10-15 11:31:54,974 {'epoch': 200, 'lr': 1.006106692157801e-05, 'train_loss': 0.0002796092753855893, 'mae': 0.15627675, 'elapsed_time': 77.00609564781189}
2021-10-15 11:32:35,444 Total CV: 0.15622276067733765
