2021-10-12 09:30:09,378 Fold 0
2021-10-12 09:30:12,929 train run device : cuda:0
2021-10-12 09:30:35,946 multi task weight : 1.0
2021-10-12 09:30:55,279 {'epoch': 1, 'lr': 0.005, 'train_loss': 0.016443942571176134, 'mae': 1.729107647113273, 'elapsed_time': 19.636990785598755}
2021-10-12 09:30:55,606 multi task weight : 1.0
2021-10-12 09:31:14,888 {'epoch': 2, 'lr': 0.004995076687428538, 'train_loss': 0.013828340901532182, 'mae': 1.2275786360616283, 'elapsed_time': 19.569358825683594}
2021-10-12 09:31:15,193 multi task weight : 1.0
2021-10-12 09:31:34,658 {'epoch': 3, 'lr': 0.004980326179779623, 'train_loss': 0.013028824791519589, 'mae': 1.161810981505934, 'elapsed_time': 19.72489356994629}
2021-10-12 09:31:34,968 multi task weight : 1.0
2021-10-12 09:31:54,169 {'epoch': 4, 'lr': 0.0049558066905680785, 'train_loss': 0.012453932711586721, 'mae': 0.8077350085055084, 'elapsed_time': 19.467199325561523}
2021-10-12 09:31:54,479 multi task weight : 1.0
2021-10-12 09:32:13,858 {'epoch': 5, 'lr': 0.004921614987015935, 'train_loss': 0.012071537955696808, 'mae': 0.801098683802787, 'elapsed_time': 19.644301891326904}
2021-10-12 09:32:14,173 multi task weight : 1.0
2021-10-12 09:32:33,731 {'epoch': 6, 'lr': 0.004877886008156408, 'train_loss': 0.011760921301314023, 'mae': 0.6859879055844097, 'elapsed_time': 19.830223560333252}
2021-10-12 09:32:34,070 multi task weight : 1.0
2021-10-12 09:32:53,314 {'epoch': 7, 'lr': 0.004824792332291187, 'train_loss': 0.011450198966197575, 'mae': 0.6164830029197419, 'elapsed_time': 19.54001259803772}
2021-10-12 09:32:53,636 multi task weight : 1.0
2021-10-12 09:33:12,889 {'epoch': 8, 'lr': 0.004762543495902719, 'train_loss': 0.011265332553464107, 'mae': 0.5455980028135111, 'elapsed_time': 19.52864670753479}
2021-10-12 09:33:13,225 multi task weight : 1.0
2021-10-12 09:33:32,513 {'epoch': 9, 'lr': 0.00469138516670944, 'train_loss': 0.010999900458110256, 'mae': 0.563607462966803, 'elapsed_time': 19.57733964920044}
2021-10-12 09:33:32,830 multi task weight : 1.0
2021-10-12 09:33:52,094 {'epoch': 10, 'lr': 0.004611598174127528, 'train_loss': 0.010869878064409007, 'mae': 0.4978253945206075, 'elapsed_time': 19.58053755760193}
2021-10-12 09:33:52,403 multi task weight : 1.0
2021-10-12 09:34:11,543 {'epoch': 11, 'lr': 0.004523497400965494, 'train_loss': 0.01069985002457029, 'mae': 0.4676867275636051, 'elapsed_time': 19.405054092407227}
2021-10-12 09:34:11,903 multi task weight : 1.0
2021-10-12 09:34:31,238 {'epoch': 12, 'lr': 0.004427430540725594, 'train_loss': 0.01053238031957385, 'mae': 0.45649286353050544, 'elapsed_time': 19.652939796447754}
2021-10-12 09:34:31,565 multi task weight : 1.0
2021-10-12 09:34:51,015 {'epoch': 13, 'lr': 0.004323776725416422, 'train_loss': 0.010428371395473847, 'mae': 0.40193766683224164, 'elapsed_time': 19.734995365142822}
2021-10-12 09:34:51,316 multi task weight : 1.0
2021-10-12 09:35:10,636 {'epoch': 14, 'lr': 0.004212945029292078, 'train_loss': 0.010278755608104253, 'mae': 0.40911802490107213, 'elapsed_time': 19.57760763168335}
2021-10-12 09:35:10,955 multi task weight : 1.0
2021-10-12 09:35:30,393 {'epoch': 15, 'lr': 0.004095372854422981, 'train_loss': 0.010186336208764411, 'mae': 0.3814955224693277, 'elapsed_time': 19.75606346130371}
2021-10-12 09:35:30,720 multi task weight : 1.0
2021-10-12 09:35:49,901 {'epoch': 16, 'lr': 0.003971524204469721, 'train_loss': 0.010183604068515947, 'mae': 0.41842000291233594, 'elapsed_time': 19.464272260665894}
2021-10-12 09:35:50,214 multi task weight : 1.0
2021-10-12 09:36:09,465 {'epoch': 17, 'lr': 0.003841887853472597, 'train_loss': 0.01009624474012275, 'mae': 0.3686583598306139, 'elapsed_time': 19.564393281936646}
2021-10-12 09:36:09,810 multi task weight : 1.0
2021-10-12 09:36:29,072 {'epoch': 18, 'lr': 0.00370697541688378, 'train_loss': 0.009938449710311282, 'mae': 0.3476672877180259, 'elapsed_time': 19.563204288482666}
2021-10-12 09:36:29,391 multi task weight : 1.0
2021-10-12 09:36:48,535 {'epoch': 19, 'lr': 0.003567319332454857, 'train_loss': 0.009852164766502507, 'mae': 0.34225789658402944, 'elapsed_time': 19.41700005531311}
2021-10-12 09:36:48,850 multi task weight : 1.0
2021-10-12 09:37:08,085 {'epoch': 20, 'lr': 0.0034234707589482724, 'train_loss': 0.00991739957754465, 'mae': 0.335209823540241, 'elapsed_time': 19.50584888458252}
2021-10-12 09:37:08,405 multi task weight : 1.0
2021-10-12 09:37:27,892 {'epoch': 21, 'lr': 0.0032759974009654944, 'train_loss': 0.009722314136086749, 'mae': 0.34002624610462945, 'elapsed_time': 19.763760566711426}
2021-10-12 09:37:28,182 multi task weight : 1.0
2021-10-12 09:37:47,385 {'epoch': 22, 'lr': 0.003125481268476313, 'train_loss': 0.009615454352241704, 'mae': 0.31248814418081183, 'elapsed_time': 19.49227738380432}
2021-10-12 09:37:47,710 multi task weight : 1.0
2021-10-12 09:38:07,254 {'epoch': 23, 'lr': 0.002972516379891384, 'train_loss': 0.00962153232358322, 'mae': 0.3177701787797729, 'elapsed_time': 19.826291799545288}
2021-10-12 09:38:07,541 multi task weight : 1.0
2021-10-12 09:38:26,778 {'epoch': 24, 'lr': 0.0028177064177429406, 'train_loss': 0.00948252452770711, 'mae': 0.3134014024580324, 'elapsed_time': 19.52384042739868}
2021-10-12 09:38:27,052 multi task weight : 1.0
2021-10-12 09:38:46,554 {'epoch': 25, 'lr': 0.002661662346225638, 'train_loss': 0.009424698822856976, 'mae': 0.30303745375284374, 'elapsed_time': 19.775139570236206}
2021-10-12 09:38:46,878 multi task weight : 1.0
2021-10-12 09:39:06,130 {'epoch': 26, 'lr': 0.0025050000000000007, 'train_loss': 0.009349529446158841, 'mae': 0.29575013742332246, 'elapsed_time': 19.531566619873047}
2021-10-12 09:39:06,442 multi task weight : 1.0
2021-10-12 09:39:26,088 {'epoch': 27, 'lr': 0.002348337653774364, 'train_loss': 0.009278796254759043, 'mae': 0.2879220070965443, 'elapsed_time': 19.912729501724243}
2021-10-12 09:39:26,434 multi task weight : 1.0
2021-10-12 09:39:46,210 {'epoch': 28, 'lr': 0.0021922935822570617, 'train_loss': 0.009191360305365227, 'mae': 0.28741482125368106, 'elapsed_time': 20.07827353477478}
2021-10-12 09:39:46,548 multi task weight : 1.0
2021-10-12 09:40:05,756 {'epoch': 29, 'lr': 0.0020374836201086178, 'train_loss': 0.009131123946153856, 'mae': 0.28504013289497887, 'elapsed_time': 19.502683639526367}
2021-10-12 09:40:06,073 multi task weight : 1.0
2021-10-12 09:40:25,578 {'epoch': 30, 'lr': 0.001884518731523688, 'train_loss': 0.00908322245415826, 'mae': 0.282920215525012, 'elapsed_time': 19.778433561325073}
2021-10-12 09:40:25,886 multi task weight : 1.0
2021-10-12 09:40:45,165 {'epoch': 31, 'lr': 0.0017340025990345077, 'train_loss': 0.009004646784584597, 'mae': 0.26797647194016017, 'elapsed_time': 19.54273295402527}
2021-10-12 09:40:45,485 multi task weight : 1.0
2021-10-12 09:41:04,889 {'epoch': 32, 'lr': 0.0015865292410517297, 'train_loss': 0.008949819461962811, 'mae': 0.26507772973669186, 'elapsed_time': 19.67883825302124}
2021-10-12 09:41:05,209 multi task weight : 1.0
2021-10-12 09:41:24,700 {'epoch': 33, 'lr': 0.0014426806675451442, 'train_loss': 0.008884880624123959, 'mae': 0.25861724656996626, 'elapsed_time': 19.76806139945984}
2021-10-12 09:41:25,037 multi task weight : 1.0
2021-10-12 09:41:44,092 {'epoch': 34, 'lr': 0.0013030245831162203, 'train_loss': 0.008806239389441044, 'mae': 0.25458656814037506, 'elapsed_time': 19.339139699935913}
2021-10-12 09:41:44,399 multi task weight : 1.0
2021-10-12 09:42:03,620 {'epoch': 35, 'lr': 0.001168112146527403, 'train_loss': 0.008753350667403658, 'mae': 0.24983857442882512, 'elapsed_time': 19.485549449920654}
2021-10-12 09:42:03,992 multi task weight : 1.0
2021-10-12 09:42:22,951 {'epoch': 36, 'lr': 0.00103847579553028, 'train_loss': 0.008698723757006302, 'mae': 0.25208266401462487, 'elapsed_time': 19.288121700286865}
2021-10-12 09:42:23,226 multi task weight : 1.0
2021-10-12 09:42:42,300 {'epoch': 37, 'lr': 0.0009146271455770192, 'train_loss': 0.00863684503900997, 'mae': 0.2454170193880099, 'elapsed_time': 19.3488347530365}
2021-10-12 09:42:42,628 multi task weight : 1.0
2021-10-12 09:43:01,794 {'epoch': 38, 'lr': 0.0007970549707079218, 'train_loss': 0.008593615907324, 'mae': 0.24148254578348058, 'elapsed_time': 19.447349309921265}
2021-10-12 09:43:02,127 multi task weight : 1.0
2021-10-12 09:43:21,529 {'epoch': 39, 'lr': 0.0006862232745835789, 'train_loss': 0.008535179387188022, 'mae': 0.2410844586348943, 'elapsed_time': 19.690616369247437}
2021-10-12 09:43:21,840 multi task weight : 1.0
2021-10-12 09:43:41,407 {'epoch': 40, 'lr': 0.0005825694592744062, 'train_loss': 0.008489441350250548, 'mae': 0.24017489541726975, 'elapsed_time': 19.835121154785156}
2021-10-12 09:43:41,722 multi task weight : 1.0
2021-10-12 09:44:00,988 {'epoch': 41, 'lr': 0.00048650259903450645, 'train_loss': 0.008444757561086423, 'mae': 0.23702645137840372, 'elapsed_time': 19.536035299301147}
2021-10-12 09:44:01,302 multi task weight : 1.0
2021-10-12 09:44:20,539 {'epoch': 42, 'lr': 0.000398401825872473, 'train_loss': 0.008408553763048944, 'mae': 0.2339814511041746, 'elapsed_time': 19.506861925125122}
2021-10-12 09:44:20,880 multi task weight : 1.0
2021-10-12 09:44:40,106 {'epoch': 43, 'lr': 0.0003186148332905604, 'train_loss': 0.008373440315266805, 'mae': 0.2323711679683554, 'elapsed_time': 19.522780418395996}
2021-10-12 09:44:40,419 multi task weight : 1.0
2021-10-12 09:44:59,546 {'epoch': 44, 'lr': 0.0002474565040972818, 'train_loss': 0.008341394156474322, 'mae': 0.23168427150340143, 'elapsed_time': 19.39447855949402}
2021-10-12 09:44:59,872 multi task weight : 1.0
2021-10-12 09:45:19,075 {'epoch': 45, 'lr': 0.0001852076677088129, 'train_loss': 0.008316630796536141, 'mae': 0.23181809292888958, 'elapsed_time': 19.485527276992798}
2021-10-12 09:45:19,331 multi task weight : 1.0
2021-10-12 09:45:38,717 {'epoch': 46, 'lr': 0.00013211399184359196, 'train_loss': 0.008294656084735636, 'mae': 0.22948821954326104, 'elapsed_time': 19.64137578010559}
2021-10-12 09:45:39,072 multi task weight : 1.0
2021-10-12 09:45:58,543 {'epoch': 47, 'lr': 8.838501298406574e-05, 'train_loss': 0.008276937357869031, 'mae': 0.22890353033929006, 'elapsed_time': 19.78473734855652}
2021-10-12 09:45:58,858 multi task weight : 1.0
2021-10-12 09:46:18,137 {'epoch': 48, 'lr': 5.4193309431921635e-05, 'train_loss': 0.008262575419238263, 'mae': 0.22877170445924158, 'elapsed_time': 19.550620555877686}
2021-10-12 09:46:18,497 multi task weight : 1.0
2021-10-12 09:46:37,965 {'epoch': 49, 'lr': 2.9673820220377978e-05, 'train_loss': 0.00825398160259482, 'mae': 0.22853598392246538, 'elapsed_time': 19.784785985946655}
2021-10-12 09:46:38,283 multi task weight : 1.0
2021-10-12 09:46:57,851 {'epoch': 50, 'lr': 1.4923312571462463e-05, 'train_loss': 0.00824747776811371, 'mae': 0.22832558917665033, 'elapsed_time': 19.841757774353027}
2021-10-12 09:47:28,187 Total CV: 0.22832558917665033
2021-10-12 10:10:28,212 Fold 0
2021-10-12 10:10:31,746 train run device : cuda:0
2021-10-12 10:10:54,207 multi task weight : 0.7
2021-10-12 10:11:13,098 {'epoch': 1, 'lr': 0.005, 'train_loss': 0.012970720872411355, 'mae': 1.5220732423546446, 'elapsed_time': 19.184332847595215}
2021-10-12 10:11:13,406 multi task weight : 0.7006666666666667
2021-10-12 10:11:32,116 {'epoch': 2, 'lr': 0.004995076687428538, 'train_loss': 0.010322597664345803, 'mae': 1.0896505713323394, 'elapsed_time': 18.976940631866455}
2021-10-12 10:11:32,450 multi task weight : 0.7013333333333333
2021-10-12 10:11:51,446 {'epoch': 3, 'lr': 0.004980326179779623, 'train_loss': 0.009735239191984324, 'mae': 0.9862252003042864, 'elapsed_time': 19.284438371658325}
2021-10-12 10:11:51,760 multi task weight : 0.702
2021-10-12 10:12:10,967 {'epoch': 4, 'lr': 0.0049558066905680785, 'train_loss': 0.009400305912303482, 'mae': 0.9624844258883143, 'elapsed_time': 19.475353479385376}
2021-10-12 10:12:11,305 multi task weight : 0.7026666666666667
2021-10-12 10:12:30,244 {'epoch': 5, 'lr': 0.004921614987015935, 'train_loss': 0.009007304788346793, 'mae': 0.8869389235368279, 'elapsed_time': 19.23252248764038}
2021-10-12 10:12:30,615 multi task weight : 0.7033333333333333
2021-10-12 10:12:49,294 {'epoch': 6, 'lr': 0.004877886008156408, 'train_loss': 0.008712034378721669, 'mae': 0.6527274897300089, 'elapsed_time': 19.000149488449097}
2021-10-12 10:12:49,608 multi task weight : 0.704
2021-10-12 10:13:08,346 {'epoch': 7, 'lr': 0.004824792332291187, 'train_loss': 0.00851343070694435, 'mae': 0.6050685935696224, 'elapsed_time': 19.007835626602173}
2021-10-12 10:13:08,657 multi task weight : 0.7046666666666667
2021-10-12 10:13:27,191 {'epoch': 8, 'lr': 0.004762543495902719, 'train_loss': 0.008307544315311591, 'mae': 0.5500152724701586, 'elapsed_time': 18.798600673675537}
2021-10-12 10:13:27,495 multi task weight : 0.7053333333333334
2021-10-12 10:13:46,268 {'epoch': 9, 'lr': 0.00469138516670944, 'train_loss': 0.008192681768542492, 'mae': 0.5316273879409872, 'elapsed_time': 19.03375005722046}
2021-10-12 10:13:46,555 multi task weight : 0.706
2021-10-12 10:14:05,551 {'epoch': 10, 'lr': 0.004611598174127528, 'train_loss': 0.008083773190569136, 'mae': 0.5126033892484188, 'elapsed_time': 19.239187479019165}
2021-10-12 10:14:05,881 multi task weight : 0.7066666666666667
2021-10-12 10:14:24,929 {'epoch': 11, 'lr': 0.004523497400965494, 'train_loss': 0.007981068294833558, 'mae': 0.4608620795302895, 'elapsed_time': 19.33376932144165}
2021-10-12 10:14:25,240 multi task weight : 0.7073333333333334
2021-10-12 10:14:44,220 {'epoch': 12, 'lr': 0.004427430540725594, 'train_loss': 0.007840115521189548, 'mae': 0.473125137391176, 'elapsed_time': 19.246387004852295}
2021-10-12 10:14:44,499 multi task weight : 0.708
2021-10-12 10:15:03,356 {'epoch': 13, 'lr': 0.004323776725416422, 'train_loss': 0.007803962428574534, 'mae': 0.4478989344478298, 'elapsed_time': 19.134841203689575}
2021-10-12 10:15:03,673 multi task weight : 0.7086666666666667
2021-10-12 10:15:22,626 {'epoch': 14, 'lr': 0.004212945029292078, 'train_loss': 0.0077191481118647765, 'mae': 0.4077218127409479, 'elapsed_time': 19.225109100341797}
2021-10-12 10:15:22,991 multi task weight : 0.7093333333333334
2021-10-12 10:15:41,568 {'epoch': 15, 'lr': 0.004095372854422981, 'train_loss': 0.00777866346422136, 'mae': 0.40687041813174374, 'elapsed_time': 18.89512872695923}
2021-10-12 10:15:41,871 multi task weight : 0.71
2021-10-12 10:16:00,656 {'epoch': 16, 'lr': 0.003971524204469721, 'train_loss': 0.007624497150569029, 'mae': 0.37770775701069254, 'elapsed_time': 19.043689489364624}
2021-10-12 10:16:00,966 multi task weight : 0.7106666666666667
2021-10-12 10:16:19,623 {'epoch': 17, 'lr': 0.003841887853472597, 'train_loss': 0.007530140165780221, 'mae': 0.38701447850462795, 'elapsed_time': 18.92193579673767}
2021-10-12 10:16:19,902 multi task weight : 0.7113333333333334
2021-10-12 10:16:38,608 {'epoch': 18, 'lr': 0.00370697541688378, 'train_loss': 0.007511362374184383, 'mae': 0.3730888304993286, 'elapsed_time': 18.98442029953003}
2021-10-12 10:16:38,920 multi task weight : 0.712
2021-10-12 10:16:57,683 {'epoch': 19, 'lr': 0.003567319332454857, 'train_loss': 0.007427387793700849, 'mae': 0.3662976555653046, 'elapsed_time': 19.028361797332764}
2021-10-12 10:16:58,002 multi task weight : 0.7126666666666667
2021-10-12 10:17:16,792 {'epoch': 20, 'lr': 0.0034234707589482724, 'train_loss': 0.007366909429361837, 'mae': 0.35165547490546106, 'elapsed_time': 19.064669132232666}
2021-10-12 10:17:17,121 multi task weight : 0.7133333333333334
2021-10-12 10:17:35,828 {'epoch': 21, 'lr': 0.0032759974009654944, 'train_loss': 0.0073240523033382245, 'mae': 0.3479714601866493, 'elapsed_time': 18.99061155319214}
2021-10-12 10:17:36,140 multi task weight : 0.714
2021-10-12 10:17:54,869 {'epoch': 22, 'lr': 0.003125481268476313, 'train_loss': 0.007281141460060363, 'mae': 0.330465365317734, 'elapsed_time': 18.99536895751953}
2021-10-12 10:17:55,183 multi task weight : 0.7146666666666666
2021-10-12 10:18:13,947 {'epoch': 23, 'lr': 0.002972516379891384, 'train_loss': 0.007237381766062054, 'mae': 0.33416949787946276, 'elapsed_time': 19.033831119537354}
2021-10-12 10:18:14,202 multi task weight : 0.7153333333333333
2021-10-12 10:18:33,090 {'epoch': 24, 'lr': 0.0028177064177429406, 'train_loss': 0.007206261432510563, 'mae': 0.3209391717231801, 'elapsed_time': 19.142816305160522}
2021-10-12 10:18:33,425 multi task weight : 0.716
2021-10-12 10:18:52,565 {'epoch': 25, 'lr': 0.002661662346225638, 'train_loss': 0.0071411400579158004, 'mae': 0.3317305026194135, 'elapsed_time': 19.431293964385986}
2021-10-12 10:18:52,853 multi task weight : 0.7166666666666666
2021-10-12 10:19:11,960 {'epoch': 26, 'lr': 0.0025050000000000007, 'train_loss': 0.007081652264313796, 'mae': 0.3107121245411041, 'elapsed_time': 19.39463710784912}
2021-10-12 10:19:12,276 multi task weight : 0.7173333333333333
2021-10-12 10:19:31,315 {'epoch': 27, 'lr': 0.002348337653774364, 'train_loss': 0.0070645755849349096, 'mae': 0.30341312565842105, 'elapsed_time': 19.309542655944824}
2021-10-12 10:19:31,626 multi task weight : 0.718
2021-10-12 10:19:50,426 {'epoch': 28, 'lr': 0.0021922935822570617, 'train_loss': 0.007004766892012261, 'mae': 0.2955173312232338, 'elapsed_time': 19.06843590736389}
2021-10-12 10:19:50,772 multi task weight : 0.7186666666666666
2021-10-12 10:20:09,714 {'epoch': 29, 'lr': 0.0020374836201086178, 'train_loss': 0.006949889401160304, 'mae': 0.29276727855564966, 'elapsed_time': 19.241698026657104}
2021-10-12 10:20:10,040 multi task weight : 0.7193333333333333
2021-10-12 10:20:29,058 {'epoch': 30, 'lr': 0.001884518731523688, 'train_loss': 0.006914431640768462, 'mae': 0.2886059935181287, 'elapsed_time': 19.298682689666748}
2021-10-12 10:20:29,426 multi task weight : 0.72
2021-10-12 10:20:48,297 {'epoch': 31, 'lr': 0.0017340025990345077, 'train_loss': 0.006883090513284985, 'mae': 0.27442005160488986, 'elapsed_time': 19.19501256942749}
2021-10-12 10:20:48,594 multi task weight : 0.7206666666666667
2021-10-12 10:21:07,739 {'epoch': 32, 'lr': 0.0015865292410517297, 'train_loss': 0.0068627411221889095, 'mae': 0.29915146976189233, 'elapsed_time': 19.399186611175537}
2021-10-12 10:21:08,007 multi task weight : 0.7213333333333333
2021-10-12 10:21:26,854 {'epoch': 33, 'lr': 0.0014426806675451442, 'train_loss': 0.006810216355829384, 'mae': 0.26648573429549305, 'elapsed_time': 19.114198207855225}
2021-10-12 10:21:27,167 multi task weight : 0.722
2021-10-12 10:21:46,010 {'epoch': 34, 'lr': 0.0013030245831162203, 'train_loss': 0.006776997644511021, 'mae': 0.26571627975299145, 'elapsed_time': 19.113422870635986}
2021-10-12 10:21:46,332 multi task weight : 0.7226666666666667
2021-10-12 10:22:05,014 {'epoch': 35, 'lr': 0.001168112146527403, 'train_loss': 0.006728841090850122, 'mae': 0.2651331093628183, 'elapsed_time': 18.957380533218384}
2021-10-12 10:22:05,411 multi task weight : 0.7233333333333333
2021-10-12 10:22:24,113 {'epoch': 36, 'lr': 0.00103847579553028, 'train_loss': 0.006683641125067249, 'mae': 0.2594121822136665, 'elapsed_time': 19.05403709411621}
2021-10-12 10:22:24,423 multi task weight : 0.724
2021-10-12 10:22:43,300 {'epoch': 37, 'lr': 0.0009146271455770192, 'train_loss': 0.006649162061882778, 'mae': 0.2592978515557264, 'elapsed_time': 19.14169931411743}
2021-10-12 10:22:43,615 multi task weight : 0.7246666666666667
2021-10-12 10:23:02,346 {'epoch': 38, 'lr': 0.0007970549707079218, 'train_loss': 0.006614915689859586, 'mae': 0.2535689499310653, 'elapsed_time': 19.003262042999268}
2021-10-12 10:23:02,662 multi task weight : 0.7253333333333333
2021-10-12 10:23:21,656 {'epoch': 39, 'lr': 0.0006862232745835789, 'train_loss': 0.006588390159480535, 'mae': 0.2490757105280012, 'elapsed_time': 19.26591181755066}
2021-10-12 10:23:21,968 multi task weight : 0.726
2021-10-12 10:23:40,652 {'epoch': 40, 'lr': 0.0005825694592744062, 'train_loss': 0.006560075107278059, 'mae': 0.2489085995102516, 'elapsed_time': 18.950443029403687}
2021-10-12 10:23:40,966 multi task weight : 0.7266666666666667
2021-10-12 10:23:59,762 {'epoch': 41, 'lr': 0.00048650259903450645, 'train_loss': 0.006529912721881651, 'mae': 0.24385814045098803, 'elapsed_time': 19.06469464302063}
2021-10-12 10:24:00,097 multi task weight : 0.7273333333333333
2021-10-12 10:24:18,699 {'epoch': 42, 'lr': 0.000398401825872473, 'train_loss': 0.006508506294352239, 'mae': 0.24393073127988044, 'elapsed_time': 18.892523765563965}
2021-10-12 10:24:18,988 multi task weight : 0.728
2021-10-12 10:24:37,661 {'epoch': 43, 'lr': 0.0003186148332905604, 'train_loss': 0.006489912181045931, 'mae': 0.23980550303785492, 'elapsed_time': 18.96098279953003}
2021-10-12 10:24:37,978 multi task weight : 0.7286666666666667
2021-10-12 10:24:56,642 {'epoch': 44, 'lr': 0.0002474565040972818, 'train_loss': 0.006470115090775284, 'mae': 0.23920116981241707, 'elapsed_time': 18.939722776412964}
2021-10-12 10:24:56,966 multi task weight : 0.7293333333333333
2021-10-12 10:25:15,703 {'epoch': 45, 'lr': 0.0001852076677088129, 'train_loss': 0.006456584271569375, 'mae': 0.23780972492227, 'elapsed_time': 19.01494336128235}
2021-10-12 10:25:16,026 multi task weight : 0.73
2021-10-12 10:25:34,826 {'epoch': 46, 'lr': 0.00013211399184359196, 'train_loss': 0.0064449231639613054, 'mae': 0.2366277542495609, 'elapsed_time': 19.079071044921875}
2021-10-12 10:25:35,146 multi task weight : 0.7306666666666667
2021-10-12 10:25:53,827 {'epoch': 47, 'lr': 8.838501298406574e-05, 'train_loss': 0.006437280841265553, 'mae': 0.23650575465579993, 'elapsed_time': 18.954116582870483}
2021-10-12 10:25:54,155 multi task weight : 0.7313333333333333
2021-10-12 10:26:12,749 {'epoch': 48, 'lr': 5.4193309431921635e-05, 'train_loss': 0.006431614935911594, 'mae': 0.2354157076479794, 'elapsed_time': 18.878368854522705}
2021-10-12 10:26:13,089 multi task weight : 0.732
2021-10-12 10:26:31,810 {'epoch': 49, 'lr': 2.9673820220377978e-05, 'train_loss': 0.006429474390524756, 'mae': 0.23523354568749968, 'elapsed_time': 19.01547646522522}
2021-10-12 10:26:32,139 multi task weight : 0.7326666666666667
2021-10-12 10:26:50,958 {'epoch': 50, 'lr': 1.4923312571462463e-05, 'train_loss': 0.0064297543881822695, 'mae': 0.23502990170813243, 'elapsed_time': 19.103630542755127}
2021-10-12 10:27:21,004 Total CV: 0.23502990170813243
2021-10-12 11:16:30,761 Fold 0
2021-10-12 11:16:34,417 train run device : cuda:0
2021-10-12 11:16:57,234 multi task weight : 1.0
2021-10-12 11:17:12,604 {'epoch': 1, 'lr': 0.005, 'train_loss': 0.008660209210524107, 'mae': 1.8276236135022164, 'elapsed_time': 15.794275760650635}
2021-10-12 11:17:13,030 multi task weight : 1.0
2021-10-12 11:17:28,267 {'epoch': 2, 'lr': 0.004995076687428538, 'train_loss': 0.007194533894755652, 'mae': 1.7422894829480986, 'elapsed_time': 15.620384693145752}
2021-10-12 11:17:28,628 multi task weight : 1.0
2021-10-12 11:17:43,783 {'epoch': 3, 'lr': 0.004980326179779623, 'train_loss': 0.006786993132117886, 'mae': 1.247121493110151, 'elapsed_time': 15.472877979278564}
2021-10-12 11:17:44,206 multi task weight : 1.0
2021-10-12 11:17:59,402 {'epoch': 4, 'lr': 0.0049558066905680785, 'train_loss': 0.006510516276337438, 'mae': 1.0372700965591353, 'elapsed_time': 15.572942018508911}
2021-10-12 11:17:59,799 multi task weight : 1.0
2021-10-12 11:18:15,101 {'epoch': 5, 'lr': 0.004921614987015935, 'train_loss': 0.006277639305773281, 'mae': 0.8938442659323588, 'elapsed_time': 15.654685974121094}
2021-10-12 11:18:15,465 multi task weight : 1.0
2021-10-12 11:18:30,682 {'epoch': 6, 'lr': 0.004877886008156408, 'train_loss': 0.006057531459194055, 'mae': 0.7160317390278088, 'elapsed_time': 15.536770105361938}
2021-10-12 11:18:31,055 multi task weight : 1.0
2021-10-12 11:18:46,250 {'epoch': 7, 'lr': 0.004824792332291187, 'train_loss': 0.005849011304601286, 'mae': 0.6423857820435349, 'elapsed_time': 15.523273468017578}
2021-10-12 11:18:46,620 multi task weight : 1.0
2021-10-12 11:19:01,894 {'epoch': 8, 'lr': 0.004762543495902719, 'train_loss': 0.006011537916222655, 'mae': 0.6989650103559679, 'elapsed_time': 15.600001811981201}
2021-10-12 11:19:02,271 multi task weight : 1.0
2021-10-12 11:19:17,491 {'epoch': 9, 'lr': 0.00469138516670944, 'train_loss': 0.005769896929907119, 'mae': 0.6103487902386701, 'elapsed_time': 15.596973419189453}
2021-10-12 11:19:17,967 multi task weight : 1.0
2021-10-12 11:19:33,370 {'epoch': 10, 'lr': 0.004611598174127528, 'train_loss': 0.005649034711523037, 'mae': 0.5821541644236495, 'elapsed_time': 15.834839105606079}
2021-10-12 11:19:33,786 multi task weight : 1.0
2021-10-12 11:19:48,992 {'epoch': 11, 'lr': 0.004523497400965494, 'train_loss': 0.005524585751052563, 'mae': 0.48380965352428756, 'elapsed_time': 15.575892210006714}
2021-10-12 11:19:49,396 multi task weight : 1.0
2021-10-12 11:20:04,508 {'epoch': 12, 'lr': 0.004427430540725594, 'train_loss': 0.005395650105258343, 'mae': 0.49692455429366267, 'elapsed_time': 15.471521377563477}
2021-10-12 11:20:04,860 multi task weight : 1.0
2021-10-12 11:20:20,069 {'epoch': 13, 'lr': 0.004323776725416422, 'train_loss': 0.005342345545037524, 'mae': 0.4400900006414901, 'elapsed_time': 15.560898780822754}
2021-10-12 11:20:20,452 multi task weight : 1.0
2021-10-12 11:20:35,733 {'epoch': 14, 'lr': 0.004212945029292078, 'train_loss': 0.005233394376800264, 'mae': 0.44946455361593546, 'elapsed_time': 15.62098503112793}
2021-10-12 11:20:36,081 multi task weight : 1.0
2021-10-12 11:20:51,285 {'epoch': 15, 'lr': 0.004095372854422981, 'train_loss': 0.005222930017095911, 'mae': 0.4300319188917539, 'elapsed_time': 15.551051378250122}
2021-10-12 11:20:51,653 multi task weight : 1.0
2021-10-12 11:21:06,780 {'epoch': 16, 'lr': 0.003971524204469721, 'train_loss': 0.005146278080519972, 'mae': 0.37483892398340113, 'elapsed_time': 15.450048446655273}
2021-10-12 11:21:07,167 multi task weight : 1.0
2021-10-12 11:21:22,304 {'epoch': 17, 'lr': 0.003841887853472597, 'train_loss': 0.005082146014655324, 'mae': 0.4122018649305163, 'elapsed_time': 15.479604959487915}
2021-10-12 11:21:22,641 multi task weight : 1.0
2021-10-12 11:21:37,827 {'epoch': 18, 'lr': 0.00370697541688378, 'train_loss': 0.005055516223547236, 'mae': 0.3580030050755256, 'elapsed_time': 15.52237606048584}
2021-10-12 11:21:38,196 multi task weight : 1.0
2021-10-12 11:21:53,415 {'epoch': 19, 'lr': 0.003567319332454857, 'train_loss': 0.004995353597927915, 'mae': 0.35614703227549926, 'elapsed_time': 15.544431447982788}
2021-10-12 11:21:53,802 multi task weight : 1.0
2021-10-12 11:22:09,000 {'epoch': 20, 'lr': 0.0034234707589482724, 'train_loss': 0.004953356769560504, 'mae': 0.3521609905962065, 'elapsed_time': 15.54017686843872}
2021-10-12 11:22:09,386 multi task weight : 1.0
2021-10-12 11:22:24,495 {'epoch': 21, 'lr': 0.0032759974009654944, 'train_loss': 0.004915089390781876, 'mae': 0.343755834873998, 'elapsed_time': 15.452262163162231}
2021-10-12 11:22:24,878 multi task weight : 1.0
2021-10-12 11:22:40,038 {'epoch': 22, 'lr': 0.003125481268476313, 'train_loss': 0.004873830644874244, 'mae': 0.32795272685627114, 'elapsed_time': 15.499323844909668}
2021-10-12 11:22:40,442 multi task weight : 1.0
2021-10-12 11:22:55,576 {'epoch': 23, 'lr': 0.002972516379891384, 'train_loss': 0.004834967026100639, 'mae': 0.3195273306164275, 'elapsed_time': 15.492838621139526}
2021-10-12 11:22:55,949 multi task weight : 1.0
2021-10-12 11:23:11,083 {'epoch': 24, 'lr': 0.0028177064177429406, 'train_loss': 0.004791387933386012, 'mae': 0.3074686975627, 'elapsed_time': 15.458285093307495}
2021-10-12 11:23:11,445 multi task weight : 1.0
2021-10-12 11:23:26,532 {'epoch': 25, 'lr': 0.002661662346225638, 'train_loss': 0.00474865653800838, 'mae': 0.3132295166955301, 'elapsed_time': 15.407426595687866}
2021-10-12 11:23:26,875 multi task weight : 1.0
2021-10-12 11:23:42,040 {'epoch': 26, 'lr': 0.0025050000000000007, 'train_loss': 0.004746037026443886, 'mae': 0.31078132160221233, 'elapsed_time': 15.508336305618286}
2021-10-12 11:23:42,388 multi task weight : 1.0
2021-10-12 11:23:57,568 {'epoch': 27, 'lr': 0.002348337653774364, 'train_loss': 0.004715923515671211, 'mae': 0.2972164642825337, 'elapsed_time': 15.527338981628418}
2021-10-12 11:23:58,035 multi task weight : 1.0
2021-10-12 11:24:13,215 {'epoch': 28, 'lr': 0.0021922935822570617, 'train_loss': 0.004672163566901559, 'mae': 0.2852035666586317, 'elapsed_time': 15.602765560150146}
2021-10-12 11:24:13,584 multi task weight : 1.0
2021-10-12 11:24:28,764 {'epoch': 29, 'lr': 0.0020374836201086178, 'train_loss': 0.004646338738693631, 'mae': 0.29010332123716814, 'elapsed_time': 15.505825519561768}
2021-10-12 11:24:29,095 multi task weight : 1.0
2021-10-12 11:24:44,244 {'epoch': 30, 'lr': 0.001884518731523688, 'train_loss': 0.004601116528804923, 'mae': 0.27802935410898655, 'elapsed_time': 15.479599714279175}
2021-10-12 11:24:44,642 multi task weight : 1.0
2021-10-12 11:24:59,771 {'epoch': 31, 'lr': 0.0017340025990345077, 'train_loss': 0.0045782021728867014, 'mae': 0.28052296567928564, 'elapsed_time': 15.47965145111084}
2021-10-12 11:25:00,138 multi task weight : 1.0
2021-10-12 11:25:15,182 {'epoch': 32, 'lr': 0.0015865292410517297, 'train_loss': 0.00455158334287134, 'mae': 0.2705115285314152, 'elapsed_time': 15.410674095153809}
2021-10-12 11:25:15,558 multi task weight : 1.0
2021-10-12 11:25:30,696 {'epoch': 33, 'lr': 0.0014426806675451442, 'train_loss': 0.0045148340418608955, 'mae': 0.2626144965338358, 'elapsed_time': 15.471242427825928}
2021-10-12 11:25:31,130 multi task weight : 1.0
2021-10-12 11:25:46,247 {'epoch': 34, 'lr': 0.0013030245831162203, 'train_loss': 0.004493244248087474, 'mae': 0.26213830460982046, 'elapsed_time': 15.505968809127808}
2021-10-12 11:25:46,618 multi task weight : 1.0
2021-10-12 11:26:01,781 {'epoch': 35, 'lr': 0.001168112146527403, 'train_loss': 0.004462683177136522, 'mae': 0.2594155577413464, 'elapsed_time': 15.486011028289795}
2021-10-12 11:26:02,197 multi task weight : 1.0
2021-10-12 11:26:17,323 {'epoch': 36, 'lr': 0.00103847579553028, 'train_loss': 0.004438116970719526, 'mae': 0.2520116103967422, 'elapsed_time': 15.495911359786987}
2021-10-12 11:26:17,772 multi task weight : 1.0
2021-10-12 11:26:32,801 {'epoch': 37, 'lr': 0.0009146271455770192, 'train_loss': 0.004412832960851782, 'mae': 0.2514967408716797, 'elapsed_time': 15.432682514190674}
2021-10-12 11:26:33,176 multi task weight : 1.0
2021-10-12 11:26:48,292 {'epoch': 38, 'lr': 0.0007970549707079218, 'train_loss': 0.00439025620263961, 'mae': 0.2509257150980384, 'elapsed_time': 15.44420862197876}
2021-10-12 11:26:48,698 multi task weight : 1.0
2021-10-12 11:27:03,782 {'epoch': 39, 'lr': 0.0006862232745835789, 'train_loss': 0.004365624786608261, 'mae': 0.24797938444057982, 'elapsed_time': 15.447227478027344}
2021-10-12 11:27:04,226 multi task weight : 1.0
2021-10-12 11:27:19,270 {'epoch': 40, 'lr': 0.0005825694592744062, 'train_loss': 0.004346394369031832, 'mae': 0.2449755081332387, 'elapsed_time': 15.444780826568604}
2021-10-12 11:27:19,658 multi task weight : 1.0
2021-10-12 11:27:34,720 {'epoch': 41, 'lr': 0.00048650259903450645, 'train_loss': 0.004325083804651947, 'mae': 0.24158352455091622, 'elapsed_time': 15.407387971878052}
2021-10-12 11:27:35,102 multi task weight : 1.0
2021-10-12 11:27:50,254 {'epoch': 42, 'lr': 0.000398401825872473, 'train_loss': 0.004308764601954567, 'mae': 0.24147564307343364, 'elapsed_time': 15.4875967502594}
2021-10-12 11:27:50,614 multi task weight : 1.0
2021-10-12 11:28:05,785 {'epoch': 43, 'lr': 0.0003186148332905604, 'train_loss': 0.004293003174704065, 'mae': 0.238765491241813, 'elapsed_time': 15.48945665359497}
2021-10-12 11:28:06,159 multi task weight : 1.0
2021-10-12 11:28:21,326 {'epoch': 44, 'lr': 0.0002474565040972818, 'train_loss': 0.004280606230178995, 'mae': 0.23799112018150875, 'elapsed_time': 15.495775699615479}
2021-10-12 11:28:21,706 multi task weight : 1.0
2021-10-12 11:28:36,806 {'epoch': 45, 'lr': 0.0001852076677088129, 'train_loss': 0.004269444397382186, 'mae': 0.23762695462210218, 'elapsed_time': 15.434644222259521}
2021-10-12 11:28:37,206 multi task weight : 1.0
2021-10-12 11:28:52,386 {'epoch': 46, 'lr': 0.00013211399184359196, 'train_loss': 0.004260164163537654, 'mae': 0.23764214827380953, 'elapsed_time': 15.536243200302124}
2021-10-12 11:28:52,745 multi task weight : 1.0
2021-10-12 11:29:07,902 {'epoch': 47, 'lr': 8.838501298406574e-05, 'train_loss': 0.004252000799867948, 'mae': 0.23620297591154626, 'elapsed_time': 15.515371084213257}
2021-10-12 11:29:08,315 multi task weight : 1.0
2021-10-12 11:29:23,446 {'epoch': 48, 'lr': 5.4193309431921635e-05, 'train_loss': 0.00424645882003587, 'mae': 0.2355923476806306, 'elapsed_time': 15.497223377227783}
2021-10-12 11:29:23,838 multi task weight : 1.0
2021-10-12 11:29:39,021 {'epoch': 49, 'lr': 2.9673820220377978e-05, 'train_loss': 0.004242495284955813, 'mae': 0.2353748908627653, 'elapsed_time': 15.531899690628052}
2021-10-12 11:29:39,415 multi task weight : 1.0
2021-10-12 11:29:54,577 {'epoch': 50, 'lr': 1.4923312571462463e-05, 'train_loss': 0.004239686345959279, 'mae': 0.2351127765770534, 'elapsed_time': 15.512611389160156}
2021-10-12 11:30:26,039 Total CV: 0.2351127765770534
2021-10-12 11:56:18,482 Fold 0
2021-10-12 11:56:22,058 train run device : cuda:0
2021-10-12 11:56:44,557 multi task weight : 1.0
2021-10-12 11:57:12,527 {'epoch': 1, 'lr': 0.005, 'train_loss': 0.030878002111132844, 'mae': 1.4552284503198252, 'elapsed_time': 28.21510910987854}
2021-10-12 11:57:12,777 multi task weight : 1.0
2021-10-12 11:57:40,673 {'epoch': 2, 'lr': 0.004995076687428538, 'train_loss': 0.026595486561299318, 'mae': 1.0610871928949155, 'elapsed_time': 28.106289625167847}
2021-10-12 11:57:40,976 multi task weight : 1.0
2021-10-12 11:58:08,488 {'epoch': 3, 'lr': 0.004980326179779623, 'train_loss': 0.025315773498940895, 'mae': 0.9754065904505336, 'elapsed_time': 27.770681619644165}
2021-10-12 11:58:08,780 multi task weight : 1.0
2021-10-12 11:58:36,311 {'epoch': 4, 'lr': 0.0049558066905680785, 'train_loss': 0.024281615757484006, 'mae': 0.7888294809612992, 'elapsed_time': 27.779558658599854}
2021-10-12 11:58:36,615 multi task weight : 1.0
2021-10-12 11:59:04,194 {'epoch': 5, 'lr': 0.004921614987015935, 'train_loss': 0.023529882202723548, 'mae': 0.7667422061386695, 'elapsed_time': 27.83781361579895}
2021-10-12 11:59:04,489 multi task weight : 1.0
2021-10-12 11:59:32,097 {'epoch': 6, 'lr': 0.004877886008156408, 'train_loss': 0.022872293121851066, 'mae': 0.6003539167568445, 'elapsed_time': 27.85735058784485}
2021-10-12 11:59:32,375 multi task weight : 1.0
2021-10-12 12:00:00,454 {'epoch': 7, 'lr': 0.004824792332291187, 'train_loss': 0.022804892398886053, 'mae': 0.603022468346643, 'elapsed_time': 28.313000440597534}
2021-10-12 12:00:00,675 multi task weight : 1.0
2021-10-12 12:00:28,137 {'epoch': 8, 'lr': 0.004762543495902719, 'train_loss': 0.022140276396487864, 'mae': 0.509589529250109, 'elapsed_time': 27.682329893112183}
2021-10-12 12:00:28,398 multi task weight : 1.0
2021-10-12 12:00:56,191 {'epoch': 9, 'lr': 0.00469138516670944, 'train_loss': 0.021661089037806093, 'mae': 0.4791377912899313, 'elapsed_time': 28.009896278381348}
2021-10-12 12:00:56,454 multi task weight : 1.0
2021-10-12 12:01:24,198 {'epoch': 10, 'lr': 0.004611598174127528, 'train_loss': 0.02134508985885332, 'mae': 0.47115465016355024, 'elapsed_time': 27.96214985847473}
2021-10-12 12:01:24,483 multi task weight : 1.0
2021-10-12 12:01:52,427 {'epoch': 11, 'lr': 0.004523497400965494, 'train_loss': 0.021100680238762937, 'mae': 0.4362918015641469, 'elapsed_time': 28.183319568634033}
2021-10-12 12:01:52,692 multi task weight : 1.0
2021-10-12 12:02:20,305 {'epoch': 12, 'lr': 0.004427430540725594, 'train_loss': 0.02085729392653984, 'mae': 0.42668673041350924, 'elapsed_time': 27.83194375038147}
2021-10-12 12:02:20,561 multi task weight : 1.0
2021-10-12 12:02:48,233 {'epoch': 13, 'lr': 0.004323776725416422, 'train_loss': 0.02066027321034982, 'mae': 0.41074856028297363, 'elapsed_time': 27.883530616760254}
2021-10-12 12:02:48,516 multi task weight : 1.0
2021-10-12 12:03:16,629 {'epoch': 14, 'lr': 0.004212945029292078, 'train_loss': 0.020434490547344492, 'mae': 0.40863674921540477, 'elapsed_time': 28.350269556045532}
2021-10-12 12:03:16,890 multi task weight : 1.0
2021-10-12 12:03:44,386 {'epoch': 15, 'lr': 0.004095372854422981, 'train_loss': 0.020233893588017436, 'mae': 0.37886946620101475, 'elapsed_time': 27.712317943572998}
2021-10-12 12:03:44,638 multi task weight : 1.0
2021-10-12 12:04:12,663 {'epoch': 16, 'lr': 0.003971524204469721, 'train_loss': 0.02016934914806965, 'mae': 0.358662589273079, 'elapsed_time': 28.23255491256714}
2021-10-12 12:04:12,916 multi task weight : 1.0
2021-10-12 12:04:40,212 {'epoch': 17, 'lr': 0.003841887853472597, 'train_loss': 0.019920642368836148, 'mae': 0.35445234706018064, 'elapsed_time': 27.50434899330139}
2021-10-12 12:04:40,482 multi task weight : 1.0
2021-10-12 12:05:08,843 {'epoch': 18, 'lr': 0.00370697541688378, 'train_loss': 0.019773846540804964, 'mae': 0.36393986126199357, 'elapsed_time': 28.584786891937256}
2021-10-12 12:05:09,059 multi task weight : 1.0
2021-10-12 12:05:36,785 {'epoch': 19, 'lr': 0.003567319332454857, 'train_loss': 0.019611405646903692, 'mae': 0.3462334958075624, 'elapsed_time': 27.94157648086548}
2021-10-12 12:05:37,042 multi task weight : 1.0
2021-10-12 12:06:05,283 {'epoch': 20, 'lr': 0.0034234707589482724, 'train_loss': 0.01938820655887849, 'mae': 0.33174493808844907, 'elapsed_time': 28.452581882476807}
2021-10-12 12:06:05,543 multi task weight : 1.0
2021-10-12 12:06:32,916 {'epoch': 21, 'lr': 0.0032759974009654944, 'train_loss': 0.01929893607805706, 'mae': 0.3383373893218889, 'elapsed_time': 27.589669942855835}
2021-10-12 12:06:33,131 multi task weight : 1.0
2021-10-12 12:07:00,951 {'epoch': 22, 'lr': 0.003125481268476313, 'train_loss': 0.019125641545686918, 'mae': 0.3111827950021444, 'elapsed_time': 28.03484344482422}
2021-10-12 12:07:01,211 multi task weight : 1.0
2021-10-12 12:07:28,902 {'epoch': 23, 'lr': 0.002972516379891384, 'train_loss': 0.019082125371619515, 'mae': 0.3404217138484765, 'elapsed_time': 27.90652894973755}
2021-10-12 12:07:29,134 multi task weight : 1.0
2021-10-12 12:07:56,698 {'epoch': 24, 'lr': 0.0028177064177429406, 'train_loss': 0.019091227265522922, 'mae': 0.3074043943074762, 'elapsed_time': 27.795544385910034}
2021-10-12 12:07:56,957 multi task weight : 1.0
2021-10-12 12:08:24,345 {'epoch': 25, 'lr': 0.002661662346225638, 'train_loss': 0.0187121871056503, 'mae': 0.2916933539200145, 'elapsed_time': 27.603404998779297}
2021-10-12 12:08:24,622 multi task weight : 1.0
2021-10-12 12:08:52,311 {'epoch': 26, 'lr': 0.0025050000000000007, 'train_loss': 0.018568367504615355, 'mae': 0.2933363269428437, 'elapsed_time': 27.921228170394897}
2021-10-12 12:08:52,517 multi task weight : 1.0
2021-10-12 12:09:20,217 {'epoch': 27, 'lr': 0.002348337653774364, 'train_loss': 0.01839339956295577, 'mae': 0.2838560217662591, 'elapsed_time': 27.906147956848145}
2021-10-12 12:09:20,488 multi task weight : 1.0
2021-10-12 12:09:48,554 {'epoch': 28, 'lr': 0.0021922935822570617, 'train_loss': 0.018282172006830782, 'mae': 0.27859439736249647, 'elapsed_time': 28.29205060005188}
2021-10-12 12:09:48,817 multi task weight : 1.0
2021-10-12 12:10:16,054 {'epoch': 29, 'lr': 0.0020374836201086178, 'train_loss': 0.01814570841684967, 'mae': 0.2769785991549691, 'elapsed_time': 27.458258390426636}
2021-10-12 12:10:16,317 multi task weight : 1.0
2021-10-12 12:10:43,388 {'epoch': 30, 'lr': 0.001884518731523688, 'train_loss': 0.018017379569248936, 'mae': 0.27355484055905255, 'elapsed_time': 27.290279865264893}
2021-10-12 12:10:43,653 multi task weight : 1.0
2021-10-12 12:11:11,557 {'epoch': 31, 'lr': 0.0017340025990345077, 'train_loss': 0.017849628304392396, 'mae': 0.26296776324667653, 'elapsed_time': 28.12615966796875}
2021-10-12 12:11:11,813 multi task weight : 1.0
2021-10-12 12:11:39,536 {'epoch': 32, 'lr': 0.0015865292410517297, 'train_loss': 0.01771279084042574, 'mae': 0.25753995009651454, 'elapsed_time': 27.93660306930542}
2021-10-12 12:11:39,823 multi task weight : 1.0
2021-10-12 12:12:07,813 {'epoch': 33, 'lr': 0.0014426806675451442, 'train_loss': 0.017576765792902294, 'mae': 0.2533057576091946, 'elapsed_time': 28.231638431549072}
2021-10-12 12:12:08,098 multi task weight : 1.0
2021-10-12 12:12:35,710 {'epoch': 34, 'lr': 0.0013030245831162203, 'train_loss': 0.01744915391926421, 'mae': 0.24952796899155413, 'elapsed_time': 27.850436449050903}
2021-10-12 12:12:35,993 multi task weight : 1.0
2021-10-12 12:13:03,900 {'epoch': 35, 'lr': 0.001168112146527403, 'train_loss': 0.01729583196327179, 'mae': 0.2412842611058002, 'elapsed_time': 28.14748191833496}
2021-10-12 12:13:04,194 multi task weight : 1.0
2021-10-12 12:13:31,983 {'epoch': 36, 'lr': 0.00103847579553028, 'train_loss': 0.017174910013844746, 'mae': 0.2421407451438883, 'elapsed_time': 28.04016876220703}
2021-10-12 12:13:32,205 multi task weight : 1.0
2021-10-12 12:14:00,008 {'epoch': 37, 'lr': 0.0009146271455770192, 'train_loss': 0.017052421548494526, 'mae': 0.23753118927795502, 'elapsed_time': 28.02380609512329}
2021-10-12 12:14:00,275 multi task weight : 1.0
2021-10-12 12:14:28,188 {'epoch': 38, 'lr': 0.0007970549707079218, 'train_loss': 0.016943730902719212, 'mae': 0.23492448132033228, 'elapsed_time': 28.134896993637085}
2021-10-12 12:14:28,442 multi task weight : 1.0
2021-10-12 12:14:56,257 {'epoch': 39, 'lr': 0.0006862232745835789, 'train_loss': 0.01681419681286164, 'mae': 0.233089982577092, 'elapsed_time': 28.025265216827393}
2021-10-12 12:14:56,513 multi task weight : 1.0
2021-10-12 12:15:23,763 {'epoch': 40, 'lr': 0.0005825694592744062, 'train_loss': 0.016713704096710073, 'mae': 0.22863557996747494, 'elapsed_time': 27.46222424507141}
2021-10-12 12:15:24,044 multi task weight : 1.0
2021-10-12 12:15:52,036 {'epoch': 41, 'lr': 0.00048650259903450645, 'train_loss': 0.01661819309647941, 'mae': 0.23024770235677564, 'elapsed_time': 28.22984027862549}
2021-10-12 12:15:52,278 multi task weight : 1.0
2021-10-12 12:16:19,989 {'epoch': 42, 'lr': 0.000398401825872473, 'train_loss': 0.016523377556845083, 'mae': 0.22530928078443546, 'elapsed_time': 27.95208430290222}
2021-10-12 12:16:20,290 multi task weight : 1.0
2021-10-12 12:16:48,046 {'epoch': 43, 'lr': 0.0003186148332905604, 'train_loss': 0.016447071510881206, 'mae': 0.22314837300168075, 'elapsed_time': 28.01031732559204}
2021-10-12 12:16:48,338 multi task weight : 1.0
2021-10-12 12:17:15,538 {'epoch': 44, 'lr': 0.0002474565040972818, 'train_loss': 0.016374142064093912, 'mae': 0.22329554555278297, 'elapsed_time': 27.446701765060425}
2021-10-12 12:17:15,747 multi task weight : 1.0
2021-10-12 12:17:43,414 {'epoch': 45, 'lr': 0.0001852076677088129, 'train_loss': 0.016314396254268997, 'mae': 0.22135132576392025, 'elapsed_time': 27.875766277313232}
2021-10-12 12:17:43,690 multi task weight : 1.0
2021-10-12 12:18:11,202 {'epoch': 46, 'lr': 0.00013211399184359196, 'train_loss': 0.016264748492329385, 'mae': 0.2212722942323114, 'elapsed_time': 27.743565559387207}
2021-10-12 12:18:11,454 multi task weight : 1.0
2021-10-12 12:18:39,738 {'epoch': 47, 'lr': 8.838501298406574e-05, 'train_loss': 0.0162224019478298, 'mae': 0.22035658596512617, 'elapsed_time': 28.491702795028687}
2021-10-12 12:18:40,010 multi task weight : 1.0
2021-10-12 12:19:07,558 {'epoch': 48, 'lr': 5.4193309431921635e-05, 'train_loss': 0.016191922622930933, 'mae': 0.2198846872042589, 'elapsed_time': 27.77564024925232}
2021-10-12 12:19:07,860 multi task weight : 1.0
2021-10-12 12:19:35,655 {'epoch': 49, 'lr': 2.9673820220377978e-05, 'train_loss': 0.016170029710506746, 'mae': 0.21989972523053303, 'elapsed_time': 28.04822039604187}
2021-10-12 12:19:35,879 multi task weight : 1.0
2021-10-12 12:20:03,566 {'epoch': 50, 'lr': 1.4923312571462463e-05, 'train_loss': 0.01615642024397929, 'mae': 0.2194862974387626, 'elapsed_time': 27.910046339035034}
2021-10-12 12:20:37,335 Total CV: 0.2194862974387626
2021-10-12 12:35:31,786 Fold 0
2021-10-12 12:35:35,349 train run device : cuda:0
2021-10-12 12:35:58,252 multi task weight : 1.0
2021-10-12 12:36:23,692 {'epoch': 1, 'lr': 0.005, 'train_loss': 0.030273249672295006, 'mae': 1.3553379613920267, 'elapsed_time': 25.691837310791016}
2021-10-12 12:36:23,937 multi task weight : 1.0
2021-10-12 12:36:49,949 {'epoch': 2, 'lr': 0.004995076687428538, 'train_loss': 0.02663758705987924, 'mae': 1.2081769503450783, 'elapsed_time': 26.23657727241516}
2021-10-12 12:36:50,189 multi task weight : 1.0
2021-10-12 12:37:15,040 {'epoch': 3, 'lr': 0.004980326179779623, 'train_loss': 0.025136827091415487, 'mae': 0.8837612941991371, 'elapsed_time': 25.070293188095093}
2021-10-12 12:37:15,275 multi task weight : 1.0
2021-10-12 12:37:40,925 {'epoch': 4, 'lr': 0.0049558066905680785, 'train_loss': 0.02421225585867981, 'mae': 0.7452065008391083, 'elapsed_time': 25.86464262008667}
2021-10-12 12:37:41,163 multi task weight : 1.0
2021-10-12 12:38:06,301 {'epoch': 5, 'lr': 0.004921614987015935, 'train_loss': 0.023376930976561794, 'mae': 0.6210050693213971, 'elapsed_time': 25.356037378311157}
2021-10-12 12:38:06,540 multi task weight : 1.0
2021-10-12 12:38:32,276 {'epoch': 6, 'lr': 0.004877886008156408, 'train_loss': 0.022843064738078334, 'mae': 0.6394913433734369, 'elapsed_time': 25.9545578956604}
2021-10-12 12:38:32,516 multi task weight : 1.0
2021-10-12 12:38:58,398 {'epoch': 7, 'lr': 0.004824792332291187, 'train_loss': 0.022511506025328233, 'mae': 0.5229852855493443, 'elapsed_time': 26.121182441711426}
2021-10-12 12:38:58,659 multi task weight : 1.0
2021-10-12 12:39:23,720 {'epoch': 8, 'lr': 0.004762543495902719, 'train_loss': 0.02206057740253198, 'mae': 0.5853093559210882, 'elapsed_time': 25.301119089126587}
2021-10-12 12:39:23,942 multi task weight : 1.0
2021-10-12 12:39:49,018 {'epoch': 9, 'lr': 0.00469138516670944, 'train_loss': 0.02196010969742155, 'mae': 0.47226450162959344, 'elapsed_time': 25.297354221343994}
2021-10-12 12:39:49,275 multi task weight : 1.0
2021-10-12 12:40:15,845 {'epoch': 10, 'lr': 0.004611598174127528, 'train_loss': 0.021560291867922916, 'mae': 0.4706477809625431, 'elapsed_time': 26.807114124298096}
2021-10-12 12:40:16,125 multi task weight : 1.0
2021-10-12 12:40:41,348 {'epoch': 11, 'lr': 0.004523497400965494, 'train_loss': 0.021436209268645784, 'mae': 0.4588897879159399, 'elapsed_time': 25.479932069778442}
2021-10-12 12:40:41,598 multi task weight : 1.0
2021-10-12 12:41:07,167 {'epoch': 12, 'lr': 0.004427430540725594, 'train_loss': 0.0212381732511236, 'mae': 0.47004114381757417, 'elapsed_time': 25.799265146255493}
2021-10-12 12:41:07,392 multi task weight : 1.0
2021-10-12 12:41:31,998 {'epoch': 13, 'lr': 0.004323776725416422, 'train_loss': 0.02137118916072302, 'mae': 0.4670522863946438, 'elapsed_time': 24.83048725128174}
2021-10-12 12:41:32,226 multi task weight : 1.0
2021-10-12 12:41:57,915 {'epoch': 14, 'lr': 0.004212945029292078, 'train_loss': 0.02089853037106746, 'mae': 0.3973885651036019, 'elapsed_time': 25.9163658618927}
2021-10-12 12:41:58,175 multi task weight : 1.0
2021-10-12 12:42:24,435 {'epoch': 15, 'lr': 0.004095372854422981, 'train_loss': 0.020718570206637726, 'mae': 0.42632608923429605, 'elapsed_time': 26.49966263771057}
2021-10-12 12:42:24,693 multi task weight : 1.0
2021-10-12 12:42:49,905 {'epoch': 16, 'lr': 0.003971524204469721, 'train_loss': 0.020598011873193416, 'mae': 0.38955753177927355, 'elapsed_time': 25.470226287841797}
2021-10-12 12:42:50,155 multi task weight : 1.0
2021-10-12 12:43:16,010 {'epoch': 17, 'lr': 0.003841887853472597, 'train_loss': 0.020489335198367646, 'mae': 0.404541461370991, 'elapsed_time': 26.08389687538147}
2021-10-12 12:43:16,237 multi task weight : 1.0
2021-10-12 12:43:41,296 {'epoch': 18, 'lr': 0.00370697541688378, 'train_loss': 0.020354851628076643, 'mae': 0.3680641647696268, 'elapsed_time': 25.28561520576477}
2021-10-12 12:43:41,540 multi task weight : 1.0
2021-10-12 12:44:06,331 {'epoch': 19, 'lr': 0.003567319332454857, 'train_loss': 0.02026577877871954, 'mae': 0.3651733952426071, 'elapsed_time': 25.014808893203735}
2021-10-12 12:44:06,604 multi task weight : 1.0
2021-10-12 12:44:31,794 {'epoch': 20, 'lr': 0.0034234707589482724, 'train_loss': 0.0200800009521133, 'mae': 0.3482948095851265, 'elapsed_time': 25.442810535430908}
2021-10-12 12:44:32,080 multi task weight : 1.0
2021-10-12 12:44:57,182 {'epoch': 21, 'lr': 0.0032759974009654944, 'train_loss': 0.02014849403980475, 'mae': 0.3586515404513063, 'elapsed_time': 25.3671817779541}
2021-10-12 12:44:57,430 multi task weight : 1.0
2021-10-12 12:45:22,876 {'epoch': 22, 'lr': 0.003125481268476313, 'train_loss': 0.019868733430240548, 'mae': 0.34371978642665163, 'elapsed_time': 25.6935977935791}
2021-10-12 12:45:23,132 multi task weight : 1.0
2021-10-12 12:45:48,581 {'epoch': 23, 'lr': 0.002972516379891384, 'train_loss': 0.01977216514473012, 'mae': 0.3344741200215459, 'elapsed_time': 25.68372893333435}
2021-10-12 12:45:48,832 multi task weight : 1.0
2021-10-12 12:46:13,195 {'epoch': 24, 'lr': 0.0028177064177429406, 'train_loss': 0.019931292202079273, 'mae': 0.3553436592413101, 'elapsed_time': 24.59345006942749}
2021-10-12 12:46:13,439 multi task weight : 1.0
2021-10-12 12:46:38,374 {'epoch': 25, 'lr': 0.002661662346225638, 'train_loss': 0.01966318315113515, 'mae': 0.3128174816270734, 'elapsed_time': 25.179049253463745}
2021-10-12 12:46:38,609 multi task weight : 1.0
2021-10-12 12:47:03,922 {'epoch': 26, 'lr': 0.0025050000000000007, 'train_loss': 0.019434809277909255, 'mae': 0.31378490527701053, 'elapsed_time': 25.52763867378235}
2021-10-12 12:47:04,164 multi task weight : 1.0
2021-10-12 12:47:29,634 {'epoch': 27, 'lr': 0.002348337653774364, 'train_loss': 0.019376399992632503, 'mae': 0.31876630787230564, 'elapsed_time': 25.711679935455322}
2021-10-12 12:47:29,896 multi task weight : 1.0
2021-10-12 12:47:55,132 {'epoch': 28, 'lr': 0.0021922935822570617, 'train_loss': 0.019224447932284425, 'mae': 0.32510493814034924, 'elapsed_time': 25.497598886489868}
2021-10-12 12:47:55,357 multi task weight : 1.0
2021-10-12 12:48:19,950 {'epoch': 29, 'lr': 0.0020374836201086178, 'train_loss': 0.019097817070520502, 'mae': 0.29419617347895394, 'elapsed_time': 24.81747078895569}
2021-10-12 12:48:20,209 multi task weight : 1.0
2021-10-12 12:48:44,799 {'epoch': 30, 'lr': 0.001884518731523688, 'train_loss': 0.018993967633282136, 'mae': 0.29505126570895635, 'elapsed_time': 24.828285455703735}
2021-10-12 12:48:45,054 multi task weight : 1.0
2021-10-12 12:49:09,615 {'epoch': 31, 'lr': 0.0017340025990345077, 'train_loss': 0.018911131467939293, 'mae': 0.2902092159171569, 'elapsed_time': 24.81490445137024}
2021-10-12 12:49:09,850 multi task weight : 1.0
2021-10-12 12:49:34,184 {'epoch': 32, 'lr': 0.0015865292410517297, 'train_loss': 0.018806056209239367, 'mae': 0.28042429341116715, 'elapsed_time': 24.549679279327393}
2021-10-12 12:49:34,421 multi task weight : 1.0
2021-10-12 12:49:59,501 {'epoch': 33, 'lr': 0.0014426806675451442, 'train_loss': 0.018708993051129514, 'mae': 0.2866518037250858, 'elapsed_time': 25.296273469924927}
2021-10-12 12:49:59,758 multi task weight : 1.0
2021-10-12 12:50:24,703 {'epoch': 34, 'lr': 0.0013030245831162203, 'train_loss': 0.01858738563643772, 'mae': 0.27228233267521174, 'elapsed_time': 25.201452255249023}
2021-10-12 12:50:24,961 multi task weight : 1.0
2021-10-12 12:50:48,876 {'epoch': 35, 'lr': 0.001168112146527403, 'train_loss': 0.018511218314458393, 'mae': 0.27186537625988655, 'elapsed_time': 24.153388023376465}
2021-10-12 12:50:49,114 multi task weight : 1.0
2021-10-12 12:51:14,580 {'epoch': 36, 'lr': 0.00103847579553028, 'train_loss': 0.018402678252372462, 'mae': 0.2645775923218449, 'elapsed_time': 25.682891130447388}
2021-10-12 12:51:14,817 multi task weight : 1.0
2021-10-12 12:51:39,523 {'epoch': 37, 'lr': 0.0009146271455770192, 'train_loss': 0.01832431664602736, 'mae': 0.2673428407064965, 'elapsed_time': 24.922632455825806}
2021-10-12 12:51:39,738 multi task weight : 1.0
2021-10-12 12:52:04,844 {'epoch': 38, 'lr': 0.0007970549707079218, 'train_loss': 0.01824253595689024, 'mae': 0.2571585946013131, 'elapsed_time': 25.320415019989014}
2021-10-12 12:52:05,094 multi task weight : 1.0
2021-10-12 12:52:29,836 {'epoch': 39, 'lr': 0.0006862232745835789, 'train_loss': 0.018153841362005832, 'mae': 0.26343015701178635, 'elapsed_time': 24.97134041786194}
2021-10-12 12:52:30,056 multi task weight : 1.0
2021-10-12 12:52:54,762 {'epoch': 40, 'lr': 0.0005825694592744062, 'train_loss': 0.018070690425679412, 'mae': 0.2554398175446212, 'elapsed_time': 24.9249267578125}
2021-10-12 12:52:54,995 multi task weight : 1.0
2021-10-12 12:53:19,998 {'epoch': 41, 'lr': 0.00048650259903450645, 'train_loss': 0.018013416073668312, 'mae': 0.2577666169848899, 'elapsed_time': 25.216064453125}
2021-10-12 12:53:20,257 multi task weight : 1.0
2021-10-12 12:53:45,066 {'epoch': 42, 'lr': 0.000398401825872473, 'train_loss': 0.017950522461183976, 'mae': 0.2497681466139587, 'elapsed_time': 25.067744255065918}
2021-10-12 12:53:45,313 multi task weight : 1.0
2021-10-12 12:54:09,703 {'epoch': 43, 'lr': 0.0003186148332905604, 'train_loss': 0.01788012015653652, 'mae': 0.24785968363771485, 'elapsed_time': 24.61623477935791}
2021-10-12 12:54:09,955 multi task weight : 1.0
2021-10-12 12:54:35,245 {'epoch': 44, 'lr': 0.0002474565040972818, 'train_loss': 0.017833279251973307, 'mae': 0.24585822521406467, 'elapsed_time': 25.52181625366211}
2021-10-12 12:54:35,482 multi task weight : 1.0
2021-10-12 12:55:00,889 {'epoch': 45, 'lr': 0.0001852076677088129, 'train_loss': 0.017787526706894003, 'mae': 0.24382975422296155, 'elapsed_time': 25.623108863830566}
2021-10-12 12:55:01,122 multi task weight : 1.0
2021-10-12 12:55:25,584 {'epoch': 46, 'lr': 0.00013211399184359196, 'train_loss': 0.017749951318686494, 'mae': 0.24357362734836013, 'elapsed_time': 24.67425036430359}
2021-10-12 12:55:25,876 multi task weight : 1.0
2021-10-12 12:55:50,974 {'epoch': 47, 'lr': 8.838501298406574e-05, 'train_loss': 0.01771999759892109, 'mae': 0.24260190464950548, 'elapsed_time': 25.36900234222412}
2021-10-12 12:55:51,210 multi task weight : 1.0
2021-10-12 12:56:16,384 {'epoch': 48, 'lr': 5.4193309431921635e-05, 'train_loss': 0.017695373644332685, 'mae': 0.2416070051676994, 'elapsed_time': 25.389270305633545}
2021-10-12 12:56:16,648 multi task weight : 1.0
2021-10-12 12:56:41,343 {'epoch': 49, 'lr': 2.9673820220377978e-05, 'train_loss': 0.0176768180706234, 'mae': 0.24161744204582894, 'elapsed_time': 24.93906259536743}
2021-10-12 12:56:41,567 multi task weight : 1.0
2021-10-12 12:57:06,126 {'epoch': 50, 'lr': 1.4923312571462463e-05, 'train_loss': 0.017665998425366786, 'mae': 0.24135087619625725, 'elapsed_time': 24.782742261886597}
2021-10-12 12:57:38,544 Total CV: 0.24135087619625725
