2021-10-09 23:08:08,628 Fold 0
2021-10-09 23:08:12,064 train run device : cuda:0
2021-10-09 23:09:51,266 {'epoch': 1, 'lr': 0.001, 'train_loss': 0.014596665891058956, 'mae': 1.6764667, 'elapsed_time': 77.98063659667969}
2021-10-09 23:11:09,919 {'epoch': 2, 'lr': 0.000999938933078422, 'train_loss': 0.0049900728594474714, 'mae': 1.1729925, 'elapsed_time': 78.21850514411926}
2021-10-09 23:12:28,528 {'epoch': 3, 'lr': 0.000999755747381037, 'train_loss': 0.0043590868962095465, 'mae': 0.9516257, 'elapsed_time': 78.15170121192932}
2021-10-09 23:13:47,297 {'epoch': 4, 'lr': 0.000999450488106175, 'train_loss': 0.003981239360499809, 'mae': 0.9015075, 'elapsed_time': 78.2871584892273}
2021-10-09 23:15:05,966 {'epoch': 5, 'lr': 0.0009990232305719944, 'train_loss': 0.003774425073855756, 'mae': 0.79699206, 'elapsed_time': 78.17438650131226}
2021-10-09 23:16:24,932 {'epoch': 6, 'lr': 0.0009984740801978983, 'train_loss': 0.003438936402518833, 'mae': 0.6770218, 'elapsed_time': 78.47372889518738}
2021-10-09 23:17:43,080 {'epoch': 7, 'lr': 0.0009978031724785245, 'train_loss': 0.0031763625784849317, 'mae': 0.63133323, 'elapsed_time': 77.65957736968994}
2021-10-09 23:19:01,274 {'epoch': 8, 'lr': 0.000997010672950314, 'train_loss': 0.003091484746686507, 'mae': 0.6577487, 'elapsed_time': 77.71836471557617}
2021-10-09 23:20:18,840 {'epoch': 9, 'lr': 0.0009960967771506664, 'train_loss': 0.002961430563841378, 'mae': 0.60251164, 'elapsed_time': 77.56583523750305}
2021-10-09 23:21:37,022 {'epoch': 10, 'lr': 0.0009950617105696957, 'train_loss': 0.002801456582356637, 'mae': 0.5346457, 'elapsed_time': 77.70550036430359}
2021-10-09 23:22:55,250 {'epoch': 11, 'lr': 0.0009939057285945929, 'train_loss': 0.002808227160460432, 'mae': 0.56888837, 'elapsed_time': 77.74736714363098}
2021-10-09 23:24:13,220 {'epoch': 12, 'lr': 0.0009926291164466126, 'train_loss': 0.002823433114587273, 'mae': 0.6451552, 'elapsed_time': 77.96923279762268}
2021-10-09 23:25:30,904 {'epoch': 13, 'lr': 0.0009912321891107005, 'train_loss': 0.00267796377380452, 'mae': 0.49798852, 'elapsed_time': 77.68392491340637}
2021-10-09 23:26:49,337 {'epoch': 14, 'lr': 0.0009897152912577737, 'train_loss': 0.002709463649016488, 'mae': 0.5268452, 'elapsed_time': 77.97481870651245}
2021-10-09 23:28:07,502 {'epoch': 15, 'lr': 0.0009880787971596797, 'train_loss': 0.002620911969993982, 'mae': 0.5204792, 'elapsed_time': 78.16387248039246}
2021-10-09 23:29:25,056 {'epoch': 16, 'lr': 0.0009863231105968495, 'train_loss': 0.002766145557915635, 'mae': 0.6393582, 'elapsed_time': 77.55434656143188}
2021-10-09 23:30:42,718 {'epoch': 17, 'lr': 0.000984448664758672, 'train_loss': 0.0026364917551507374, 'mae': 0.4746379, 'elapsed_time': 77.6610050201416}
2021-10-09 23:32:01,016 {'epoch': 18, 'lr': 0.0009824559221366096, 'train_loss': 0.002568632288730405, 'mae': 0.4486648, 'elapsed_time': 77.83747291564941}
2021-10-09 23:33:19,835 {'epoch': 19, 'lr': 0.0009803453744100864, 'train_loss': 0.0023444568413705366, 'mae': 0.48360384, 'elapsed_time': 78.36408233642578}
2021-10-09 23:34:38,330 {'epoch': 20, 'lr': 0.0009781175423251728, 'train_loss': 0.002432621067242957, 'mae': 0.4218147, 'elapsed_time': 78.49490118026733}
2021-10-09 23:35:57,311 {'epoch': 21, 'lr': 0.0009757729755661004, 'train_loss': 0.002340270424319704, 'mae': 0.39980608, 'elapsed_time': 78.52396321296692}
2021-10-09 23:37:16,313 {'epoch': 22, 'lr': 0.0009733122526196342, 'train_loss': 0.002374329062449055, 'mae': 0.6108481, 'elapsed_time': 78.54481983184814}
2021-10-09 23:38:34,339 {'epoch': 23, 'lr': 0.000970735980632341, 'train_loss': 0.0024039843560963612, 'mae': 0.4556452, 'elapsed_time': 78.02602410316467}
2021-10-09 23:39:53,105 {'epoch': 24, 'lr': 0.0009680447952607838, 'train_loss': 0.0024955996333802274, 'mae': 0.4604389, 'elapsed_time': 78.76540160179138}
2021-10-09 23:41:11,603 {'epoch': 25, 'lr': 0.0009652393605146839, 'train_loss': 0.0024454937049238944, 'mae': 0.42901367, 'elapsed_time': 78.49781537055969}
2021-10-09 23:42:30,295 {'epoch': 26, 'lr': 0.0009623203685930864, 'train_loss': 0.0026952316519181564, 'mae': 0.42779455, 'elapsed_time': 78.69147157669067}
2021-10-09 23:43:48,526 {'epoch': 27, 'lr': 0.00095928853971357, 'train_loss': 0.0021376415808185825, 'mae': 0.39247823, 'elapsed_time': 78.23078942298889}
2021-10-09 23:45:07,241 {'epoch': 28, 'lr': 0.0009561446219345448, 'train_loss': 0.0021662563228741476, 'mae': 0.37761587, 'elapsed_time': 78.23233294487}
2021-10-09 23:46:25,965 {'epoch': 29, 'lr': 0.0009528893909706791, 'train_loss': 0.002575195764887009, 'mae': 0.4181226, 'elapsed_time': 78.25637722015381}
2021-10-09 23:47:44,308 {'epoch': 30, 'lr': 0.0009495236500015041, 'train_loss': 0.002158392431563775, 'mae': 0.3539238, 'elapsed_time': 78.34242224693298}
2021-10-09 23:49:03,171 {'epoch': 31, 'lr': 0.0009460482294732414, 'train_loss': 0.0020658743688114593, 'mae': 0.36310357, 'elapsed_time': 78.40404796600342}
2021-10-09 23:50:21,607 {'epoch': 32, 'lr': 0.0009424639868939027, 'train_loss': 0.0020745642359798677, 'mae': 0.40342715, 'elapsed_time': 78.43579411506653}
2021-10-09 23:51:39,439 {'epoch': 33, 'lr': 0.0009387718066217117, 'train_loss': 0.0022167408417952308, 'mae': 0.34482422, 'elapsed_time': 77.83159017562866}
2021-10-09 23:52:58,209 {'epoch': 34, 'lr': 0.000934972599646904, 'train_loss': 0.0020621973458329443, 'mae': 0.34669262, 'elapsed_time': 78.31070017814636}
2021-10-09 23:54:17,119 {'epoch': 35, 'lr': 0.0009310673033669515, 'train_loss': 0.0019632086296046784, 'mae': 0.37383923, 'elapsed_time': 78.90952372550964}
2021-10-09 23:55:36,162 {'epoch': 36, 'lr': 0.0009270568813552751, 'train_loss': 0.0019450623142138626, 'mae': 0.37008452, 'elapsed_time': 79.0426857471466}
2021-10-09 23:56:55,286 {'epoch': 37, 'lr': 0.0009229423231234969, 'train_loss': 0.0019733114909896636, 'mae': 0.33570972, 'elapsed_time': 79.12403273582458}
2021-10-09 23:58:14,740 {'epoch': 38, 'lr': 0.0009187246438772933, 'train_loss': 0.002031378905709174, 'mae': 0.3312252, 'elapsed_time': 78.96887183189392}
2021-10-09 23:59:33,710 {'epoch': 39, 'lr': 0.0009144048842659075, 'train_loss': 0.0019224317256803145, 'mae': 0.3041612, 'elapsed_time': 78.50566959381104}
2021-10-10 00:00:52,270 {'epoch': 40, 'lr': 0.0009099841101253861, 'train_loss': 0.0018929137779810793, 'mae': 0.49487028, 'elapsed_time': 78.09344244003296}
2021-10-10 00:02:10,957 {'epoch': 41, 'lr': 0.0009054634122155986, 'train_loss': 0.0018506798757433971, 'mae': 0.36253855, 'elapsed_time': 78.68646502494812}
2021-10-10 00:03:29,998 {'epoch': 42, 'lr': 0.0009008439059511095, 'train_loss': 0.001788478811265934, 'mae': 0.30723417, 'elapsed_time': 79.04061555862427}
2021-10-10 00:04:49,081 {'epoch': 43, 'lr': 0.0008961267311259662, 'train_loss': 0.0017558573054568193, 'mae': 0.40704045, 'elapsed_time': 79.08237719535828}
2021-10-10 00:06:08,324 {'epoch': 44, 'lr': 0.0008913130516324728, 'train_loss': 0.0019296552973563027, 'mae': 0.29181212, 'elapsed_time': 79.24303555488586}
2021-10-10 00:07:27,742 {'epoch': 45, 'lr': 0.0008864040551740152, 'train_loss': 0.0017126147834629788, 'mae': 0.34436572, 'elapsed_time': 78.94758582115173}
2021-10-10 00:08:46,778 {'epoch': 46, 'lr': 0.000881400952972015, 'train_loss': 0.0018020815337589041, 'mae': 0.30207536, 'elapsed_time': 79.03601288795471}
2021-10-10 00:10:05,570 {'epoch': 47, 'lr': 0.0008763049794670771, 'train_loss': 0.001827772352980256, 'mae': 0.33294317, 'elapsed_time': 78.7916362285614}
2021-10-10 00:11:23,675 {'epoch': 48, 'lr': 0.0008711173920144113, 'train_loss': 0.0018548075447934126, 'mae': 0.29932353, 'elapsed_time': 78.10386347770691}
2021-10-10 00:12:42,342 {'epoch': 49, 'lr': 0.0008658394705735983, 'train_loss': 0.0020761813432708964, 'mae': 0.30535656, 'elapsed_time': 78.66732954978943}
2021-10-10 00:14:00,891 {'epoch': 50, 'lr': 0.0008604725173927781, 'train_loss': 0.0016684005099902332, 'mae': 0.32123423, 'elapsed_time': 78.54775023460388}
2021-10-10 00:15:19,320 {'epoch': 51, 'lr': 0.0008550178566873405, 'train_loss': 0.0017483291200765163, 'mae': 0.26651126, 'elapsed_time': 78.42869591712952}
2021-10-10 00:16:38,453 {'epoch': 52, 'lr': 0.0008494768343131951, 'train_loss': 0.0015453436473017894, 'mae': 0.27954504, 'elapsed_time': 78.6648178100586}
2021-10-10 00:17:56,932 {'epoch': 53, 'lr': 0.0008438508174347005, 'train_loss': 0.0015288243296132174, 'mae': 0.26790154, 'elapsed_time': 78.47851157188416}
2021-10-10 00:19:16,104 {'epoch': 54, 'lr': 0.0008381411941873374, 'train_loss': 0.0017888706493468533, 'mae': 0.40096807, 'elapsed_time': 79.17126727104187}
2021-10-10 00:20:34,667 {'epoch': 55, 'lr': 0.0008323493733352073, 'train_loss': 0.0020836889173531862, 'mae': 0.27968705, 'elapsed_time': 78.56251978874207}
2021-10-10 00:21:53,311 {'epoch': 56, 'lr': 0.0008264767839234405, 'train_loss': 0.0016420280557148026, 'mae': 0.2539773, 'elapsed_time': 78.64366483688354}
2021-10-10 00:23:12,588 {'epoch': 57, 'lr': 0.000820524874925601, 'train_loss': 0.0015892353392717774, 'mae': 0.26934385, 'elapsed_time': 78.79199981689453}
2021-10-10 00:24:31,812 {'epoch': 58, 'lr': 0.0008144951148861737, 'train_loss': 0.0019560083897501683, 'mae': 0.2676105, 'elapsed_time': 79.22410273551941}
2021-10-10 00:25:50,771 {'epoch': 59, 'lr': 0.0008083889915582231, 'train_loss': 0.001491857183303479, 'mae': 0.25791693, 'elapsed_time': 78.95829510688782}
2021-10-10 00:27:09,141 {'epoch': 60, 'lr': 0.0008022080115363123, 'train_loss': 0.001677506019326138, 'mae': 0.27397323, 'elapsed_time': 78.36980605125427}
2021-10-10 00:28:27,863 {'epoch': 61, 'lr': 0.0007959536998847739, 'train_loss': 0.001767097243939195, 'mae': 0.28392902, 'elapsed_time': 78.721120595932}
2021-10-10 00:29:46,118 {'epoch': 62, 'lr': 0.0007896275997614226, 'train_loss': 0.0016487961888036798, 'mae': 0.26133624, 'elapsed_time': 78.25484013557434}
2021-10-10 00:31:04,471 {'epoch': 63, 'lr': 0.0007832312720368044, 'train_loss': 0.0016005183968167181, 'mae': 0.25434646, 'elapsed_time': 78.35279846191406}
2021-10-10 00:32:22,770 {'epoch': 64, 'lr': 0.0007767662949090749, 'train_loss': 0.0014064321080883106, 'mae': 0.22901385, 'elapsed_time': 78.29803442955017}
2021-10-10 00:33:41,430 {'epoch': 65, 'lr': 0.000770234263514603, 'train_loss': 0.0014555601468538117, 'mae': 0.2532547, 'elapsed_time': 78.18192195892334}
2021-10-10 00:34:59,979 {'epoch': 66, 'lr': 0.0007636367895343944, 'train_loss': 0.0013987520046783962, 'mae': 0.23236457, 'elapsed_time': 78.54837942123413}
2021-10-10 00:36:18,702 {'epoch': 67, 'lr': 0.0007569755007964335, 'train_loss': 0.0017781205334613621, 'mae': 0.24386454, 'elapsed_time': 78.7228434085846}
2021-10-10 00:37:37,306 {'epoch': 68, 'lr': 0.0007502520408740415, 'train_loss': 0.0013853364337094972, 'mae': 0.23852597, 'elapsed_time': 78.60349321365356}
2021-10-10 00:38:55,883 {'epoch': 69, 'lr': 0.0007434680686803488, 'train_loss': 0.001386955852704857, 'mae': 0.25763455, 'elapsed_time': 78.57609677314758}
2021-10-10 00:40:14,145 {'epoch': 70, 'lr': 0.0007366252580589837, 'train_loss': 0.0014777212814138456, 'mae': 0.2213229, 'elapsed_time': 78.26208233833313}
2021-10-10 00:41:33,159 {'epoch': 71, 'lr': 0.0007297252973710754, 'train_loss': 0.0016766627200041646, 'mae': 0.2850928, 'elapsed_time': 78.54281401634216}
2021-10-10 00:42:51,753 {'epoch': 72, 'lr': 0.0007227698890786777, 'train_loss': 0.0013603963829315285, 'mae': 0.21187821, 'elapsed_time': 78.59403896331787}
2021-10-10 00:44:10,445 {'epoch': 73, 'lr': 0.0007157607493247108, 'train_loss': 0.0012952212228225586, 'mae': 0.21984346, 'elapsed_time': 78.21098732948303}
2021-10-10 00:45:28,836 {'epoch': 74, 'lr': 0.0007086996075095287, 'train_loss': 0.001481853411431104, 'mae': 0.2372146, 'elapsed_time': 78.39126944541931}
2021-10-10 00:46:47,422 {'epoch': 75, 'lr': 0.0007015882058642161, 'train_loss': 0.0012730158016213999, 'mae': 0.22756192, 'elapsed_time': 78.58497333526611}
2021-10-10 00:48:05,739 {'epoch': 76, 'lr': 0.0006944282990207193, 'train_loss': 0.0012141982450182664, 'mae': 0.23569626, 'elapsed_time': 78.31687545776367}
2021-10-10 00:49:23,913 {'epoch': 77, 'lr': 0.0006872216535789155, 'train_loss': 0.0014265918606772496, 'mae': 0.254575, 'elapsed_time': 78.17344331741333}
2021-10-10 00:50:42,126 {'epoch': 78, 'lr': 0.0006799700476707321, 'train_loss': 0.0012774254652721507, 'mae': 0.22548103, 'elapsed_time': 78.21250772476196}
2021-10-10 00:52:00,537 {'epoch': 79, 'lr': 0.0006726752705214191, 'train_loss': 0.001180413954893116, 'mae': 0.20199911, 'elapsed_time': 78.41110897064209}
2021-10-10 00:53:19,424 {'epoch': 80, 'lr': 0.0006653391220080838, 'train_loss': 0.001172573437125498, 'mae': 0.21303439, 'elapsed_time': 78.41615724563599}
2021-10-10 00:54:38,111 {'epoch': 81, 'lr': 0.0006579634122155988, 'train_loss': 0.0011408632444655999, 'mae': 0.21359062, 'elapsed_time': 78.68640780448914}
2021-10-10 00:55:57,238 {'epoch': 82, 'lr': 0.0006505499609899903, 'train_loss': 0.0011694766573652358, 'mae': 0.21455753, 'elapsed_time': 79.1264636516571}
2021-10-10 00:57:15,574 {'epoch': 83, 'lr': 0.0006431005974894184, 'train_loss': 0.0011708002438740354, 'mae': 0.22071314, 'elapsed_time': 78.33626937866211}
2021-10-10 00:58:34,155 {'epoch': 84, 'lr': 0.0006356171597328593, 'train_loss': 0.0011487854942136288, 'mae': 0.20964135, 'elapsed_time': 78.58058595657349}
2021-10-10 00:59:52,588 {'epoch': 85, 'lr': 0.0006281014941466028, 'train_loss': 0.0011824123779863535, 'mae': 0.33181638, 'elapsed_time': 78.43211889266968}
2021-10-10 01:01:11,018 {'epoch': 86, 'lr': 0.000620555455108673, 'train_loss': 0.0013678082444558797, 'mae': 0.43006775, 'elapsed_time': 78.42972207069397}
2021-10-10 01:02:29,642 {'epoch': 87, 'lr': 0.0006129809044912885, 'train_loss': 0.0012878542443807747, 'mae': 0.21005142, 'elapsed_time': 78.6236424446106}
2021-10-10 01:03:48,108 {'epoch': 88, 'lr': 0.0006053797112014735, 'train_loss': 0.0011699959071633276, 'mae': 0.20409651, 'elapsed_time': 78.46506237983704}
2021-10-10 01:05:06,671 {'epoch': 89, 'lr': 0.0005977537507199336, 'train_loss': 0.0010433642873805906, 'mae': 0.1984903, 'elapsed_time': 78.5628809928894}
2021-10-10 01:06:25,158 {'epoch': 90, 'lr': 0.0005901049046383074, 'train_loss': 0.000999975315313058, 'mae': 0.21150105, 'elapsed_time': 78.01548409461975}
2021-10-10 01:07:43,025 {'epoch': 91, 'lr': 0.0005824350601949141, 'train_loss': 0.0010048576037543274, 'mae': 0.19389912, 'elapsed_time': 77.86665868759155}
2021-10-10 01:09:01,549 {'epoch': 92, 'lr': 0.0005747461098091033, 'train_loss': 0.0010756308070925232, 'mae': 0.19847254, 'elapsed_time': 78.05695700645447}
2021-10-10 01:10:19,794 {'epoch': 93, 'lr': 0.0005670399506143305, 'train_loss': 0.0010236298418532862, 'mae': 0.2032155, 'elapsed_time': 78.24475526809692}
2021-10-10 01:11:38,452 {'epoch': 94, 'lr': 0.0005593184839900673, 'train_loss': 0.0010061509822074982, 'mae': 0.19067743, 'elapsed_time': 78.6570303440094}
2021-10-10 01:12:56,952 {'epoch': 95, 'lr': 0.0005515836150926644, 'train_loss': 0.0010258238134329251, 'mae': 0.19079952, 'elapsed_time': 78.01880407333374}
2021-10-10 01:14:15,014 {'epoch': 96, 'lr': 0.0005438372523852832, 'train_loss': 0.001343776037912838, 'mae': 0.20048645, 'elapsed_time': 78.0613694190979}
2021-10-10 01:15:32,694 {'epoch': 97, 'lr': 0.00053608130716701, 'train_loss': 0.0010878179470451166, 'mae': 0.19191113, 'elapsed_time': 77.67941117286682}
2021-10-10 01:16:50,351 {'epoch': 98, 'lr': 0.0005283176931012729, 'train_loss': 0.0009166687641803834, 'mae': 0.18656555, 'elapsed_time': 77.65697741508484}
2021-10-10 01:18:08,981 {'epoch': 99, 'lr': 0.0005205483257436734, 'train_loss': 0.000895227624919337, 'mae': 0.23082855, 'elapsed_time': 78.15191888809204}
2021-10-10 01:19:27,093 {'epoch': 100, 'lr': 0.0005127751220693511, 'train_loss': 0.0009284871837125462, 'mae': 0.18775523, 'elapsed_time': 78.1116304397583}
2021-10-10 01:20:44,734 {'epoch': 101, 'lr': 0.0005049999999999998, 'train_loss': 0.0009385028152897549, 'mae': 0.18564977, 'elapsed_time': 77.64072775840759}
2021-10-10 01:22:03,279 {'epoch': 102, 'lr': 0.0004972248779306486, 'train_loss': 0.0008958876252697745, 'mae': 0.19308154, 'elapsed_time': 78.07041311264038}
2021-10-10 01:23:21,780 {'epoch': 103, 'lr': 0.0004894516742563262, 'train_loss': 0.0008486655540147154, 'mae': 0.18223754, 'elapsed_time': 78.50099563598633}
2021-10-10 01:24:40,643 {'epoch': 104, 'lr': 0.00048168230689872663, 'train_loss': 0.0008220930425160131, 'mae': 0.18520354, 'elapsed_time': 78.39265632629395}
2021-10-10 01:25:58,193 {'epoch': 105, 'lr': 0.0004739186928329896, 'train_loss': 0.0008566807587664991, 'mae': 0.18224548, 'elapsed_time': 77.54993987083435}
2021-10-10 01:27:15,865 {'epoch': 106, 'lr': 0.00046616274761471655, 'train_loss': 0.0008087734118439726, 'mae': 0.1780448, 'elapsed_time': 77.67103505134583}
2021-10-10 01:28:34,356 {'epoch': 107, 'lr': 0.0004584163849073352, 'train_loss': 0.00095101703091656, 'mae': 0.18887958, 'elapsed_time': 78.02805233001709}
2021-10-10 01:29:52,237 {'epoch': 108, 'lr': 0.0004506815160099324, 'train_loss': 0.0008375803030894007, 'mae': 0.17973943, 'elapsed_time': 77.88051748275757}
2021-10-10 01:31:10,183 {'epoch': 109, 'lr': 0.0004429600493856693, 'train_loss': 0.0007751549661376763, 'mae': 0.17565492, 'elapsed_time': 77.94500517845154}
2021-10-10 01:32:28,591 {'epoch': 110, 'lr': 0.00043525389019089656, 'train_loss': 0.0007834464047447271, 'mae': 0.1811226, 'elapsed_time': 77.94198346138}
2021-10-10 01:33:46,689 {'epoch': 111, 'lr': 0.0004275649398050856, 'train_loss': 0.000763415285392934, 'mae': 0.17816876, 'elapsed_time': 78.09757804870605}
2021-10-10 01:35:04,719 {'epoch': 112, 'lr': 0.0004198950953616921, 'train_loss': 0.001017496036458205, 'mae': 0.20183693, 'elapsed_time': 78.02959895133972}
2021-10-10 01:36:22,816 {'epoch': 113, 'lr': 0.0004122462492800662, 'train_loss': 0.0008258126892095137, 'mae': 0.18918754, 'elapsed_time': 78.09646105766296}
2021-10-10 01:37:40,794 {'epoch': 114, 'lr': 0.0004046202887985263, 'train_loss': 0.0007627109917358423, 'mae': 0.17990308, 'elapsed_time': 77.97703862190247}
2021-10-10 01:38:58,751 {'epoch': 115, 'lr': 0.0003970190955087115, 'train_loss': 0.0007343132180921521, 'mae': 0.1740679, 'elapsed_time': 77.95654201507568}
2021-10-10 01:40:16,994 {'epoch': 116, 'lr': 0.0003894445448913267, 'train_loss': 0.0007117005895805959, 'mae': 0.17376944, 'elapsed_time': 77.77484345436096}
2021-10-10 01:41:35,531 {'epoch': 117, 'lr': 0.00038189850585339675, 'train_loss': 0.000709216139168831, 'mae': 0.17429355, 'elapsed_time': 78.07171297073364}
2021-10-10 01:42:52,966 {'epoch': 118, 'lr': 0.0003743828402671403, 'train_loss': 0.0007036188518600088, 'mae': 0.17440338, 'elapsed_time': 77.43535304069519}
2021-10-10 01:44:10,053 {'epoch': 119, 'lr': 0.0003668994025105814, 'train_loss': 0.0006952548574846339, 'mae': 0.17030354, 'elapsed_time': 77.08613991737366}
2021-10-10 01:45:27,607 {'epoch': 120, 'lr': 0.00035945003901000945, 'train_loss': 0.0006799460417727432, 'mae': 0.17126565, 'elapsed_time': 77.08337712287903}
2021-10-10 01:46:45,512 {'epoch': 121, 'lr': 0.00035203658778440103, 'train_loss': 0.000675310319285862, 'mae': 0.16866465, 'elapsed_time': 77.90492725372314}
2021-10-10 01:48:04,200 {'epoch': 122, 'lr': 0.0003446608779919159, 'train_loss': 0.0006701592923770921, 'mae': 0.16966438, 'elapsed_time': 78.22761702537537}
2021-10-10 01:49:22,678 {'epoch': 123, 'lr': 0.00033732472947858063, 'train_loss': 0.0006641391437621682, 'mae': 0.1736338, 'elapsed_time': 78.47675275802612}
2021-10-10 01:50:41,002 {'epoch': 124, 'lr': 0.00033002995232926766, 'train_loss': 0.0006586004542328808, 'mae': 0.16881931, 'elapsed_time': 78.32451725006104}
2021-10-10 01:51:58,993 {'epoch': 125, 'lr': 0.0003227783464210844, 'train_loss': 0.0006531028958337444, 'mae': 0.17006907, 'elapsed_time': 77.98973035812378}
2021-10-10 01:53:17,765 {'epoch': 126, 'lr': 0.00031557170097928054, 'train_loss': 0.0006424112863853484, 'mae': 0.16810215, 'elapsed_time': 78.771723985672}
2021-10-10 01:54:36,955 {'epoch': 127, 'lr': 0.0003084117941357834, 'train_loss': 0.0006236854824623262, 'mae': 0.16691002, 'elapsed_time': 78.71371340751648}
2021-10-10 01:55:55,801 {'epoch': 128, 'lr': 0.00030130039249047106, 'train_loss': 0.0006225030861839385, 'mae': 0.16622554, 'elapsed_time': 78.37592625617981}
2021-10-10 01:57:14,731 {'epoch': 129, 'lr': 0.00029423925067528897, 'train_loss': 0.0006145199613906122, 'mae': 0.16848989, 'elapsed_time': 78.44473123550415}
2021-10-10 01:58:33,140 {'epoch': 130, 'lr': 0.0002872301109213219, 'train_loss': 0.000603468776628069, 'mae': 0.16750604, 'elapsed_time': 78.40899848937988}
2021-10-10 01:59:51,227 {'epoch': 131, 'lr': 0.0002802747026289243, 'train_loss': 0.0006014708820866227, 'mae': 0.16667601, 'elapsed_time': 78.08620643615723}
2021-10-10 02:01:09,236 {'epoch': 132, 'lr': 0.00027337474194101617, 'train_loss': 0.0005906761256080538, 'mae': 0.16433707, 'elapsed_time': 78.00885558128357}
2021-10-10 02:02:27,420 {'epoch': 133, 'lr': 0.00026653193131965077, 'train_loss': 0.0005883627922957389, 'mae': 0.16443226, 'elapsed_time': 77.71439290046692}
2021-10-10 02:03:45,880 {'epoch': 134, 'lr': 0.00025974795912595813, 'train_loss': 0.0005791534912865671, 'mae': 0.16588184, 'elapsed_time': 78.45879364013672}
2021-10-10 02:05:04,649 {'epoch': 135, 'lr': 0.0002530244992035661, 'train_loss': 0.0005698862496696812, 'mae': 0.16545269, 'elapsed_time': 78.76891565322876}
2021-10-10 02:06:23,518 {'epoch': 136, 'lr': 0.00024636321046560527, 'train_loss': 0.000591856558270866, 'mae': 0.1712188, 'elapsed_time': 78.86895513534546}
2021-10-10 02:07:42,817 {'epoch': 137, 'lr': 0.00023976573648539645, 'train_loss': 0.0005782879781622298, 'mae': 0.16366595, 'elapsed_time': 79.29844450950623}
2021-10-10 02:09:01,953 {'epoch': 138, 'lr': 0.00023323370509092462, 'train_loss': 0.0005563094414587918, 'mae': 0.16295525, 'elapsed_time': 78.65969014167786}
2021-10-10 02:10:21,491 {'epoch': 139, 'lr': 0.00022676872796319523, 'train_loss': 0.0005451199060430624, 'mae': 0.16218866, 'elapsed_time': 79.06307554244995}
2021-10-10 02:11:41,175 {'epoch': 140, 'lr': 0.00022037240023857702, 'train_loss': 0.0005343509494833712, 'mae': 0.16123748, 'elapsed_time': 79.20124077796936}
2021-10-10 02:13:00,609 {'epoch': 141, 'lr': 0.00021404630011522577, 'train_loss': 0.0005242285081058879, 'mae': 0.16078815, 'elapsed_time': 78.96490526199341}
2021-10-10 02:14:19,171 {'epoch': 142, 'lr': 0.00020779198846368737, 'train_loss': 0.0005266836648121861, 'mae': 0.16106339, 'elapsed_time': 78.0807409286499}
2021-10-10 02:15:36,838 {'epoch': 143, 'lr': 0.0002016110084417765, 'train_loss': 0.000518165859088272, 'mae': 0.16104789, 'elapsed_time': 77.66642785072327}
2021-10-10 02:16:54,603 {'epoch': 144, 'lr': 0.00019550488511382584, 'train_loss': 0.0005089905532663275, 'mae': 0.16118553, 'elapsed_time': 77.76532554626465}
2021-10-10 02:18:12,631 {'epoch': 145, 'lr': 0.00018947512507439847, 'train_loss': 0.00050768884796232, 'mae': 0.16122139, 'elapsed_time': 78.02726483345032}
2021-10-10 02:19:30,925 {'epoch': 146, 'lr': 0.00018352321607655904, 'train_loss': 0.0004981120248467737, 'mae': 0.1605037, 'elapsed_time': 78.2934935092926}
2021-10-10 02:20:50,307 {'epoch': 147, 'lr': 0.0001776506266647923, 'train_loss': 0.0004953216062704406, 'mae': 0.15857106, 'elapsed_time': 78.91308045387268}
2021-10-10 02:22:09,026 {'epoch': 148, 'lr': 0.00017185880581266206, 'train_loss': 0.00048539127402792633, 'mae': 0.15929866, 'elapsed_time': 78.24307870864868}
2021-10-10 02:23:27,770 {'epoch': 149, 'lr': 0.000166149182565299, 'train_loss': 0.0004815460775217882, 'mae': 0.16059601, 'elapsed_time': 78.7427887916565}
2021-10-10 02:24:46,407 {'epoch': 150, 'lr': 0.00016052316568680435, 'train_loss': 0.0004770990862894366, 'mae': 0.15967266, 'elapsed_time': 78.637375831604}
2021-10-10 02:26:05,093 {'epoch': 151, 'lr': 0.00015498214331265893, 'train_loss': 0.00046945494347214303, 'mae': 0.15830421, 'elapsed_time': 78.68539118766785}
2021-10-10 02:27:23,927 {'epoch': 152, 'lr': 0.0001495274826072215, 'train_loss': 0.00046598387319246533, 'mae': 0.15816389, 'elapsed_time': 78.36373543739319}
2021-10-10 02:28:42,578 {'epoch': 153, 'lr': 0.00014416052942640132, 'train_loss': 0.0004614567629143724, 'mae': 0.15844055, 'elapsed_time': 78.18759346008301}
2021-10-10 02:30:00,357 {'epoch': 154, 'lr': 0.0001388826079855881, 'train_loss': 0.0004548530688051398, 'mae': 0.15773149, 'elapsed_time': 77.7788736820221}
2021-10-10 02:31:18,625 {'epoch': 155, 'lr': 0.00013369502053292245, 'train_loss': 0.0004479870828445026, 'mae': 0.1577907, 'elapsed_time': 77.7740797996521}
2021-10-10 02:32:36,672 {'epoch': 156, 'lr': 0.00012859904702798464, 'train_loss': 0.00044432775987061625, 'mae': 0.15890582, 'elapsed_time': 78.04650712013245}
2021-10-10 02:33:55,039 {'epoch': 157, 'lr': 0.00012359594482598432, 'train_loss': 0.0004385152878579199, 'mae': 0.15786381, 'elapsed_time': 78.3667459487915}
2021-10-10 02:35:13,598 {'epoch': 158, 'lr': 0.00011868694836752681, 'train_loss': 0.0004361022406333602, 'mae': 0.15734674, 'elapsed_time': 78.55808210372925}
2021-10-10 02:36:32,856 {'epoch': 159, 'lr': 0.0001138732688740332, 'train_loss': 0.0004308354350225352, 'mae': 0.15674819, 'elapsed_time': 78.75427603721619}
2021-10-10 02:37:51,858 {'epoch': 160, 'lr': 0.00010915609404889012, 'train_loss': 0.00042658808207259106, 'mae': 0.15789992, 'elapsed_time': 78.52673602104187}
2021-10-10 02:39:10,962 {'epoch': 161, 'lr': 0.00010453658778440103, 'train_loss': 0.0004223048355556269, 'mae': 0.157056, 'elapsed_time': 79.10370779037476}
2021-10-10 02:40:29,326 {'epoch': 162, 'lr': 0.00010001588987461343, 'train_loss': 0.0004173599063209582, 'mae': 0.15696947, 'elapsed_time': 78.36274838447571}
2021-10-10 02:41:47,910 {'epoch': 163, 'lr': 9.559511573409192e-05, 'train_loss': 0.0004136809520670284, 'mae': 0.15630808, 'elapsed_time': 78.58355236053467}
2021-10-10 02:43:07,209 {'epoch': 164, 'lr': 9.12753561227063e-05, 'train_loss': 0.00040932590545527265, 'mae': 0.15660205, 'elapsed_time': 78.80437183380127}
2021-10-10 02:44:25,335 {'epoch': 165, 'lr': 8.705767687650262e-05, 'train_loss': 0.0004045322175138316, 'mae': 0.156793, 'elapsed_time': 78.1250958442688}
2021-10-10 02:45:43,333 {'epoch': 166, 'lr': 8.294311864472445e-05, 'train_loss': 0.00040236373652313386, 'mae': 0.15692428, 'elapsed_time': 77.99745225906372}
2021-10-10 02:47:01,079 {'epoch': 167, 'lr': 7.89326966330478e-05, 'train_loss': 0.00039753467702437033, 'mae': 0.15666977, 'elapsed_time': 77.74585270881653}
2021-10-10 02:48:19,524 {'epoch': 168, 'lr': 7.502740035309526e-05, 'train_loss': 0.00039306538811507725, 'mae': 0.15632473, 'elapsed_time': 78.44466042518616}
2021-10-10 02:49:38,226 {'epoch': 169, 'lr': 7.12281933782875e-05, 'train_loss': 0.000390346832770911, 'mae': 0.15622596, 'elapsed_time': 78.70174932479858}
2021-10-10 02:50:57,334 {'epoch': 170, 'lr': 6.75360131060967e-05, 'train_loss': 0.00038738674579856015, 'mae': 0.15644479, 'elapsed_time': 78.62627816200256}
2021-10-10 02:52:15,951 {'epoch': 171, 'lr': 6.395177052675792e-05, 'train_loss': 0.0003842860575693779, 'mae': 0.15610339, 'elapsed_time': 78.61700224876404}
2021-10-10 02:53:35,105 {'epoch': 172, 'lr': 6.047634999849528e-05, 'train_loss': 0.0003802125269363186, 'mae': 0.15697482, 'elapsed_time': 78.67554640769958}
2021-10-10 02:54:53,807 {'epoch': 173, 'lr': 5.711060902932039e-05, 'train_loss': 0.0003779512793665062, 'mae': 0.15624134, 'elapsed_time': 78.70171523094177}
2021-10-10 02:56:12,572 {'epoch': 174, 'lr': 5.385537806545467e-05, 'train_loss': 0.0003750341732087042, 'mae': 0.15554637, 'elapsed_time': 78.7645525932312}
2021-10-10 02:57:30,997 {'epoch': 175, 'lr': 5.0711460286429424e-05, 'train_loss': 0.0003722641954656426, 'mae': 0.1561394, 'elapsed_time': 77.95288467407227}
2021-10-10 02:58:49,480 {'epoch': 176, 'lr': 4.767963140691315e-05, 'train_loss': 0.00037042360322030274, 'mae': 0.15624616, 'elapsed_time': 78.48195958137512}
2021-10-10 03:00:07,669 {'epoch': 177, 'lr': 4.4760639485315563e-05, 'train_loss': 0.0003673238542135817, 'mae': 0.15595059, 'elapsed_time': 78.18856620788574}
2021-10-10 03:01:25,496 {'epoch': 178, 'lr': 4.195520473921563e-05, 'train_loss': 0.00036454446048452964, 'mae': 0.15570061, 'elapsed_time': 77.82696533203125}
2021-10-10 03:02:43,871 {'epoch': 179, 'lr': 3.9264019367658385e-05, 'train_loss': 0.0003620495901222731, 'mae': 0.15614623, 'elapsed_time': 78.37409996986389}
2021-10-10 03:04:02,440 {'epoch': 180, 'lr': 3.6687747380365064e-05, 'train_loss': 0.0003599335380254043, 'mae': 0.15577556, 'elapsed_time': 78.56913447380066}
2021-10-10 03:05:20,832 {'epoch': 181, 'lr': 3.422702443389899e-05, 'train_loss': 0.00035798075911943846, 'mae': 0.15600148, 'elapsed_time': 78.39124155044556}
2021-10-10 03:06:38,703 {'epoch': 182, 'lr': 3.188245767482658e-05, 'train_loss': 0.00035616931603632676, 'mae': 0.15562873, 'elapsed_time': 77.87075662612915}
2021-10-10 03:07:56,838 {'epoch': 183, 'lr': 2.965462558991323e-05, 'train_loss': 0.0003540983055752188, 'mae': 0.15569822, 'elapsed_time': 78.13387989997864}
2021-10-10 03:09:15,239 {'epoch': 184, 'lr': 2.7544077863390004e-05, 'train_loss': 0.00035252381607426013, 'mae': 0.15584446, 'elapsed_time': 78.40115880966187}
2021-10-10 03:10:33,947 {'epoch': 185, 'lr': 2.5551335241327672e-05, 'train_loss': 0.0003506755132309604, 'mae': 0.15565273, 'elapsed_time': 78.70771622657776}
2021-10-10 03:11:52,751 {'epoch': 186, 'lr': 2.367688940315011e-05, 'train_loss': 0.0003491080369778111, 'mae': 0.15575245, 'elapsed_time': 78.80332660675049}
2021-10-10 03:13:11,316 {'epoch': 187, 'lr': 2.1921202840320077e-05, 'train_loss': 0.0003478500145290607, 'mae': 0.15566242, 'elapsed_time': 78.56375098228455}
2021-10-10 03:14:30,254 {'epoch': 188, 'lr': 2.0284708742225903e-05, 'train_loss': 0.00034639136260899983, 'mae': 0.15556033, 'elapsed_time': 78.9383385181427}
2021-10-10 03:15:49,038 {'epoch': 189, 'lr': 1.8767810889299086e-05, 'train_loss': 0.0003450394186547373, 'mae': 0.15564704, 'elapsed_time': 78.78308629989624}
2021-10-10 03:17:07,962 {'epoch': 190, 'lr': 1.7370883553386936e-05, 'train_loss': 0.0003439346829526783, 'mae': 0.15565704, 'elapsed_time': 78.92380809783936}
2021-10-10 03:18:26,808 {'epoch': 191, 'lr': 1.6094271405406862e-05, 'train_loss': 0.00034259334046114667, 'mae': 0.15578716, 'elapsed_time': 78.84535074234009}
2021-10-10 03:19:45,227 {'epoch': 192, 'lr': 1.4938289430304022e-05, 'train_loss': 0.0003418061247797815, 'mae': 0.15574391, 'elapsed_time': 78.41855120658875}
2021-10-10 03:21:03,348 {'epoch': 193, 'lr': 1.3903222849333509e-05, 'train_loss': 0.00034062387952500813, 'mae': 0.15573992, 'elapsed_time': 78.1211462020874}
2021-10-10 03:22:21,747 {'epoch': 194, 'lr': 1.2989327049686102e-05, 'train_loss': 0.00033995007251798516, 'mae': 0.15573801, 'elapsed_time': 78.39823842048645}
2021-10-10 03:23:40,001 {'epoch': 195, 'lr': 1.2196827521475404e-05, 'train_loss': 0.00033902546601966173, 'mae': 0.15566707, 'elapsed_time': 78.25355744361877}
2021-10-10 03:24:58,419 {'epoch': 196, 'lr': 1.152591980210166e-05, 'train_loss': 0.0003385456930043644, 'mae': 0.15568313, 'elapsed_time': 78.4179003238678}
2021-10-10 03:26:16,966 {'epoch': 197, 'lr': 1.097676942800558e-05, 'train_loss': 0.0003377761590591403, 'mae': 0.15561971, 'elapsed_time': 78.54600143432617}
2021-10-10 03:27:35,651 {'epoch': 198, 'lr': 1.0549511893824899e-05, 'train_loss': 0.0003371915510300772, 'mae': 0.15561101, 'elapsed_time': 78.68506407737732}
2021-10-10 03:28:53,433 {'epoch': 199, 'lr': 1.0244252618962858e-05, 'train_loss': 0.0003367567993453633, 'mae': 0.15572992, 'elapsed_time': 77.78084206581116}
2021-10-10 03:30:11,668 {'epoch': 200, 'lr': 1.006106692157801e-05, 'train_loss': 0.000336425631961892, 'mae': 0.15573843, 'elapsed_time': 78.234699010849}
2021-10-10 03:30:53,201 Total CV: 0.1555463671684265
