2021-10-15 19:27:47,827 Fold 0
2021-10-15 19:27:58,571 train run device : cuda:0
2021-10-15 19:28:25,428 multi task weight : 0.7
2021-10-15 19:29:41,029 {'epoch': 1, 'lr': 0.001, 'train_loss': 0.010681910001141414, 'mae': 1.1366965, 'elapsed_time': 75.80099129676819}
2021-10-15 19:29:41,583 multi task weight : 0.7013333333333333
2021-10-15 19:30:57,859 {'epoch': 2, 'lr': 0.000999960916880889, 'train_loss': 0.004063908061576727, 'mae': 0.87006044, 'elapsed_time': 76.43273448944092}
2021-10-15 19:30:58,445 multi task weight : 0.7026666666666667
2021-10-15 19:32:14,687 {'epoch': 3, 'lr': 0.0009998436736952333, 'train_loss': 0.003548477278038553, 'mae': 0.75855964, 'elapsed_time': 76.41345643997192}
2021-10-15 19:32:15,269 multi task weight : 0.704
2021-10-15 19:33:31,491 {'epoch': 4, 'lr': 0.0009996482889570914, 'train_loss': 0.003284807047498708, 'mae': 0.84192014, 'elapsed_time': 76.3843560218811}
2021-10-15 19:33:31,653 multi task weight : 0.7053333333333334
2021-10-15 19:34:48,101 {'epoch': 5, 'lr': 0.0009993747935199784, 'train_loss': 0.002997515961340202, 'mae': 0.68792146, 'elapsed_time': 76.60903811454773}
2021-10-15 19:34:48,672 multi task weight : 0.7066666666666667
2021-10-15 19:36:05,018 {'epoch': 6, 'lr': 0.0009990232305719941, 'train_loss': 0.0028518391088036372, 'mae': 0.59764016, 'elapsed_time': 76.50185132026672}
2021-10-15 19:36:05,627 multi task weight : 0.708
2021-10-15 19:37:22,433 {'epoch': 7, 'lr': 0.0009985936556290037, 'train_loss': 0.0027582727426958054, 'mae': 0.74905235, 'elapsed_time': 76.99961185455322}
2021-10-15 19:37:22,602 multi task weight : 0.7093333333333334
2021-10-15 19:38:38,854 {'epoch': 8, 'lr': 0.0009980861365258703, 'train_loss': 0.0026493125537754765, 'mae': 0.58547103, 'elapsed_time': 76.42125225067139}
2021-10-15 19:38:39,490 multi task weight : 0.7106666666666667
2021-10-15 19:39:56,462 {'epoch': 9, 'lr': 0.0009975007534057435, 'train_loss': 0.002569753660853135, 'mae': 0.6084778, 'elapsed_time': 77.14347743988037}
2021-10-15 19:39:56,641 multi task weight : 0.712
2021-10-15 19:41:13,907 {'epoch': 10, 'lr': 0.000996837598707404, 'train_loss': 0.0024776329700523375, 'mae': 0.5165, 'elapsed_time': 77.44381380081177}
2021-10-15 19:41:14,540 multi task weight : 0.7133333333333334
2021-10-15 19:42:31,915 {'epoch': 11, 'lr': 0.0009960967771506664, 'train_loss': 0.0024457905552614755, 'mae': 0.5941118, 'elapsed_time': 77.5707950592041}
2021-10-15 19:42:32,077 multi task weight : 0.7146666666666666
2021-10-15 19:43:49,303 {'epoch': 12, 'lr': 0.000995278405719842, 'train_loss': 0.002411678936542305, 'mae': 0.45134184, 'elapsed_time': 77.38835072517395}
2021-10-15 19:43:49,908 multi task weight : 0.716
2021-10-15 19:45:06,958 {'epoch': 13, 'lr': 0.0009943826136452672, 'train_loss': 0.0024325702497408515, 'mae': 0.43672642, 'elapsed_time': 77.21178579330444}
2021-10-15 19:45:07,563 multi task weight : 0.7173333333333333
2021-10-15 19:46:24,757 {'epoch': 14, 'lr': 0.0009934095423828945, 'train_loss': 0.002288266694243575, 'mae': 0.4286034, 'elapsed_time': 77.36398959159851}
2021-10-15 19:46:25,360 multi task weight : 0.7186666666666666
2021-10-15 19:47:42,439 {'epoch': 15, 'lr': 0.0009923593455919565, 'train_loss': 0.0022606765171247576, 'mae': 0.5509009, 'elapsed_time': 77.24505615234375}
2021-10-15 19:47:42,608 multi task weight : 0.72
2021-10-15 19:49:00,047 {'epoch': 16, 'lr': 0.0009912321891107007, 'train_loss': 0.002199602163118428, 'mae': 0.41259274, 'elapsed_time': 77.60705804824829}
2021-10-15 19:49:00,661 multi task weight : 0.7213333333333333
2021-10-15 19:50:17,847 {'epoch': 17, 'lr': 0.000990028250930202, 'train_loss': 0.002078866115799007, 'mae': 0.42435706, 'elapsed_time': 77.35371088981628}
2021-10-15 19:50:18,031 multi task weight : 0.7226666666666667
2021-10-15 19:51:35,498 {'epoch': 18, 'lr': 0.0009887477211662555, 'train_loss': 0.0021503593762774906, 'mae': 0.40361342, 'elapsed_time': 77.65007901191711}
2021-10-15 19:51:36,096 multi task weight : 0.724
2021-10-15 19:52:53,155 {'epoch': 19, 'lr': 0.0009873908020293554, 'train_loss': 0.002088304662631394, 'mae': 0.4040823, 'elapsed_time': 77.22255063056946}
2021-10-15 19:52:53,324 multi task weight : 0.7253333333333333
2021-10-15 19:54:09,901 {'epoch': 20, 'lr': 0.0009859577077927632, 'train_loss': 0.0021633710309793964, 'mae': 0.47129878, 'elapsed_time': 76.74574017524719}
2021-10-15 19:54:10,098 multi task weight : 0.7266666666666667
2021-10-15 19:55:26,670 {'epoch': 21, 'lr': 0.000984448664758672, 'train_loss': 0.002114242651531284, 'mae': 0.38215178, 'elapsed_time': 76.76793885231018}
2021-10-15 19:55:27,258 multi task weight : 0.728
2021-10-15 19:56:43,770 {'epoch': 22, 'lr': 0.00098286391122247, 'train_loss': 0.0019913323139654554, 'mae': 0.35615897, 'elapsed_time': 76.67765879631042}
2021-10-15 19:56:44,368 multi task weight : 0.7293333333333333
2021-10-15 19:58:00,744 {'epoch': 23, 'lr': 0.0009812036974351118, 'train_loss': 0.001997116532712444, 'mae': 0.35605618, 'elapsed_time': 76.5495822429657}
2021-10-15 19:58:01,324 multi task weight : 0.7306666666666667
2021-10-15 19:59:17,507 {'epoch': 24, 'lr': 0.0009794682855636002, 'train_loss': 0.00189334657870238, 'mae': 0.35120198, 'elapsed_time': 76.34402632713318}
2021-10-15 19:59:18,092 multi task weight : 0.732
2021-10-15 20:00:34,679 {'epoch': 25, 'lr': 0.0009776579496495873, 'train_loss': 0.0018946925060906261, 'mae': 0.4355719, 'elapsed_time': 76.75287961959839}
2021-10-15 20:00:34,860 multi task weight : 0.7333333333333334
2021-10-15 20:01:51,711 {'epoch': 26, 'lr': 0.0009757729755661, 'train_loss': 0.0019950743011680956, 'mae': 0.34459227, 'elapsed_time': 77.03162598609924}
2021-10-15 20:01:52,293 multi task weight : 0.7346666666666667
2021-10-15 20:03:08,806 {'epoch': 27, 'lr': 0.0009738136609723973, 'train_loss': 0.0018442645111053965, 'mae': 0.34975857, 'elapsed_time': 76.6761736869812}
2021-10-15 20:03:08,970 multi task weight : 0.736
2021-10-15 20:04:25,486 {'epoch': 28, 'lr': 0.0009717803152669668, 'train_loss': 0.0018221456634042435, 'mae': 0.30080265, 'elapsed_time': 76.6794183254242}
2021-10-15 20:04:26,069 multi task weight : 0.7373333333333334
2021-10-15 20:05:42,848 {'epoch': 29, 'lr': 0.0009696732595386666, 'train_loss': 0.0019934973388791794, 'mae': 0.35201553, 'elapsed_time': 76.93899893760681}
2021-10-15 20:05:43,013 multi task weight : 0.7386666666666666
2021-10-15 20:07:00,051 {'epoch': 30, 'lr': 0.0009674928265160219, 'train_loss': 0.001867474293159759, 'mae': 0.2981908, 'elapsed_time': 77.20176696777344}
2021-10-15 20:07:00,671 multi task weight : 0.74
2021-10-15 20:08:18,372 {'epoch': 31, 'lr': 0.0009652393605146833, 'train_loss': 0.0019033593507674926, 'mae': 0.3024369, 'elapsed_time': 77.86637735366821}
2021-10-15 20:08:18,549 multi task weight : 0.7413333333333334
2021-10-15 20:09:35,865 {'epoch': 32, 'lr': 0.0009629132173830556, 'train_loss': 0.00180923984693999, 'mae': 0.31424972, 'elapsed_time': 77.49261260032654}
2021-10-15 20:09:36,029 multi task weight : 0.7426666666666666
2021-10-15 20:10:53,609 {'epoch': 33, 'lr': 0.0009605147644461048, 'train_loss': 0.0016983940113629624, 'mae': 0.2966782, 'elapsed_time': 77.7436683177948}
2021-10-15 20:10:54,212 multi task weight : 0.744
2021-10-15 20:12:11,344 {'epoch': 34, 'lr': 0.0009580443804473531, 'train_loss': 0.0017449689287176347, 'mae': 0.32512444, 'elapsed_time': 77.29819297790527}
2021-10-15 20:12:11,506 multi task weight : 0.7453333333333333
2021-10-15 20:13:28,757 {'epoch': 35, 'lr': 0.0009555024554890718, 'train_loss': 0.0017058925378531948, 'mae': 0.33123642, 'elapsed_time': 77.41304206848145}
2021-10-15 20:13:28,918 multi task weight : 0.7466666666666666
2021-10-15 20:14:46,265 {'epoch': 36, 'lr': 0.0009528893909706786, 'train_loss': 0.0018837767740189438, 'mae': 0.30207255, 'elapsed_time': 77.5072865486145}
2021-10-15 20:14:46,444 multi task weight : 0.7479999999999999
2021-10-15 20:16:03,892 {'epoch': 37, 'lr': 0.0009502055995253526, 'train_loss': 0.001690439120270781, 'mae': 0.3284987, 'elapsed_time': 77.62689471244812}
2021-10-15 20:16:04,070 multi task weight : 0.7493333333333333
2021-10-15 20:17:21,520 {'epoch': 38, 'lr': 0.0009474515049548744, 'train_loss': 0.0016778862833325004, 'mae': 0.33131948, 'elapsed_time': 77.6270387172699}
2021-10-15 20:17:21,694 multi task weight : 0.7506666666666666
2021-10-15 20:18:38,654 {'epoch': 39, 'lr': 0.0009446275421627035, 'train_loss': 0.0016593947312921148, 'mae': 0.27192387, 'elapsed_time': 77.1339042186737}
2021-10-15 20:18:39,259 multi task weight : 0.752
2021-10-15 20:19:56,359 {'epoch': 40, 'lr': 0.0009417341570853008, 'train_loss': 0.0017747950761759811, 'mae': 0.30577037, 'elapsed_time': 77.25502181053162}
2021-10-15 20:19:56,541 multi task weight : 0.7533333333333333
2021-10-15 20:21:13,382 {'epoch': 41, 'lr': 0.0009387718066217113, 'train_loss': 0.0016286946798571692, 'mae': 0.338679, 'elapsed_time': 77.02194952964783}
2021-10-15 20:21:13,552 multi task weight : 0.7546666666666666
2021-10-15 20:22:30,523 {'epoch': 42, 'lr': 0.0009357409585614141, 'train_loss': 0.001555195239460808, 'mae': 0.2740351, 'elapsed_time': 77.14123749732971}
2021-10-15 20:22:30,679 multi task weight : 0.756
2021-10-15 20:23:47,285 {'epoch': 43, 'lr': 0.0009326420915104522, 'train_loss': 0.0017758845426315026, 'mae': 0.2918014, 'elapsed_time': 76.76110601425171}
2021-10-15 20:23:47,467 multi task weight : 0.7573333333333334
2021-10-15 20:25:04,279 {'epoch': 44, 'lr': 0.0009294756948158567, 'train_loss': 0.001567600354196774, 'mae': 0.2681067, 'elapsed_time': 76.99421977996826}
2021-10-15 20:25:04,876 multi task weight : 0.7586666666666666
2021-10-15 20:26:21,427 {'epoch': 45, 'lr': 0.0009262422684883714, 'train_loss': 0.0014914363262233078, 'mae': 0.28298005, 'elapsed_time': 76.72728896141052}
2021-10-15 20:26:21,607 multi task weight : 0.76
2021-10-15 20:27:38,265 {'epoch': 46, 'lr': 0.0009229423231234963, 'train_loss': 0.0014900265450387541, 'mae': 0.24461098, 'elapsed_time': 76.83845782279968}
2021-10-15 20:27:38,872 multi task weight : 0.7613333333333333
2021-10-15 20:28:55,564 {'epoch': 47, 'lr': 0.0009195763798208591, 'train_loss': 0.0015011776371990472, 'mae': 0.2622159, 'elapsed_time': 76.86185383796692}
2021-10-15 20:28:55,752 multi task weight : 0.7626666666666666
2021-10-15 20:30:12,217 {'epoch': 48, 'lr': 0.0009161449701019262, 'train_loss': 0.0016308380437754415, 'mae': 0.31192464, 'elapsed_time': 76.65282320976257}
2021-10-15 20:30:12,383 multi task weight : 0.764
2021-10-15 20:31:29,369 {'epoch': 49, 'lr': 0.0009126486358260705, 'train_loss': 0.00155605404527279, 'mae': 0.2621872, 'elapsed_time': 77.15151453018188}
2021-10-15 20:31:29,537 multi task weight : 0.7653333333333333
2021-10-15 20:32:46,267 {'epoch': 50, 'lr': 0.000909087929105005, 'train_loss': 0.0015545677450455285, 'mae': 0.26296133, 'elapsed_time': 76.89802742004395}
2021-10-15 20:32:46,450 multi task weight : 0.7666666666666666
2021-10-15 20:34:02,968 {'epoch': 51, 'lr': 0.0009054634122155979, 'train_loss': 0.0016694639164477963, 'mae': 0.32707107, 'elapsed_time': 76.70066690444946}
2021-10-15 20:34:03,129 multi task weight : 0.768
2021-10-15 20:35:19,807 {'epoch': 52, 'lr': 0.0009017756575110829, 'train_loss': 0.001552907568066226, 'mae': 0.2553523, 'elapsed_time': 76.83816623687744}
2021-10-15 20:35:19,966 multi task weight : 0.7693333333333333
2021-10-15 20:36:36,469 {'epoch': 53, 'lr': 0.0008980252473306773, 'train_loss': 0.0013906497530505862, 'mae': 0.2660235, 'elapsed_time': 76.66141319274902}
2021-10-15 20:36:36,648 multi task weight : 0.7706666666666666
2021-10-15 20:37:53,727 {'epoch': 54, 'lr': 0.0008942127739076252, 'train_loss': 0.0013963342340005164, 'mae': 0.31386164, 'elapsed_time': 77.25776386260986}
2021-10-15 20:37:53,891 multi task weight : 0.772
2021-10-15 20:39:11,186 {'epoch': 55, 'lr': 0.0008903388392756755, 'train_loss': 0.0015662203481787479, 'mae': 0.22948585, 'elapsed_time': 77.45846152305603}
2021-10-15 20:39:11,811 multi task weight : 0.7733333333333332
2021-10-15 20:40:29,135 {'epoch': 56, 'lr': 0.0008864040551740145, 'train_loss': 0.0013755354539024033, 'mae': 0.24341105, 'elapsed_time': 77.5107479095459}
2021-10-15 20:40:29,316 multi task weight : 0.7746666666666666
2021-10-15 20:41:46,165 {'epoch': 57, 'lr': 0.0008824090429506656, 'train_loss': 0.0016927423307424036, 'mae': 0.28165162, 'elapsed_time': 77.029958486557}
2021-10-15 20:41:46,332 multi task weight : 0.776
2021-10-15 20:43:03,627 {'epoch': 58, 'lr': 0.0008783544334643704, 'train_loss': 0.0016308116401324137, 'mae': 0.27036825, 'elapsed_time': 77.46106767654419}
2021-10-15 20:43:03,811 multi task weight : 0.7773333333333332
2021-10-15 20:44:21,168 {'epoch': 59, 'lr': 0.0008742408669849691, 'train_loss': 0.0014465166128692917, 'mae': 0.24685831, 'elapsed_time': 77.54051423072815}
2021-10-15 20:44:21,338 multi task weight : 0.7786666666666666
2021-10-15 20:45:38,973 {'epoch': 60, 'lr': 0.0008700689930922951, 'train_loss': 0.0014330306339137519, 'mae': 0.26164573, 'elapsed_time': 77.80460381507874}
2021-10-15 20:45:39,134 multi task weight : 0.78
2021-10-15 20:46:56,435 {'epoch': 61, 'lr': 0.0008658394705735977, 'train_loss': 0.0014148271087781731, 'mae': 0.2337727, 'elapsed_time': 77.4613139629364}
2021-10-15 20:46:56,597 multi task weight : 0.7813333333333332
2021-10-15 20:48:14,254 {'epoch': 62, 'lr': 0.0008615529673195128, 'train_loss': 0.0012836955443291257, 'mae': 0.23267, 'elapsed_time': 77.81840229034424}
2021-10-15 20:48:14,441 multi task weight : 0.7826666666666666
2021-10-15 20:49:31,967 {'epoch': 63, 'lr': 0.0008572101602185953, 'train_loss': 0.001358315559947151, 'mae': 0.29423898, 'elapsed_time': 77.71307754516602}
2021-10-15 20:49:32,130 multi task weight : 0.784
2021-10-15 20:50:49,734 {'epoch': 64, 'lr': 0.0008528117350504294, 'train_loss': 0.0013282536774024496, 'mae': 0.23244263, 'elapsed_time': 77.76697182655334}
2021-10-15 20:50:49,931 multi task weight : 0.7853333333333332
2021-10-15 20:52:07,118 {'epoch': 65, 'lr': 0.0008483583863773374, 'train_loss': 0.0013436865377516997, 'mae': 0.22472395, 'elapsed_time': 77.38326597213745}
2021-10-15 20:52:07,740 multi task weight : 0.7866666666666666
2021-10-15 20:53:24,819 {'epoch': 66, 'lr': 0.0008438508174346998, 'train_loss': 0.0013363399310191788, 'mae': 0.2821452, 'elapsed_time': 77.25483584403992}
2021-10-15 20:53:25,011 multi task weight : 0.788
2021-10-15 20:54:41,699 {'epoch': 67, 'lr': 0.0008392897400199059, 'train_loss': 0.001332385359841755, 'mae': 0.22998276, 'elapsed_time': 76.88015007972717}
2021-10-15 20:54:41,869 multi task weight : 0.7893333333333333
2021-10-15 20:55:58,628 {'epoch': 68, 'lr': 0.0008346758743799535, 'train_loss': 0.0013204770114561672, 'mae': 0.21480744, 'elapsed_time': 76.9279088973999}
2021-10-15 20:55:59,209 multi task weight : 0.7906666666666666
2021-10-15 20:57:15,975 {'epoch': 69, 'lr': 0.0008300099490977124, 'train_loss': 0.0011961069485114614, 'mae': 0.23272291, 'elapsed_time': 76.91956090927124}
2021-10-15 20:57:16,170 multi task weight : 0.792
2021-10-15 20:58:32,773 {'epoch': 70, 'lr': 0.000825292700976874, 'train_loss': 0.0011693200440873683, 'mae': 0.21341611, 'elapsed_time': 76.79820966720581}
2021-10-15 20:58:33,389 multi task weight : 0.7933333333333333
2021-10-15 20:59:49,934 {'epoch': 71, 'lr': 0.0008205248749256004, 'train_loss': 0.0013302247168964073, 'mae': 0.2782517, 'elapsed_time': 76.73722672462463}
2021-10-15 20:59:50,105 multi task weight : 0.7946666666666666
2021-10-15 21:01:06,823 {'epoch': 72, 'lr': 0.0008157072238388957, 'train_loss': 0.0012566571965112521, 'mae': 0.20821281, 'elapsed_time': 76.88862252235413}
2021-10-15 21:01:07,449 multi task weight : 0.796
2021-10-15 21:02:24,222 {'epoch': 73, 'lr': 0.0008108405084797145, 'train_loss': 0.0011775362314600832, 'mae': 0.20652059, 'elapsed_time': 76.9609043598175}
2021-10-15 21:02:24,835 multi task weight : 0.7973333333333333
2021-10-15 21:03:41,348 {'epoch': 74, 'lr': 0.0008059254973588287, 'train_loss': 0.001127326767212749, 'mae': 0.2637235, 'elapsed_time': 76.69937682151794}
2021-10-15 21:03:41,539 multi task weight : 0.7986666666666666
2021-10-15 21:04:58,136 {'epoch': 75, 'lr': 0.0008009629666134708, 'train_loss': 0.0011985792822252052, 'mae': 0.23220855, 'elapsed_time': 76.78739142417908}
2021-10-15 21:04:58,303 multi task weight : 0.8
2021-10-15 21:06:14,858 {'epoch': 76, 'lr': 0.0007959536998847731, 'train_loss': 0.001225339204092702, 'mae': 0.22297436, 'elapsed_time': 76.72178959846497}
2021-10-15 21:06:15,060 multi task weight : 0.8013333333333333
2021-10-15 21:07:32,366 {'epoch': 77, 'lr': 0.0007908984881940213, 'train_loss': 0.0011196597641601794, 'mae': 0.21243358, 'elapsed_time': 77.50754117965698}
2021-10-15 21:07:32,540 multi task weight : 0.8026666666666666
2021-10-15 21:08:50,492 {'epoch': 78, 'lr': 0.0007857981298177435, 'train_loss': 0.0011620532210257135, 'mae': 0.26982418, 'elapsed_time': 78.1258316040039}
2021-10-15 21:08:50,667 multi task weight : 0.804
2021-10-15 21:10:08,354 {'epoch': 79, 'lr': 0.000780653430161652, 'train_loss': 0.001191957154471089, 'mae': 0.26081213, 'elapsed_time': 77.8616874217987}
2021-10-15 21:10:08,529 multi task weight : 0.8053333333333333
2021-10-15 21:11:26,239 {'epoch': 80, 'lr': 0.0007754652016334621, 'train_loss': 0.0012208402217313342, 'mae': 0.20807332, 'elapsed_time': 77.88471674919128}
2021-10-15 21:11:26,410 multi task weight : 0.8066666666666666
2021-10-15 21:12:44,139 {'epoch': 81, 'lr': 0.0007702342635146022, 'train_loss': 0.0010333081323473244, 'mae': 0.1901227, 'elapsed_time': 77.89967179298401}
2021-10-15 21:12:44,759 multi task weight : 0.808
2021-10-15 21:14:02,234 {'epoch': 82, 'lr': 0.0007649614418308403, 'train_loss': 0.0010418801416005419, 'mae': 0.21058287, 'elapsed_time': 77.65216135978699}
2021-10-15 21:14:02,399 multi task weight : 0.8093333333333333
2021-10-15 21:15:19,675 {'epoch': 83, 'lr': 0.0007596475692218447, 'train_loss': 0.0012660775649638426, 'mae': 0.22821552, 'elapsed_time': 77.4402220249176}
2021-10-15 21:15:19,837 multi task weight : 0.8106666666666666
2021-10-15 21:16:37,234 {'epoch': 84, 'lr': 0.0007542934848097005, 'train_loss': 0.0012232474526026299, 'mae': 0.22679113, 'elapsed_time': 77.55883502960205}
2021-10-15 21:16:37,403 multi task weight : 0.812
2021-10-15 21:17:55,006 {'epoch': 85, 'lr': 0.0007489000340664033, 'train_loss': 0.0011125353765485697, 'mae': 0.2129594, 'elapsed_time': 77.77097225189209}
2021-10-15 21:17:55,189 multi task weight : 0.8133333333333334
2021-10-15 21:19:13,230 {'epoch': 86, 'lr': 0.000743468068680348, 'train_loss': 0.0010883496761954013, 'mae': 0.19946548, 'elapsed_time': 78.22410535812378}
2021-10-15 21:19:13,408 multi task weight : 0.8146666666666667
2021-10-15 21:20:31,290 {'epoch': 87, 'lr': 0.0007379984464218386, 'train_loss': 0.0010655452065895614, 'mae': 0.25452095, 'elapsed_time': 78.05930662155151}
2021-10-15 21:20:31,473 multi task weight : 0.8160000000000001
2021-10-15 21:21:49,254 {'epoch': 88, 'lr': 0.0007324920310076356, 'train_loss': 0.0010489826566478604, 'mae': 0.19764726, 'elapsed_time': 77.96348357200623}
2021-10-15 21:21:49,422 multi task weight : 0.8173333333333334
2021-10-15 21:23:06,949 {'epoch': 89, 'lr': 0.0007269496919645652, 'train_loss': 0.0009923386837450221, 'mae': 0.18773708, 'elapsed_time': 77.69463968276978}
2021-10-15 21:23:07,532 multi task weight : 0.8186666666666667
2021-10-15 21:24:24,435 {'epoch': 90, 'lr': 0.0007213723044922109, 'train_loss': 0.0009811005024936833, 'mae': 0.20030025, 'elapsed_time': 77.05804204940796}
2021-10-15 21:24:24,600 multi task weight : 0.8200000000000001
2021-10-15 21:25:41,272 {'epoch': 91, 'lr': 0.0007157607493247101, 'train_loss': 0.001005720029936238, 'mae': 0.20191008, 'elapsed_time': 76.83639430999756}
2021-10-15 21:25:41,447 multi task weight : 0.8213333333333334
2021-10-15 21:26:58,413 {'epoch': 92, 'lr': 0.0007101159125916748, 'train_loss': 0.0009516521128026597, 'mae': 0.20519112, 'elapsed_time': 77.14016318321228}
2021-10-15 21:26:58,577 multi task weight : 0.8226666666666667
2021-10-15 21:28:15,377 {'epoch': 93, 'lr': 0.0007044386856782622, 'train_loss': 0.0010123932051532233, 'mae': 0.19499743, 'elapsed_time': 76.96399879455566}
2021-10-15 21:28:15,555 multi task weight : 0.8240000000000001
2021-10-15 21:29:32,496 {'epoch': 94, 'lr': 0.0006987299650844144, 'train_loss': 0.0009282329633851727, 'mae': 0.19081174, 'elapsed_time': 77.11822414398193}
2021-10-15 21:29:32,664 multi task weight : 0.8253333333333334
2021-10-15 21:30:49,747 {'epoch': 95, 'lr': 0.0006929906522832908, 'train_loss': 0.0010530370431399805, 'mae': 0.19636102, 'elapsed_time': 77.25133848190308}
2021-10-15 21:30:49,929 multi task weight : 0.8266666666666667
2021-10-15 21:32:06,442 {'epoch': 96, 'lr': 0.0006872216535789149, 'train_loss': 0.0009250817893256882, 'mae': 0.27397847, 'elapsed_time': 76.69460916519165}
2021-10-15 21:32:06,612 multi task weight : 0.8280000000000001
2021-10-15 21:33:23,385 {'epoch': 97, 'lr': 0.0006814238799630584, 'train_loss': 0.0009784493200367377, 'mae': 0.19629219, 'elapsed_time': 76.94221544265747}
2021-10-15 21:33:23,543 multi task weight : 0.8293333333333333
2021-10-15 21:34:39,850 {'epoch': 98, 'lr': 0.0006755982469713853, 'train_loss': 0.0009791326311011437, 'mae': 0.19902973, 'elapsed_time': 76.46492958068848}
2021-10-15 21:34:40,018 multi task weight : 0.8306666666666667
2021-10-15 21:35:56,673 {'epoch': 99, 'lr': 0.0006697456745388777, 'train_loss': 0.0009158326359805166, 'mae': 0.18856327, 'elapsed_time': 76.82270550727844}
2021-10-15 21:35:56,851 multi task weight : 0.8320000000000001
2021-10-15 21:37:13,748 {'epoch': 100, 'lr': 0.000663867086854568, 'train_loss': 0.0008597561514351919, 'mae': 0.18984391, 'elapsed_time': 77.07463598251343}
2021-10-15 21:37:13,932 multi task weight : 0.8333333333333333
2021-10-15 21:38:30,551 {'epoch': 101, 'lr': 0.0006579634122155984, 'train_loss': 0.0008266474919565234, 'mae': 0.18398495, 'elapsed_time': 76.80201506614685}
2021-10-15 21:38:31,135 multi task weight : 0.8346666666666667
2021-10-15 21:39:47,777 {'epoch': 102, 'lr': 0.0006520355828806316, 'train_loss': 0.0008294684142170559, 'mae': 0.1831495, 'elapsed_time': 76.80535650253296}
2021-10-15 21:39:48,373 multi task weight : 0.8360000000000001
2021-10-15 21:41:04,727 {'epoch': 103, 'lr': 0.0006460845349226375, 'train_loss': 0.0010904243820753614, 'mae': 0.21595654, 'elapsed_time': 76.518141746521}
2021-10-15 21:41:04,894 multi task weight : 0.8373333333333333
2021-10-15 21:42:21,326 {'epoch': 104, 'lr': 0.0006401112080810754, 'train_loss': 0.0009377777764068841, 'mae': 0.1877122, 'elapsed_time': 76.59902906417847}
2021-10-15 21:42:21,483 multi task weight : 0.8386666666666667
2021-10-15 21:43:38,308 {'epoch': 105, 'lr': 0.0006341165456134983, 'train_loss': 0.0008041359262011397, 'mae': 0.17878559, 'elapsed_time': 76.98165130615234}
2021-10-15 21:43:38,891 multi task weight : 0.8400000000000001
2021-10-15 21:44:55,640 {'epoch': 106, 'lr': 0.0006281014941466025, 'train_loss': 0.0007795344391372364, 'mae': 0.18264775, 'elapsed_time': 76.90723824501038}
2021-10-15 21:44:55,803 multi task weight : 0.8413333333333333
2021-10-15 21:46:12,208 {'epoch': 107, 'lr': 0.0006220670035267433, 'train_loss': 0.0007871610573520717, 'mae': 0.18850413, 'elapsed_time': 76.56757283210754}
2021-10-15 21:46:12,379 multi task weight : 0.8426666666666667
2021-10-15 21:47:29,077 {'epoch': 108, 'lr': 0.0006160140266699433, 'train_loss': 0.0008249403880458545, 'mae': 0.18771651, 'elapsed_time': 76.86818242073059}
2021-10-15 21:47:29,259 multi task weight : 0.8440000000000001
2021-10-15 21:48:45,968 {'epoch': 109, 'lr': 0.0006099435194114167, 'train_loss': 0.0008924475390244352, 'mae': 0.20013928, 'elapsed_time': 76.89119338989258}
2021-10-15 21:48:46,146 multi task weight : 0.8453333333333333
2021-10-15 21:50:02,509 {'epoch': 110, 'lr': 0.0006038564403546311, 'train_loss': 0.0008023775264749154, 'mae': 0.18515734, 'elapsed_time': 76.5399067401886}
2021-10-15 21:50:02,684 multi task weight : 0.8466666666666667
2021-10-15 21:51:18,818 {'epoch': 111, 'lr': 0.0005977537507199332, 'train_loss': 0.0007960154078135512, 'mae': 0.18394002, 'elapsed_time': 76.30895805358887}
2021-10-15 21:51:18,983 multi task weight : 0.8480000000000001
2021-10-15 21:52:35,690 {'epoch': 112, 'lr': 0.0005916364141927612, 'train_loss': 0.00081447977992361, 'mae': 0.1898659, 'elapsed_time': 76.87197828292847}
2021-10-15 21:52:35,846 multi task weight : 0.8493333333333333
2021-10-15 21:53:52,375 {'epoch': 113, 'lr': 0.000585505396771467, 'train_loss': 0.0007692107611080919, 'mae': 0.17879155, 'elapsed_time': 76.68397736549377}
2021-10-15 21:53:52,539 multi task weight : 0.8506666666666667
2021-10-15 21:55:08,982 {'epoch': 114, 'lr': 0.0005793616666147743, 'train_loss': 0.0007467875337367661, 'mae': 0.18554915, 'elapsed_time': 76.6069107055664}
2021-10-15 21:55:09,148 multi task weight : 0.8520000000000001
2021-10-15 21:56:25,688 {'epoch': 115, 'lr': 0.0005732061938888954, 'train_loss': 0.0007571874160475096, 'mae': 0.1813352, 'elapsed_time': 76.70533752441406}
2021-10-15 21:56:25,854 multi task weight : 0.8533333333333333
2021-10-15 21:57:42,283 {'epoch': 116, 'lr': 0.0005670399506143301, 'train_loss': 0.0007350628854888334, 'mae': 0.17168584, 'elapsed_time': 76.59497261047363}
2021-10-15 21:57:42,882 multi task weight : 0.8546666666666667
2021-10-15 21:58:59,025 {'epoch': 117, 'lr': 0.0005608639105123728, 'train_loss': 0.0007219492771950994, 'mae': 0.17781273, 'elapsed_time': 76.3114492893219}
2021-10-15 21:58:59,186 multi task weight : 0.8560000000000001
2021-10-15 22:00:15,595 {'epoch': 118, 'lr': 0.0005546790488513508, 'train_loss': 0.0007066654585761057, 'mae': 0.17286243, 'elapsed_time': 76.56907653808594}
2021-10-15 22:00:15,754 multi task weight : 0.8573333333333333
2021-10-15 22:01:32,109 {'epoch': 119, 'lr': 0.0005484863422926174, 'train_loss': 0.0007020439181138618, 'mae': 0.17423327, 'elapsed_time': 76.51382398605347}
2021-10-15 22:01:32,264 multi task weight : 0.8586666666666667
2021-10-15 22:02:48,760 {'epoch': 120, 'lr': 0.0005422867687363261, 'train_loss': 0.0008390253238167646, 'mae': 0.18753672, 'elapsed_time': 76.65037369728088}
2021-10-15 22:02:48,943 multi task weight : 0.8600000000000001
2021-10-15 22:04:05,303 {'epoch': 121, 'lr': 0.0005360813071670096, 'train_loss': 0.0007140394373049477, 'mae': 0.17384897, 'elapsed_time': 76.54251432418823}
2021-10-15 22:04:05,473 multi task weight : 0.8613333333333333
2021-10-15 22:05:22,132 {'epoch': 122, 'lr': 0.0005298709374989853, 'train_loss': 0.0006671381620548275, 'mae': 0.172109, 'elapsed_time': 76.82909107208252}
2021-10-15 22:05:22,292 multi task weight : 0.8626666666666667
2021-10-15 22:06:38,988 {'epoch': 123, 'lr': 0.000523656640421617, 'train_loss': 0.0006741583592957657, 'mae': 0.17523699, 'elapsed_time': 76.85508918762207}
2021-10-15 22:06:39,153 multi task weight : 0.864
2021-10-15 22:07:56,274 {'epoch': 124, 'lr': 0.0005174393972444516, 'train_loss': 0.0006789188945605472, 'mae': 0.17141058, 'elapsed_time': 77.28564596176147}
2021-10-15 22:07:56,886 multi task weight : 0.8653333333333333
2021-10-15 22:09:13,986 {'epoch': 125, 'lr': 0.0005112201897422591, 'train_loss': 0.0006518818371397837, 'mae': 0.16833521, 'elapsed_time': 77.2681519985199}
2021-10-15 22:09:14,585 multi task weight : 0.8666666666666666
2021-10-15 22:10:31,784 {'epoch': 126, 'lr': 0.0005049999999999995, 'train_loss': 0.0006635514088592204, 'mae': 0.17043923, 'elapsed_time': 77.3620092868805}
2021-10-15 22:10:31,948 multi task weight : 0.868
2021-10-15 22:11:49,386 {'epoch': 127, 'lr': 0.0004987798102577399, 'train_loss': 0.0006509540489003941, 'mae': 0.17277655, 'elapsed_time': 77.6019127368927}
2021-10-15 22:11:49,567 multi task weight : 0.8693333333333333
2021-10-15 22:13:06,885 {'epoch': 128, 'lr': 0.0004925606027555475, 'train_loss': 0.0006517864908156528, 'mae': 0.17154332, 'elapsed_time': 77.49780797958374}
2021-10-15 22:13:07,066 multi task weight : 0.8706666666666667
2021-10-15 22:14:24,154 {'epoch': 129, 'lr': 0.00048634335957838186, 'train_loss': 0.0006493837356004515, 'mae': 0.18389498, 'elapsed_time': 77.26881909370422}
2021-10-15 22:14:24,320 multi task weight : 0.872
2021-10-15 22:15:41,336 {'epoch': 130, 'lr': 0.0004801290625010136, 'train_loss': 0.0006431950978327461, 'mae': 0.17407224, 'elapsed_time': 77.18236041069031}
2021-10-15 22:15:41,501 multi task weight : 0.8733333333333333
2021-10-15 22:16:58,758 {'epoch': 131, 'lr': 0.00047391869283298953, 'train_loss': 0.0006388838539323402, 'mae': 0.16844316, 'elapsed_time': 77.42095351219177}
2021-10-15 22:16:58,930 multi task weight : 0.8746666666666667
2021-10-15 22:18:16,329 {'epoch': 132, 'lr': 0.0004677132312636728, 'train_loss': 0.0006280283108501738, 'mae': 0.17370355, 'elapsed_time': 77.57116627693176}
2021-10-15 22:18:16,511 multi task weight : 0.876
2021-10-15 22:19:34,184 {'epoch': 133, 'lr': 0.00046151365770738165, 'train_loss': 0.0006197272372204314, 'mae': 0.1694912, 'elapsed_time': 77.85460829734802}
2021-10-15 22:19:34,358 multi task weight : 0.8773333333333333
2021-10-15 22:20:52,147 {'epoch': 134, 'lr': 0.0004553209511486482, 'train_loss': 0.0006065850120810502, 'mae': 0.16895819, 'elapsed_time': 77.96240091323853}
2021-10-15 22:20:52,318 multi task weight : 0.8786666666666667
2021-10-15 22:22:09,838 {'epoch': 135, 'lr': 0.00044913608948762607, 'train_loss': 0.0005992061629486526, 'mae': 0.16967024, 'elapsed_time': 77.69044756889343}
2021-10-15 22:22:10,019 multi task weight : 0.88
2021-10-15 22:23:27,098 {'epoch': 136, 'lr': 0.00044296004938566895, 'train_loss': 0.000591924427307999, 'mae': 0.16829488, 'elapsed_time': 77.2596926689148}
2021-10-15 22:23:27,680 multi task weight : 0.8813333333333333
2021-10-15 22:24:44,003 {'epoch': 137, 'lr': 0.0004367938061111037, 'train_loss': 0.0005868522001638999, 'mae': 0.17083605, 'elapsed_time': 76.48209476470947}
2021-10-15 22:24:44,166 multi task weight : 0.8826666666666667
2021-10-15 22:26:00,473 {'epoch': 138, 'lr': 0.00043063833338522476, 'train_loss': 0.0005812014237100554, 'mae': 0.16579135, 'elapsed_time': 76.4695930480957}
2021-10-15 22:26:01,084 multi task weight : 0.884
2021-10-15 22:27:17,662 {'epoch': 139, 'lr': 0.00042449460322853215, 'train_loss': 0.0005757001132967853, 'mae': 0.16689104, 'elapsed_time': 76.74512934684753}
2021-10-15 22:27:17,833 multi task weight : 0.8853333333333333
2021-10-15 22:28:34,220 {'epoch': 140, 'lr': 0.00041836358580723794, 'train_loss': 0.0005699292525175077, 'mae': 0.16596493, 'elapsed_time': 76.55783772468567}
2021-10-15 22:28:34,401 multi task weight : 0.8866666666666667
2021-10-15 22:29:50,961 {'epoch': 141, 'lr': 0.00041224624928006584, 'train_loss': 0.0005680236535244346, 'mae': 0.1646324, 'elapsed_time': 76.74083137512207}
2021-10-15 22:29:51,577 multi task weight : 0.888
2021-10-15 22:31:07,893 {'epoch': 142, 'lr': 0.0004061435596453681, 'train_loss': 0.0005654302460244548, 'mae': 0.16519943, 'elapsed_time': 76.49850821495056}
2021-10-15 22:31:08,080 multi task weight : 0.8893333333333333
2021-10-15 22:32:24,554 {'epoch': 143, 'lr': 0.0004000564805885825, 'train_loss': 0.0005558898457066162, 'mae': 0.1659782, 'elapsed_time': 76.66038250923157}
2021-10-15 22:32:24,716 multi task weight : 0.8906666666666667
2021-10-15 22:33:41,220 {'epoch': 144, 'lr': 0.00039398597333005584, 'train_loss': 0.0005452326705063353, 'mae': 0.16831297, 'elapsed_time': 76.66653394699097}
2021-10-15 22:33:41,383 multi task weight : 0.892
2021-10-15 22:34:58,094 {'epoch': 145, 'lr': 0.00038793299647325586, 'train_loss': 0.0005392182661582098, 'mae': 0.16470423, 'elapsed_time': 76.87345266342163}
2021-10-15 22:34:58,263 multi task weight : 0.8933333333333333
2021-10-15 22:36:14,894 {'epoch': 146, 'lr': 0.00038189850585339653, 'train_loss': 0.000533815937313005, 'mae': 0.16907121, 'elapsed_time': 76.79973554611206}
2021-10-15 22:36:15,058 multi task weight : 0.8946666666666667
2021-10-15 22:37:31,766 {'epoch': 147, 'lr': 0.0003758834543865006, 'train_loss': 0.0005358782761672856, 'mae': 0.16388367, 'elapsed_time': 76.87127256393433}
2021-10-15 22:37:32,364 multi task weight : 0.896
2021-10-15 22:38:48,859 {'epoch': 148, 'lr': 0.0003698887919189236, 'train_loss': 0.0005230379926572776, 'mae': 0.16432105, 'elapsed_time': 76.65956592559814}
2021-10-15 22:38:49,033 multi task weight : 0.8973333333333333
2021-10-15 22:40:05,405 {'epoch': 149, 'lr': 0.0003639154650773614, 'train_loss': 0.0005112365054829457, 'mae': 0.16314366, 'elapsed_time': 76.54523730278015}
2021-10-15 22:40:06,022 multi task weight : 0.8986666666666667
2021-10-15 22:41:22,798 {'epoch': 150, 'lr': 0.00035796441711936726, 'train_loss': 0.000511925771704093, 'mae': 0.16299196, 'elapsed_time': 76.96453905105591}
2021-10-15 22:41:23,414 multi task weight : 0.9
2021-10-15 22:42:39,682 {'epoch': 151, 'lr': 0.00035203658778440065, 'train_loss': 0.0005038358842629403, 'mae': 0.16696195, 'elapsed_time': 76.44500541687012}
2021-10-15 22:42:39,850 multi task weight : 0.9
2021-10-15 22:43:56,061 {'epoch': 152, 'lr': 0.00034613291314543093, 'train_loss': 0.0005011749293993371, 'mae': 0.16295817, 'elapsed_time': 76.37836122512817}
2021-10-15 22:43:56,650 multi task weight : 0.9
2021-10-15 22:45:12,934 {'epoch': 153, 'lr': 0.00034025432546112123, 'train_loss': 0.0005060348144409632, 'mae': 0.16373263, 'elapsed_time': 76.44092845916748}
2021-10-15 22:45:13,092 multi task weight : 0.9
2021-10-15 22:46:29,767 {'epoch': 154, 'lr': 0.00033440175302861365, 'train_loss': 0.000490235724912881, 'mae': 0.16167788, 'elapsed_time': 76.83325409889221}
2021-10-15 22:46:30,388 multi task weight : 0.9
2021-10-15 22:47:46,811 {'epoch': 155, 'lr': 0.00032857612003694053, 'train_loss': 0.0004778204420353104, 'mae': 0.16184998, 'elapsed_time': 76.61503505706787}
2021-10-15 22:47:46,976 multi task weight : 0.9
2021-10-15 22:49:03,425 {'epoch': 156, 'lr': 0.000322778346421084, 'train_loss': 0.00047257015107580964, 'mae': 0.16567051, 'elapsed_time': 76.61403512954712}
2021-10-15 22:49:03,579 multi task weight : 0.9
2021-10-15 22:50:20,135 {'epoch': 157, 'lr': 0.00031700934771670806, 'train_loss': 0.0004745017721720726, 'mae': 0.16299653, 'elapsed_time': 76.70964980125427}
2021-10-15 22:50:20,293 multi task weight : 0.9
2021-10-15 22:51:37,115 {'epoch': 158, 'lr': 0.00031127003491558447, 'train_loss': 0.00045904679035038405, 'mae': 0.1602364, 'elapsed_time': 76.9794008731842}
2021-10-15 22:51:37,694 multi task weight : 0.9
2021-10-15 22:52:54,325 {'epoch': 159, 'lr': 0.00030556131432173654, 'train_loss': 0.00045619720186991275, 'mae': 0.16038217, 'elapsed_time': 76.7831244468689}
2021-10-15 22:52:54,489 multi task weight : 0.9
2021-10-15 22:54:11,150 {'epoch': 160, 'lr': 0.00029988408740832395, 'train_loss': 0.0004540408922592641, 'mae': 0.16254249, 'elapsed_time': 76.82444286346436}
2021-10-15 22:54:11,319 multi task weight : 0.9
2021-10-15 22:55:27,871 {'epoch': 161, 'lr': 0.0002942392506752886, 'train_loss': 0.0004456558285776039, 'mae': 0.16308835, 'elapsed_time': 76.72027969360352}
2021-10-15 22:55:28,041 multi task weight : 0.9
2021-10-15 22:56:44,873 {'epoch': 162, 'lr': 0.00028862769550778793, 'train_loss': 0.0004415239668479023, 'mae': 0.16244732, 'elapsed_time': 77.00232648849487}
2021-10-15 22:56:45,057 multi task weight : 0.9
2021-10-15 22:58:01,697 {'epoch': 163, 'lr': 0.0002830503080354337, 'train_loss': 0.00043983177730605016, 'mae': 0.16028303, 'elapsed_time': 76.823162317276}
2021-10-15 22:58:01,870 multi task weight : 0.9
2021-10-15 22:59:18,186 {'epoch': 164, 'lr': 0.00027750796899236315, 'train_loss': 0.00043219427533097184, 'mae': 0.1609352, 'elapsed_time': 76.48870468139648}
2021-10-15 22:59:18,339 multi task weight : 0.9
2021-10-15 23:00:34,890 {'epoch': 165, 'lr': 0.00027200155357816016, 'train_loss': 0.00042386899323920447, 'mae': 0.15951553, 'elapsed_time': 76.70311784744263}
2021-10-15 23:00:35,477 multi task weight : 0.9
2021-10-15 23:01:52,036 {'epoch': 166, 'lr': 0.0002665319313196507, 'train_loss': 0.00042164034109545357, 'mae': 0.16164394, 'elapsed_time': 76.71692991256714}
2021-10-15 23:01:52,197 multi task weight : 0.9
2021-10-15 23:03:08,303 {'epoch': 167, 'lr': 0.0002610999659335952, 'train_loss': 0.000417978837629416, 'mae': 0.15987006, 'elapsed_time': 76.26689314842224}
2021-10-15 23:03:08,478 multi task weight : 0.9
2021-10-15 23:04:25,169 {'epoch': 168, 'lr': 0.00025570651519029805, 'train_loss': 0.00041427055640409056, 'mae': 0.15844652, 'elapsed_time': 76.86551332473755}
2021-10-15 23:04:25,785 multi task weight : 0.9
2021-10-15 23:05:42,340 {'epoch': 169, 'lr': 0.0002503524307781539, 'train_loss': 0.000405558103274596, 'mae': 0.15965919, 'elapsed_time': 76.72187232971191}
2021-10-15 23:05:42,505 multi task weight : 0.9
2021-10-15 23:06:59,251 {'epoch': 170, 'lr': 0.00024503855816915824, 'train_loss': 0.00039863351564619855, 'mae': 0.1591213, 'elapsed_time': 76.91041111946106}
2021-10-15 23:06:59,412 multi task weight : 0.9
2021-10-15 23:08:15,866 {'epoch': 171, 'lr': 0.00023976573648539645, 'train_loss': 0.00039370159789514983, 'mae': 0.16072112, 'elapsed_time': 76.61471891403198}
2021-10-15 23:08:16,027 multi task weight : 0.9
2021-10-15 23:09:32,635 {'epoch': 172, 'lr': 0.00023453479836653654, 'train_loss': 0.00039077590943627043, 'mae': 0.15918285, 'elapsed_time': 76.76846027374268}
2021-10-15 23:09:32,791 multi task weight : 0.9
2021-10-15 23:10:49,559 {'epoch': 173, 'lr': 0.00022934656983834663, 'train_loss': 0.000389924421017734, 'mae': 0.15916121, 'elapsed_time': 76.92304420471191}
2021-10-15 23:10:49,715 multi task weight : 0.9
2021-10-15 23:12:05,987 {'epoch': 174, 'lr': 0.00022420187018225534, 'train_loss': 0.0003816913585613665, 'mae': 0.15772642, 'elapsed_time': 76.42792844772339}
2021-10-15 23:12:06,587 multi task weight : 0.9
2021-10-15 23:13:23,267 {'epoch': 175, 'lr': 0.00021910151180597735, 'train_loss': 0.00037705793815082946, 'mae': 0.15816313, 'elapsed_time': 76.84092879295349}
2021-10-15 23:13:23,421 multi task weight : 0.9
2021-10-15 23:14:40,029 {'epoch': 176, 'lr': 0.00021404630011522558, 'train_loss': 0.0003743140904555027, 'mae': 0.15829122, 'elapsed_time': 76.76118183135986}
2021-10-15 23:14:40,188 multi task weight : 0.9
2021-10-15 23:15:56,565 {'epoch': 177, 'lr': 0.00020903703338652808, 'train_loss': 0.00037110913199273223, 'mae': 0.16055183, 'elapsed_time': 76.5361123085022}
2021-10-15 23:15:56,732 multi task weight : 0.9
2021-10-15 23:17:13,195 {'epoch': 178, 'lr': 0.00020407450264117003, 'train_loss': 0.0003650971917303451, 'mae': 0.15754025, 'elapsed_time': 76.6295075416565}
2021-10-15 23:17:13,828 multi task weight : 0.9
2021-10-15 23:18:30,024 {'epoch': 179, 'lr': 0.00019915949152028416, 'train_loss': 0.0003617146164129474, 'mae': 0.15809588, 'elapsed_time': 76.37597274780273}
2021-10-15 23:18:30,199 multi task weight : 0.9
2021-10-15 23:19:46,652 {'epoch': 180, 'lr': 0.0001942927761611031, 'train_loss': 0.00035774283804804224, 'mae': 0.15770046, 'elapsed_time': 76.62802386283875}
2021-10-15 23:19:46,819 multi task weight : 0.9
2021-10-15 23:21:03,405 {'epoch': 181, 'lr': 0.00018947512507439836, 'train_loss': 0.0003534871610245656, 'mae': 0.15949228, 'elapsed_time': 76.75297522544861}
2021-10-15 23:21:03,586 multi task weight : 0.9
2021-10-15 23:22:20,289 {'epoch': 182, 'lr': 0.00018470729902312478, 'train_loss': 0.00034836008509089015, 'mae': 0.15668833, 'elapsed_time': 76.88298916816711}
2021-10-15 23:22:20,901 multi task weight : 0.9
2021-10-15 23:23:37,221 {'epoch': 183, 'lr': 0.00017999005090228642, 'train_loss': 0.00034808647208473713, 'mae': 0.15743639, 'elapsed_time': 76.48073768615723}
2021-10-15 23:23:37,381 multi task weight : 0.9
2021-10-15 23:24:53,962 {'epoch': 184, 'lr': 0.00017532412562004527, 'train_loss': 0.00034139625397322585, 'mae': 0.15806587, 'elapsed_time': 76.73990559577942}
2021-10-15 23:24:54,114 multi task weight : 0.9
2021-10-15 23:26:10,748 {'epoch': 185, 'lr': 0.00017071025998009268, 'train_loss': 0.00033629218917500506, 'mae': 0.15663068, 'elapsed_time': 76.78616118431091}
2021-10-15 23:26:11,337 multi task weight : 0.9
2021-10-15 23:27:27,978 {'epoch': 186, 'lr': 0.00016614918256529904, 'train_loss': 0.00033414780691196934, 'mae': 0.15671451, 'elapsed_time': 76.80027675628662}
2021-10-15 23:27:28,136 multi task weight : 0.9
2021-10-15 23:28:44,727 {'epoch': 187, 'lr': 0.0001616416136226614, 'train_loss': 0.00032841932322309064, 'mae': 0.15679999, 'elapsed_time': 76.74852442741394}
2021-10-15 23:28:44,904 multi task weight : 0.9
2021-10-15 23:30:01,373 {'epoch': 188, 'lr': 0.00015718826494956934, 'train_loss': 0.0003271155120438302, 'mae': 0.15622534, 'elapsed_time': 76.64610934257507}
2021-10-15 23:30:01,965 multi task weight : 0.9
2021-10-15 23:31:18,631 {'epoch': 189, 'lr': 0.00015278983978140356, 'train_loss': 0.00032532888003597205, 'mae': 0.15738323, 'elapsed_time': 76.82623314857483}
2021-10-15 23:31:18,794 multi task weight : 0.9
2021-10-15 23:32:35,189 {'epoch': 190, 'lr': 0.00014844703268048588, 'train_loss': 0.00031939128881617836, 'mae': 0.1569059, 'elapsed_time': 76.55708575248718}
2021-10-15 23:32:35,373 multi task weight : 0.9
2021-10-15 23:33:51,757 {'epoch': 191, 'lr': 0.00014416052942640105, 'train_loss': 0.00031560015925770964, 'mae': 0.15886955, 'elapsed_time': 76.56751346588135}
2021-10-15 23:33:51,915 multi task weight : 0.9
2021-10-15 23:35:08,407 {'epoch': 192, 'lr': 0.00013993100690770378, 'train_loss': 0.0003165357989352258, 'mae': 0.15663615, 'elapsed_time': 76.65009784698486}
2021-10-15 23:35:08,571 multi task weight : 0.9
2021-10-15 23:36:25,050 {'epoch': 193, 'lr': 0.00013575913301502968, 'train_loss': 0.00030950446945792246, 'mae': 0.1565765, 'elapsed_time': 76.64204573631287}
2021-10-15 23:36:25,224 multi task weight : 0.9
2021-10-15 23:37:41,911 {'epoch': 194, 'lr': 0.00013164556653562842, 'train_loss': 0.00030821288748835, 'mae': 0.15641885, 'elapsed_time': 76.86052417755127}
2021-10-15 23:37:42,097 multi task weight : 0.9
2021-10-15 23:38:58,655 {'epoch': 195, 'lr': 0.00012759095704933325, 'train_loss': 0.0003030471422884186, 'mae': 0.15585925, 'elapsed_time': 76.7442901134491}
2021-10-15 23:38:59,255 multi task weight : 0.9
2021-10-15 23:40:15,680 {'epoch': 196, 'lr': 0.0001235959448259842, 'train_loss': 0.000300119507865273, 'mae': 0.15566768, 'elapsed_time': 76.59972834587097}
2021-10-15 23:40:16,266 multi task weight : 0.9
2021-10-15 23:41:32,805 {'epoch': 197, 'lr': 0.00011966116072432329, 'train_loss': 0.00029765387220620477, 'mae': 0.15563287, 'elapsed_time': 76.6962308883667}
2021-10-15 23:41:33,395 multi task weight : 0.9
2021-10-15 23:42:50,050 {'epoch': 198, 'lr': 0.00011578722609237365, 'train_loss': 0.0002937305308236556, 'mae': 0.15603743, 'elapsed_time': 76.80749225616455}
2021-10-15 23:42:50,212 multi task weight : 0.9
2021-10-15 23:44:06,928 {'epoch': 199, 'lr': 0.00011197475266932134, 'train_loss': 0.00029170193911250494, 'mae': 0.1557425, 'elapsed_time': 76.87784600257874}
2021-10-15 23:44:07,128 multi task weight : 0.9
2021-10-15 23:45:23,987 {'epoch': 200, 'lr': 0.00010822434248891588, 'train_loss': 0.00028821460148498586, 'mae': 0.15580511, 'elapsed_time': 77.05844116210938}
2021-10-15 23:45:24,147 multi task weight : 0.9
2021-10-15 23:46:40,856 {'epoch': 201, 'lr': 0.00010453658778440093, 'train_loss': 0.00028456804858529265, 'mae': 0.15561877, 'elapsed_time': 76.86863899230957}
2021-10-15 23:46:41,434 multi task weight : 0.9
2021-10-15 23:47:58,156 {'epoch': 202, 'lr': 0.00010091207089499381, 'train_loss': 0.000273753548932192, 'mae': 0.15517874, 'elapsed_time': 76.87713408470154}
2021-10-15 23:47:58,749 multi task weight : 0.9
2021-10-15 23:49:15,191 {'epoch': 203, 'lr': 9.735136417392827e-05, 'train_loss': 0.0002676793727147374, 'mae': 0.15570353, 'elapsed_time': 76.60279560089111}
2021-10-15 23:49:15,351 multi task weight : 0.9
2021-10-15 23:50:32,086 {'epoch': 204, 'lr': 9.385502989807265e-05, 'train_loss': 0.00026309508737732117, 'mae': 0.15522355, 'elapsed_time': 76.89527559280396}
2021-10-15 23:50:32,263 multi task weight : 0.9
2021-10-15 23:51:49,009 {'epoch': 205, 'lr': 9.042362017913976e-05, 'train_loss': 0.00025791147692317873, 'mae': 0.15546927, 'elapsed_time': 76.92254281044006}
2021-10-15 23:51:49,167 multi task weight : 0.9
2021-10-15 23:53:06,014 {'epoch': 206, 'lr': 8.705767687650242e-05, 'train_loss': 0.000254562785392263, 'mae': 0.15538521, 'elapsed_time': 77.00440502166748}
2021-10-15 23:53:06,165 multi task weight : 0.9
2021-10-15 23:54:22,771 {'epoch': 207, 'lr': 8.375773151162748e-05, 'train_loss': 0.00025160972931903076, 'mae': 0.15535888, 'elapsed_time': 76.75661253929138}
2021-10-15 23:54:22,927 multi task weight : 0.9
2021-10-15 23:55:39,848 {'epoch': 208, 'lr': 8.052430518414211e-05, 'train_loss': 0.00024855841590601374, 'mae': 0.15535659, 'elapsed_time': 77.07647180557251}
2021-10-15 23:55:40,007 multi task weight : 0.9
2021-10-15 23:56:56,427 {'epoch': 209, 'lr': 7.735790848954633e-05, 'train_loss': 0.000246795604710274, 'mae': 0.15512356, 'elapsed_time': 76.57830095291138}
2021-10-15 23:56:57,031 multi task weight : 0.9
2021-10-15 23:58:13,565 {'epoch': 210, 'lr': 7.425904143858468e-05, 'train_loss': 0.00024281439295494058, 'mae': 0.15524314, 'elapsed_time': 76.7070426940918}
2021-10-15 23:58:13,717 multi task weight : 0.9
2021-10-15 23:59:30,441 {'epoch': 211, 'lr': 7.122819337828743e-05, 'train_loss': 0.00024005921583467165, 'mae': 0.1550548, 'elapsed_time': 76.87537980079651}
2021-10-15 23:59:31,022 multi task weight : 0.9
2021-10-16 00:00:47,688 {'epoch': 212, 'lr': 6.826584291469799e-05, 'train_loss': 0.00023745157557797007, 'mae': 0.15532677, 'elapsed_time': 76.81057715415955}
2021-10-16 00:00:47,846 multi task weight : 0.9
2021-10-16 00:02:04,516 {'epoch': 213, 'lr': 6.53724578372954e-05, 'train_loss': 0.000235579078066588, 'mae': 0.15495016, 'elapsed_time': 76.82728672027588}
2021-10-16 00:02:05,130 multi task weight : 0.9
2021-10-16 00:03:21,958 {'epoch': 214, 'lr': 6.254849504512436e-05, 'train_loss': 0.00023320233159265905, 'mae': 0.15508427, 'elapsed_time': 76.99081897735596}
2021-10-16 00:03:22,125 multi task weight : 0.9
2021-10-16 00:04:38,525 {'epoch': 215, 'lr': 5.979440047464625e-05, 'train_loss': 0.00023070328475165597, 'mae': 0.15499339, 'elapsed_time': 76.56687927246094}
2021-10-16 00:04:38,679 multi task weight : 0.9
2021-10-16 00:05:55,309 {'epoch': 216, 'lr': 5.711060902932035e-05, 'train_loss': 0.00022960309830424483, 'mae': 0.154881, 'elapsed_time': 76.78300833702087}
2021-10-16 00:05:55,938 multi task weight : 0.9
2021-10-16 00:07:12,579 {'epoch': 217, 'lr': 5.449754451092709e-05, 'train_loss': 0.00022746682981111853, 'mae': 0.15504332, 'elapsed_time': 76.83357048034668}
2021-10-16 00:07:12,800 multi task weight : 0.9
2021-10-16 00:08:29,289 {'epoch': 218, 'lr': 5.1955619552645765e-05, 'train_loss': 0.00022459483453652137, 'mae': 0.15476923, 'elapsed_time': 76.70996427536011}
2021-10-16 00:08:29,891 multi task weight : 0.9
2021-10-16 00:09:46,515 {'epoch': 219, 'lr': 4.948523555389422e-05, 'train_loss': 0.00022236408923139749, 'mae': 0.15502918, 'elapsed_time': 76.7951409816742}
2021-10-16 00:09:46,671 multi task weight : 0.9
2021-10-16 00:11:03,298 {'epoch': 220, 'lr': 4.7086782616943164e-05, 'train_loss': 0.00022152192699935873, 'mae': 0.15482463, 'elapsed_time': 76.782958984375}
2021-10-16 00:11:03,453 multi task weight : 0.9
2021-10-16 00:12:20,013 {'epoch': 221, 'lr': 4.476063948531548e-05, 'train_loss': 0.00021945343163380407, 'mae': 0.15497614, 'elapsed_time': 76.71503591537476}
2021-10-16 00:12:20,201 multi task weight : 0.9
2021-10-16 00:13:36,500 {'epoch': 222, 'lr': 4.2507173483977006e-05, 'train_loss': 0.00021780721557488933, 'mae': 0.15487611, 'elapsed_time': 76.48610329627991}
2021-10-16 00:13:36,656 multi task weight : 0.9
2021-10-16 00:14:53,087 {'epoch': 223, 'lr': 4.03267404613323e-05, 'train_loss': 0.00021631381566394948, 'mae': 0.1548996, 'elapsed_time': 76.5869300365448}
2021-10-16 00:14:53,251 multi task weight : 0.9
2021-10-16 00:16:09,751 {'epoch': 224, 'lr': 3.821968473303203e-05, 'train_loss': 0.00021433281740624238, 'mae': 0.15487833, 'elapsed_time': 76.6628429889679}
2021-10-16 00:16:09,915 multi task weight : 0.9
2021-10-16 00:17:26,882 {'epoch': 225, 'lr': 3.6186339027601574e-05, 'train_loss': 0.0002128996875203746, 'mae': 0.15493216, 'elapsed_time': 77.13064575195312}
2021-10-16 00:17:27,046 multi task weight : 0.9
2021-10-16 00:18:43,769 {'epoch': 226, 'lr': 3.422702443389898e-05, 'train_loss': 0.00021136151299601443, 'mae': 0.15477316, 'elapsed_time': 76.88723063468933}
2021-10-16 00:18:43,923 multi task weight : 0.9
2021-10-16 00:20:00,883 {'epoch': 227, 'lr': 3.2342050350411716e-05, 'train_loss': 0.00021012068242871502, 'mae': 0.15492201, 'elapsed_time': 77.1135663986206}
2021-10-16 00:20:01,036 multi task weight : 0.9
2021-10-16 00:21:18,316 {'epoch': 228, 'lr': 3.053171443639894e-05, 'train_loss': 0.0002092987547688448, 'mae': 0.15477954, 'elapsed_time': 77.43221187591553}
2021-10-16 00:21:18,476 multi task weight : 0.9
2021-10-16 00:22:35,648 {'epoch': 229, 'lr': 2.87963025648875e-05, 'train_loss': 0.00020784254360516944, 'mae': 0.15477079, 'elapsed_time': 77.33164763450623}
2021-10-16 00:22:35,824 multi task weight : 0.9
2021-10-16 00:23:53,004 {'epoch': 230, 'lr': 2.7136088777529415e-05, 'train_loss': 0.0002068795956550271, 'mae': 0.15476616, 'elapsed_time': 77.35593032836914}
2021-10-16 00:23:53,632 multi task weight : 0.9
2021-10-16 00:25:10,680 {'epoch': 231, 'lr': 2.5551335241327604e-05, 'train_loss': 0.00020562227808600667, 'mae': 0.15482564, 'elapsed_time': 77.23021030426025}
2021-10-16 00:25:10,851 multi task weight : 0.9
2021-10-16 00:26:27,740 {'epoch': 232, 'lr': 2.4042292207236372e-05, 'train_loss': 0.00020463135089747475, 'mae': 0.15470898, 'elapsed_time': 77.05938768386841}
2021-10-16 00:26:28,406 multi task weight : 0.9
2021-10-16 00:27:45,064 {'epoch': 233, 'lr': 2.260919797064426e-05, 'train_loss': 0.00020379414602946256, 'mae': 0.15462652, 'elapsed_time': 76.86377048492432}
2021-10-16 00:27:45,653 multi task weight : 0.9
2021-10-16 00:29:02,527 {'epoch': 234, 'lr': 2.125227883374422e-05, 'train_loss': 0.00020263478878300423, 'mae': 0.15476145, 'elapsed_time': 77.0258355140686}
2021-10-16 00:29:02,715 multi task weight : 0.9
2021-10-16 00:30:19,322 {'epoch': 235, 'lr': 1.9971749069797796e-05, 'train_loss': 0.00020190024053501403, 'mae': 0.15469652, 'elapsed_time': 76.79469728469849}
2021-10-16 00:30:19,484 multi task weight : 0.9
2021-10-16 00:31:36,162 {'epoch': 236, 'lr': 1.8767810889299076e-05, 'train_loss': 0.00020109799232598052, 'mae': 0.15468068, 'elapsed_time': 76.83891987800598}
2021-10-16 00:31:36,312 multi task weight : 0.9
2021-10-16 00:32:52,773 {'epoch': 237, 'lr': 1.7640654408043353e-05, 'train_loss': 0.000200286825576944, 'mae': 0.1547068, 'elapsed_time': 76.6112551689148}
2021-10-16 00:32:52,935 multi task weight : 0.9
2021-10-16 00:34:09,953 {'epoch': 238, 'lr': 1.6590457617105317e-05, 'train_loss': 0.00019957592246117105, 'mae': 0.15470773, 'elapsed_time': 77.17927551269531}
2021-10-16 00:34:10,118 multi task weight : 0.9
