2021-10-10 18:19:33,270 Fold 0
2021-10-10 18:19:36,754 train run device : cuda:0
2021-10-10 18:20:19,480 multi task weight : 0.6
2021-10-10 18:21:34,151 {'epoch': 1, 'lr': 0.001, 'train_loss': 0.011757859350672773, 'mae': 1.2525884, 'elapsed_time': 75.69439458847046}
2021-10-10 18:21:34,928 multi task weight : 0.602
2021-10-10 18:22:49,930 {'epoch': 2, 'lr': 0.000999938933078422, 'train_loss': 0.004289746811802297, 'mae': 1.0739782, 'elapsed_time': 75.23339223861694}
2021-10-10 18:22:50,617 multi task weight : 0.604
2021-10-10 18:24:05,443 {'epoch': 3, 'lr': 0.000999755747381037, 'train_loss': 0.0037069000042061523, 'mae': 0.904515, 'elapsed_time': 75.03050661087036}
2021-10-10 18:24:06,132 multi task weight : 0.606
2021-10-10 18:25:21,259 {'epoch': 4, 'lr': 0.000999450488106175, 'train_loss': 0.003229799038669461, 'mae': 0.7597956, 'elapsed_time': 75.32575511932373}
2021-10-10 18:25:21,987 multi task weight : 0.608
2021-10-10 18:26:37,085 {'epoch': 5, 'lr': 0.0009990232305719944, 'train_loss': 0.0030453430438096988, 'mae': 0.6906866, 'elapsed_time': 75.33748960494995}
2021-10-10 18:26:37,790 multi task weight : 0.61
2021-10-10 18:27:52,967 {'epoch': 6, 'lr': 0.0009984740801978983, 'train_loss': 0.0027157736434851205, 'mae': 0.70505166, 'elapsed_time': 75.38577604293823}
2021-10-10 18:27:53,210 multi task weight : 0.612
2021-10-10 18:29:08,395 {'epoch': 7, 'lr': 0.0009978031724785245, 'train_loss': 0.0025819807701587994, 'mae': 0.5899512, 'elapsed_time': 75.42744851112366}
2021-10-10 18:29:09,143 multi task weight : 0.614
2021-10-10 18:30:24,341 {'epoch': 8, 'lr': 0.000997010672950314, 'train_loss': 0.002420671016096358, 'mae': 0.62881017, 'elapsed_time': 75.43742489814758}
2021-10-10 18:30:24,575 multi task weight : 0.616
2021-10-10 18:31:39,699 {'epoch': 9, 'lr': 0.0009960967771506664, 'train_loss': 0.002410631339979772, 'mae': 0.5866652, 'elapsed_time': 75.35722374916077}
2021-10-10 18:31:40,422 multi task weight : 0.618
2021-10-10 18:32:55,642 {'epoch': 10, 'lr': 0.0009950617105696957, 'train_loss': 0.0023746492786763758, 'mae': 0.6938258, 'elapsed_time': 75.4469702243805}
2021-10-10 18:32:55,847 multi task weight : 0.6199999999999999
2021-10-10 18:34:10,964 {'epoch': 11, 'lr': 0.0009939057285945929, 'train_loss': 0.0022637067445368067, 'mae': 0.47146454, 'elapsed_time': 75.32189345359802}
2021-10-10 18:34:11,673 multi task weight : 0.6219999999999999
2021-10-10 18:35:26,939 {'epoch': 12, 'lr': 0.0009926291164466126, 'train_loss': 0.002111931459211687, 'mae': 0.46440503, 'elapsed_time': 75.47308659553528}
2021-10-10 18:35:27,700 multi task weight : 0.6240000000000001
2021-10-10 18:36:42,868 {'epoch': 13, 'lr': 0.0009912321891107005, 'train_loss': 0.002133589088324287, 'mae': 0.4222031, 'elapsed_time': 75.4195168018341}
2021-10-10 18:36:43,572 multi task weight : 0.6259999999999999
2021-10-10 18:37:58,836 {'epoch': 14, 'lr': 0.0009897152912577737, 'train_loss': 0.0020764494283930838, 'mae': 0.42430666, 'elapsed_time': 75.47537732124329}
2021-10-10 18:37:59,078 multi task weight : 0.6279999999999999
2021-10-10 18:39:14,404 {'epoch': 15, 'lr': 0.0009880787971596797, 'train_loss': 0.002021160938778881, 'mae': 0.41912594, 'elapsed_time': 75.56784200668335}
2021-10-10 18:39:15,158 multi task weight : 0.63
2021-10-10 18:40:30,334 {'epoch': 16, 'lr': 0.0009863231105968495, 'train_loss': 0.0020165752143043014, 'mae': 0.48302233, 'elapsed_time': 75.42662477493286}
2021-10-10 18:40:30,541 multi task weight : 0.6319999999999999
2021-10-10 18:41:45,564 {'epoch': 17, 'lr': 0.000984448664758672, 'train_loss': 0.0019873436204620037, 'mae': 0.4299362, 'elapsed_time': 75.2302713394165}
2021-10-10 18:41:45,775 multi task weight : 0.634
2021-10-10 18:43:01,744 {'epoch': 18, 'lr': 0.0009824559221366096, 'train_loss': 0.002022124780249406, 'mae': 0.54870033, 'elapsed_time': 76.17960619926453}
2021-10-10 18:43:01,981 multi task weight : 0.636
2021-10-10 18:44:18,160 {'epoch': 19, 'lr': 0.0009803453744100864, 'train_loss': 0.0019329768678974521, 'mae': 0.66425127, 'elapsed_time': 76.41549777984619}
2021-10-10 18:44:18,386 multi task weight : 0.6379999999999999
2021-10-10 18:45:34,471 {'epoch': 20, 'lr': 0.0009781175423251728, 'train_loss': 0.002030775206986842, 'mae': 0.36103025, 'elapsed_time': 76.309983253479}
2021-10-10 18:45:35,186 multi task weight : 0.64
2021-10-10 18:46:51,615 {'epoch': 21, 'lr': 0.0009757729755661004, 'train_loss': 0.0018334191294993051, 'mae': 0.32789314, 'elapsed_time': 76.65027594566345}
2021-10-10 18:46:52,377 multi task weight : 0.642
2021-10-10 18:48:08,833 {'epoch': 22, 'lr': 0.0009733122526196342, 'train_loss': 0.001781568258526785, 'mae': 0.33573014, 'elapsed_time': 76.70747518539429}
2021-10-10 18:48:09,084 multi task weight : 0.6439999999999999
2021-10-10 18:49:24,976 {'epoch': 23, 'lr': 0.000970735980632341, 'train_loss': 0.0018504596819559258, 'mae': 0.41214293, 'elapsed_time': 76.14221620559692}
2021-10-10 18:49:25,178 multi task weight : 0.646
2021-10-10 18:50:40,939 {'epoch': 24, 'lr': 0.0009680447952607838, 'train_loss': 0.0017779952131157445, 'mae': 0.46548307, 'elapsed_time': 75.96208500862122}
2021-10-10 18:50:41,161 multi task weight : 0.648
2021-10-10 18:51:56,883 {'epoch': 25, 'lr': 0.0009652393605146839, 'train_loss': 0.0017297030085262042, 'mae': 0.33175665, 'elapsed_time': 75.94392013549805}
2021-10-10 18:51:57,106 multi task weight : 0.65
2021-10-10 18:53:13,007 {'epoch': 26, 'lr': 0.0009623203685930864, 'train_loss': 0.0017485284747036187, 'mae': 0.33989015, 'elapsed_time': 76.12333154678345}
2021-10-10 18:53:13,230 multi task weight : 0.652
2021-10-10 18:54:29,143 {'epoch': 27, 'lr': 0.00095928853971357, 'train_loss': 0.0018088263204608871, 'mae': 0.5411674, 'elapsed_time': 76.13570618629456}
2021-10-10 18:54:29,375 multi task weight : 0.654
2021-10-10 18:55:45,163 {'epoch': 28, 'lr': 0.0009561446219345448, 'train_loss': 0.0018247327563026396, 'mae': 0.31148127, 'elapsed_time': 76.02012348175049}
2021-10-10 18:55:45,874 multi task weight : 0.656
2021-10-10 18:57:01,721 {'epoch': 29, 'lr': 0.0009528893909706791, 'train_loss': 0.0016785510585472392, 'mae': 0.32732856, 'elapsed_time': 76.05660152435303}
2021-10-10 18:57:01,936 multi task weight : 0.6579999999999999
2021-10-10 18:58:17,718 {'epoch': 30, 'lr': 0.0009495236500015041, 'train_loss': 0.0016157427273142647, 'mae': 0.27455476, 'elapsed_time': 75.99649548530579}
2021-10-10 18:58:18,409 multi task weight : 0.66
2021-10-10 18:59:34,298 {'epoch': 31, 'lr': 0.0009460482294732414, 'train_loss': 0.0015757749354586529, 'mae': 0.30259284, 'elapsed_time': 76.08530068397522}
2021-10-10 18:59:34,543 multi task weight : 0.6619999999999999
2021-10-10 19:00:50,497 {'epoch': 32, 'lr': 0.0009424639868939027, 'train_loss': 0.0016725876639523674, 'mae': 0.2866716, 'elapsed_time': 76.19860076904297}
2021-10-10 19:00:50,718 multi task weight : 0.6639999999999999
2021-10-10 19:02:06,555 {'epoch': 33, 'lr': 0.0009387718066217117, 'train_loss': 0.0017099419770413, 'mae': 0.32990503, 'elapsed_time': 76.05796957015991}
2021-10-10 19:02:06,802 multi task weight : 0.6659999999999999
2021-10-10 19:03:22,711 {'epoch': 34, 'lr': 0.000934972599646904, 'train_loss': 0.0015785967873136598, 'mae': 0.38162482, 'elapsed_time': 76.1554217338562}
2021-10-10 19:03:22,918 multi task weight : 0.6679999999999999
2021-10-10 19:04:38,734 {'epoch': 35, 'lr': 0.0009310673033669515, 'train_loss': 0.0015578603896579655, 'mae': 0.2701012, 'elapsed_time': 76.02262020111084}
2021-10-10 19:04:39,447 multi task weight : 0.6699999999999999
2021-10-10 19:05:55,263 {'epoch': 36, 'lr': 0.0009270568813552751, 'train_loss': 0.001535258901344379, 'mae': 0.28520256, 'elapsed_time': 76.03241777420044}
2021-10-10 19:05:55,499 multi task weight : 0.6719999999999999
2021-10-10 19:07:11,311 {'epoch': 37, 'lr': 0.0009229423231234969, 'train_loss': 0.0016133304623636368, 'mae': 0.2677695, 'elapsed_time': 76.04800701141357}
2021-10-10 19:07:12,029 multi task weight : 0.6739999999999999
2021-10-10 19:08:27,781 {'epoch': 38, 'lr': 0.0009187246438772933, 'train_loss': 0.0016527203078930389, 'mae': 0.3242349, 'elapsed_time': 75.96997237205505}
2021-10-10 19:08:28,003 multi task weight : 0.6759999999999999
2021-10-10 19:09:43,966 {'epoch': 39, 'lr': 0.0009144048842659075, 'train_loss': 0.0015515573021589802, 'mae': 0.2732409, 'elapsed_time': 76.18480443954468}
2021-10-10 19:09:44,195 multi task weight : 0.678
2021-10-10 19:11:00,012 {'epoch': 40, 'lr': 0.0009099841101253861, 'train_loss': 0.0014334926331098542, 'mae': 0.25338927, 'elapsed_time': 76.04528570175171}
2021-10-10 19:11:00,736 multi task weight : 0.6799999999999999
2021-10-10 19:12:16,556 {'epoch': 41, 'lr': 0.0009054634122155986, 'train_loss': 0.0014783857149584868, 'mae': 0.36811373, 'elapsed_time': 76.03662586212158}
2021-10-10 19:12:16,777 multi task weight : 0.6819999999999999
2021-10-10 19:13:32,669 {'epoch': 42, 'lr': 0.0009008439059511095, 'train_loss': 0.00173243068163564, 'mae': 0.3243346, 'elapsed_time': 76.11239004135132}
2021-10-10 19:13:32,874 multi task weight : 0.684
2021-10-10 19:14:48,813 {'epoch': 43, 'lr': 0.0008961267311259662, 'train_loss': 0.0015249837728092575, 'mae': 0.2772277, 'elapsed_time': 76.14374804496765}
2021-10-10 19:14:49,029 multi task weight : 0.6859999999999999
2021-10-10 19:16:04,887 {'epoch': 44, 'lr': 0.0008913130516324728, 'train_loss': 0.0013785461071234336, 'mae': 0.24177024, 'elapsed_time': 76.07305550575256}
2021-10-10 19:16:05,618 multi task weight : 0.688
2021-10-10 19:17:21,339 {'epoch': 45, 'lr': 0.0008864040551740152, 'train_loss': 0.0016869030539822783, 'mae': 0.33895734, 'elapsed_time': 75.94127440452576}
2021-10-10 19:17:21,537 multi task weight : 0.69
2021-10-10 19:18:37,247 {'epoch': 46, 'lr': 0.000881400952972015, 'train_loss': 0.0016313528714885452, 'mae': 0.2875298, 'elapsed_time': 75.90726113319397}
2021-10-10 19:18:37,453 multi task weight : 0.692
2021-10-10 19:19:53,271 {'epoch': 47, 'lr': 0.0008763049794670771, 'train_loss': 0.0013943914368482043, 'mae': 0.24016677, 'elapsed_time': 76.0238516330719}
2021-10-10 19:19:53,968 multi task weight : 0.694
2021-10-10 19:21:09,872 {'epoch': 48, 'lr': 0.0008711173920144113, 'train_loss': 0.0013270039039783087, 'mae': 0.23178251, 'elapsed_time': 76.1143970489502}
2021-10-10 19:21:10,596 multi task weight : 0.696
2021-10-10 19:22:26,494 {'epoch': 49, 'lr': 0.0008658394705735983, 'train_loss': 0.0013314132884174408, 'mae': 0.24743664, 'elapsed_time': 76.11876201629639}
2021-10-10 19:22:26,717 multi task weight : 0.698
2021-10-10 19:23:42,672 {'epoch': 50, 'lr': 0.0008604725173927781, 'train_loss': 0.001364175564775489, 'mae': 0.26449585, 'elapsed_time': 76.17750692367554}
2021-10-10 19:23:42,931 multi task weight : 0.7
2021-10-10 19:24:58,909 {'epoch': 51, 'lr': 0.0008550178566873405, 'train_loss': 0.0014206131104308299, 'mae': 0.27266923, 'elapsed_time': 76.23596572875977}
2021-10-10 19:24:59,147 multi task weight : 0.702
2021-10-10 19:26:15,108 {'epoch': 52, 'lr': 0.0008494768343131951, 'train_loss': 0.0013843509425996074, 'mae': 0.24118088, 'elapsed_time': 76.19848585128784}
2021-10-10 19:26:15,317 multi task weight : 0.704
2021-10-10 19:27:31,173 {'epoch': 53, 'lr': 0.0008438508174347005, 'train_loss': 0.0012220952731438076, 'mae': 0.37647957, 'elapsed_time': 76.06432843208313}
2021-10-10 19:27:31,379 multi task weight : 0.706
2021-10-10 19:28:47,230 {'epoch': 54, 'lr': 0.0008381411941873374, 'train_loss': 0.0013189697404860502, 'mae': 0.2537937, 'elapsed_time': 76.05719876289368}
2021-10-10 19:28:47,471 multi task weight : 0.708
2021-10-10 19:30:03,314 {'epoch': 55, 'lr': 0.0008323493733352073, 'train_loss': 0.0014232994673799568, 'mae': 0.22700426, 'elapsed_time': 76.08317232131958}
2021-10-10 19:30:04,040 multi task weight : 0.71
2021-10-10 19:31:19,941 {'epoch': 56, 'lr': 0.0008264767839234405, 'train_loss': 0.0012821691941452627, 'mae': 0.26804408, 'elapsed_time': 76.12200164794922}
2021-10-10 19:31:20,185 multi task weight : 0.712
2021-10-10 19:32:36,130 {'epoch': 57, 'lr': 0.000820524874925601, 'train_loss': 0.0012094753814738976, 'mae': 0.22540608, 'elapsed_time': 76.18842124938965}
2021-10-10 19:32:36,850 multi task weight : 0.714
2021-10-10 19:33:52,706 {'epoch': 58, 'lr': 0.0008144951148861737, 'train_loss': 0.0012192411976511546, 'mae': 0.2528968, 'elapsed_time': 76.0779812335968}
2021-10-10 19:33:52,924 multi task weight : 0.716
2021-10-10 19:35:08,924 {'epoch': 59, 'lr': 0.0008083889915582231, 'train_loss': 0.0012390058986334078, 'mae': 0.22721797, 'elapsed_time': 76.21760892868042}
2021-10-10 19:35:09,128 multi task weight : 0.718
2021-10-10 19:36:24,994 {'epoch': 60, 'lr': 0.0008022080115363123, 'train_loss': 0.0011945982629678912, 'mae': 0.23810787, 'elapsed_time': 76.06959533691406}
2021-10-10 19:36:25,234 multi task weight : 0.72
2021-10-10 19:37:41,183 {'epoch': 61, 'lr': 0.0007959536998847739, 'train_loss': 0.0012830442797720945, 'mae': 0.23225807, 'elapsed_time': 76.18774580955505}
2021-10-10 19:37:41,407 multi task weight : 0.722
2021-10-10 19:38:57,293 {'epoch': 62, 'lr': 0.0007896275997614226, 'train_loss': 0.0011980939005989757, 'mae': 0.21399169, 'elapsed_time': 76.10991406440735}
2021-10-10 19:38:58,042 multi task weight : 0.724
2021-10-10 19:40:13,951 {'epoch': 63, 'lr': 0.0007832312720368044, 'train_loss': 0.0011681773074618074, 'mae': 0.22382542, 'elapsed_time': 76.15676736831665}
2021-10-10 19:40:14,170 multi task weight : 0.726
2021-10-10 19:41:30,080 {'epoch': 64, 'lr': 0.0007767662949090749, 'train_loss': 0.0012289558728012602, 'mae': 0.22181451, 'elapsed_time': 76.12853455543518}
2021-10-10 19:41:30,285 multi task weight : 0.728
2021-10-10 19:42:46,112 {'epoch': 65, 'lr': 0.000770234263514603, 'train_loss': 0.0012531615329586646, 'mae': 0.2579411, 'elapsed_time': 76.03205704689026}
2021-10-10 19:42:46,351 multi task weight : 0.73
2021-10-10 19:44:02,274 {'epoch': 66, 'lr': 0.0007636367895343944, 'train_loss': 0.0012767978308807547, 'mae': 0.2145903, 'elapsed_time': 76.16114354133606}
2021-10-10 19:44:02,492 multi task weight : 0.732
2021-10-10 19:45:18,365 {'epoch': 67, 'lr': 0.0007569755007964335, 'train_loss': 0.001170250776392328, 'mae': 0.23594041, 'elapsed_time': 76.09073877334595}
2021-10-10 19:45:18,600 multi task weight : 0.734
2021-10-10 19:46:34,568 {'epoch': 68, 'lr': 0.0007502520408740415, 'train_loss': 0.0011516477928711058, 'mae': 0.22094019, 'elapsed_time': 76.20213007926941}
2021-10-10 19:46:34,799 multi task weight : 0.736
2021-10-10 19:47:50,888 {'epoch': 69, 'lr': 0.0007434680686803488, 'train_loss': 0.0011098885442135822, 'mae': 0.20559241, 'elapsed_time': 76.3196325302124}
2021-10-10 19:47:51,628 multi task weight : 0.738
2021-10-10 19:49:07,493 {'epoch': 70, 'lr': 0.0007366252580589837, 'train_loss': 0.0010502519366202409, 'mae': 0.22246616, 'elapsed_time': 76.0927746295929}
2021-10-10 19:49:07,737 multi task weight : 0.74
2021-10-10 19:50:23,635 {'epoch': 71, 'lr': 0.0007297252973710754, 'train_loss': 0.0010458573707638, 'mae': 0.21495432, 'elapsed_time': 76.14207482337952}
2021-10-10 19:50:23,842 multi task weight : 0.742
2021-10-10 19:51:39,893 {'epoch': 72, 'lr': 0.0007227698890786777, 'train_loss': 0.0010134643011629541, 'mae': 0.21142219, 'elapsed_time': 76.25746035575867}
2021-10-10 19:51:40,129 multi task weight : 0.744
2021-10-10 19:52:56,006 {'epoch': 73, 'lr': 0.0007157607493247108, 'train_loss': 0.000977110156803, 'mae': 0.19754094, 'elapsed_time': 76.11248207092285}
2021-10-10 19:52:56,748 multi task weight : 0.746
2021-10-10 19:54:12,498 {'epoch': 74, 'lr': 0.0007086996075095287, 'train_loss': 0.0010012244453901798, 'mae': 0.20160559, 'elapsed_time': 75.98720693588257}
2021-10-10 19:54:12,744 multi task weight : 0.748
2021-10-10 19:55:28,560 {'epoch': 75, 'lr': 0.0007015882058642161, 'train_loss': 0.0012949326373710784, 'mae': 0.2142765, 'elapsed_time': 76.06174421310425}
2021-10-10 19:55:28,791 multi task weight : 0.75
2021-10-10 19:56:44,664 {'epoch': 76, 'lr': 0.0006944282990207193, 'train_loss': 0.0010014090596928433, 'mae': 0.20383896, 'elapsed_time': 76.10342288017273}
2021-10-10 19:56:44,916 multi task weight : 0.752
2021-10-10 19:58:00,693 {'epoch': 77, 'lr': 0.0006872216535789155, 'train_loss': 0.0009764196916506178, 'mae': 0.19712459, 'elapsed_time': 76.02832579612732}
2021-10-10 19:58:01,408 multi task weight : 0.754
2021-10-10 19:59:17,118 {'epoch': 78, 'lr': 0.0006799700476707321, 'train_loss': 0.0009659485711245208, 'mae': 0.23586272, 'elapsed_time': 75.91603684425354}
2021-10-10 19:59:17,340 multi task weight : 0.756
2021-10-10 20:00:33,079 {'epoch': 79, 'lr': 0.0006726752705214191, 'train_loss': 0.0009341584895030799, 'mae': 0.1951135, 'elapsed_time': 75.95990109443665}
2021-10-10 20:00:33,780 multi task weight : 0.758
2021-10-10 20:01:49,509 {'epoch': 80, 'lr': 0.0006653391220080838, 'train_loss': 0.0017974051487038988, 'mae': 0.22836362, 'elapsed_time': 75.92899227142334}
2021-10-10 20:01:49,744 multi task weight : 0.76
2021-10-10 20:03:05,542 {'epoch': 81, 'lr': 0.0006579634122155988, 'train_loss': 0.0010437500416847394, 'mae': 0.20101234, 'elapsed_time': 76.03252291679382}
2021-10-10 20:03:05,765 multi task weight : 0.762
2021-10-10 20:04:21,580 {'epoch': 82, 'lr': 0.0006505499609899903, 'train_loss': 0.0010367315029262548, 'mae': 0.4351172, 'elapsed_time': 76.03737115859985}
2021-10-10 20:04:21,802 multi task weight : 0.764
2021-10-10 20:05:37,566 {'epoch': 83, 'lr': 0.0006431005974894184, 'train_loss': 0.001072024028918615, 'mae': 0.19796231, 'elapsed_time': 75.98556637763977}
2021-10-10 20:05:37,764 multi task weight : 0.766
2021-10-10 20:06:53,766 {'epoch': 84, 'lr': 0.0006356171597328593, 'train_loss': 0.0008816925868036496, 'mae': 0.20751897, 'elapsed_time': 76.19972252845764}
2021-10-10 20:06:53,997 multi task weight : 0.768
2021-10-10 20:08:09,888 {'epoch': 85, 'lr': 0.0006281014941466028, 'train_loss': 0.0008813886653269025, 'mae': 0.19020128, 'elapsed_time': 76.12140607833862}
2021-10-10 20:08:10,575 multi task weight : 0.77
2021-10-10 20:09:26,343 {'epoch': 86, 'lr': 0.000620555455108673, 'train_loss': 0.0008489796707889274, 'mae': 0.18467374, 'elapsed_time': 75.97096157073975}
2021-10-10 20:09:27,024 multi task weight : 0.772
2021-10-10 20:10:42,951 {'epoch': 87, 'lr': 0.0006129809044912885, 'train_loss': 0.0008623150143355151, 'mae': 0.1896774, 'elapsed_time': 76.127028465271}
2021-10-10 20:10:43,184 multi task weight : 0.774
2021-10-10 20:11:59,043 {'epoch': 88, 'lr': 0.0006053797112014735, 'train_loss': 0.0008289605960486898, 'mae': 0.19139467, 'elapsed_time': 76.09157729148865}
2021-10-10 20:11:59,268 multi task weight : 0.776
2021-10-10 20:13:15,175 {'epoch': 89, 'lr': 0.0005977537507199336, 'train_loss': 0.0008180341023564181, 'mae': 0.19407423, 'elapsed_time': 76.13204860687256}
2021-10-10 20:13:15,403 multi task weight : 0.778
2021-10-10 20:14:31,297 {'epoch': 90, 'lr': 0.0005901049046383074, 'train_loss': 0.0008321442551826941, 'mae': 0.19191912, 'elapsed_time': 76.12095594406128}
2021-10-10 20:14:31,518 multi task weight : 0.78
2021-10-10 20:15:47,612 {'epoch': 91, 'lr': 0.0005824350601949141, 'train_loss': 0.0008602524052804238, 'mae': 0.2708616, 'elapsed_time': 76.31520748138428}
2021-10-10 20:15:47,838 multi task weight : 0.782
2021-10-10 20:17:04,104 {'epoch': 92, 'lr': 0.0005747461098091033, 'train_loss': 0.0009515323366962418, 'mae': 0.1909875, 'elapsed_time': 76.4910819530487}
2021-10-10 20:17:04,321 multi task weight : 0.7839999999999999
2021-10-10 20:18:20,562 {'epoch': 93, 'lr': 0.0005670399506143305, 'train_loss': 0.0008216429932562621, 'mae': 0.1882586, 'elapsed_time': 76.45787906646729}
2021-10-10 20:18:20,803 multi task weight : 0.786
2021-10-10 20:19:37,016 {'epoch': 94, 'lr': 0.0005593184839900673, 'train_loss': 0.0007807069896881433, 'mae': 0.19085485, 'elapsed_time': 76.45271325111389}
2021-10-10 20:19:37,247 multi task weight : 0.788
2021-10-10 20:20:53,142 {'epoch': 95, 'lr': 0.0005515836150926644, 'train_loss': 0.0007524898005408748, 'mae': 0.20363154, 'elapsed_time': 76.12628436088562}
2021-10-10 20:20:53,409 multi task weight : 0.7899999999999999
2021-10-10 20:22:09,173 {'epoch': 96, 'lr': 0.0005438372523852832, 'train_loss': 0.0007524215214502504, 'mae': 0.1877976, 'elapsed_time': 76.02993679046631}
2021-10-10 20:22:09,394 multi task weight : 0.792
2021-10-10 20:23:25,286 {'epoch': 97, 'lr': 0.00053608130716701, 'train_loss': 0.0007442651278258476, 'mae': 0.18833385, 'elapsed_time': 76.11332297325134}
2021-10-10 20:23:25,497 multi task weight : 0.794
2021-10-10 20:24:41,463 {'epoch': 98, 'lr': 0.0005283176931012729, 'train_loss': 0.000732268839877042, 'mae': 0.17813559, 'elapsed_time': 76.17594194412231}
2021-10-10 20:24:42,154 multi task weight : 0.7959999999999999
2021-10-10 20:25:57,994 {'epoch': 99, 'lr': 0.0005205483257436734, 'train_loss': 0.0007118957702285253, 'mae': 0.18017112, 'elapsed_time': 76.04171538352966}
2021-10-10 20:25:58,194 multi task weight : 0.798
2021-10-10 20:27:14,200 {'epoch': 100, 'lr': 0.0005127751220693511, 'train_loss': 0.0007053947444039911, 'mae': 0.18028036, 'elapsed_time': 76.2052710056305}
2021-10-10 20:27:14,439 multi task weight : 0.8
2021-10-10 20:28:30,282 {'epoch': 101, 'lr': 0.0005049999999999998, 'train_loss': 0.0006981693394605571, 'mae': 0.1830437, 'elapsed_time': 76.08200216293335}
2021-10-10 20:28:30,527 multi task weight : 0.8019999999999999
2021-10-10 20:29:46,497 {'epoch': 102, 'lr': 0.0004972248779306486, 'train_loss': 0.0007040718462962516, 'mae': 0.1765583, 'elapsed_time': 76.21429085731506}
2021-10-10 20:29:47,200 multi task weight : 0.804
2021-10-10 20:31:03,114 {'epoch': 103, 'lr': 0.0004894516742563262, 'train_loss': 0.0007235968680503038, 'mae': 0.1756702, 'elapsed_time': 76.12740445137024}
2021-10-10 20:31:03,842 multi task weight : 0.806
2021-10-10 20:32:19,354 {'epoch': 104, 'lr': 0.00048168230689872663, 'train_loss': 0.0006931287995024262, 'mae': 0.17908429, 'elapsed_time': 75.74191975593567}
2021-10-10 20:32:19,578 multi task weight : 0.8079999999999999
2021-10-10 20:33:34,748 {'epoch': 105, 'lr': 0.0004739186928329896, 'train_loss': 0.0006585717482666372, 'mae': 0.17664102, 'elapsed_time': 75.39363741874695}
2021-10-10 20:33:34,994 multi task weight : 0.81
2021-10-10 20:34:50,298 {'epoch': 106, 'lr': 0.00046616274761471655, 'train_loss': 0.0006533915492983114, 'mae': 0.1775303, 'elapsed_time': 75.54975700378418}
2021-10-10 20:34:50,532 multi task weight : 0.812
2021-10-10 20:36:05,845 {'epoch': 107, 'lr': 0.0004584163849073352, 'train_loss': 0.0006516004989702549, 'mae': 0.17596297, 'elapsed_time': 75.54623103141785}
2021-10-10 20:36:06,075 multi task weight : 0.814
2021-10-10 20:37:21,327 {'epoch': 108, 'lr': 0.0004506815160099324, 'train_loss': 0.0006439739898726037, 'mae': 0.17712504, 'elapsed_time': 75.48130512237549}
2021-10-10 20:37:21,572 multi task weight : 0.8160000000000001
2021-10-10 20:38:36,823 {'epoch': 109, 'lr': 0.0004429600493856693, 'train_loss': 0.0006312163371402669, 'mae': 0.17219616, 'elapsed_time': 75.49537587165833}
2021-10-10 20:38:37,557 multi task weight : 0.8180000000000001
2021-10-10 20:39:52,831 {'epoch': 110, 'lr': 0.00043525389019089656, 'train_loss': 0.0006193285167952931, 'mae': 0.17353708, 'elapsed_time': 75.51760149002075}
2021-10-10 20:39:53,049 multi task weight : 0.82
2021-10-10 20:41:08,372 {'epoch': 111, 'lr': 0.0004275649398050856, 'train_loss': 0.0006241606758269274, 'mae': 0.17250691, 'elapsed_time': 75.53970432281494}
2021-10-10 20:41:08,578 multi task weight : 0.8220000000000001
2021-10-10 20:42:23,992 {'epoch': 112, 'lr': 0.0004198950953616921, 'train_loss': 0.0006082802727038375, 'mae': 0.17027727, 'elapsed_time': 75.62040138244629}
2021-10-10 20:42:24,699 multi task weight : 0.8240000000000001
2021-10-10 20:43:39,993 {'epoch': 113, 'lr': 0.0004122462492800662, 'train_loss': 0.0005921429422461212, 'mae': 0.16939345, 'elapsed_time': 75.51375222206116}
2021-10-10 20:43:40,729 multi task weight : 0.826
2021-10-10 20:44:55,866 {'epoch': 114, 'lr': 0.0004046202887985263, 'train_loss': 0.0005817536070246701, 'mae': 0.17060874, 'elapsed_time': 75.3829460144043}
2021-10-10 20:44:56,073 multi task weight : 0.8280000000000001
2021-10-10 20:46:11,583 {'epoch': 115, 'lr': 0.0003970190955087115, 'train_loss': 0.0005765485429162416, 'mae': 0.16978009, 'elapsed_time': 75.7162652015686}
2021-10-10 20:46:11,798 multi task weight : 0.8300000000000001
2021-10-10 20:47:27,389 {'epoch': 116, 'lr': 0.0003894445448913267, 'train_loss': 0.0005732349282398455, 'mae': 0.16860384, 'elapsed_time': 75.80602884292603}
2021-10-10 20:47:28,082 multi task weight : 0.832
2021-10-10 20:48:43,247 {'epoch': 117, 'lr': 0.00038189850585339675, 'train_loss': 0.000561153786065584, 'mae': 0.16928944, 'elapsed_time': 75.36983823776245}
2021-10-10 20:48:43,482 multi task weight : 0.8340000000000001
2021-10-10 20:49:58,456 {'epoch': 118, 'lr': 0.0003743828402671403, 'train_loss': 0.0005598006329349211, 'mae': 0.17346263, 'elapsed_time': 75.20889925956726}
2021-10-10 20:49:58,682 multi task weight : 0.836
2021-10-10 20:51:14,386 {'epoch': 119, 'lr': 0.0003668994025105814, 'train_loss': 0.0005519908779430974, 'mae': 0.17112315, 'elapsed_time': 75.92980360984802}
2021-10-10 20:51:14,595 multi task weight : 0.838
2021-10-10 20:52:30,121 {'epoch': 120, 'lr': 0.00035945003901000945, 'train_loss': 0.000540262335112764, 'mae': 0.16709694, 'elapsed_time': 75.7344958782196}
2021-10-10 20:52:30,821 multi task weight : 0.8400000000000001
2021-10-10 20:53:45,753 {'epoch': 121, 'lr': 0.00035203658778440103, 'train_loss': 0.0005251335883062553, 'mae': 0.16726828, 'elapsed_time': 75.15404987335205}
2021-10-10 20:53:45,982 multi task weight : 0.842
2021-10-10 20:55:00,957 {'epoch': 122, 'lr': 0.0003446608779919159, 'train_loss': 0.0005261977862337119, 'mae': 0.16959351, 'elapsed_time': 75.20307922363281}
2021-10-10 20:55:01,194 multi task weight : 0.844
2021-10-10 20:56:16,137 {'epoch': 123, 'lr': 0.00033732472947858063, 'train_loss': 0.0005257410132446536, 'mae': 0.16923304, 'elapsed_time': 75.18005895614624}
2021-10-10 20:56:16,356 multi task weight : 0.846
2021-10-10 20:57:31,405 {'epoch': 124, 'lr': 0.00033002995232926766, 'train_loss': 0.0005103194567074319, 'mae': 0.16652445, 'elapsed_time': 75.26669073104858}
2021-10-10 20:57:32,110 multi task weight : 0.848
2021-10-10 20:58:47,359 {'epoch': 125, 'lr': 0.0003227783464210844, 'train_loss': 0.0005031608886932837, 'mae': 0.16678514, 'elapsed_time': 75.45288562774658}
2021-10-10 20:58:47,566 multi task weight : 0.85
2021-10-10 21:00:03,049 {'epoch': 126, 'lr': 0.00031557170097928054, 'train_loss': 0.0004962448722567481, 'mae': 0.16653296, 'elapsed_time': 75.68950843811035}
2021-10-10 21:00:03,272 multi task weight : 0.852
2021-10-10 21:01:18,369 {'epoch': 127, 'lr': 0.0003084117941357834, 'train_loss': 0.0004893740527998382, 'mae': 0.16585554, 'elapsed_time': 75.31959557533264}
2021-10-10 21:01:19,114 multi task weight : 0.854
2021-10-10 21:02:34,212 {'epoch': 128, 'lr': 0.00030130039249047106, 'train_loss': 0.0004882972256074962, 'mae': 0.16517203, 'elapsed_time': 75.34855914115906}
2021-10-10 21:02:34,892 multi task weight : 0.856
2021-10-10 21:03:50,185 {'epoch': 129, 'lr': 0.00029423925067528897, 'train_loss': 0.0004784024734669683, 'mae': 0.16444312, 'elapsed_time': 75.48622846603394}
2021-10-10 21:03:50,934 multi task weight : 0.858
2021-10-10 21:05:06,284 {'epoch': 130, 'lr': 0.0002872301109213219, 'train_loss': 0.0004666439994473462, 'mae': 0.16556247, 'elapsed_time': 75.5921380519867}
2021-10-10 21:05:06,526 multi task weight : 0.86
2021-10-10 21:06:21,881 {'epoch': 131, 'lr': 0.0002802747026289243, 'train_loss': 0.0004641594766405262, 'mae': 0.16403669, 'elapsed_time': 75.59639811515808}
2021-10-10 21:06:22,602 multi task weight : 0.8620000000000001
2021-10-10 21:07:38,145 {'epoch': 132, 'lr': 0.00027337474194101617, 'train_loss': 0.00045749629953242913, 'mae': 0.16608651, 'elapsed_time': 75.75871706008911}
2021-10-10 21:07:38,365 multi task weight : 0.864
2021-10-10 21:08:53,696 {'epoch': 133, 'lr': 0.00026653193131965077, 'train_loss': 0.00045020010962963815, 'mae': 0.16440049, 'elapsed_time': 75.55066299438477}
2021-10-10 21:08:53,910 multi task weight : 0.866
2021-10-10 21:10:09,124 {'epoch': 134, 'lr': 0.00025974795912595813, 'train_loss': 0.00044084869441190567, 'mae': 0.16236079, 'elapsed_time': 75.42766237258911}
2021-10-10 21:10:09,851 multi task weight : 0.8680000000000001
2021-10-10 21:11:25,050 {'epoch': 135, 'lr': 0.0002530244992035661, 'train_loss': 0.00043743033723682266, 'mae': 0.16149946, 'elapsed_time': 75.42732238769531}
2021-10-10 21:11:25,782 multi task weight : 0.87
2021-10-10 21:12:41,121 {'epoch': 136, 'lr': 0.00024636321046560527, 'train_loss': 0.00043088900711636734, 'mae': 0.1615888, 'elapsed_time': 75.57536768913269}
2021-10-10 21:12:41,352 multi task weight : 0.872
2021-10-10 21:13:56,658 {'epoch': 137, 'lr': 0.00023976573648539645, 'train_loss': 0.00042355273769411765, 'mae': 0.16103742, 'elapsed_time': 75.53730726242065}
2021-10-10 21:13:57,424 multi task weight : 0.8740000000000001
2021-10-10 21:15:12,631 {'epoch': 138, 'lr': 0.00023323370509092462, 'train_loss': 0.00041746285233604664, 'mae': 0.16465423, 'elapsed_time': 75.46231532096863}
2021-10-10 21:15:12,867 multi task weight : 0.876
2021-10-10 21:16:28,063 {'epoch': 139, 'lr': 0.00022676872796319523, 'train_loss': 0.0004115193715038838, 'mae': 0.16312848, 'elapsed_time': 75.43173265457153}
2021-10-10 21:16:28,315 multi task weight : 0.878
2021-10-10 21:17:44,411 {'epoch': 140, 'lr': 0.00022037240023857702, 'train_loss': 0.000405411272463398, 'mae': 0.16076486, 'elapsed_time': 76.34727549552917}
2021-10-10 21:17:45,125 multi task weight : 0.8800000000000001
2021-10-10 21:19:01,221 {'epoch': 141, 'lr': 0.00021404630011522577, 'train_loss': 0.00039960611833789005, 'mae': 0.16227442, 'elapsed_time': 76.31567430496216}
2021-10-10 21:19:01,440 multi task weight : 0.882
2021-10-10 21:20:17,603 {'epoch': 142, 'lr': 0.00020779198846368737, 'train_loss': 0.00039170894856985, 'mae': 0.16134064, 'elapsed_time': 76.38167142868042}
2021-10-10 21:20:17,814 multi task weight : 0.884
2021-10-10 21:21:33,890 {'epoch': 143, 'lr': 0.0002016110084417765, 'train_loss': 0.00038611477770459344, 'mae': 0.16109033, 'elapsed_time': 76.28659176826477}
2021-10-10 21:21:34,097 multi task weight : 0.8860000000000001
2021-10-10 21:22:50,085 {'epoch': 144, 'lr': 0.00019550488511382584, 'train_loss': 0.0003823574767568358, 'mae': 0.16089493, 'elapsed_time': 76.19437623023987}
2021-10-10 21:22:50,285 multi task weight : 0.888
2021-10-10 21:24:06,239 {'epoch': 145, 'lr': 0.00018947512507439847, 'train_loss': 0.0003759405427569779, 'mae': 0.16041972, 'elapsed_time': 76.15351057052612}
2021-10-10 21:24:07,000 multi task weight : 0.89
2021-10-10 21:25:22,702 {'epoch': 146, 'lr': 0.00018352321607655904, 'train_loss': 0.000371029513293718, 'mae': 0.15997733, 'elapsed_time': 75.95298314094543}
2021-10-10 21:25:23,450 multi task weight : 0.8920000000000001
2021-10-10 21:26:39,425 {'epoch': 147, 'lr': 0.0001776506266647923, 'train_loss': 0.0003626773606632781, 'mae': 0.1600813, 'elapsed_time': 76.2262327671051}
2021-10-10 21:26:39,632 multi task weight : 0.894
2021-10-10 21:27:55,464 {'epoch': 148, 'lr': 0.00017185880581266206, 'train_loss': 0.00035811714350318105, 'mae': 0.16058865, 'elapsed_time': 76.03845262527466}
2021-10-10 21:27:55,669 multi task weight : 0.896
2021-10-10 21:29:11,659 {'epoch': 149, 'lr': 0.000166149182565299, 'train_loss': 0.0003555840462683209, 'mae': 0.15974605, 'elapsed_time': 76.1947021484375}
2021-10-10 21:29:12,400 multi task weight : 0.898
2021-10-10 21:30:28,310 {'epoch': 150, 'lr': 0.00016052316568680435, 'train_loss': 0.0003465556008821493, 'mae': 0.16029201, 'elapsed_time': 76.14460802078247}
2021-10-10 21:30:28,540 multi task weight : 0.9
2021-10-10 21:31:44,482 {'epoch': 151, 'lr': 0.00015498214331265893, 'train_loss': 0.00034252840252883235, 'mae': 0.15967782, 'elapsed_time': 76.17202711105347}
2021-10-10 21:31:45,224 multi task weight : 0.9
2021-10-10 21:33:01,188 {'epoch': 152, 'lr': 0.0001495274826072215, 'train_loss': 0.00034219791965819576, 'mae': 0.16028173, 'elapsed_time': 76.18077850341797}
2021-10-10 21:33:01,405 multi task weight : 0.9
2021-10-10 21:34:17,610 {'epoch': 153, 'lr': 0.00014416052942640132, 'train_loss': 0.00033484748357905705, 'mae': 0.1606252, 'elapsed_time': 76.4223575592041}
2021-10-10 21:34:17,861 multi task weight : 0.9
2021-10-10 21:35:33,915 {'epoch': 154, 'lr': 0.0001388826079855881, 'train_loss': 0.0003253262144414062, 'mae': 0.1592701, 'elapsed_time': 76.30380320549011}
2021-10-10 21:35:34,609 multi task weight : 0.9
2021-10-10 21:36:50,848 {'epoch': 155, 'lr': 0.00013369502053292245, 'train_loss': 0.00032305840681806316, 'mae': 0.15953447, 'elapsed_time': 76.43663740158081}
2021-10-10 21:36:51,078 multi task weight : 0.9
2021-10-10 21:38:07,195 {'epoch': 156, 'lr': 0.00012859904702798464, 'train_loss': 0.00031805635442879517, 'mae': 0.15879133, 'elapsed_time': 76.34680604934692}
2021-10-10 21:38:07,941 multi task weight : 0.9
2021-10-10 21:39:23,911 {'epoch': 157, 'lr': 0.00012359594482598432, 'train_loss': 0.00031327580548008206, 'mae': 0.15936132, 'elapsed_time': 76.21810531616211}
2021-10-10 21:39:24,141 multi task weight : 0.9
2021-10-10 21:40:40,038 {'epoch': 158, 'lr': 0.00011868694836752681, 'train_loss': 0.00030809305497180397, 'mae': 0.15901323, 'elapsed_time': 76.12709879875183}
2021-10-10 21:40:40,246 multi task weight : 0.9
2021-10-10 21:41:56,418 {'epoch': 159, 'lr': 0.0001138732688740332, 'train_loss': 0.0003052011500695946, 'mae': 0.15862262, 'elapsed_time': 76.3789119720459}
2021-10-10 21:41:57,140 multi task weight : 0.9
2021-10-10 21:43:13,281 {'epoch': 160, 'lr': 0.00010915609404889012, 'train_loss': 0.0003013096477915369, 'mae': 0.15922403, 'elapsed_time': 76.36344242095947}
2021-10-10 21:43:13,495 multi task weight : 0.9
2021-10-10 21:44:29,654 {'epoch': 161, 'lr': 0.00010453658778440103, 'train_loss': 0.0002968200641660164, 'mae': 0.15880416, 'elapsed_time': 76.37282514572144}
2021-10-10 21:44:29,864 multi task weight : 0.9
2021-10-10 21:45:45,883 {'epoch': 162, 'lr': 0.00010001588987461343, 'train_loss': 0.0002919172017660419, 'mae': 0.1583739, 'elapsed_time': 76.22894310951233}
2021-10-10 21:45:46,613 multi task weight : 0.9
2021-10-10 21:47:02,607 {'epoch': 163, 'lr': 9.559511573409192e-05, 'train_loss': 0.00028756976539899846, 'mae': 0.15833686, 'elapsed_time': 76.22544050216675}
2021-10-10 21:47:03,316 multi task weight : 0.9
2021-10-10 21:48:19,008 {'epoch': 164, 'lr': 9.12753561227063e-05, 'train_loss': 0.00028586549294965603, 'mae': 0.15860747, 'elapsed_time': 75.90057921409607}
2021-10-10 21:48:19,218 multi task weight : 0.9
2021-10-10 21:49:34,972 {'epoch': 165, 'lr': 8.705767687650262e-05, 'train_loss': 0.00028214761407180605, 'mae': 0.15836653, 'elapsed_time': 75.96300935745239}
2021-10-10 21:49:35,208 multi task weight : 0.9
2021-10-10 21:50:51,013 {'epoch': 166, 'lr': 8.294311864472445e-05, 'train_loss': 0.0002787197990043026, 'mae': 0.15824035, 'elapsed_time': 76.04104542732239}
2021-10-10 21:50:51,722 multi task weight : 0.9
2021-10-10 21:52:07,611 {'epoch': 167, 'lr': 7.89326966330478e-05, 'train_loss': 0.00027412621263041845, 'mae': 0.15802802, 'elapsed_time': 76.0986955165863}
2021-10-10 21:52:08,343 multi task weight : 0.9
2021-10-10 21:53:24,317 {'epoch': 168, 'lr': 7.502740035309526e-05, 'train_loss': 0.00027119180044397526, 'mae': 0.15806453, 'elapsed_time': 76.18805599212646}
2021-10-10 21:53:24,527 multi task weight : 0.9
2021-10-10 21:54:40,378 {'epoch': 169, 'lr': 7.12281933782875e-05, 'train_loss': 0.0002681647987778294, 'mae': 0.15865391, 'elapsed_time': 76.0606153011322}
2021-10-10 21:54:40,650 multi task weight : 0.9
2021-10-10 21:55:56,340 {'epoch': 170, 'lr': 6.75360131060967e-05, 'train_loss': 0.00026533741999548385, 'mae': 0.1581779, 'elapsed_time': 75.9611611366272}
2021-10-10 21:55:56,592 multi task weight : 0.9
2021-10-10 21:57:12,591 {'epoch': 171, 'lr': 6.395177052675792e-05, 'train_loss': 0.00026208742748824986, 'mae': 0.15817094, 'elapsed_time': 76.25030517578125}
2021-10-10 21:57:12,864 multi task weight : 0.9
2021-10-10 21:58:28,861 {'epoch': 172, 'lr': 6.047634999849528e-05, 'train_loss': 0.00025902037040347135, 'mae': 0.15832865, 'elapsed_time': 76.2698221206665}
2021-10-10 21:58:29,086 multi task weight : 0.9
2021-10-10 21:59:45,322 {'epoch': 173, 'lr': 5.711060902932039e-05, 'train_loss': 0.0002566907070688237, 'mae': 0.15813792, 'elapsed_time': 76.46012997627258}
2021-10-10 21:59:45,548 multi task weight : 0.9
2021-10-10 22:01:01,836 {'epoch': 174, 'lr': 5.385537806545467e-05, 'train_loss': 0.00025478520234978856, 'mae': 0.15797351, 'elapsed_time': 76.5140438079834}
2021-10-10 22:01:02,560 multi task weight : 0.9
2021-10-10 22:02:18,946 {'epoch': 175, 'lr': 5.0711460286429424e-05, 'train_loss': 0.00025229223950156874, 'mae': 0.15813638, 'elapsed_time': 76.61406970024109}
2021-10-10 22:02:19,254 multi task weight : 0.9
2021-10-10 22:03:35,507 {'epoch': 176, 'lr': 4.767963140691315e-05, 'train_loss': 0.0002495137837297617, 'mae': 0.15807925, 'elapsed_time': 76.56086754798889}
2021-10-10 22:03:35,726 multi task weight : 0.9
2021-10-10 22:04:51,815 {'epoch': 177, 'lr': 4.4760639485315563e-05, 'train_loss': 0.0002469076312439006, 'mae': 0.15792046, 'elapsed_time': 76.30703401565552}
2021-10-10 22:04:52,529 multi task weight : 0.9
2021-10-10 22:06:08,600 {'epoch': 178, 'lr': 4.195520473921563e-05, 'train_loss': 0.00024580159804717724, 'mae': 0.15776736, 'elapsed_time': 76.28589534759521}
2021-10-10 22:06:09,327 multi task weight : 0.9
2021-10-10 22:07:25,471 {'epoch': 179, 'lr': 3.9264019367658385e-05, 'train_loss': 0.000243531224719632, 'mae': 0.15786326, 'elapsed_time': 76.36683392524719}
2021-10-10 22:07:25,703 multi task weight : 0.9
2021-10-10 22:08:41,901 {'epoch': 180, 'lr': 3.6687747380365064e-05, 'train_loss': 0.00024134906368654757, 'mae': 0.1578649, 'elapsed_time': 76.42951440811157}
2021-10-10 22:08:42,105 multi task weight : 0.9
2021-10-10 22:09:58,365 {'epoch': 181, 'lr': 3.422702443389899e-05, 'train_loss': 0.00023969665198723277, 'mae': 0.15786612, 'elapsed_time': 76.46319127082825}
2021-10-10 22:09:58,569 multi task weight : 0.9
2021-10-10 22:11:14,667 {'epoch': 182, 'lr': 3.188245767482658e-05, 'train_loss': 0.00023793553547147412, 'mae': 0.15781026, 'elapsed_time': 76.30136179924011}
2021-10-10 22:11:14,893 multi task weight : 0.9
2021-10-10 22:12:30,869 {'epoch': 183, 'lr': 2.965462558991323e-05, 'train_loss': 0.00023599028037435136, 'mae': 0.15797332, 'elapsed_time': 76.20122742652893}
2021-10-10 22:12:31,099 multi task weight : 0.9
2021-10-10 22:13:46,847 {'epoch': 184, 'lr': 2.7544077863390004e-05, 'train_loss': 0.0002348566406534218, 'mae': 0.15782861, 'elapsed_time': 75.9776918888092}
2021-10-10 22:13:47,058 multi task weight : 0.9
2021-10-10 22:15:02,990 {'epoch': 185, 'lr': 2.5551335241327672e-05, 'train_loss': 0.00023347670953002413, 'mae': 0.15786463, 'elapsed_time': 76.142906665802}
2021-10-10 22:15:03,206 multi task weight : 0.9
2021-10-10 22:16:18,978 {'epoch': 186, 'lr': 2.367688940315011e-05, 'train_loss': 0.00023204766490389923, 'mae': 0.15772821, 'elapsed_time': 75.98730278015137}
2021-10-10 22:16:19,706 multi task weight : 0.9
2021-10-10 22:17:35,323 {'epoch': 187, 'lr': 2.1921202840320077e-05, 'train_loss': 0.00023081167857178083, 'mae': 0.1578011, 'elapsed_time': 75.84062314033508}
2021-10-10 22:17:35,549 multi task weight : 0.9
2021-10-10 22:18:51,164 {'epoch': 188, 'lr': 2.0284708742225903e-05, 'train_loss': 0.00022986229500474717, 'mae': 0.15782984, 'elapsed_time': 75.8411123752594}
2021-10-10 22:18:51,367 multi task weight : 0.9
2021-10-10 22:20:07,433 {'epoch': 189, 'lr': 1.8767810889299086e-05, 'train_loss': 0.00022859358434880743, 'mae': 0.15782751, 'elapsed_time': 76.26838493347168}
2021-10-10 22:20:07,645 multi task weight : 0.9
2021-10-10 22:21:23,935 {'epoch': 190, 'lr': 1.7370883553386936e-05, 'train_loss': 0.00022773076727680214, 'mae': 0.15780549, 'elapsed_time': 76.50135350227356}
2021-10-10 22:21:24,151 multi task weight : 0.9
2021-10-10 22:22:40,314 {'epoch': 191, 'lr': 1.6094271405406862e-05, 'train_loss': 0.00022681704676056477, 'mae': 0.15776174, 'elapsed_time': 76.3788537979126}
2021-10-10 22:22:40,545 multi task weight : 0.9
2021-10-10 22:23:56,688 {'epoch': 192, 'lr': 1.4938289430304022e-05, 'train_loss': 0.00022602833957442825, 'mae': 0.15781023, 'elapsed_time': 76.37338256835938}
2021-10-10 22:23:56,898 multi task weight : 0.9
2021-10-10 22:25:13,109 {'epoch': 193, 'lr': 1.3903222849333509e-05, 'train_loss': 0.00022512712794238167, 'mae': 0.15777902, 'elapsed_time': 76.419682264328}
2021-10-10 22:25:13,311 multi task weight : 0.9
2021-10-10 22:26:29,442 {'epoch': 194, 'lr': 1.2989327049686102e-05, 'train_loss': 0.00022445437128083487, 'mae': 0.15770595, 'elapsed_time': 76.33335185050964}
2021-10-10 22:26:30,174 multi task weight : 0.9
2021-10-10 22:27:46,352 {'epoch': 195, 'lr': 1.2196827521475404e-05, 'train_loss': 0.00022385257550541773, 'mae': 0.1577687, 'elapsed_time': 76.41432213783264}
2021-10-10 22:27:46,557 multi task weight : 0.9
2021-10-10 22:29:02,816 {'epoch': 196, 'lr': 1.152591980210166e-05, 'train_loss': 0.000223323608939323, 'mae': 0.15783554, 'elapsed_time': 76.46286749839783}
2021-10-10 22:29:03,026 multi task weight : 0.9
2021-10-10 22:30:19,067 {'epoch': 197, 'lr': 1.097676942800558e-05, 'train_loss': 0.00022281131684296252, 'mae': 0.15778357, 'elapsed_time': 76.25061678886414}
2021-10-10 22:30:19,290 multi task weight : 0.9
2021-10-10 22:31:35,397 {'epoch': 198, 'lr': 1.0549511893824899e-05, 'train_loss': 0.0002224105986105519, 'mae': 0.1577749, 'elapsed_time': 76.32947945594788}
2021-10-10 22:31:35,615 multi task weight : 0.9
2021-10-10 22:32:51,697 {'epoch': 199, 'lr': 1.0244252618962858e-05, 'train_loss': 0.00022187424336687827, 'mae': 0.15783954, 'elapsed_time': 76.29954171180725}
2021-10-10 22:32:51,897 multi task weight : 0.9
2021-10-10 22:34:07,844 {'epoch': 200, 'lr': 1.006106692157801e-05, 'train_loss': 0.00022159531744008154, 'mae': 0.15775153, 'elapsed_time': 76.14703822135925}
2021-10-10 22:34:48,632 Total CV: 0.15770594775676727
