2021-10-07 21:57:36,109 Fold 0
2021-10-07 21:57:39,715 train run device : cuda:0
2021-10-07 21:59:14,211 {'epoch': 1, 'lr': 0.001, 'train_loss': 0.01299111477344379, 'mae': 1.2808816, 'elapsed_time': 72.89431738853455}
2021-10-07 22:00:27,987 {'epoch': 2, 'lr': 0.000999938933078422, 'train_loss': 0.005370024746225874, 'mae': 1.0590186, 'elapsed_time': 73.36005783081055}
2021-10-07 22:01:41,944 {'epoch': 3, 'lr': 0.000999755747381037, 'train_loss': 0.004736175673481168, 'mae': 0.914161, 'elapsed_time': 73.50032043457031}
2021-10-07 22:02:56,065 {'epoch': 4, 'lr': 0.000999450488106175, 'train_loss': 0.004294592730646658, 'mae': 0.7929588, 'elapsed_time': 73.64878058433533}
2021-10-07 22:04:10,165 {'epoch': 5, 'lr': 0.0009990232305719944, 'train_loss': 0.003935453646265173, 'mae': 0.747964, 'elapsed_time': 73.64110136032104}
2021-10-07 22:05:24,278 {'epoch': 6, 'lr': 0.0009984740801978983, 'train_loss': 0.003710221794462899, 'mae': 0.6892896, 'elapsed_time': 73.64663410186768}
2021-10-07 22:06:38,307 {'epoch': 7, 'lr': 0.0009978031724785245, 'train_loss': 0.0033206663946784673, 'mae': 0.60887265, 'elapsed_time': 73.56146931648254}
2021-10-07 22:07:53,252 {'epoch': 8, 'lr': 0.000997010672950314, 'train_loss': 0.0033069382930844726, 'mae': 0.74771196, 'elapsed_time': 74.50874519348145}
2021-10-07 22:09:07,739 {'epoch': 9, 'lr': 0.0009960967771506664, 'train_loss': 0.0033021566353743244, 'mae': 0.6017582, 'elapsed_time': 74.48592066764832}
2021-10-07 22:10:22,173 {'epoch': 10, 'lr': 0.0009950617105696957, 'train_loss': 0.003007272625498775, 'mae': 0.5567755, 'elapsed_time': 73.97788262367249}
2021-10-07 22:11:37,191 {'epoch': 11, 'lr': 0.0009939057285945929, 'train_loss': 0.0029773840802919792, 'mae': 0.51208943, 'elapsed_time': 74.54877400398254}
2021-10-07 22:12:51,642 {'epoch': 12, 'lr': 0.0009926291164466126, 'train_loss': 0.002794207083993277, 'mae': 0.4809364, 'elapsed_time': 73.99129581451416}
2021-10-07 22:14:06,000 {'epoch': 13, 'lr': 0.0009912321891107005, 'train_loss': 0.0027947848407222074, 'mae': 0.5023941, 'elapsed_time': 73.89227056503296}
2021-10-07 22:15:19,977 {'epoch': 14, 'lr': 0.0009897152912577737, 'train_loss': 0.003052160390229949, 'mae': 0.54380596, 'elapsed_time': 73.97621130943298}
2021-10-07 22:16:34,785 {'epoch': 15, 'lr': 0.0009880787971596797, 'train_loss': 0.0031191145538335767, 'mae': 0.72450846, 'elapsed_time': 74.80764603614807}
2021-10-07 22:17:49,462 {'epoch': 16, 'lr': 0.0009863231105968495, 'train_loss': 0.0027024001845901103, 'mae': 0.4596078, 'elapsed_time': 74.67677783966064}
2021-10-07 22:19:03,930 {'epoch': 17, 'lr': 0.000984448664758672, 'train_loss': 0.0025819679511114805, 'mae': 0.43271685, 'elapsed_time': 74.00899457931519}
2021-10-07 22:20:19,149 {'epoch': 18, 'lr': 0.0009824559221366096, 'train_loss': 0.0026422578083552454, 'mae': 0.4391444, 'elapsed_time': 74.7774498462677}
2021-10-07 22:21:33,882 {'epoch': 19, 'lr': 0.0009803453744100864, 'train_loss': 0.002565799378021574, 'mae': 0.5407155, 'elapsed_time': 74.73221707344055}
2021-10-07 22:22:48,443 {'epoch': 20, 'lr': 0.0009781175423251728, 'train_loss': 0.0024344030777554075, 'mae': 0.4089141, 'elapsed_time': 74.56110262870789}
2021-10-07 22:24:03,492 {'epoch': 21, 'lr': 0.0009757729755661004, 'train_loss': 0.002334290544636365, 'mae': 0.4120709, 'elapsed_time': 74.59512281417847}
2021-10-07 22:25:18,117 {'epoch': 22, 'lr': 0.0009733122526196342, 'train_loss': 0.0023701215917065572, 'mae': 0.5117143, 'elapsed_time': 74.62531518936157}
2021-10-07 22:26:32,721 {'epoch': 23, 'lr': 0.000970735980632341, 'train_loss': 0.0022770791907650973, 'mae': 0.4364627, 'elapsed_time': 74.60338234901428}
2021-10-07 22:27:47,232 {'epoch': 24, 'lr': 0.0009680447952607838, 'train_loss': 0.0023217654140817953, 'mae': 0.35750026, 'elapsed_time': 74.51006555557251}
2021-10-07 22:29:02,181 {'epoch': 25, 'lr': 0.0009652393605146839, 'train_loss': 0.0022203186271382612, 'mae': 0.48726574, 'elapsed_time': 74.5073926448822}
2021-10-07 22:30:16,684 {'epoch': 26, 'lr': 0.0009623203685930864, 'train_loss': 0.0022659041755261843, 'mae': 0.3263584, 'elapsed_time': 74.503178358078}
2021-10-07 22:31:31,377 {'epoch': 27, 'lr': 0.00095928853971357, 'train_loss': 0.0021793255151661126, 'mae': 0.4331, 'elapsed_time': 74.22645902633667}
2021-10-07 22:32:45,717 {'epoch': 28, 'lr': 0.0009561446219345448, 'train_loss': 0.0022870909242419866, 'mae': 0.34090787, 'elapsed_time': 74.34048795700073}
2021-10-07 22:34:00,115 {'epoch': 29, 'lr': 0.0009528893909706791, 'train_loss': 0.0020602081978238125, 'mae': 0.35862696, 'elapsed_time': 74.39730334281921}
2021-10-07 22:35:14,798 {'epoch': 30, 'lr': 0.0009495236500015041, 'train_loss': 0.001988924081660091, 'mae': 0.32912406, 'elapsed_time': 74.68188548088074}
2021-10-07 22:36:29,292 {'epoch': 31, 'lr': 0.0009460482294732414, 'train_loss': 0.002061060328231575, 'mae': 0.32939744, 'elapsed_time': 74.4942078590393}
2021-10-07 22:37:42,933 {'epoch': 32, 'lr': 0.0009424639868939027, 'train_loss': 0.002082873765574219, 'mae': 0.3027086, 'elapsed_time': 73.64016938209534}
2021-10-07 22:38:57,189 {'epoch': 33, 'lr': 0.0009387718066217117, 'train_loss': 0.0019208473328073898, 'mae': 0.3363541, 'elapsed_time': 73.79502034187317}
2021-10-07 22:40:11,144 {'epoch': 34, 'lr': 0.000934972599646904, 'train_loss': 0.0019623888008459423, 'mae': 0.3087136, 'elapsed_time': 73.95446181297302}
2021-10-07 22:41:25,622 {'epoch': 35, 'lr': 0.0009310673033669515, 'train_loss': 0.0019420472182940774, 'mae': 0.3182956, 'elapsed_time': 74.4767005443573}
2021-10-07 22:42:40,301 {'epoch': 36, 'lr': 0.0009270568813552751, 'train_loss': 0.002123567189421379, 'mae': 0.38644898, 'elapsed_time': 74.67903780937195}
2021-10-07 22:43:55,033 {'epoch': 37, 'lr': 0.0009229423231234969, 'train_loss': 0.0020618050986860193, 'mae': 0.34858683, 'elapsed_time': 74.73104572296143}
2021-10-07 22:45:09,317 {'epoch': 38, 'lr': 0.0009187246438772933, 'train_loss': 0.0017983919541574298, 'mae': 0.29627815, 'elapsed_time': 74.28393054008484}
2021-10-07 22:46:23,777 {'epoch': 39, 'lr': 0.0009144048842659075, 'train_loss': 0.0019107704576057974, 'mae': 0.30877617, 'elapsed_time': 73.99743270874023}
2021-10-07 22:47:38,491 {'epoch': 40, 'lr': 0.0009099841101253861, 'train_loss': 0.0018343213758004904, 'mae': 0.2831372, 'elapsed_time': 74.7135694026947}
2021-10-07 22:48:53,254 {'epoch': 41, 'lr': 0.0009054634122155986, 'train_loss': 0.0017046291047844214, 'mae': 0.28117892, 'elapsed_time': 74.3167450428009}
2021-10-07 22:50:08,072 {'epoch': 42, 'lr': 0.0009008439059511095, 'train_loss': 0.0017888020504342554, 'mae': 0.34329146, 'elapsed_time': 74.37109732627869}
2021-10-07 22:51:22,413 {'epoch': 43, 'lr': 0.0008961267311259662, 'train_loss': 0.0017798144459191185, 'mae': 0.2851879, 'elapsed_time': 74.34118962287903}
2021-10-07 22:52:36,806 {'epoch': 44, 'lr': 0.0008913130516324728, 'train_loss': 0.002133948005849435, 'mae': 0.3876664, 'elapsed_time': 74.3917646408081}
2021-10-07 22:53:51,204 {'epoch': 45, 'lr': 0.0008864040551740152, 'train_loss': 0.0020177253439894096, 'mae': 0.2738397, 'elapsed_time': 74.39807057380676}
2021-10-07 22:55:05,625 {'epoch': 46, 'lr': 0.000881400952972015, 'train_loss': 0.0016591320353738514, 'mae': 0.26138946, 'elapsed_time': 73.97293782234192}
2021-10-07 22:56:20,120 {'epoch': 47, 'lr': 0.0008763049794670771, 'train_loss': 0.0016472214337924682, 'mae': 0.2463067, 'elapsed_time': 74.03042936325073}
2021-10-07 22:57:34,564 {'epoch': 48, 'lr': 0.0008711173920144113, 'train_loss': 0.0016085518517878926, 'mae': 0.36730233, 'elapsed_time': 73.97710013389587}
2021-10-07 22:58:49,444 {'epoch': 49, 'lr': 0.0008658394705735983, 'train_loss': 0.0018085821794013932, 'mae': 0.2714394, 'elapsed_time': 74.87984371185303}
2021-10-07 23:00:04,388 {'epoch': 50, 'lr': 0.0008604725173927781, 'train_loss': 0.0016910490589160806, 'mae': 0.26509082, 'elapsed_time': 74.94297313690186}
2021-10-07 23:01:18,905 {'epoch': 51, 'lr': 0.0008550178566873405, 'train_loss': 0.0016519234463266382, 'mae': 0.26885495, 'elapsed_time': 74.51728010177612}
2021-10-07 23:02:32,867 {'epoch': 52, 'lr': 0.0008494768343131951, 'train_loss': 0.0015744230727868177, 'mae': 0.2527804, 'elapsed_time': 73.96158194541931}
2021-10-07 23:03:46,820 {'epoch': 53, 'lr': 0.0008438508174347005, 'train_loss': 0.0014989608413656474, 'mae': 0.2449485, 'elapsed_time': 73.95246648788452}
2021-10-07 23:05:01,370 {'epoch': 54, 'lr': 0.0008381411941873374, 'train_loss': 0.001547386441219319, 'mae': 0.24601337, 'elapsed_time': 74.0940670967102}
2021-10-07 23:06:15,160 {'epoch': 55, 'lr': 0.0008323493733352073, 'train_loss': 0.0014744389051728252, 'mae': 0.29595593, 'elapsed_time': 73.7903106212616}
2021-10-07 23:07:29,169 {'epoch': 56, 'lr': 0.0008264767839234405, 'train_loss': 0.0014902139115878649, 'mae': 0.2593766, 'elapsed_time': 74.00810241699219}
2021-10-07 23:08:43,021 {'epoch': 57, 'lr': 0.000820524874925601, 'train_loss': 0.0014357008627505395, 'mae': 0.24394187, 'elapsed_time': 73.85144591331482}
2021-10-07 23:09:57,253 {'epoch': 58, 'lr': 0.0008144951148861737, 'train_loss': 0.001493577260926435, 'mae': 0.23790541, 'elapsed_time': 73.80351328849792}
2021-10-07 23:11:11,483 {'epoch': 59, 'lr': 0.0008083889915582231, 'train_loss': 0.0014539885972216083, 'mae': 0.25938237, 'elapsed_time': 73.76625347137451}
2021-10-07 23:12:26,057 {'epoch': 60, 'lr': 0.0008022080115363123, 'train_loss': 0.0013967792630057369, 'mae': 0.28196687, 'elapsed_time': 74.57356786727905}
2021-10-07 23:13:40,422 {'epoch': 61, 'lr': 0.0007959536998847739, 'train_loss': 0.0013880227198065156, 'mae': 0.2422326, 'elapsed_time': 74.3640615940094}
2021-10-07 23:14:54,626 {'epoch': 62, 'lr': 0.0007896275997614226, 'train_loss': 0.001388258175187509, 'mae': 0.305843, 'elapsed_time': 74.20362782478333}
2021-10-07 23:16:08,984 {'epoch': 63, 'lr': 0.0007832312720368044, 'train_loss': 0.0014819656680797883, 'mae': 0.2313299, 'elapsed_time': 74.35775303840637}
2021-10-07 23:17:23,784 {'epoch': 64, 'lr': 0.0007767662949090749, 'train_loss': 0.0013440009149752997, 'mae': 0.22813153, 'elapsed_time': 74.3557996749878}
2021-10-07 23:18:38,129 {'epoch': 65, 'lr': 0.000770234263514603, 'train_loss': 0.0014477410340759437, 'mae': 0.22830465, 'elapsed_time': 73.89984941482544}
2021-10-07 23:19:52,101 {'epoch': 66, 'lr': 0.0007636367895343944, 'train_loss': 0.0013391506161375343, 'mae': 0.22350936, 'elapsed_time': 73.9717915058136}
2021-10-07 23:21:06,587 {'epoch': 67, 'lr': 0.0007569755007964335, 'train_loss': 0.0012172077559650615, 'mae': 0.21751343, 'elapsed_time': 74.02441573143005}
2021-10-07 23:22:20,996 {'epoch': 68, 'lr': 0.0007502520408740415, 'train_loss': 0.0011911045683386154, 'mae': 0.27459705, 'elapsed_time': 73.97403502464294}
2021-10-07 23:23:35,289 {'epoch': 69, 'lr': 0.0007434680686803488, 'train_loss': 0.0012845482041527294, 'mae': 0.26841035, 'elapsed_time': 74.29297494888306}
2021-10-07 23:24:50,237 {'epoch': 70, 'lr': 0.0007366252580589837, 'train_loss': 0.0014552729121595127, 'mae': 0.28214705, 'elapsed_time': 74.94748568534851}
2021-10-07 23:26:05,248 {'epoch': 71, 'lr': 0.0007297252973710754, 'train_loss': 0.0012677998891170645, 'mae': 0.22160698, 'elapsed_time': 75.00988793373108}
2021-10-07 23:27:20,133 {'epoch': 72, 'lr': 0.0007227698890786777, 'train_loss': 0.001166929036867666, 'mae': 0.20704396, 'elapsed_time': 74.88511371612549}
2021-10-07 23:28:35,678 {'epoch': 73, 'lr': 0.0007157607493247108, 'train_loss': 0.00110933447652913, 'mae': 0.20803545, 'elapsed_time': 75.0846586227417}
2021-10-07 23:29:50,560 {'epoch': 74, 'lr': 0.0007086996075095287, 'train_loss': 0.0011586906182264318, 'mae': 0.22273555, 'elapsed_time': 74.88146209716797}
2021-10-07 23:31:05,068 {'epoch': 75, 'lr': 0.0007015882058642161, 'train_loss': 0.00121072997888976, 'mae': 0.24961115, 'elapsed_time': 74.50777173042297}
2021-10-07 23:32:19,632 {'epoch': 76, 'lr': 0.0006944282990207193, 'train_loss': 0.0012019078679891355, 'mae': 0.22027977, 'elapsed_time': 74.5632700920105}
2021-10-07 23:33:34,055 {'epoch': 77, 'lr': 0.0006872216535789155, 'train_loss': 0.0010815013276574783, 'mae': 0.20844425, 'elapsed_time': 74.42272758483887}
2021-10-07 23:34:48,602 {'epoch': 78, 'lr': 0.0006799700476707321, 'train_loss': 0.001068005505196301, 'mae': 0.20306785, 'elapsed_time': 74.54660511016846}
2021-10-07 23:36:03,498 {'epoch': 79, 'lr': 0.0006726752705214191, 'train_loss': 0.0010457674826441655, 'mae': 0.20492972, 'elapsed_time': 74.42791199684143}
2021-10-07 23:37:18,326 {'epoch': 80, 'lr': 0.0006653391220080838, 'train_loss': 0.0010527988016911499, 'mae': 0.20203261, 'elapsed_time': 74.82685565948486}
2021-10-07 23:38:33,673 {'epoch': 81, 'lr': 0.0006579634122155988, 'train_loss': 0.0010454071128976668, 'mae': 0.20794433, 'elapsed_time': 74.8949556350708}
2021-10-07 23:39:48,059 {'epoch': 82, 'lr': 0.0006505499609899903, 'train_loss': 0.0010237718778653125, 'mae': 0.20207047, 'elapsed_time': 74.38503408432007}
2021-10-07 23:41:02,795 {'epoch': 83, 'lr': 0.0006431005974894184, 'train_loss': 0.0010111897917201458, 'mae': 0.20596908, 'elapsed_time': 74.73539137840271}
2021-10-07 23:42:17,498 {'epoch': 84, 'lr': 0.0006356171597328593, 'train_loss': 0.0009878664595340955, 'mae': 0.20388658, 'elapsed_time': 74.70264625549316}
2021-10-07 23:43:31,633 {'epoch': 85, 'lr': 0.0006281014941466028, 'train_loss': 0.0009606935485032238, 'mae': 0.20067592, 'elapsed_time': 74.13474678993225}
2021-10-07 23:44:46,115 {'epoch': 86, 'lr': 0.000620555455108673, 'train_loss': 0.0009512008605382946, 'mae': 0.2012717, 'elapsed_time': 74.0310914516449}
2021-10-07 23:46:00,248 {'epoch': 87, 'lr': 0.0006129809044912885, 'train_loss': 0.000946420796259971, 'mae': 0.20040138, 'elapsed_time': 74.13196778297424}
2021-10-07 23:47:14,849 {'epoch': 88, 'lr': 0.0006053797112014735, 'train_loss': 0.0009807230866433296, 'mae': 0.19619845, 'elapsed_time': 74.16303086280823}
2021-10-07 23:48:30,016 {'epoch': 89, 'lr': 0.0005977537507199336, 'train_loss': 0.0011485564652669897, 'mae': 0.24125591, 'elapsed_time': 74.7129819393158}
2021-10-07 23:49:44,822 {'epoch': 90, 'lr': 0.0005901049046383074, 'train_loss': 0.0010578044768573434, 'mae': 0.19987541, 'elapsed_time': 74.80627465248108}
2021-10-07 23:50:59,654 {'epoch': 91, 'lr': 0.0005824350601949141, 'train_loss': 0.0012410198442632983, 'mae': 0.21346308, 'elapsed_time': 74.83144474029541}
2021-10-07 23:52:14,241 {'epoch': 92, 'lr': 0.0005747461098091033, 'train_loss': 0.0009347292070626975, 'mae': 0.20082974, 'elapsed_time': 74.58647274971008}
2021-10-07 23:53:28,804 {'epoch': 93, 'lr': 0.0005670399506143305, 'train_loss': 0.0008618896886350857, 'mae': 0.19248621, 'elapsed_time': 74.5630829334259}
2021-10-07 23:54:43,959 {'epoch': 94, 'lr': 0.0005593184839900673, 'train_loss': 0.0008223360924036634, 'mae': 0.19100605, 'elapsed_time': 74.7172782421112}
2021-10-07 23:55:59,108 {'epoch': 95, 'lr': 0.0005515836150926644, 'train_loss': 0.0008163849238708684, 'mae': 0.19168967, 'elapsed_time': 74.69043159484863}
2021-10-07 23:57:13,422 {'epoch': 96, 'lr': 0.0005438372523852832, 'train_loss': 0.0008083406021118638, 'mae': 0.19103785, 'elapsed_time': 74.31435966491699}
2021-10-07 23:58:27,358 {'epoch': 97, 'lr': 0.00053608130716701, 'train_loss': 0.0008159920670748784, 'mae': 0.18935159, 'elapsed_time': 73.93496990203857}
2021-10-07 23:59:42,398 {'epoch': 98, 'lr': 0.0005283176931012729, 'train_loss': 0.000806051686238263, 'mae': 0.19223486, 'elapsed_time': 74.59080266952515}
2021-10-08 00:00:57,062 {'epoch': 99, 'lr': 0.0005205483257436734, 'train_loss': 0.0007971137392996872, 'mae': 0.19099243, 'elapsed_time': 74.66333794593811}
2021-10-08 00:02:11,640 {'epoch': 100, 'lr': 0.0005127751220693511, 'train_loss': 0.0007790196510470016, 'mae': 0.18921983, 'elapsed_time': 74.57752203941345}
2021-10-08 00:03:26,507 {'epoch': 101, 'lr': 0.0005049999999999998, 'train_loss': 0.0007660540161472903, 'mae': 0.18534458, 'elapsed_time': 74.38980174064636}
2021-10-08 00:04:41,350 {'epoch': 102, 'lr': 0.0004972248779306486, 'train_loss': 0.0007578791046948366, 'mae': 0.18749459, 'elapsed_time': 74.38805222511292}
2021-10-08 00:05:55,623 {'epoch': 103, 'lr': 0.0004894516742563262, 'train_loss': 0.0007503910365436075, 'mae': 0.18924989, 'elapsed_time': 74.27257251739502}
2021-10-08 00:07:09,897 {'epoch': 104, 'lr': 0.00048168230689872663, 'train_loss': 0.000741414350659307, 'mae': 0.18731068, 'elapsed_time': 74.27334308624268}
2021-10-08 00:08:24,257 {'epoch': 105, 'lr': 0.0004739186928329896, 'train_loss': 0.0007345012436646195, 'mae': 0.19183011, 'elapsed_time': 74.35931086540222}
2021-10-08 00:09:38,210 {'epoch': 106, 'lr': 0.00046616274761471655, 'train_loss': 0.0007193237649260806, 'mae': 0.18612628, 'elapsed_time': 73.95231032371521}
2021-10-08 00:10:52,701 {'epoch': 107, 'lr': 0.0004584163849073352, 'train_loss': 0.0007121904530347066, 'mae': 0.18576707, 'elapsed_time': 74.49072360992432}
2021-10-08 00:12:07,175 {'epoch': 108, 'lr': 0.0004506815160099324, 'train_loss': 0.0007447583363882117, 'mae': 0.18503514, 'elapsed_time': 74.47374939918518}
2021-10-08 00:13:22,274 {'epoch': 109, 'lr': 0.0004429600493856693, 'train_loss': 0.0006882696846380307, 'mae': 0.18659239, 'elapsed_time': 74.63049960136414}
2021-10-08 00:14:36,455 {'epoch': 110, 'lr': 0.00043525389019089656, 'train_loss': 0.000691825287346219, 'mae': 0.18886328, 'elapsed_time': 74.18011927604675}
2021-10-08 00:15:50,787 {'epoch': 111, 'lr': 0.0004275649398050856, 'train_loss': 0.0006826047921976639, 'mae': 0.18177912, 'elapsed_time': 74.33253049850464}
2021-10-08 00:17:05,638 {'epoch': 112, 'lr': 0.0004198950953616921, 'train_loss': 0.0006498906349132517, 'mae': 0.18115051, 'elapsed_time': 74.38176894187927}
2021-10-08 00:18:20,570 {'epoch': 113, 'lr': 0.0004122462492800662, 'train_loss': 0.0006443853354892484, 'mae': 0.18484677, 'elapsed_time': 74.47995781898499}
2021-10-08 00:19:35,508 {'epoch': 114, 'lr': 0.0004046202887985263, 'train_loss': 0.0006337453940768483, 'mae': 0.18306613, 'elapsed_time': 74.93756651878357}
2021-10-08 00:20:49,923 {'epoch': 115, 'lr': 0.0003970190955087115, 'train_loss': 0.0006269229516742481, 'mae': 0.18190004, 'elapsed_time': 74.41542792320251}
2021-10-08 00:22:03,836 {'epoch': 116, 'lr': 0.0003894445448913267, 'train_loss': 0.0006199906891825343, 'mae': 0.18651699, 'elapsed_time': 73.91234922409058}
2021-10-08 00:23:17,700 {'epoch': 117, 'lr': 0.00038189850585339675, 'train_loss': 0.0006098326878848061, 'mae': 0.18086289, 'elapsed_time': 73.8629264831543}
2021-10-08 00:24:32,813 {'epoch': 118, 'lr': 0.0003743828402671403, 'train_loss': 0.0006124867039323446, 'mae': 0.18252224, 'elapsed_time': 74.6495749950409}
2021-10-08 00:25:47,637 {'epoch': 119, 'lr': 0.0003668994025105814, 'train_loss': 0.0005937753942029179, 'mae': 0.17992924, 'elapsed_time': 74.82375812530518}
2021-10-08 00:27:02,236 {'epoch': 120, 'lr': 0.00035945003901000945, 'train_loss': 0.0005759208336610759, 'mae': 0.17972067, 'elapsed_time': 74.16560339927673}
2021-10-08 00:28:17,089 {'epoch': 121, 'lr': 0.00035203658778440103, 'train_loss': 0.0005695799063839329, 'mae': 0.18229409, 'elapsed_time': 74.3971996307373}
2021-10-08 00:29:31,383 {'epoch': 122, 'lr': 0.0003446608779919159, 'train_loss': 0.000565849129367321, 'mae': 0.17833199, 'elapsed_time': 74.29425287246704}
2021-10-08 00:30:45,654 {'epoch': 123, 'lr': 0.00033732472947858063, 'train_loss': 0.0005630367344789666, 'mae': 0.17964606, 'elapsed_time': 73.81160140037537}
2021-10-08 00:31:59,765 {'epoch': 124, 'lr': 0.00033002995232926766, 'train_loss': 0.0005454595180350554, 'mae': 0.18068267, 'elapsed_time': 74.11063194274902}
2021-10-08 00:33:13,758 {'epoch': 125, 'lr': 0.0003227783464210844, 'train_loss': 0.0005440731086034385, 'mae': 0.1797867, 'elapsed_time': 73.9927031993866}
2021-10-08 00:34:27,763 {'epoch': 126, 'lr': 0.00031557170097928054, 'train_loss': 0.000532802390311138, 'mae': 0.18086652, 'elapsed_time': 74.00466084480286}
2021-10-08 00:35:41,627 {'epoch': 127, 'lr': 0.0003084117941357834, 'train_loss': 0.000523401025714781, 'mae': 0.17873025, 'elapsed_time': 73.86329555511475}
2021-10-08 00:36:55,499 {'epoch': 128, 'lr': 0.00030130039249047106, 'train_loss': 0.0005134728827900725, 'mae': 0.17572533, 'elapsed_time': 73.87216091156006}
2021-10-08 00:38:09,905 {'epoch': 129, 'lr': 0.00029423925067528897, 'train_loss': 0.0005112847272551083, 'mae': 0.17902175, 'elapsed_time': 73.9403464794159}
2021-10-08 00:39:23,857 {'epoch': 130, 'lr': 0.0002872301109213219, 'train_loss': 0.0005025229726611304, 'mae': 0.1759359, 'elapsed_time': 73.9511148929596}
2021-10-08 00:40:38,214 {'epoch': 131, 'lr': 0.0002802747026289243, 'train_loss': 0.0004904677443369245, 'mae': 0.17730579, 'elapsed_time': 74.35642623901367}
2021-10-08 00:41:52,692 {'epoch': 132, 'lr': 0.00027337474194101617, 'train_loss': 0.00048600132660440374, 'mae': 0.17677577, 'elapsed_time': 74.47842836380005}
2021-10-08 00:43:06,440 {'epoch': 133, 'lr': 0.00026653193131965077, 'train_loss': 0.0004795762359098617, 'mae': 0.1766104, 'elapsed_time': 73.74759340286255}
2021-10-08 00:44:20,244 {'epoch': 134, 'lr': 0.00025974795912595813, 'train_loss': 0.00047131563364629953, 'mae': 0.17518237, 'elapsed_time': 73.80355739593506}
2021-10-08 00:45:34,220 {'epoch': 135, 'lr': 0.0002530244992035661, 'train_loss': 0.0004618826638252985, 'mae': 0.17638965, 'elapsed_time': 73.52265954017639}
2021-10-08 00:46:48,672 {'epoch': 136, 'lr': 0.00024636321046560527, 'train_loss': 0.000457670502463384, 'mae': 0.17574, 'elapsed_time': 74.45143008232117}
2021-10-08 00:48:03,025 {'epoch': 137, 'lr': 0.00023976573648539645, 'train_loss': 0.00045034883345117466, 'mae': 0.17517178, 'elapsed_time': 74.35346961021423}
2021-10-08 00:49:17,601 {'epoch': 138, 'lr': 0.00023323370509092462, 'train_loss': 0.0004399936967773142, 'mae': 0.17434686, 'elapsed_time': 74.1426649093628}
2021-10-08 00:50:31,657 {'epoch': 139, 'lr': 0.00022676872796319523, 'train_loss': 0.0004346515254455145, 'mae': 0.17419317, 'elapsed_time': 73.62493991851807}
2021-10-08 00:51:45,535 {'epoch': 140, 'lr': 0.00022037240023857702, 'train_loss': 0.00042935410758876657, 'mae': 0.17381072, 'elapsed_time': 73.44034886360168}
2021-10-08 00:53:00,391 {'epoch': 141, 'lr': 0.00021404630011522577, 'train_loss': 0.0004223524684159269, 'mae': 0.17397562, 'elapsed_time': 74.40944862365723}
2021-10-08 00:54:14,731 {'epoch': 142, 'lr': 0.00020779198846368737, 'train_loss': 0.0004144249278422497, 'mae': 0.17398769, 'elapsed_time': 74.33977341651917}
2021-10-08 00:55:29,145 {'epoch': 143, 'lr': 0.0002016110084417765, 'train_loss': 0.00040522149860898417, 'mae': 0.17430441, 'elapsed_time': 74.41366910934448}
2021-10-08 00:56:42,818 {'epoch': 144, 'lr': 0.00019550488511382584, 'train_loss': 0.0004001436482268189, 'mae': 0.17309746, 'elapsed_time': 73.67291641235352}
2021-10-08 00:57:57,504 {'epoch': 145, 'lr': 0.00018947512507439847, 'train_loss': 0.00039669292632705177, 'mae': 0.17286235, 'elapsed_time': 74.23963069915771}
2021-10-08 00:59:12,289 {'epoch': 146, 'lr': 0.00018352321607655904, 'train_loss': 0.00039266335560074304, 'mae': 0.1729819, 'elapsed_time': 74.33301520347595}
2021-10-08 01:00:26,529 {'epoch': 147, 'lr': 0.0001776506266647923, 'train_loss': 0.0003840560105248466, 'mae': 0.17246507, 'elapsed_time': 74.23950386047363}
2021-10-08 01:01:40,666 {'epoch': 148, 'lr': 0.00017185880581266206, 'train_loss': 0.0003786983023378492, 'mae': 0.17324765, 'elapsed_time': 73.70481705665588}
2021-10-08 01:02:54,898 {'epoch': 149, 'lr': 0.000166149182565299, 'train_loss': 0.00037354034710505136, 'mae': 0.17245276, 'elapsed_time': 74.231862783432}
2021-10-08 01:04:09,283 {'epoch': 150, 'lr': 0.00016052316568680435, 'train_loss': 0.00036722452443332525, 'mae': 0.17264079, 'elapsed_time': 73.93982648849487}
2021-10-08 01:05:22,922 {'epoch': 151, 'lr': 0.00015498214331265893, 'train_loss': 0.0003596490425550835, 'mae': 0.17253792, 'elapsed_time': 73.63931727409363}
2021-10-08 01:06:36,607 {'epoch': 152, 'lr': 0.0001495274826072215, 'train_loss': 0.0003545950230450485, 'mae': 0.17227758, 'elapsed_time': 73.68465161323547}
2021-10-08 01:07:50,657 {'epoch': 153, 'lr': 0.00014416052942640132, 'train_loss': 0.0003476219649214947, 'mae': 0.17266294, 'elapsed_time': 73.61764526367188}
2021-10-08 01:09:04,475 {'epoch': 154, 'lr': 0.0001388826079855881, 'train_loss': 0.00034407273575545066, 'mae': 0.17201564, 'elapsed_time': 73.81697940826416}
2021-10-08 01:10:18,987 {'epoch': 155, 'lr': 0.00013369502053292245, 'train_loss': 0.0003397680597467443, 'mae': 0.17209242, 'elapsed_time': 74.07093167304993}
2021-10-08 01:11:33,333 {'epoch': 156, 'lr': 0.00012859904702798464, 'train_loss': 0.00033442306216877765, 'mae': 0.17210382, 'elapsed_time': 74.34488558769226}
2021-10-08 01:12:47,654 {'epoch': 157, 'lr': 0.00012359594482598432, 'train_loss': 0.00033211730435401735, 'mae': 0.17202418, 'elapsed_time': 74.32076644897461}
2021-10-08 01:14:02,069 {'epoch': 158, 'lr': 0.00011868694836752681, 'train_loss': 0.00032754454211220195, 'mae': 0.1723861, 'elapsed_time': 74.41525173187256}
2021-10-08 01:15:16,501 {'epoch': 159, 'lr': 0.0001138732688740332, 'train_loss': 0.00032070704252564646, 'mae': 0.17155157, 'elapsed_time': 74.43139457702637}
2021-10-08 01:16:31,547 {'epoch': 160, 'lr': 0.00010915609404889012, 'train_loss': 0.0003163567273905334, 'mae': 0.1717947, 'elapsed_time': 74.58528900146484}
2021-10-08 01:17:46,184 {'epoch': 161, 'lr': 0.00010453658778440103, 'train_loss': 0.000311308807642196, 'mae': 0.17155425, 'elapsed_time': 74.636892080307}
2021-10-08 01:19:01,074 {'epoch': 162, 'lr': 0.00010001588987461343, 'train_loss': 0.0003089151297053452, 'mae': 0.17140183, 'elapsed_time': 74.88894081115723}
2021-10-08 01:20:15,969 {'epoch': 163, 'lr': 9.559511573409192e-05, 'train_loss': 0.00030394787841517854, 'mae': 0.17193688, 'elapsed_time': 74.43054604530334}
2021-10-08 01:21:30,339 {'epoch': 164, 'lr': 9.12753561227063e-05, 'train_loss': 0.00029943405136446277, 'mae': 0.17167458, 'elapsed_time': 74.36927390098572}
2021-10-08 01:22:44,667 {'epoch': 165, 'lr': 8.705767687650262e-05, 'train_loss': 0.00029535955731553934, 'mae': 0.17184462, 'elapsed_time': 74.32734155654907}
2021-10-08 01:23:59,138 {'epoch': 166, 'lr': 8.294311864472445e-05, 'train_loss': 0.00029146987015987524, 'mae': 0.172238, 'elapsed_time': 74.47065377235413}
2021-10-08 01:25:13,558 {'epoch': 167, 'lr': 7.89326966330478e-05, 'train_loss': 0.00028846812233294255, 'mae': 0.17161979, 'elapsed_time': 74.41947746276855}
2021-10-08 01:26:28,259 {'epoch': 168, 'lr': 7.502740035309526e-05, 'train_loss': 0.0002848571348155252, 'mae': 0.17140034, 'elapsed_time': 74.70102572441101}
2021-10-08 01:27:43,089 {'epoch': 169, 'lr': 7.12281933782875e-05, 'train_loss': 0.0002815071289101091, 'mae': 0.17144592, 'elapsed_time': 74.37204313278198}
2021-10-08 01:28:57,626 {'epoch': 170, 'lr': 6.75360131060967e-05, 'train_loss': 0.00027844218664967396, 'mae': 0.17149065, 'elapsed_time': 74.53711605072021}
2021-10-08 01:30:12,045 {'epoch': 171, 'lr': 6.395177052675792e-05, 'train_loss': 0.00027568085635089573, 'mae': 0.17107604, 'elapsed_time': 74.41819548606873}
2021-10-08 01:31:27,417 {'epoch': 172, 'lr': 6.047634999849528e-05, 'train_loss': 0.0002723544721249084, 'mae': 0.17165841, 'elapsed_time': 74.9255120754242}
2021-10-08 01:32:42,317 {'epoch': 173, 'lr': 5.711060902932039e-05, 'train_loss': 0.00026922782847868873, 'mae': 0.1711717, 'elapsed_time': 74.89961409568787}
2021-10-08 01:33:57,072 {'epoch': 174, 'lr': 5.385537806545467e-05, 'train_loss': 0.0002661031574588528, 'mae': 0.17143379, 'elapsed_time': 74.75509929656982}
2021-10-08 01:35:11,910 {'epoch': 175, 'lr': 5.0711460286429424e-05, 'train_loss': 0.00026342693381159606, 'mae': 0.17146073, 'elapsed_time': 74.8372712135315}
2021-10-08 01:36:26,684 {'epoch': 176, 'lr': 4.767963140691315e-05, 'train_loss': 0.0002607619354095263, 'mae': 0.17129453, 'elapsed_time': 74.77395987510681}
2021-10-08 01:37:41,378 {'epoch': 177, 'lr': 4.4760639485315563e-05, 'train_loss': 0.000258585301581511, 'mae': 0.17153104, 'elapsed_time': 74.69309544563293}
2021-10-08 01:38:56,113 {'epoch': 178, 'lr': 4.195520473921563e-05, 'train_loss': 0.00025659054005487697, 'mae': 0.17128251, 'elapsed_time': 74.73525142669678}
2021-10-08 01:40:10,785 {'epoch': 179, 'lr': 3.9264019367658385e-05, 'train_loss': 0.0002538392229550046, 'mae': 0.17114031, 'elapsed_time': 74.67102575302124}
2021-10-08 01:41:25,513 {'epoch': 180, 'lr': 3.6687747380365064e-05, 'train_loss': 0.0002523268749190629, 'mae': 0.17117497, 'elapsed_time': 74.72751545906067}
2021-10-08 01:42:40,283 {'epoch': 181, 'lr': 3.422702443389899e-05, 'train_loss': 0.00024996851734456594, 'mae': 0.17113827, 'elapsed_time': 74.77013611793518}
2021-10-08 01:43:54,859 {'epoch': 182, 'lr': 3.188245767482658e-05, 'train_loss': 0.0002480809797450772, 'mae': 0.17121729, 'elapsed_time': 74.57510685920715}
2021-10-08 01:45:09,210 {'epoch': 183, 'lr': 2.965462558991323e-05, 'train_loss': 0.0002461632184136222, 'mae': 0.17118828, 'elapsed_time': 74.35043811798096}
2021-10-08 01:46:23,709 {'epoch': 184, 'lr': 2.7544077863390004e-05, 'train_loss': 0.00024443317653402693, 'mae': 0.1712479, 'elapsed_time': 74.4986743927002}
2021-10-08 01:47:38,491 {'epoch': 185, 'lr': 2.5551335241327672e-05, 'train_loss': 0.00024296864530848027, 'mae': 0.1712334, 'elapsed_time': 74.7817153930664}
2021-10-08 01:48:53,306 {'epoch': 186, 'lr': 2.367688940315011e-05, 'train_loss': 0.00024155818498054627, 'mae': 0.17110279, 'elapsed_time': 74.81482076644897}
2021-10-08 01:50:08,118 {'epoch': 187, 'lr': 2.1921202840320077e-05, 'train_loss': 0.00024004534159702447, 'mae': 0.17111255, 'elapsed_time': 74.81102800369263}
2021-10-08 01:51:22,023 {'epoch': 188, 'lr': 2.0284708742225903e-05, 'train_loss': 0.00023881203147494453, 'mae': 0.17113036, 'elapsed_time': 73.90506291389465}
2021-10-08 01:52:36,064 {'epoch': 189, 'lr': 1.8767810889299086e-05, 'train_loss': 0.00023760742657849375, 'mae': 0.17120056, 'elapsed_time': 74.04006147384644}
2021-10-08 01:53:50,090 {'epoch': 190, 'lr': 1.7370883553386936e-05, 'train_loss': 0.0002363276164275159, 'mae': 0.17119378, 'elapsed_time': 74.02632713317871}
2021-10-08 01:55:03,980 {'epoch': 191, 'lr': 1.6094271405406862e-05, 'train_loss': 0.0002353150569114802, 'mae': 0.17116019, 'elapsed_time': 73.88865542411804}
2021-10-08 01:56:17,814 {'epoch': 192, 'lr': 1.4938289430304022e-05, 'train_loss': 0.00023424769906022242, 'mae': 0.17116125, 'elapsed_time': 73.83431100845337}
2021-10-08 01:57:32,037 {'epoch': 193, 'lr': 1.3903222849333509e-05, 'train_loss': 0.00023353690830182168, 'mae': 0.17116103, 'elapsed_time': 74.2223527431488}
2021-10-08 01:58:46,393 {'epoch': 194, 'lr': 1.2989327049686102e-05, 'train_loss': 0.00023265446652272548, 'mae': 0.17116077, 'elapsed_time': 74.35517048835754}
2021-10-08 02:00:00,763 {'epoch': 195, 'lr': 1.2196827521475404e-05, 'train_loss': 0.00023184783474065123, 'mae': 0.17112906, 'elapsed_time': 74.36940908432007}
2021-10-08 02:01:15,346 {'epoch': 196, 'lr': 1.152591980210166e-05, 'train_loss': 0.00023123589816464345, 'mae': 0.1712083, 'elapsed_time': 74.58328175544739}
2021-10-08 02:02:30,260 {'epoch': 197, 'lr': 1.097676942800558e-05, 'train_loss': 0.00023074166989972293, 'mae': 0.17115268, 'elapsed_time': 74.91375684738159}
2021-10-08 02:03:45,191 {'epoch': 198, 'lr': 1.0549511893824899e-05, 'train_loss': 0.00023012389706643984, 'mae': 0.1712119, 'elapsed_time': 74.92999005317688}
2021-10-08 02:05:00,033 {'epoch': 199, 'lr': 1.0244252618962858e-05, 'train_loss': 0.00022950284118221603, 'mae': 0.17115444, 'elapsed_time': 74.84184885025024}
2021-10-08 02:06:14,935 {'epoch': 200, 'lr': 1.006106692157801e-05, 'train_loss': 0.00022923339931621426, 'mae': 0.17114438, 'elapsed_time': 74.9012668132782}
2021-10-08 02:06:57,123 Total CV: 0.17107604444026947
