2021-10-10 22:51:41,803 Fold 0
2021-10-10 22:51:45,254 train run device : cuda:0
2021-10-10 22:52:06,030 multi task weight : 0.6
2021-10-10 22:53:20,524 {'epoch': 1, 'lr': 0.001, 'train_loss': 0.011757859350672773, 'mae': 1.2525884, 'elapsed_time': 74.75002431869507}
2021-10-10 22:53:21,175 multi task weight : 0.60175
2021-10-10 22:54:36,059 {'epoch': 2, 'lr': 0.000999938933078422, 'train_loss': 0.004275181613531707, 'mae': 1.3189833, 'elapsed_time': 75.08843183517456}
2021-10-10 22:54:36,281 multi task weight : 0.6034999999999999
2021-10-10 22:55:51,182 {'epoch': 3, 'lr': 0.000999755747381037, 'train_loss': 0.003708034330168017, 'mae': 0.90298444, 'elapsed_time': 75.1231198310852}
2021-10-10 22:55:51,883 multi task weight : 0.60525
2021-10-10 22:57:06,774 {'epoch': 4, 'lr': 0.000999450488106175, 'train_loss': 0.003313132607537915, 'mae': 0.72591597, 'elapsed_time': 75.10780382156372}
2021-10-10 22:57:07,508 multi task weight : 0.607
2021-10-10 22:58:22,369 {'epoch': 5, 'lr': 0.0009990232305719944, 'train_loss': 0.0030051758035158304, 'mae': 0.72191584, 'elapsed_time': 75.11376810073853}
2021-10-10 22:58:23,081 multi task weight : 0.60875
2021-10-10 22:59:38,109 {'epoch': 6, 'lr': 0.0009984740801978983, 'train_loss': 0.0028393669440265994, 'mae': 0.60942185, 'elapsed_time': 75.26025104522705}
2021-10-10 22:59:38,813 multi task weight : 0.6104999999999999
2021-10-10 23:00:53,567 {'epoch': 7, 'lr': 0.0009978031724785245, 'train_loss': 0.002582164386730466, 'mae': 0.6210329, 'elapsed_time': 74.95936346054077}
2021-10-10 23:00:53,788 multi task weight : 0.61225
2021-10-10 23:02:08,578 {'epoch': 8, 'lr': 0.000997010672950314, 'train_loss': 0.0024709772503755203, 'mae': 0.5442073, 'elapsed_time': 75.01021552085876}
2021-10-10 23:02:09,247 multi task weight : 0.614
2021-10-10 23:03:24,411 {'epoch': 9, 'lr': 0.0009960967771506664, 'train_loss': 0.002313797249945684, 'mae': 0.5073372, 'elapsed_time': 75.3690254688263}
2021-10-10 23:03:25,102 multi task weight : 0.6157499999999999
2021-10-10 23:04:40,004 {'epoch': 10, 'lr': 0.0009950617105696957, 'train_loss': 0.0023928396734597276, 'mae': 0.48058155, 'elapsed_time': 75.11910653114319}
2021-10-10 23:04:40,710 multi task weight : 0.6174999999999999
2021-10-10 23:05:55,771 {'epoch': 11, 'lr': 0.0009939057285945929, 'train_loss': 0.002197402507323473, 'mae': 0.42532048, 'elapsed_time': 75.29589009284973}
2021-10-10 23:05:56,438 multi task weight : 0.61925
2021-10-10 23:07:11,586 {'epoch': 12, 'lr': 0.0009926291164466126, 'train_loss': 0.0021454815641094947, 'mae': 0.44025645, 'elapsed_time': 75.35444712638855}
2021-10-10 23:07:11,806 multi task weight : 0.621
2021-10-10 23:08:26,894 {'epoch': 13, 'lr': 0.0009912321891107005, 'train_loss': 0.0020963816706651562, 'mae': 0.43662488, 'elapsed_time': 75.3078842163086}
2021-10-10 23:08:27,112 multi task weight : 0.62275
2021-10-10 23:09:42,261 {'epoch': 14, 'lr': 0.0009897152912577737, 'train_loss': 0.002153365293763346, 'mae': 0.51103467, 'elapsed_time': 75.36669492721558}
2021-10-10 23:09:42,465 multi task weight : 0.6244999999999999
2021-10-10 23:10:58,052 {'epoch': 15, 'lr': 0.0009880787971596797, 'train_loss': 0.0021530523358037567, 'mae': 0.41440257, 'elapsed_time': 75.79041314125061}
2021-10-10 23:10:58,725 multi task weight : 0.6262500000000001
2021-10-10 23:12:14,191 {'epoch': 16, 'lr': 0.0009863231105968495, 'train_loss': 0.0020612382850282, 'mae': 0.38236064, 'elapsed_time': 75.67889475822449}
2021-10-10 23:12:14,848 multi task weight : 0.628
2021-10-10 23:13:30,310 {'epoch': 17, 'lr': 0.000984448664758672, 'train_loss': 0.0020448428113939276, 'mae': 0.41765124, 'elapsed_time': 75.6669933795929}
2021-10-10 23:13:30,519 multi task weight : 0.62975
2021-10-10 23:14:46,204 {'epoch': 18, 'lr': 0.0009824559221366096, 'train_loss': 0.002015399824237887, 'mae': 0.5414868, 'elapsed_time': 75.89300489425659}
2021-10-10 23:14:46,420 multi task weight : 0.6315000000000001
2021-10-10 23:16:01,971 {'epoch': 19, 'lr': 0.0009803453744100864, 'train_loss': 0.0019654920372823123, 'mae': 0.35874346, 'elapsed_time': 75.76705360412598}
2021-10-10 23:16:02,660 multi task weight : 0.6332500000000001
2021-10-10 23:17:18,344 {'epoch': 20, 'lr': 0.0009781175423251728, 'train_loss': 0.0018840843761022553, 'mae': 0.38047597, 'elapsed_time': 75.91037344932556}
2021-10-10 23:17:18,559 multi task weight : 0.635
2021-10-10 23:18:33,779 {'epoch': 21, 'lr': 0.0009757729755661004, 'train_loss': 0.001847461126917557, 'mae': 0.361489, 'elapsed_time': 75.4344744682312}
2021-10-10 23:18:34,002 multi task weight : 0.63675
2021-10-10 23:19:48,861 {'epoch': 22, 'lr': 0.0009733122526196342, 'train_loss': 0.001856292703980796, 'mae': 0.43299302, 'elapsed_time': 75.08119249343872}
2021-10-10 23:19:49,081 multi task weight : 0.6385000000000001
2021-10-10 23:21:04,508 {'epoch': 23, 'lr': 0.000970735980632341, 'train_loss': 0.0018742131564279832, 'mae': 0.37107548, 'elapsed_time': 75.6474552154541}
2021-10-10 23:21:04,751 multi task weight : 0.64025
2021-10-10 23:22:20,445 {'epoch': 24, 'lr': 0.0009680447952607838, 'train_loss': 0.0017486792687274827, 'mae': 0.31799766, 'elapsed_time': 75.93590307235718}
2021-10-10 23:22:21,126 multi task weight : 0.642
2021-10-10 23:23:36,101 {'epoch': 25, 'lr': 0.0009652393605146839, 'train_loss': 0.0018705107019862408, 'mae': 0.35534278, 'elapsed_time': 75.19387793540955}
2021-10-10 23:23:36,314 multi task weight : 0.64375
2021-10-10 23:24:51,679 {'epoch': 26, 'lr': 0.0009623203685930864, 'train_loss': 0.001811283220264831, 'mae': 0.33905914, 'elapsed_time': 75.5774793624878}
2021-10-10 23:24:51,911 multi task weight : 0.6455
2021-10-10 23:26:07,635 {'epoch': 27, 'lr': 0.00095928853971357, 'train_loss': 0.0016931937013816328, 'mae': 0.31495777, 'elapsed_time': 75.95613813400269}
2021-10-10 23:26:08,348 multi task weight : 0.64725
2021-10-10 23:27:24,091 {'epoch': 28, 'lr': 0.0009561446219345448, 'train_loss': 0.0016482483563516376, 'mae': 0.30549315, 'elapsed_time': 75.98071455955505}
2021-10-10 23:27:24,751 multi task weight : 0.649
2021-10-10 23:28:40,375 {'epoch': 29, 'lr': 0.0009528893909706791, 'train_loss': 0.0016430227692017419, 'mae': 0.34711793, 'elapsed_time': 75.81666541099548}
2021-10-10 23:28:40,609 multi task weight : 0.6507499999999999
2021-10-10 23:29:56,322 {'epoch': 30, 'lr': 0.0009495236500015041, 'train_loss': 0.0018024866364901235, 'mae': 0.37692493, 'elapsed_time': 75.94705367088318}
2021-10-10 23:29:56,580 multi task weight : 0.6525
2021-10-10 23:31:12,449 {'epoch': 31, 'lr': 0.0009460482294732414, 'train_loss': 0.001642621139951934, 'mae': 0.2983623, 'elapsed_time': 76.12674403190613}
2021-10-10 23:31:13,144 multi task weight : 0.65425
2021-10-10 23:32:28,928 {'epoch': 32, 'lr': 0.0009424639868939027, 'train_loss': 0.001668688916336471, 'mae': 0.3797802, 'elapsed_time': 76.00967621803284}
2021-10-10 23:32:29,158 multi task weight : 0.656
2021-10-10 23:33:44,977 {'epoch': 33, 'lr': 0.0009387718066217117, 'train_loss': 0.0018141926480413984, 'mae': 0.28611556, 'elapsed_time': 76.04807138442993}
2021-10-10 23:33:45,677 multi task weight : 0.6577500000000001
2021-10-10 23:35:01,566 {'epoch': 34, 'lr': 0.000934972599646904, 'train_loss': 0.0016711217703666806, 'mae': 0.3193488, 'elapsed_time': 76.10708212852478}
2021-10-10 23:35:01,801 multi task weight : 0.6595
2021-10-10 23:36:17,698 {'epoch': 35, 'lr': 0.0009310673033669515, 'train_loss': 0.001653594737705843, 'mae': 0.44851294, 'elapsed_time': 76.13220286369324}
2021-10-10 23:36:17,917 multi task weight : 0.6612499999999999
2021-10-10 23:37:33,771 {'epoch': 36, 'lr': 0.0009270568813552751, 'train_loss': 0.0016165544932511882, 'mae': 0.30331674, 'elapsed_time': 76.07258081436157}
2021-10-10 23:37:34,004 multi task weight : 0.663
2021-10-10 23:38:49,564 {'epoch': 37, 'lr': 0.0009229423231234969, 'train_loss': 0.001545853398597106, 'mae': 0.31791404, 'elapsed_time': 75.79231929779053}
2021-10-10 23:38:49,773 multi task weight : 0.66475
2021-10-10 23:40:05,508 {'epoch': 38, 'lr': 0.0009187246438772933, 'train_loss': 0.0015168883163183236, 'mae': 0.30706573, 'elapsed_time': 75.9431984424591}
2021-10-10 23:40:05,725 multi task weight : 0.6665
2021-10-10 23:41:21,498 {'epoch': 39, 'lr': 0.0009144048842659075, 'train_loss': 0.0015392572954148942, 'mae': 0.32356104, 'elapsed_time': 75.98973631858826}
2021-10-10 23:41:21,711 multi task weight : 0.6682499999999999
2021-10-10 23:42:37,394 {'epoch': 40, 'lr': 0.0009099841101253861, 'train_loss': 0.0014828880047802106, 'mae': 0.27750197, 'elapsed_time': 75.89563274383545}
2021-10-10 23:42:38,072 multi task weight : 0.6699999999999999
2021-10-10 23:43:54,069 {'epoch': 41, 'lr': 0.0009054634122155986, 'train_loss': 0.0016307828880012074, 'mae': 0.2865812, 'elapsed_time': 76.20636510848999}
2021-10-10 23:43:54,303 multi task weight : 0.67175
2021-10-10 23:45:10,303 {'epoch': 42, 'lr': 0.0009008439059511095, 'train_loss': 0.0015214987755848763, 'mae': 0.3376778, 'elapsed_time': 76.23368382453918}
2021-10-10 23:45:10,499 multi task weight : 0.6735
2021-10-10 23:46:26,046 {'epoch': 43, 'lr': 0.0008961267311259662, 'train_loss': 0.001511700943141998, 'mae': 0.29973692, 'elapsed_time': 75.74248194694519}
2021-10-10 23:46:26,288 multi task weight : 0.6752499999999999
2021-10-10 23:47:41,771 {'epoch': 44, 'lr': 0.0008913130516324728, 'train_loss': 0.0014848708617639826, 'mae': 0.28671038, 'elapsed_time': 75.72438311576843}
2021-10-10 23:47:41,997 multi task weight : 0.6769999999999999
2021-10-10 23:48:57,101 {'epoch': 45, 'lr': 0.0008864040551740152, 'train_loss': 0.0013850492027182703, 'mae': 0.3344466, 'elapsed_time': 75.3297266960144}
2021-10-10 23:48:57,325 multi task weight : 0.67875
2021-10-10 23:50:12,915 {'epoch': 46, 'lr': 0.000881400952972015, 'train_loss': 0.0014624038904984319, 'mae': 0.28639406, 'elapsed_time': 75.81359314918518}
2021-10-10 23:50:13,149 multi task weight : 0.6805
2021-10-10 23:51:29,414 {'epoch': 47, 'lr': 0.0008763049794670771, 'train_loss': 0.0013792635165673364, 'mae': 0.25015292, 'elapsed_time': 76.49831175804138}
2021-10-10 23:51:30,141 multi task weight : 0.6822499999999999
2021-10-10 23:52:45,832 {'epoch': 48, 'lr': 0.0008711173920144113, 'train_loss': 0.0014117493949005982, 'mae': 0.32084227, 'elapsed_time': 75.92586255073547}
2021-10-10 23:52:46,069 multi task weight : 0.6839999999999999
2021-10-10 23:54:02,236 {'epoch': 49, 'lr': 0.0008658394705735983, 'train_loss': 0.001432640633297093, 'mae': 0.24247208, 'elapsed_time': 76.40360593795776}
2021-10-10 23:54:02,919 multi task weight : 0.68575
2021-10-10 23:55:19,014 {'epoch': 50, 'lr': 0.0008604725173927781, 'train_loss': 0.0012980721187342706, 'mae': 0.24918427, 'elapsed_time': 76.29791903495789}
2021-10-10 23:55:19,232 multi task weight : 0.6875
2021-10-10 23:56:35,530 {'epoch': 51, 'lr': 0.0008550178566873405, 'train_loss': 0.0012983422074652098, 'mae': 0.25595358, 'elapsed_time': 76.5159752368927}
2021-10-10 23:56:35,757 multi task weight : 0.68925
2021-10-10 23:57:51,746 {'epoch': 52, 'lr': 0.0008494768343131951, 'train_loss': 0.001311588870463899, 'mae': 0.25008798, 'elapsed_time': 76.21511769294739}
2021-10-10 23:57:51,947 multi task weight : 0.6910000000000001
2021-10-10 23:59:07,734 {'epoch': 53, 'lr': 0.0008438508174347005, 'train_loss': 0.0013086404155191796, 'mae': 0.3011142, 'elapsed_time': 75.98736548423767}
2021-10-10 23:59:07,964 multi task weight : 0.69275
2021-10-11 00:00:24,141 {'epoch': 54, 'lr': 0.0008381411941873374, 'train_loss': 0.0014405282852446662, 'mae': 0.26487416, 'elapsed_time': 76.40682911872864}
2021-10-11 00:00:24,356 multi task weight : 0.6945
2021-10-11 00:01:40,528 {'epoch': 55, 'lr': 0.0008323493733352073, 'train_loss': 0.0013321669329133074, 'mae': 0.26998606, 'elapsed_time': 76.38645434379578}
2021-10-11 00:01:40,782 multi task weight : 0.69625
2021-10-11 00:02:56,740 {'epoch': 56, 'lr': 0.0008264767839234405, 'train_loss': 0.0012258718630843324, 'mae': 0.32096952, 'elapsed_time': 76.2114748954773}
2021-10-11 00:02:56,964 multi task weight : 0.698
2021-10-11 00:04:13,091 {'epoch': 57, 'lr': 0.000820524874925601, 'train_loss': 0.001256012703268002, 'mae': 0.5579959, 'elapsed_time': 76.35052561759949}
2021-10-11 00:04:13,295 multi task weight : 0.6997500000000001
2021-10-11 00:05:29,042 {'epoch': 58, 'lr': 0.0008144951148861737, 'train_loss': 0.0013816770822836753, 'mae': 0.23260252, 'elapsed_time': 75.95081925392151}
2021-10-11 00:05:29,738 multi task weight : 0.7015
2021-10-11 00:06:45,547 {'epoch': 59, 'lr': 0.0008083889915582231, 'train_loss': 0.0012528550811729106, 'mae': 0.22868611, 'elapsed_time': 76.03430557250977}
2021-10-11 00:06:46,281 multi task weight : 0.70325
2021-10-11 00:08:02,334 {'epoch': 60, 'lr': 0.0008022080115363123, 'train_loss': 0.0013517696130218452, 'mae': 0.22342674, 'elapsed_time': 76.2995548248291}
2021-10-11 00:08:03,067 multi task weight : 0.705
2021-10-11 00:09:19,021 {'epoch': 61, 'lr': 0.0007959536998847739, 'train_loss': 0.0012087701087246043, 'mae': 0.22932787, 'elapsed_time': 76.21077251434326}
2021-10-11 00:09:19,239 multi task weight : 0.70675
2021-10-11 00:10:34,615 {'epoch': 62, 'lr': 0.0007896275997614226, 'train_loss': 0.001199673012274239, 'mae': 0.21836095, 'elapsed_time': 75.59368395805359}
2021-10-11 00:10:35,372 multi task weight : 0.7084999999999999
2021-10-11 00:11:50,854 {'epoch': 63, 'lr': 0.0007832312720368044, 'train_loss': 0.0011192511657291172, 'mae': 0.2152512, 'elapsed_time': 75.75791025161743}
2021-10-11 00:11:51,545 multi task weight : 0.71025
2021-10-11 00:13:06,994 {'epoch': 64, 'lr': 0.0007767662949090749, 'train_loss': 0.001087385206930759, 'mae': 0.21131304, 'elapsed_time': 75.67291140556335}
2021-10-11 00:13:07,711 multi task weight : 0.712
2021-10-11 00:14:23,346 {'epoch': 65, 'lr': 0.000770234263514603, 'train_loss': 0.0010967895932954776, 'mae': 0.22983477, 'elapsed_time': 75.88260006904602}
2021-10-11 00:14:23,591 multi task weight : 0.71375
2021-10-11 00:15:39,170 {'epoch': 66, 'lr': 0.0007636367895343944, 'train_loss': 0.0010989662931307489, 'mae': 0.21069178, 'elapsed_time': 75.82406878471375}
2021-10-11 00:15:39,884 multi task weight : 0.7155
2021-10-11 00:16:56,404 {'epoch': 67, 'lr': 0.0007569755007964335, 'train_loss': 0.0011268860136508705, 'mae': 0.2277951, 'elapsed_time': 76.7625789642334}
2021-10-11 00:16:56,639 multi task weight : 0.7172499999999999
2021-10-11 00:18:12,380 {'epoch': 68, 'lr': 0.0007502520408740415, 'train_loss': 0.0010701207839066101, 'mae': 0.2529892, 'elapsed_time': 75.97542357444763}
2021-10-11 00:18:12,623 multi task weight : 0.719
2021-10-11 00:19:28,233 {'epoch': 69, 'lr': 0.0007434680686803488, 'train_loss': 0.0010392018324140685, 'mae': 0.2058571, 'elapsed_time': 75.85325503349304}
2021-10-11 00:19:28,938 multi task weight : 0.72075
2021-10-11 00:20:44,599 {'epoch': 70, 'lr': 0.0007366252580589837, 'train_loss': 0.0010288891321414745, 'mae': 0.22971405, 'elapsed_time': 75.89677262306213}
2021-10-11 00:20:44,810 multi task weight : 0.7224999999999999
2021-10-11 00:22:00,748 {'epoch': 71, 'lr': 0.0007297252973710754, 'train_loss': 0.001033813163213496, 'mae': 0.23458362, 'elapsed_time': 76.14865326881409}
2021-10-11 00:22:00,954 multi task weight : 0.7242500000000001
2021-10-11 00:23:16,677 {'epoch': 72, 'lr': 0.0007227698890786777, 'train_loss': 0.0010435691253930783, 'mae': 0.2104898, 'elapsed_time': 75.9285318851471}
2021-10-11 00:23:16,878 multi task weight : 0.726
2021-10-11 00:24:32,793 {'epoch': 73, 'lr': 0.0007157607493247108, 'train_loss': 0.001015194767136855, 'mae': 0.21080513, 'elapsed_time': 76.1155207157135}
2021-10-11 00:24:32,987 multi task weight : 0.72775
2021-10-11 00:25:49,099 {'epoch': 74, 'lr': 0.0007086996075095287, 'train_loss': 0.0009599955780882169, 'mae': 0.19767098, 'elapsed_time': 76.305992603302}
2021-10-11 00:25:49,784 multi task weight : 0.7295
2021-10-11 00:27:05,740 {'epoch': 75, 'lr': 0.0007015882058642161, 'train_loss': 0.0009608763944656348, 'mae': 0.20605049, 'elapsed_time': 76.17572784423828}
2021-10-11 00:27:05,963 multi task weight : 0.73125
2021-10-11 00:28:21,582 {'epoch': 76, 'lr': 0.0006944282990207193, 'train_loss': 0.0009450148715778958, 'mae': 0.21613267, 'elapsed_time': 75.84086084365845}
2021-10-11 00:28:21,817 multi task weight : 0.733
2021-10-11 00:29:37,629 {'epoch': 77, 'lr': 0.0006872216535789155, 'train_loss': 0.000971669796669104, 'mae': 0.2024526, 'elapsed_time': 76.04695510864258}
2021-10-11 00:29:37,863 multi task weight : 0.73475
2021-10-11 00:30:53,912 {'epoch': 78, 'lr': 0.0006799700476707321, 'train_loss': 0.0010613464826262494, 'mae': 0.27761248, 'elapsed_time': 76.2826156616211}
2021-10-11 00:30:54,123 multi task weight : 0.7364999999999999
2021-10-11 00:32:10,199 {'epoch': 79, 'lr': 0.0006726752705214191, 'train_loss': 0.0011166928271837706, 'mae': 0.21100844, 'elapsed_time': 76.28668069839478}
2021-10-11 00:32:10,404 multi task weight : 0.73825
2021-10-11 00:33:25,971 {'epoch': 80, 'lr': 0.0006653391220080838, 'train_loss': 0.0010294886913232017, 'mae': 0.31436294, 'elapsed_time': 75.77124691009521}
2021-10-11 00:33:26,196 multi task weight : 0.74
2021-10-11 00:34:41,547 {'epoch': 81, 'lr': 0.0006579634122155988, 'train_loss': 0.0009972978533894278, 'mae': 0.20850283, 'elapsed_time': 75.57550644874573}
2021-10-11 00:34:41,775 multi task weight : 0.7417499999999999
2021-10-11 00:35:57,898 {'epoch': 82, 'lr': 0.0006505499609899903, 'train_loss': 0.0009565805892890222, 'mae': 0.1983398, 'elapsed_time': 76.3509840965271}
2021-10-11 00:35:58,125 multi task weight : 0.7435
2021-10-11 00:37:14,115 {'epoch': 83, 'lr': 0.0006431005974894184, 'train_loss': 0.000943862336253867, 'mae': 0.20468462, 'elapsed_time': 76.21693849563599}
2021-10-11 00:37:14,342 multi task weight : 0.74525
2021-10-11 00:38:29,918 {'epoch': 84, 'lr': 0.0006356171597328593, 'train_loss': 0.0008770792005056573, 'mae': 0.19131148, 'elapsed_time': 75.80180716514587}
2021-10-11 00:38:30,601 multi task weight : 0.747
2021-10-11 00:39:46,344 {'epoch': 85, 'lr': 0.0006281014941466028, 'train_loss': 0.0008831987162401456, 'mae': 0.19150682, 'elapsed_time': 75.95770025253296}
2021-10-11 00:39:46,573 multi task weight : 0.74875
2021-10-11 00:41:02,387 {'epoch': 86, 'lr': 0.000620555455108673, 'train_loss': 0.0008827151859029782, 'mae': 0.19056743, 'elapsed_time': 76.04239702224731}
2021-10-11 00:41:03,095 multi task weight : 0.7505
2021-10-11 00:42:18,630 {'epoch': 87, 'lr': 0.0006129809044912885, 'train_loss': 0.0008258470293996032, 'mae': 0.22184491, 'elapsed_time': 75.77357769012451}
2021-10-11 00:42:18,858 multi task weight : 0.75225
2021-10-11 00:43:34,290 {'epoch': 88, 'lr': 0.0006053797112014735, 'train_loss': 0.0008276977534964434, 'mae': 0.19574049, 'elapsed_time': 75.65905666351318}
2021-10-11 00:43:34,500 multi task weight : 0.754
2021-10-11 00:44:49,762 {'epoch': 89, 'lr': 0.0005977537507199336, 'train_loss': 0.0007751703983193758, 'mae': 0.1850692, 'elapsed_time': 75.47210454940796}
2021-10-11 00:44:50,423 multi task weight : 0.7557499999999999
2021-10-11 00:46:06,492 {'epoch': 90, 'lr': 0.0005901049046383074, 'train_loss': 0.0007797904037348951, 'mae': 0.18399912, 'elapsed_time': 76.26267385482788}
2021-10-11 00:46:07,172 multi task weight : 0.7575000000000001
2021-10-11 00:47:23,173 {'epoch': 91, 'lr': 0.0005824350601949141, 'train_loss': 0.0011215140713493582, 'mae': 0.20294793, 'elapsed_time': 76.20378422737122}
2021-10-11 00:47:23,429 multi task weight : 0.75925
2021-10-11 00:48:39,420 {'epoch': 92, 'lr': 0.0005747461098091033, 'train_loss': 0.0008263555233785851, 'mae': 0.18967862, 'elapsed_time': 76.24613118171692}
2021-10-11 00:48:39,618 multi task weight : 0.761
2021-10-11 00:49:55,519 {'epoch': 93, 'lr': 0.0005670399506143305, 'train_loss': 0.0007676834212165546, 'mae': 0.1894243, 'elapsed_time': 76.09835481643677}
2021-10-11 00:49:55,727 multi task weight : 0.7627499999999999
2021-10-11 00:51:11,316 {'epoch': 94, 'lr': 0.0005593184839900673, 'train_loss': 0.0008114865312637914, 'mae': 0.18719204, 'elapsed_time': 75.79694294929504}
2021-10-11 00:51:11,540 multi task weight : 0.7645
2021-10-11 00:52:27,071 {'epoch': 95, 'lr': 0.0005515836150926644, 'train_loss': 0.0007609060574804338, 'mae': 0.18493667, 'elapsed_time': 75.75503873825073}
2021-10-11 00:52:27,290 multi task weight : 0.76625
2021-10-11 00:53:43,089 {'epoch': 96, 'lr': 0.0005438372523852832, 'train_loss': 0.0007375149284671521, 'mae': 0.19658442, 'elapsed_time': 76.017422914505}
2021-10-11 00:53:43,298 multi task weight : 0.768
2021-10-11 00:54:59,211 {'epoch': 97, 'lr': 0.00053608130716701, 'train_loss': 0.0007129880595357312, 'mae': 0.18755001, 'elapsed_time': 76.12172436714172}
2021-10-11 00:54:59,445 multi task weight : 0.7697499999999999
2021-10-11 00:56:15,273 {'epoch': 98, 'lr': 0.0005283176931012729, 'train_loss': 0.0007210254806203113, 'mae': 0.1836272, 'elapsed_time': 76.0612542629242}
2021-10-11 00:56:15,980 multi task weight : 0.7715
2021-10-11 00:57:31,598 {'epoch': 99, 'lr': 0.0005205483257436734, 'train_loss': 0.0007334521613062178, 'mae': 0.19560146, 'elapsed_time': 75.86588048934937}
2021-10-11 00:57:31,829 multi task weight : 0.77325
2021-10-11 00:58:47,495 {'epoch': 100, 'lr': 0.0005127751220693511, 'train_loss': 0.0006904318853422773, 'mae': 0.18401553, 'elapsed_time': 75.89662265777588}
2021-10-11 00:58:47,721 multi task weight : 0.7749999999999999
2021-10-11 01:00:02,875 {'epoch': 101, 'lr': 0.0005049999999999998, 'train_loss': 0.000697965132698387, 'mae': 0.18263465, 'elapsed_time': 75.37933301925659}
2021-10-11 01:00:03,586 multi task weight : 0.7767499999999999
2021-10-11 01:01:18,912 {'epoch': 102, 'lr': 0.0004972248779306486, 'train_loss': 0.0006672182730772465, 'mae': 0.18337137, 'elapsed_time': 75.56335210800171}
2021-10-11 01:01:19,141 multi task weight : 0.7785
2021-10-11 01:02:34,438 {'epoch': 103, 'lr': 0.0004894516742563262, 'train_loss': 0.0006573666785729492, 'mae': 0.17802438, 'elapsed_time': 75.5264949798584}
2021-10-11 01:02:35,141 multi task weight : 0.7802499999999999
2021-10-11 01:03:50,559 {'epoch': 104, 'lr': 0.00048168230689872663, 'train_loss': 0.0006456314808904453, 'mae': 0.18058747, 'elapsed_time': 75.65085458755493}
2021-10-11 01:03:50,791 multi task weight : 0.782
2021-10-11 01:05:06,682 {'epoch': 105, 'lr': 0.0004739186928329896, 'train_loss': 0.0006430658203228133, 'mae': 0.17827855, 'elapsed_time': 76.12242794036865}
2021-10-11 01:05:06,910 multi task weight : 0.78375
2021-10-11 01:06:22,934 {'epoch': 106, 'lr': 0.00046616274761471655, 'train_loss': 0.0006402922354791637, 'mae': 0.17848201, 'elapsed_time': 76.25189232826233}
2021-10-11 01:06:23,146 multi task weight : 0.7854999999999999
2021-10-11 01:07:38,856 {'epoch': 107, 'lr': 0.0004584163849073352, 'train_loss': 0.0006286610217827926, 'mae': 0.17883778, 'elapsed_time': 75.92180132865906}
2021-10-11 01:07:39,076 multi task weight : 0.78725
2021-10-11 01:08:54,592 {'epoch': 108, 'lr': 0.0004506815160099324, 'train_loss': 0.0006293883763199377, 'mae': 0.184109, 'elapsed_time': 75.73511028289795}
2021-10-11 01:08:54,831 multi task weight : 0.7889999999999999
2021-10-11 01:10:10,835 {'epoch': 109, 'lr': 0.0004429600493856693, 'train_loss': 0.0006099968833874756, 'mae': 0.17805903, 'elapsed_time': 76.24324321746826}
2021-10-11 01:10:11,040 multi task weight : 0.7907500000000001
2021-10-11 01:11:26,630 {'epoch': 110, 'lr': 0.00043525389019089656, 'train_loss': 0.0006057344620209249, 'mae': 0.17715752, 'elapsed_time': 75.79377007484436}
2021-10-11 01:11:27,324 multi task weight : 0.7925
2021-10-11 01:12:42,974 {'epoch': 111, 'lr': 0.0004275649398050856, 'train_loss': 0.0006041683999709217, 'mae': 0.17597142, 'elapsed_time': 75.87406277656555}
2021-10-11 01:12:43,678 multi task weight : 0.7942499999999999
2021-10-11 01:13:59,504 {'epoch': 112, 'lr': 0.0004198950953616921, 'train_loss': 0.0005858445562288965, 'mae': 0.175346, 'elapsed_time': 76.0603199005127}
2021-10-11 01:14:00,225 multi task weight : 0.796
2021-10-11 01:15:16,124 {'epoch': 113, 'lr': 0.0004122462492800662, 'train_loss': 0.0005787323620306134, 'mae': 0.17572305, 'elapsed_time': 76.13484978675842}
2021-10-11 01:15:16,325 multi task weight : 0.79775
2021-10-11 01:16:31,890 {'epoch': 114, 'lr': 0.0004046202887985263, 'train_loss': 0.0005749958277864516, 'mae': 0.17385156, 'elapsed_time': 75.76475954055786}
2021-10-11 01:16:32,574 multi task weight : 0.7995
2021-10-11 01:17:47,565 {'epoch': 115, 'lr': 0.0003970190955087115, 'train_loss': 0.0005673985554903963, 'mae': 0.17383362, 'elapsed_time': 75.2049515247345}
2021-10-11 01:17:48,243 multi task weight : 0.8012499999999999
2021-10-11 01:19:03,033 {'epoch': 116, 'lr': 0.0003894445448913267, 'train_loss': 0.0005566937106459681, 'mae': 0.17528644, 'elapsed_time': 74.99200582504272}
2021-10-11 01:19:03,268 multi task weight : 0.8029999999999999
2021-10-11 01:20:18,180 {'epoch': 117, 'lr': 0.00038189850585339675, 'train_loss': 0.0005714016619050163, 'mae': 0.17364147, 'elapsed_time': 75.14653086662292}
2021-10-11 01:20:18,876 multi task weight : 0.80475
2021-10-11 01:21:34,318 {'epoch': 118, 'lr': 0.0003743828402671403, 'train_loss': 0.0005413701818889344, 'mae': 0.17699504, 'elapsed_time': 75.66430735588074}
2021-10-11 01:21:34,555 multi task weight : 0.8065
2021-10-11 01:22:50,259 {'epoch': 119, 'lr': 0.0003668994025105814, 'train_loss': 0.0005413440310422792, 'mae': 0.17232892, 'elapsed_time': 75.94044375419617}
2021-10-11 01:22:50,979 multi task weight : 0.8082499999999999
2021-10-11 01:24:06,547 {'epoch': 120, 'lr': 0.00035945003901000945, 'train_loss': 0.0005251620723967761, 'mae': 0.17380005, 'elapsed_time': 75.7959897518158}
2021-10-11 01:24:06,773 multi task weight : 0.8099999999999999
2021-10-11 01:25:22,036 {'epoch': 121, 'lr': 0.00035203658778440103, 'train_loss': 0.000512655789984268, 'mae': 0.17506042, 'elapsed_time': 75.48847818374634}
2021-10-11 01:25:22,276 multi task weight : 0.81175
2021-10-11 01:26:37,587 {'epoch': 122, 'lr': 0.0003446608779919159, 'train_loss': 0.0005126679901865597, 'mae': 0.17197122, 'elapsed_time': 75.55102515220642}
2021-10-11 01:26:38,297 multi task weight : 0.8135
2021-10-11 01:27:53,700 {'epoch': 123, 'lr': 0.00033732472947858063, 'train_loss': 0.0005068347630115082, 'mae': 0.1694536, 'elapsed_time': 75.63714623451233}
2021-10-11 01:27:54,404 multi task weight : 0.8152499999999999
2021-10-11 01:29:10,061 {'epoch': 124, 'lr': 0.00033002995232926766, 'train_loss': 0.0005021438476579563, 'mae': 0.17090054, 'elapsed_time': 75.87458634376526}
2021-10-11 01:29:10,267 multi task weight : 0.817
2021-10-11 01:30:26,024 {'epoch': 125, 'lr': 0.0003227783464210844, 'train_loss': 0.0004940084570548525, 'mae': 0.17103963, 'elapsed_time': 75.96216702461243}
2021-10-11 01:30:26,235 multi task weight : 0.81875
2021-10-11 01:31:42,054 {'epoch': 126, 'lr': 0.00031557170097928054, 'train_loss': 0.000484825107790505, 'mae': 0.16970013, 'elapsed_time': 76.02957701683044}
2021-10-11 01:31:42,293 multi task weight : 0.8204999999999999
2021-10-11 01:32:58,005 {'epoch': 127, 'lr': 0.0003084117941357834, 'train_loss': 0.0004762493776906753, 'mae': 0.17097737, 'elapsed_time': 75.95061683654785}
2021-10-11 01:32:58,251 multi task weight : 0.8222499999999999
2021-10-11 01:34:14,115 {'epoch': 128, 'lr': 0.00030130039249047106, 'train_loss': 0.0004720643115821779, 'mae': 0.16908796, 'elapsed_time': 76.10980248451233}
2021-10-11 01:34:14,821 multi task weight : 0.824
2021-10-11 01:35:30,444 {'epoch': 129, 'lr': 0.00029423925067528897, 'train_loss': 0.00046452465550474094, 'mae': 0.16894725, 'elapsed_time': 75.85322070121765}
2021-10-11 01:35:31,153 multi task weight : 0.82575
2021-10-11 01:36:46,482 {'epoch': 130, 'lr': 0.0002872301109213219, 'train_loss': 0.0004640834615241818, 'mae': 0.16929595, 'elapsed_time': 75.55741786956787}
2021-10-11 01:36:46,727 multi task weight : 0.8274999999999999
2021-10-11 01:38:02,188 {'epoch': 131, 'lr': 0.0002802747026289243, 'train_loss': 0.00045368236670427324, 'mae': 0.16816798, 'elapsed_time': 75.70562767982483}
2021-10-11 01:38:02,902 multi task weight : 0.8292499999999999
2021-10-11 01:39:18,428 {'epoch': 132, 'lr': 0.00027337474194101617, 'train_loss': 0.00044778914890092206, 'mae': 0.16903238, 'elapsed_time': 75.76521468162537}
2021-10-11 01:39:18,665 multi task weight : 0.831
2021-10-11 01:40:34,546 {'epoch': 133, 'lr': 0.00026653193131965077, 'train_loss': 0.00044349309635910867, 'mae': 0.16997378, 'elapsed_time': 76.11836361885071}
2021-10-11 01:40:34,776 multi task weight : 0.83275
2021-10-11 01:41:50,535 {'epoch': 134, 'lr': 0.00025974795912595813, 'train_loss': 0.0004371105898184007, 'mae': 0.16859892, 'elapsed_time': 75.98816108703613}
2021-10-11 01:41:50,739 multi task weight : 0.8344999999999999
2021-10-11 01:43:07,163 {'epoch': 135, 'lr': 0.0002530244992035661, 'train_loss': 0.000433298313374291, 'mae': 0.16720915, 'elapsed_time': 76.62790107727051}
2021-10-11 01:43:07,909 multi task weight : 0.8362499999999999
2021-10-11 01:44:24,380 {'epoch': 136, 'lr': 0.00024636321046560527, 'train_loss': 0.00042253903633587164, 'mae': 0.16813485, 'elapsed_time': 76.73095154762268}
2021-10-11 01:44:24,617 multi task weight : 0.838
2021-10-11 01:45:41,116 {'epoch': 137, 'lr': 0.00023976573648539645, 'train_loss': 0.00041150105506122467, 'mae': 0.16594675, 'elapsed_time': 76.73552536964417}
2021-10-11 01:45:41,816 multi task weight : 0.83975
2021-10-11 01:46:57,555 {'epoch': 138, 'lr': 0.00023323370509092462, 'train_loss': 0.00040945483302491404, 'mae': 0.16740707, 'elapsed_time': 75.95676469802856}
2021-10-11 01:46:57,782 multi task weight : 0.8415
2021-10-11 01:48:13,525 {'epoch': 139, 'lr': 0.00022676872796319523, 'train_loss': 0.00040560564682914614, 'mae': 0.1666927, 'elapsed_time': 75.96939444541931}
2021-10-11 01:48:13,751 multi task weight : 0.8432499999999999
2021-10-11 01:49:29,386 {'epoch': 140, 'lr': 0.00022037240023857702, 'train_loss': 0.00039614309933878395, 'mae': 0.16648678, 'elapsed_time': 75.86117672920227}
2021-10-11 01:49:29,609 multi task weight : 0.845
2021-10-11 01:50:45,221 {'epoch': 141, 'lr': 0.00021404630011522577, 'train_loss': 0.00039465067268770764, 'mae': 0.16610447, 'elapsed_time': 75.83434128761292}
2021-10-11 01:50:45,444 multi task weight : 0.84675
2021-10-11 01:52:01,067 {'epoch': 142, 'lr': 0.00020779198846368737, 'train_loss': 0.00039015539043574953, 'mae': 0.16749646, 'elapsed_time': 75.84522938728333}
2021-10-11 01:52:01,294 multi task weight : 0.8485
2021-10-11 01:53:17,042 {'epoch': 143, 'lr': 0.0002016110084417765, 'train_loss': 0.00037951430174996715, 'mae': 0.16641442, 'elapsed_time': 75.97451663017273}
2021-10-11 01:53:17,289 multi task weight : 0.85025
2021-10-11 01:54:33,018 {'epoch': 144, 'lr': 0.00019550488511382584, 'train_loss': 0.0003752149070623578, 'mae': 0.16960537, 'elapsed_time': 75.9761152267456}
2021-10-11 01:54:33,243 multi task weight : 0.852
2021-10-11 01:55:48,829 {'epoch': 145, 'lr': 0.00018947512507439847, 'train_loss': 0.00037337299491876875, 'mae': 0.16566709, 'elapsed_time': 75.81006693840027}
2021-10-11 01:55:49,531 multi task weight : 0.85375
2021-10-11 01:57:05,400 {'epoch': 146, 'lr': 0.00018352321607655904, 'train_loss': 0.00036376303579038625, 'mae': 0.16520908, 'elapsed_time': 76.09630918502808}
2021-10-11 01:57:06,111 multi task weight : 0.8555
2021-10-11 01:58:22,105 {'epoch': 147, 'lr': 0.0001776506266647923, 'train_loss': 0.00035989702400869296, 'mae': 0.16453606, 'elapsed_time': 76.22902607917786}
2021-10-11 01:58:22,798 multi task weight : 0.85725
2021-10-11 01:59:38,180 {'epoch': 148, 'lr': 0.00017185880581266206, 'train_loss': 0.00035389895107155214, 'mae': 0.16621083, 'elapsed_time': 75.60076141357422}
2021-10-11 01:59:38,414 multi task weight : 0.859
2021-10-11 02:00:53,928 {'epoch': 149, 'lr': 0.000166149182565299, 'train_loss': 0.0003472040072848775, 'mae': 0.16546516, 'elapsed_time': 75.74722647666931}
2021-10-11 02:00:54,138 multi task weight : 0.86075
2021-10-11 02:02:09,777 {'epoch': 150, 'lr': 0.00016052316568680435, 'train_loss': 0.0003426785629570998, 'mae': 0.16467214, 'elapsed_time': 75.84880876541138}
2021-10-11 02:02:09,995 multi task weight : 0.8624999999999999
2021-10-11 02:03:25,626 {'epoch': 151, 'lr': 0.00015498214331265893, 'train_loss': 0.00033835215096573627, 'mae': 0.16494706, 'elapsed_time': 75.84858274459839}
2021-10-11 02:03:25,885 multi task weight : 0.86425
2021-10-11 02:04:42,283 {'epoch': 152, 'lr': 0.0001495274826072215, 'train_loss': 0.00033452527522250783, 'mae': 0.16551778, 'elapsed_time': 76.65654492378235}
2021-10-11 02:04:42,502 multi task weight : 0.866
2021-10-11 02:05:58,221 {'epoch': 153, 'lr': 0.00014416052942640132, 'train_loss': 0.0003300360146591488, 'mae': 0.16466548, 'elapsed_time': 75.93791341781616}
2021-10-11 02:05:58,452 multi task weight : 0.86775
2021-10-11 02:07:14,362 {'epoch': 154, 'lr': 0.0001388826079855881, 'train_loss': 0.0003251949662800614, 'mae': 0.16433966, 'elapsed_time': 76.1404275894165}
2021-10-11 02:07:15,047 multi task weight : 0.8694999999999999
2021-10-11 02:08:30,828 {'epoch': 155, 'lr': 0.00013369502053292245, 'train_loss': 0.0003190631492494194, 'mae': 0.16433585, 'elapsed_time': 75.98097109794617}
2021-10-11 02:08:31,583 multi task weight : 0.87125
2021-10-11 02:09:47,440 {'epoch': 156, 'lr': 0.00012859904702798464, 'train_loss': 0.0003144617817031974, 'mae': 0.16430582, 'elapsed_time': 76.11943435668945}
2021-10-11 02:09:48,167 multi task weight : 0.873
2021-10-11 02:11:03,884 {'epoch': 157, 'lr': 0.00012359594482598432, 'train_loss': 0.0003113146920702645, 'mae': 0.1645506, 'elapsed_time': 75.95934629440308}
2021-10-11 02:11:04,105 multi task weight : 0.87475
2021-10-11 02:12:19,986 {'epoch': 158, 'lr': 0.00011868694836752681, 'train_loss': 0.0003051636111660261, 'mae': 0.16432707, 'elapsed_time': 76.10134077072144}
2021-10-11 02:12:20,197 multi task weight : 0.8765
2021-10-11 02:13:36,071 {'epoch': 159, 'lr': 0.0001138732688740332, 'train_loss': 0.00030275243541227025, 'mae': 0.16409393, 'elapsed_time': 76.08501291275024}
2021-10-11 02:13:36,790 multi task weight : 0.87825
2021-10-11 02:14:52,460 {'epoch': 160, 'lr': 0.00010915609404889012, 'train_loss': 0.00029747067303245554, 'mae': 0.16450728, 'elapsed_time': 75.91001725196838}
2021-10-11 02:14:52,680 multi task weight : 0.88
2021-10-11 02:16:08,124 {'epoch': 161, 'lr': 0.00010453658778440103, 'train_loss': 0.00029391407462995997, 'mae': 0.16382879, 'elapsed_time': 75.66361260414124}
2021-10-11 02:16:08,820 multi task weight : 0.88175
2021-10-11 02:17:24,517 {'epoch': 162, 'lr': 0.00010001588987461343, 'train_loss': 0.0002896118001559363, 'mae': 0.16359821, 'elapsed_time': 75.92800736427307}
2021-10-11 02:17:25,204 multi task weight : 0.8835
2021-10-11 02:18:41,204 {'epoch': 163, 'lr': 9.559511573409192e-05, 'train_loss': 0.00028725281117682704, 'mae': 0.16373934, 'elapsed_time': 76.21692609786987}
2021-10-11 02:18:41,421 multi task weight : 0.8852499999999999
2021-10-11 02:19:57,606 {'epoch': 164, 'lr': 9.12753561227063e-05, 'train_loss': 0.0002825742255096466, 'mae': 0.16350627, 'elapsed_time': 76.40090417861938}
2021-10-11 02:19:58,310 multi task weight : 0.8869999999999999
2021-10-11 02:21:14,514 {'epoch': 165, 'lr': 8.705767687650262e-05, 'train_loss': 0.0002804437431897487, 'mae': 0.16375227, 'elapsed_time': 76.43384146690369}
2021-10-11 02:21:14,765 multi task weight : 0.8887499999999999
2021-10-11 02:22:31,004 {'epoch': 166, 'lr': 8.294311864472445e-05, 'train_loss': 0.00027414690104490325, 'mae': 0.16354868, 'elapsed_time': 76.48934173583984}
2021-10-11 02:22:31,218 multi task weight : 0.8905
2021-10-11 02:23:47,664 {'epoch': 167, 'lr': 7.89326966330478e-05, 'train_loss': 0.0002711027215689796, 'mae': 0.16351478, 'elapsed_time': 76.66014289855957}
2021-10-11 02:23:47,878 multi task weight : 0.8922499999999999
2021-10-11 02:25:04,325 {'epoch': 168, 'lr': 7.502740035309526e-05, 'train_loss': 0.0002675326916619375, 'mae': 0.16356929, 'elapsed_time': 76.66060447692871}
2021-10-11 02:25:04,549 multi task weight : 0.8939999999999999
2021-10-11 02:26:20,960 {'epoch': 169, 'lr': 7.12281933782875e-05, 'train_loss': 0.0002657615842891399, 'mae': 0.16341253, 'elapsed_time': 76.63382840156555}
2021-10-11 02:26:21,639 multi task weight : 0.8957499999999999
2021-10-11 02:27:37,847 {'epoch': 170, 'lr': 6.75360131060967e-05, 'train_loss': 0.00026199511904084305, 'mae': 0.16343935, 'elapsed_time': 76.4087233543396}
2021-10-11 02:27:38,068 multi task weight : 0.8975
2021-10-11 02:28:54,153 {'epoch': 171, 'lr': 6.395177052675792e-05, 'train_loss': 0.0002599923181143263, 'mae': 0.16374904, 'elapsed_time': 76.30516719818115}
2021-10-11 02:28:54,396 multi task weight : 0.8992499999999999
2021-10-11 02:30:10,450 {'epoch': 172, 'lr': 6.047634999849528e-05, 'train_loss': 0.0002556884891524506, 'mae': 0.16349885, 'elapsed_time': 76.29635453224182}
2021-10-11 02:30:10,660 multi task weight : 0.9009999999999999
2021-10-11 02:31:26,276 {'epoch': 173, 'lr': 5.711060902932039e-05, 'train_loss': 0.0002525881022298826, 'mae': 0.16352138, 'elapsed_time': 75.82608342170715}
2021-10-11 02:31:26,490 multi task weight : 0.9027499999999999
2021-10-11 02:32:42,058 {'epoch': 174, 'lr': 5.385537806545467e-05, 'train_loss': 0.00025053376080733683, 'mae': 0.16332282, 'elapsed_time': 75.78148150444031}
2021-10-11 02:32:42,745 multi task weight : 0.9045
2021-10-11 02:33:58,325 {'epoch': 175, 'lr': 5.0711460286429424e-05, 'train_loss': 0.00024761578995139495, 'mae': 0.16346274, 'elapsed_time': 75.79590606689453}
2021-10-11 02:33:58,557 multi task weight : 0.9062499999999999
2021-10-11 02:35:14,141 {'epoch': 176, 'lr': 4.767963140691315e-05, 'train_loss': 0.0002454995473006196, 'mae': 0.1633842, 'elapsed_time': 75.81522703170776}
2021-10-11 02:35:14,341 multi task weight : 0.9079999999999999
2021-10-11 02:36:30,001 {'epoch': 177, 'lr': 4.4760639485315563e-05, 'train_loss': 0.00024298628229916966, 'mae': 0.16331849, 'elapsed_time': 75.86029124259949}
2021-10-11 02:36:30,675 multi task weight : 0.90975
2021-10-11 02:37:46,198 {'epoch': 178, 'lr': 4.195520473921563e-05, 'train_loss': 0.00024062566325868336, 'mae': 0.16337274, 'elapsed_time': 75.72161054611206}
2021-10-11 02:37:46,433 multi task weight : 0.9114999999999999
2021-10-11 02:39:02,471 {'epoch': 179, 'lr': 3.9264019367658385e-05, 'train_loss': 0.00023885652474747975, 'mae': 0.16343784, 'elapsed_time': 76.27279114723206}
2021-10-11 02:39:02,671 multi task weight : 0.9132499999999999
2021-10-11 02:40:18,545 {'epoch': 180, 'lr': 3.6687747380365064e-05, 'train_loss': 0.0002366354528844179, 'mae': 0.16346249, 'elapsed_time': 76.07369899749756}
2021-10-11 02:40:18,769 multi task weight : 0.9149999999999999
2021-10-11 02:41:34,221 {'epoch': 181, 'lr': 3.422702443389899e-05, 'train_loss': 0.0002351990174514478, 'mae': 0.16320439, 'elapsed_time': 75.67492032051086}
2021-10-11 02:41:34,930 multi task weight : 0.91675
2021-10-11 02:42:50,517 {'epoch': 182, 'lr': 3.188245767482658e-05, 'train_loss': 0.00023301886903792323, 'mae': 0.16323072, 'elapsed_time': 75.80648803710938}
2021-10-11 02:42:50,731 multi task weight : 0.9184999999999999
2021-10-11 02:44:06,608 {'epoch': 183, 'lr': 2.965462558991323e-05, 'train_loss': 0.00023124203162429505, 'mae': 0.16329159, 'elapsed_time': 76.09077453613281}
2021-10-11 02:44:06,842 multi task weight : 0.9202499999999999
2021-10-11 02:45:22,649 {'epoch': 184, 'lr': 2.7544077863390004e-05, 'train_loss': 0.0002292865234309273, 'mae': 0.16329946, 'elapsed_time': 76.04080510139465}
2021-10-11 02:45:22,876 multi task weight : 0.9219999999999999
2021-10-11 02:46:38,807 {'epoch': 185, 'lr': 2.5551335241327672e-05, 'train_loss': 0.00022803802676424828, 'mae': 0.1633, 'elapsed_time': 76.15720701217651}
2021-10-11 02:46:39,040 multi task weight : 0.92375
2021-10-11 02:47:55,249 {'epoch': 186, 'lr': 2.367688940315011e-05, 'train_loss': 0.00022638556581407765, 'mae': 0.16324614, 'elapsed_time': 76.44136071205139}
2021-10-11 02:47:55,471 multi task weight : 0.9254999999999999
2021-10-11 02:49:11,320 {'epoch': 187, 'lr': 2.1921202840320077e-05, 'train_loss': 0.0002249980245694034, 'mae': 0.1632254, 'elapsed_time': 76.07110095024109}
2021-10-11 02:49:11,546 multi task weight : 0.9272499999999999
2021-10-11 02:50:27,441 {'epoch': 188, 'lr': 2.0284708742225903e-05, 'train_loss': 0.00022368895052268735, 'mae': 0.16329736, 'elapsed_time': 76.11985039710999}
2021-10-11 02:50:27,696 multi task weight : 0.9289999999999999
2021-10-11 02:51:43,417 {'epoch': 189, 'lr': 1.8767810889299086e-05, 'train_loss': 0.00022251498098549975, 'mae': 0.16326217, 'elapsed_time': 75.97627282142639}
2021-10-11 02:51:43,653 multi task weight : 0.93075
2021-10-11 02:52:59,393 {'epoch': 190, 'lr': 1.7370883553386936e-05, 'train_loss': 0.0002212786800465673, 'mae': 0.16326296, 'elapsed_time': 75.97485113143921}
2021-10-11 02:52:59,602 multi task weight : 0.9325
2021-10-11 02:54:15,328 {'epoch': 191, 'lr': 1.6094271405406862e-05, 'train_loss': 0.00022011179821979256, 'mae': 0.1632289, 'elapsed_time': 75.93491649627686}
2021-10-11 02:54:15,563 multi task weight : 0.9342499999999999
2021-10-11 02:55:30,762 {'epoch': 192, 'lr': 1.4938289430304022e-05, 'train_loss': 0.00021937349903773125, 'mae': 0.16323227, 'elapsed_time': 75.43334126472473}
2021-10-11 02:55:30,965 multi task weight : 0.9359999999999999
2021-10-11 02:56:46,390 {'epoch': 193, 'lr': 1.3903222849333509e-05, 'train_loss': 0.00021822246447615351, 'mae': 0.16321789, 'elapsed_time': 75.62794804573059}
2021-10-11 02:56:46,641 multi task weight : 0.93775
2021-10-11 02:58:02,158 {'epoch': 194, 'lr': 1.2989327049686102e-05, 'train_loss': 0.00021737722221408916, 'mae': 0.1631968, 'elapsed_time': 75.76722025871277}
2021-10-11 02:58:02,880 multi task weight : 0.9395
2021-10-11 02:59:18,233 {'epoch': 195, 'lr': 1.2196827521475404e-05, 'train_loss': 0.0002166131304884348, 'mae': 0.16328529, 'elapsed_time': 75.58211660385132}
2021-10-11 02:59:18,456 multi task weight : 0.9412499999999999
2021-10-11 03:00:33,726 {'epoch': 196, 'lr': 1.152591980210166e-05, 'train_loss': 0.00021593375214806962, 'mae': 0.16322076, 'elapsed_time': 75.49263429641724}
2021-10-11 03:00:33,957 multi task weight : 0.943
2021-10-11 03:01:49,573 {'epoch': 197, 'lr': 1.097676942800558e-05, 'train_loss': 0.00021523175458068917, 'mae': 0.16327693, 'elapsed_time': 75.84719824790955}
2021-10-11 03:01:49,797 multi task weight : 0.94475
2021-10-11 03:03:05,270 {'epoch': 198, 'lr': 1.0549511893824899e-05, 'train_loss': 0.00021461613783014185, 'mae': 0.16329728, 'elapsed_time': 75.69668126106262}
2021-10-11 03:03:05,482 multi task weight : 0.9465
2021-10-11 03:04:21,091 {'epoch': 199, 'lr': 1.0244252618962858e-05, 'train_loss': 0.00021407831873130018, 'mae': 0.16325521, 'elapsed_time': 75.82057094573975}
2021-10-11 03:04:21,293 multi task weight : 0.9482499999999999
2021-10-11 03:05:36,689 {'epoch': 200, 'lr': 1.006106692157801e-05, 'train_loss': 0.00021354103253535913, 'mae': 0.16331111, 'elapsed_time': 75.59738898277283}
2021-10-11 03:06:17,749 Total CV: 0.16319680213928223
