2021-10-14 18:24:26,477 Fold 0
2021-10-14 18:24:41,842 train run device : cuda:0
2021-10-14 18:25:12,322 multi task weight : 0.7
2021-10-14 18:27:09,625 {'epoch': 1, 'lr': 0.001, 'train_loss': 0.011542675454068294, 'mae': 1.1164523, 'elapsed_time': 117.74101424217224}
2021-10-14 18:27:11,105 multi task weight : 0.7013333333333333
2021-10-14 18:29:09,280 {'epoch': 2, 'lr': 0.000999938933078422, 'train_loss': 0.004059155379663326, 'mae': 0.85990435, 'elapsed_time': 118.43126440048218}
2021-10-14 18:29:10,742 multi task weight : 0.7026666666666667
2021-10-14 18:31:09,026 {'epoch': 3, 'lr': 0.000999755747381037, 'train_loss': 0.0035390879117036356, 'mae': 0.8703695, 'elapsed_time': 118.52204060554504}
2021-10-14 18:31:09,282 multi task weight : 0.704
2021-10-14 18:33:07,180 {'epoch': 4, 'lr': 0.000999450488106175, 'train_loss': 0.003192438432086454, 'mae': 0.78713566, 'elapsed_time': 118.15033841133118}
2021-10-14 18:33:08,574 multi task weight : 0.7053333333333334
2021-10-14 18:35:06,644 {'epoch': 5, 'lr': 0.0009990232305719944, 'train_loss': 0.003039797549515548, 'mae': 0.7374064, 'elapsed_time': 118.32267332077026}
2021-10-14 18:35:08,075 multi task weight : 0.7066666666666667
2021-10-14 18:37:06,493 {'epoch': 6, 'lr': 0.0009984740801978983, 'train_loss': 0.0028314018610931533, 'mae': 0.6614325, 'elapsed_time': 118.66930937767029}
2021-10-14 18:37:07,938 multi task weight : 0.708
2021-10-14 18:39:06,251 {'epoch': 7, 'lr': 0.0009978031724785245, 'train_loss': 0.0026631770844369475, 'mae': 0.58617675, 'elapsed_time': 118.59055209159851}
2021-10-14 18:39:07,677 multi task weight : 0.7093333333333334
2021-10-14 18:41:06,010 {'epoch': 8, 'lr': 0.000997010672950314, 'train_loss': 0.0025707128952085143, 'mae': 0.5786584, 'elapsed_time': 118.58483386039734}
2021-10-14 18:41:07,417 multi task weight : 0.7106666666666667
2021-10-14 18:43:05,661 {'epoch': 9, 'lr': 0.0009960967771506664, 'train_loss': 0.002508792888948347, 'mae': 0.4986155, 'elapsed_time': 118.48806405067444}
2021-10-14 18:43:07,061 multi task weight : 0.712
2021-10-14 18:45:05,303 {'epoch': 10, 'lr': 0.0009950617105696957, 'train_loss': 0.002407625467671394, 'mae': 0.47613597, 'elapsed_time': 118.48844814300537}
2021-10-14 18:45:06,699 multi task weight : 0.7133333333333334
2021-10-14 18:47:04,939 {'epoch': 11, 'lr': 0.0009939057285945929, 'train_loss': 0.0024042947500489895, 'mae': 0.4741211, 'elapsed_time': 118.45710849761963}
2021-10-14 18:47:06,317 multi task weight : 0.7146666666666666
2021-10-14 18:49:04,383 {'epoch': 12, 'lr': 0.0009926291164466126, 'train_loss': 0.002346466685848334, 'mae': 0.46213892, 'elapsed_time': 118.29294490814209}
2021-10-14 18:49:05,800 multi task weight : 0.716
2021-10-14 18:51:03,847 {'epoch': 13, 'lr': 0.0009912321891107005, 'train_loss': 0.0023348071517989366, 'mae': 0.453011, 'elapsed_time': 118.32031679153442}
2021-10-14 18:51:05,224 multi task weight : 0.7173333333333333
2021-10-14 18:53:03,390 {'epoch': 14, 'lr': 0.0009897152912577737, 'train_loss': 0.0022036848158987253, 'mae': 0.4819192, 'elapsed_time': 118.41217231750488}
2021-10-14 18:53:03,597 multi task weight : 0.7186666666666666
2021-10-14 18:55:01,554 {'epoch': 15, 'lr': 0.0009880787971596797, 'train_loss': 0.0022520885528160926, 'mae': 0.41619554, 'elapsed_time': 118.16179180145264}
2021-10-14 18:55:02,960 multi task weight : 0.72
2021-10-14 18:57:01,090 {'epoch': 16, 'lr': 0.0009863231105968495, 'train_loss': 0.0022198876135194434, 'mae': 0.40500855, 'elapsed_time': 118.39888215065002}
2021-10-14 18:57:02,496 multi task weight : 0.7213333333333333
2021-10-14 18:59:00,462 {'epoch': 17, 'lr': 0.000984448664758672, 'train_loss': 0.002180069480572733, 'mae': 0.42947888, 'elapsed_time': 118.2094030380249}
2021-10-14 18:59:00,686 multi task weight : 0.7226666666666667
2021-10-14 19:00:58,741 {'epoch': 18, 'lr': 0.0009824559221366096, 'train_loss': 0.0020387281398946203, 'mae': 0.3924783, 'elapsed_time': 118.27673316001892}
2021-10-14 19:01:00,129 multi task weight : 0.724
2021-10-14 19:02:58,227 {'epoch': 19, 'lr': 0.0009803453744100864, 'train_loss': 0.002087080664809292, 'mae': 0.42313913, 'elapsed_time': 118.3342080116272}
2021-10-14 19:02:58,458 multi task weight : 0.7253333333333333
2021-10-14 19:04:56,459 {'epoch': 20, 'lr': 0.0009781175423251728, 'train_loss': 0.002182143833549944, 'mae': 0.43714368, 'elapsed_time': 118.22723984718323}
2021-10-14 19:04:56,693 multi task weight : 0.7266666666666667
2021-10-14 19:06:54,589 {'epoch': 21, 'lr': 0.0009757729755661004, 'train_loss': 0.0021068918847678276, 'mae': 0.411702, 'elapsed_time': 118.12809157371521}
2021-10-14 19:06:54,813 multi task weight : 0.728
2021-10-14 19:08:52,839 {'epoch': 22, 'lr': 0.0009733122526196342, 'train_loss': 0.0019946853638268054, 'mae': 0.5829968, 'elapsed_time': 118.24819302558899}
2021-10-14 19:08:53,078 multi task weight : 0.7293333333333333
2021-10-14 19:10:51,097 {'epoch': 23, 'lr': 0.000970735980632341, 'train_loss': 0.0020887113742239036, 'mae': 0.38316602, 'elapsed_time': 118.25576853752136}
2021-10-14 19:10:52,533 multi task weight : 0.7306666666666667
2021-10-14 19:12:50,673 {'epoch': 24, 'lr': 0.0009680447952607838, 'train_loss': 0.0019630777502075737, 'mae': 0.3347105, 'elapsed_time': 118.37710499763489}
2021-10-14 19:12:52,068 multi task weight : 0.732
2021-10-14 19:14:50,006 {'epoch': 25, 'lr': 0.0009652393605146839, 'train_loss': 0.0019405432741637259, 'mae': 0.3406652, 'elapsed_time': 118.19593930244446}
2021-10-14 19:14:50,255 multi task weight : 0.7333333333333334
2021-10-14 19:16:48,182 {'epoch': 26, 'lr': 0.0009623203685930864, 'train_loss': 0.0019987065836323107, 'mae': 0.5189955, 'elapsed_time': 118.17361664772034}
2021-10-14 19:16:48,419 multi task weight : 0.7346666666666667
2021-10-14 19:18:46,413 {'epoch': 27, 'lr': 0.00095928853971357, 'train_loss': 0.001971575018139451, 'mae': 0.3725544, 'elapsed_time': 118.2292549610138}
2021-10-14 19:18:46,632 multi task weight : 0.736
2021-10-14 19:20:44,654 {'epoch': 28, 'lr': 0.0009561446219345448, 'train_loss': 0.0018667000139130907, 'mae': 0.321194, 'elapsed_time': 118.23713183403015}
2021-10-14 19:20:46,103 multi task weight : 0.7373333333333334
2021-10-14 19:22:44,140 {'epoch': 29, 'lr': 0.0009528893909706791, 'train_loss': 0.001804332388719239, 'mae': 0.34983462, 'elapsed_time': 118.30056047439575}
2021-10-14 19:22:44,338 multi task weight : 0.7386666666666666
2021-10-14 19:24:42,314 {'epoch': 30, 'lr': 0.0009495236500015041, 'train_loss': 0.0022379307156568176, 'mae': 0.35449332, 'elapsed_time': 118.17058563232422}
2021-10-14 19:24:42,547 multi task weight : 0.74
2021-10-14 19:26:40,503 {'epoch': 31, 'lr': 0.0009460482294732414, 'train_loss': 0.0019530352745686563, 'mae': 0.4544325, 'elapsed_time': 118.18584704399109}
2021-10-14 19:26:40,734 multi task weight : 0.7413333333333334
2021-10-14 19:28:38,904 {'epoch': 32, 'lr': 0.0009424639868939027, 'train_loss': 0.0018068219093770046, 'mae': 0.2974343, 'elapsed_time': 118.39675068855286}
2021-10-14 19:28:40,295 multi task weight : 0.7426666666666666
2021-10-14 19:30:38,454 {'epoch': 33, 'lr': 0.0009387718066217117, 'train_loss': 0.0017814618001480305, 'mae': 0.28831077, 'elapsed_time': 118.40714979171753}
2021-10-14 19:30:39,770 multi task weight : 0.744
2021-10-14 19:32:37,648 {'epoch': 34, 'lr': 0.000934972599646904, 'train_loss': 0.001756687237676838, 'mae': 0.32834056, 'elapsed_time': 118.14560341835022}
2021-10-14 19:32:37,870 multi task weight : 0.7453333333333333
2021-10-14 19:34:35,843 {'epoch': 35, 'lr': 0.0009310673033669515, 'train_loss': 0.0017472178205561368, 'mae': 0.4863235, 'elapsed_time': 118.19204306602478}
2021-10-14 19:34:36,084 multi task weight : 0.7466666666666666
2021-10-14 19:36:34,126 {'epoch': 36, 'lr': 0.0009270568813552751, 'train_loss': 0.0017746947140410058, 'mae': 0.3508559, 'elapsed_time': 118.27826881408691}
2021-10-14 19:36:34,351 multi task weight : 0.7479999999999999
2021-10-14 19:38:32,461 {'epoch': 37, 'lr': 0.0009229423231234969, 'train_loss': 0.0016414212868990211, 'mae': 0.3408311, 'elapsed_time': 118.33227801322937}
2021-10-14 19:38:32,681 multi task weight : 0.7493333333333333
2021-10-14 19:40:30,551 {'epoch': 38, 'lr': 0.0009187246438772933, 'train_loss': 0.001811121760653375, 'mae': 0.3629837, 'elapsed_time': 118.08801245689392}
2021-10-14 19:40:30,786 multi task weight : 0.7506666666666666
2021-10-14 19:42:28,831 {'epoch': 39, 'lr': 0.0009144048842659075, 'train_loss': 0.0018128393665992953, 'mae': 0.4102543, 'elapsed_time': 118.27711343765259}
2021-10-14 19:42:29,041 multi task weight : 0.752
2021-10-14 19:44:27,103 {'epoch': 40, 'lr': 0.0009099841101253861, 'train_loss': 0.0019599199067922204, 'mae': 0.3290057, 'elapsed_time': 118.26993060112}
2021-10-14 19:44:27,320 multi task weight : 0.7533333333333333
2021-10-14 19:46:25,504 {'epoch': 41, 'lr': 0.0009054634122155986, 'train_loss': 0.0017219972978805848, 'mae': 0.28411418, 'elapsed_time': 118.39923214912415}
2021-10-14 19:46:26,933 multi task weight : 0.7546666666666666
2021-10-14 19:48:25,099 {'epoch': 42, 'lr': 0.0009008439059511095, 'train_loss': 0.0015928864479064942, 'mae': 0.28299573, 'elapsed_time': 118.40217351913452}
2021-10-14 19:48:26,542 multi task weight : 0.756
2021-10-14 19:50:24,772 {'epoch': 43, 'lr': 0.0008961267311259662, 'train_loss': 0.0019928621610835187, 'mae': 0.43678463, 'elapsed_time': 118.48364996910095}
2021-10-14 19:50:25,020 multi task weight : 0.7573333333333334
2021-10-14 19:52:23,154 {'epoch': 44, 'lr': 0.0008913130516324728, 'train_loss': 0.001907756228204829, 'mae': 0.3454669, 'elapsed_time': 118.37540626525879}
2021-10-14 19:52:23,391 multi task weight : 0.7586666666666666
2021-10-14 19:54:21,746 {'epoch': 45, 'lr': 0.0008864040551740152, 'train_loss': 0.0017913007752005828, 'mae': 0.33559275, 'elapsed_time': 118.58948063850403}
2021-10-14 19:54:21,955 multi task weight : 0.76
2021-10-14 19:56:20,169 {'epoch': 46, 'lr': 0.000881400952972015, 'train_loss': 0.0016060193764839527, 'mae': 0.25783288, 'elapsed_time': 118.42077493667603}
2021-10-14 19:56:21,570 multi task weight : 0.7613333333333333
2021-10-14 19:58:19,827 {'epoch': 47, 'lr': 0.0008763049794670771, 'train_loss': 0.0016992179658375014, 'mae': 0.31126532, 'elapsed_time': 118.49668884277344}
2021-10-14 19:58:20,046 multi task weight : 0.7626666666666666
2021-10-14 20:00:18,278 {'epoch': 48, 'lr': 0.0008711173920144113, 'train_loss': 0.0015754875575789084, 'mae': 0.74498415, 'elapsed_time': 118.44890069961548}
2021-10-14 20:00:18,499 multi task weight : 0.764
2021-10-14 20:02:16,781 {'epoch': 49, 'lr': 0.0008658394705735983, 'train_loss': 0.0016595862763875205, 'mae': 0.2703987, 'elapsed_time': 118.50068807601929}
2021-10-14 20:02:17,008 multi task weight : 0.7653333333333333
2021-10-14 20:04:15,150 {'epoch': 50, 'lr': 0.0008604725173927781, 'train_loss': 0.0016441332096094482, 'mae': 0.28327075, 'elapsed_time': 118.36647415161133}
2021-10-14 20:04:15,388 multi task weight : 0.7666666666666666
2021-10-14 20:06:13,656 {'epoch': 51, 'lr': 0.0008550178566873405, 'train_loss': 0.0015181315407364316, 'mae': 0.2668783, 'elapsed_time': 118.50161790847778}
2021-10-14 20:06:13,893 multi task weight : 0.768
2021-10-14 20:08:11,935 {'epoch': 52, 'lr': 0.0008494768343131951, 'train_loss': 0.0015649866954608024, 'mae': 0.25940418, 'elapsed_time': 118.27494812011719}
2021-10-14 20:08:12,208 multi task weight : 0.7693333333333333
2021-10-14 20:10:10,322 {'epoch': 53, 'lr': 0.0008438508174347005, 'train_loss': 0.0014503759578255488, 'mae': 0.26437956, 'elapsed_time': 118.38259220123291}
2021-10-14 20:10:10,549 multi task weight : 0.7706666666666666
2021-10-14 20:12:08,350 {'epoch': 54, 'lr': 0.0008381411941873374, 'train_loss': 0.0014895342843393525, 'mae': 0.4631419, 'elapsed_time': 118.02547931671143}
2021-10-14 20:12:08,588 multi task weight : 0.772
2021-10-14 20:14:06,532 {'epoch': 55, 'lr': 0.0008323493733352073, 'train_loss': 0.001491239138140119, 'mae': 0.25964478, 'elapsed_time': 118.17773914337158}
2021-10-14 20:14:06,795 multi task weight : 0.7733333333333332
2021-10-14 20:16:04,972 {'epoch': 56, 'lr': 0.0008264767839234405, 'train_loss': 0.001502863687294615, 'mae': 0.36131114, 'elapsed_time': 118.42480897903442}
2021-10-14 20:16:05,212 multi task weight : 0.7746666666666666
2021-10-14 20:18:03,292 {'epoch': 57, 'lr': 0.000820524874925601, 'train_loss': 0.0013999455886775094, 'mae': 0.2324125, 'elapsed_time': 118.31348538398743}
2021-10-14 20:18:04,686 multi task weight : 0.776
2021-10-14 20:20:02,776 {'epoch': 58, 'lr': 0.0008144951148861737, 'train_loss': 0.0013468001440236552, 'mae': 0.24842623, 'elapsed_time': 118.32970595359802}
2021-10-14 20:20:03,035 multi task weight : 0.7773333333333332
2021-10-14 20:22:01,055 {'epoch': 59, 'lr': 0.0008083889915582231, 'train_loss': 0.001596328624289031, 'mae': 0.317947, 'elapsed_time': 118.27783489227295}
2021-10-14 20:22:01,263 multi task weight : 0.7786666666666666
2021-10-14 20:23:59,293 {'epoch': 60, 'lr': 0.0008022080115363123, 'train_loss': 0.0015418701690996302, 'mae': 0.29579166, 'elapsed_time': 118.23589730262756}
2021-10-14 20:23:59,528 multi task weight : 0.78
2021-10-14 20:25:57,422 {'epoch': 61, 'lr': 0.0007959536998847739, 'train_loss': 0.0013026715749399483, 'mae': 0.23886085, 'elapsed_time': 118.1239538192749}
2021-10-14 20:25:57,631 multi task weight : 0.7813333333333332
2021-10-14 20:27:55,546 {'epoch': 62, 'lr': 0.0007896275997614226, 'train_loss': 0.0012419189808481651, 'mae': 0.22490825, 'elapsed_time': 118.12273478507996}
2021-10-14 20:27:57,000 multi task weight : 0.7826666666666666
2021-10-14 20:29:54,782 {'epoch': 63, 'lr': 0.0007832312720368044, 'train_loss': 0.0013844854206419529, 'mae': 0.22221002, 'elapsed_time': 118.03893232345581}
2021-10-14 20:29:56,176 multi task weight : 0.784
2021-10-14 20:31:54,347 {'epoch': 64, 'lr': 0.0007767662949090749, 'train_loss': 0.0013206481148542513, 'mae': 0.27236107, 'elapsed_time': 118.454425573349}
2021-10-14 20:31:54,588 multi task weight : 0.7853333333333332
2021-10-14 20:33:52,438 {'epoch': 65, 'lr': 0.000770234263514603, 'train_loss': 0.0012761731312972494, 'mae': 0.24619631, 'elapsed_time': 118.08659839630127}
2021-10-14 20:33:52,675 multi task weight : 0.7866666666666666
2021-10-14 20:35:50,591 {'epoch': 66, 'lr': 0.0007636367895343944, 'train_loss': 0.0012513290219270607, 'mae': 0.24963811, 'elapsed_time': 118.15092253684998}
2021-10-14 20:35:50,824 multi task weight : 0.788
2021-10-14 20:37:48,616 {'epoch': 67, 'lr': 0.0007569755007964335, 'train_loss': 0.0013937856853897008, 'mae': 0.28547034, 'elapsed_time': 118.02255344390869}
2021-10-14 20:37:48,845 multi task weight : 0.7893333333333333
2021-10-14 20:39:46,745 {'epoch': 68, 'lr': 0.0007502520408740415, 'train_loss': 0.0013960539958902034, 'mae': 0.25669658, 'elapsed_time': 118.12756252288818}
2021-10-14 20:39:46,960 multi task weight : 0.7906666666666666
2021-10-14 20:41:44,754 {'epoch': 69, 'lr': 0.0007434680686803488, 'train_loss': 0.0013320648325563977, 'mae': 0.22463425, 'elapsed_time': 118.00669145584106}
2021-10-14 20:41:44,991 multi task weight : 0.792
2021-10-14 20:43:42,908 {'epoch': 70, 'lr': 0.0007366252580589837, 'train_loss': 0.001264274636045286, 'mae': 0.22166052, 'elapsed_time': 118.15159296989441}
2021-10-14 20:43:44,341 multi task weight : 0.7933333333333333
2021-10-14 20:45:42,363 {'epoch': 71, 'lr': 0.0007297252973710754, 'train_loss': 0.0013518882182169388, 'mae': 0.27229667, 'elapsed_time': 118.28190898895264}
2021-10-14 20:45:42,599 multi task weight : 0.7946666666666666
2021-10-14 20:47:40,397 {'epoch': 72, 'lr': 0.0007227698890786777, 'train_loss': 0.001305177951857418, 'mae': 0.23124333, 'elapsed_time': 118.02884912490845}
2021-10-14 20:47:40,637 multi task weight : 0.796
2021-10-14 20:49:38,474 {'epoch': 73, 'lr': 0.0007157607493247108, 'train_loss': 0.0011233006349121047, 'mae': 0.22038454, 'elapsed_time': 118.07412958145142}
2021-10-14 20:49:39,844 multi task weight : 0.7973333333333333
2021-10-14 20:51:37,813 {'epoch': 74, 'lr': 0.0007086996075095287, 'train_loss': 0.0010873992850225125, 'mae': 0.2037012, 'elapsed_time': 118.1926965713501}
2021-10-14 20:51:39,147 multi task weight : 0.7986666666666666
2021-10-14 20:53:37,108 {'epoch': 75, 'lr': 0.0007015882058642161, 'train_loss': 0.0012557333731509108, 'mae': 0.21461609, 'elapsed_time': 118.21264457702637}
2021-10-14 20:53:37,362 multi task weight : 0.8
2021-10-14 20:55:35,463 {'epoch': 76, 'lr': 0.0006944282990207193, 'train_loss': 0.0010851925459916896, 'mae': 0.25210163, 'elapsed_time': 118.35381245613098}
2021-10-14 20:55:35,689 multi task weight : 0.8013333333333333
2021-10-14 20:57:33,607 {'epoch': 77, 'lr': 0.0006872216535789155, 'train_loss': 0.001200696892512998, 'mae': 0.24784873, 'elapsed_time': 118.14105129241943}
2021-10-14 20:57:33,808 multi task weight : 0.8026666666666666
2021-10-14 20:59:31,903 {'epoch': 78, 'lr': 0.0006799700476707321, 'train_loss': 0.0012802459938961437, 'mae': 0.27288765, 'elapsed_time': 118.29456377029419}
2021-10-14 20:59:32,128 multi task weight : 0.804
2021-10-14 21:01:29,952 {'epoch': 79, 'lr': 0.0006726752705214191, 'train_loss': 0.0012255615403541198, 'mae': 0.58114684, 'elapsed_time': 118.04618406295776}
2021-10-14 21:01:30,164 multi task weight : 0.8053333333333333
2021-10-14 21:03:27,902 {'epoch': 80, 'lr': 0.0006653391220080838, 'train_loss': 0.001423709816993705, 'mae': 0.22461045, 'elapsed_time': 117.94416451454163}
2021-10-14 21:03:28,139 multi task weight : 0.8066666666666666
2021-10-14 21:05:26,100 {'epoch': 81, 'lr': 0.0006579634122155988, 'train_loss': 0.0010748667784425262, 'mae': 0.2096174, 'elapsed_time': 118.19493699073792}
2021-10-14 21:05:26,309 multi task weight : 0.808
2021-10-14 21:07:24,436 {'epoch': 82, 'lr': 0.0006505499609899903, 'train_loss': 0.0010043291694739546, 'mae': 0.21453592, 'elapsed_time': 118.33408427238464}
2021-10-14 21:07:24,677 multi task weight : 0.8093333333333333
2021-10-14 21:09:22,403 {'epoch': 83, 'lr': 0.0006431005974894184, 'train_loss': 0.0010030741853339535, 'mae': 0.21551716, 'elapsed_time': 117.96452355384827}
2021-10-14 21:09:22,637 multi task weight : 0.8106666666666666
2021-10-14 21:11:20,534 {'epoch': 84, 'lr': 0.0006356171597328593, 'train_loss': 0.0009690599111164935, 'mae': 0.21735603, 'elapsed_time': 118.12904834747314}
2021-10-14 21:11:20,784 multi task weight : 0.812
2021-10-14 21:13:18,513 {'epoch': 85, 'lr': 0.0006281014941466028, 'train_loss': 0.0009942877102048291, 'mae': 0.20226489, 'elapsed_time': 117.97688174247742}
2021-10-14 21:13:19,951 multi task weight : 0.8133333333333334
2021-10-14 21:15:17,877 {'epoch': 86, 'lr': 0.000620555455108673, 'train_loss': 0.0010077601855384979, 'mae': 0.21957429, 'elapsed_time': 118.16726326942444}
2021-10-14 21:15:18,102 multi task weight : 0.8146666666666667
2021-10-14 21:17:16,284 {'epoch': 87, 'lr': 0.0006129809044912885, 'train_loss': 0.00104626255409855, 'mae': 0.2117959, 'elapsed_time': 118.40118718147278}
2021-10-14 21:17:16,532 multi task weight : 0.8160000000000001
2021-10-14 21:19:14,431 {'epoch': 88, 'lr': 0.0006053797112014735, 'train_loss': 0.0011167928722123582, 'mae': 0.21617493, 'elapsed_time': 118.14388227462769}
2021-10-14 21:19:14,652 multi task weight : 0.8173333333333334
2021-10-14 21:21:12,636 {'epoch': 89, 'lr': 0.0005977537507199336, 'train_loss': 0.0010560824949913976, 'mae': 0.1997903, 'elapsed_time': 118.2029812335968}
2021-10-14 21:21:14,015 multi task weight : 0.8186666666666667
2021-10-14 21:23:11,913 {'epoch': 90, 'lr': 0.0005901049046383074, 'train_loss': 0.0011057179353296796, 'mae': 0.20222689, 'elapsed_time': 118.12229800224304}
2021-10-14 21:23:12,133 multi task weight : 0.8200000000000001
2021-10-14 21:25:09,919 {'epoch': 91, 'lr': 0.0005824350601949141, 'train_loss': 0.0009277068859866078, 'mae': 0.19118363, 'elapsed_time': 118.00335502624512}
2021-10-14 21:25:11,298 multi task weight : 0.8213333333333334
2021-10-14 21:27:09,227 {'epoch': 92, 'lr': 0.0005747461098091033, 'train_loss': 0.0008763645487393742, 'mae': 0.18778668, 'elapsed_time': 118.17579197883606}
2021-10-14 21:27:10,580 multi task weight : 0.8226666666666667
2021-10-14 21:29:08,789 {'epoch': 93, 'lr': 0.0005670399506143305, 'train_loss': 0.0008498967349321895, 'mae': 0.19228753, 'elapsed_time': 118.4648072719574}
2021-10-14 21:29:09,013 multi task weight : 0.8240000000000001
2021-10-14 21:31:07,061 {'epoch': 94, 'lr': 0.0005593184839900673, 'train_loss': 0.0008501609277555372, 'mae': 0.19325763, 'elapsed_time': 118.26956295967102}
2021-10-14 21:31:07,288 multi task weight : 0.8253333333333334
2021-10-14 21:33:05,292 {'epoch': 95, 'lr': 0.0005515836150926644, 'train_loss': 0.0008488744182538085, 'mae': 0.1906067, 'elapsed_time': 118.22814440727234}
2021-10-14 21:33:05,537 multi task weight : 0.8266666666666667
2021-10-14 21:35:03,366 {'epoch': 96, 'lr': 0.0005438372523852832, 'train_loss': 0.0008326261160516281, 'mae': 0.19077617, 'elapsed_time': 118.0720841884613}
2021-10-14 21:35:03,596 multi task weight : 0.8280000000000001
2021-10-14 21:37:01,528 {'epoch': 97, 'lr': 0.00053608130716701, 'train_loss': 0.0008329534505705632, 'mae': 0.19070302, 'elapsed_time': 118.15983819961548}
2021-10-14 21:37:01,724 multi task weight : 0.8293333333333333
2021-10-14 21:38:59,632 {'epoch': 98, 'lr': 0.0005283176931012729, 'train_loss': 0.0008805846938625166, 'mae': 0.19226317, 'elapsed_time': 118.10164403915405}
2021-10-14 21:38:59,872 multi task weight : 0.8306666666666667
2021-10-14 21:40:57,785 {'epoch': 99, 'lr': 0.0005205483257436734, 'train_loss': 0.0008502317491284342, 'mae': 0.20177265, 'elapsed_time': 118.14963150024414}
2021-10-14 21:40:58,029 multi task weight : 0.8320000000000001
2021-10-14 21:42:55,987 {'epoch': 100, 'lr': 0.0005127751220693511, 'train_loss': 0.0008620907417378179, 'mae': 0.19110468, 'elapsed_time': 118.19667315483093}
2021-10-14 21:42:56,247 multi task weight : 0.8333333333333333
2021-10-14 21:44:53,982 {'epoch': 101, 'lr': 0.0005049999999999998, 'train_loss': 0.0008824022014047074, 'mae': 0.1890869, 'elapsed_time': 117.98728275299072}
2021-10-14 21:44:54,214 multi task weight : 0.8346666666666667
2021-10-14 21:46:52,084 {'epoch': 102, 'lr': 0.0004972248779306486, 'train_loss': 0.00077674465674865, 'mae': 0.1947482, 'elapsed_time': 118.10025596618652}
2021-10-14 21:46:52,325 multi task weight : 0.8360000000000001
2021-10-14 21:48:50,289 {'epoch': 103, 'lr': 0.0004894516742563262, 'train_loss': 0.000759917949162784, 'mae': 0.1823483, 'elapsed_time': 118.20110535621643}
2021-10-14 21:48:51,709 multi task weight : 0.8373333333333333
2021-10-14 21:50:49,578 {'epoch': 104, 'lr': 0.00048168230689872663, 'train_loss': 0.00074565689578761, 'mae': 0.20262155, 'elapsed_time': 118.10168266296387}
2021-10-14 21:50:49,796 multi task weight : 0.8386666666666667
2021-10-14 21:52:47,574 {'epoch': 105, 'lr': 0.0004739186928329896, 'train_loss': 0.0008094090189490988, 'mae': 0.18516144, 'elapsed_time': 117.99408340454102}
2021-10-14 21:52:47,797 multi task weight : 0.8400000000000001
2021-10-14 21:54:45,724 {'epoch': 106, 'lr': 0.00046616274761471655, 'train_loss': 0.0008441894602171233, 'mae': 0.20539998, 'elapsed_time': 118.14742660522461}
2021-10-14 21:54:45,928 multi task weight : 0.8413333333333333
2021-10-14 21:56:43,825 {'epoch': 107, 'lr': 0.0004584163849073352, 'train_loss': 0.0009657110262235085, 'mae': 0.2018888, 'elapsed_time': 118.09527254104614}
2021-10-14 21:56:44,052 multi task weight : 0.8426666666666667
2021-10-14 21:58:42,075 {'epoch': 108, 'lr': 0.0004506815160099324, 'train_loss': 0.0007598424245183084, 'mae': 0.18103436, 'elapsed_time': 118.24723291397095}
2021-10-14 21:58:43,893 multi task weight : 0.8440000000000001
2021-10-14 22:00:41,996 {'epoch': 109, 'lr': 0.0004429600493856693, 'train_loss': 0.0007121387409938732, 'mae': 0.18268192, 'elapsed_time': 118.34593176841736}
2021-10-14 22:00:42,231 multi task weight : 0.8453333333333333
2021-10-14 22:02:40,146 {'epoch': 110, 'lr': 0.00043525389019089656, 'train_loss': 0.0006790419756586067, 'mae': 0.1766521, 'elapsed_time': 118.14804005622864}
2021-10-14 22:02:41,558 multi task weight : 0.8466666666666667
2021-10-14 22:04:39,448 {'epoch': 111, 'lr': 0.0004275649398050856, 'train_loss': 0.0006685720425842217, 'mae': 0.17854963, 'elapsed_time': 118.14542603492737}
2021-10-14 22:04:39,703 multi task weight : 0.8480000000000001
2021-10-14 22:06:37,592 {'epoch': 112, 'lr': 0.0004198950953616921, 'train_loss': 0.0006674824612100366, 'mae': 0.17967984, 'elapsed_time': 118.14284229278564}
2021-10-14 22:06:37,836 multi task weight : 0.8493333333333333
2021-10-14 22:08:35,792 {'epoch': 113, 'lr': 0.0004122462492800662, 'train_loss': 0.0006579597615757236, 'mae': 0.17616233, 'elapsed_time': 118.19696068763733}
2021-10-14 22:08:37,246 multi task weight : 0.8506666666666667
2021-10-14 22:10:35,237 {'epoch': 114, 'lr': 0.0004046202887985263, 'train_loss': 0.0006519966012618651, 'mae': 0.17600124, 'elapsed_time': 118.25509881973267}
2021-10-14 22:10:36,623 multi task weight : 0.8520000000000001
2021-10-14 22:12:34,404 {'epoch': 115, 'lr': 0.0003970190955087115, 'train_loss': 0.0006470708607284339, 'mae': 0.1765323, 'elapsed_time': 118.07386207580566}
2021-10-14 22:12:34,667 multi task weight : 0.8533333333333333
2021-10-14 22:14:32,721 {'epoch': 116, 'lr': 0.0003894445448913267, 'train_loss': 0.0006392592509913476, 'mae': 0.17679046, 'elapsed_time': 118.31512951850891}
2021-10-14 22:14:32,969 multi task weight : 0.8546666666666667
2021-10-14 22:16:31,067 {'epoch': 117, 'lr': 0.00038189850585339675, 'train_loss': 0.0006352838990386549, 'mae': 0.17728555, 'elapsed_time': 118.34347677230835}
2021-10-14 22:16:31,327 multi task weight : 0.8560000000000001
2021-10-14 22:18:29,538 {'epoch': 118, 'lr': 0.0003743828402671403, 'train_loss': 0.0006269072595369034, 'mae': 0.17629328, 'elapsed_time': 118.46545791625977}
2021-10-14 22:18:29,758 multi task weight : 0.8573333333333333
2021-10-14 22:20:27,650 {'epoch': 119, 'lr': 0.0003668994025105814, 'train_loss': 0.0006210251384821453, 'mae': 0.17335609, 'elapsed_time': 118.10534977912903}
2021-10-14 22:20:29,450 multi task weight : 0.8586666666666667
2021-10-14 22:22:27,326 {'epoch': 120, 'lr': 0.00035945003901000945, 'train_loss': 0.0006110629998764667, 'mae': 0.17664188, 'elapsed_time': 118.11760687828064}
2021-10-14 22:22:27,577 multi task weight : 0.8600000000000001
2021-10-14 22:24:25,290 {'epoch': 121, 'lr': 0.00035203658778440103, 'train_loss': 0.0006072555058262378, 'mae': 0.17569977, 'elapsed_time': 117.96121120452881}
2021-10-14 22:24:25,540 multi task weight : 0.8613333333333333
2021-10-14 22:26:23,301 {'epoch': 122, 'lr': 0.0003446608779919159, 'train_loss': 0.0006005508679528754, 'mae': 0.1737237, 'elapsed_time': 118.00801682472229}
2021-10-14 22:26:23,534 multi task weight : 0.8626666666666667
2021-10-14 22:28:21,410 {'epoch': 123, 'lr': 0.00033732472947858063, 'train_loss': 0.0006045650219886685, 'mae': 0.17243166, 'elapsed_time': 118.10655951499939}
2021-10-14 22:28:22,828 multi task weight : 0.864
2021-10-14 22:30:20,869 {'epoch': 124, 'lr': 0.00033002995232926766, 'train_loss': 0.0005775602541819481, 'mae': 0.17503154, 'elapsed_time': 118.27505230903625}
2021-10-14 22:30:21,107 multi task weight : 0.8653333333333333
2021-10-14 22:32:19,065 {'epoch': 125, 'lr': 0.0003227783464210844, 'train_loss': 0.0005747462746874239, 'mae': 0.17654544, 'elapsed_time': 118.19199085235596}
2021-10-14 22:32:19,332 multi task weight : 0.8666666666666666
2021-10-14 22:34:17,350 {'epoch': 126, 'lr': 0.00031557170097928054, 'train_loss': 0.000563316569386471, 'mae': 0.1723603, 'elapsed_time': 118.28194522857666}
2021-10-14 22:34:19,083 multi task weight : 0.868
2021-10-14 22:36:17,053 {'epoch': 127, 'lr': 0.0003084117941357834, 'train_loss': 0.000548971302478992, 'mae': 0.17241074, 'elapsed_time': 118.21071577072144}
2021-10-14 22:36:17,290 multi task weight : 0.8693333333333333
2021-10-14 22:38:15,153 {'epoch': 128, 'lr': 0.00030130039249047106, 'train_loss': 0.0005410456428189519, 'mae': 0.17086437, 'elapsed_time': 118.09678387641907}
2021-10-14 22:38:16,585 multi task weight : 0.8706666666666667
2021-10-14 22:40:14,707 {'epoch': 129, 'lr': 0.00029423925067528897, 'train_loss': 0.0005352309848212145, 'mae': 0.17029932, 'elapsed_time': 118.3613395690918}
2021-10-14 22:40:16,194 multi task weight : 0.872
2021-10-14 22:42:14,144 {'epoch': 130, 'lr': 0.0002872301109213219, 'train_loss': 0.000531973037930456, 'mae': 0.16938142, 'elapsed_time': 118.23194527626038}
2021-10-14 22:42:15,705 multi task weight : 0.8733333333333333
2021-10-14 22:44:13,810 {'epoch': 131, 'lr': 0.0002802747026289243, 'train_loss': 0.0005175969273967803, 'mae': 0.1698144, 'elapsed_time': 118.32758140563965}
2021-10-14 22:44:14,033 multi task weight : 0.8746666666666667
2021-10-14 22:46:12,010 {'epoch': 132, 'lr': 0.00027337474194101617, 'train_loss': 0.0005207783037721321, 'mae': 0.16947182, 'elapsed_time': 118.1980950832367}
2021-10-14 22:46:12,231 multi task weight : 0.876
2021-10-14 22:48:10,241 {'epoch': 133, 'lr': 0.00026653193131965077, 'train_loss': 0.0005127623070567116, 'mae': 0.16823179, 'elapsed_time': 118.22766542434692}
2021-10-14 22:48:11,616 multi task weight : 0.8773333333333333
2021-10-14 22:50:09,811 {'epoch': 134, 'lr': 0.00025974795912595813, 'train_loss': 0.0004957337429866718, 'mae': 0.17311569, 'elapsed_time': 118.46852231025696}
2021-10-14 22:50:10,053 multi task weight : 0.8786666666666667
2021-10-14 22:52:07,982 {'epoch': 135, 'lr': 0.0002530244992035661, 'train_loss': 0.0004933706231691768, 'mae': 0.16851002, 'elapsed_time': 118.16757345199585}
2021-10-14 22:52:08,201 multi task weight : 0.88
2021-10-14 22:54:06,199 {'epoch': 136, 'lr': 0.00024636321046560527, 'train_loss': 0.00048443756465577304, 'mae': 0.17016657, 'elapsed_time': 118.21202063560486}
2021-10-14 22:54:06,429 multi task weight : 0.8813333333333333
2021-10-14 22:56:04,498 {'epoch': 137, 'lr': 0.00023976573648539645, 'train_loss': 0.0004787341739693527, 'mae': 0.16849017, 'elapsed_time': 118.29482889175415}
2021-10-14 22:56:04,738 multi task weight : 0.8826666666666667
2021-10-14 22:58:02,688 {'epoch': 138, 'lr': 0.00023323370509092462, 'train_loss': 0.00047209958105815257, 'mae': 0.16936313, 'elapsed_time': 118.18736720085144}
2021-10-14 22:58:02,933 multi task weight : 0.884
2021-10-14 23:00:01,009 {'epoch': 139, 'lr': 0.00022676872796319523, 'train_loss': 0.00046570303746807095, 'mae': 0.16795926, 'elapsed_time': 118.31978154182434}
2021-10-14 23:00:02,461 multi task weight : 0.8853333333333333
2021-10-14 23:02:00,380 {'epoch': 140, 'lr': 0.00022037240023857702, 'train_loss': 0.00045591190740011873, 'mae': 0.16662006, 'elapsed_time': 118.1995267868042}
2021-10-14 23:02:01,765 multi task weight : 0.8866666666666667
2021-10-14 23:03:59,708 {'epoch': 141, 'lr': 0.00021404630011522577, 'train_loss': 0.0004510559537247406, 'mae': 0.16727887, 'elapsed_time': 118.19740891456604}
2021-10-14 23:03:59,955 multi task weight : 0.888
2021-10-14 23:05:57,699 {'epoch': 142, 'lr': 0.00020779198846368737, 'train_loss': 0.00044636958475595596, 'mae': 0.16746813, 'elapsed_time': 117.98876070976257}
2021-10-14 23:05:57,917 multi task weight : 0.8893333333333333
2021-10-14 23:07:55,959 {'epoch': 143, 'lr': 0.0002016110084417765, 'train_loss': 0.00043566021315304154, 'mae': 0.16708218, 'elapsed_time': 118.25483274459839}
2021-10-14 23:07:56,218 multi task weight : 0.8906666666666667
2021-10-14 23:09:54,065 {'epoch': 144, 'lr': 0.00019550488511382584, 'train_loss': 0.000432039926543269, 'mae': 0.1666063, 'elapsed_time': 118.10409641265869}
2021-10-14 23:09:55,718 multi task weight : 0.892
2021-10-14 23:11:54,088 {'epoch': 145, 'lr': 0.00018947512507439847, 'train_loss': 0.0004255201191702491, 'mae': 0.16753507, 'elapsed_time': 118.60791039466858}
2021-10-14 23:11:54,345 multi task weight : 0.8933333333333333
2021-10-14 23:13:52,349 {'epoch': 146, 'lr': 0.00018352321607655904, 'train_loss': 0.00041903955855754295, 'mae': 0.16791292, 'elapsed_time': 118.25945472717285}
2021-10-14 23:13:52,583 multi task weight : 0.8946666666666667
2021-10-14 23:15:50,929 {'epoch': 147, 'lr': 0.0001776506266647923, 'train_loss': 0.0004138977676654707, 'mae': 0.16573699, 'elapsed_time': 118.5751085281372}
2021-10-14 23:15:52,428 multi task weight : 0.896
2021-10-14 23:17:50,224 {'epoch': 148, 'lr': 0.00017185880581266206, 'train_loss': 0.00040953045771404794, 'mae': 0.1657475, 'elapsed_time': 118.05764842033386}
2021-10-14 23:17:50,455 multi task weight : 0.8973333333333333
2021-10-14 23:19:48,553 {'epoch': 149, 'lr': 0.000166149182565299, 'train_loss': 0.00040250515319639047, 'mae': 0.16552164, 'elapsed_time': 118.32708239555359}
2021-10-14 23:19:49,963 multi task weight : 0.8986666666666667
2021-10-14 23:21:47,996 {'epoch': 150, 'lr': 0.00016052316568680435, 'train_loss': 0.00039917128666682383, 'mae': 0.1651549, 'elapsed_time': 118.31311225891113}
2021-10-14 23:21:49,386 multi task weight : 0.9
2021-10-14 23:23:47,603 {'epoch': 151, 'lr': 0.00015498214331265893, 'train_loss': 0.0003894855396055559, 'mae': 0.16584931, 'elapsed_time': 118.46059274673462}
2021-10-14 23:23:47,875 multi task weight : 0.9
2021-10-14 23:25:45,949 {'epoch': 152, 'lr': 0.0001495274826072215, 'train_loss': 0.000382930261679759, 'mae': 0.16622981, 'elapsed_time': 118.34377479553223}
2021-10-14 23:25:46,196 multi task weight : 0.9
2021-10-14 23:27:44,276 {'epoch': 153, 'lr': 0.00014416052942640132, 'train_loss': 0.0003776780371612828, 'mae': 0.16431408, 'elapsed_time': 118.32420873641968}
2021-10-14 23:27:45,699 multi task weight : 0.9
2021-10-14 23:29:43,679 {'epoch': 154, 'lr': 0.0001388826079855881, 'train_loss': 0.00037285447042901995, 'mae': 0.16500694, 'elapsed_time': 118.23524355888367}
2021-10-14 23:29:43,927 multi task weight : 0.9
2021-10-14 23:31:42,216 {'epoch': 155, 'lr': 0.00013369502053292245, 'train_loss': 0.0003691015360818903, 'mae': 0.16532888, 'elapsed_time': 118.53461837768555}
2021-10-14 23:31:42,495 multi task weight : 0.9
2021-10-14 23:33:40,182 {'epoch': 156, 'lr': 0.00012859904702798464, 'train_loss': 0.00036411023815393923, 'mae': 0.16508514, 'elapsed_time': 117.96208691596985}
2021-10-14 23:33:40,417 multi task weight : 0.9
2021-10-14 23:35:38,414 {'epoch': 157, 'lr': 0.00012359594482598432, 'train_loss': 0.00035929765892964946, 'mae': 0.16454051, 'elapsed_time': 118.22919797897339}
2021-10-14 23:35:38,662 multi task weight : 0.9
2021-10-14 23:37:36,554 {'epoch': 158, 'lr': 0.00011868694836752681, 'train_loss': 0.00035692345211498384, 'mae': 0.16433214, 'elapsed_time': 118.13745260238647}
2021-10-14 23:37:36,783 multi task weight : 0.9
2021-10-14 23:39:34,612 {'epoch': 159, 'lr': 0.0001138732688740332, 'train_loss': 0.000349279747000785, 'mae': 0.16473171, 'elapsed_time': 118.05152726173401}
2021-10-14 23:39:34,861 multi task weight : 0.9
2021-10-14 23:41:33,015 {'epoch': 160, 'lr': 0.00010915609404889012, 'train_loss': 0.0003459176884296321, 'mae': 0.16366625, 'elapsed_time': 118.39698100090027}
2021-10-14 23:41:34,428 multi task weight : 0.9
2021-10-14 23:43:32,419 {'epoch': 161, 'lr': 0.00010453658778440103, 'train_loss': 0.000340380377924308, 'mae': 0.16419555, 'elapsed_time': 118.2388219833374}
2021-10-14 23:43:32,682 multi task weight : 0.9
2021-10-14 23:45:30,479 {'epoch': 162, 'lr': 0.00010001588987461343, 'train_loss': 0.0003371328448739725, 'mae': 0.16376145, 'elapsed_time': 118.05407476425171}
2021-10-14 23:45:30,717 multi task weight : 0.9
2021-10-14 23:47:28,713 {'epoch': 163, 'lr': 9.559511573409192e-05, 'train_loss': 0.000331693964796184, 'mae': 0.16423836, 'elapsed_time': 118.23214507102966}
2021-10-14 23:47:28,971 multi task weight : 0.9
2021-10-14 23:49:26,940 {'epoch': 164, 'lr': 9.12753561227063e-05, 'train_loss': 0.00032911040512209226, 'mae': 0.16422379, 'elapsed_time': 118.22010803222656}
2021-10-14 23:49:27,210 multi task weight : 0.9
2021-10-14 23:51:25,241 {'epoch': 165, 'lr': 8.705767687650262e-05, 'train_loss': 0.0003248890565623109, 'mae': 0.16378486, 'elapsed_time': 118.29970598220825}
2021-10-14 23:51:25,483 multi task weight : 0.9
2021-10-14 23:53:23,407 {'epoch': 166, 'lr': 8.294311864472445e-05, 'train_loss': 0.0003200467110588663, 'mae': 0.16383065, 'elapsed_time': 118.15971040725708}
2021-10-14 23:53:23,674 multi task weight : 0.9
2021-10-14 23:55:21,623 {'epoch': 167, 'lr': 7.89326966330478e-05, 'train_loss': 0.00031729852249926096, 'mae': 0.16403791, 'elapsed_time': 118.21053552627563}
2021-10-14 23:55:21,875 multi task weight : 0.9
2021-10-14 23:57:19,916 {'epoch': 168, 'lr': 7.502740035309526e-05, 'train_loss': 0.00031347212229217814, 'mae': 0.16361775, 'elapsed_time': 118.29105710983276}
2021-10-14 23:57:21,310 multi task weight : 0.9
2021-10-14 23:59:19,584 {'epoch': 169, 'lr': 7.12281933782875e-05, 'train_loss': 0.0003103941841318838, 'mae': 0.16355443, 'elapsed_time': 118.53274035453796}
2021-10-14 23:59:20,982 multi task weight : 0.9
2021-10-15 00:01:19,091 {'epoch': 170, 'lr': 6.75360131060967e-05, 'train_loss': 0.0003063395821209812, 'mae': 0.16377603, 'elapsed_time': 118.37122750282288}
2021-10-15 00:01:19,348 multi task weight : 0.9
2021-10-15 00:03:17,248 {'epoch': 171, 'lr': 6.395177052675792e-05, 'train_loss': 0.0003039345580953648, 'mae': 0.16374601, 'elapsed_time': 118.15495252609253}
2021-10-15 00:03:17,494 multi task weight : 0.9
2021-10-15 00:05:15,496 {'epoch': 172, 'lr': 6.047634999849528e-05, 'train_loss': 0.0003007841442765346, 'mae': 0.16365805, 'elapsed_time': 118.24494743347168}
2021-10-15 00:05:15,753 multi task weight : 0.9
2021-10-15 00:07:13,887 {'epoch': 173, 'lr': 5.711060902932039e-05, 'train_loss': 0.00029726462750994976, 'mae': 0.16344899, 'elapsed_time': 118.38923287391663}
2021-10-15 00:07:15,295 multi task weight : 0.9
2021-10-15 00:09:13,213 {'epoch': 174, 'lr': 5.385537806545467e-05, 'train_loss': 0.0002948570244182136, 'mae': 0.16352677, 'elapsed_time': 118.17573571205139}
2021-10-15 00:09:13,471 multi task weight : 0.9
2021-10-15 00:11:11,527 {'epoch': 175, 'lr': 5.0711460286429424e-05, 'train_loss': 0.00029167356957034054, 'mae': 0.16370226, 'elapsed_time': 118.31186819076538}
2021-10-15 00:11:11,787 multi task weight : 0.9
2021-10-15 00:13:09,964 {'epoch': 176, 'lr': 4.767963140691315e-05, 'train_loss': 0.0002891753930438031, 'mae': 0.16367179, 'elapsed_time': 118.43362522125244}
2021-10-15 00:13:10,219 multi task weight : 0.9
2021-10-15 00:15:08,286 {'epoch': 177, 'lr': 4.4760639485315563e-05, 'train_loss': 0.0002872160726613837, 'mae': 0.16356312, 'elapsed_time': 118.31568312644958}
2021-10-15 00:15:08,536 multi task weight : 0.9
2021-10-15 00:17:06,709 {'epoch': 178, 'lr': 4.195520473921563e-05, 'train_loss': 0.00028454308901685726, 'mae': 0.1634694, 'elapsed_time': 118.4191644191742}
2021-10-15 00:17:06,976 multi task weight : 0.9
2021-10-15 00:19:04,894 {'epoch': 179, 'lr': 3.9264019367658385e-05, 'train_loss': 0.000281696504776874, 'mae': 0.16345206, 'elapsed_time': 118.18270492553711}
2021-10-15 00:19:05,172 multi task weight : 0.9
2021-10-15 00:21:03,056 {'epoch': 180, 'lr': 3.6687747380365064e-05, 'train_loss': 0.00028036289325019753, 'mae': 0.16365209, 'elapsed_time': 118.1589367389679}
2021-10-15 00:21:03,297 multi task weight : 0.9
2021-10-15 00:23:01,288 {'epoch': 181, 'lr': 3.422702443389899e-05, 'train_loss': 0.00027825696275966344, 'mae': 0.16338775, 'elapsed_time': 118.23017573356628}
2021-10-15 00:23:02,674 multi task weight : 0.9
2021-10-15 00:25:00,744 {'epoch': 182, 'lr': 3.188245767482658e-05, 'train_loss': 0.000276249446310572, 'mae': 0.16326135, 'elapsed_time': 118.31515336036682}
2021-10-15 00:25:02,157 multi task weight : 0.9
2021-10-15 00:27:00,195 {'epoch': 183, 'lr': 2.965462558991323e-05, 'train_loss': 0.00027490592570302697, 'mae': 0.16344461, 'elapsed_time': 118.31801724433899}
2021-10-15 00:27:00,437 multi task weight : 0.9
2021-10-15 00:28:58,462 {'epoch': 184, 'lr': 2.7544077863390004e-05, 'train_loss': 0.0002727726288016384, 'mae': 0.16344786, 'elapsed_time': 118.26493716239929}
2021-10-15 00:28:58,710 multi task weight : 0.9
2021-10-15 00:30:56,730 {'epoch': 185, 'lr': 2.5551335241327672e-05, 'train_loss': 0.00027113495869197896, 'mae': 0.16347018, 'elapsed_time': 118.26360988616943}
2021-10-15 00:30:57,001 multi task weight : 0.9
2021-10-15 00:32:55,289 {'epoch': 186, 'lr': 2.367688940315011e-05, 'train_loss': 0.00026992029761012973, 'mae': 0.16343558, 'elapsed_time': 118.55642437934875}
2021-10-15 00:32:55,518 multi task weight : 0.9
2021-10-15 00:34:53,373 {'epoch': 187, 'lr': 2.1921202840320077e-05, 'train_loss': 0.00026864253584421414, 'mae': 0.16341676, 'elapsed_time': 118.08224892616272}
2021-10-15 00:34:53,623 multi task weight : 0.9
2021-10-15 00:36:51,609 {'epoch': 188, 'lr': 2.0284708742225903e-05, 'train_loss': 0.00026729089480123034, 'mae': 0.16340563, 'elapsed_time': 118.22893691062927}
2021-10-15 00:36:51,883 multi task weight : 0.9
2021-10-15 00:38:49,827 {'epoch': 189, 'lr': 1.8767810889299086e-05, 'train_loss': 0.0002660494278918895, 'mae': 0.16343972, 'elapsed_time': 118.21306610107422}
2021-10-15 00:38:50,088 multi task weight : 0.9
2021-10-15 00:40:48,194 {'epoch': 190, 'lr': 1.7370883553386936e-05, 'train_loss': 0.0002650105190445466, 'mae': 0.16348001, 'elapsed_time': 118.36506009101868}
2021-10-15 00:40:48,446 multi task weight : 0.9
2021-10-15 00:42:46,536 {'epoch': 191, 'lr': 1.6094271405406862e-05, 'train_loss': 0.00026408817657350386, 'mae': 0.16360074, 'elapsed_time': 118.33951449394226}
2021-10-15 00:42:46,800 multi task weight : 0.9
2021-10-15 00:44:44,759 {'epoch': 192, 'lr': 1.4938289430304022e-05, 'train_loss': 0.000262987894401685, 'mae': 0.1633914, 'elapsed_time': 118.21492505073547}
2021-10-15 00:44:45,036 multi task weight : 0.9
2021-10-15 00:46:42,904 {'epoch': 193, 'lr': 1.3903222849333509e-05, 'train_loss': 0.00026222133818912615, 'mae': 0.16352776, 'elapsed_time': 118.14315509796143}
2021-10-15 00:46:43,164 multi task weight : 0.9
2021-10-15 00:48:41,195 {'epoch': 194, 'lr': 1.2989327049686102e-05, 'train_loss': 0.0002614272232219883, 'mae': 0.1633733, 'elapsed_time': 118.28792810440063}
2021-10-15 00:48:41,435 multi task weight : 0.9
2021-10-15 00:50:39,669 {'epoch': 195, 'lr': 1.2196827521475404e-05, 'train_loss': 0.00026063971725064766, 'mae': 0.16347696, 'elapsed_time': 118.47183227539062}
2021-10-15 00:50:39,916 multi task weight : 0.9
2021-10-15 00:52:38,112 {'epoch': 196, 'lr': 1.152591980210166e-05, 'train_loss': 0.00026013692754528787, 'mae': 0.16349478, 'elapsed_time': 118.4403166770935}
2021-10-15 00:52:38,349 multi task weight : 0.9
2021-10-15 00:54:36,656 {'epoch': 197, 'lr': 1.097676942800558e-05, 'train_loss': 0.0002595216605190195, 'mae': 0.1635186, 'elapsed_time': 118.54192399978638}
2021-10-15 00:54:36,914 multi task weight : 0.9
2021-10-15 00:56:35,192 {'epoch': 198, 'lr': 1.0549511893824899e-05, 'train_loss': 0.000259001313655028, 'mae': 0.16351688, 'elapsed_time': 118.53141212463379}
2021-10-15 00:56:35,451 multi task weight : 0.9
2021-10-15 00:58:33,472 {'epoch': 199, 'lr': 1.0244252618962858e-05, 'train_loss': 0.0002585911399371937, 'mae': 0.16342382, 'elapsed_time': 118.27461457252502}
2021-10-15 00:58:33,721 multi task weight : 0.9
2021-10-15 01:00:31,875 {'epoch': 200, 'lr': 1.006106692157801e-05, 'train_loss': 0.0002581542895982169, 'mae': 0.16345508, 'elapsed_time': 118.4000494480133}
