2021-10-13 10:14:54,154 Fold 0
2021-10-13 10:14:58,120 train run device : cuda:0
2021-10-13 10:15:21,796 multi task weight : 0.7
2021-10-13 10:16:37,517 {'epoch': 1, 'lr': 0.001, 'train_loss': 0.011841898338932167, 'mae': 1.1102619, 'elapsed_time': 75.92680406570435}
2021-10-13 10:16:38,142 multi task weight : 0.7013333333333333
2021-10-13 10:17:54,150 {'epoch': 2, 'lr': 0.000999938933078422, 'train_loss': 0.004067979986064081, 'mae': 0.8619797, 'elapsed_time': 76.18245387077332}
2021-10-13 10:17:54,797 multi task weight : 0.7026666666666667
2021-10-13 10:19:11,070 {'epoch': 3, 'lr': 0.000999755747381037, 'train_loss': 0.0035818809933461757, 'mae': 0.74306697, 'elapsed_time': 76.45470643043518}
2021-10-13 10:19:11,781 multi task weight : 0.704
2021-10-13 10:20:28,137 {'epoch': 4, 'lr': 0.000999450488106175, 'train_loss': 0.0032455278038386083, 'mae': 0.72707045, 'elapsed_time': 76.58410859107971}
2021-10-13 10:20:28,792 multi task weight : 0.7053333333333334
2021-10-13 10:21:45,124 {'epoch': 5, 'lr': 0.0009990232305719944, 'train_loss': 0.0031191674016065513, 'mae': 0.7503952, 'elapsed_time': 76.5005738735199}
2021-10-13 10:21:45,306 multi task weight : 0.7066666666666667
2021-10-13 10:23:02,151 {'epoch': 6, 'lr': 0.0009984740801978983, 'train_loss': 0.002954709441496727, 'mae': 0.70120084, 'elapsed_time': 77.02657747268677}
2021-10-13 10:23:02,835 multi task weight : 0.708
2021-10-13 10:24:19,583 {'epoch': 7, 'lr': 0.0009978031724785245, 'train_loss': 0.0027153303670203787, 'mae': 0.5658388, 'elapsed_time': 76.95040035247803}
2021-10-13 10:24:20,277 multi task weight : 0.7093333333333334
2021-10-13 10:25:37,307 {'epoch': 8, 'lr': 0.000997010672950314, 'train_loss': 0.0026232972538692417, 'mae': 0.5331188, 'elapsed_time': 77.23295378684998}
2021-10-13 10:25:37,961 multi task weight : 0.7106666666666667
2021-10-13 10:26:54,916 {'epoch': 9, 'lr': 0.0009960967771506664, 'train_loss': 0.0025986980121012475, 'mae': 0.6621316, 'elapsed_time': 77.12541794776917}
2021-10-13 10:26:55,091 multi task weight : 0.712
2021-10-13 10:28:12,015 {'epoch': 10, 'lr': 0.0009950617105696957, 'train_loss': 0.0025349174141686354, 'mae': 0.53480786, 'elapsed_time': 77.09821152687073}
2021-10-13 10:28:12,198 multi task weight : 0.7133333333333334
2021-10-13 10:29:29,150 {'epoch': 11, 'lr': 0.0009939057285945929, 'train_loss': 0.0024513284725768427, 'mae': 0.50908685, 'elapsed_time': 77.13512659072876}
2021-10-13 10:29:29,787 multi task weight : 0.7146666666666666
2021-10-13 10:30:47,213 {'epoch': 12, 'lr': 0.0009926291164466126, 'train_loss': 0.002397116082563078, 'mae': 0.45176935, 'elapsed_time': 77.5949935913086}
2021-10-13 10:30:47,876 multi task weight : 0.716
2021-10-13 10:32:04,619 {'epoch': 13, 'lr': 0.0009912321891107005, 'train_loss': 0.002339419284607102, 'mae': 0.48068044, 'elapsed_time': 76.91985774040222}
2021-10-13 10:32:04,800 multi task weight : 0.7173333333333333
2021-10-13 10:33:21,812 {'epoch': 14, 'lr': 0.0009897152912577737, 'train_loss': 0.002324230101445876, 'mae': 0.5571278, 'elapsed_time': 77.19202494621277}
2021-10-13 10:33:21,978 multi task weight : 0.7186666666666666
2021-10-13 10:34:39,001 {'epoch': 15, 'lr': 0.0009880787971596797, 'train_loss': 0.0022640796836201444, 'mae': 0.45912525, 'elapsed_time': 77.18916869163513}
2021-10-13 10:34:39,172 multi task weight : 0.72
2021-10-13 10:35:56,172 {'epoch': 16, 'lr': 0.0009863231105968495, 'train_loss': 0.002285602547825765, 'mae': 0.5138214, 'elapsed_time': 77.17053651809692}
2021-10-13 10:35:56,344 multi task weight : 0.7213333333333333
2021-10-13 10:37:13,239 {'epoch': 17, 'lr': 0.000984448664758672, 'train_loss': 0.0022104266359463994, 'mae': 0.4290212, 'elapsed_time': 77.06659960746765}
2021-10-13 10:37:13,894 multi task weight : 0.7226666666666667
2021-10-13 10:38:30,829 {'epoch': 18, 'lr': 0.0009824559221366096, 'train_loss': 0.002249134833831278, 'mae': 0.43573338, 'elapsed_time': 77.10785341262817}
2021-10-13 10:38:30,999 multi task weight : 0.724
2021-10-13 10:39:47,701 {'epoch': 19, 'lr': 0.0009803453744100864, 'train_loss': 0.002231446814070955, 'mae': 0.40094447, 'elapsed_time': 76.87164282798767}
2021-10-13 10:39:48,346 multi task weight : 0.7253333333333333
2021-10-13 10:41:05,002 {'epoch': 20, 'lr': 0.0009781175423251728, 'train_loss': 0.00221936867243411, 'mae': 0.37876213, 'elapsed_time': 76.823725938797}
2021-10-13 10:41:05,658 multi task weight : 0.7266666666666667
2021-10-13 10:42:22,119 {'epoch': 21, 'lr': 0.0009757729755661004, 'train_loss': 0.0022094881568150934, 'mae': 0.38005745, 'elapsed_time': 76.63230347633362}
2021-10-13 10:42:22,294 multi task weight : 0.728
2021-10-13 10:43:39,104 {'epoch': 22, 'lr': 0.0009733122526196342, 'train_loss': 0.0021035690793756463, 'mae': 0.3672428, 'elapsed_time': 76.98446297645569}
2021-10-13 10:43:39,747 multi task weight : 0.7293333333333333
2021-10-13 10:44:56,722 {'epoch': 23, 'lr': 0.000970735980632341, 'train_loss': 0.0020141251649364402, 'mae': 0.45466715, 'elapsed_time': 77.15013551712036}
2021-10-13 10:44:56,892 multi task weight : 0.7306666666666667
2021-10-13 10:46:13,837 {'epoch': 24, 'lr': 0.0009680447952607838, 'train_loss': 0.0020330405431800208, 'mae': 0.5169111, 'elapsed_time': 77.11510801315308}
2021-10-13 10:46:14,029 multi task weight : 0.732
2021-10-13 10:47:31,317 {'epoch': 25, 'lr': 0.0009652393605146839, 'train_loss': 0.002057428427430634, 'mae': 0.39496514, 'elapsed_time': 77.4790608882904}
2021-10-13 10:47:31,490 multi task weight : 0.7333333333333334
2021-10-13 10:48:48,668 {'epoch': 26, 'lr': 0.0009623203685930864, 'train_loss': 0.002032632657713729, 'mae': 0.46086034, 'elapsed_time': 77.3513720035553}
2021-10-13 10:48:48,850 multi task weight : 0.7346666666666667
2021-10-13 10:50:06,108 {'epoch': 27, 'lr': 0.00095928853971357, 'train_loss': 0.001997065428345704, 'mae': 0.4302073, 'elapsed_time': 77.43878412246704}
2021-10-13 10:50:06,281 multi task weight : 0.736
2021-10-13 10:51:23,557 {'epoch': 28, 'lr': 0.0009561446219345448, 'train_loss': 0.0019616222689193634, 'mae': 0.45417958, 'elapsed_time': 77.44908308982849}
2021-10-13 10:51:23,785 multi task weight : 0.7373333333333334
2021-10-13 10:52:41,117 {'epoch': 29, 'lr': 0.0009528893909706791, 'train_loss': 0.0019563062902789308, 'mae': 0.37994462, 'elapsed_time': 77.55919575691223}
2021-10-13 10:52:41,296 multi task weight : 0.7386666666666666
2021-10-13 10:53:58,513 {'epoch': 30, 'lr': 0.0009495236500015041, 'train_loss': 0.0019822942496649553, 'mae': 0.40732142, 'elapsed_time': 77.3957622051239}
2021-10-13 10:53:58,705 multi task weight : 0.74
2021-10-13 10:55:15,885 {'epoch': 31, 'lr': 0.0009460482294732414, 'train_loss': 0.0019150858099410042, 'mae': 0.35504502, 'elapsed_time': 77.37114691734314}
2021-10-13 10:55:16,532 multi task weight : 0.7413333333333334
2021-10-13 10:56:33,811 {'epoch': 32, 'lr': 0.0009424639868939027, 'train_loss': 0.0021257445848169828, 'mae': 0.342419, 'elapsed_time': 77.4500572681427}
2021-10-13 10:56:34,473 multi task weight : 0.7426666666666666
2021-10-13 10:57:51,749 {'epoch': 33, 'lr': 0.0009387718066217117, 'train_loss': 0.0018493194189823725, 'mae': 0.3360305, 'elapsed_time': 77.44744229316711}
2021-10-13 10:57:52,397 multi task weight : 0.744
2021-10-13 10:59:09,470 {'epoch': 34, 'lr': 0.000934972599646904, 'train_loss': 0.002281881223517273, 'mae': 0.37090445, 'elapsed_time': 77.2521960735321}
2021-10-13 10:59:09,637 multi task weight : 0.7453333333333333
2021-10-13 11:00:26,633 {'epoch': 35, 'lr': 0.0009310673033669515, 'train_loss': 0.0019404097310235912, 'mae': 0.3511764, 'elapsed_time': 77.16177868843079}
2021-10-13 11:00:26,814 multi task weight : 0.7466666666666666
2021-10-13 11:01:43,995 {'epoch': 36, 'lr': 0.0009270568813552751, 'train_loss': 0.0017849101806571737, 'mae': 0.30783787, 'elapsed_time': 77.36182951927185}
2021-10-13 11:01:44,669 multi task weight : 0.7479999999999999
2021-10-13 11:03:01,701 {'epoch': 37, 'lr': 0.0009229423231234969, 'train_loss': 0.0017057651793368216, 'mae': 0.29136446, 'elapsed_time': 77.20598721504211}
2021-10-13 11:03:02,362 multi task weight : 0.7493333333333333
2021-10-13 11:04:19,437 {'epoch': 38, 'lr': 0.0009187246438772933, 'train_loss': 0.0016776646243629272, 'mae': 0.29836845, 'elapsed_time': 77.24653124809265}
2021-10-13 11:04:19,621 multi task weight : 0.7506666666666666
2021-10-13 11:05:36,871 {'epoch': 39, 'lr': 0.0009144048842659075, 'train_loss': 0.0017699332462192926, 'mae': 0.41355914, 'elapsed_time': 77.43360829353333}
2021-10-13 11:05:37,046 multi task weight : 0.752
2021-10-13 11:06:54,082 {'epoch': 40, 'lr': 0.0009099841101253861, 'train_loss': 0.0017822113127563077, 'mae': 0.30296573, 'elapsed_time': 77.21111011505127}
2021-10-13 11:06:54,257 multi task weight : 0.7533333333333333
2021-10-13 11:08:10,984 {'epoch': 41, 'lr': 0.0009054634122155986, 'train_loss': 0.001659644317842225, 'mae': 0.27432865, 'elapsed_time': 76.90140676498413}
2021-10-13 11:08:11,616 multi task weight : 0.7546666666666666
2021-10-13 11:09:28,242 {'epoch': 42, 'lr': 0.0009008439059511095, 'train_loss': 0.0016217473449989057, 'mae': 0.3070607, 'elapsed_time': 76.79792475700378}
2021-10-13 11:09:28,417 multi task weight : 0.756
2021-10-13 11:10:45,002 {'epoch': 43, 'lr': 0.0008961267311259662, 'train_loss': 0.0017757583824291854, 'mae': 0.2913725, 'elapsed_time': 76.75889921188354}
2021-10-13 11:10:45,179 multi task weight : 0.7573333333333334
2021-10-13 11:12:02,157 {'epoch': 44, 'lr': 0.0008913130516324728, 'train_loss': 0.0015913579459910048, 'mae': 0.2591036, 'elapsed_time': 77.15526032447815}
2021-10-13 11:12:02,888 multi task weight : 0.7586666666666666
2021-10-13 11:13:19,793 {'epoch': 45, 'lr': 0.0008864040551740152, 'train_loss': 0.0015589477905399993, 'mae': 0.27113146, 'elapsed_time': 77.12993216514587}
2021-10-13 11:13:19,985 multi task weight : 0.76
2021-10-13 11:14:37,216 {'epoch': 46, 'lr': 0.000881400952972015, 'train_loss': 0.0015051205271597015, 'mae': 0.24857381, 'elapsed_time': 77.42284274101257}
2021-10-13 11:14:37,911 multi task weight : 0.7613333333333333
2021-10-13 11:15:55,075 {'epoch': 47, 'lr': 0.0008763049794670771, 'train_loss': 0.0016893801382434851, 'mae': 0.26635584, 'elapsed_time': 77.34721159934998}
2021-10-13 11:15:55,251 multi task weight : 0.7626666666666666
2021-10-13 11:17:12,176 {'epoch': 48, 'lr': 0.0008711173920144113, 'train_loss': 0.0014661969761428967, 'mae': 0.2699187, 'elapsed_time': 77.10116171836853}
2021-10-13 11:17:12,396 multi task weight : 0.764
2021-10-13 11:18:29,039 {'epoch': 49, 'lr': 0.0008658394705735983, 'train_loss': 0.0015574488532096838, 'mae': 0.26173037, 'elapsed_time': 76.86228847503662}
2021-10-13 11:18:29,227 multi task weight : 0.7653333333333333
2021-10-13 11:19:46,429 {'epoch': 50, 'lr': 0.0008604725173927781, 'train_loss': 0.001488603227645297, 'mae': 0.2594303, 'elapsed_time': 77.38958764076233}
2021-10-13 11:19:46,597 multi task weight : 0.7666666666666666
2021-10-13 11:21:03,916 {'epoch': 51, 'lr': 0.0008550178566873405, 'train_loss': 0.0014817700086246664, 'mae': 0.25695097, 'elapsed_time': 77.48690795898438}
2021-10-13 11:21:04,094 multi task weight : 0.768
2021-10-13 11:22:21,512 {'epoch': 52, 'lr': 0.0008494768343131951, 'train_loss': 0.0014697645076799267, 'mae': 0.24671856, 'elapsed_time': 77.5953893661499}
2021-10-13 11:22:22,184 multi task weight : 0.7693333333333333
2021-10-13 11:23:39,294 {'epoch': 53, 'lr': 0.0008438508174347005, 'train_loss': 0.0016661540078674428, 'mae': 0.27257055, 'elapsed_time': 77.28459310531616}
2021-10-13 11:23:39,464 multi task weight : 0.7706666666666666
2021-10-13 11:24:56,755 {'epoch': 54, 'lr': 0.0008381411941873374, 'train_loss': 0.001501485587617986, 'mae': 0.26992014, 'elapsed_time': 77.461008310318}
2021-10-13 11:24:56,924 multi task weight : 0.772
2021-10-13 11:26:14,099 {'epoch': 55, 'lr': 0.0008323493733352073, 'train_loss': 0.0014655267184068225, 'mae': 0.24293107, 'elapsed_time': 77.34406065940857}
2021-10-13 11:26:14,753 multi task weight : 0.7733333333333332
2021-10-13 11:27:31,997 {'epoch': 56, 'lr': 0.0008264767839234405, 'train_loss': 0.001544345451939809, 'mae': 0.26761815, 'elapsed_time': 77.41773295402527}
2021-10-13 11:27:32,167 multi task weight : 0.7746666666666666
2021-10-13 11:28:49,380 {'epoch': 57, 'lr': 0.000820524874925601, 'train_loss': 0.0014648534206956171, 'mae': 0.24063629, 'elapsed_time': 77.38238477706909}
2021-10-13 11:28:50,039 multi task weight : 0.776
2021-10-13 11:30:07,344 {'epoch': 58, 'lr': 0.0008144951148861737, 'train_loss': 0.0015923075898839907, 'mae': 0.25488394, 'elapsed_time': 77.48462653160095}
2021-10-13 11:30:07,513 multi task weight : 0.7773333333333332
2021-10-13 11:31:24,772 {'epoch': 59, 'lr': 0.0008083889915582231, 'train_loss': 0.001416829135083773, 'mae': 0.25571358, 'elapsed_time': 77.42692065238953}
2021-10-13 11:31:24,945 multi task weight : 0.7786666666666666
2021-10-13 11:32:42,314 {'epoch': 60, 'lr': 0.0008022080115363123, 'train_loss': 0.001332282022905713, 'mae': 0.2647892, 'elapsed_time': 77.54157447814941}
2021-10-13 11:32:42,520 multi task weight : 0.78
2021-10-13 11:33:59,859 {'epoch': 61, 'lr': 0.0007959536998847739, 'train_loss': 0.001323853203047973, 'mae': 0.22775815, 'elapsed_time': 77.54487633705139}
2021-10-13 11:34:00,502 multi task weight : 0.7813333333333332
2021-10-13 11:35:17,731 {'epoch': 62, 'lr': 0.0007896275997614226, 'train_loss': 0.001450429032720265, 'mae': 0.25427973, 'elapsed_time': 77.40055799484253}
2021-10-13 11:35:17,912 multi task weight : 0.7826666666666666
2021-10-13 11:36:34,518 {'epoch': 63, 'lr': 0.0007832312720368044, 'train_loss': 0.0012867567244845561, 'mae': 0.22301945, 'elapsed_time': 76.78664088249207}
2021-10-13 11:36:35,163 multi task weight : 0.784
2021-10-13 11:37:51,694 {'epoch': 64, 'lr': 0.0007767662949090749, 'train_loss': 0.0012461878870341698, 'mae': 0.24765843, 'elapsed_time': 76.70450067520142}
2021-10-13 11:37:51,889 multi task weight : 0.7853333333333332
2021-10-13 11:39:08,584 {'epoch': 65, 'lr': 0.000770234263514603, 'train_loss': 0.001290055511505735, 'mae': 0.23659772, 'elapsed_time': 76.88961958885193}
2021-10-13 11:39:08,796 multi task weight : 0.7866666666666666
2021-10-13 11:40:25,471 {'epoch': 66, 'lr': 0.0007636367895343944, 'train_loss': 0.0013661254834287447, 'mae': 0.22981009, 'elapsed_time': 76.88680171966553}
2021-10-13 11:40:25,660 multi task weight : 0.788
2021-10-13 11:41:43,027 {'epoch': 67, 'lr': 0.0007569755007964335, 'train_loss': 0.0014108991663905467, 'mae': 0.24077106, 'elapsed_time': 77.55583310127258}
2021-10-13 11:41:43,217 multi task weight : 0.7893333333333333
2021-10-13 11:43:00,703 {'epoch': 68, 'lr': 0.0007502520408740415, 'train_loss': 0.0012346694884097205, 'mae': 0.2135522, 'elapsed_time': 77.67546248435974}
2021-10-13 11:43:01,389 multi task weight : 0.7906666666666666
2021-10-13 11:44:18,319 {'epoch': 69, 'lr': 0.0007434680686803488, 'train_loss': 0.0011830764029587318, 'mae': 0.22328074, 'elapsed_time': 77.12309694290161}
2021-10-13 11:44:18,520 multi task weight : 0.792
2021-10-13 11:45:35,154 {'epoch': 70, 'lr': 0.0007366252580589837, 'train_loss': 0.0012693454566392543, 'mae': 0.21186368, 'elapsed_time': 76.83420586585999}
2021-10-13 11:45:35,825 multi task weight : 0.7933333333333333
2021-10-13 11:46:52,768 {'epoch': 71, 'lr': 0.0007297252973710754, 'train_loss': 0.0012097485383233146, 'mae': 0.24090648, 'elapsed_time': 77.12850308418274}
2021-10-13 11:46:52,940 multi task weight : 0.7946666666666666
2021-10-13 11:48:09,545 {'epoch': 72, 'lr': 0.0007227698890786777, 'train_loss': 0.0012858951944460372, 'mae': 0.2185708, 'elapsed_time': 76.77669167518616}
2021-10-13 11:48:09,728 multi task weight : 0.796
2021-10-13 11:49:26,378 {'epoch': 73, 'lr': 0.0007157607493247108, 'train_loss': 0.001186473000821805, 'mae': 0.2236393, 'elapsed_time': 76.83276319503784}
2021-10-13 11:49:26,553 multi task weight : 0.7973333333333333
2021-10-13 11:50:43,224 {'epoch': 74, 'lr': 0.0007086996075095287, 'train_loss': 0.0012324682089411873, 'mae': 0.22519785, 'elapsed_time': 76.84541010856628}
2021-10-13 11:50:43,395 multi task weight : 0.7986666666666666
2021-10-13 11:52:00,050 {'epoch': 75, 'lr': 0.0007015882058642161, 'train_loss': 0.001119763326983605, 'mae': 0.21379848, 'elapsed_time': 76.82584547996521}
2021-10-13 11:52:00,222 multi task weight : 0.8
2021-10-13 11:53:16,846 {'epoch': 76, 'lr': 0.0006944282990207193, 'train_loss': 0.0010873012244701386, 'mae': 0.21565044, 'elapsed_time': 76.79563069343567}
2021-10-13 11:53:17,038 multi task weight : 0.8013333333333333
2021-10-13 11:54:33,722 {'epoch': 77, 'lr': 0.0006872216535789155, 'train_loss': 0.001087797417955299, 'mae': 0.21271469, 'elapsed_time': 76.87486267089844}
2021-10-13 11:54:33,921 multi task weight : 0.8026666666666666
2021-10-13 11:55:50,518 {'epoch': 78, 'lr': 0.0006799700476707321, 'train_loss': 0.0013095260716880924, 'mae': 0.23776636, 'elapsed_time': 76.79525303840637}
2021-10-13 11:55:50,707 multi task weight : 0.804
2021-10-13 11:57:07,458 {'epoch': 79, 'lr': 0.0006726752705214191, 'train_loss': 0.0012480615773358592, 'mae': 0.24378303, 'elapsed_time': 76.93960928916931}
2021-10-13 11:57:07,660 multi task weight : 0.8053333333333333
2021-10-13 11:58:24,352 {'epoch': 80, 'lr': 0.0006653391220080838, 'train_loss': 0.0010972707224374105, 'mae': 0.20219366, 'elapsed_time': 76.89424395561218}
2021-10-13 11:58:25,016 multi task weight : 0.8066666666666666
2021-10-13 11:59:41,446 {'epoch': 81, 'lr': 0.0006579634122155988, 'train_loss': 0.0010226057520206595, 'mae': 0.21172608, 'elapsed_time': 76.60415410995483}
2021-10-13 11:59:41,660 multi task weight : 0.808
2021-10-13 12:00:58,688 {'epoch': 82, 'lr': 0.0006505499609899903, 'train_loss': 0.0011163734361242978, 'mae': 0.20666213, 'elapsed_time': 77.24223446846008}
2021-10-13 12:00:58,863 multi task weight : 0.8093333333333333
2021-10-13 12:02:16,133 {'epoch': 83, 'lr': 0.0006431005974894184, 'train_loss': 0.000998797402837523, 'mae': 0.19465739, 'elapsed_time': 77.44418287277222}
2021-10-13 12:02:16,805 multi task weight : 0.8106666666666666
2021-10-13 12:03:34,000 {'epoch': 84, 'lr': 0.0006356171597328593, 'train_loss': 0.0010223399470032566, 'mae': 0.197608, 'elapsed_time': 77.38690733909607}
2021-10-13 12:03:34,186 multi task weight : 0.812
2021-10-13 12:04:51,323 {'epoch': 85, 'lr': 0.0006281014941466028, 'train_loss': 0.0010242736697779577, 'mae': 0.22999845, 'elapsed_time': 77.32228231430054}
2021-10-13 12:04:51,503 multi task weight : 0.8133333333333334
2021-10-13 12:06:08,514 {'epoch': 86, 'lr': 0.000620555455108673, 'train_loss': 0.001068457139000504, 'mae': 0.20061265, 'elapsed_time': 77.19031929969788}
2021-10-13 12:06:08,682 multi task weight : 0.8146666666666667
2021-10-13 12:07:25,381 {'epoch': 87, 'lr': 0.0006129809044912885, 'train_loss': 0.0010540716895664506, 'mae': 0.19893706, 'elapsed_time': 76.86665606498718}
2021-10-13 12:07:25,562 multi task weight : 0.8160000000000001
2021-10-13 12:08:42,271 {'epoch': 88, 'lr': 0.0006053797112014735, 'train_loss': 0.0010875100322991036, 'mae': 0.21526869, 'elapsed_time': 76.88964557647705}
2021-10-13 12:08:42,444 multi task weight : 0.8173333333333334
2021-10-13 12:09:59,377 {'epoch': 89, 'lr': 0.0005977537507199336, 'train_loss': 0.00097046913819806, 'mae': 0.19299121, 'elapsed_time': 77.10511708259583}
2021-10-13 12:10:00,058 multi task weight : 0.8186666666666667
2021-10-13 12:11:17,001 {'epoch': 90, 'lr': 0.0005901049046383074, 'train_loss': 0.0010169146339315859, 'mae': 0.22562695, 'elapsed_time': 77.13966608047485}
2021-10-13 12:11:17,218 multi task weight : 0.8200000000000001
2021-10-13 12:12:34,237 {'epoch': 91, 'lr': 0.0005824350601949141, 'train_loss': 0.0014423527903583287, 'mae': 0.2040775, 'elapsed_time': 77.23458099365234}
2021-10-13 12:12:34,449 multi task weight : 0.8213333333333334
2021-10-13 12:13:51,839 {'epoch': 92, 'lr': 0.0005747461098091033, 'train_loss': 0.0009969920643301024, 'mae': 0.18894386, 'elapsed_time': 77.60211634635925}
2021-10-13 12:13:52,497 multi task weight : 0.8226666666666667
2021-10-13 12:15:09,815 {'epoch': 93, 'lr': 0.0005670399506143305, 'train_loss': 0.0009099513277500335, 'mae': 0.20283544, 'elapsed_time': 77.49461579322815}
2021-10-13 12:15:10,012 multi task weight : 0.8240000000000001
2021-10-13 12:16:27,326 {'epoch': 94, 'lr': 0.0005593184839900673, 'train_loss': 0.0009296542513718109, 'mae': 0.19065332, 'elapsed_time': 77.50983190536499}
2021-10-13 12:16:27,507 multi task weight : 0.8253333333333334
2021-10-13 12:17:44,909 {'epoch': 95, 'lr': 0.0005515836150926644, 'train_loss': 0.0008457676487165701, 'mae': 0.1830509, 'elapsed_time': 77.58269810676575}
2021-10-13 12:17:45,588 multi task weight : 0.8266666666666667
2021-10-13 12:19:02,926 {'epoch': 96, 'lr': 0.0005438372523852832, 'train_loss': 0.0008655460145277563, 'mae': 0.19277105, 'elapsed_time': 77.51324439048767}
2021-10-13 12:19:03,133 multi task weight : 0.8280000000000001
2021-10-13 12:20:20,351 {'epoch': 97, 'lr': 0.00053608130716701, 'train_loss': 0.0008694513641036134, 'mae': 0.18287352, 'elapsed_time': 77.42443585395813}
2021-10-13 12:20:21,068 multi task weight : 0.8293333333333333
2021-10-13 12:21:38,424 {'epoch': 98, 'lr': 0.0005283176931012729, 'train_loss': 0.0008113308860923455, 'mae': 0.17898957, 'elapsed_time': 77.5812783241272}
2021-10-13 12:21:39,079 multi task weight : 0.8306666666666667
2021-10-13 12:22:56,525 {'epoch': 99, 'lr': 0.0005205483257436734, 'train_loss': 0.0008306160845687012, 'mae': 0.18917811, 'elapsed_time': 77.6242904663086}
2021-10-13 12:22:56,725 multi task weight : 0.8320000000000001
2021-10-13 12:24:14,156 {'epoch': 100, 'lr': 0.0005127751220693511, 'train_loss': 0.001042926339142523, 'mae': 0.192946, 'elapsed_time': 77.63088965415955}
2021-10-13 12:24:14,358 multi task weight : 0.8333333333333333
2021-10-13 12:25:31,687 {'epoch': 101, 'lr': 0.0005049999999999998, 'train_loss': 0.0008243620433925476, 'mae': 0.1942966, 'elapsed_time': 77.53046941757202}
2021-10-13 12:25:31,863 multi task weight : 0.8346666666666667
2021-10-13 12:26:49,059 {'epoch': 102, 'lr': 0.0004972248779306486, 'train_loss': 0.0008384654176223349, 'mae': 0.18965587, 'elapsed_time': 77.3720850944519}
2021-10-13 12:26:49,233 multi task weight : 0.8360000000000001
2021-10-13 12:28:06,511 {'epoch': 103, 'lr': 0.0004894516742563262, 'train_loss': 0.0007716649793942611, 'mae': 0.18715173, 'elapsed_time': 77.45127749443054}
2021-10-13 12:28:06,697 multi task weight : 0.8373333333333333
2021-10-13 12:29:23,965 {'epoch': 104, 'lr': 0.00048168230689872663, 'train_loss': 0.0007578797021237646, 'mae': 0.1842887, 'elapsed_time': 77.45308589935303}
2021-10-13 12:29:24,216 multi task weight : 0.8386666666666667
2021-10-13 12:30:41,508 {'epoch': 105, 'lr': 0.0004739186928329896, 'train_loss': 0.0007498669426337704, 'mae': 0.18547666, 'elapsed_time': 77.5428192615509}
2021-10-13 12:30:41,688 multi task weight : 0.8400000000000001
2021-10-13 12:31:59,036 {'epoch': 106, 'lr': 0.00046616274761471655, 'train_loss': 0.0007682054695494923, 'mae': 0.17420974, 'elapsed_time': 77.52810001373291}
2021-10-13 12:31:59,700 multi task weight : 0.8413333333333333
2021-10-13 12:33:16,743 {'epoch': 107, 'lr': 0.0004584163849073352, 'train_loss': 0.000739797088579874, 'mae': 0.17897773, 'elapsed_time': 77.23611664772034}
2021-10-13 12:33:16,930 multi task weight : 0.8426666666666667
2021-10-13 12:34:33,896 {'epoch': 108, 'lr': 0.0004506815160099324, 'train_loss': 0.0007284082424184437, 'mae': 0.17617308, 'elapsed_time': 77.15230011940002}
2021-10-13 12:34:34,093 multi task weight : 0.8440000000000001
2021-10-13 12:35:51,176 {'epoch': 109, 'lr': 0.0004429600493856693, 'train_loss': 0.0007160315244422202, 'mae': 0.17557853, 'elapsed_time': 77.27961611747742}
2021-10-13 12:35:51,350 multi task weight : 0.8453333333333333
2021-10-13 12:37:08,073 {'epoch': 110, 'lr': 0.00043525389019089656, 'train_loss': 0.0007158066251613274, 'mae': 0.17880589, 'elapsed_time': 76.89690089225769}
2021-10-13 12:37:08,258 multi task weight : 0.8466666666666667
2021-10-13 12:38:24,790 {'epoch': 111, 'lr': 0.0004275649398050856, 'train_loss': 0.0007079488563865443, 'mae': 0.17545134, 'elapsed_time': 76.71623015403748}
2021-10-13 12:38:24,985 multi task weight : 0.8480000000000001
2021-10-13 12:39:41,358 {'epoch': 112, 'lr': 0.0004198950953616921, 'train_loss': 0.0006991541348866788, 'mae': 0.17346954, 'elapsed_time': 76.56769704818726}
2021-10-13 12:39:42,059 multi task weight : 0.8493333333333333
2021-10-13 12:40:58,380 {'epoch': 113, 'lr': 0.0004122462492800662, 'train_loss': 0.0007102330444248565, 'mae': 0.18138634, 'elapsed_time': 76.53115487098694}
2021-10-13 12:40:58,561 multi task weight : 0.8506666666666667
2021-10-13 12:42:15,048 {'epoch': 114, 'lr': 0.0004046202887985263, 'train_loss': 0.0007291121004708482, 'mae': 0.17953318, 'elapsed_time': 76.66768169403076}
2021-10-13 12:42:15,222 multi task weight : 0.8520000000000001
2021-10-13 12:43:31,841 {'epoch': 115, 'lr': 0.0003970190955087115, 'train_loss': 0.0006759428222292776, 'mae': 0.1728855, 'elapsed_time': 76.79281687736511}
2021-10-13 12:43:32,513 multi task weight : 0.8533333333333333
2021-10-13 12:44:49,241 {'epoch': 116, 'lr': 0.0003894445448913267, 'train_loss': 0.0006503946853294287, 'mae': 0.17063193, 'elapsed_time': 76.90692973136902}
2021-10-13 12:44:49,900 multi task weight : 0.8546666666666667
2021-10-13 12:46:06,612 {'epoch': 117, 'lr': 0.00038189850585339675, 'train_loss': 0.0006506172579702674, 'mae': 0.17115851, 'elapsed_time': 76.89431858062744}
2021-10-13 12:46:06,788 multi task weight : 0.8560000000000001
2021-10-13 12:47:23,479 {'epoch': 118, 'lr': 0.0003743828402671403, 'train_loss': 0.0006408469530527287, 'mae': 0.17067249, 'elapsed_time': 76.86621046066284}
2021-10-13 12:47:23,657 multi task weight : 0.8573333333333333
2021-10-13 12:48:40,245 {'epoch': 119, 'lr': 0.0003668994025105814, 'train_loss': 0.0006426890937375699, 'mae': 0.16933541, 'elapsed_time': 76.76576066017151}
2021-10-13 12:48:40,897 multi task weight : 0.8586666666666667
2021-10-13 12:49:57,374 {'epoch': 120, 'lr': 0.00035945003901000945, 'train_loss': 0.0006826631170608019, 'mae': 0.17029898, 'elapsed_time': 76.65932178497314}
2021-10-13 12:49:57,544 multi task weight : 0.8600000000000001
2021-10-13 12:51:13,884 {'epoch': 121, 'lr': 0.00035203658778440103, 'train_loss': 0.0006709569480672548, 'mae': 0.17424192, 'elapsed_time': 76.50875496864319}
2021-10-13 12:51:14,062 multi task weight : 0.8613333333333333
2021-10-13 12:52:30,641 {'epoch': 122, 'lr': 0.0003446608779919159, 'train_loss': 0.0007260768866256581, 'mae': 0.17498961, 'elapsed_time': 76.75654196739197}
2021-10-13 12:52:30,814 multi task weight : 0.8626666666666667
2021-10-13 12:53:47,216 {'epoch': 123, 'lr': 0.00033732472947858063, 'train_loss': 0.0006063432973976796, 'mae': 0.17066617, 'elapsed_time': 76.57500195503235}
2021-10-13 12:53:47,396 multi task weight : 0.864
2021-10-13 12:55:03,898 {'epoch': 124, 'lr': 0.00033002995232926766, 'train_loss': 0.0005978828383087519, 'mae': 0.17317508, 'elapsed_time': 76.6811056137085}
2021-10-13 12:55:04,097 multi task weight : 0.8653333333333333
2021-10-13 12:56:21,036 {'epoch': 125, 'lr': 0.0003227783464210844, 'train_loss': 0.0005856684264662133, 'mae': 0.16872945, 'elapsed_time': 77.13842940330505}
2021-10-13 12:56:21,692 multi task weight : 0.8666666666666666
2021-10-13 12:57:39,056 {'epoch': 126, 'lr': 0.00031557170097928054, 'train_loss': 0.0005757637173208951, 'mae': 0.16558848, 'elapsed_time': 77.53965187072754}
2021-10-13 12:57:39,698 multi task weight : 0.868
2021-10-13 12:58:56,690 {'epoch': 127, 'lr': 0.0003084117941357834, 'train_loss': 0.0005856489049205328, 'mae': 0.17595929, 'elapsed_time': 77.15889716148376}
2021-10-13 12:58:56,859 multi task weight : 0.8693333333333333
2021-10-13 13:00:14,149 {'epoch': 128, 'lr': 0.00030130039249047106, 'train_loss': 0.0005748265241430128, 'mae': 0.16705845, 'elapsed_time': 77.45856261253357}
2021-10-13 13:00:14,348 multi task weight : 0.8706666666666667
2021-10-13 13:01:31,444 {'epoch': 129, 'lr': 0.00029423925067528897, 'train_loss': 0.0005604856011239877, 'mae': 0.16427451, 'elapsed_time': 77.29463267326355}
2021-10-13 13:01:32,103 multi task weight : 0.872
2021-10-13 13:02:49,230 {'epoch': 130, 'lr': 0.0002872301109213219, 'train_loss': 0.0005514732194784227, 'mae': 0.16458568, 'elapsed_time': 77.29843640327454}
2021-10-13 13:02:49,410 multi task weight : 0.8733333333333333
2021-10-13 13:04:06,488 {'epoch': 131, 'lr': 0.0002802747026289243, 'train_loss': 0.0005388141704156669, 'mae': 0.16490844, 'elapsed_time': 77.2573983669281}
2021-10-13 13:04:06,660 multi task weight : 0.8746666666666667
2021-10-13 13:05:23,954 {'epoch': 132, 'lr': 0.00027337474194101617, 'train_loss': 0.0005369237865425642, 'mae': 0.16366148, 'elapsed_time': 77.46593642234802}
2021-10-13 13:05:24,620 multi task weight : 0.876
2021-10-13 13:06:41,596 {'epoch': 133, 'lr': 0.00026653193131965077, 'train_loss': 0.0005294249035082289, 'mae': 0.16335684, 'elapsed_time': 77.14811587333679}
2021-10-13 13:06:42,271 multi task weight : 0.8773333333333333
2021-10-13 13:07:59,224 {'epoch': 134, 'lr': 0.00025974795912595813, 'train_loss': 0.0005257810602387978, 'mae': 0.16590706, 'elapsed_time': 77.15268921852112}
2021-10-13 13:07:59,417 multi task weight : 0.8786666666666667
2021-10-13 13:09:16,072 {'epoch': 135, 'lr': 0.0002530244992035661, 'train_loss': 0.0005206286307915581, 'mae': 0.16450737, 'elapsed_time': 76.84764623641968}
2021-10-13 13:09:16,258 multi task weight : 0.88
2021-10-13 13:10:32,969 {'epoch': 136, 'lr': 0.00024636321046560527, 'train_loss': 0.000511511893680034, 'mae': 0.16346456, 'elapsed_time': 76.89623141288757}
2021-10-13 13:10:33,150 multi task weight : 0.8813333333333333
2021-10-13 13:11:50,165 {'epoch': 137, 'lr': 0.00023976573648539645, 'train_loss': 0.0005124462477127159, 'mae': 0.16238849, 'elapsed_time': 77.19511413574219}
2021-10-13 13:11:50,826 multi task weight : 0.8826666666666667
2021-10-13 13:13:07,796 {'epoch': 138, 'lr': 0.00023323370509092462, 'train_loss': 0.0004974640632446946, 'mae': 0.16410094, 'elapsed_time': 77.1473536491394}
2021-10-13 13:13:07,977 multi task weight : 0.884
2021-10-13 13:14:25,188 {'epoch': 139, 'lr': 0.00022676872796319523, 'train_loss': 0.0004895121543597235, 'mae': 0.16158022, 'elapsed_time': 77.39235186576843}
2021-10-13 13:14:25,848 multi task weight : 0.8853333333333333
2021-10-13 13:15:43,275 {'epoch': 140, 'lr': 0.00022037240023857702, 'train_loss': 0.00048496109940175826, 'mae': 0.16204828, 'elapsed_time': 77.61118197441101}
2021-10-13 13:15:43,453 multi task weight : 0.8866666666666667
2021-10-13 13:17:00,818 {'epoch': 141, 'lr': 0.00021404630011522577, 'train_loss': 0.00047650932537415233, 'mae': 0.16332683, 'elapsed_time': 77.54259324073792}
2021-10-13 13:17:01,041 multi task weight : 0.888
2021-10-13 13:18:18,133 {'epoch': 142, 'lr': 0.00020779198846368737, 'train_loss': 0.0004665416504291606, 'mae': 0.16346185, 'elapsed_time': 77.31467604637146}
2021-10-13 13:18:18,306 multi task weight : 0.8893333333333333
2021-10-13 13:19:34,929 {'epoch': 143, 'lr': 0.0002016110084417765, 'train_loss': 0.00046387216899571157, 'mae': 0.16150579, 'elapsed_time': 76.79515933990479}
2021-10-13 13:19:35,584 multi task weight : 0.8906666666666667
2021-10-13 13:20:52,350 {'epoch': 144, 'lr': 0.00019550488511382584, 'train_loss': 0.00045550991129932457, 'mae': 0.1618089, 'elapsed_time': 76.93358707427979}
2021-10-13 13:20:52,526 multi task weight : 0.892
2021-10-13 13:22:09,278 {'epoch': 145, 'lr': 0.00018947512507439847, 'train_loss': 0.0004527991486995958, 'mae': 0.16272135, 'elapsed_time': 76.92807960510254}
2021-10-13 13:22:09,446 multi task weight : 0.8933333333333333
2021-10-13 13:23:26,452 {'epoch': 146, 'lr': 0.00018352321607655904, 'train_loss': 0.0004443438114528035, 'mae': 0.1621292, 'elapsed_time': 77.17334771156311}
2021-10-13 13:23:26,636 multi task weight : 0.8946666666666667
2021-10-13 13:24:43,397 {'epoch': 147, 'lr': 0.0001776506266647923, 'train_loss': 0.00044208055848442144, 'mae': 0.16047488, 'elapsed_time': 76.94401216506958}
2021-10-13 13:24:44,045 multi task weight : 0.896
2021-10-13 13:26:00,576 {'epoch': 148, 'lr': 0.00017185880581266206, 'train_loss': 0.00043310805620728067, 'mae': 0.16135727, 'elapsed_time': 76.70306873321533}
2021-10-13 13:26:00,783 multi task weight : 0.8973333333333333
2021-10-13 13:27:17,570 {'epoch': 149, 'lr': 0.000166149182565299, 'train_loss': 0.0004266685570452567, 'mae': 0.16052245, 'elapsed_time': 76.99339413642883}
2021-10-13 13:27:17,746 multi task weight : 0.8986666666666667
2021-10-13 13:28:34,564 {'epoch': 150, 'lr': 0.00016052316568680435, 'train_loss': 0.00042115966650559225, 'mae': 0.16024855, 'elapsed_time': 76.99401664733887}
2021-10-13 13:28:35,228 multi task weight : 0.9
2021-10-13 13:29:51,969 {'epoch': 151, 'lr': 0.00015498214331265893, 'train_loss': 0.00041549767165724373, 'mae': 0.16056658, 'elapsed_time': 76.91718101501465}
2021-10-13 13:29:52,171 multi task weight : 0.9
2021-10-13 13:31:09,023 {'epoch': 152, 'lr': 0.0001495274826072215, 'train_loss': 0.0004094756592245312, 'mae': 0.16037191, 'elapsed_time': 77.0539915561676}
2021-10-13 13:31:09,221 multi task weight : 0.9
2021-10-13 13:32:26,154 {'epoch': 153, 'lr': 0.00014416052942640132, 'train_loss': 0.00040029369743949453, 'mae': 0.16073631, 'elapsed_time': 77.1303141117096}
2021-10-13 13:32:26,366 multi task weight : 0.9
2021-10-13 13:33:43,370 {'epoch': 154, 'lr': 0.0001388826079855881, 'train_loss': 0.0003978270389919766, 'mae': 0.16033404, 'elapsed_time': 77.21513199806213}
2021-10-13 13:33:43,551 multi task weight : 0.9
2021-10-13 13:35:00,622 {'epoch': 155, 'lr': 0.00013369502053292245, 'train_loss': 0.0003931280599525624, 'mae': 0.15977417, 'elapsed_time': 77.25146555900574}
2021-10-13 13:35:01,291 multi task weight : 0.9
2021-10-13 13:36:18,104 {'epoch': 156, 'lr': 0.00012859904702798464, 'train_loss': 0.00038749786325890234, 'mae': 0.15967213, 'elapsed_time': 76.98745107650757}
2021-10-13 13:36:18,814 multi task weight : 0.9
2021-10-13 13:37:35,653 {'epoch': 157, 'lr': 0.00012359594482598432, 'train_loss': 0.00038062839178187, 'mae': 0.15915826, 'elapsed_time': 77.04919719696045}
2021-10-13 13:37:36,323 multi task weight : 0.9
2021-10-13 13:38:53,096 {'epoch': 158, 'lr': 0.00011868694836752681, 'train_loss': 0.0003763691624632689, 'mae': 0.15913165, 'elapsed_time': 76.95296144485474}
2021-10-13 13:38:53,756 multi task weight : 0.9
2021-10-13 13:40:10,621 {'epoch': 159, 'lr': 0.0001138732688740332, 'train_loss': 0.0003703221270161563, 'mae': 0.15902285, 'elapsed_time': 77.049565076828}
2021-10-13 13:40:11,289 multi task weight : 0.9
2021-10-13 13:41:28,162 {'epoch': 160, 'lr': 0.00010915609404889012, 'train_loss': 0.0003681092839651032, 'mae': 0.1592943, 'elapsed_time': 77.04933834075928}
2021-10-13 13:41:28,384 multi task weight : 0.9
2021-10-13 13:42:45,687 {'epoch': 161, 'lr': 0.00010453658778440103, 'train_loss': 0.00036331516467750743, 'mae': 0.1589757, 'elapsed_time': 77.5253357887268}
2021-10-13 13:42:46,348 multi task weight : 0.9
2021-10-13 13:44:03,619 {'epoch': 162, 'lr': 0.00010001588987461343, 'train_loss': 0.0003594114998141964, 'mae': 0.15860364, 'elapsed_time': 77.44271850585938}
2021-10-13 13:44:04,273 multi task weight : 0.9
2021-10-13 13:45:20,737 {'epoch': 163, 'lr': 9.559511573409192e-05, 'train_loss': 0.00035406041673135885, 'mae': 0.15892436, 'elapsed_time': 76.63656616210938}
2021-10-13 13:45:20,918 multi task weight : 0.9
2021-10-13 13:46:37,511 {'epoch': 164, 'lr': 9.12753561227063e-05, 'train_loss': 0.00035063298943719773, 'mae': 0.15892413, 'elapsed_time': 76.77360582351685}
2021-10-13 13:46:37,686 multi task weight : 0.9
2021-10-13 13:47:54,248 {'epoch': 165, 'lr': 8.705767687650262e-05, 'train_loss': 0.0003464629508880806, 'mae': 0.15906711, 'elapsed_time': 76.73644590377808}
2021-10-13 13:47:54,475 multi task weight : 0.9
2021-10-13 13:49:11,123 {'epoch': 166, 'lr': 8.294311864472445e-05, 'train_loss': 0.0003424800519514866, 'mae': 0.1590315, 'elapsed_time': 76.87440991401672}
2021-10-13 13:49:11,312 multi task weight : 0.9
2021-10-13 13:50:27,817 {'epoch': 167, 'lr': 7.89326966330478e-05, 'train_loss': 0.0003389009090005917, 'mae': 0.15873009, 'elapsed_time': 76.69416284561157}
2021-10-13 13:50:27,993 multi task weight : 0.9
2021-10-13 13:51:44,651 {'epoch': 168, 'lr': 7.502740035309526e-05, 'train_loss': 0.0003353233568276531, 'mae': 0.15827152, 'elapsed_time': 76.833664894104}
2021-10-13 13:51:45,345 multi task weight : 0.9
2021-10-13 13:53:02,000 {'epoch': 169, 'lr': 7.12281933782875e-05, 'train_loss': 0.00033126703838122214, 'mae': 0.15844652, 'elapsed_time': 76.8556056022644}
2021-10-13 13:53:02,180 multi task weight : 0.9
2021-10-13 13:54:19,219 {'epoch': 170, 'lr': 6.75360131060967e-05, 'train_loss': 0.00032789957931177594, 'mae': 0.15838814, 'elapsed_time': 77.21928524971008}
2021-10-13 13:54:19,402 multi task weight : 0.9
2021-10-13 13:55:36,461 {'epoch': 171, 'lr': 6.395177052675792e-05, 'train_loss': 0.0003245619808263815, 'mae': 0.1585756, 'elapsed_time': 77.24104356765747}
2021-10-13 13:55:36,679 multi task weight : 0.9
2021-10-13 13:56:53,261 {'epoch': 172, 'lr': 6.047634999849528e-05, 'train_loss': 0.00032129851055706155, 'mae': 0.15862028, 'elapsed_time': 76.79974484443665}
2021-10-13 13:56:53,435 multi task weight : 0.9
2021-10-13 13:58:10,078 {'epoch': 173, 'lr': 5.711060902932039e-05, 'train_loss': 0.00031873498116900703, 'mae': 0.1587035, 'elapsed_time': 76.81613564491272}
2021-10-13 13:58:10,275 multi task weight : 0.9
2021-10-13 13:59:26,755 {'epoch': 174, 'lr': 5.385537806545467e-05, 'train_loss': 0.0003164838843363614, 'mae': 0.15829897, 'elapsed_time': 76.67711734771729}
2021-10-13 13:59:26,966 multi task weight : 0.9
2021-10-13 14:00:43,776 {'epoch': 175, 'lr': 5.0711460286429424e-05, 'train_loss': 0.0003140106105978241, 'mae': 0.15816092, 'elapsed_time': 77.0204246044159}
2021-10-13 14:00:44,466 multi task weight : 0.9
2021-10-13 14:02:01,463 {'epoch': 176, 'lr': 4.767963140691315e-05, 'train_loss': 0.0003103372990848056, 'mae': 0.15821026, 'elapsed_time': 77.1958281993866}
2021-10-13 14:02:01,676 multi task weight : 0.9
2021-10-13 14:03:18,676 {'epoch': 177, 'lr': 4.4760639485315563e-05, 'train_loss': 0.0003081463074288161, 'mae': 0.15840517, 'elapsed_time': 77.21227717399597}
2021-10-13 14:03:18,857 multi task weight : 0.9
2021-10-13 14:04:35,867 {'epoch': 178, 'lr': 4.195520473921563e-05, 'train_loss': 0.00030579651688022514, 'mae': 0.15830667, 'elapsed_time': 77.19032216072083}
2021-10-13 14:04:36,044 multi task weight : 0.9
2021-10-13 14:05:52,936 {'epoch': 179, 'lr': 3.9264019367658385e-05, 'train_loss': 0.0003037567425709319, 'mae': 0.15830258, 'elapsed_time': 77.06850337982178}
2021-10-13 14:05:53,130 multi task weight : 0.9
2021-10-13 14:07:10,037 {'epoch': 180, 'lr': 3.6687747380365064e-05, 'train_loss': 0.00030152269350852375, 'mae': 0.1583154, 'elapsed_time': 77.10014629364014}
2021-10-13 14:07:10,206 multi task weight : 0.9
2021-10-13 14:08:27,167 {'epoch': 181, 'lr': 3.422702443389899e-05, 'train_loss': 0.00030008547435125187, 'mae': 0.15839182, 'elapsed_time': 77.12966203689575}
2021-10-13 14:08:27,341 multi task weight : 0.9
2021-10-13 14:09:43,973 {'epoch': 182, 'lr': 3.188245767482658e-05, 'train_loss': 0.0002981430074512327, 'mae': 0.1581836, 'elapsed_time': 76.80621361732483}
2021-10-13 14:09:44,153 multi task weight : 0.9
2021-10-13 14:11:00,936 {'epoch': 183, 'lr': 2.965462558991323e-05, 'train_loss': 0.0002958748347050035, 'mae': 0.15829372, 'elapsed_time': 76.96261167526245}
2021-10-13 14:11:01,130 multi task weight : 0.9
2021-10-13 14:12:17,928 {'epoch': 184, 'lr': 2.7544077863390004e-05, 'train_loss': 0.0002946175591658487, 'mae': 0.15819773, 'elapsed_time': 76.99157619476318}
2021-10-13 14:12:18,134 multi task weight : 0.9
2021-10-13 14:13:35,199 {'epoch': 185, 'lr': 2.5551335241327672e-05, 'train_loss': 0.0002930924216454455, 'mae': 0.15827107, 'elapsed_time': 77.26962852478027}
2021-10-13 14:13:35,384 multi task weight : 0.9
2021-10-13 14:14:52,548 {'epoch': 186, 'lr': 2.367688940315011e-05, 'train_loss': 0.00029153533037961754, 'mae': 0.1581911, 'elapsed_time': 77.34907627105713}
2021-10-13 14:14:52,729 multi task weight : 0.9
2021-10-13 14:16:09,896 {'epoch': 187, 'lr': 2.1921202840320077e-05, 'train_loss': 0.00029003273379711857, 'mae': 0.15823671, 'elapsed_time': 77.3477988243103}
2021-10-13 14:16:10,089 multi task weight : 0.9
2021-10-13 14:17:26,995 {'epoch': 188, 'lr': 2.0284708742225903e-05, 'train_loss': 0.0002890287149226018, 'mae': 0.15818426, 'elapsed_time': 77.09814405441284}
2021-10-13 14:17:27,174 multi task weight : 0.9
2021-10-13 14:18:43,920 {'epoch': 189, 'lr': 1.8767810889299086e-05, 'train_loss': 0.00028764436976839726, 'mae': 0.15810265, 'elapsed_time': 76.92488884925842}
2021-10-13 14:18:44,610 multi task weight : 0.9
2021-10-13 14:20:01,392 {'epoch': 190, 'lr': 1.7370883553386936e-05, 'train_loss': 0.0002865285685161256, 'mae': 0.1581863, 'elapsed_time': 76.97214198112488}
2021-10-13 14:20:01,558 multi task weight : 0.9
2021-10-13 14:21:18,715 {'epoch': 191, 'lr': 1.6094271405406862e-05, 'train_loss': 0.0002855034589500835, 'mae': 0.15813653, 'elapsed_time': 77.32245683670044}
2021-10-13 14:21:18,911 multi task weight : 0.9
2021-10-13 14:22:36,139 {'epoch': 192, 'lr': 1.4938289430304022e-05, 'train_loss': 0.00028477677954465765, 'mae': 0.15816434, 'elapsed_time': 77.42359328269958}
2021-10-13 14:22:36,327 multi task weight : 0.9
2021-10-13 14:23:53,308 {'epoch': 193, 'lr': 1.3903222849333509e-05, 'train_loss': 0.0002838800526412316, 'mae': 0.15823859, 'elapsed_time': 77.16881203651428}
2021-10-13 14:23:53,482 multi task weight : 0.9
2021-10-13 14:25:10,553 {'epoch': 194, 'lr': 1.2989327049686102e-05, 'train_loss': 0.0002831462309668007, 'mae': 0.15817165, 'elapsed_time': 77.24468636512756}
2021-10-13 14:25:10,728 multi task weight : 0.9
2021-10-13 14:26:27,536 {'epoch': 195, 'lr': 1.2196827521475404e-05, 'train_loss': 0.0002824567397223197, 'mae': 0.15821896, 'elapsed_time': 76.98281836509705}
2021-10-13 14:26:27,739 multi task weight : 0.9
2021-10-13 14:27:44,619 {'epoch': 196, 'lr': 1.152591980210166e-05, 'train_loss': 0.0002817311218333035, 'mae': 0.15810345, 'elapsed_time': 77.08202290534973}
2021-10-13 14:27:44,796 multi task weight : 0.9
2021-10-13 14:29:01,779 {'epoch': 197, 'lr': 1.097676942800558e-05, 'train_loss': 0.0002811984304706532, 'mae': 0.15810971, 'elapsed_time': 77.1597261428833}
2021-10-13 14:29:01,964 multi task weight : 0.9
2021-10-13 14:30:19,029 {'epoch': 198, 'lr': 1.0549511893824899e-05, 'train_loss': 0.00028057043175870334, 'mae': 0.15815443, 'elapsed_time': 77.24972367286682}
2021-10-13 14:30:19,222 multi task weight : 0.9
2021-10-13 14:31:36,139 {'epoch': 199, 'lr': 1.0244252618962858e-05, 'train_loss': 0.00028023856282826683, 'mae': 0.15818772, 'elapsed_time': 77.10924291610718}
2021-10-13 14:31:36,331 multi task weight : 0.9
2021-10-13 14:32:53,408 {'epoch': 200, 'lr': 1.006106692157801e-05, 'train_loss': 0.00027979330679388177, 'mae': 0.15820873, 'elapsed_time': 77.26886248588562}
2021-10-13 14:33:36,979 Total CV: 0.15810264647006989
