2021-10-10 03:43:37,776 Fold 0
2021-10-10 03:43:41,204 train run device : cuda:0
2021-10-10 03:45:20,476 {'epoch': 1, 'lr': 0.001, 'train_loss': 0.013738308708702514, 'mae': 1.2850939, 'elapsed_time': 77.54018139839172}
2021-10-10 03:46:39,338 {'epoch': 2, 'lr': 0.000999938933078422, 'train_loss': 0.004596650088421946, 'mae': 1.0874306, 'elapsed_time': 78.41866183280945}
2021-10-10 03:47:58,741 {'epoch': 3, 'lr': 0.000999755747381037, 'train_loss': 0.004005803440366066, 'mae': 0.96820545, 'elapsed_time': 78.9281485080719}
2021-10-10 03:49:17,581 {'epoch': 4, 'lr': 0.000999450488106175, 'train_loss': 0.00352611186993762, 'mae': 0.7792503, 'elapsed_time': 78.35985493659973}
2021-10-10 03:50:36,673 {'epoch': 5, 'lr': 0.0009990232305719944, 'train_loss': 0.0031790848631310575, 'mae': 0.8104488, 'elapsed_time': 78.61458659172058}
2021-10-10 03:51:55,487 {'epoch': 6, 'lr': 0.0009984740801978983, 'train_loss': 0.0029107988300388263, 'mae': 0.6889929, 'elapsed_time': 78.81374192237854}
2021-10-10 03:53:14,615 {'epoch': 7, 'lr': 0.0009978031724785245, 'train_loss': 0.002694348505074177, 'mae': 0.5641612, 'elapsed_time': 78.6409375667572}
2021-10-10 03:54:34,016 {'epoch': 8, 'lr': 0.000997010672950314, 'train_loss': 0.002616880872614578, 'mae': 0.5473643, 'elapsed_time': 78.9169328212738}
2021-10-10 03:55:53,095 {'epoch': 9, 'lr': 0.0009960967771506664, 'train_loss': 0.002525627864382771, 'mae': 0.52435, 'elapsed_time': 78.59320449829102}
2021-10-10 03:57:11,968 {'epoch': 10, 'lr': 0.0009950617105696957, 'train_loss': 0.002465322512498828, 'mae': 0.49039513, 'elapsed_time': 78.38550591468811}
2021-10-10 03:58:31,433 {'epoch': 11, 'lr': 0.0009939057285945929, 'train_loss': 0.00236310843425211, 'mae': 0.4928897, 'elapsed_time': 78.97915768623352}
2021-10-10 03:59:49,984 {'epoch': 12, 'lr': 0.0009926291164466126, 'train_loss': 0.002307543112859969, 'mae': 0.46863204, 'elapsed_time': 78.55057311058044}
2021-10-10 04:01:09,274 {'epoch': 13, 'lr': 0.0009912321891107005, 'train_loss': 0.0022220268386377254, 'mae': 0.4530721, 'elapsed_time': 78.78945422172546}
2021-10-10 04:02:28,525 {'epoch': 14, 'lr': 0.0009897152912577737, 'train_loss': 0.0022161273459790952, 'mae': 0.45781812, 'elapsed_time': 78.78115820884705}
2021-10-10 04:03:47,208 {'epoch': 15, 'lr': 0.0009880787971596797, 'train_loss': 0.00217742032394297, 'mae': 0.49705768, 'elapsed_time': 78.68207478523254}
2021-10-10 04:05:05,838 {'epoch': 16, 'lr': 0.0009863231105968495, 'train_loss': 0.0021233336045854215, 'mae': 0.4345782, 'elapsed_time': 78.62955117225647}
2021-10-10 04:06:24,817 {'epoch': 17, 'lr': 0.000984448664758672, 'train_loss': 0.0021934378354003525, 'mae': 0.5026427, 'elapsed_time': 78.49048638343811}
2021-10-10 04:07:43,570 {'epoch': 18, 'lr': 0.0009824559221366096, 'train_loss': 0.00211699471183768, 'mae': 0.4573776, 'elapsed_time': 78.75223398208618}
2021-10-10 04:09:02,110 {'epoch': 19, 'lr': 0.0009803453744100864, 'train_loss': 0.002225881864577828, 'mae': 0.44314143, 'elapsed_time': 78.53968667984009}
2021-10-10 04:10:20,708 {'epoch': 20, 'lr': 0.0009781175423251728, 'train_loss': 0.0020912600546640777, 'mae': 0.5304735, 'elapsed_time': 78.59796190261841}
2021-10-10 04:11:39,145 {'epoch': 21, 'lr': 0.0009757729755661004, 'train_loss': 0.002586440718316179, 'mae': 0.47822335, 'elapsed_time': 78.43610739707947}
2021-10-10 04:12:57,295 {'epoch': 22, 'lr': 0.0009733122526196342, 'train_loss': 0.0020788170686121253, 'mae': 0.3617511, 'elapsed_time': 78.14971423149109}
2021-10-10 04:14:15,509 {'epoch': 23, 'lr': 0.000970735980632341, 'train_loss': 0.0020818332482976103, 'mae': 0.5515309, 'elapsed_time': 77.74195599555969}
2021-10-10 04:15:33,825 {'epoch': 24, 'lr': 0.0009680447952607838, 'train_loss': 0.0019611222199192105, 'mae': 0.36847562, 'elapsed_time': 78.3154821395874}
2021-10-10 04:16:52,188 {'epoch': 25, 'lr': 0.0009652393605146839, 'train_loss': 0.0019398341660194637, 'mae': 0.36914888, 'elapsed_time': 78.3620970249176}
2021-10-10 04:18:10,612 {'epoch': 26, 'lr': 0.0009623203685930864, 'train_loss': 0.0018440205954395436, 'mae': 0.4199543, 'elapsed_time': 78.42345571517944}
2021-10-10 04:19:29,294 {'epoch': 27, 'lr': 0.00095928853971357, 'train_loss': 0.001805979555819586, 'mae': 0.33214885, 'elapsed_time': 78.68204307556152}
2021-10-10 04:20:48,241 {'epoch': 28, 'lr': 0.0009561446219345448, 'train_loss': 0.0018202734063148024, 'mae': 0.34856266, 'elapsed_time': 78.4543046951294}
2021-10-10 04:22:07,050 {'epoch': 29, 'lr': 0.0009528893909706791, 'train_loss': 0.0018728220345288259, 'mae': 0.4784325, 'elapsed_time': 78.80847692489624}
2021-10-10 04:23:26,441 {'epoch': 30, 'lr': 0.0009495236500015041, 'train_loss': 0.001819241488805427, 'mae': 0.2954557, 'elapsed_time': 79.39080810546875}
2021-10-10 04:24:46,254 {'epoch': 31, 'lr': 0.0009460482294732414, 'train_loss': 0.001761373715330782, 'mae': 0.4736014, 'elapsed_time': 79.31638264656067}
2021-10-10 04:26:05,807 {'epoch': 32, 'lr': 0.0009424639868939027, 'train_loss': 0.002034465405001318, 'mae': 0.40818524, 'elapsed_time': 79.55270028114319}
2021-10-10 04:27:25,324 {'epoch': 33, 'lr': 0.0009387718066217117, 'train_loss': 0.0017583682678881823, 'mae': 0.3710187, 'elapsed_time': 79.51654171943665}
2021-10-10 04:28:44,642 {'epoch': 34, 'lr': 0.000934972599646904, 'train_loss': 0.0016603458082739132, 'mae': 0.2948558, 'elapsed_time': 79.3174614906311}
2021-10-10 04:30:04,368 {'epoch': 35, 'lr': 0.0009310673033669515, 'train_loss': 0.0019553581081118467, 'mae': 0.39840665, 'elapsed_time': 79.23388981819153}
2021-10-10 04:31:23,603 {'epoch': 36, 'lr': 0.0009270568813552751, 'train_loss': 0.0017700516393518036, 'mae': 0.2958315, 'elapsed_time': 79.23451662063599}
2021-10-10 04:32:42,688 {'epoch': 37, 'lr': 0.0009229423231234969, 'train_loss': 0.001713156356982951, 'mae': 0.31288266, 'elapsed_time': 79.08464217185974}
2021-10-10 04:34:01,559 {'epoch': 38, 'lr': 0.0009187246438772933, 'train_loss': 0.0015880524736907485, 'mae': 0.3118795, 'elapsed_time': 78.8704149723053}
2021-10-10 04:35:20,414 {'epoch': 39, 'lr': 0.0009144048842659075, 'train_loss': 0.0016011717468203891, 'mae': 0.28291854, 'elapsed_time': 78.85469794273376}
2021-10-10 04:36:39,717 {'epoch': 40, 'lr': 0.0009099841101253861, 'train_loss': 0.00151620810126887, 'mae': 0.28810635, 'elapsed_time': 78.79346776008606}
2021-10-10 04:37:58,883 {'epoch': 41, 'lr': 0.0009054634122155986, 'train_loss': 0.0016159121334710764, 'mae': 0.27809379, 'elapsed_time': 79.16622424125671}
2021-10-10 04:39:18,630 {'epoch': 42, 'lr': 0.0009008439059511095, 'train_loss': 0.0015260068935479764, 'mae': 0.31735504, 'elapsed_time': 79.26397323608398}
2021-10-10 04:40:37,579 {'epoch': 43, 'lr': 0.0008961267311259662, 'train_loss': 0.0014987639048444743, 'mae': 0.2717626, 'elapsed_time': 78.94937443733215}
2021-10-10 04:41:57,080 {'epoch': 44, 'lr': 0.0008913130516324728, 'train_loss': 0.0017310392760811774, 'mae': 0.2957689, 'elapsed_time': 78.99917197227478}
2021-10-10 04:43:15,752 {'epoch': 45, 'lr': 0.0008864040551740152, 'train_loss': 0.0014531446888677484, 'mae': 0.27481735, 'elapsed_time': 78.67114853858948}
2021-10-10 04:44:35,091 {'epoch': 46, 'lr': 0.000881400952972015, 'train_loss': 0.0014439457680627634, 'mae': 0.2543804, 'elapsed_time': 79.33900856971741}
2021-10-10 04:45:54,907 {'epoch': 47, 'lr': 0.0008763049794670771, 'train_loss': 0.0015314995654969123, 'mae': 0.24536166, 'elapsed_time': 79.3036150932312}
2021-10-10 04:47:14,668 {'epoch': 48, 'lr': 0.0008711173920144113, 'train_loss': 0.001566343145744938, 'mae': 0.29758543, 'elapsed_time': 79.26239538192749}
2021-10-10 04:48:33,950 {'epoch': 49, 'lr': 0.0008658394705735983, 'train_loss': 0.0014378547789424046, 'mae': 0.24221756, 'elapsed_time': 79.28154611587524}
2021-10-10 04:49:53,387 {'epoch': 50, 'lr': 0.0008604725173927781, 'train_loss': 0.0013971852994048098, 'mae': 0.28255242, 'elapsed_time': 78.91643452644348}
2021-10-10 04:51:12,779 {'epoch': 51, 'lr': 0.0008550178566873405, 'train_loss': 0.0013353873113376403, 'mae': 0.23878807, 'elapsed_time': 79.39105987548828}
2021-10-10 04:52:32,644 {'epoch': 52, 'lr': 0.0008494768343131951, 'train_loss': 0.0013618178478015661, 'mae': 0.23959671, 'elapsed_time': 79.35533738136292}
2021-10-10 04:53:51,407 {'epoch': 53, 'lr': 0.0008438508174347005, 'train_loss': 0.0014553155182231887, 'mae': 0.25015807, 'elapsed_time': 78.76241517066956}
2021-10-10 04:55:10,875 {'epoch': 54, 'lr': 0.0008381411941873374, 'train_loss': 0.001322891418263563, 'mae': 0.25464633, 'elapsed_time': 79.46815514564514}
2021-10-10 04:56:30,124 {'epoch': 55, 'lr': 0.0008323493733352073, 'train_loss': 0.0013511761778569364, 'mae': 0.2426063, 'elapsed_time': 79.24839496612549}
2021-10-10 04:57:49,572 {'epoch': 56, 'lr': 0.0008264767839234405, 'train_loss': 0.0013348921106460475, 'mae': 0.22952567, 'elapsed_time': 79.44746398925781}
2021-10-10 04:59:08,763 {'epoch': 57, 'lr': 0.000820524874925601, 'train_loss': 0.0012443821245250203, 'mae': 0.21586406, 'elapsed_time': 78.71252250671387}
2021-10-10 05:00:28,307 {'epoch': 58, 'lr': 0.0008144951148861737, 'train_loss': 0.0012290204179610852, 'mae': 0.2288834, 'elapsed_time': 79.05678009986877}
2021-10-10 05:01:47,295 {'epoch': 59, 'lr': 0.0008083889915582231, 'train_loss': 0.0012876860696187946, 'mae': 0.26041213, 'elapsed_time': 78.98715853691101}
2021-10-10 05:03:06,175 {'epoch': 60, 'lr': 0.0008022080115363123, 'train_loss': 0.0012926369231512722, 'mae': 0.22377074, 'elapsed_time': 78.87935781478882}
2021-10-10 05:04:25,159 {'epoch': 61, 'lr': 0.0007959536998847739, 'train_loss': 0.0011865874015491004, 'mae': 0.23868702, 'elapsed_time': 78.98387813568115}
2021-10-10 05:05:44,007 {'epoch': 62, 'lr': 0.0007896275997614226, 'train_loss': 0.0012596919726533477, 'mae': 0.23430994, 'elapsed_time': 78.84778833389282}
2021-10-10 05:07:02,372 {'epoch': 63, 'lr': 0.0007832312720368044, 'train_loss': 0.0011885172073378162, 'mae': 0.22538067, 'elapsed_time': 78.36500072479248}
2021-10-10 05:08:21,104 {'epoch': 64, 'lr': 0.0007767662949090749, 'train_loss': 0.0012976084037815364, 'mae': 0.2682178, 'elapsed_time': 78.73150873184204}
2021-10-10 05:09:40,106 {'epoch': 65, 'lr': 0.000770234263514603, 'train_loss': 0.0012213121754017944, 'mae': 0.21407536, 'elapsed_time': 79.00070858001709}
2021-10-10 05:10:59,527 {'epoch': 66, 'lr': 0.0007636367895343944, 'train_loss': 0.0013001425376913656, 'mae': 0.26181605, 'elapsed_time': 78.92522978782654}
2021-10-10 05:12:18,230 {'epoch': 67, 'lr': 0.0007569755007964335, 'train_loss': 0.0014716502288918056, 'mae': 0.21935163, 'elapsed_time': 78.70268535614014}
2021-10-10 05:13:36,783 {'epoch': 68, 'lr': 0.0007502520408740415, 'train_loss': 0.0011662088295060961, 'mae': 0.21800193, 'elapsed_time': 78.55310702323914}
2021-10-10 05:14:55,453 {'epoch': 69, 'lr': 0.0007434680686803488, 'train_loss': 0.0011028423090696808, 'mae': 0.24066067, 'elapsed_time': 78.6693696975708}
2021-10-10 05:16:13,941 {'epoch': 70, 'lr': 0.0007366252580589837, 'train_loss': 0.001133504257376341, 'mae': 0.21530947, 'elapsed_time': 78.4868860244751}
2021-10-10 05:17:32,441 {'epoch': 71, 'lr': 0.0007297252973710754, 'train_loss': 0.001066387241435928, 'mae': 0.21175298, 'elapsed_time': 78.49984884262085}
2021-10-10 05:18:52,422 {'epoch': 72, 'lr': 0.0007227698890786777, 'train_loss': 0.001047332466359641, 'mae': 0.20427276, 'elapsed_time': 79.47017502784729}
2021-10-10 05:20:11,734 {'epoch': 73, 'lr': 0.0007157607493247108, 'train_loss': 0.0010398344517573764, 'mae': 0.20897207, 'elapsed_time': 78.81400442123413}
2021-10-10 05:21:30,589 {'epoch': 74, 'lr': 0.0007086996075095287, 'train_loss': 0.0010289732170537498, 'mae': 0.19951154, 'elapsed_time': 78.85536599159241}
2021-10-10 05:22:50,017 {'epoch': 75, 'lr': 0.0007015882058642161, 'train_loss': 0.0013353320420025356, 'mae': 0.22028589, 'elapsed_time': 78.93331360816956}
2021-10-10 05:24:09,414 {'epoch': 76, 'lr': 0.0006944282990207193, 'train_loss': 0.0010050206866690542, 'mae': 0.19699442, 'elapsed_time': 79.39688515663147}
2021-10-10 05:25:28,826 {'epoch': 77, 'lr': 0.0006872216535789155, 'train_loss': 0.0010022097634431776, 'mae': 0.1970224, 'elapsed_time': 78.92635679244995}
2021-10-10 05:26:47,659 {'epoch': 78, 'lr': 0.0006799700476707321, 'train_loss': 0.0009452883935501988, 'mae': 0.20321965, 'elapsed_time': 78.83183360099792}
2021-10-10 05:28:06,610 {'epoch': 79, 'lr': 0.0006726752705214191, 'train_loss': 0.0009203026980912156, 'mae': 0.19903186, 'elapsed_time': 78.95055794715881}
2021-10-10 05:29:25,650 {'epoch': 80, 'lr': 0.0006653391220080838, 'train_loss': 0.0009257515865230576, 'mae': 0.19267227, 'elapsed_time': 79.03997731208801}
2021-10-10 05:30:45,336 {'epoch': 81, 'lr': 0.0006579634122155988, 'train_loss': 0.0009322274051670841, 'mae': 0.20567797, 'elapsed_time': 79.20021462440491}
2021-10-10 05:32:03,303 {'epoch': 82, 'lr': 0.0006505499609899903, 'train_loss': 0.0009536845857651523, 'mae': 0.20106475, 'elapsed_time': 77.96614122390747}
2021-10-10 05:33:21,373 {'epoch': 83, 'lr': 0.0006431005974894184, 'train_loss': 0.0010835029508219878, 'mae': 0.30591413, 'elapsed_time': 78.06993365287781}
2021-10-10 05:34:40,502 {'epoch': 84, 'lr': 0.0006356171597328593, 'train_loss': 0.0010282457061235363, 'mae': 0.19578257, 'elapsed_time': 79.1281042098999}
2021-10-10 05:35:59,519 {'epoch': 85, 'lr': 0.0006281014941466028, 'train_loss': 0.0008791951379924519, 'mae': 0.18726575, 'elapsed_time': 79.0164122581482}
2021-10-10 05:37:18,919 {'epoch': 86, 'lr': 0.000620555455108673, 'train_loss': 0.0010294545739346027, 'mae': 0.2015108, 'elapsed_time': 78.92871379852295}
2021-10-10 05:38:37,915 {'epoch': 87, 'lr': 0.0006129809044912885, 'train_loss': 0.0009043643359684881, 'mae': 0.19294555, 'elapsed_time': 78.99621224403381}
2021-10-10 05:39:56,901 {'epoch': 88, 'lr': 0.0006053797112014735, 'train_loss': 0.0008623985056453702, 'mae': 0.20106204, 'elapsed_time': 78.98552465438843}
2021-10-10 05:41:15,994 {'epoch': 89, 'lr': 0.0005977537507199336, 'train_loss': 0.0008800404909146472, 'mae': 0.21555384, 'elapsed_time': 79.09188318252563}
2021-10-10 05:42:34,908 {'epoch': 90, 'lr': 0.0005901049046383074, 'train_loss': 0.0008727863068075824, 'mae': 0.18426128, 'elapsed_time': 78.91415286064148}
2021-10-10 05:43:54,133 {'epoch': 91, 'lr': 0.0005824350601949141, 'train_loss': 0.0007857173112220445, 'mae': 0.18068816, 'elapsed_time': 78.73087215423584}
2021-10-10 05:45:13,265 {'epoch': 92, 'lr': 0.0005747461098091033, 'train_loss': 0.000782816394092114, 'mae': 0.18492311, 'elapsed_time': 78.62401366233826}
2021-10-10 05:46:32,075 {'epoch': 93, 'lr': 0.0005670399506143305, 'train_loss': 0.0008327679894987995, 'mae': 0.1837182, 'elapsed_time': 78.80948853492737}
2021-10-10 05:47:51,148 {'epoch': 94, 'lr': 0.0005593184839900673, 'train_loss': 0.0007765020217284847, 'mae': 0.18697584, 'elapsed_time': 79.07262945175171}
2021-10-10 05:49:10,399 {'epoch': 95, 'lr': 0.0005515836150926644, 'train_loss': 0.0007534264369001841, 'mae': 0.18241875, 'elapsed_time': 79.25073623657227}
2021-10-10 05:50:29,416 {'epoch': 96, 'lr': 0.0005438372523852832, 'train_loss': 0.0007527152642933559, 'mae': 0.18437159, 'elapsed_time': 79.01644968986511}
2021-10-10 05:51:48,239 {'epoch': 97, 'lr': 0.00053608130716701, 'train_loss': 0.0007326508323539164, 'mae': 0.17772909, 'elapsed_time': 78.82208681106567}
2021-10-10 05:53:07,554 {'epoch': 98, 'lr': 0.0005283176931012729, 'train_loss': 0.0007339701361366658, 'mae': 0.17812102, 'elapsed_time': 78.78850412368774}
2021-10-10 05:54:25,884 {'epoch': 99, 'lr': 0.0005205483257436734, 'train_loss': 0.0007214400245801276, 'mae': 0.18055634, 'elapsed_time': 78.32969284057617}
2021-10-10 05:55:44,669 {'epoch': 100, 'lr': 0.0005127751220693511, 'train_loss': 0.0007072971138863709, 'mae': 0.18382102, 'elapsed_time': 78.7848060131073}
2021-10-10 05:57:03,444 {'epoch': 101, 'lr': 0.0005049999999999998, 'train_loss': 0.0006982559687535126, 'mae': 0.18091066, 'elapsed_time': 78.77416634559631}
2021-10-10 05:58:21,605 {'epoch': 102, 'lr': 0.0004972248779306486, 'train_loss': 0.0007603700742411882, 'mae': 0.19673038, 'elapsed_time': 78.16005206108093}
2021-10-10 05:59:39,214 {'epoch': 103, 'lr': 0.0004894516742563262, 'train_loss': 0.0007876886693036185, 'mae': 0.18746668, 'elapsed_time': 77.60919737815857}
2021-10-10 06:00:57,140 {'epoch': 104, 'lr': 0.00048168230689872663, 'train_loss': 0.0006801911114392255, 'mae': 0.1747231, 'elapsed_time': 77.92556118965149}
2021-10-10 06:02:16,010 {'epoch': 105, 'lr': 0.0004739186928329896, 'train_loss': 0.0006492731771805257, 'mae': 0.17465425, 'elapsed_time': 78.3989634513855}
2021-10-10 06:03:35,048 {'epoch': 106, 'lr': 0.00046616274761471655, 'train_loss': 0.0006440505042247538, 'mae': 0.17451406, 'elapsed_time': 78.545814037323}
2021-10-10 06:04:53,934 {'epoch': 107, 'lr': 0.0004584163849073352, 'train_loss': 0.0006400838309147249, 'mae': 0.17559502, 'elapsed_time': 78.39537978172302}
2021-10-10 06:06:12,442 {'epoch': 108, 'lr': 0.0004506815160099324, 'train_loss': 0.0006254856973995114, 'mae': 0.17363976, 'elapsed_time': 78.50760245323181}
2021-10-10 06:07:31,835 {'epoch': 109, 'lr': 0.0004429600493856693, 'train_loss': 0.0006136463874811522, 'mae': 0.17363475, 'elapsed_time': 78.90836524963379}
2021-10-10 06:08:51,297 {'epoch': 110, 'lr': 0.00043525389019089656, 'train_loss': 0.0006365552516203593, 'mae': 0.17612584, 'elapsed_time': 78.98101091384888}
2021-10-10 06:10:10,166 {'epoch': 111, 'lr': 0.0004275649398050856, 'train_loss': 0.0006170019135866598, 'mae': 0.1714529, 'elapsed_time': 78.8685929775238}
2021-10-10 06:11:28,499 {'epoch': 112, 'lr': 0.0004198950953616921, 'train_loss': 0.0005971957336323714, 'mae': 0.1683899, 'elapsed_time': 77.83474254608154}
2021-10-10 06:12:47,048 {'epoch': 113, 'lr': 0.0004122462492800662, 'train_loss': 0.0005882313466989456, 'mae': 0.17122518, 'elapsed_time': 78.05963182449341}
2021-10-10 06:14:04,946 {'epoch': 114, 'lr': 0.0004046202887985263, 'train_loss': 0.0005937216259079947, 'mae': 0.16911614, 'elapsed_time': 77.89773321151733}
2021-10-10 06:15:22,920 {'epoch': 115, 'lr': 0.0003970190955087115, 'train_loss': 0.0005758682384993202, 'mae': 0.16732705, 'elapsed_time': 77.97353959083557}
2021-10-10 06:16:42,108 {'epoch': 116, 'lr': 0.0003894445448913267, 'train_loss': 0.0005785235886402166, 'mae': 0.17126809, 'elapsed_time': 78.69378447532654}
2021-10-10 06:18:00,206 {'epoch': 117, 'lr': 0.00038189850585339675, 'train_loss': 0.0005668545595442443, 'mae': 0.17036712, 'elapsed_time': 78.09726166725159}
2021-10-10 06:19:19,024 {'epoch': 118, 'lr': 0.0003743828402671403, 'train_loss': 0.0005583207045834217, 'mae': 0.16721274, 'elapsed_time': 78.81763482093811}
2021-10-10 06:20:37,971 {'epoch': 119, 'lr': 0.0003668994025105814, 'train_loss': 0.0005517614102441598, 'mae': 0.16922043, 'elapsed_time': 78.48724627494812}
2021-10-10 06:21:57,061 {'epoch': 120, 'lr': 0.00035945003901000945, 'train_loss': 0.0005379377306988888, 'mae': 0.16556107, 'elapsed_time': 79.08951687812805}
2021-10-10 06:23:16,933 {'epoch': 121, 'lr': 0.00035203658778440103, 'train_loss': 0.0005401251167972369, 'mae': 0.16928416, 'elapsed_time': 79.2244644165039}
2021-10-10 06:24:35,955 {'epoch': 122, 'lr': 0.0003446608779919159, 'train_loss': 0.0005300039985273317, 'mae': 0.16422762, 'elapsed_time': 79.02172303199768}
2021-10-10 06:25:55,042 {'epoch': 123, 'lr': 0.00033732472947858063, 'train_loss': 0.0005277171077402994, 'mae': 0.16624255, 'elapsed_time': 78.54824185371399}
2021-10-10 06:27:14,011 {'epoch': 124, 'lr': 0.00033002995232926766, 'train_loss': 0.0005188155126238873, 'mae': 0.16675392, 'elapsed_time': 78.96838974952698}
2021-10-10 06:28:32,753 {'epoch': 125, 'lr': 0.0003227783464210844, 'train_loss': 0.0005096357529939722, 'mae': 0.16507857, 'elapsed_time': 78.74125719070435}
2021-10-10 06:29:51,197 {'epoch': 126, 'lr': 0.00031557170097928054, 'train_loss': 0.0005081786975299111, 'mae': 0.16502547, 'elapsed_time': 78.44379997253418}
2021-10-10 06:31:09,424 {'epoch': 127, 'lr': 0.0003084117941357834, 'train_loss': 0.0004957714750054382, 'mae': 0.16321856, 'elapsed_time': 78.2264244556427}
2021-10-10 06:32:28,302 {'epoch': 128, 'lr': 0.00030130039249047106, 'train_loss': 0.00048715566569473905, 'mae': 0.16270144, 'elapsed_time': 78.37443590164185}
2021-10-10 06:33:47,381 {'epoch': 129, 'lr': 0.00029423925067528897, 'train_loss': 0.0004842372345161051, 'mae': 0.16207841, 'elapsed_time': 78.58993554115295}
2021-10-10 06:35:06,269 {'epoch': 130, 'lr': 0.0002872301109213219, 'train_loss': 0.0004786462790898687, 'mae': 0.16854571, 'elapsed_time': 78.39044833183289}
2021-10-10 06:36:24,067 {'epoch': 131, 'lr': 0.0002802747026289243, 'train_loss': 0.0004760491449417975, 'mae': 0.16324182, 'elapsed_time': 77.79743671417236}
2021-10-10 06:37:42,221 {'epoch': 132, 'lr': 0.00027337474194101617, 'train_loss': 0.0004628812280749548, 'mae': 0.1634245, 'elapsed_time': 78.1536796092987}
2021-10-10 06:39:00,446 {'epoch': 133, 'lr': 0.00026653193131965077, 'train_loss': 0.00045928331301840747, 'mae': 0.161654, 'elapsed_time': 78.22486615180969}
2021-10-10 06:40:19,184 {'epoch': 134, 'lr': 0.00025974795912595813, 'train_loss': 0.00046024194685896554, 'mae': 0.16168137, 'elapsed_time': 78.26247119903564}
2021-10-10 06:41:37,400 {'epoch': 135, 'lr': 0.0002530244992035661, 'train_loss': 0.00044838145481406497, 'mae': 0.166028, 'elapsed_time': 78.21569228172302}
2021-10-10 06:42:55,518 {'epoch': 136, 'lr': 0.00024636321046560527, 'train_loss': 0.0004398216394061992, 'mae': 0.15928504, 'elapsed_time': 78.1174099445343}
2021-10-10 06:44:14,319 {'epoch': 137, 'lr': 0.00023976573648539645, 'train_loss': 0.0004330906589904947, 'mae': 0.16074368, 'elapsed_time': 78.34020233154297}
2021-10-10 06:45:32,512 {'epoch': 138, 'lr': 0.00023323370509092462, 'train_loss': 0.0004319363778532341, 'mae': 0.16220567, 'elapsed_time': 78.1924774646759}
2021-10-10 06:46:50,491 {'epoch': 139, 'lr': 0.00022676872796319523, 'train_loss': 0.00042181182054048584, 'mae': 0.15995774, 'elapsed_time': 77.97945833206177}
2021-10-10 06:48:08,506 {'epoch': 140, 'lr': 0.00022037240023857702, 'train_loss': 0.0004195932359999383, 'mae': 0.15982129, 'elapsed_time': 78.01460194587708}
2021-10-10 06:49:27,084 {'epoch': 141, 'lr': 0.00021404630011522577, 'train_loss': 0.00041411322559433084, 'mae': 0.15867572, 'elapsed_time': 78.57669496536255}
2021-10-10 06:50:46,554 {'epoch': 142, 'lr': 0.00020779198846368737, 'train_loss': 0.0004071028228550458, 'mae': 0.15984334, 'elapsed_time': 78.97735834121704}
2021-10-10 06:52:05,287 {'epoch': 143, 'lr': 0.0002016110084417765, 'train_loss': 0.00040571040426355627, 'mae': 0.16043685, 'elapsed_time': 78.73316168785095}
2021-10-10 06:53:23,932 {'epoch': 144, 'lr': 0.00019550488511382584, 'train_loss': 0.00039486436449815847, 'mae': 0.16003811, 'elapsed_time': 78.64459729194641}
2021-10-10 06:54:42,901 {'epoch': 145, 'lr': 0.00018947512507439847, 'train_loss': 0.00039312198123665656, 'mae': 0.15829925, 'elapsed_time': 78.96860575675964}
2021-10-10 06:56:02,459 {'epoch': 146, 'lr': 0.00018352321607655904, 'train_loss': 0.0003870202829558933, 'mae': 0.15878996, 'elapsed_time': 79.05582404136658}
2021-10-10 06:57:21,223 {'epoch': 147, 'lr': 0.0001776506266647923, 'train_loss': 0.00038055466744750044, 'mae': 0.15767856, 'elapsed_time': 78.76324105262756}
2021-10-10 06:58:40,295 {'epoch': 148, 'lr': 0.00017185880581266206, 'train_loss': 0.0003767076327982053, 'mae': 0.15803471, 'elapsed_time': 78.59604597091675}
2021-10-10 06:59:58,109 {'epoch': 149, 'lr': 0.000166149182565299, 'train_loss': 0.00037246653884204906, 'mae': 0.15734953, 'elapsed_time': 77.8135130405426}
2021-10-10 07:01:16,452 {'epoch': 150, 'lr': 0.00016052316568680435, 'train_loss': 0.00036872383836604965, 'mae': 0.1603161, 'elapsed_time': 77.85091352462769}
2021-10-10 07:02:35,157 {'epoch': 151, 'lr': 0.00015498214331265893, 'train_loss': 0.0003636249625590007, 'mae': 0.15740864, 'elapsed_time': 78.70551896095276}
2021-10-10 07:03:54,034 {'epoch': 152, 'lr': 0.0001495274826072215, 'train_loss': 0.00035903055697304276, 'mae': 0.15817276, 'elapsed_time': 78.87626504898071}
2021-10-10 07:05:12,769 {'epoch': 153, 'lr': 0.00014416052942640132, 'train_loss': 0.00035422557342804924, 'mae': 0.15719587, 'elapsed_time': 78.73392796516418}
2021-10-10 07:06:31,566 {'epoch': 154, 'lr': 0.0001388826079855881, 'train_loss': 0.0003487463370261799, 'mae': 0.15759131, 'elapsed_time': 78.30905437469482}
2021-10-10 07:07:50,113 {'epoch': 155, 'lr': 0.00013369502053292245, 'train_loss': 0.0003460309879867899, 'mae': 0.15746513, 'elapsed_time': 78.54657888412476}
2021-10-10 07:09:08,852 {'epoch': 156, 'lr': 0.00012859904702798464, 'train_loss': 0.000341012902530694, 'mae': 0.15760791, 'elapsed_time': 78.73881411552429}
2021-10-10 07:10:27,485 {'epoch': 157, 'lr': 0.00012359594482598432, 'train_loss': 0.00033745228931939783, 'mae': 0.15774219, 'elapsed_time': 78.63306307792664}
2021-10-10 07:11:46,134 {'epoch': 158, 'lr': 0.00011868694836752681, 'train_loss': 0.00033363835396080954, 'mae': 0.15790938, 'elapsed_time': 78.64860486984253}
2021-10-10 07:13:05,146 {'epoch': 159, 'lr': 0.0001138732688740332, 'train_loss': 0.00032965888147661434, 'mae': 0.15630658, 'elapsed_time': 79.01063513755798}
2021-10-10 07:14:24,433 {'epoch': 160, 'lr': 0.00010915609404889012, 'train_loss': 0.0003262964297626649, 'mae': 0.15668544, 'elapsed_time': 78.78364753723145}
2021-10-10 07:15:43,152 {'epoch': 161, 'lr': 0.00010453658778440103, 'train_loss': 0.00032156412714982446, 'mae': 0.1568604, 'elapsed_time': 78.71901249885559}
2021-10-10 07:17:01,839 {'epoch': 162, 'lr': 0.00010001588987461343, 'train_loss': 0.0003179188270302029, 'mae': 0.15616842, 'elapsed_time': 78.6864287853241}
2021-10-10 07:18:21,285 {'epoch': 163, 'lr': 9.559511573409192e-05, 'train_loss': 0.0003149741163848843, 'mae': 0.15619157, 'elapsed_time': 78.9708161354065}
2021-10-10 07:19:40,284 {'epoch': 164, 'lr': 9.12753561227063e-05, 'train_loss': 0.0003109550992282437, 'mae': 0.15619995, 'elapsed_time': 78.99899697303772}
2021-10-10 07:20:59,343 {'epoch': 165, 'lr': 8.705767687650262e-05, 'train_loss': 0.0003087602939019739, 'mae': 0.1563291, 'elapsed_time': 79.05854201316833}
2021-10-10 07:22:17,892 {'epoch': 166, 'lr': 8.294311864472445e-05, 'train_loss': 0.0003064839638438819, 'mae': 0.15592696, 'elapsed_time': 78.54867315292358}
2021-10-10 07:23:37,116 {'epoch': 167, 'lr': 7.89326966330478e-05, 'train_loss': 0.0003018142606734716, 'mae': 0.15632895, 'elapsed_time': 78.73656177520752}
2021-10-10 07:24:55,983 {'epoch': 168, 'lr': 7.502740035309526e-05, 'train_loss': 0.00029820106711270716, 'mae': 0.1560945, 'elapsed_time': 78.86593580245972}
2021-10-10 07:26:14,396 {'epoch': 169, 'lr': 7.12281933782875e-05, 'train_loss': 0.0002960619579622926, 'mae': 0.15609425, 'elapsed_time': 78.4129843711853}
2021-10-10 07:27:33,076 {'epoch': 170, 'lr': 6.75360131060967e-05, 'train_loss': 0.00029374048307617034, 'mae': 0.15604904, 'elapsed_time': 78.67965078353882}
2021-10-10 07:28:51,628 {'epoch': 171, 'lr': 6.395177052675792e-05, 'train_loss': 0.0002914183800564826, 'mae': 0.15592931, 'elapsed_time': 78.55165648460388}
2021-10-10 07:30:10,107 {'epoch': 172, 'lr': 6.047634999849528e-05, 'train_loss': 0.000288184451351573, 'mae': 0.15633933, 'elapsed_time': 78.47853875160217}
2021-10-10 07:31:28,441 {'epoch': 173, 'lr': 5.711060902932039e-05, 'train_loss': 0.0002855686515303066, 'mae': 0.15580918, 'elapsed_time': 78.33348870277405}
2021-10-10 07:32:47,629 {'epoch': 174, 'lr': 5.385537806545467e-05, 'train_loss': 0.00028306011621568125, 'mae': 0.15570971, 'elapsed_time': 78.69594812393188}
2021-10-10 07:34:06,912 {'epoch': 175, 'lr': 5.0711460286429424e-05, 'train_loss': 0.0002806085596049934, 'mae': 0.15571868, 'elapsed_time': 78.79991698265076}
2021-10-10 07:35:25,585 {'epoch': 176, 'lr': 4.767963140691315e-05, 'train_loss': 0.00027941441897246086, 'mae': 0.15595798, 'elapsed_time': 78.67197561264038}
2021-10-10 07:36:43,868 {'epoch': 177, 'lr': 4.4760639485315563e-05, 'train_loss': 0.0002770521146639678, 'mae': 0.15573144, 'elapsed_time': 78.2823760509491}
2021-10-10 07:38:02,402 {'epoch': 178, 'lr': 4.195520473921563e-05, 'train_loss': 0.0002748766592768563, 'mae': 0.15559363, 'elapsed_time': 78.53382110595703}
2021-10-10 07:39:21,920 {'epoch': 179, 'lr': 3.9264019367658385e-05, 'train_loss': 0.0002728473376285228, 'mae': 0.1555266, 'elapsed_time': 79.04819369316101}
2021-10-10 07:40:40,976 {'epoch': 180, 'lr': 3.6687747380365064e-05, 'train_loss': 0.00027115814056990556, 'mae': 0.15556978, 'elapsed_time': 78.57029986381531}
2021-10-10 07:41:59,364 {'epoch': 181, 'lr': 3.422702443389899e-05, 'train_loss': 0.0002696186411481491, 'mae': 0.15568246, 'elapsed_time': 78.38755345344543}
2021-10-10 07:43:17,671 {'epoch': 182, 'lr': 3.188245767482658e-05, 'train_loss': 0.00026805975904590725, 'mae': 0.15558739, 'elapsed_time': 78.30645966529846}
2021-10-10 07:44:36,033 {'epoch': 183, 'lr': 2.965462558991323e-05, 'train_loss': 0.00026646681611948924, 'mae': 0.15552756, 'elapsed_time': 78.36141562461853}
2021-10-10 07:45:54,023 {'epoch': 184, 'lr': 2.7544077863390004e-05, 'train_loss': 0.0002650977797729733, 'mae': 0.15550506, 'elapsed_time': 77.99008965492249}
2021-10-10 07:47:12,931 {'epoch': 185, 'lr': 2.5551335241327672e-05, 'train_loss': 0.0002636572951234931, 'mae': 0.1557104, 'elapsed_time': 78.43946838378906}
2021-10-10 07:48:31,313 {'epoch': 186, 'lr': 2.367688940315011e-05, 'train_loss': 0.0002626694907663258, 'mae': 0.15554741, 'elapsed_time': 78.38086247444153}
2021-10-10 07:49:49,345 {'epoch': 187, 'lr': 2.1921202840320077e-05, 'train_loss': 0.0002615552944254014, 'mae': 0.15566197, 'elapsed_time': 78.03190875053406}
2021-10-10 07:51:07,207 {'epoch': 188, 'lr': 2.0284708742225903e-05, 'train_loss': 0.0002604568449655675, 'mae': 0.15547056, 'elapsed_time': 77.86180996894836}
2021-10-10 07:52:26,823 {'epoch': 189, 'lr': 1.8767810889299086e-05, 'train_loss': 0.0002592540700346567, 'mae': 0.15561986, 'elapsed_time': 79.12542772293091}
2021-10-10 07:53:46,071 {'epoch': 190, 'lr': 1.7370883553386936e-05, 'train_loss': 0.00025844212635028354, 'mae': 0.15549354, 'elapsed_time': 79.24828767776489}
2021-10-10 07:55:05,283 {'epoch': 191, 'lr': 1.6094271405406862e-05, 'train_loss': 0.0002575462457839328, 'mae': 0.15550902, 'elapsed_time': 79.21141076087952}
2021-10-10 07:56:24,226 {'epoch': 192, 'lr': 1.4938289430304022e-05, 'train_loss': 0.000256763133815952, 'mae': 0.15562648, 'elapsed_time': 78.94177412986755}
2021-10-10 07:57:42,961 {'epoch': 193, 'lr': 1.3903222849333509e-05, 'train_loss': 0.0002559816015167119, 'mae': 0.15558055, 'elapsed_time': 78.7347960472107}
2021-10-10 07:59:00,672 {'epoch': 194, 'lr': 1.2989327049686102e-05, 'train_loss': 0.00025545988457784737, 'mae': 0.1555993, 'elapsed_time': 77.71107006072998}
2021-10-10 08:00:18,277 {'epoch': 195, 'lr': 1.2196827521475404e-05, 'train_loss': 0.0002548776767873918, 'mae': 0.15554306, 'elapsed_time': 77.60397386550903}
2021-10-10 08:01:35,831 {'epoch': 196, 'lr': 1.152591980210166e-05, 'train_loss': 0.000254160949480186, 'mae': 0.15559131, 'elapsed_time': 77.55343127250671}
2021-10-10 08:02:53,582 {'epoch': 197, 'lr': 1.097676942800558e-05, 'train_loss': 0.0002538624491463579, 'mae': 0.1555905, 'elapsed_time': 77.75120639801025}
2021-10-10 08:04:12,115 {'epoch': 198, 'lr': 1.0549511893824899e-05, 'train_loss': 0.00025330983038135044, 'mae': 0.15560469, 'elapsed_time': 78.53249597549438}
2021-10-10 08:05:30,487 {'epoch': 199, 'lr': 1.0244252618962858e-05, 'train_loss': 0.0002529650681878633, 'mae': 0.1556797, 'elapsed_time': 78.37159299850464}
2021-10-10 08:06:48,789 {'epoch': 200, 'lr': 1.006106692157801e-05, 'train_loss': 0.0002526427591694772, 'mae': 0.15554895, 'elapsed_time': 78.3017737865448}
2021-10-10 08:07:30,621 Total CV: 0.1554705649614334
