2021-10-13 00:38:26,594 Fold 0
2021-10-13 00:46:30,441 Fold 0
2021-10-13 00:47:24,661 Fold 0
2021-10-13 00:47:31,525 train run device : cuda:0
2021-10-13 00:48:11,087 multi task weight : 1.0
2021-10-13 00:58:06,332 Fold 0
2021-10-13 00:58:12,356 train run device : cuda:0
2021-10-13 00:58:52,491 multi task weight : 1.0
2021-10-13 00:59:18,172 {'epoch': 1, 'lr': 0.0, 'train_loss': 0.013247576322359626, 'mae': 10.017348908904157, 'elapsed_time': 26.209693670272827}
2021-10-13 00:59:18,817 multi task weight : 1.0
2021-10-13 00:59:44,962 {'epoch': 2, 'lr': 0.001, 'train_loss': 0.008310394262619727, 'mae': 1.942064837296311, 'elapsed_time': 26.657337188720703}
2021-10-13 00:59:45,572 multi task weight : 1.0
2021-10-13 01:00:11,711 {'epoch': 3, 'lr': 0.002, 'train_loss': 0.0072326536602022795, 'mae': 2.003910841572351, 'elapsed_time': 26.60811424255371}
2021-10-13 01:00:12,242 multi task weight : 1.0
2021-10-13 01:00:38,378 {'epoch': 4, 'lr': 0.003, 'train_loss': 0.006668461506693785, 'mae': 1.0000587975862056, 'elapsed_time': 26.66590666770935}
2021-10-13 01:00:39,003 multi task weight : 1.0
2021-10-13 01:01:05,033 {'epoch': 5, 'lr': 0.004, 'train_loss': 0.006508002074211935, 'mae': 0.9669452379243367, 'elapsed_time': 26.51473903656006}
2021-10-13 01:01:05,681 multi task weight : 1.0
2021-10-13 01:01:31,907 {'epoch': 6, 'lr': 0.005, 'train_loss': 0.006197487198018807, 'mae': 0.7825763462471674, 'elapsed_time': 26.733890533447266}
2021-10-13 01:01:32,572 multi task weight : 1.0
2021-10-13 01:01:58,677 {'epoch': 7, 'lr': 0.004993910125649561, 'train_loss': 0.005949060841061723, 'mae': 0.7015643473061209, 'elapsed_time': 26.630669355392456}
2021-10-13 01:01:59,443 multi task weight : 1.0
2021-10-13 01:02:25,533 {'epoch': 8, 'lr': 0.004975670171853926, 'train_loss': 0.005782309322660533, 'mae': 0.6026489478921837, 'elapsed_time': 26.714989185333252}
2021-10-13 01:02:26,201 multi task weight : 1.0
2021-10-13 01:02:52,279 {'epoch': 9, 'lr': 0.004945369001834514, 'train_loss': 0.005610383441702588, 'mae': 0.6118946258228842, 'elapsed_time': 26.6031334400177}
2021-10-13 01:02:52,778 multi task weight : 1.0
2021-10-13 01:03:18,812 {'epoch': 10, 'lr': 0.004903154239845798, 'train_loss': 0.005480412413064338, 'mae': 0.5217732281894122, 'elapsed_time': 26.532642602920532}
2021-10-13 01:03:19,542 multi task weight : 1.0
2021-10-13 01:03:45,665 {'epoch': 11, 'lr': 0.0048492315519647715, 'train_loss': 0.005368071889308527, 'mae': 0.47987379705359323, 'elapsed_time': 26.71626377105713}
2021-10-13 01:03:46,352 multi task weight : 1.0
2021-10-13 01:04:12,561 {'epoch': 12, 'lr': 0.004783863644106502, 'train_loss': 0.005301987868101096, 'mae': 0.43234673692421344, 'elapsed_time': 26.754314422607422}
2021-10-13 01:04:13,200 multi task weight : 1.0
2021-10-13 01:04:39,397 {'epoch': 13, 'lr': 0.0047073689821473174, 'train_loss': 0.005175885469254632, 'mae': 0.4142924810989232, 'elapsed_time': 26.694480419158936}
2021-10-13 01:04:40,112 multi task weight : 1.0
2021-10-13 01:05:06,295 {'epoch': 14, 'lr': 0.004620120240391065, 'train_loss': 0.005139769280960103, 'mae': 0.4194511168810746, 'elapsed_time': 26.752522945404053}
2021-10-13 01:05:06,808 multi task weight : 1.0
2021-10-13 01:05:32,867 {'epoch': 15, 'lr': 0.0045225424859373685, 'train_loss': 0.005058253060278314, 'mae': 0.39022478221357504, 'elapsed_time': 26.571085929870605}
2021-10-13 01:05:33,540 multi task weight : 1.0
2021-10-13 01:05:59,795 {'epoch': 16, 'lr': 0.004415111107797445, 'train_loss': 0.005003621441548514, 'mae': 0.3707199877358303, 'elapsed_time': 26.785834074020386}
2021-10-13 01:06:00,457 multi task weight : 1.0
2021-10-13 01:06:26,613 {'epoch': 17, 'lr': 0.004298349500846628, 'train_loss': 0.004949251052320517, 'mae': 0.35320805530397226, 'elapsed_time': 26.671830654144287}
2021-10-13 01:06:27,312 multi task weight : 1.0
2021-10-13 01:06:53,329 {'epoch': 18, 'lr': 0.0041728265158971455, 'train_loss': 0.004879258340996097, 'mae': 0.34576312600402914, 'elapsed_time': 26.572885036468506}
2021-10-13 01:06:54,024 multi task weight : 1.0
2021-10-13 01:07:19,976 {'epoch': 19, 'lr': 0.0040391536883141455, 'train_loss': 0.00485571626798454, 'mae': 0.3814035803098937, 'elapsed_time': 26.501945734024048}
2021-10-13 01:07:20,551 multi task weight : 1.0
2021-10-13 01:07:46,547 {'epoch': 20, 'lr': 0.003897982258676867, 'train_loss': 0.004790398069688862, 'mae': 0.32195970514278066, 'elapsed_time': 26.570820331573486}
2021-10-13 01:07:47,231 multi task weight : 1.0
2021-10-13 01:08:13,340 {'epoch': 21, 'lr': 0.00375, 'train_loss': 0.004716523871507132, 'mae': 0.31195425195988413, 'elapsed_time': 26.651719093322754}
2021-10-13 01:08:14,037 multi task weight : 1.0
2021-10-13 01:08:40,204 {'epoch': 22, 'lr': 0.003595927866972694, 'train_loss': 0.004732383774794673, 'mae': 0.3239511778587726, 'elapsed_time': 26.71362829208374}
2021-10-13 01:08:40,745 multi task weight : 1.0
2021-10-13 01:09:06,867 {'epoch': 23, 'lr': 0.0034365164835397804, 'train_loss': 0.004671934225292218, 'mae': 0.3086144339240289, 'elapsed_time': 26.661720514297485}
2021-10-13 01:09:07,520 multi task weight : 1.0
2021-10-13 01:09:33,672 {'epoch': 24, 'lr': 0.0032725424859373687, 'train_loss': 0.004609524733661578, 'mae': 0.3033126173172198, 'elapsed_time': 26.66491198539734}
2021-10-13 01:09:34,306 multi task weight : 1.0
2021-10-13 01:10:00,542 {'epoch': 25, 'lr': 0.0031048047389991692, 'train_loss': 0.004562635051248246, 'mae': 0.27815780299590565, 'elapsed_time': 26.73164415359497}
2021-10-13 01:10:01,203 multi task weight : 1.0
2021-10-13 01:10:27,299 {'epoch': 26, 'lr': 0.0029341204441673263, 'train_loss': 0.004488252846905536, 'mae': 0.2757903313637415, 'elapsed_time': 26.617255210876465}
2021-10-13 01:10:27,956 multi task weight : 1.0
2021-10-13 01:10:54,129 {'epoch': 27, 'lr': 0.0027613211581691338, 'train_loss': 0.004439677455079247, 'mae': 0.2695626608172476, 'elapsed_time': 26.684468984603882}
2021-10-13 01:10:54,847 multi task weight : 1.0
2021-10-13 01:11:21,007 {'epoch': 28, 'lr': 0.002587248741756253, 'train_loss': 0.004393059631465207, 'mae': 0.2664875832518941, 'elapsed_time': 26.73476004600525}
2021-10-13 01:11:21,657 multi task weight : 1.0
2021-10-13 01:11:47,942 {'epoch': 29, 'lr': 0.0024127512582437483, 'train_loss': 0.004349414306100904, 'mae': 0.27795477332471025, 'elapsed_time': 26.79122018814087}
2021-10-13 01:11:48,473 multi task weight : 1.0
2021-10-13 01:12:14,637 {'epoch': 30, 'lr': 0.0022386788418308668, 'train_loss': 0.0042960912917448715, 'mae': 0.2497454284921413, 'elapsed_time': 26.694465398788452}
2021-10-13 01:12:15,284 multi task weight : 1.0
2021-10-13 01:12:41,420 {'epoch': 31, 'lr': 0.0020658795558326742, 'train_loss': 0.004234682320758474, 'mae': 0.2498496292129658, 'elapsed_time': 26.64484977722168}
2021-10-13 01:12:42,055 multi task weight : 1.0
2021-10-13 01:13:08,268 {'epoch': 32, 'lr': 0.001895195261000831, 'train_loss': 0.004186363193355229, 'mae': 0.24179560661355212, 'elapsed_time': 26.84779644012451}
2021-10-13 01:13:08,977 multi task weight : 1.0
2021-10-13 01:13:34,984 {'epoch': 33, 'lr': 0.0017274575140626316, 'train_loss': 0.004134766055385825, 'mae': 0.24454734245446336, 'elapsed_time': 26.57242703437805}
2021-10-13 01:13:35,487 multi task weight : 1.0
2021-10-13 01:14:01,677 {'epoch': 34, 'lr': 0.00156348351646022, 'train_loss': 0.00407384189254326, 'mae': 0.23539821355503768, 'elapsed_time': 26.69263982772827}
2021-10-13 01:14:02,304 multi task weight : 1.0
2021-10-13 01:14:28,193 {'epoch': 35, 'lr': 0.0014040721330273063, 'train_loss': 0.004032738260910004, 'mae': 0.2370124836375478, 'elapsed_time': 26.379586696624756}
2021-10-13 01:14:28,756 multi task weight : 1.0
2021-10-13 01:14:54,756 {'epoch': 36, 'lr': 0.0012500000000000007, 'train_loss': 0.003974403910008071, 'mae': 0.22873717195761287, 'elapsed_time': 26.562483549118042}
2021-10-13 01:14:55,403 multi task weight : 1.0
2021-10-13 01:15:21,522 {'epoch': 37, 'lr': 0.0011020177413231334, 'train_loss': 0.003925258114766095, 'mae': 0.22635328325193563, 'elapsed_time': 26.629844427108765}
2021-10-13 01:15:22,297 multi task weight : 1.0
2021-10-13 01:15:48,295 {'epoch': 38, 'lr': 0.0009608463116858543, 'train_loss': 0.003875304637087979, 'mae': 0.2248518063598081, 'elapsed_time': 26.63269066810608}
2021-10-13 01:15:48,971 multi task weight : 1.0
2021-10-13 01:16:15,082 {'epoch': 39, 'lr': 0.0008271734841028553, 'train_loss': 0.003828612601938747, 'mae': 0.22111545180186606, 'elapsed_time': 26.64355754852295}
2021-10-13 01:16:15,713 multi task weight : 1.0
2021-10-13 01:16:41,673 {'epoch': 40, 'lr': 0.0007016504991533726, 'train_loss': 0.0037864856249137458, 'mae': 0.21850075752206333, 'elapsed_time': 26.45400619506836}
2021-10-13 01:16:42,369 multi task weight : 1.0
2021-10-13 01:17:08,375 {'epoch': 41, 'lr': 0.0005848888922025552, 'train_loss': 0.0037404481072233083, 'mae': 0.21853835918444642, 'elapsed_time': 26.565781354904175}
2021-10-13 01:17:08,919 multi task weight : 1.0
2021-10-13 01:17:35,063 {'epoch': 42, 'lr': 0.00047745751406263163, 'train_loss': 0.003705102276375469, 'mae': 0.21715566112445822, 'elapsed_time': 26.68807363510132}
2021-10-13 01:17:35,706 multi task weight : 1.0
2021-10-13 01:18:01,924 {'epoch': 43, 'lr': 0.0003798797596089351, 'train_loss': 0.0036700075177501733, 'mae': 0.21541171231838754, 'elapsed_time': 26.72151255607605}
2021-10-13 01:18:02,596 multi task weight : 1.0
2021-10-13 01:18:28,628 {'epoch': 44, 'lr': 0.00029263101785268256, 'train_loss': 0.003640809907985887, 'mae': 0.21540879635928625, 'elapsed_time': 26.565107822418213}
2021-10-13 01:18:29,305 multi task weight : 1.0
2021-10-13 01:18:55,294 {'epoch': 45, 'lr': 0.00021613635589349755, 'train_loss': 0.003616386424871057, 'mae': 0.2147228181274879, 'elapsed_time': 26.52453088760376}
2021-10-13 01:18:56,023 multi task weight : 1.0
2021-10-13 01:19:22,100 {'epoch': 46, 'lr': 0.00015076844803522921, 'train_loss': 0.003595680794311407, 'mae': 0.21415316599343842, 'elapsed_time': 26.66340684890747}
2021-10-13 01:19:22,800 multi task weight : 1.0
2021-10-13 01:19:48,890 {'epoch': 47, 'lr': 9.684576015420277e-05, 'train_loss': 0.0035799164460778156, 'mae': 0.21414349734970684, 'elapsed_time': 26.645798921585083}
2021-10-13 01:19:49,568 multi task weight : 1.0
2021-10-13 01:20:15,662 {'epoch': 48, 'lr': 5.4630998165485776e-05, 'train_loss': 0.003568317168907585, 'mae': 0.2138594382066623, 'elapsed_time': 26.62511396408081}
2021-10-13 01:20:16,315 multi task weight : 1.0
2021-10-13 01:20:42,587 {'epoch': 49, 'lr': 2.4329828146074097e-05, 'train_loss': 0.003560205440871995, 'mae': 0.213737281883367, 'elapsed_time': 26.78228187561035}
2021-10-13 01:20:43,283 multi task weight : 1.0
2021-10-13 01:21:09,276 {'epoch': 50, 'lr': 6.089874350439506e-06, 'train_loss': 0.0035555342931949674, 'mae': 0.2138832248348786, 'elapsed_time': 26.5501868724823}
2021-10-13 01:21:59,635 Total CV: 0.213737281883367
2021-10-13 01:37:14,315 Fold 0
2021-10-13 01:37:21,520 train run device : cuda:0
2021-10-13 01:38:01,117 multi task weight : 1.0
2021-10-13 01:38:26,719 {'epoch': 1, 'lr': 0.0, 'train_loss': 0.013240437953183002, 'mae': 10.126128139708367, 'elapsed_time': 26.173162937164307}
2021-10-13 01:38:27,378 multi task weight : 1.0
2021-10-13 01:38:53,335 {'epoch': 2, 'lr': 0.001, 'train_loss': 0.00811828931014691, 'mae': 2.2488191321659383, 'elapsed_time': 26.491483688354492}
2021-10-13 01:38:54,016 multi task weight : 1.0
2021-10-13 01:39:19,873 {'epoch': 3, 'lr': 0.002, 'train_loss': 0.006911832797282417, 'mae': 1.2796957817885823, 'elapsed_time': 26.40314817428589}
2021-10-13 01:39:20,532 multi task weight : 1.0
2021-10-13 01:39:46,552 {'epoch': 4, 'lr': 0.003, 'train_loss': 0.006377783597424143, 'mae': 0.8384687974228068, 'elapsed_time': 26.538698196411133}
2021-10-13 01:39:47,208 multi task weight : 1.0
2021-10-13 01:40:13,152 {'epoch': 5, 'lr': 0.004, 'train_loss': 0.006114292895264622, 'mae': 0.8231710465397065, 'elapsed_time': 26.462507486343384}
2021-10-13 01:40:13,795 multi task weight : 1.0
2021-10-13 01:40:39,705 {'epoch': 6, 'lr': 0.005, 'train_loss': 0.005900209415346048, 'mae': 0.6677642255452823, 'elapsed_time': 26.418188095092773}
2021-10-13 01:40:40,434 multi task weight : 1.0
2021-10-13 01:41:06,537 {'epoch': 7, 'lr': 0.004993910125649561, 'train_loss': 0.005581600232342366, 'mae': 0.6253850395031422, 'elapsed_time': 26.692331075668335}
2021-10-13 01:41:07,237 multi task weight : 1.0
2021-10-13 01:41:33,274 {'epoch': 8, 'lr': 0.004975670171853926, 'train_loss': 0.005432425396895867, 'mae': 0.4790009033094272, 'elapsed_time': 26.603872299194336}
2021-10-13 01:41:33,938 multi task weight : 1.0
2021-10-13 01:41:59,911 {'epoch': 9, 'lr': 0.004945369001834514, 'train_loss': 0.005283406667159519, 'mae': 0.4717122098017964, 'elapsed_time': 26.502066612243652}
2021-10-13 01:42:00,614 multi task weight : 1.0
2021-10-13 01:42:26,543 {'epoch': 10, 'lr': 0.004903154239845798, 'train_loss': 0.005203532805262693, 'mae': 0.41941643336656453, 'elapsed_time': 26.495073318481445}
2021-10-13 01:42:27,299 multi task weight : 1.0
2021-10-13 01:42:53,204 {'epoch': 11, 'lr': 0.0048492315519647715, 'train_loss': 0.00508062689015216, 'mae': 0.3853696816393698, 'elapsed_time': 26.520161628723145}
2021-10-13 01:42:53,872 multi task weight : 1.0
2021-10-13 01:43:19,902 {'epoch': 12, 'lr': 0.004783863644106502, 'train_loss': 0.005045393869685684, 'mae': 0.3902648398252942, 'elapsed_time': 26.560319900512695}
2021-10-13 01:43:20,478 multi task weight : 1.0
2021-10-13 01:43:46,368 {'epoch': 13, 'lr': 0.0047073689821473174, 'train_loss': 0.004937747893071159, 'mae': 0.3609157212890842, 'elapsed_time': 26.464900493621826}
2021-10-13 01:43:47,068 multi task weight : 1.0
2021-10-13 01:44:13,156 {'epoch': 14, 'lr': 0.004620120240391065, 'train_loss': 0.004869142141146246, 'mae': 0.3637718069271859, 'elapsed_time': 26.65474033355713}
2021-10-13 01:44:13,725 multi task weight : 1.0
2021-10-13 01:44:39,639 {'epoch': 15, 'lr': 0.0045225424859373685, 'train_loss': 0.004833782540795976, 'mae': 0.3464280865732948, 'elapsed_time': 26.482868432998657}
2021-10-13 01:44:40,360 multi task weight : 1.0
2021-10-13 01:45:06,381 {'epoch': 16, 'lr': 0.004415111107797445, 'train_loss': 0.004783302336200489, 'mae': 0.38937031143677253, 'elapsed_time': 26.611458778381348}
2021-10-13 01:45:06,930 multi task weight : 1.0
2021-10-13 01:45:32,869 {'epoch': 17, 'lr': 0.004298349500846628, 'train_loss': 0.004765494660560148, 'mae': 0.323960239365767, 'elapsed_time': 26.487475156784058}
2021-10-13 01:45:33,547 multi task weight : 1.0
2021-10-13 01:45:59,506 {'epoch': 18, 'lr': 0.0041728265158971455, 'train_loss': 0.004692417695239493, 'mae': 0.3371839467576762, 'elapsed_time': 26.50511884689331}
2021-10-13 01:46:00,029 multi task weight : 1.0
2021-10-13 01:46:26,049 {'epoch': 19, 'lr': 0.0040391536883141455, 'train_loss': 0.004636586846066596, 'mae': 0.3183435002191073, 'elapsed_time': 26.54233431816101}
2021-10-13 01:46:26,681 multi task weight : 1.0
2021-10-13 01:46:52,717 {'epoch': 20, 'lr': 0.003897982258676867, 'train_loss': 0.004573132977570975, 'mae': 0.2914708354004676, 'elapsed_time': 26.529172658920288}
2021-10-13 01:46:53,448 multi task weight : 1.0
2021-10-13 01:47:19,329 {'epoch': 21, 'lr': 0.00375, 'train_loss': 0.004516234320469294, 'mae': 0.29644056675370944, 'elapsed_time': 26.476698398590088}
2021-10-13 01:47:19,896 multi task weight : 1.0
2021-10-13 01:47:45,841 {'epoch': 22, 'lr': 0.003595927866972694, 'train_loss': 0.004481476671732048, 'mae': 0.2839654460229899, 'elapsed_time': 26.511297464370728}
2021-10-13 01:47:46,558 multi task weight : 1.0
2021-10-13 01:48:12,384 {'epoch': 23, 'lr': 0.0034365164835397804, 'train_loss': 0.004415466763311226, 'mae': 0.279518696622368, 'elapsed_time': 26.411191701889038}
2021-10-13 01:48:13,113 multi task weight : 1.0
2021-10-13 01:48:39,088 {'epoch': 24, 'lr': 0.0032725424859373687, 'train_loss': 0.004394659852254778, 'mae': 0.26886825011841686, 'elapsed_time': 26.562635898590088}
2021-10-13 01:48:39,746 multi task weight : 1.0
2021-10-13 01:49:05,670 {'epoch': 25, 'lr': 0.0031048047389991692, 'train_loss': 0.0043373073822145355, 'mae': 0.27141511956635295, 'elapsed_time': 26.444803953170776}
2021-10-13 01:49:06,280 multi task weight : 1.0
2021-10-13 01:49:32,203 {'epoch': 26, 'lr': 0.0029341204441673263, 'train_loss': 0.00429449923153821, 'mae': 0.2566995923327498, 'elapsed_time': 26.53197407722473}
2021-10-13 01:49:32,910 multi task weight : 1.0
2021-10-13 01:49:58,939 {'epoch': 27, 'lr': 0.0027613211581691338, 'train_loss': 0.004272628640243753, 'mae': 0.26198775758317744, 'elapsed_time': 26.607322692871094}
2021-10-13 01:49:59,526 multi task weight : 1.0
2021-10-13 01:50:25,455 {'epoch': 28, 'lr': 0.002587248741756253, 'train_loss': 0.0042028870347163945, 'mae': 0.2527219970989955, 'elapsed_time': 26.515458345413208}
2021-10-13 01:50:26,158 multi task weight : 1.0
2021-10-13 01:50:52,089 {'epoch': 29, 'lr': 0.0024127512582437483, 'train_loss': 0.004136607858659101, 'mae': 0.23956058645896167, 'elapsed_time': 26.493749141693115}
2021-10-13 01:50:52,723 multi task weight : 1.0
2021-10-13 01:51:18,608 {'epoch': 30, 'lr': 0.0022386788418308668, 'train_loss': 0.00407359431799553, 'mae': 0.24015847448232355, 'elapsed_time': 26.387120246887207}
2021-10-13 01:51:19,132 multi task weight : 1.0
2021-10-13 01:51:45,167 {'epoch': 31, 'lr': 0.0020658795558326742, 'train_loss': 0.004012344754871902, 'mae': 0.2304591771741646, 'elapsed_time': 26.558035612106323}
2021-10-13 01:51:45,909 multi task weight : 1.0
2021-10-13 01:52:11,749 {'epoch': 32, 'lr': 0.001895195261000831, 'train_loss': 0.003959854702589289, 'mae': 0.22616129929241807, 'elapsed_time': 26.45193576812744}
2021-10-13 01:52:12,392 multi task weight : 1.0
2021-10-13 01:52:38,307 {'epoch': 33, 'lr': 0.0017274575140626316, 'train_loss': 0.003902326920239478, 'mae': 0.22408587716221431, 'elapsed_time': 26.423823833465576}
2021-10-13 01:52:39,078 multi task weight : 1.0
2021-10-13 01:53:05,064 {'epoch': 34, 'lr': 0.00156348351646022, 'train_loss': 0.003872644306809164, 'mae': 0.22438190430159696, 'elapsed_time': 26.617817640304565}
2021-10-13 01:53:05,705 multi task weight : 1.0
2021-10-13 01:53:31,671 {'epoch': 35, 'lr': 0.0014040721330273063, 'train_loss': 0.003800255500614604, 'mae': 0.21965172503353936, 'elapsed_time': 26.606871366500854}
2021-10-13 01:53:32,326 multi task weight : 1.0
2021-10-13 01:53:58,226 {'epoch': 36, 'lr': 0.0012500000000000007, 'train_loss': 0.0037374261043338765, 'mae': 0.21390225545860728, 'elapsed_time': 26.417914152145386}
2021-10-13 01:53:58,884 multi task weight : 1.0
2021-10-13 01:54:24,873 {'epoch': 37, 'lr': 0.0011020177413231334, 'train_loss': 0.0036883712032127255, 'mae': 0.21355604575677434, 'elapsed_time': 26.51229238510132}
2021-10-13 01:54:25,606 multi task weight : 1.0
2021-10-13 01:54:51,452 {'epoch': 38, 'lr': 0.0009608463116858543, 'train_loss': 0.0036268296701533658, 'mae': 0.2118920555782386, 'elapsed_time': 26.440210103988647}
2021-10-13 01:54:52,149 multi task weight : 1.0
2021-10-13 01:55:18,089 {'epoch': 39, 'lr': 0.0008271734841028553, 'train_loss': 0.003577329649918912, 'mae': 0.20849208947987777, 'elapsed_time': 26.505695104599}
2021-10-13 01:55:18,738 multi task weight : 1.0
2021-10-13 01:55:44,648 {'epoch': 40, 'lr': 0.0007016504991533726, 'train_loss': 0.0035293093456030683, 'mae': 0.20815692554915177, 'elapsed_time': 26.42411756515503}
2021-10-13 01:55:45,299 multi task weight : 1.0
2021-10-13 01:56:11,338 {'epoch': 41, 'lr': 0.0005848888922025552, 'train_loss': 0.0034801203281062576, 'mae': 0.20686999323105018, 'elapsed_time': 26.55262327194214}
2021-10-13 01:56:12,027 multi task weight : 1.0
2021-10-13 01:56:38,032 {'epoch': 42, 'lr': 0.00047745751406263163, 'train_loss': 0.0034331818619178886, 'mae': 0.20580925800043812, 'elapsed_time': 26.556775331497192}
2021-10-13 01:56:38,678 multi task weight : 1.0
2021-10-13 01:57:04,624 {'epoch': 43, 'lr': 0.0003798797596089351, 'train_loss': 0.003394131521423421, 'mae': 0.20551154011275435, 'elapsed_time': 26.456827402114868}
2021-10-13 01:57:05,358 multi task weight : 1.0
2021-10-13 01:57:31,308 {'epoch': 44, 'lr': 0.00029263101785268256, 'train_loss': 0.0033587700803995608, 'mae': 0.20399026699062148, 'elapsed_time': 26.547796726226807}
2021-10-13 01:57:32,058 multi task weight : 1.0
2021-10-13 01:57:57,856 {'epoch': 45, 'lr': 0.00021613635589349755, 'train_loss': 0.003330387071397148, 'mae': 0.2042124818236135, 'elapsed_time': 26.414392232894897}
2021-10-13 01:57:58,396 multi task weight : 1.0
2021-10-13 01:58:24,266 {'epoch': 46, 'lr': 0.00015076844803522921, 'train_loss': 0.003306103817195273, 'mae': 0.2040831127592692, 'elapsed_time': 26.409037351608276}
2021-10-13 01:58:24,835 multi task weight : 1.0
2021-10-13 01:58:50,755 {'epoch': 47, 'lr': 9.684576015420277e-05, 'train_loss': 0.0032881458975606757, 'mae': 0.2037748057478741, 'elapsed_time': 26.488988637924194}
2021-10-13 01:58:51,444 multi task weight : 1.0
2021-10-13 01:59:17,511 {'epoch': 48, 'lr': 5.4630998165485776e-05, 'train_loss': 0.0032752049984404235, 'mae': 0.20377403944424072, 'elapsed_time': 26.617088317871094}
2021-10-13 01:59:18,206 multi task weight : 1.0
2021-10-13 01:59:44,376 {'epoch': 49, 'lr': 2.4329828146074097e-05, 'train_loss': 0.0032658355610508095, 'mae': 0.20363484843541232, 'elapsed_time': 26.719985246658325}
2021-10-13 01:59:45,517 multi task weight : 1.0
2021-10-13 02:00:11,543 {'epoch': 50, 'lr': 6.089874350439506e-06, 'train_loss': 0.003260639260508826, 'mae': 0.20362824957061132, 'elapsed_time': 26.59769105911255}
2021-10-13 02:01:02,289 Total CV: 0.20362824957061132
2021-10-13 02:04:20,714 Fold 0
2021-10-13 02:04:27,859 train run device : cuda:0
2021-10-13 02:05:06,353 multi task weight : 1.0
2021-10-13 02:05:31,911 {'epoch': 1, 'lr': 0.0, 'train_loss': 0.013382961822709474, 'mae': 16.414242049059776, 'elapsed_time': 26.08309841156006}
2021-10-13 02:05:32,536 multi task weight : 1.0
2021-10-13 02:05:58,146 {'epoch': 2, 'lr': 0.001, 'train_loss': 0.009863134264708986, 'mae': 3.459024532381993, 'elapsed_time': 26.111173152923584}
2021-10-13 02:05:58,763 multi task weight : 1.0
2021-10-13 02:06:24,402 {'epoch': 3, 'lr': 0.002, 'train_loss': 0.007919024828651079, 'mae': 1.9970162849195887, 'elapsed_time': 26.129797220230103}
2021-10-13 02:06:25,037 multi task weight : 1.0
2021-10-13 02:06:50,716 {'epoch': 4, 'lr': 0.003, 'train_loss': 0.00698217457299836, 'mae': 1.3417516296361707, 'elapsed_time': 26.18430256843567}
2021-10-13 02:06:51,418 multi task weight : 1.0
2021-10-13 02:07:17,123 {'epoch': 5, 'lr': 0.004, 'train_loss': 0.006592685742596272, 'mae': 1.1618660706538881, 'elapsed_time': 26.277568340301514}
2021-10-13 02:07:17,804 multi task weight : 1.0
2021-10-13 02:07:43,628 {'epoch': 6, 'lr': 0.005, 'train_loss': 0.006478070703225865, 'mae': 0.8693534748277576, 'elapsed_time': 26.37360119819641}
2021-10-13 02:07:44,309 multi task weight : 1.0
2021-10-13 02:08:10,030 {'epoch': 7, 'lr': 0.004993910125649561, 'train_loss': 0.006126428152094463, 'mae': 0.7391554926499757, 'elapsed_time': 26.266759872436523}
2021-10-13 02:08:10,632 multi task weight : 1.0
2021-10-13 02:08:36,395 {'epoch': 8, 'lr': 0.004975670171853926, 'train_loss': 0.005961303346752726, 'mae': 0.7531733903041393, 'elapsed_time': 26.23585271835327}
2021-10-13 02:08:36,912 multi task weight : 1.0
2021-10-13 02:09:02,692 {'epoch': 9, 'lr': 0.004945369001834514, 'train_loss': 0.005816866630272331, 'mae': 0.7201994895550953, 'elapsed_time': 26.296383142471313}
2021-10-13 02:09:03,319 multi task weight : 1.0
2021-10-13 02:09:29,047 {'epoch': 10, 'lr': 0.004903154239845798, 'train_loss': 0.0056929554269359636, 'mae': 0.5717646025234774, 'elapsed_time': 26.22308111190796}
2021-10-13 02:09:29,673 multi task weight : 1.0
2021-10-13 02:09:55,382 {'epoch': 11, 'lr': 0.0048492315519647715, 'train_loss': 0.005562117606934686, 'mae': 0.5774586927748483, 'elapsed_time': 26.209325313568115}
2021-10-13 02:09:55,903 multi task weight : 1.0
2021-10-13 02:10:21,577 {'epoch': 12, 'lr': 0.004783863644106502, 'train_loss': 0.005472327613767368, 'mae': 0.5002674374786389, 'elapsed_time': 26.19396162033081}
2021-10-13 02:10:22,246 multi task weight : 1.0
2021-10-13 02:10:47,834 {'epoch': 13, 'lr': 0.0047073689821473174, 'train_loss': 0.005377335699288714, 'mae': 0.5129451580470659, 'elapsed_time': 26.127824306488037}
2021-10-13 02:10:48,315 multi task weight : 1.0
2021-10-13 02:11:14,074 {'epoch': 14, 'lr': 0.004620120240391065, 'train_loss': 0.005324045742008368, 'mae': 0.4930793980980686, 'elapsed_time': 26.239290714263916}
2021-10-13 02:11:14,742 multi task weight : 1.0
2021-10-13 02:11:40,364 {'epoch': 15, 'lr': 0.0045225424859373685, 'train_loss': 0.005272647337537479, 'mae': 0.441021979713178, 'elapsed_time': 26.159499168395996}
2021-10-13 02:11:41,021 multi task weight : 1.0
2021-10-13 02:12:06,834 {'epoch': 16, 'lr': 0.004415111107797445, 'train_loss': 0.005199662737691537, 'mae': 0.4300697976109486, 'elapsed_time': 26.338343381881714}
2021-10-13 02:12:07,542 multi task weight : 1.0
2021-10-13 02:12:33,324 {'epoch': 17, 'lr': 0.004298349500846628, 'train_loss': 0.005126086855029491, 'mae': 0.3979080441450776, 'elapsed_time': 26.357288599014282}
2021-10-13 02:12:33,978 multi task weight : 1.0
2021-10-13 02:12:59,611 {'epoch': 18, 'lr': 0.0041728265158971455, 'train_loss': 0.0050783767851873135, 'mae': 0.3709394337959975, 'elapsed_time': 26.15802240371704}
2021-10-13 02:13:00,229 multi task weight : 1.0
2021-10-13 02:13:26,041 {'epoch': 19, 'lr': 0.0040391536883141455, 'train_loss': 0.005111936929606696, 'mae': 0.40373546955529843, 'elapsed_time': 26.299328565597534}
2021-10-13 02:13:26,641 multi task weight : 1.0
2021-10-13 02:13:52,432 {'epoch': 20, 'lr': 0.003897982258676867, 'train_loss': 0.005022053077886088, 'mae': 0.3657640699237477, 'elapsed_time': 26.390652894973755}
2021-10-13 02:13:53,075 multi task weight : 1.0
2021-10-13 02:14:19,151 {'epoch': 21, 'lr': 0.00375, 'train_loss': 0.0049254443963052735, 'mae': 0.3480725840480944, 'elapsed_time': 26.589990377426147}
2021-10-13 02:14:19,950 multi task weight : 1.0
2021-10-13 02:14:45,635 {'epoch': 22, 'lr': 0.003595927866972694, 'train_loss': 0.004875533777487207, 'mae': 0.3575800487443064, 'elapsed_time': 26.34458827972412}
2021-10-13 02:14:46,117 multi task weight : 1.0
2021-10-13 02:15:11,784 {'epoch': 23, 'lr': 0.0034365164835397804, 'train_loss': 0.004864906166625228, 'mae': 0.33312057778547727, 'elapsed_time': 26.14932942390442}
2021-10-13 02:15:12,454 multi task weight : 1.0
2021-10-13 02:15:38,307 {'epoch': 24, 'lr': 0.0032725424859373687, 'train_loss': 0.004813669468884124, 'mae': 0.3273918225148725, 'elapsed_time': 26.394556999206543}
2021-10-13 02:15:38,960 multi task weight : 1.0
2021-10-13 02:16:04,883 {'epoch': 25, 'lr': 0.0031048047389991692, 'train_loss': 0.004747654093741739, 'mae': 0.3150770624162176, 'elapsed_time': 26.443050146102905}
2021-10-13 02:16:05,546 multi task weight : 1.0
2021-10-13 02:16:31,450 {'epoch': 26, 'lr': 0.0029341204441673263, 'train_loss': 0.004704897671523199, 'mae': 0.31246726921432133, 'elapsed_time': 26.430057525634766}
2021-10-13 02:16:32,118 multi task weight : 1.0
2021-10-13 02:16:57,871 {'epoch': 27, 'lr': 0.0027613211581691338, 'train_loss': 0.004674574959902198, 'mae': 0.3073290316695829, 'elapsed_time': 26.283619165420532}
2021-10-13 02:16:58,527 multi task weight : 1.0
2021-10-13 02:17:24,338 {'epoch': 28, 'lr': 0.002587248741756253, 'train_loss': 0.004647881491757766, 'mae': 0.29117326404940197, 'elapsed_time': 26.330867290496826}
2021-10-13 02:17:24,946 multi task weight : 1.0
2021-10-13 02:17:50,753 {'epoch': 29, 'lr': 0.0024127512582437483, 'train_loss': 0.0045871631565119276, 'mae': 0.2901620891689735, 'elapsed_time': 26.287415981292725}
2021-10-13 02:17:51,427 multi task weight : 1.0
2021-10-13 02:18:17,176 {'epoch': 30, 'lr': 0.0022386788418308668, 'train_loss': 0.004538723516337835, 'mae': 0.28583016702994796, 'elapsed_time': 26.28868293762207}
2021-10-13 02:18:17,855 multi task weight : 1.0
2021-10-13 02:18:43,727 {'epoch': 31, 'lr': 0.0020658795558326742, 'train_loss': 0.0044913127416012855, 'mae': 0.27095134837321405, 'elapsed_time': 26.421823978424072}
2021-10-13 02:18:44,376 multi task weight : 1.0
2021-10-13 02:19:10,074 {'epoch': 32, 'lr': 0.001895195261000831, 'train_loss': 0.004444903909488574, 'mae': 0.27259003088363415, 'elapsed_time': 26.206051111221313}
2021-10-13 02:19:10,571 multi task weight : 1.0
2021-10-13 02:19:36,259 {'epoch': 33, 'lr': 0.0017274575140626316, 'train_loss': 0.004401792561162616, 'mae': 0.27226805298405166, 'elapsed_time': 26.18479871749878}
2021-10-13 02:19:36,751 multi task weight : 1.0
2021-10-13 02:20:02,487 {'epoch': 34, 'lr': 0.00156348351646022, 'train_loss': 0.00438132485148921, 'mae': 0.2722494917200639, 'elapsed_time': 26.22743010520935}
2021-10-13 02:20:03,064 multi task weight : 1.0
2021-10-13 02:20:28,747 {'epoch': 35, 'lr': 0.0014040721330273063, 'train_loss': 0.004399198953326448, 'mae': 0.2594442574645614, 'elapsed_time': 26.25980544090271}
2021-10-13 02:20:29,429 multi task weight : 1.0
2021-10-13 02:20:55,166 {'epoch': 36, 'lr': 0.0012500000000000007, 'train_loss': 0.004290889141336824, 'mae': 0.25523095572320004, 'elapsed_time': 26.284313678741455}
2021-10-13 02:20:55,876 multi task weight : 1.0
2021-10-13 02:21:21,715 {'epoch': 37, 'lr': 0.0011020177413231334, 'train_loss': 0.004249259073107033, 'mae': 0.25078329727578685, 'elapsed_time': 26.40117359161377}
2021-10-13 02:21:22,462 multi task weight : 1.0
2021-10-13 02:21:48,221 {'epoch': 38, 'lr': 0.0009608463116858543, 'train_loss': 0.004213584385777721, 'mae': 0.24300197991286018, 'elapsed_time': 26.369601011276245}
2021-10-13 02:21:48,880 multi task weight : 1.0
2021-10-13 02:22:14,566 {'epoch': 39, 'lr': 0.0008271734841028553, 'train_loss': 0.0041737281304467504, 'mae': 0.23945223373608537, 'elapsed_time': 26.218140125274658}
2021-10-13 02:22:15,261 multi task weight : 1.0
2021-10-13 02:22:40,961 {'epoch': 40, 'lr': 0.0007016504991533726, 'train_loss': 0.004138314996514595, 'mae': 0.23706036678418824, 'elapsed_time': 26.26313805580139}
2021-10-13 02:22:41,582 multi task weight : 1.0
2021-10-13 02:23:07,371 {'epoch': 41, 'lr': 0.0005848888922025552, 'train_loss': 0.0041062588838649315, 'mae': 0.2355693249531111, 'elapsed_time': 26.276203870773315}
2021-10-13 02:23:08,048 multi task weight : 1.0
2021-10-13 02:23:33,857 {'epoch': 42, 'lr': 0.00047745751406263163, 'train_loss': 0.004075251267871136, 'mae': 0.23248227002959257, 'elapsed_time': 26.353572368621826}
2021-10-13 02:23:34,513 multi task weight : 1.0
2021-10-13 02:24:00,169 {'epoch': 43, 'lr': 0.0003798797596089351, 'train_loss': 0.004048124637091847, 'mae': 0.23067463356872517, 'elapsed_time': 26.17802381515503}
2021-10-13 02:24:00,841 multi task weight : 1.0
2021-10-13 02:24:26,612 {'epoch': 44, 'lr': 0.00029263101785268256, 'train_loss': 0.004025832594744491, 'mae': 0.22938831648229718, 'elapsed_time': 26.31658387184143}
2021-10-13 02:24:27,289 multi task weight : 1.0
2021-10-13 02:24:52,952 {'epoch': 45, 'lr': 0.00021613635589349755, 'train_loss': 0.0040044091725839216, 'mae': 0.2277663683268497, 'elapsed_time': 26.208298444747925}
2021-10-13 02:24:53,627 multi task weight : 1.0
2021-10-13 02:25:19,367 {'epoch': 46, 'lr': 0.00015076844803522921, 'train_loss': 0.003987539628233003, 'mae': 0.2273926867429836, 'elapsed_time': 26.282179832458496}
2021-10-13 02:25:19,997 multi task weight : 1.0
2021-10-13 02:25:45,967 {'epoch': 47, 'lr': 9.684576015420277e-05, 'train_loss': 0.003974276577660072, 'mae': 0.2268574092768989, 'elapsed_time': 26.465850830078125}
2021-10-13 02:25:46,617 multi task weight : 1.0
2021-10-13 02:26:12,490 {'epoch': 48, 'lr': 5.4630998165485776e-05, 'train_loss': 0.003963386277792231, 'mae': 0.22607198834942385, 'elapsed_time': 26.38533043861389}
2021-10-13 02:26:13,140 multi task weight : 1.0
2021-10-13 02:26:39,015 {'epoch': 49, 'lr': 2.4329828146074097e-05, 'train_loss': 0.003956764675750884, 'mae': 0.22596471750789782, 'elapsed_time': 26.393986225128174}
2021-10-13 02:26:39,697 multi task weight : 1.0
2021-10-13 02:27:05,440 {'epoch': 50, 'lr': 6.089874350439506e-06, 'train_loss': 0.003952901692403082, 'mae': 0.22593402606016158, 'elapsed_time': 26.28768491744995}
2021-10-13 02:27:54,767 Total CV: 0.22593402606016158
2021-10-13 02:33:50,473 Fold 0
2021-10-13 02:33:57,472 train run device : cuda:0
2021-10-13 02:34:35,748 multi task weight : 1.0
2021-10-13 02:35:01,526 {'epoch': 1, 'lr': 0.0, 'train_loss': 0.013489054179965779, 'mae': 31.622689960329627, 'elapsed_time': 26.39869737625122}
2021-10-13 02:35:02,263 multi task weight : 1.0
2021-10-13 02:35:28,103 {'epoch': 2, 'lr': 0.001, 'train_loss': 0.00953009243118913, 'mae': 2.2250506652158393, 'elapsed_time': 26.460225105285645}
2021-10-13 02:35:28,802 multi task weight : 1.0
2021-10-13 02:35:54,819 {'epoch': 3, 'lr': 0.002, 'train_loss': 0.0077634839090469894, 'mae': 1.652883887609288, 'elapsed_time': 26.591399669647217}
2021-10-13 02:35:55,449 multi task weight : 1.0
2021-10-13 02:36:21,562 {'epoch': 4, 'lr': 0.003, 'train_loss': 0.006917479573060851, 'mae': 1.2457238630007001, 'elapsed_time': 26.615652322769165}
2021-10-13 02:36:22,274 multi task weight : 1.0
2021-10-13 02:36:48,295 {'epoch': 5, 'lr': 0.004, 'train_loss': 0.0065207558526670486, 'mae': 0.8250703052265879, 'elapsed_time': 26.606444120407104}
2021-10-13 02:36:48,997 multi task weight : 1.0
2021-10-13 02:37:15,068 {'epoch': 6, 'lr': 0.005, 'train_loss': 0.006301544884169157, 'mae': 0.7392438665543493, 'elapsed_time': 26.64717960357666}
2021-10-13 02:37:15,740 multi task weight : 1.0
2021-10-13 02:37:41,832 {'epoch': 7, 'lr': 0.004993910125649561, 'train_loss': 0.005997144899437805, 'mae': 0.7054101069956873, 'elapsed_time': 26.63573408126831}
2021-10-13 02:37:42,500 multi task weight : 1.0
2021-10-13 02:38:08,619 {'epoch': 8, 'lr': 0.004975670171853926, 'train_loss': 0.0058081994197319645, 'mae': 0.7258698856153606, 'elapsed_time': 26.65395736694336}
2021-10-13 02:38:09,181 multi task weight : 1.0
2021-10-13 02:38:35,506 {'epoch': 9, 'lr': 0.004945369001834514, 'train_loss': 0.005612814643669002, 'mae': 0.5716927813128597, 'elapsed_time': 26.886547088623047}
2021-10-13 02:38:36,192 multi task weight : 1.0
2021-10-13 02:39:02,341 {'epoch': 10, 'lr': 0.004903154239845798, 'train_loss': 0.005500447785641043, 'mae': 0.5125928052135936, 'elapsed_time': 26.701842069625854}
2021-10-13 02:39:02,994 multi task weight : 1.0
2021-10-13 02:39:29,015 {'epoch': 11, 'lr': 0.0048492315519647715, 'train_loss': 0.005435184171612172, 'mae': 0.4878176468022326, 'elapsed_time': 26.550729274749756}
2021-10-13 02:39:29,704 multi task weight : 1.0
2021-10-13 02:39:55,767 {'epoch': 12, 'lr': 0.004783863644106502, 'train_loss': 0.00534996590604839, 'mae': 0.45016728373996284, 'elapsed_time': 26.618096828460693}
2021-10-13 02:39:56,401 multi task weight : 1.0
2021-10-13 02:40:22,523 {'epoch': 13, 'lr': 0.0047073689821473174, 'train_loss': 0.005232737754021677, 'mae': 0.3978185704884039, 'elapsed_time': 26.629069805145264}
2021-10-13 02:40:23,204 multi task weight : 1.0
2021-10-13 02:40:49,277 {'epoch': 14, 'lr': 0.004620120240391065, 'train_loss': 0.005157130304909132, 'mae': 0.3909761289351445, 'elapsed_time': 26.624409675598145}
2021-10-13 02:40:49,911 multi task weight : 1.0
2021-10-13 02:41:16,087 {'epoch': 15, 'lr': 0.0045225424859373685, 'train_loss': 0.005090398552245538, 'mae': 0.4106626007360138, 'elapsed_time': 26.68124771118164}
2021-10-13 02:41:16,711 multi task weight : 1.0
2021-10-13 02:41:42,780 {'epoch': 16, 'lr': 0.004415111107797445, 'train_loss': 0.00501443035085917, 'mae': 0.34924412991082493, 'elapsed_time': 26.692836046218872}
2021-10-13 02:41:43,461 multi task weight : 1.0
2021-10-13 02:42:09,522 {'epoch': 17, 'lr': 0.004298349500846628, 'train_loss': 0.004993970221127004, 'mae': 0.3548066936859468, 'elapsed_time': 26.60570192337036}
2021-10-13 02:42:10,179 multi task weight : 1.0
2021-10-13 02:42:36,206 {'epoch': 18, 'lr': 0.0041728265158971455, 'train_loss': 0.004928716908550326, 'mae': 0.34183972054153294, 'elapsed_time': 26.683887720108032}
2021-10-13 02:42:36,853 multi task weight : 1.0
2021-10-13 02:43:02,924 {'epoch': 19, 'lr': 0.0040391536883141455, 'train_loss': 0.004872432989028213, 'mae': 0.33029549657334284, 'elapsed_time': 26.58454942703247}
2021-10-13 02:43:03,563 multi task weight : 1.0
2021-10-13 02:43:29,821 {'epoch': 20, 'lr': 0.003897982258676867, 'train_loss': 0.00481670255926447, 'mae': 0.31958641356388884, 'elapsed_time': 26.767508506774902}
2021-10-13 02:43:30,497 multi task weight : 1.0
2021-10-13 02:43:56,700 {'epoch': 21, 'lr': 0.00375, 'train_loss': 0.004772952955396386, 'mae': 0.3076440990921249, 'elapsed_time': 26.745413064956665}
2021-10-13 02:43:57,405 multi task weight : 1.0
2021-10-13 02:44:23,629 {'epoch': 22, 'lr': 0.003595927866972694, 'train_loss': 0.004741371811581733, 'mae': 0.32891372141563746, 'elapsed_time': 26.79590916633606}
2021-10-13 02:44:24,183 multi task weight : 1.0
2021-10-13 02:44:50,409 {'epoch': 23, 'lr': 0.0034365164835397804, 'train_loss': 0.004694032337272143, 'mae': 0.29376969351397664, 'elapsed_time': 26.77906823158264}
2021-10-13 02:44:51,114 multi task weight : 1.0
2021-10-13 02:45:17,213 {'epoch': 24, 'lr': 0.0032725424859373687, 'train_loss': 0.004640469375708942, 'mae': 0.2945035656107566, 'elapsed_time': 26.678396940231323}
2021-10-13 02:45:17,734 multi task weight : 1.0
2021-10-13 02:45:43,859 {'epoch': 25, 'lr': 0.0031048047389991692, 'train_loss': 0.004571742625170152, 'mae': 0.28235207858815015, 'elapsed_time': 26.645758152008057}
2021-10-13 02:45:44,473 multi task weight : 1.0
2021-10-13 02:46:10,570 {'epoch': 26, 'lr': 0.0029341204441673263, 'train_loss': 0.004538977782089557, 'mae': 0.3650286794380598, 'elapsed_time': 26.585432529449463}
2021-10-13 02:46:11,110 multi task weight : 1.0
2021-10-13 02:46:37,242 {'epoch': 27, 'lr': 0.0027613211581691338, 'train_loss': 0.004550327948184105, 'mae': 0.26914340802478703, 'elapsed_time': 26.671443939208984}
2021-10-13 02:46:37,984 multi task weight : 1.0
2021-10-13 02:47:04,301 {'epoch': 28, 'lr': 0.002587248741756253, 'train_loss': 0.004469560652556524, 'mae': 0.26227012442058156, 'elapsed_time': 26.927348852157593}
2021-10-13 02:47:04,941 multi task weight : 1.0
2021-10-13 02:47:31,019 {'epoch': 29, 'lr': 0.0024127512582437483, 'train_loss': 0.004418972831755146, 'mae': 0.2511892022996385, 'elapsed_time': 26.590349197387695}
2021-10-13 02:47:31,647 multi task weight : 1.0
2021-10-13 02:47:57,851 {'epoch': 30, 'lr': 0.0022386788418308668, 'train_loss': 0.0043596925879251566, 'mae': 0.24637047425058956, 'elapsed_time': 26.704201459884644}
2021-10-13 02:47:58,531 multi task weight : 1.0
2021-10-13 02:48:24,733 {'epoch': 31, 'lr': 0.0020658795558326742, 'train_loss': 0.0043104943137361644, 'mae': 0.24239472157213152, 'elapsed_time': 26.700348377227783}
2021-10-13 02:48:25,402 multi task weight : 1.0
2021-10-13 02:48:51,642 {'epoch': 32, 'lr': 0.001895195261000831, 'train_loss': 0.004281937092483399, 'mae': 0.24791554760628592, 'elapsed_time': 26.77733612060547}
2021-10-13 02:48:52,173 multi task weight : 1.0
2021-10-13 02:49:18,375 {'epoch': 33, 'lr': 0.0017274575140626316, 'train_loss': 0.004226873804197318, 'mae': 0.23571741652029368, 'elapsed_time': 26.73301100730896}
2021-10-13 02:49:19,011 multi task weight : 1.0
2021-10-13 02:49:45,019 {'epoch': 34, 'lr': 0.00156348351646022, 'train_loss': 0.004173531881462587, 'mae': 0.2293950634186564, 'elapsed_time': 26.51742911338806}
2021-10-13 02:49:45,661 multi task weight : 1.0
2021-10-13 02:50:11,764 {'epoch': 35, 'lr': 0.0014040721330273063, 'train_loss': 0.004125874981807509, 'mae': 0.22633701432909856, 'elapsed_time': 26.6151864528656}
2021-10-13 02:50:12,464 multi task weight : 1.0
2021-10-13 02:50:38,589 {'epoch': 36, 'lr': 0.0012500000000000007, 'train_loss': 0.004090960599319124, 'mae': 0.2261936869606277, 'elapsed_time': 26.690387964248657}
2021-10-13 02:50:39,252 multi task weight : 1.0
2021-10-13 02:51:05,392 {'epoch': 37, 'lr': 0.0011020177413231334, 'train_loss': 0.004038636659928076, 'mae': 0.2214849904640585, 'elapsed_time': 26.6688334941864}
2021-10-13 02:51:06,109 multi task weight : 1.0
2021-10-13 02:51:32,216 {'epoch': 38, 'lr': 0.0009608463116858543, 'train_loss': 0.004005948295650141, 'mae': 0.2199255059436403, 'elapsed_time': 26.692986488342285}
2021-10-13 02:51:32,835 multi task weight : 1.0
2021-10-13 02:51:58,983 {'epoch': 39, 'lr': 0.0008271734841028553, 'train_loss': 0.003955352120718631, 'mae': 0.22017640747120074, 'elapsed_time': 26.638529539108276}
2021-10-13 02:51:59,474 multi task weight : 1.0
2021-10-13 02:52:25,710 {'epoch': 40, 'lr': 0.0007016504991533726, 'train_loss': 0.003922827288044297, 'mae': 0.2145214726693945, 'elapsed_time': 26.7258939743042}
2021-10-13 02:52:26,331 multi task weight : 1.0
2021-10-13 02:52:52,456 {'epoch': 41, 'lr': 0.0005848888922025552, 'train_loss': 0.0038809396953595403, 'mae': 0.21213421267692448, 'elapsed_time': 26.616984844207764}
2021-10-13 02:52:53,107 multi task weight : 1.0
2021-10-13 02:53:19,379 {'epoch': 42, 'lr': 0.00047745751406263163, 'train_loss': 0.0038486214703957397, 'mae': 0.21104954246093396, 'elapsed_time': 26.79251980781555}
2021-10-13 02:53:20,116 multi task weight : 1.0
2021-10-13 02:53:46,270 {'epoch': 43, 'lr': 0.0003798797596089351, 'train_loss': 0.0038201528384718695, 'mae': 0.21004957341342773, 'elapsed_time': 26.749476194381714}
2021-10-13 02:53:46,958 multi task weight : 1.0
2021-10-13 02:54:12,995 {'epoch': 44, 'lr': 0.00029263101785268256, 'train_loss': 0.003794617602333792, 'mae': 0.20855976174929025, 'elapsed_time': 26.596964836120605}
2021-10-13 02:54:13,632 multi task weight : 1.0
2021-10-13 02:54:39,840 {'epoch': 45, 'lr': 0.00021613635589349755, 'train_loss': 0.0037730844329729074, 'mae': 0.20900603513156873, 'elapsed_time': 26.71864652633667}
2021-10-13 02:54:40,347 multi task weight : 1.0
2021-10-13 02:55:06,542 {'epoch': 46, 'lr': 0.00015076844803522921, 'train_loss': 0.003753899155348796, 'mae': 0.2072272476287997, 'elapsed_time': 26.700939416885376}
2021-10-13 02:55:07,187 multi task weight : 1.0
2021-10-13 02:55:33,344 {'epoch': 47, 'lr': 9.684576015420277e-05, 'train_loss': 0.0037390936104330186, 'mae': 0.20705690413559885, 'elapsed_time': 26.673920154571533}
2021-10-13 02:55:33,983 multi task weight : 1.0
2021-10-13 02:56:00,167 {'epoch': 48, 'lr': 5.4630998165485776e-05, 'train_loss': 0.0037289947863838545, 'mae': 0.20697572164992897, 'elapsed_time': 26.69315218925476}
2021-10-13 02:56:00,813 multi task weight : 1.0
2021-10-13 02:56:26,988 {'epoch': 49, 'lr': 2.4329828146074097e-05, 'train_loss': 0.003721480716372895, 'mae': 0.206782666534742, 'elapsed_time': 26.688597917556763}
2021-10-13 02:56:27,701 multi task weight : 1.0
2021-10-13 02:56:53,950 {'epoch': 50, 'lr': 6.089874350439506e-06, 'train_loss': 0.0037167385111904205, 'mae': 0.2066956529683069, 'elapsed_time': 26.832188606262207}
2021-10-13 02:57:43,644 Total CV: 0.2066956529683069
2021-10-13 03:50:22,215 Fold 0
2021-10-13 03:50:30,691 train run device : cuda:0
2021-10-13 04:00:36,077 Fold 0
2021-10-13 04:00:44,495 train run device : cuda:0
2021-10-13 04:01:25,938 multi task weight : 1.0
2021-10-13 04:01:51,860 {'epoch': 1, 'lr': 0.0, 'train_loss': 0.01354198719666761, 'mae': 9.935779028732414, 'elapsed_time': 26.478749752044678}
2021-10-13 04:01:52,508 multi task weight : 1.0
2021-10-13 04:02:18,851 {'epoch': 2, 'lr': 0.001, 'train_loss': 0.009714631800465112, 'mae': 4.142078221404341, 'elapsed_time': 26.8651282787323}
2021-10-13 04:02:19,580 multi task weight : 1.0
2021-10-13 04:02:45,808 {'epoch': 3, 'lr': 0.002, 'train_loss': 0.00763101287832949, 'mae': 1.5017328663799747, 'elapsed_time': 26.830076217651367}
2021-10-13 04:02:46,490 multi task weight : 1.0
2021-10-13 04:03:12,789 {'epoch': 4, 'lr': 0.003, 'train_loss': 0.006803137364175795, 'mae': 1.120497788165809, 'elapsed_time': 26.84872841835022}
2021-10-13 04:03:13,438 multi task weight : 1.0
2021-10-13 04:03:39,621 {'epoch': 5, 'lr': 0.004, 'train_loss': 0.0063323684841532675, 'mae': 0.9440896187836801, 'elapsed_time': 26.707853317260742}
2021-10-13 04:03:40,306 multi task weight : 1.0
2021-10-13 04:04:06,452 {'epoch': 6, 'lr': 0.005, 'train_loss': 0.006094217746758635, 'mae': 1.0591913545313476, 'elapsed_time': 26.70569920539856}
2021-10-13 04:04:06,946 multi task weight : 1.0
2021-10-13 04:04:33,352 {'epoch': 7, 'lr': 0.004993910125649561, 'train_loss': 0.005809407047754569, 'mae': 0.634438873732281, 'elapsed_time': 26.899805068969727}
2021-10-13 04:04:34,017 multi task weight : 1.0
2021-10-13 04:05:00,338 {'epoch': 8, 'lr': 0.004975670171853926, 'train_loss': 0.005617517529140647, 'mae': 0.5655063840718872, 'elapsed_time': 26.853879928588867}
2021-10-13 04:05:01,051 multi task weight : 1.0
2021-10-13 04:05:27,280 {'epoch': 9, 'lr': 0.004945369001834514, 'train_loss': 0.005451372777333395, 'mae': 0.5939150541004127, 'elapsed_time': 26.817206382751465}
2021-10-13 04:05:27,840 multi task weight : 1.0
2021-10-13 04:05:54,139 {'epoch': 10, 'lr': 0.004903154239845798, 'train_loss': 0.005343764297530855, 'mae': 0.44214088247788647, 'elapsed_time': 26.858385801315308}
2021-10-13 04:05:54,889 multi task weight : 1.0
2021-10-13 04:06:20,923 {'epoch': 11, 'lr': 0.0048492315519647715, 'train_loss': 0.005229113570422507, 'mae': 0.41394319604498037, 'elapsed_time': 26.65916419029236}
2021-10-13 04:06:21,571 multi task weight : 1.0
2021-10-13 04:06:47,745 {'epoch': 12, 'lr': 0.004783863644106502, 'train_loss': 0.005147203824787127, 'mae': 0.414191652508398, 'elapsed_time': 26.699193477630615}
2021-10-13 04:06:48,353 multi task weight : 1.0
2021-10-13 04:07:14,541 {'epoch': 13, 'lr': 0.0047073689821473174, 'train_loss': 0.00507530931845021, 'mae': 0.3929680846206002, 'elapsed_time': 26.796138525009155}
2021-10-13 04:07:15,270 multi task weight : 1.0
2021-10-13 04:07:41,451 {'epoch': 14, 'lr': 0.004620120240391065, 'train_loss': 0.005008129804161228, 'mae': 0.3637526412084455, 'elapsed_time': 26.784900903701782}
2021-10-13 04:07:42,114 multi task weight : 1.0
2021-10-13 04:08:08,271 {'epoch': 15, 'lr': 0.0045225424859373685, 'train_loss': 0.004962855012626976, 'mae': 0.37845480237793355, 'elapsed_time': 26.69319772720337}
2021-10-13 04:08:08,785 multi task weight : 1.0
2021-10-13 04:08:34,965 {'epoch': 16, 'lr': 0.004415111107797445, 'train_loss': 0.0048981989472808235, 'mae': 0.33662673330506504, 'elapsed_time': 26.693003177642822}
2021-10-13 04:08:35,642 multi task weight : 1.0
2021-10-13 04:09:01,847 {'epoch': 17, 'lr': 0.004298349500846628, 'train_loss': 0.004834320203131441, 'mae': 0.34936875330219297, 'elapsed_time': 26.758572101593018}
2021-10-13 04:09:02,395 multi task weight : 1.0
2021-10-13 04:09:28,652 {'epoch': 18, 'lr': 0.0041728265158971455, 'train_loss': 0.004805169289597144, 'mae': 0.3590293557280829, 'elapsed_time': 26.80382990837097}
2021-10-13 04:09:29,217 multi task weight : 1.0
2021-10-13 04:09:55,336 {'epoch': 19, 'lr': 0.0040391536883141455, 'train_loss': 0.004738801417562486, 'mae': 0.3246486956669211, 'elapsed_time': 26.684127807617188}
2021-10-13 04:09:56,120 multi task weight : 1.0
2021-10-13 04:10:22,242 {'epoch': 20, 'lr': 0.003897982258676867, 'train_loss': 0.004684880065791571, 'mae': 0.3038580336250582, 'elapsed_time': 26.784982204437256}
2021-10-13 04:10:22,849 multi task weight : 1.0
2021-10-13 04:10:49,118 {'epoch': 21, 'lr': 0.00375, 'train_loss': 0.00466223946859538, 'mae': 0.2867411174224333, 'elapsed_time': 26.751839637756348}
2021-10-13 04:10:49,889 multi task weight : 1.0
2021-10-13 04:11:16,154 {'epoch': 22, 'lr': 0.003595927866972694, 'train_loss': 0.004583634790637937, 'mae': 0.2897241097743301, 'elapsed_time': 26.907201290130615}
2021-10-13 04:11:16,714 multi task weight : 1.0
2021-10-13 04:11:43,147 {'epoch': 23, 'lr': 0.0034365164835397804, 'train_loss': 0.004549388691160835, 'mae': 0.2686110439868286, 'elapsed_time': 26.99267268180847}
2021-10-13 04:11:43,839 multi task weight : 1.0
2021-10-13 04:12:10,183 {'epoch': 24, 'lr': 0.0032725424859373687, 'train_loss': 0.0045084001964255625, 'mae': 0.27184358051267976, 'elapsed_time': 26.901395559310913}
2021-10-13 04:12:10,717 multi task weight : 1.0
2021-10-13 04:12:37,040 {'epoch': 25, 'lr': 0.0031048047389991692, 'train_loss': 0.00448926786384178, 'mae': 0.2748953312944724, 'elapsed_time': 26.856854915618896}
2021-10-13 04:12:37,710 multi task weight : 1.0
2021-10-13 04:13:04,157 {'epoch': 26, 'lr': 0.0029341204441673263, 'train_loss': 0.00444529005199809, 'mae': 0.25771244396349874, 'elapsed_time': 27.115954160690308}
2021-10-13 04:13:04,850 multi task weight : 1.0
2021-10-13 04:13:31,214 {'epoch': 27, 'lr': 0.0027613211581691338, 'train_loss': 0.004375051263154461, 'mae': 0.2544347810871347, 'elapsed_time': 26.92775821685791}
2021-10-13 04:13:31,950 multi task weight : 1.0
2021-10-13 04:13:58,283 {'epoch': 28, 'lr': 0.002587248741756253, 'train_loss': 0.004317502196535043, 'mae': 0.24635100153373826, 'elapsed_time': 26.935150861740112}
2021-10-13 04:13:58,934 multi task weight : 1.0
2021-10-13 04:14:25,323 {'epoch': 29, 'lr': 0.0024127512582437483, 'train_loss': 0.0042817568960689095, 'mae': 0.24732855284648647, 'elapsed_time': 26.90862774848938}
2021-10-13 04:14:25,859 multi task weight : 1.0
2021-10-13 04:14:52,489 {'epoch': 30, 'lr': 0.0022386788418308668, 'train_loss': 0.004261871285593376, 'mae': 0.25443065276164945, 'elapsed_time': 27.165823936462402}
2021-10-13 04:14:53,024 multi task weight : 1.0
2021-10-13 04:15:19,468 {'epoch': 31, 'lr': 0.0020658795558326742, 'train_loss': 0.004216397831659589, 'mae': 0.24078658787620674, 'elapsed_time': 26.978562831878662}
2021-10-13 04:15:20,136 multi task weight : 1.0
2021-10-13 04:15:46,638 {'epoch': 32, 'lr': 0.001895195261000831, 'train_loss': 0.004143114363301899, 'mae': 0.23807768483133374, 'elapsed_time': 27.043828010559082}
2021-10-13 04:15:47,458 multi task weight : 1.0
2021-10-13 04:16:13,883 {'epoch': 33, 'lr': 0.0017274575140626316, 'train_loss': 0.004128544780100474, 'mae': 0.23054265853784553, 'elapsed_time': 27.111032485961914}
2021-10-13 04:16:14,558 multi task weight : 1.0
2021-10-13 04:16:40,949 {'epoch': 34, 'lr': 0.00156348351646022, 'train_loss': 0.004054462020961238, 'mae': 0.22461440401703267, 'elapsed_time': 26.93031096458435}
2021-10-13 04:16:41,698 multi task weight : 1.0
2021-10-13 04:17:08,038 {'epoch': 35, 'lr': 0.0014040721330273063, 'train_loss': 0.004003671579917114, 'mae': 0.22151308418809945, 'elapsed_time': 26.964258670806885}
2021-10-13 04:17:08,709 multi task weight : 1.0
2021-10-13 04:17:35,164 {'epoch': 36, 'lr': 0.0012500000000000007, 'train_loss': 0.003956530355237982, 'mae': 0.21900151016421324, 'elapsed_time': 26.995495080947876}
2021-10-13 04:17:35,841 multi task weight : 1.0
2021-10-13 04:18:02,375 {'epoch': 37, 'lr': 0.0011020177413231334, 'train_loss': 0.003914184444704302, 'mae': 0.21514944862203284, 'elapsed_time': 27.08195400238037}
2021-10-13 04:18:03,083 multi task weight : 1.0
2021-10-13 04:18:29,429 {'epoch': 38, 'lr': 0.0009608463116858543, 'train_loss': 0.0038665080817034893, 'mae': 0.213344879559934, 'elapsed_time': 26.919662475585938}
2021-10-13 04:18:30,080 multi task weight : 1.0
2021-10-13 04:18:56,393 {'epoch': 39, 'lr': 0.0008271734841028553, 'train_loss': 0.0038311093828392157, 'mae': 0.21022836087970043, 'elapsed_time': 26.83542275428772}
2021-10-13 04:18:57,088 multi task weight : 1.0
2021-10-13 04:19:23,420 {'epoch': 40, 'lr': 0.0007016504991533726, 'train_loss': 0.0037838474735667014, 'mae': 0.21055401552700515, 'elapsed_time': 26.901186227798462}
2021-10-13 04:19:24,025 multi task weight : 1.0
2021-10-13 04:19:50,382 {'epoch': 41, 'lr': 0.0005848888922025552, 'train_loss': 0.00374377426562363, 'mae': 0.204844742799689, 'elapsed_time': 26.960881233215332}
2021-10-13 04:19:51,160 multi task weight : 1.0
2021-10-13 04:20:17,544 {'epoch': 42, 'lr': 0.00047745751406263163, 'train_loss': 0.0037082863177899258, 'mae': 0.20315112693182275, 'elapsed_time': 27.026451110839844}
2021-10-13 04:20:18,288 multi task weight : 1.0
2021-10-13 04:20:44,603 {'epoch': 43, 'lr': 0.0003798797596089351, 'train_loss': 0.0036770278329956683, 'mae': 0.20290067844611623, 'elapsed_time': 26.931471347808838}
2021-10-13 04:20:45,267 multi task weight : 1.0
2021-10-13 04:21:11,759 {'epoch': 44, 'lr': 0.00029263101785268256, 'train_loss': 0.003648778865319992, 'mae': 0.2024697548120829, 'elapsed_time': 27.022666454315186}
2021-10-13 04:21:12,492 multi task weight : 1.0
2021-10-13 04:21:39,016 {'epoch': 45, 'lr': 0.00021613635589349755, 'train_loss': 0.0036263549304150684, 'mae': 0.20140288518676613, 'elapsed_time': 27.126665592193604}
2021-10-13 04:21:39,707 multi task weight : 1.0
2021-10-13 04:22:06,202 {'epoch': 46, 'lr': 0.00015076844803522921, 'train_loss': 0.0036048085781183363, 'mae': 0.20153639809567223, 'elapsed_time': 27.048787117004395}
2021-10-13 04:22:06,741 multi task weight : 1.0
2021-10-13 04:22:33,188 {'epoch': 47, 'lr': 9.684576015420277e-05, 'train_loss': 0.003590068995281116, 'mae': 0.20126522972234837, 'elapsed_time': 26.98511552810669}
2021-10-13 04:22:33,934 multi task weight : 1.0
2021-10-13 04:23:00,374 {'epoch': 48, 'lr': 5.4630998165485776e-05, 'train_loss': 0.003578965353049372, 'mae': 0.2007233544007263, 'elapsed_time': 27.056199550628662}
2021-10-13 04:23:01,106 multi task weight : 1.0
2021-10-13 04:23:27,777 {'epoch': 49, 'lr': 2.4329828146074097e-05, 'train_loss': 0.003571197988972749, 'mae': 0.20067040926346083, 'elapsed_time': 27.275641918182373}
2021-10-13 04:23:28,550 multi task weight : 1.0
2021-10-13 04:23:55,135 {'epoch': 50, 'lr': 6.089874350439506e-06, 'train_loss': 0.0035672411016473083, 'mae': 0.20062252944462633, 'elapsed_time': 27.227236032485962}
2021-10-13 04:24:48,259 Total CV: 0.20062252944462633
2021-10-13 04:37:50,628 Fold 0
2021-10-13 04:37:59,556 train run device : cuda:0
2021-10-13 04:38:40,666 multi task weight : 1.0
2021-10-13 04:39:06,597 {'epoch': 1, 'lr': 0.0, 'train_loss': 0.013541919289241965, 'mae': 9.935779028732414, 'elapsed_time': 26.49977469444275}
2021-10-13 04:39:07,297 multi task weight : 1.0
2021-10-13 04:39:33,408 {'epoch': 2, 'lr': 0.001, 'train_loss': 0.009681697797111678, 'mae': 3.834477592187556, 'elapsed_time': 26.6910080909729}
2021-10-13 04:39:34,099 multi task weight : 1.0
2021-10-13 04:40:00,427 {'epoch': 3, 'lr': 0.002, 'train_loss': 0.007794380057640151, 'mae': 1.7388571756541098, 'elapsed_time': 26.892627716064453}
2021-10-13 04:40:01,098 multi task weight : 1.0
2021-10-13 04:40:27,562 {'epoch': 4, 'lr': 0.003, 'train_loss': 0.006796334360987245, 'mae': 0.9910487045651207, 'elapsed_time': 27.005900859832764}
2021-10-13 04:40:28,317 multi task weight : 1.0
2021-10-13 04:40:54,806 {'epoch': 5, 'lr': 0.004, 'train_loss': 0.006492286995596408, 'mae': 0.9038391178818234, 'elapsed_time': 27.107730627059937}
2021-10-13 04:40:55,531 multi task weight : 1.0
2021-10-13 04:41:21,851 {'epoch': 6, 'lr': 0.005, 'train_loss': 0.006129928781466424, 'mae': 0.8980632758401533, 'elapsed_time': 26.91293478012085}
2021-10-13 04:41:22,523 multi task weight : 1.0
2021-10-13 04:41:48,886 {'epoch': 7, 'lr': 0.004993910125649561, 'train_loss': 0.005848569128195761, 'mae': 0.6309129306490013, 'elapsed_time': 26.90603756904602}
2021-10-13 04:41:49,606 multi task weight : 1.0
2021-10-13 04:42:16,035 {'epoch': 8, 'lr': 0.004975670171853926, 'train_loss': 0.0056561178091427125, 'mae': 0.5509665836743655, 'elapsed_time': 27.017356395721436}
2021-10-13 04:42:16,714 multi task weight : 1.0
2021-10-13 04:42:43,210 {'epoch': 9, 'lr': 0.004945369001834514, 'train_loss': 0.005501693100072913, 'mae': 0.5731600155439356, 'elapsed_time': 27.04344654083252}
2021-10-13 04:42:43,780 multi task weight : 1.0
2021-10-13 04:43:10,139 {'epoch': 10, 'lr': 0.004903154239845798, 'train_loss': 0.0053742006490213184, 'mae': 0.4542981865373201, 'elapsed_time': 26.929174184799194}
2021-10-13 04:43:10,857 multi task weight : 1.0
2021-10-13 04:43:37,037 {'epoch': 11, 'lr': 0.0048492315519647715, 'train_loss': 0.005274895941523861, 'mae': 0.5023049790300486, 'elapsed_time': 26.772016525268555}
2021-10-13 04:43:37,593 multi task weight : 1.0
2021-10-13 04:44:04,120 {'epoch': 12, 'lr': 0.004783863644106502, 'train_loss': 0.0051808881672744805, 'mae': 0.4147200067910693, 'elapsed_time': 27.083147048950195}
2021-10-13 04:44:04,802 multi task weight : 1.0
2021-10-13 04:44:31,141 {'epoch': 13, 'lr': 0.0047073689821473174, 'train_loss': 0.0051089884588622035, 'mae': 0.39378864897500737, 'elapsed_time': 26.887895345687866}
2021-10-13 04:44:31,859 multi task weight : 1.0
2021-10-13 04:44:58,377 {'epoch': 14, 'lr': 0.004620120240391065, 'train_loss': 0.005038160030378894, 'mae': 0.3658044365401087, 'elapsed_time': 27.098942041397095}
2021-10-13 04:44:59,223 multi task weight : 1.0
2021-10-13 04:45:25,484 {'epoch': 15, 'lr': 0.0045225424859373685, 'train_loss': 0.004988933225749264, 'mae': 0.37427755146823105, 'elapsed_time': 26.975168228149414}
2021-10-13 04:45:26,057 multi task weight : 1.0
2021-10-13 04:45:52,486 {'epoch': 16, 'lr': 0.004415111107797445, 'train_loss': 0.004918666281709614, 'mae': 0.34247212512013425, 'elapsed_time': 27.001063346862793}
2021-10-13 04:45:53,151 multi task weight : 1.0
2021-10-13 04:46:19,508 {'epoch': 17, 'lr': 0.004298349500846628, 'train_loss': 0.00486132747057339, 'mae': 0.34128003055749884, 'elapsed_time': 26.89779829978943}
2021-10-13 04:46:20,240 multi task weight : 1.0
2021-10-13 04:46:46,710 {'epoch': 18, 'lr': 0.0041728265158971455, 'train_loss': 0.004820191947097728, 'mae': 0.3231987565626052, 'elapsed_time': 27.069364309310913}
2021-10-13 04:46:47,440 multi task weight : 1.0
2021-10-13 04:47:14,006 {'epoch': 19, 'lr': 0.0040391536883141455, 'train_loss': 0.004768254640009168, 'mae': 0.3170390924072935, 'elapsed_time': 27.15786600112915}
2021-10-13 04:47:14,809 multi task weight : 1.0
2021-10-13 04:47:41,328 {'epoch': 20, 'lr': 0.003897982258676867, 'train_loss': 0.004725732682476461, 'mae': 0.3072994218538749, 'elapsed_time': 27.18704104423523}
2021-10-13 04:47:42,079 multi task weight : 1.0
2021-10-13 04:48:08,746 {'epoch': 21, 'lr': 0.00375, 'train_loss': 0.0046689038998722005, 'mae': 0.2857178241878103, 'elapsed_time': 27.27523946762085}
2021-10-13 04:48:09,444 multi task weight : 1.0
2021-10-13 04:48:36,306 {'epoch': 22, 'lr': 0.003595927866972694, 'train_loss': 0.0046201006160657716, 'mae': 0.281057779867289, 'elapsed_time': 27.423936367034912}
2021-10-13 04:48:36,994 multi task weight : 1.0
2021-10-13 04:49:03,729 {'epoch': 23, 'lr': 0.0034365164835397804, 'train_loss': 0.004570891550631615, 'mae': 0.2808073213955369, 'elapsed_time': 27.285895109176636}
2021-10-13 04:49:04,424 multi task weight : 1.0
2021-10-13 04:49:31,197 {'epoch': 24, 'lr': 0.0032725424859373687, 'train_loss': 0.004535944434962895, 'mae': 0.2718092002027957, 'elapsed_time': 27.32737445831299}
2021-10-13 04:49:32,014 multi task weight : 1.0
2021-10-13 04:49:58,592 {'epoch': 25, 'lr': 0.0031048047389991692, 'train_loss': 0.004501910704188666, 'mae': 0.286753988718148, 'elapsed_time': 27.25787663459778}
2021-10-13 04:49:59,224 multi task weight : 1.0
2021-10-13 04:50:25,771 {'epoch': 26, 'lr': 0.0029341204441673263, 'train_loss': 0.004447084088606736, 'mae': 0.26345639471737703, 'elapsed_time': 27.178682565689087}
2021-10-13 04:50:26,523 multi task weight : 1.0
2021-10-13 04:50:53,170 {'epoch': 27, 'lr': 0.0027613211581691338, 'train_loss': 0.004396767451164341, 'mae': 0.26799134661647844, 'elapsed_time': 27.266525268554688}
2021-10-13 04:50:53,782 multi task weight : 1.0
2021-10-13 04:51:20,352 {'epoch': 28, 'lr': 0.002587248741756253, 'train_loss': 0.004348997512031186, 'mae': 0.2508545126663721, 'elapsed_time': 27.181734085083008}
2021-10-13 04:51:21,080 multi task weight : 1.0
2021-10-13 04:51:47,579 {'epoch': 29, 'lr': 0.0024127512582437483, 'train_loss': 0.004314385726801049, 'mae': 0.25354992736478615, 'elapsed_time': 27.095249891281128}
2021-10-13 04:51:48,138 multi task weight : 1.0
2021-10-13 04:52:14,548 {'epoch': 30, 'lr': 0.0022386788418308668, 'train_loss': 0.00427034059607327, 'mae': 0.24734558043376248, 'elapsed_time': 26.968353033065796}
2021-10-13 04:52:15,252 multi task weight : 1.0
2021-10-13 04:52:41,541 {'epoch': 31, 'lr': 0.0020658795558326742, 'train_loss': 0.0042176735567051185, 'mae': 0.251431831492659, 'elapsed_time': 26.867777824401855}
2021-10-13 04:52:42,123 multi task weight : 1.0
2021-10-13 04:53:08,494 {'epoch': 32, 'lr': 0.001895195261000831, 'train_loss': 0.004177574123113341, 'mae': 0.23391377587001883, 'elapsed_time': 26.95271587371826}
2021-10-13 04:53:09,142 multi task weight : 1.0
2021-10-13 04:53:35,558 {'epoch': 33, 'lr': 0.0017274575140626316, 'train_loss': 0.004137532749738497, 'mae': 0.2304904753781078, 'elapsed_time': 26.93848729133606}
2021-10-13 04:53:36,332 multi task weight : 1.0
2021-10-13 04:54:02,595 {'epoch': 34, 'lr': 0.00156348351646022, 'train_loss': 0.004088792222631618, 'mae': 0.23058316948777463, 'elapsed_time': 26.909334659576416}
2021-10-13 04:54:03,114 multi task weight : 1.0
2021-10-13 04:54:29,260 {'epoch': 35, 'lr': 0.0014040721330273063, 'train_loss': 0.004050344781736572, 'mae': 0.22349627938668415, 'elapsed_time': 26.66495966911316}
2021-10-13 04:54:29,914 multi task weight : 1.0
2021-10-13 04:54:56,261 {'epoch': 36, 'lr': 0.0012500000000000007, 'train_loss': 0.003996489465118165, 'mae': 0.21912811458992273, 'elapsed_time': 26.874496459960938}
2021-10-13 04:54:57,030 multi task weight : 1.0
2021-10-13 04:55:23,352 {'epoch': 37, 'lr': 0.0011020177413231334, 'train_loss': 0.003955701390507207, 'mae': 0.21663772643652565, 'elapsed_time': 26.958189964294434}
2021-10-13 04:55:24,023 multi task weight : 1.0
2021-10-13 04:55:50,277 {'epoch': 38, 'lr': 0.0009608463116858543, 'train_loss': 0.003909978687249721, 'mae': 0.2157665228559625, 'elapsed_time': 26.799344539642334}
2021-10-13 04:55:50,958 multi task weight : 1.0
2021-10-13 04:56:17,308 {'epoch': 39, 'lr': 0.0008271734841028553, 'train_loss': 0.003871405776404955, 'mae': 0.21224056300298305, 'elapsed_time': 26.901514530181885}
2021-10-13 04:56:17,970 multi task weight : 1.0
2021-10-13 04:56:44,272 {'epoch': 40, 'lr': 0.0007016504991533726, 'train_loss': 0.0038294002719870303, 'mae': 0.2094906684875293, 'elapsed_time': 26.837958812713623}
2021-10-13 04:56:44,951 multi task weight : 1.0
2021-10-13 04:57:11,317 {'epoch': 41, 'lr': 0.0005848888922025552, 'train_loss': 0.003793318961692062, 'mae': 0.2099429255833986, 'elapsed_time': 26.914567708969116}
2021-10-13 04:57:11,918 multi task weight : 1.0
2021-10-13 04:57:38,219 {'epoch': 42, 'lr': 0.00047745751406263163, 'train_loss': 0.003759892627527731, 'mae': 0.20770835311086286, 'elapsed_time': 26.90129780769348}
2021-10-13 04:57:38,971 multi task weight : 1.0
2021-10-13 04:58:05,334 {'epoch': 43, 'lr': 0.0003798797596089351, 'train_loss': 0.0037313121786332433, 'mae': 0.2064502649993256, 'elapsed_time': 26.988532066345215}
2021-10-13 04:58:06,021 multi task weight : 1.0
2021-10-13 04:58:32,386 {'epoch': 44, 'lr': 0.00029263101785268256, 'train_loss': 0.0037032487536203472, 'mae': 0.20547286547186638, 'elapsed_time': 26.915603399276733}
2021-10-13 04:58:33,102 multi task weight : 1.0
2021-10-13 04:58:59,248 {'epoch': 45, 'lr': 0.00021613635589349755, 'train_loss': 0.0036804424266770946, 'mae': 0.20562541091678582, 'elapsed_time': 26.731091737747192}
2021-10-13 04:58:59,759 multi task weight : 1.0
2021-10-13 04:59:26,094 {'epoch': 46, 'lr': 0.00015076844803522921, 'train_loss': 0.0036610263183150093, 'mae': 0.20518788671433377, 'elapsed_time': 26.84630537033081}
2021-10-13 04:59:26,847 multi task weight : 1.0
2021-10-13 04:59:53,061 {'epoch': 47, 'lr': 9.684576015420277e-05, 'train_loss': 0.0036465458833594604, 'mae': 0.20471844483948576, 'elapsed_time': 26.836760997772217}
2021-10-13 04:59:53,740 multi task weight : 1.0
2021-10-13 05:00:20,055 {'epoch': 48, 'lr': 5.4630998165485776e-05, 'train_loss': 0.0036359487245855465, 'mae': 0.20461378428347596, 'elapsed_time': 26.865219831466675}
2021-10-13 05:00:20,757 multi task weight : 1.0
2021-10-13 05:00:47,058 {'epoch': 49, 'lr': 2.4329828146074097e-05, 'train_loss': 0.0036281902182568296, 'mae': 0.20435765486298796, 'elapsed_time': 26.872161149978638}
2021-10-13 05:00:47,759 multi task weight : 1.0
2021-10-13 05:01:13,970 {'epoch': 50, 'lr': 6.089874350439506e-06, 'train_loss': 0.0036242940988344733, 'mae': 0.20425268697147783, 'elapsed_time': 26.779509782791138}
2021-10-13 05:02:06,431 Total CV: 0.20425268697147783
2021-10-13 05:55:32,195 Fold 0
2021-10-13 05:55:41,096 train run device : cuda:0
2021-10-13 05:56:49,521 {'epoch': 1, 'lr': 0.0, 'train_loss': 0.013541919289241965, 'mae': 9.935779028732414, 'elapsed_time': 26.06179976463318}
2021-10-13 05:57:15,761 {'epoch': 2, 'lr': 0.001, 'train_loss': 0.009668457839882398, 'mae': 3.640530460674465, 'elapsed_time': 26.123879432678223}
2021-10-13 05:57:42,301 {'epoch': 3, 'lr': 0.002, 'train_loss': 0.007777424760019645, 'mae': 1.4393111751125043, 'elapsed_time': 26.413240671157837}
2021-10-13 05:58:08,666 {'epoch': 4, 'lr': 0.003, 'train_loss': 0.006806835316916504, 'mae': 1.0171193880120064, 'elapsed_time': 26.24194622039795}
2021-10-13 05:58:35,243 {'epoch': 5, 'lr': 0.004, 'train_loss': 0.006482423892315055, 'mae': 0.8856723827151841, 'elapsed_time': 26.4498929977417}
2021-10-13 05:59:01,852 {'epoch': 6, 'lr': 0.005, 'train_loss': 0.006186177925687503, 'mae': 0.7409740027009977, 'elapsed_time': 26.47277069091797}
2021-10-13 05:59:28,238 {'epoch': 7, 'lr': 0.004993910125649561, 'train_loss': 0.0059151879164302005, 'mae': 0.7196726104730112, 'elapsed_time': 26.257091283798218}
2021-10-13 05:59:54,758 {'epoch': 8, 'lr': 0.004975670171853926, 'train_loss': 0.005682107772631231, 'mae': 0.5390474424971257, 'elapsed_time': 26.392934322357178}
2021-10-13 06:00:21,248 {'epoch': 9, 'lr': 0.004945369001834514, 'train_loss': 0.005501420814679742, 'mae': 0.551317835465685, 'elapsed_time': 26.362220287322998}
2021-10-13 06:00:47,627 {'epoch': 10, 'lr': 0.004903154239845798, 'train_loss': 0.005381859569378923, 'mae': 0.44374163773899217, 'elapsed_time': 26.378510236740112}
2021-10-13 06:01:14,027 {'epoch': 11, 'lr': 0.0048492315519647715, 'train_loss': 0.005270231986693628, 'mae': 0.45922832725139906, 'elapsed_time': 26.277395009994507}
2021-10-13 06:01:40,283 {'epoch': 12, 'lr': 0.004783863644106502, 'train_loss': 0.005202839455911069, 'mae': 0.3965010876427744, 'elapsed_time': 26.25534200668335}
2021-10-13 06:02:06,815 {'epoch': 13, 'lr': 0.0047073689821473174, 'train_loss': 0.0051138370814427705, 'mae': 0.4180477173112197, 'elapsed_time': 26.408880710601807}
2021-10-13 06:02:33,126 {'epoch': 14, 'lr': 0.004620120240391065, 'train_loss': 0.005061702277187957, 'mae': 0.42891211004510654, 'elapsed_time': 26.311423540115356}
2021-10-13 06:02:59,364 {'epoch': 15, 'lr': 0.0045225424859373685, 'train_loss': 0.004997608375675714, 'mae': 0.35137556256693225, 'elapsed_time': 26.23708963394165}
2021-10-13 06:03:25,936 {'epoch': 16, 'lr': 0.004415111107797445, 'train_loss': 0.0049281888959264025, 'mae': 0.3462246048558601, 'elapsed_time': 26.448601961135864}
2021-10-13 06:03:52,353 {'epoch': 17, 'lr': 0.004298349500846628, 'train_loss': 0.004863859530392666, 'mae': 0.35384661627239655, 'elapsed_time': 26.289783716201782}
2021-10-13 06:04:18,731 {'epoch': 18, 'lr': 0.0041728265158971455, 'train_loss': 0.004814580626010579, 'mae': 0.36720229891361694, 'elapsed_time': 26.377543687820435}
2021-10-13 06:04:45,110 {'epoch': 19, 'lr': 0.0040391536883141455, 'train_loss': 0.004786939973306624, 'mae': 0.33052784644582395, 'elapsed_time': 26.378690004348755}
2021-10-13 06:05:11,771 {'epoch': 20, 'lr': 0.003897982258676867, 'train_loss': 0.004719938376314834, 'mae': 0.30864438172321823, 'elapsed_time': 26.528839826583862}
2021-10-13 06:05:38,512 {'epoch': 21, 'lr': 0.00375, 'train_loss': 0.004657499548455119, 'mae': 0.29950904698236575, 'elapsed_time': 26.609102487564087}
2021-10-13 06:06:05,050 {'epoch': 22, 'lr': 0.003595927866972694, 'train_loss': 0.004624526559161066, 'mae': 0.2828281252651215, 'elapsed_time': 26.409807920455933}
2021-10-13 06:06:31,519 {'epoch': 23, 'lr': 0.0034365164835397804, 'train_loss': 0.004570349010116143, 'mae': 0.2821225107904617, 'elapsed_time': 26.342681407928467}
2021-10-13 06:06:57,961 {'epoch': 24, 'lr': 0.0032725424859373687, 'train_loss': 0.004534112467048499, 'mae': 0.28434080592390776, 'elapsed_time': 26.318450927734375}
2021-10-13 06:07:24,315 {'epoch': 25, 'lr': 0.0031048047389991692, 'train_loss': 0.004510363492055631, 'mae': 0.2784886716727195, 'elapsed_time': 26.352988719940186}
2021-10-13 06:07:50,796 {'epoch': 26, 'lr': 0.0029341204441673263, 'train_loss': 0.00444958230136166, 'mae': 0.2691240738699193, 'elapsed_time': 26.35870385169983}
2021-10-13 06:08:17,217 {'epoch': 27, 'lr': 0.0027613211581691338, 'train_loss': 0.004395592437823771, 'mae': 0.25350725590560047, 'elapsed_time': 26.28843331336975}
2021-10-13 06:08:43,646 {'epoch': 28, 'lr': 0.002587248741756253, 'train_loss': 0.004359285550215451, 'mae': 0.2508939429690237, 'elapsed_time': 26.304291486740112}
2021-10-13 06:09:10,209 {'epoch': 29, 'lr': 0.0024127512582437483, 'train_loss': 0.004309442072534024, 'mae': 0.2521000092565678, 'elapsed_time': 26.439920902252197}
2021-10-13 06:09:36,629 {'epoch': 30, 'lr': 0.0022386788418308668, 'train_loss': 0.0042715793535992195, 'mae': 0.27298995004088716, 'elapsed_time': 26.4190034866333}
2021-10-13 06:10:03,056 {'epoch': 31, 'lr': 0.0020658795558326742, 'train_loss': 0.004241410970213873, 'mae': 0.23945100378374076, 'elapsed_time': 26.427407264709473}
2021-10-13 06:10:29,434 {'epoch': 32, 'lr': 0.001895195261000831, 'train_loss': 0.004165602512435458, 'mae': 0.2364437563648887, 'elapsed_time': 26.2591392993927}
2021-10-13 06:10:55,949 {'epoch': 33, 'lr': 0.0017274575140626316, 'train_loss': 0.004125186411887308, 'mae': 0.230050503350226, 'elapsed_time': 26.391992568969727}
2021-10-13 06:11:22,368 {'epoch': 34, 'lr': 0.00156348351646022, 'train_loss': 0.004079952419317662, 'mae': 0.22825146757300338, 'elapsed_time': 26.291821241378784}
2021-10-13 06:11:48,882 {'epoch': 35, 'lr': 0.0014040721330273063, 'train_loss': 0.004039321185106312, 'mae': 0.2220598624593058, 'elapsed_time': 26.391606092453003}
2021-10-13 06:12:15,411 {'epoch': 36, 'lr': 0.0012500000000000007, 'train_loss': 0.003987630093784977, 'mae': 0.2211644061739466, 'elapsed_time': 26.40097141265869}
2021-10-13 06:12:41,993 {'epoch': 37, 'lr': 0.0011020177413231334, 'train_loss': 0.003945763358775949, 'mae': 0.21807812607031352, 'elapsed_time': 26.450868129730225}
2021-10-13 06:13:08,689 {'epoch': 38, 'lr': 0.0009608463116858543, 'train_loss': 0.0038989192804332754, 'mae': 0.2177925257736825, 'elapsed_time': 26.56820797920227}
2021-10-13 06:13:35,320 {'epoch': 39, 'lr': 0.0008271734841028553, 'train_loss': 0.0038654039757705194, 'mae': 0.21410866269316195, 'elapsed_time': 26.506153106689453}
2021-10-13 06:14:01,996 {'epoch': 40, 'lr': 0.0007016504991533726, 'train_loss': 0.0038199423203174447, 'mae': 0.21278903892737963, 'elapsed_time': 26.548365831375122}
2021-10-13 06:14:28,735 {'epoch': 41, 'lr': 0.0005848888922025552, 'train_loss': 0.0037840133435367513, 'mae': 0.2104155908240244, 'elapsed_time': 26.612244129180908}
2021-10-13 06:14:55,363 {'epoch': 42, 'lr': 0.00047745751406263163, 'train_loss': 0.0037483560004085794, 'mae': 0.20956908388187187, 'elapsed_time': 26.501067399978638}
2021-10-13 06:15:21,888 {'epoch': 43, 'lr': 0.0003798797596089351, 'train_loss': 0.0037227449293086036, 'mae': 0.20820219505453244, 'elapsed_time': 26.399759531021118}
2021-10-13 06:15:48,504 {'epoch': 44, 'lr': 0.00029263101785268256, 'train_loss': 0.0036935007674872597, 'mae': 0.20722878180305182, 'elapsed_time': 26.487905025482178}
2021-10-13 06:16:15,247 {'epoch': 45, 'lr': 0.00021613635589349755, 'train_loss': 0.0036706018815220705, 'mae': 0.2069990505752844, 'elapsed_time': 26.615387439727783}
2021-10-13 06:16:41,970 {'epoch': 46, 'lr': 0.00015076844803522921, 'train_loss': 0.0036506770678590354, 'mae': 0.20598773045762156, 'elapsed_time': 26.592463493347168}
2021-10-13 06:17:08,513 {'epoch': 47, 'lr': 9.684576015420277e-05, 'train_loss': 0.003636142471280613, 'mae': 0.20592204914702097, 'elapsed_time': 26.415367364883423}
2021-10-13 06:17:35,077 {'epoch': 48, 'lr': 5.4630998165485776e-05, 'train_loss': 0.0036255945051008698, 'mae': 0.2052451261195168, 'elapsed_time': 26.43792486190796}
2021-10-13 06:18:01,766 {'epoch': 49, 'lr': 2.4329828146074097e-05, 'train_loss': 0.0036178811505743016, 'mae': 0.20534288259723887, 'elapsed_time': 26.561924934387207}
2021-10-13 06:18:28,227 {'epoch': 50, 'lr': 6.089874350439506e-06, 'train_loss': 0.0036139888230975374, 'mae': 0.2054845286742838, 'elapsed_time': 26.460489749908447}
2021-10-13 06:19:20,997 Total CV: 0.2052451261195168
2021-10-13 06:27:29,358 Fold 0
2021-10-13 06:27:42,626 train run device : cuda:0
2021-10-13 06:28:48,804 {'epoch': 1, 'lr': 0.0, 'train_loss': 0.013541919597337545, 'mae': 9.935779028732414, 'elapsed_time': 25.902098894119263}
2021-10-13 06:29:15,290 {'epoch': 2, 'lr': 0.001, 'train_loss': 0.009658968045744697, 'mae': 3.284388816106597, 'elapsed_time': 26.358428239822388}
2021-10-13 06:29:41,795 {'epoch': 3, 'lr': 0.002, 'train_loss': 0.007987750086111292, 'mae': 1.3804946235261182, 'elapsed_time': 26.37753415107727}
2021-10-13 06:30:08,322 {'epoch': 4, 'lr': 0.003, 'train_loss': 0.006745484607594151, 'mae': 1.0357855291600606, 'elapsed_time': 26.393040657043457}
2021-10-13 06:30:34,801 {'epoch': 5, 'lr': 0.004, 'train_loss': 0.0063754582894883305, 'mae': 0.9452479254098431, 'elapsed_time': 26.349673986434937}
2021-10-13 06:31:01,272 {'epoch': 6, 'lr': 0.005, 'train_loss': 0.00610064254287381, 'mae': 0.9358678697439341, 'elapsed_time': 26.33979630470276}
2021-10-13 06:31:27,586 {'epoch': 7, 'lr': 0.004993910125649561, 'train_loss': 0.005789379041822167, 'mae': 0.6890929320811009, 'elapsed_time': 26.178637742996216}
2021-10-13 06:31:53,987 {'epoch': 8, 'lr': 0.004975670171853926, 'train_loss': 0.005584348101265151, 'mae': 0.5469538517414905, 'elapsed_time': 26.27759599685669}
2021-10-13 06:32:20,525 {'epoch': 9, 'lr': 0.004945369001834514, 'train_loss': 0.005466563737969117, 'mae': 0.5498343191542161, 'elapsed_time': 26.40860915184021}
2021-10-13 06:32:46,889 {'epoch': 10, 'lr': 0.004903154239845798, 'train_loss': 0.0053227474627864525, 'mae': 0.43936704647072244, 'elapsed_time': 26.363362073898315}
2021-10-13 06:33:13,318 {'epoch': 11, 'lr': 0.0048492315519647715, 'train_loss': 0.005212057118703388, 'mae': 0.4429663389412167, 'elapsed_time': 26.29376482963562}
2021-10-13 06:33:39,660 {'epoch': 12, 'lr': 0.004783863644106502, 'train_loss': 0.00513191825115894, 'mae': 0.43117089515234963, 'elapsed_time': 26.341121435165405}
2021-10-13 06:34:06,050 {'epoch': 13, 'lr': 0.0047073689821473174, 'train_loss': 0.005059690345905726, 'mae': 0.3882099800401587, 'elapsed_time': 26.266254425048828}
2021-10-13 06:34:32,613 {'epoch': 14, 'lr': 0.004620120240391065, 'train_loss': 0.005011420241249089, 'mae': 0.3641401399326402, 'elapsed_time': 26.428773403167725}
2021-10-13 06:34:59,043 {'epoch': 15, 'lr': 0.0045225424859373685, 'train_loss': 0.004920022072106343, 'mae': 0.38024294667850295, 'elapsed_time': 26.30233407020569}
2021-10-13 06:35:25,407 {'epoch': 16, 'lr': 0.004415111107797445, 'train_loss': 0.004888904505490151, 'mae': 0.33897394196142316, 'elapsed_time': 26.363341569900513}
2021-10-13 06:35:51,818 {'epoch': 17, 'lr': 0.004298349500846628, 'train_loss': 0.0048487713670319794, 'mae': 0.36465790147777116, 'elapsed_time': 26.290225744247437}
2021-10-13 06:36:18,168 {'epoch': 18, 'lr': 0.0041728265158971455, 'train_loss': 0.0047847780073771344, 'mae': 0.3190152170771929, 'elapsed_time': 26.348525762557983}
2021-10-13 06:36:44,797 {'epoch': 19, 'lr': 0.0040391536883141455, 'train_loss': 0.004741743777744655, 'mae': 0.3242217609311991, 'elapsed_time': 26.505102157592773}
2021-10-13 06:37:11,213 {'epoch': 20, 'lr': 0.003897982258676867, 'train_loss': 0.0046825051070681625, 'mae': 0.3275724371724422, 'elapsed_time': 26.414867877960205}
2021-10-13 06:37:37,441 {'epoch': 21, 'lr': 0.00375, 'train_loss': 0.004639493056367453, 'mae': 0.29732772977605854, 'elapsed_time': 26.227848768234253}
2021-10-13 06:38:03,912 {'epoch': 22, 'lr': 0.003595927866972694, 'train_loss': 0.004593281780670146, 'mae': 0.28277488289276903, 'elapsed_time': 26.34915804862976}
2021-10-13 06:38:30,452 {'epoch': 23, 'lr': 0.0034365164835397804, 'train_loss': 0.004537552808435489, 'mae': 0.3304030649959646, 'elapsed_time': 26.413585424423218}
2021-10-13 06:38:56,965 {'epoch': 24, 'lr': 0.0032725424859373687, 'train_loss': 0.004521593801069923, 'mae': 0.28024551542080656, 'elapsed_time': 26.512108087539673}
2021-10-13 06:39:23,445 {'epoch': 25, 'lr': 0.0031048047389991692, 'train_loss': 0.004469181110402304, 'mae': 0.2819039606465928, 'elapsed_time': 26.346118450164795}
2021-10-13 06:39:49,654 {'epoch': 26, 'lr': 0.0029341204441673263, 'train_loss': 0.004412671720215309, 'mae': 0.2616800538759885, 'elapsed_time': 26.208425521850586}
2021-10-13 06:40:16,131 {'epoch': 27, 'lr': 0.0027613211581691338, 'train_loss': 0.004381023877657668, 'mae': 0.26339776539578486, 'elapsed_time': 26.35096263885498}
2021-10-13 06:40:42,546 {'epoch': 28, 'lr': 0.002587248741756253, 'train_loss': 0.004322496927519205, 'mae': 0.25567984060714255, 'elapsed_time': 26.414498567581177}
2021-10-13 06:41:09,281 {'epoch': 29, 'lr': 0.0024127512582437483, 'train_loss': 0.004279141176450008, 'mae': 0.24613031794143778, 'elapsed_time': 26.60588526725769}
2021-10-13 06:41:35,993 {'epoch': 30, 'lr': 0.0022386788418308668, 'train_loss': 0.004234265838734277, 'mae': 0.24519266320731764, 'elapsed_time': 26.574422597885132}
2021-10-13 06:42:02,519 {'epoch': 31, 'lr': 0.0020658795558326742, 'train_loss': 0.004181124750867911, 'mae': 0.23889210328501426, 'elapsed_time': 26.39377498626709}
2021-10-13 06:42:29,312 {'epoch': 32, 'lr': 0.001895195261000831, 'train_loss': 0.004156815590962738, 'mae': 0.256222328416344, 'elapsed_time': 26.66598153114319}
2021-10-13 06:42:55,970 {'epoch': 33, 'lr': 0.0017274575140626316, 'train_loss': 0.004127139358665865, 'mae': 0.2351732411625286, 'elapsed_time': 26.65748620033264}
2021-10-13 06:43:22,788 {'epoch': 34, 'lr': 0.00156348351646022, 'train_loss': 0.004063987538386371, 'mae': 0.224547947537862, 'elapsed_time': 26.683510303497314}
2021-10-13 06:43:49,423 {'epoch': 35, 'lr': 0.0014040721330273063, 'train_loss': 0.004013570576333462, 'mae': 0.2265079869827298, 'elapsed_time': 26.49833369255066}
2021-10-13 06:44:16,051 {'epoch': 36, 'lr': 0.0012500000000000007, 'train_loss': 0.003958189276135307, 'mae': 0.21871391775745125, 'elapsed_time': 26.62666916847229}
2021-10-13 06:44:42,795 {'epoch': 37, 'lr': 0.0011020177413231334, 'train_loss': 0.00391577258064227, 'mae': 0.21917522824536512, 'elapsed_time': 26.61215591430664}
2021-10-13 06:45:09,435 {'epoch': 38, 'lr': 0.0009608463116858543, 'train_loss': 0.0038738326156589667, 'mae': 0.21436648378283407, 'elapsed_time': 26.639549016952515}
2021-10-13 06:45:36,133 {'epoch': 39, 'lr': 0.0008271734841028553, 'train_loss': 0.003831593428643987, 'mae': 0.21309719345701586, 'elapsed_time': 26.568761825561523}
2021-10-13 06:46:02,640 {'epoch': 40, 'lr': 0.0007016504991533726, 'train_loss': 0.0037864064325000214, 'mae': 0.2113190275711356, 'elapsed_time': 26.36758279800415}
2021-10-13 06:46:29,309 {'epoch': 41, 'lr': 0.0005848888922025552, 'train_loss': 0.0037507528951422437, 'mae': 0.20740220046048, 'elapsed_time': 26.541999578475952}
2021-10-13 06:46:56,009 {'epoch': 42, 'lr': 0.00047745751406263163, 'train_loss': 0.003715930828754281, 'mae': 0.2059582669681589, 'elapsed_time': 26.56346035003662}
2021-10-13 06:47:22,825 {'epoch': 43, 'lr': 0.0003798797596089351, 'train_loss': 0.003685129421526743, 'mae': 0.20494142490989045, 'elapsed_time': 26.685453176498413}
2021-10-13 06:47:49,390 {'epoch': 44, 'lr': 0.00029263101785268256, 'train_loss': 0.0036558116781861675, 'mae': 0.20411840679053217, 'elapsed_time': 26.43163561820984}
2021-10-13 06:48:15,911 {'epoch': 45, 'lr': 0.00021613635589349755, 'train_loss': 0.0036330926469653707, 'mae': 0.203633159441857, 'elapsed_time': 26.39301609992981}
2021-10-13 06:48:42,454 {'epoch': 46, 'lr': 0.00015076844803522921, 'train_loss': 0.003612085669304536, 'mae': 0.20318750388182624, 'elapsed_time': 26.417234420776367}
2021-10-13 06:49:09,109 {'epoch': 47, 'lr': 9.684576015420277e-05, 'train_loss': 0.003596893247189784, 'mae': 0.20266266021206386, 'elapsed_time': 26.525863885879517}
2021-10-13 06:49:35,919 {'epoch': 48, 'lr': 5.4630998165485776e-05, 'train_loss': 0.0035858170629890647, 'mae': 0.20251288225474326, 'elapsed_time': 26.67890954017639}
2021-10-13 06:50:03,025 {'epoch': 49, 'lr': 2.4329828146074097e-05, 'train_loss': 0.003577531160227584, 'mae': 0.20242586966427992, 'elapsed_time': 26.543952703475952}
2021-10-13 06:50:29,740 {'epoch': 50, 'lr': 6.089874350439506e-06, 'train_loss': 0.00357341385187891, 'mae': 0.20220595724242416, 'elapsed_time': 26.587873220443726}
2021-10-13 06:51:23,224 Total CV: 0.20220595724242416
2021-10-13 07:13:14,107 Fold 0
2021-10-13 07:13:27,522 train run device : cuda:0
2021-10-13 07:14:34,936 {'epoch': 1, 'lr': 0.0, 'train_loss': 0.0134850060647493, 'mae': 11.443686419098695, 'elapsed_time': 26.08646869659424}
2021-10-13 07:15:01,160 {'epoch': 2, 'lr': 0.001, 'train_loss': 0.009694344646651039, 'mae': 3.5249512797040263, 'elapsed_time': 26.099533557891846}
2021-10-13 07:15:27,609 {'epoch': 3, 'lr': 0.002, 'train_loss': 0.007904751119904364, 'mae': 1.5238544832898961, 'elapsed_time': 26.322696447372437}
2021-10-13 07:15:54,146 {'epoch': 4, 'lr': 0.003, 'train_loss': 0.006995323116689269, 'mae': 1.094399345833817, 'elapsed_time': 26.404478549957275}
2021-10-13 07:16:20,579 {'epoch': 5, 'lr': 0.004, 'train_loss': 0.006507863660297937, 'mae': 1.1564103166723505, 'elapsed_time': 26.295976400375366}
2021-10-13 07:16:46,909 {'epoch': 6, 'lr': 0.005, 'train_loss': 0.00616586466274805, 'mae': 0.8172654816949376, 'elapsed_time': 26.329435348510742}
2021-10-13 07:17:13,429 {'epoch': 7, 'lr': 0.004993910125649561, 'train_loss': 0.005891813182767611, 'mae': 0.8663764146318497, 'elapsed_time': 26.393859386444092}
2021-10-13 07:17:39,899 {'epoch': 8, 'lr': 0.004975670171853926, 'train_loss': 0.005687285196394064, 'mae': 0.6489974039039469, 'elapsed_time': 26.469136953353882}
2021-10-13 07:18:06,434 {'epoch': 9, 'lr': 0.004945369001834514, 'train_loss': 0.005560552904035494, 'mae': 0.5474570255619156, 'elapsed_time': 26.405938625335693}
2021-10-13 07:18:32,973 {'epoch': 10, 'lr': 0.004903154239845798, 'train_loss': 0.005430356724677772, 'mae': 0.46899790429147525, 'elapsed_time': 26.41261124610901}
2021-10-13 07:18:59,490 {'epoch': 11, 'lr': 0.0048492315519647715, 'train_loss': 0.005313620534142254, 'mae': 0.5366480763936669, 'elapsed_time': 26.389453649520874}
2021-10-13 07:19:26,029 {'epoch': 12, 'lr': 0.004783863644106502, 'train_loss': 0.005228237998335467, 'mae': 0.4293046401903878, 'elapsed_time': 26.538378953933716}
2021-10-13 07:19:52,529 {'epoch': 13, 'lr': 0.0047073689821473174, 'train_loss': 0.005152122780058541, 'mae': 0.4340343582006209, 'elapsed_time': 26.37054133415222}
2021-10-13 07:20:18,949 {'epoch': 14, 'lr': 0.004620120240391065, 'train_loss': 0.005093560959820403, 'mae': 0.3798947499550698, 'elapsed_time': 26.41894030570984}
2021-10-13 07:20:45,418 {'epoch': 15, 'lr': 0.0045225424859373685, 'train_loss': 0.004995084638387024, 'mae': 0.36144285796941, 'elapsed_time': 26.343181848526}
2021-10-13 07:21:11,918 {'epoch': 16, 'lr': 0.004415111107797445, 'train_loss': 0.004953639324806319, 'mae': 0.36931013650571837, 'elapsed_time': 26.372979402542114}
2021-10-13 07:21:38,250 {'epoch': 17, 'lr': 0.004298349500846628, 'train_loss': 0.004915281235579231, 'mae': 0.3463941758759095, 'elapsed_time': 26.33122229576111}
2021-10-13 07:22:04,725 {'epoch': 18, 'lr': 0.0041728265158971455, 'train_loss': 0.004856559588784331, 'mae': 0.3338751612249089, 'elapsed_time': 26.348074436187744}
2021-10-13 07:22:31,267 {'epoch': 19, 'lr': 0.0040391536883141455, 'train_loss': 0.004791471202141248, 'mae': 0.34884741834096955, 'elapsed_time': 26.418416023254395}
2021-10-13 07:22:57,625 {'epoch': 20, 'lr': 0.003897982258676867, 'train_loss': 0.004774146031827782, 'mae': 0.3107695217614963, 'elapsed_time': 26.35742974281311}
2021-10-13 07:23:24,064 {'epoch': 21, 'lr': 0.00375, 'train_loss': 0.004694937368036501, 'mae': 0.30139157558204666, 'elapsed_time': 26.308727502822876}
2021-10-13 07:23:50,594 {'epoch': 22, 'lr': 0.003595927866972694, 'train_loss': 0.004671713000816411, 'mae': 0.3166333205120429, 'elapsed_time': 26.399713039398193}
2021-10-13 07:24:16,842 {'epoch': 23, 'lr': 0.0034365164835397804, 'train_loss': 0.00461891511167573, 'mae': 0.29440963693448474, 'elapsed_time': 26.248067140579224}
2021-10-13 07:24:43,441 {'epoch': 24, 'lr': 0.0032725424859373687, 'train_loss': 0.004560539598414406, 'mae': 0.28262770879161786, 'elapsed_time': 26.475703239440918}
2021-10-13 07:25:10,039 {'epoch': 25, 'lr': 0.0031048047389991692, 'train_loss': 0.0045159405552843215, 'mae': 0.29279015733132774, 'elapsed_time': 26.47038197517395}
2021-10-13 07:25:36,553 {'epoch': 26, 'lr': 0.0029341204441673263, 'train_loss': 0.004488328275023271, 'mae': 0.2756993270358453, 'elapsed_time': 26.51313614845276}
2021-10-13 07:26:03,013 {'epoch': 27, 'lr': 0.0027613211581691338, 'train_loss': 0.004432322241913964, 'mae': 0.2663448651686576, 'elapsed_time': 26.32894015312195}
2021-10-13 07:26:29,468 {'epoch': 28, 'lr': 0.002587248741756253, 'train_loss': 0.004382912464059687, 'mae': 0.2647935095243032, 'elapsed_time': 26.330771684646606}
2021-10-13 07:26:56,083 {'epoch': 29, 'lr': 0.0024127512582437483, 'train_loss': 0.004354006814356274, 'mae': 0.2622666037865744, 'elapsed_time': 26.480353832244873}
2021-10-13 07:27:22,696 {'epoch': 30, 'lr': 0.0022386788418308668, 'train_loss': 0.004296774323844531, 'mae': 0.254730506422916, 'elapsed_time': 26.483587503433228}
2021-10-13 07:27:49,271 {'epoch': 31, 'lr': 0.0020658795558326742, 'train_loss': 0.004269287106689039, 'mae': 0.2517298573230125, 'elapsed_time': 26.44539785385132}
2021-10-13 07:28:15,826 {'epoch': 32, 'lr': 0.001895195261000831, 'train_loss': 0.004214617007611365, 'mae': 0.24403385576949652, 'elapsed_time': 26.425317525863647}
2021-10-13 07:28:42,324 {'epoch': 33, 'lr': 0.0017274575140626316, 'train_loss': 0.00416949500383487, 'mae': 0.240568986844943, 'elapsed_time': 26.377406358718872}
2021-10-13 07:29:08,890 {'epoch': 34, 'lr': 0.00156348351646022, 'train_loss': 0.0041111841669455515, 'mae': 0.23508223770144018, 'elapsed_time': 26.439375162124634}
2021-10-13 07:29:35,406 {'epoch': 35, 'lr': 0.0014040721330273063, 'train_loss': 0.004066116123344821, 'mae': 0.23251711363195268, 'elapsed_time': 26.384454011917114}
2021-10-13 07:30:01,935 {'epoch': 36, 'lr': 0.0012500000000000007, 'train_loss': 0.004028109195929161, 'mae': 0.23046269795674107, 'elapsed_time': 26.39881134033203}
2021-10-13 07:30:28,431 {'epoch': 37, 'lr': 0.0011020177413231334, 'train_loss': 0.003974577873411994, 'mae': 0.2271994759191126, 'elapsed_time': 26.368292093276978}
2021-10-13 07:30:54,872 {'epoch': 38, 'lr': 0.0009608463116858543, 'train_loss': 0.003932461174139525, 'mae': 0.22056345256602886, 'elapsed_time': 26.313165426254272}
2021-10-13 07:31:21,468 {'epoch': 39, 'lr': 0.0008271734841028553, 'train_loss': 0.0038948905732633264, 'mae': 0.22152612185807466, 'elapsed_time': 26.468809604644775}
2021-10-13 07:31:47,774 {'epoch': 40, 'lr': 0.0007016504991533726, 'train_loss': 0.003849919852316182, 'mae': 0.21782798431743416, 'elapsed_time': 26.305236101150513}
2021-10-13 07:32:14,152 {'epoch': 41, 'lr': 0.0005848888922025552, 'train_loss': 0.003811295989177494, 'mae': 0.21697918092398533, 'elapsed_time': 26.250901222229004}
2021-10-13 07:32:40,626 {'epoch': 42, 'lr': 0.00047745751406263163, 'train_loss': 0.0037778121201386904, 'mae': 0.21563162470940925, 'elapsed_time': 26.347951889038086}
2021-10-13 07:33:07,013 {'epoch': 43, 'lr': 0.0003798797596089351, 'train_loss': 0.003748340670678535, 'mae': 0.21491004850480436, 'elapsed_time': 26.26523780822754}
2021-10-13 07:33:33,615 {'epoch': 44, 'lr': 0.00029263101785268256, 'train_loss': 0.0037199470343536063, 'mae': 0.2142079540469726, 'elapsed_time': 26.473467111587524}
2021-10-13 07:34:00,101 {'epoch': 45, 'lr': 0.00021613635589349755, 'train_loss': 0.003695412775078224, 'mae': 0.2128857242673457, 'elapsed_time': 26.353580236434937}
2021-10-13 07:34:26,551 {'epoch': 46, 'lr': 0.00015076844803522921, 'train_loss': 0.003676036314272264, 'mae': 0.21217488297422782, 'elapsed_time': 26.322073698043823}
2021-10-13 07:34:52,954 {'epoch': 47, 'lr': 9.684576015420277e-05, 'train_loss': 0.003661416876861163, 'mae': 0.21171618301510758, 'elapsed_time': 26.275045156478882}
2021-10-13 07:35:19,381 {'epoch': 48, 'lr': 5.4630998165485776e-05, 'train_loss': 0.0036500461355118345, 'mae': 0.2120553364433234, 'elapsed_time': 26.292360544204712}
2021-10-13 07:35:45,635 {'epoch': 49, 'lr': 2.4329828146074097e-05, 'train_loss': 0.003642373202730284, 'mae': 0.21171495686808806, 'elapsed_time': 26.2529616355896}
2021-10-13 07:36:12,118 {'epoch': 50, 'lr': 6.089874350439506e-06, 'train_loss': 0.003638132440877956, 'mae': 0.21146956945766895, 'elapsed_time': 26.35497736930847}
2021-10-13 07:37:05,411 Total CV: 0.21146956945766895
2021-10-13 07:47:13,009 Fold 0
2021-10-13 07:47:26,491 train run device : cuda:0
2021-10-13 07:48:35,803 {'epoch': 1, 'lr': 0.0, 'train_loss': 0.013316920176494034, 'mae': 8.08250710027542, 'elapsed_time': 26.335775136947632}
2021-10-13 07:49:02,406 {'epoch': 2, 'lr': 0.001, 'train_loss': 0.00961523788349766, 'mae': 3.3159315349156118, 'elapsed_time': 26.466509103775024}
2021-10-13 07:49:28,969 {'epoch': 3, 'lr': 0.002, 'train_loss': 0.007820361449751656, 'mae': 1.5972010356332553, 'elapsed_time': 26.43425178527832}
2021-10-13 07:49:55,627 {'epoch': 4, 'lr': 0.003, 'train_loss': 0.007055231207960722, 'mae': 1.3923291866125704, 'elapsed_time': 26.529373168945312}
2021-10-13 07:50:22,481 {'epoch': 5, 'lr': 0.004, 'train_loss': 0.00666354345200945, 'mae': 1.1058207982587311, 'elapsed_time': 26.71883726119995}
2021-10-13 07:50:49,209 {'epoch': 6, 'lr': 0.005, 'train_loss': 0.0062941340597518, 'mae': 0.8608808064151073, 'elapsed_time': 26.59668517112732}
2021-10-13 07:51:15,724 {'epoch': 7, 'lr': 0.004993910125649561, 'train_loss': 0.0060280988199020395, 'mae': 0.7606876537990312, 'elapsed_time': 26.386922121047974}
2021-10-13 07:51:42,221 {'epoch': 8, 'lr': 0.004975670171853926, 'train_loss': 0.005822980996391646, 'mae': 0.6281356937652379, 'elapsed_time': 26.36790418624878}
2021-10-13 07:52:08,664 {'epoch': 9, 'lr': 0.004945369001834514, 'train_loss': 0.00568437251608604, 'mae': 0.57796526445886, 'elapsed_time': 26.31869125366211}
2021-10-13 07:52:35,238 {'epoch': 10, 'lr': 0.004903154239845798, 'train_loss': 0.005549705589425888, 'mae': 0.5280949803345768, 'elapsed_time': 26.440900087356567}
2021-10-13 07:53:01,773 {'epoch': 11, 'lr': 0.0048492315519647715, 'train_loss': 0.0054487292264138254, 'mae': 0.5367416935656665, 'elapsed_time': 26.409462690353394}
2021-10-13 07:53:28,135 {'epoch': 12, 'lr': 0.004783863644106502, 'train_loss': 0.005501306716616854, 'mae': 0.47988867812057534, 'elapsed_time': 26.361056327819824}
2021-10-13 07:53:54,702 {'epoch': 13, 'lr': 0.0047073689821473174, 'train_loss': 0.005289502669992314, 'mae': 0.44413403938239004, 'elapsed_time': 26.443722009658813}
2021-10-13 07:54:21,230 {'epoch': 14, 'lr': 0.004620120240391065, 'train_loss': 0.005195631800778581, 'mae': 0.41772067970105875, 'elapsed_time': 26.39864706993103}
2021-10-13 07:54:47,714 {'epoch': 15, 'lr': 0.0045225424859373685, 'train_loss': 0.005161666439573365, 'mae': 0.4283229407813929, 'elapsed_time': 26.354283571243286}
2021-10-13 07:55:14,022 {'epoch': 16, 'lr': 0.004415111107797445, 'train_loss': 0.005076375139557502, 'mae': 0.3969774511653828, 'elapsed_time': 26.307576179504395}
2021-10-13 07:55:40,694 {'epoch': 17, 'lr': 0.004298349500846628, 'train_loss': 0.005015315098664553, 'mae': 0.3660178945571196, 'elapsed_time': 26.547674655914307}
2021-10-13 07:56:07,211 {'epoch': 18, 'lr': 0.0041728265158971455, 'train_loss': 0.004933436123087677, 'mae': 0.3673103443850379, 'elapsed_time': 26.378369331359863}
2021-10-13 07:56:33,561 {'epoch': 19, 'lr': 0.0040391536883141455, 'train_loss': 0.004882677755583351, 'mae': 0.3342559003040462, 'elapsed_time': 26.349792957305908}
2021-10-13 07:57:00,217 {'epoch': 20, 'lr': 0.003897982258676867, 'train_loss': 0.004848231228082049, 'mae': 0.31305979861421596, 'elapsed_time': 26.527749061584473}
2021-10-13 07:57:26,767 {'epoch': 21, 'lr': 0.00375, 'train_loss': 0.004807214629500018, 'mae': 0.32575850293700676, 'elapsed_time': 26.424830436706543}
2021-10-13 07:57:53,106 {'epoch': 22, 'lr': 0.003595927866972694, 'train_loss': 0.004739859390132391, 'mae': 0.3078940800144683, 'elapsed_time': 26.338561058044434}
2021-10-13 07:58:19,521 {'epoch': 23, 'lr': 0.0034365164835397804, 'train_loss': 0.004679853450864889, 'mae': 0.3164850976648196, 'elapsed_time': 26.29462742805481}
2021-10-13 07:58:45,849 {'epoch': 24, 'lr': 0.0032725424859373687, 'train_loss': 0.004664548783210668, 'mae': 0.30493442349245237, 'elapsed_time': 26.32805061340332}
2021-10-13 07:59:12,294 {'epoch': 25, 'lr': 0.0031048047389991692, 'train_loss': 0.004588332517483599, 'mae': 0.29617612915965563, 'elapsed_time': 26.316214323043823}
2021-10-13 07:59:38,981 {'epoch': 26, 'lr': 0.0029341204441673263, 'train_loss': 0.004544535376047598, 'mae': 0.291288811219803, 'elapsed_time': 26.55527377128601}
2021-10-13 08:00:05,371 {'epoch': 27, 'lr': 0.0027613211581691338, 'train_loss': 0.004510621142908782, 'mae': 0.278208750568601, 'elapsed_time': 26.264159679412842}
2021-10-13 08:00:32,069 {'epoch': 28, 'lr': 0.002587248741756253, 'train_loss': 0.004450658246173694, 'mae': 0.264466637454814, 'elapsed_time': 26.571885108947754}
2021-10-13 08:00:58,520 {'epoch': 29, 'lr': 0.0024127512582437483, 'train_loss': 0.004421878572012748, 'mae': 0.25151944991799347, 'elapsed_time': 26.322116374969482}
2021-10-13 08:01:25,074 {'epoch': 30, 'lr': 0.0022386788418308668, 'train_loss': 0.004367965001630183, 'mae': 0.2598007614918638, 'elapsed_time': 26.426167488098145}
2021-10-13 08:01:51,522 {'epoch': 31, 'lr': 0.0020658795558326742, 'train_loss': 0.004328033634176943, 'mae': 0.24554102091462232, 'elapsed_time': 26.447378635406494}
2021-10-13 08:02:17,889 {'epoch': 32, 'lr': 0.001895195261000831, 'train_loss': 0.00426522212126462, 'mae': 0.23948476610162678, 'elapsed_time': 26.24184250831604}
2021-10-13 08:02:44,487 {'epoch': 33, 'lr': 0.0017274575140626316, 'train_loss': 0.004228475948609288, 'mae': 0.2445042283147617, 'elapsed_time': 26.474807739257812}
2021-10-13 08:03:10,943 {'epoch': 34, 'lr': 0.00156348351646022, 'train_loss': 0.004195490276047218, 'mae': 0.23242656420263388, 'elapsed_time': 26.454878330230713}
2021-10-13 08:03:37,458 {'epoch': 35, 'lr': 0.0014040721330273063, 'train_loss': 0.004127121631320223, 'mae': 0.22853643883300676, 'elapsed_time': 26.3897705078125}
2021-10-13 08:04:03,932 {'epoch': 36, 'lr': 0.0012500000000000007, 'train_loss': 0.004079517641155984, 'mae': 0.22612876247046745, 'elapsed_time': 26.34279179573059}
2021-10-13 08:04:30,469 {'epoch': 37, 'lr': 0.0011020177413231334, 'train_loss': 0.004042607028410085, 'mae': 0.22277331073826542, 'elapsed_time': 26.411242485046387}
2021-10-13 08:04:57,044 {'epoch': 38, 'lr': 0.0009608463116858543, 'train_loss': 0.003994465071764744, 'mae': 0.22179483531796548, 'elapsed_time': 26.449207067489624}
2021-10-13 08:05:23,536 {'epoch': 39, 'lr': 0.0008271734841028553, 'train_loss': 0.003956067038735781, 'mae': 0.2173585349726987, 'elapsed_time': 26.36853551864624}
2021-10-13 08:05:50,088 {'epoch': 40, 'lr': 0.0007016504991533726, 'train_loss': 0.003915561547020241, 'mae': 0.21455308871190748, 'elapsed_time': 26.424099683761597}
2021-10-13 08:06:16,526 {'epoch': 41, 'lr': 0.0005848888922025552, 'train_loss': 0.0038829854658062367, 'mae': 0.21512842097278786, 'elapsed_time': 26.3112051486969}
2021-10-13 08:06:42,695 {'epoch': 42, 'lr': 0.00047745751406263163, 'train_loss': 0.0038465761245679506, 'mae': 0.2125738851498372, 'elapsed_time': 26.16831636428833}
2021-10-13 08:07:09,247 {'epoch': 43, 'lr': 0.0003798797596089351, 'train_loss': 0.003816345424901736, 'mae': 0.20962678587142022, 'elapsed_time': 26.428640604019165}
2021-10-13 08:07:35,722 {'epoch': 44, 'lr': 0.00029263101785268256, 'train_loss': 0.003790052014917155, 'mae': 0.2090698712117653, 'elapsed_time': 26.346059799194336}
2021-10-13 08:08:02,220 {'epoch': 45, 'lr': 0.00021613635589349755, 'train_loss': 0.003766982495350266, 'mae': 0.2085461002289393, 'elapsed_time': 26.368348836898804}
2021-10-13 08:08:28,687 {'epoch': 46, 'lr': 0.00015076844803522921, 'train_loss': 0.003747582161086849, 'mae': 0.2076141272772248, 'elapsed_time': 26.33814311027527}
2021-10-13 08:08:55,078 {'epoch': 47, 'lr': 9.684576015420277e-05, 'train_loss': 0.003732778352171163, 'mae': 0.2070047257748625, 'elapsed_time': 26.26574444770813}
2021-10-13 08:09:21,681 {'epoch': 48, 'lr': 5.4630998165485776e-05, 'train_loss': 0.003722178361287885, 'mae': 0.20673156151990607, 'elapsed_time': 26.47428297996521}
2021-10-13 08:09:48,325 {'epoch': 49, 'lr': 2.4329828146074097e-05, 'train_loss': 0.0037140542008056794, 'mae': 0.20642939389339932, 'elapsed_time': 26.515483617782593}
2021-10-13 08:10:14,884 {'epoch': 50, 'lr': 6.089874350439506e-06, 'train_loss': 0.0037098473847662875, 'mae': 0.20644581453540445, 'elapsed_time': 26.425753593444824}
2021-10-13 08:11:07,143 Total CV: 0.20642939389339932
