2021-10-12 06:30:53,291 Fold 0
2021-10-12 06:30:56,985 train run device : cuda:0
2021-10-12 06:31:19,891 multi task weight : 1.0
2021-10-12 06:31:44,511 {'epoch': 1, 'lr': 0.005, 'train_loss': 0.010253855840823285, 'mae': 10.923373960125552, 'elapsed_time': 25.00777268409729}
2021-10-12 06:31:44,983 multi task weight : 1.0
2021-10-12 06:32:09,910 {'epoch': 2, 'lr': 0.004995165484649265, 'train_loss': 0.00903945021316498, 'mae': 2.2896983305884526, 'elapsed_time': 25.276829481124878}
2021-10-12 06:32:10,426 multi task weight : 1.0
2021-10-12 06:32:35,383 {'epoch': 3, 'lr': 0.004980681018220471, 'train_loss': 0.007560771079629047, 'mae': 1.2758271202131681, 'elapsed_time': 25.340050220489502}
2021-10-12 06:32:35,888 multi task weight : 1.0
2021-10-12 06:33:00,923 {'epoch': 4, 'lr': 0.004956603764285287, 'train_loss': 0.006998826139726885, 'mae': 1.0692280827491716, 'elapsed_time': 25.40612554550171}
2021-10-12 06:33:01,422 multi task weight : 1.0
2021-10-12 06:33:26,527 {'epoch': 5, 'lr': 0.004923028744765146, 'train_loss': 0.006751946797822784, 'mae': 1.0216391753024598, 'elapsed_time': 25.469327926635742}
2021-10-12 06:33:27,011 multi task weight : 1.0
2021-10-12 06:33:52,073 {'epoch': 6, 'lr': 0.004880088464923126, 'train_loss': 0.006552541050553875, 'mae': 0.90723600306624, 'elapsed_time': 25.41078805923462}
2021-10-12 06:33:52,587 multi task weight : 1.0
2021-10-12 06:34:17,715 {'epoch': 7, 'lr': 0.004827952390426216, 'train_loss': 0.006361453895777405, 'mae': 0.8574859114494193, 'elapsed_time': 25.506438732147217}
2021-10-12 06:34:18,242 multi task weight : 1.0
2021-10-12 06:34:43,314 {'epoch': 8, 'lr': 0.004766826278541748, 'train_loss': 0.006233824551539993, 'mae': 0.7847648871923388, 'elapsed_time': 25.459732055664062}
2021-10-12 06:34:43,796 multi task weight : 1.0
2021-10-12 06:35:08,870 {'epoch': 9, 'lr': 0.004696951366107465, 'train_loss': 0.006090778286209005, 'mae': 0.6985324012943037, 'elapsed_time': 25.423083066940308}
2021-10-12 06:35:09,368 multi task weight : 1.0
2021-10-12 06:35:34,573 {'epoch': 10, 'lr': 0.004618603417479937, 'train_loss': 0.005952588270799145, 'mae': 0.6161677782782781, 'elapsed_time': 25.562482595443726}
2021-10-12 06:35:35,075 multi task weight : 1.0
2021-10-12 06:36:00,101 {'epoch': 11, 'lr': 0.0045320916362186206, 'train_loss': 0.005853759152277801, 'mae': 0.5919961878906651, 'elapsed_time': 25.387932300567627}
2021-10-12 06:36:00,600 multi task weight : 1.0
2021-10-12 06:36:25,743 {'epoch': 12, 'lr': 0.004437757444800683, 'train_loss': 0.005764419397350334, 'mae': 0.5900442981620587, 'elapsed_time': 25.501102924346924}
2021-10-12 06:36:26,234 multi task weight : 1.0
2021-10-12 06:36:51,331 {'epoch': 13, 'lr': 0.004335973137182457, 'train_loss': 0.005683777836318677, 'mae': 0.545546134463634, 'elapsed_time': 25.447996854782104}
2021-10-12 06:36:51,828 multi task weight : 1.0
2021-10-12 06:37:16,966 {'epoch': 14, 'lr': 0.004227140409525286, 'train_loss': 0.005597438229244225, 'mae': 0.5543547260932365, 'elapsed_time': 25.499665021896362}
2021-10-12 06:37:17,352 multi task weight : 1.0
2021-10-12 06:37:42,484 {'epoch': 15, 'lr': 0.004111688774884288, 'train_loss': 0.00555386448475286, 'mae': 0.49770661602034527, 'elapsed_time': 25.51735019683838}
2021-10-12 06:37:42,991 multi task weight : 1.0
2021-10-12 06:38:08,138 {'epoch': 16, 'lr': 0.003990073868116558, 'train_loss': 0.0054774929546535685, 'mae': 0.4761906960933965, 'elapsed_time': 25.516454219818115}
2021-10-12 06:38:08,625 multi task weight : 1.0
2021-10-12 06:38:33,876 {'epoch': 17, 'lr': 0.00386277564769854, 'train_loss': 0.005431973373281632, 'mae': 0.5256433866103479, 'elapsed_time': 25.598382234573364}
2021-10-12 06:38:34,257 multi task weight : 1.0
2021-10-12 06:38:59,283 {'epoch': 18, 'lr': 0.0037302965015492007, 'train_loss': 0.005387284247744075, 'mae': 0.45607972997836094, 'elapsed_time': 25.406759023666382}
2021-10-12 06:38:59,763 multi task weight : 1.0
2021-10-12 06:39:24,790 {'epoch': 19, 'lr': 0.003593159264334426, 'train_loss': 0.005338534876714091, 'mae': 0.4683111663019207, 'elapsed_time': 25.3719322681427}
2021-10-12 06:39:25,165 multi task weight : 1.0
2021-10-12 06:39:50,266 {'epoch': 20, 'lr': 0.0034519051540774595, 'train_loss': 0.005297225255536432, 'mae': 0.4609048755527965, 'elapsed_time': 25.475765705108643}
2021-10-12 06:39:50,665 multi task weight : 1.0
2021-10-12 06:40:15,770 {'epoch': 21, 'lr': 0.0033070916362186193, 'train_loss': 0.0052791236369636695, 'mae': 0.4338976263141977, 'elapsed_time': 25.504026651382446}
2021-10-12 06:40:16,259 multi task weight : 1.0
2021-10-12 06:40:41,269 {'epoch': 22, 'lr': 0.003159290223553892, 'train_loss': 0.005431571257201309, 'mae': 0.4442110808587915, 'elapsed_time': 25.36292600631714}
2021-10-12 06:40:41,646 multi task weight : 1.0
2021-10-12 06:41:06,663 {'epoch': 23, 'lr': 0.003009084220735024, 'train_loss': 0.005283620422292498, 'mae': 0.4255821024580544, 'elapsed_time': 25.39395022392273}
2021-10-12 06:41:07,162 multi task weight : 1.0
2021-10-12 06:41:32,256 {'epoch': 24, 'lr': 0.002857066422232544, 'train_loss': 0.005210278340725807, 'mae': 0.40711733776996883, 'elapsed_time': 25.458958864212036}
2021-10-12 06:41:32,735 multi task weight : 1.0
2021-10-12 06:41:57,851 {'epoch': 25, 'lr': 0.0027038367728468163, 'train_loss': 0.005142054161225983, 'mae': 0.38935142544198253, 'elapsed_time': 25.461190938949585}
2021-10-12 06:41:58,325 multi task weight : 1.0
2021-10-12 06:42:23,386 {'epoch': 26, 'lr': 0.0025499999999999984, 'train_loss': 0.005105847294082541, 'mae': 0.38153650653483623, 'elapsed_time': 25.397509574890137}
2021-10-12 06:42:23,870 multi task weight : 1.0
2021-10-12 06:42:48,950 {'epoch': 27, 'lr': 0.002396163227153181, 'train_loss': 0.005065958562317552, 'mae': 0.38465377222604685, 'elapsed_time': 25.42420768737793}
2021-10-12 06:42:49,327 multi task weight : 1.0
2021-10-12 06:43:14,382 {'epoch': 28, 'lr': 0.0022429335777674536, 'train_loss': 0.005024706973707225, 'mae': 0.35829918526250926, 'elapsed_time': 25.431888103485107}
2021-10-12 06:43:14,866 multi task weight : 1.0
2021-10-12 06:43:39,810 {'epoch': 29, 'lr': 0.0020909157792649738, 'train_loss': 0.0049881818793797985, 'mae': 0.3473344427526413, 'elapsed_time': 25.29413151741028}
2021-10-12 06:43:40,350 multi task weight : 1.0
2021-10-12 06:44:05,338 {'epoch': 30, 'lr': 0.001940709776446105, 'train_loss': 0.004956113387607754, 'mae': 0.34797330600396736, 'elapsed_time': 25.39299774169922}
2021-10-12 06:44:05,706 multi task weight : 1.0
2021-10-12 06:44:30,896 {'epoch': 31, 'lr': 0.0017929083637813791, 'train_loss': 0.004933055621097229, 'mae': 0.3420683741354383, 'elapsed_time': 25.55754256248474}
2021-10-12 06:44:31,381 multi task weight : 1.0
2021-10-12 06:44:56,401 {'epoch': 32, 'lr': 0.0016480948459225392, 'train_loss': 0.004899435741684941, 'mae': 0.3434624200705952, 'elapsed_time': 25.370195388793945}
2021-10-12 06:44:56,765 multi task weight : 1.0
2021-10-12 06:45:21,817 {'epoch': 33, 'lr': 0.0015068407356655714, 'train_loss': 0.004873452907844124, 'mae': 0.339958568465374, 'elapsed_time': 25.414831161499023}
2021-10-12 06:45:22,300 multi task weight : 1.0
2021-10-12 06:45:47,366 {'epoch': 34, 'lr': 0.0013697034984507966, 'train_loss': 0.00484679572782902, 'mae': 0.32916784939306004, 'elapsed_time': 25.41471028327942}
2021-10-12 06:45:47,890 multi task weight : 1.0
2021-10-12 06:46:12,943 {'epoch': 35, 'lr': 0.0012372243523014572, 'train_loss': 0.0048091264494686745, 'mae': 0.3149756196609733, 'elapsed_time': 25.435436964035034}
2021-10-12 06:46:13,436 multi task weight : 1.0
2021-10-12 06:46:38,538 {'epoch': 36, 'lr': 0.0011099261318834406, 'train_loss': 0.004774976831307231, 'mae': 0.31637045366779015, 'elapsed_time': 25.461870670318604}
2021-10-12 06:46:38,902 multi task weight : 1.0
2021-10-12 06:47:03,989 {'epoch': 37, 'lr': 0.0009883112251157097, 'train_loss': 0.004760928174531404, 'mae': 0.3096388158345943, 'elapsed_time': 25.45008659362793}
2021-10-12 06:47:04,474 multi task weight : 1.0
2021-10-12 06:47:29,518 {'epoch': 38, 'lr': 0.0008728595904747122, 'train_loss': 0.00473284734804319, 'mae': 0.3052507013419884, 'elapsed_time': 25.39624285697937}
2021-10-12 06:47:30,014 multi task weight : 1.0
2021-10-12 06:47:55,113 {'epoch': 39, 'lr': 0.0007640268628175419, 'train_loss': 0.00470840633112994, 'mae': 0.29994764823643877, 'elapsed_time': 25.46097183227539}
2021-10-12 06:47:55,639 multi task weight : 1.0
2021-10-12 06:48:20,579 {'epoch': 40, 'lr': 0.0006622425551993164, 'train_loss': 0.004687483982979817, 'mae': 0.2969138409474377, 'elapsed_time': 25.330084085464478}
2021-10-12 06:48:21,069 multi task weight : 1.0
2021-10-12 06:48:46,134 {'epoch': 41, 'lr': 0.0005679083637813788, 'train_loss': 0.00466937127691614, 'mae': 0.29578697160016054, 'elapsed_time': 25.418295860290527}
2021-10-12 06:48:46,610 multi task weight : 1.0
2021-10-12 06:49:11,628 {'epoch': 42, 'lr': 0.0004813965825200635, 'train_loss': 0.004647642919130875, 'mae': 0.2929545027158985, 'elapsed_time': 25.363093852996826}
2021-10-12 06:49:12,104 multi task weight : 1.0
2021-10-12 06:49:37,164 {'epoch': 43, 'lr': 0.00040304863389253415, 'train_loss': 0.004632112069821974, 'mae': 0.2884732451724601, 'elapsed_time': 25.39987325668335}
2021-10-12 06:49:37,656 multi task weight : 1.0
2021-10-12 06:50:02,725 {'epoch': 44, 'lr': 0.00033317372145825254, 'train_loss': 0.0046178828769365314, 'mae': 0.2881241212342447, 'elapsed_time': 25.423591136932373}
2021-10-12 06:50:03,242 multi task weight : 1.0
2021-10-12 06:50:28,218 {'epoch': 45, 'lr': 0.00027204760957378417, 'train_loss': 0.004604489559207711, 'mae': 0.28656478198936297, 'elapsed_time': 25.3563334941864}
2021-10-12 06:50:28,708 multi task weight : 1.0
2021-10-12 06:50:53,851 {'epoch': 46, 'lr': 0.00021991153507687383, 'train_loss': 0.004593573357586516, 'mae': 0.2844047977993057, 'elapsed_time': 25.499585151672363}
2021-10-12 06:50:54,346 multi task weight : 1.0
2021-10-12 06:51:19,448 {'epoch': 47, 'lr': 0.00017697125523485414, 'train_loss': 0.004583235791062898, 'mae': 0.28308655686423717, 'elapsed_time': 25.46040391921997}
2021-10-12 06:51:19,926 multi task weight : 1.0
2021-10-12 06:51:44,944 {'epoch': 48, 'lr': 0.00014339623571471262, 'train_loss': 0.004575495217476877, 'mae': 0.2829759094301834, 'elapsed_time': 25.357232093811035}
2021-10-12 06:51:45,437 multi task weight : 1.0
2021-10-12 06:52:10,563 {'epoch': 49, 'lr': 0.00011931898177952947, 'train_loss': 0.004569724441127638, 'mae': 0.28216041129523123, 'elapsed_time': 25.487105131149292}
2021-10-12 06:52:11,099 multi task weight : 1.0
2021-10-12 06:52:36,141 {'epoch': 50, 'lr': 0.00010483451535073468, 'train_loss': 0.004564229761866879, 'mae': 0.28188080298629387, 'elapsed_time': 25.434145212173462}
2021-10-12 06:53:10,757 Total CV: 0.28188080298629387
2021-10-12 07:04:54,607 Fold 0
2021-10-12 07:04:58,189 train run device : cuda:0
2021-10-12 07:05:21,553 multi task weight : 1.0
2021-10-12 07:06:27,214 {'epoch': 1, 'lr': 0.005, 'train_loss': 0.010103661892349314, 'mae': 11.099276494038692, 'elapsed_time': 66.0798077583313}
2021-10-12 07:06:28,012 multi task weight : 1.0
2021-10-12 07:07:34,158 {'epoch': 2, 'lr': 0.004995076687428538, 'train_loss': 0.00944206846558234, 'mae': 6.80124267688426, 'elapsed_time': 66.49699139595032}
2021-10-12 07:07:35,004 multi task weight : 1.0
2021-10-12 07:08:41,408 {'epoch': 3, 'lr': 0.004980326179779623, 'train_loss': 0.008328679170412603, 'mae': 3.7701463170719673, 'elapsed_time': 66.74863409996033}
2021-10-12 07:08:42,281 multi task weight : 1.0
2021-10-12 07:09:48,902 {'epoch': 4, 'lr': 0.0049558066905680785, 'train_loss': 0.0076651715655608075, 'mae': 2.1779072375086854, 'elapsed_time': 67.0015664100647}
2021-10-12 07:09:49,776 multi task weight : 1.0
2021-10-12 07:10:56,322 {'epoch': 5, 'lr': 0.004921614987015935, 'train_loss': 0.007278749190710332, 'mae': 1.458865059915568, 'elapsed_time': 66.93914937973022}
2021-10-12 07:10:57,130 multi task weight : 1.0
2021-10-12 07:12:03,743 {'epoch': 6, 'lr': 0.004877886008156408, 'train_loss': 0.0070205481381033965, 'mae': 1.3278082876351651, 'elapsed_time': 66.95128631591797}
2021-10-12 07:12:04,582 multi task weight : 1.0
2021-10-12 07:13:11,142 {'epoch': 7, 'lr': 0.004824792332291187, 'train_loss': 0.0068770645350474564, 'mae': 1.2916257871206323, 'elapsed_time': 66.89800882339478}
2021-10-12 07:13:11,953 multi task weight : 1.0
2021-10-12 07:14:18,633 {'epoch': 8, 'lr': 0.004762543495902719, 'train_loss': 0.006737528564599747, 'mae': 1.1971443845865644, 'elapsed_time': 67.02819490432739}
2021-10-12 07:14:19,484 multi task weight : 1.0
2021-10-12 07:15:26,129 {'epoch': 9, 'lr': 0.00469138516670944, 'train_loss': 0.006620447599311156, 'mae': 1.0361621226520292, 'elapsed_time': 67.01682448387146}
2021-10-12 07:15:26,922 multi task weight : 1.0
2021-10-12 07:16:33,596 {'epoch': 10, 'lr': 0.004611598174127528, 'train_loss': 0.006542735569045747, 'mae': 1.0534136174080626, 'elapsed_time': 67.00016474723816}
2021-10-12 07:16:33,935 multi task weight : 1.0
2021-10-12 07:17:40,641 {'epoch': 11, 'lr': 0.004523497400965494, 'train_loss': 0.006457625610927938, 'mae': 0.9165797445198449, 'elapsed_time': 67.04388451576233}
2021-10-12 07:17:41,478 multi task weight : 1.0
2021-10-12 07:18:48,131 {'epoch': 12, 'lr': 0.004427430540725594, 'train_loss': 0.00642118226857751, 'mae': 0.8934355813044773, 'elapsed_time': 67.00487518310547}
2021-10-12 07:18:48,969 multi task weight : 1.0
2021-10-12 07:19:55,677 {'epoch': 13, 'lr': 0.004323776725416422, 'train_loss': 0.006314178809493958, 'mae': 0.9332408488114231, 'elapsed_time': 67.05384302139282}
2021-10-12 07:19:56,018 multi task weight : 1.0
2021-10-12 07:21:02,749 {'epoch': 14, 'lr': 0.004212945029292078, 'train_loss': 0.006257564327114856, 'mae': 0.8406043715941501, 'elapsed_time': 67.07157135009766}
2021-10-12 07:21:03,598 multi task weight : 1.0
2021-10-12 07:22:10,276 {'epoch': 15, 'lr': 0.004095372854422981, 'train_loss': 0.006174291930031192, 'mae': 0.9010605509405467, 'elapsed_time': 67.02522873878479}
2021-10-12 07:22:10,624 multi task weight : 1.0
2021-10-12 07:23:17,323 {'epoch': 16, 'lr': 0.003971524204469721, 'train_loss': 0.006116294122200442, 'mae': 0.8225967590510587, 'elapsed_time': 67.04648041725159}
2021-10-12 07:23:18,171 multi task weight : 1.0
2021-10-12 07:24:24,724 {'epoch': 17, 'lr': 0.003841887853472597, 'train_loss': 0.006043984678267169, 'mae': 0.7901636633913488, 'elapsed_time': 66.92426896095276}
2021-10-12 07:24:25,538 multi task weight : 1.0
2021-10-12 07:25:32,143 {'epoch': 18, 'lr': 0.00370697541688378, 'train_loss': 0.0060440874360427705, 'mae': 0.8095317580679107, 'elapsed_time': 66.94956946372986}
2021-10-12 07:25:32,482 multi task weight : 1.0
2021-10-12 07:26:39,087 {'epoch': 19, 'lr': 0.003567319332454857, 'train_loss': 0.006015061210369416, 'mae': 0.7046013655597866, 'elapsed_time': 66.94367051124573}
2021-10-12 07:26:39,917 multi task weight : 1.0
2021-10-12 07:27:46,494 {'epoch': 20, 'lr': 0.0034234707589482724, 'train_loss': 0.005904893080393474, 'mae': 0.6949676155278062, 'elapsed_time': 66.9245126247406}
2021-10-12 07:27:47,305 multi task weight : 1.0
2021-10-12 07:28:53,976 {'epoch': 21, 'lr': 0.0032759974009654944, 'train_loss': 0.0058686334301573774, 'mae': 0.657969934585432, 'elapsed_time': 67.01427268981934}
2021-10-12 07:28:54,861 multi task weight : 1.0
2021-10-12 07:30:01,543 {'epoch': 22, 'lr': 0.003125481268476313, 'train_loss': 0.005811896574584122, 'mae': 0.6200451645526585, 'elapsed_time': 67.08397197723389}
2021-10-12 07:30:02,411 multi task weight : 1.0
2021-10-12 07:31:09,040 {'epoch': 23, 'lr': 0.002972516379891384, 'train_loss': 0.005767751427341408, 'mae': 0.6530597420617342, 'elapsed_time': 66.99961376190186}
2021-10-12 07:31:09,378 multi task weight : 1.0
2021-10-12 07:32:15,989 {'epoch': 24, 'lr': 0.0028177064177429406, 'train_loss': 0.005712625425805155, 'mae': 0.6390466126944798, 'elapsed_time': 66.94846963882446}
2021-10-12 07:32:16,322 multi task weight : 1.0
2021-10-12 07:33:22,937 {'epoch': 25, 'lr': 0.002661662346225638, 'train_loss': 0.005707637109528953, 'mae': 0.5998238458183668, 'elapsed_time': 66.94742608070374}
2021-10-12 07:33:23,768 multi task weight : 1.0
2021-10-12 07:34:30,413 {'epoch': 26, 'lr': 0.0025050000000000007, 'train_loss': 0.005657700002390948, 'mae': 0.5719218871850752, 'elapsed_time': 66.9843578338623}
2021-10-12 07:34:31,246 multi task weight : 1.0
2021-10-12 07:35:37,788 {'epoch': 27, 'lr': 0.002348337653774364, 'train_loss': 0.005624118393979537, 'mae': 0.5597833124836937, 'elapsed_time': 66.89269518852234}
2021-10-12 07:35:38,671 multi task weight : 1.0
2021-10-12 07:36:45,239 {'epoch': 28, 'lr': 0.0021922935822570617, 'train_loss': 0.005606849980401708, 'mae': 0.5363928528046688, 'elapsed_time': 66.96084594726562}
2021-10-12 07:36:46,055 multi task weight : 1.0
2021-10-12 07:37:52,640 {'epoch': 29, 'lr': 0.0020374836201086178, 'train_loss': 0.005548992691804748, 'mae': 0.5710677415917048, 'elapsed_time': 66.92415118217468}
2021-10-12 07:37:52,987 multi task weight : 1.0
2021-10-12 07:38:59,675 {'epoch': 30, 'lr': 0.001884518731523688, 'train_loss': 0.005517022759018551, 'mae': 0.5413440182233877, 'elapsed_time': 67.03469491004944}
2021-10-12 07:39:00,060 multi task weight : 1.0
2021-10-12 07:40:06,670 {'epoch': 31, 'lr': 0.0017340025990345077, 'train_loss': 0.005497247387511277, 'mae': 0.5407937069675389, 'elapsed_time': 66.99401712417603}
2021-10-12 07:40:07,021 multi task weight : 1.0
2021-10-12 07:41:13,617 {'epoch': 32, 'lr': 0.0015865292410517297, 'train_loss': 0.005465654674312624, 'mae': 0.5113657016515276, 'elapsed_time': 66.94741177558899}
2021-10-12 07:41:14,445 multi task weight : 1.0
2021-10-12 07:42:21,016 {'epoch': 33, 'lr': 0.0014426806675451442, 'train_loss': 0.005442431519725135, 'mae': 0.5105663250248881, 'elapsed_time': 66.91022658348083}
2021-10-12 07:42:21,851 multi task weight : 1.0
2021-10-12 07:43:28,450 {'epoch': 34, 'lr': 0.0013030245831162203, 'train_loss': 0.005423264399990489, 'mae': 0.4970881592971776, 'elapsed_time': 66.94594764709473}
2021-10-12 07:43:29,268 multi task weight : 1.0
2021-10-12 07:44:35,961 {'epoch': 35, 'lr': 0.001168112146527403, 'train_loss': 0.005399974443961486, 'mae': 0.511476059618908, 'elapsed_time': 67.02928042411804}
2021-10-12 07:44:36,323 multi task weight : 1.0
2021-10-12 07:45:42,840 {'epoch': 36, 'lr': 0.00103847579553028, 'train_loss': 0.005374039424184619, 'mae': 0.48326225397386474, 'elapsed_time': 66.87892007827759}
2021-10-12 07:45:43,673 multi task weight : 1.0
2021-10-12 07:46:50,254 {'epoch': 37, 'lr': 0.0009146271455770192, 'train_loss': 0.0053594476976009135, 'mae': 0.47995006576229576, 'elapsed_time': 66.92036700248718}
2021-10-12 07:46:51,075 multi task weight : 1.0
2021-10-12 07:47:57,623 {'epoch': 38, 'lr': 0.0007970549707079218, 'train_loss': 0.005332433644156333, 'mae': 0.4732032381210111, 'elapsed_time': 66.89084029197693}
2021-10-12 07:47:58,453 multi task weight : 1.0
2021-10-12 07:49:04,968 {'epoch': 39, 'lr': 0.0006862232745835789, 'train_loss': 0.00531781544110252, 'mae': 0.4720544223191085, 'elapsed_time': 66.86811637878418}
2021-10-12 07:49:05,791 multi task weight : 1.0
2021-10-12 07:50:12,364 {'epoch': 40, 'lr': 0.0005825694592744062, 'train_loss': 0.005302761563249895, 'mae': 0.47221263033030025, 'elapsed_time': 66.91477346420288}
2021-10-12 07:50:12,742 multi task weight : 1.0
2021-10-12 07:51:19,320 {'epoch': 41, 'lr': 0.00048650259903450645, 'train_loss': 0.005288166676711531, 'mae': 0.46592313241885164, 'elapsed_time': 66.95607423782349}
2021-10-12 07:51:20,139 multi task weight : 1.0
2021-10-12 07:52:26,707 {'epoch': 42, 'lr': 0.000398401825872473, 'train_loss': 0.0052749598279072, 'mae': 0.4556498806012245, 'elapsed_time': 66.91785717010498}
2021-10-12 07:52:27,558 multi task weight : 1.0
2021-10-12 07:53:34,110 {'epoch': 43, 'lr': 0.0003186148332905604, 'train_loss': 0.0052640335025812635, 'mae': 0.45911553287249435, 'elapsed_time': 66.9006187915802}
2021-10-12 07:53:34,452 multi task weight : 1.0
2021-10-12 07:54:41,150 {'epoch': 44, 'lr': 0.0002474565040972818, 'train_loss': 0.005251228272164397, 'mae': 0.45413459035710435, 'elapsed_time': 67.03898215293884}
2021-10-12 07:54:42,028 multi task weight : 1.0
2021-10-12 07:55:48,612 {'epoch': 45, 'lr': 0.0001852076677088129, 'train_loss': 0.005242634036826961, 'mae': 0.4564592504770374, 'elapsed_time': 66.99009990692139}
2021-10-12 07:55:48,984 multi task weight : 1.0
2021-10-12 07:56:55,608 {'epoch': 46, 'lr': 0.00013211399184359196, 'train_loss': 0.0052346549933125755, 'mae': 0.44678741363976326, 'elapsed_time': 66.9959876537323}
2021-10-12 07:56:56,439 multi task weight : 1.0
2021-10-12 07:58:03,053 {'epoch': 47, 'lr': 8.838501298406574e-05, 'train_loss': 0.0052276493422316744, 'mae': 0.44702712009330453, 'elapsed_time': 66.95150661468506}
2021-10-12 07:58:03,388 multi task weight : 1.0
2021-10-12 07:59:10,020 {'epoch': 48, 'lr': 5.4193309431921635e-05, 'train_loss': 0.005222789746708551, 'mae': 0.44493051697907676, 'elapsed_time': 66.96634244918823}
2021-10-12 07:59:10,825 multi task weight : 1.0
2021-10-12 08:00:17,504 {'epoch': 49, 'lr': 2.9673820220377978e-05, 'train_loss': 0.005219393004795982, 'mae': 0.44408570483173054, 'elapsed_time': 67.00102281570435}
2021-10-12 08:00:18,395 multi task weight : 1.0
2021-10-12 08:01:24,959 {'epoch': 50, 'lr': 1.4923312571462463e-05, 'train_loss': 0.005216510138660176, 'mae': 0.4444572389836786, 'elapsed_time': 66.96890115737915}
2021-10-12 08:02:17,206 Total CV: 0.44408570483173054
