2021-10-14 09:36:30,914 Fold 0
2021-10-14 09:36:46,450 train run device : cuda:0
2021-10-14 09:37:16,735 multi task weight : 0.7
2021-10-14 09:39:14,046 {'epoch': 1, 'lr': 0.001, 'train_loss': 0.011770731892073841, 'mae': 1.1648657, 'elapsed_time': 117.68045902252197}
2021-10-14 09:39:15,549 multi task weight : 0.7013333333333333
2021-10-14 09:41:13,325 {'epoch': 2, 'lr': 0.000999960916880889, 'train_loss': 0.004022832506634369, 'mae': 0.80725235, 'elapsed_time': 118.04525089263916}
2021-10-14 09:41:14,766 multi task weight : 0.7026666666666667
2021-10-14 09:43:12,336 {'epoch': 3, 'lr': 0.0009998436736952333, 'train_loss': 0.0034883293225087416, 'mae': 0.86252964, 'elapsed_time': 117.8253083229065}
2021-10-14 09:43:12,543 multi task weight : 0.704
2021-10-14 09:45:10,143 {'epoch': 4, 'lr': 0.0009996482889570914, 'train_loss': 0.0031758399496337607, 'mae': 0.6930893, 'elapsed_time': 117.80422258377075}
2021-10-14 09:45:11,572 multi task weight : 0.7053333333333334
2021-10-14 09:47:09,416 {'epoch': 5, 'lr': 0.0009993747935199784, 'train_loss': 0.00299489208607582, 'mae': 0.6409982, 'elapsed_time': 118.12445998191833}
2021-10-14 09:47:11,036 multi task weight : 0.7066666666666667
2021-10-14 09:49:08,612 {'epoch': 6, 'lr': 0.0009990232305719941, 'train_loss': 0.0027862894443228515, 'mae': 0.5896275, 'elapsed_time': 117.80011415481567}
2021-10-14 09:49:09,969 multi task weight : 0.708
2021-10-14 09:51:07,254 {'epoch': 7, 'lr': 0.0009985936556290037, 'train_loss': 0.0026644772393882, 'mae': 0.5741928, 'elapsed_time': 117.52400255203247}
2021-10-14 09:51:08,669 multi task weight : 0.7093333333333334
2021-10-14 09:53:06,222 {'epoch': 8, 'lr': 0.0009980861365258703, 'train_loss': 0.002561512069543361, 'mae': 0.5350295, 'elapsed_time': 117.81601023674011}
2021-10-14 09:53:07,558 multi task weight : 0.7106666666666667
2021-10-14 09:55:04,704 {'epoch': 9, 'lr': 0.0009975007534057435, 'train_loss': 0.002496714107420683, 'mae': 0.48431873, 'elapsed_time': 117.34541463851929}
2021-10-14 09:55:05,995 multi task weight : 0.712
2021-10-14 09:57:03,142 {'epoch': 10, 'lr': 0.000996837598707404, 'train_loss': 0.002470670059333186, 'mae': 0.5021156, 'elapsed_time': 117.3541648387909}
2021-10-14 09:57:03,378 multi task weight : 0.7133333333333334
2021-10-14 09:59:00,662 {'epoch': 11, 'lr': 0.0009960967771506664, 'train_loss': 0.002420580460683173, 'mae': 0.54975784, 'elapsed_time': 117.51391220092773}
2021-10-14 09:59:00,909 multi task weight : 0.7146666666666666
2021-10-14 10:00:58,213 {'epoch': 12, 'lr': 0.000995278405719842, 'train_loss': 0.002387656995037915, 'mae': 0.52454776, 'elapsed_time': 117.54668998718262}
2021-10-14 10:00:58,448 multi task weight : 0.716
2021-10-14 10:02:55,937 {'epoch': 13, 'lr': 0.0009943826136452672, 'train_loss': 0.0022848466222376283, 'mae': 0.5006405, 'elapsed_time': 117.72182750701904}
2021-10-14 10:02:56,197 multi task weight : 0.7173333333333333
2021-10-14 10:04:53,336 {'epoch': 14, 'lr': 0.0009934095423828945, 'train_loss': 0.002267370441887772, 'mae': 0.49780267, 'elapsed_time': 117.39482831954956}
2021-10-14 10:04:53,545 multi task weight : 0.7186666666666666
2021-10-14 10:06:50,960 {'epoch': 15, 'lr': 0.0009923593455919565, 'train_loss': 0.002285919649769645, 'mae': 0.45093533, 'elapsed_time': 117.62294411659241}
2021-10-14 10:06:52,358 multi task weight : 0.72
2021-10-14 10:08:49,809 {'epoch': 16, 'lr': 0.0009912321891107007, 'train_loss': 0.0021515342925975778, 'mae': 0.46669307, 'elapsed_time': 117.7074613571167}
2021-10-14 10:08:50,065 multi task weight : 0.7213333333333333
2021-10-14 10:10:47,433 {'epoch': 17, 'lr': 0.000990028250930202, 'train_loss': 0.0021660353618101857, 'mae': 0.47737405, 'elapsed_time': 117.62029314041138}
2021-10-14 10:10:47,666 multi task weight : 0.7226666666666667
2021-10-14 10:12:44,942 {'epoch': 18, 'lr': 0.0009887477211662555, 'train_loss': 0.0020611911520826017, 'mae': 0.503524, 'elapsed_time': 117.50691938400269}
2021-10-14 10:12:45,188 multi task weight : 0.724
2021-10-14 10:14:42,610 {'epoch': 19, 'lr': 0.0009873908020293554, 'train_loss': 0.002186301471807453, 'mae': 0.3902763, 'elapsed_time': 117.6621310710907}
2021-10-14 10:14:43,926 multi task weight : 0.7253333333333333
2021-10-14 10:16:41,299 {'epoch': 20, 'lr': 0.0009859577077927632, 'train_loss': 0.002002501044844538, 'mae': 0.39785293, 'elapsed_time': 117.6102774143219}
2021-10-14 10:16:41,526 multi task weight : 0.7266666666666667
2021-10-14 10:18:39,082 {'epoch': 21, 'lr': 0.000984448664758672, 'train_loss': 0.0019710819269644652, 'mae': 0.4105841, 'elapsed_time': 117.77614855766296}
2021-10-14 10:18:39,321 multi task weight : 0.728
2021-10-14 10:20:36,630 {'epoch': 22, 'lr': 0.00098286391122247, 'train_loss': 0.002043995440914743, 'mae': 0.37896344, 'elapsed_time': 117.54342103004456}
2021-10-14 10:20:38,033 multi task weight : 0.7293333333333333
2021-10-14 10:22:35,406 {'epoch': 23, 'lr': 0.0009812036974351118, 'train_loss': 0.001932084708023419, 'mae': 0.5502233, 'elapsed_time': 117.61556386947632}
2021-10-14 10:22:35,618 multi task weight : 0.7306666666666667
2021-10-14 10:24:32,630 {'epoch': 24, 'lr': 0.0009794682855636002, 'train_loss': 0.0020986348958383578, 'mae': 0.33625907, 'elapsed_time': 117.21874070167542}
2021-10-14 10:24:33,951 multi task weight : 0.732
2021-10-14 10:26:31,188 {'epoch': 25, 'lr': 0.0009776579496495873, 'train_loss': 0.0019014021202753994, 'mae': 0.39986044, 'elapsed_time': 117.46180772781372}
2021-10-14 10:26:31,407 multi task weight : 0.7333333333333334
2021-10-14 10:28:28,572 {'epoch': 26, 'lr': 0.0009757729755661, 'train_loss': 0.001977984094467678, 'mae': 0.44367683, 'elapsed_time': 117.38224625587463}
2021-10-14 10:28:28,814 multi task weight : 0.7346666666666667
2021-10-14 10:30:26,006 {'epoch': 27, 'lr': 0.0009738136609723973, 'train_loss': 0.00182255777135995, 'mae': 0.34954265, 'elapsed_time': 117.42800831794739}
2021-10-14 10:30:26,245 multi task weight : 0.736
2021-10-14 10:32:23,673 {'epoch': 28, 'lr': 0.0009717803152669668, 'train_loss': 0.0018575808049393775, 'mae': 0.3852924, 'elapsed_time': 117.66214537620544}
2021-10-14 10:32:23,878 multi task weight : 0.7373333333333334
2021-10-14 10:34:21,162 {'epoch': 29, 'lr': 0.0009696732595386666, 'train_loss': 0.0018892507716233246, 'mae': 0.31813487, 'elapsed_time': 117.48666739463806}
2021-10-14 10:34:22,526 multi task weight : 0.7386666666666666
2021-10-14 10:36:19,981 {'epoch': 30, 'lr': 0.0009674928265160219, 'train_loss': 0.0018456178308125756, 'mae': 0.3446455, 'elapsed_time': 117.70433068275452}
2021-10-14 10:36:20,223 multi task weight : 0.74
2021-10-14 10:38:17,370 {'epoch': 31, 'lr': 0.0009652393605146833, 'train_loss': 0.001964244324741101, 'mae': 0.35110754, 'elapsed_time': 117.38636898994446}
2021-10-14 10:38:17,594 multi task weight : 0.7413333333333334
2021-10-14 10:40:15,089 {'epoch': 32, 'lr': 0.0009629132173830556, 'train_loss': 0.0018038183161859247, 'mae': 0.30333152, 'elapsed_time': 117.71561455726624}
2021-10-14 10:40:16,451 multi task weight : 0.7426666666666666
2021-10-14 10:42:13,967 {'epoch': 33, 'lr': 0.0009605147644461048, 'train_loss': 0.0017899542906234564, 'mae': 0.3835833, 'elapsed_time': 117.74658298492432}
2021-10-14 10:42:14,217 multi task weight : 0.744
2021-10-14 10:44:11,652 {'epoch': 34, 'lr': 0.0009580443804473531, 'train_loss': 0.0017949024656006166, 'mae': 0.35070384, 'elapsed_time': 117.68042612075806}
2021-10-14 10:44:11,887 multi task weight : 0.7453333333333333
2021-10-14 10:46:09,179 {'epoch': 35, 'lr': 0.0009555024554890718, 'train_loss': 0.0017076558779710329, 'mae': 0.29729015, 'elapsed_time': 117.52463388442993}
2021-10-14 10:46:10,589 multi task weight : 0.7466666666666666
2021-10-14 10:48:07,926 {'epoch': 36, 'lr': 0.0009528893909706786, 'train_loss': 0.001628849325569518, 'mae': 0.34685835, 'elapsed_time': 117.62507104873657}
2021-10-14 10:48:08,149 multi task weight : 0.7479999999999999
2021-10-14 10:50:05,420 {'epoch': 37, 'lr': 0.0009502055995253526, 'train_loss': 0.001651122528415314, 'mae': 0.28128645, 'elapsed_time': 117.49099707603455}
2021-10-14 10:50:06,865 multi task weight : 0.7493333333333333
2021-10-14 10:52:04,080 {'epoch': 38, 'lr': 0.0009474515049548744, 'train_loss': 0.0016604737861907744, 'mae': 0.33071044, 'elapsed_time': 117.50817322731018}
2021-10-14 10:52:04,338 multi task weight : 0.7506666666666666
2021-10-14 10:54:01,677 {'epoch': 39, 'lr': 0.0009446275421627035, 'train_loss': 0.0016207964479864, 'mae': 0.3329047, 'elapsed_time': 117.5896806716919}
2021-10-14 10:54:01,941 multi task weight : 0.752
2021-10-14 10:55:59,303 {'epoch': 40, 'lr': 0.0009417341570853008, 'train_loss': 0.0016694457615207884, 'mae': 0.327098, 'elapsed_time': 117.62288403511047}
2021-10-14 10:55:59,595 multi task weight : 0.7533333333333333
2021-10-14 10:57:56,822 {'epoch': 41, 'lr': 0.0009387718066217113, 'train_loss': 0.0016008857654924817, 'mae': 0.27076378, 'elapsed_time': 117.51678967475891}
2021-10-14 10:57:58,268 multi task weight : 0.7546666666666666
2021-10-14 10:59:55,346 {'epoch': 42, 'lr': 0.0009357409585614141, 'train_loss': 0.0015778205545731456, 'mae': 0.29849917, 'elapsed_time': 117.33646559715271}
2021-10-14 10:59:55,602 multi task weight : 0.756
2021-10-14 11:01:52,962 {'epoch': 43, 'lr': 0.0009326420915104522, 'train_loss': 0.0015269593863375854, 'mae': 0.32147658, 'elapsed_time': 117.6137969493866}
2021-10-14 11:01:53,187 multi task weight : 0.7573333333333334
2021-10-14 11:03:50,551 {'epoch': 44, 'lr': 0.0009294756948158567, 'train_loss': 0.0015110872903156154, 'mae': 0.26835987, 'elapsed_time': 117.58715176582336}
2021-10-14 11:03:51,953 multi task weight : 0.7586666666666666
2021-10-14 11:05:49,200 {'epoch': 45, 'lr': 0.0009262422684883714, 'train_loss': 0.001499292632408139, 'mae': 0.24844459, 'elapsed_time': 117.50849056243896}
2021-10-14 11:05:50,630 multi task weight : 0.76
2021-10-14 11:07:47,970 {'epoch': 46, 'lr': 0.0009229423231234963, 'train_loss': 0.0015163888375912384, 'mae': 0.25460416, 'elapsed_time': 117.6125328540802}
2021-10-14 11:07:48,206 multi task weight : 0.7613333333333333
2021-10-14 11:09:45,530 {'epoch': 47, 'lr': 0.0009195763798208591, 'train_loss': 0.0014407454296758904, 'mae': 0.30063707, 'elapsed_time': 117.55760955810547}
2021-10-14 11:09:45,760 multi task weight : 0.7626666666666666
2021-10-14 11:11:43,176 {'epoch': 48, 'lr': 0.0009161449701019262, 'train_loss': 0.001482701221835226, 'mae': 0.24817872, 'elapsed_time': 117.64360046386719}
2021-10-14 11:11:44,546 multi task weight : 0.764
2021-10-14 11:13:41,996 {'epoch': 49, 'lr': 0.0009126486358260705, 'train_loss': 0.0015805600854124431, 'mae': 0.29682097, 'elapsed_time': 117.71647787094116}
2021-10-14 11:13:42,253 multi task weight : 0.7653333333333333
2021-10-14 11:15:39,398 {'epoch': 50, 'lr': 0.000909087929105005, 'train_loss': 0.0014600491063574278, 'mae': 0.24160194, 'elapsed_time': 117.39806079864502}
2021-10-14 11:15:40,813 multi task weight : 0.7666666666666666
2021-10-14 11:17:38,143 {'epoch': 51, 'lr': 0.0009054634122155979, 'train_loss': 0.0014097503991890143, 'mae': 0.2227555, 'elapsed_time': 117.58157753944397}
2021-10-14 11:17:39,526 multi task weight : 0.768
2021-10-14 11:19:36,936 {'epoch': 52, 'lr': 0.0009017756575110829, 'train_loss': 0.0013407952491023669, 'mae': 0.23311317, 'elapsed_time': 117.64107418060303}
2021-10-14 11:19:37,184 multi task weight : 0.7693333333333333
2021-10-14 11:21:34,505 {'epoch': 53, 'lr': 0.0008980252473306773, 'train_loss': 0.0013387261781868673, 'mae': 0.28629676, 'elapsed_time': 117.56599521636963}
2021-10-14 11:21:34,761 multi task weight : 0.7706666666666666
2021-10-14 11:23:31,922 {'epoch': 54, 'lr': 0.0008942127739076252, 'train_loss': 0.0015098102208081264, 'mae': 0.26005942, 'elapsed_time': 117.41425681114197}
2021-10-14 11:23:32,159 multi task weight : 0.772
2021-10-14 11:25:29,467 {'epoch': 55, 'lr': 0.0008903388392756755, 'train_loss': 0.0015454395477289076, 'mae': 0.40393716, 'elapsed_time': 117.54315972328186}
2021-10-14 11:25:29,717 multi task weight : 0.7733333333333332
2021-10-14 11:27:26,993 {'epoch': 56, 'lr': 0.0008864040551740145, 'train_loss': 0.0015298312901463075, 'mae': 0.29502293, 'elapsed_time': 117.52325654029846}
2021-10-14 11:27:27,232 multi task weight : 0.7746666666666666
2021-10-14 11:29:24,406 {'epoch': 57, 'lr': 0.0008824090429506656, 'train_loss': 0.0013772131938109577, 'mae': 0.23973489, 'elapsed_time': 117.41016626358032}
2021-10-14 11:29:24,652 multi task weight : 0.776
2021-10-14 11:31:21,702 {'epoch': 58, 'lr': 0.0008783544334643704, 'train_loss': 0.0013147573611983563, 'mae': 0.24930231, 'elapsed_time': 117.29108333587646}
2021-10-14 11:31:21,958 multi task weight : 0.7773333333333332
2021-10-14 11:33:19,065 {'epoch': 59, 'lr': 0.0008742408669849691, 'train_loss': 0.0013034775045887377, 'mae': 0.27050263, 'elapsed_time': 117.36039519309998}
2021-10-14 11:33:19,287 multi task weight : 0.7786666666666666
2021-10-14 11:35:16,485 {'epoch': 60, 'lr': 0.0008700689930922951, 'train_loss': 0.0013012484955305765, 'mae': 0.22255291, 'elapsed_time': 117.41479349136353}
2021-10-14 11:35:17,949 multi task weight : 0.78
2021-10-14 11:37:15,279 {'epoch': 61, 'lr': 0.0008658394705735977, 'train_loss': 0.0013022394412653268, 'mae': 0.22575015, 'elapsed_time': 117.61491680145264}
2021-10-14 11:37:15,527 multi task weight : 0.7813333333333332
2021-10-14 11:39:12,899 {'epoch': 62, 'lr': 0.0008615529673195128, 'train_loss': 0.0013528733080372737, 'mae': 0.2559485, 'elapsed_time': 117.61731839179993}
2021-10-14 11:39:13,146 multi task weight : 0.7826666666666666
2021-10-14 11:41:10,597 {'epoch': 63, 'lr': 0.0008572101602185953, 'train_loss': 0.0012447759059780556, 'mae': 0.30599764, 'elapsed_time': 117.6935362815857}
2021-10-14 11:41:10,832 multi task weight : 0.784
2021-10-14 11:43:08,124 {'epoch': 64, 'lr': 0.0008528117350504294, 'train_loss': 0.00136596513325762, 'mae': 1.1007745, 'elapsed_time': 117.52468132972717}
2021-10-14 11:43:08,356 multi task weight : 0.7853333333333332
2021-10-14 11:45:05,625 {'epoch': 65, 'lr': 0.0008483583863773374, 'train_loss': 0.002051668415911313, 'mae': 0.26745993, 'elapsed_time': 117.49908471107483}
2021-10-14 11:45:05,842 multi task weight : 0.7866666666666666
2021-10-14 11:47:03,135 {'epoch': 66, 'lr': 0.0008438508174346998, 'train_loss': 0.001462972522364538, 'mae': 0.23263457, 'elapsed_time': 117.5072021484375}
2021-10-14 11:47:03,387 multi task weight : 0.788
2021-10-14 11:49:00,588 {'epoch': 67, 'lr': 0.0008392897400199059, 'train_loss': 0.0012696592027359723, 'mae': 0.22667032, 'elapsed_time': 117.45063257217407}
2021-10-14 11:49:00,865 multi task weight : 0.7893333333333333
2021-10-14 11:50:58,146 {'epoch': 68, 'lr': 0.0008346758743799535, 'train_loss': 0.0012406169460941973, 'mae': 0.21702106, 'elapsed_time': 117.55558657646179}
2021-10-14 11:50:59,640 multi task weight : 0.7906666666666666
2021-10-14 11:52:56,922 {'epoch': 69, 'lr': 0.0008300099490977124, 'train_loss': 0.0011842036065556024, 'mae': 0.2298654, 'elapsed_time': 117.5545265674591}
2021-10-14 11:52:57,169 multi task weight : 0.792
2021-10-14 11:54:54,377 {'epoch': 70, 'lr': 0.000825292700976874, 'train_loss': 0.0012010153848369283, 'mae': 0.2678186, 'elapsed_time': 117.44902038574219}
2021-10-14 11:54:54,631 multi task weight : 0.7933333333333333
2021-10-14 11:56:51,894 {'epoch': 71, 'lr': 0.0008205248749256004, 'train_loss': 0.001261168180898849, 'mae': 0.21809463, 'elapsed_time': 117.51527810096741}
2021-10-14 11:56:52,156 multi task weight : 0.7946666666666666
2021-10-14 11:58:49,467 {'epoch': 72, 'lr': 0.0008157072238388957, 'train_loss': 0.0011323006238573587, 'mae': 0.21354146, 'elapsed_time': 117.57102847099304}
2021-10-14 11:58:50,858 multi task weight : 0.796
2021-10-14 12:00:48,013 {'epoch': 73, 'lr': 0.0008108405084797145, 'train_loss': 0.0011069757866347919, 'mae': 0.21190302, 'elapsed_time': 117.46032905578613}
2021-10-14 12:00:49,337 multi task weight : 0.7973333333333333
2021-10-14 12:02:46,756 {'epoch': 74, 'lr': 0.0008059254973588287, 'train_loss': 0.001101670010327661, 'mae': 0.21025509, 'elapsed_time': 117.68142580986023}
2021-10-14 12:02:48,196 multi task weight : 0.7986666666666666
2021-10-14 12:04:45,396 {'epoch': 75, 'lr': 0.0008009629666134708, 'train_loss': 0.0012237500491927916, 'mae': 0.22565949, 'elapsed_time': 117.4595115184784}
2021-10-14 12:04:45,638 multi task weight : 0.8
2021-10-14 12:06:42,940 {'epoch': 76, 'lr': 0.0007959536998847731, 'train_loss': 0.001146994444502751, 'mae': 0.22097003, 'elapsed_time': 117.5422830581665}
2021-10-14 12:06:43,185 multi task weight : 0.8013333333333333
2021-10-14 12:08:40,698 {'epoch': 77, 'lr': 0.0007908984881940213, 'train_loss': 0.0012907198219849543, 'mae': 0.2508399, 'elapsed_time': 117.75553107261658}
2021-10-14 12:08:40,954 multi task weight : 0.8026666666666666
2021-10-14 12:10:38,287 {'epoch': 78, 'lr': 0.0007857981298177435, 'train_loss': 0.0012089257799409888, 'mae': 0.25993863, 'elapsed_time': 117.58648943901062}
2021-10-14 12:10:38,558 multi task weight : 0.804
2021-10-14 12:12:35,995 {'epoch': 79, 'lr': 0.000780653430161652, 'train_loss': 0.0011286263720109574, 'mae': 0.20997567, 'elapsed_time': 117.70593214035034}
2021-10-14 12:12:37,447 multi task weight : 0.8053333333333333
2021-10-14 12:14:34,903 {'epoch': 80, 'lr': 0.0007754652016334621, 'train_loss': 0.0010222205465117615, 'mae': 0.1974795, 'elapsed_time': 117.71720242500305}
2021-10-14 12:14:36,343 multi task weight : 0.8066666666666666
2021-10-14 12:16:33,657 {'epoch': 81, 'lr': 0.0007702342635146022, 'train_loss': 0.001024164102053192, 'mae': 0.20948836, 'elapsed_time': 117.595871925354}
2021-10-14 12:16:33,902 multi task weight : 0.808
2021-10-14 12:18:31,446 {'epoch': 82, 'lr': 0.0007649614418308403, 'train_loss': 0.0009992069113602142, 'mae': 0.19685045, 'elapsed_time': 117.78372478485107}
2021-10-14 12:18:32,917 multi task weight : 0.8093333333333333
2021-10-14 12:20:30,349 {'epoch': 83, 'lr': 0.0007596475692218447, 'train_loss': 0.0010228618867127528, 'mae': 0.21240295, 'elapsed_time': 117.71391320228577}
2021-10-14 12:20:30,568 multi task weight : 0.8106666666666666
2021-10-14 12:22:28,207 {'epoch': 84, 'lr': 0.0007542934848097005, 'train_loss': 0.001119565184371925, 'mae': 0.21500534, 'elapsed_time': 117.85469460487366}
2021-10-14 12:22:28,465 multi task weight : 0.812
2021-10-14 12:24:25,822 {'epoch': 85, 'lr': 0.0007489000340664033, 'train_loss': 0.0011474688431881294, 'mae': 0.23775014, 'elapsed_time': 117.6125340461731}
2021-10-14 12:24:26,075 multi task weight : 0.8133333333333334
2021-10-14 12:26:23,568 {'epoch': 86, 'lr': 0.000743468068680348, 'train_loss': 0.0012458391351819118, 'mae': 0.23409331, 'elapsed_time': 117.74363493919373}
2021-10-14 12:26:23,831 multi task weight : 0.8146666666666667
2021-10-14 12:28:21,161 {'epoch': 87, 'lr': 0.0007379984464218386, 'train_loss': 0.0010661778272906624, 'mae': 0.21003139, 'elapsed_time': 117.5881290435791}
2021-10-14 12:28:21,433 multi task weight : 0.8160000000000001
2021-10-14 12:30:18,724 {'epoch': 88, 'lr': 0.0007324920310076356, 'train_loss': 0.000980743321215498, 'mae': 0.19757055, 'elapsed_time': 117.56038784980774}
2021-10-14 12:30:18,956 multi task weight : 0.8173333333333334
2021-10-14 12:32:16,538 {'epoch': 89, 'lr': 0.0007269496919645652, 'train_loss': 0.0009734546555844342, 'mae': 0.28610432, 'elapsed_time': 117.80943655967712}
2021-10-14 12:32:16,797 multi task weight : 0.8186666666666667
2021-10-14 12:34:14,209 {'epoch': 90, 'lr': 0.0007213723044922109, 'train_loss': 0.0010221043130107634, 'mae': 0.19362508, 'elapsed_time': 117.6690821647644}
2021-10-14 12:34:15,684 multi task weight : 0.8200000000000001
2021-10-14 12:36:13,513 {'epoch': 91, 'lr': 0.0007157607493247101, 'train_loss': 0.0009396828439474264, 'mae': 0.19702144, 'elapsed_time': 118.13192129135132}
2021-10-14 12:36:13,787 multi task weight : 0.8213333333333334
2021-10-14 12:38:11,525 {'epoch': 92, 'lr': 0.0007101159125916748, 'train_loss': 0.0009906606003148338, 'mae': 0.19443457, 'elapsed_time': 118.00888848304749}
2021-10-14 12:38:11,801 multi task weight : 0.8226666666666667
2021-10-14 12:40:09,345 {'epoch': 93, 'lr': 0.0007044386856782622, 'train_loss': 0.0009723774627137453, 'mae': 0.19790238, 'elapsed_time': 117.81829261779785}
2021-10-14 12:40:09,581 multi task weight : 0.8240000000000001
2021-10-14 12:42:07,165 {'epoch': 94, 'lr': 0.0006987299650844144, 'train_loss': 0.0009226269522562099, 'mae': 0.19790764, 'elapsed_time': 117.81823658943176}
2021-10-14 12:42:07,416 multi task weight : 0.8253333333333334
2021-10-14 12:44:05,073 {'epoch': 95, 'lr': 0.0006929906522832908, 'train_loss': 0.0009148600522979275, 'mae': 0.20361568, 'elapsed_time': 117.9060218334198}
2021-10-14 12:44:05,340 multi task weight : 0.8266666666666667
2021-10-14 12:46:03,011 {'epoch': 96, 'lr': 0.0006872216535789149, 'train_loss': 0.000938637608957259, 'mae': 0.20255546, 'elapsed_time': 117.93354105949402}
2021-10-14 12:46:03,308 multi task weight : 0.8280000000000001
2021-10-14 12:48:01,228 {'epoch': 97, 'lr': 0.0006814238799630584, 'train_loss': 0.000903091215169967, 'mae': 0.19049425, 'elapsed_time': 118.21271443367004}
2021-10-14 12:48:02,916 multi task weight : 0.8293333333333333
2021-10-14 12:50:00,945 {'epoch': 98, 'lr': 0.0006755982469713853, 'train_loss': 0.0011869945917019314, 'mae': 0.2067333, 'elapsed_time': 118.3178768157959}
2021-10-14 12:50:01,224 multi task weight : 0.8306666666666667
2021-10-14 12:51:59,290 {'epoch': 99, 'lr': 0.0006697456745388777, 'train_loss': 0.0009649475854978884, 'mae': 0.20053846, 'elapsed_time': 118.34233093261719}
2021-10-14 12:51:59,578 multi task weight : 0.8320000000000001
2021-10-14 12:53:57,451 {'epoch': 100, 'lr': 0.000663867086854568, 'train_loss': 0.0009390941021792379, 'mae': 0.18929675, 'elapsed_time': 118.15789794921875}
2021-10-14 12:53:59,293 multi task weight : 0.8333333333333333
2021-10-14 12:55:57,214 {'epoch': 101, 'lr': 0.0006579634122155984, 'train_loss': 0.0008622804480111701, 'mae': 0.18497321, 'elapsed_time': 118.18912887573242}
2021-10-14 12:55:58,714 multi task weight : 0.8346666666666667
2021-10-14 12:57:56,468 {'epoch': 102, 'lr': 0.0006520355828806316, 'train_loss': 0.0007935035733087636, 'mae': 0.19100551, 'elapsed_time': 118.03299856185913}
2021-10-14 12:57:56,710 multi task weight : 0.8360000000000001
2021-10-14 12:59:54,364 {'epoch': 103, 'lr': 0.0006460845349226375, 'train_loss': 0.0007948172047260268, 'mae': 0.19648646, 'elapsed_time': 117.8932535648346}
2021-10-14 12:59:54,607 multi task weight : 0.8373333333333333
2021-10-14 13:01:52,488 {'epoch': 104, 'lr': 0.0006401112080810754, 'train_loss': 0.0007781532145616943, 'mae': 0.18428604, 'elapsed_time': 118.11807823181152}
2021-10-14 13:01:53,975 multi task weight : 0.8386666666666667
2021-10-14 13:03:51,624 {'epoch': 105, 'lr': 0.0006341165456134983, 'train_loss': 0.0007712546342241993, 'mae': 0.18277556, 'elapsed_time': 117.94279098510742}
2021-10-14 13:03:53,057 multi task weight : 0.8400000000000001
2021-10-14 13:05:50,703 {'epoch': 106, 'lr': 0.0006281014941466025, 'train_loss': 0.000798485067415664, 'mae': 0.18127921, 'elapsed_time': 117.92260217666626}
2021-10-14 13:05:52,108 multi task weight : 0.8413333333333333
2021-10-14 13:07:49,919 {'epoch': 107, 'lr': 0.0006220670035267433, 'train_loss': 0.0007767032972624004, 'mae': 0.18596435, 'elapsed_time': 118.08976197242737}
2021-10-14 13:07:50,168 multi task weight : 0.8426666666666667
2021-10-14 13:09:47,691 {'epoch': 108, 'lr': 0.0006160140266699433, 'train_loss': 0.0009157389670245059, 'mae': 0.18866289, 'elapsed_time': 117.76749277114868}
2021-10-14 13:09:47,944 multi task weight : 0.8440000000000001
2021-10-14 13:11:45,302 {'epoch': 109, 'lr': 0.0006099435194114167, 'train_loss': 0.0008006703438122514, 'mae': 0.18758976, 'elapsed_time': 117.609139919281}
2021-10-14 13:11:45,550 multi task weight : 0.8453333333333333
2021-10-14 13:13:43,387 {'epoch': 110, 'lr': 0.0006038564403546311, 'train_loss': 0.0007521444231745737, 'mae': 0.17762718, 'elapsed_time': 118.08056354522705}
2021-10-14 13:13:44,857 multi task weight : 0.8466666666666667
2021-10-14 13:15:42,454 {'epoch': 111, 'lr': 0.0005977537507199332, 'train_loss': 0.0007582822670163976, 'mae': 0.17732167, 'elapsed_time': 117.88039302825928}
2021-10-14 13:15:43,946 multi task weight : 0.8480000000000001
2021-10-14 13:17:41,479 {'epoch': 112, 'lr': 0.0005916364141927612, 'train_loss': 0.0007365976741094318, 'mae': 0.18024388, 'elapsed_time': 117.83696413040161}
2021-10-14 13:17:41,777 multi task weight : 0.8493333333333333
2021-10-14 13:19:39,098 {'epoch': 113, 'lr': 0.000585505396771467, 'train_loss': 0.0008617434045824489, 'mae': 0.20061359, 'elapsed_time': 117.61589884757996}
2021-10-14 13:19:39,355 multi task weight : 0.8506666666666667
2021-10-14 13:21:36,926 {'epoch': 114, 'lr': 0.0005793616666147743, 'train_loss': 0.0007884861058336445, 'mae': 0.18521538, 'elapsed_time': 117.82211446762085}
2021-10-14 13:21:37,189 multi task weight : 0.8520000000000001
2021-10-14 13:23:34,934 {'epoch': 115, 'lr': 0.0005732061938888954, 'train_loss': 0.0007646053332052853, 'mae': 0.18542267, 'elapsed_time': 118.00305414199829}
2021-10-14 13:23:35,212 multi task weight : 0.8533333333333333
2021-10-14 13:25:32,792 {'epoch': 116, 'lr': 0.0005670399506143301, 'train_loss': 0.000720704953828697, 'mae': 0.1746119, 'elapsed_time': 117.8559398651123}
2021-10-14 13:25:34,245 multi task weight : 0.8546666666666667
2021-10-14 13:27:32,004 {'epoch': 117, 'lr': 0.0005608639105123728, 'train_loss': 0.0006871224380412427, 'mae': 0.17727159, 'elapsed_time': 118.05274868011475}
2021-10-14 13:27:32,230 multi task weight : 0.8560000000000001
2021-10-14 13:29:29,835 {'epoch': 118, 'lr': 0.0005546790488513508, 'train_loss': 0.0006962199083784307, 'mae': 0.17505892, 'elapsed_time': 117.82909488677979}
2021-10-14 13:29:30,116 multi task weight : 0.8573333333333333
2021-10-14 13:31:27,334 {'epoch': 119, 'lr': 0.0005484863422926174, 'train_loss': 0.000700832018844729, 'mae': 0.18221791, 'elapsed_time': 117.49656128883362}
2021-10-14 13:31:27,601 multi task weight : 0.8586666666666667
2021-10-14 13:33:24,851 {'epoch': 120, 'lr': 0.0005422867687363261, 'train_loss': 0.0006894867888215443, 'mae': 0.17746827, 'elapsed_time': 117.51506519317627}
2021-10-14 13:33:25,095 multi task weight : 0.8600000000000001
2021-10-14 13:35:22,667 {'epoch': 121, 'lr': 0.0005360813071670096, 'train_loss': 0.0006749276932133911, 'mae': 0.1774136, 'elapsed_time': 117.81386733055115}
2021-10-14 13:35:22,923 multi task weight : 0.8613333333333333
2021-10-14 13:37:20,516 {'epoch': 122, 'lr': 0.0005298709374989853, 'train_loss': 0.0006728680225458265, 'mae': 0.1750177, 'elapsed_time': 117.84332609176636}
2021-10-14 13:37:20,775 multi task weight : 0.8626666666666667
2021-10-14 13:39:18,114 {'epoch': 123, 'lr': 0.000523656640421617, 'train_loss': 0.0006698375941804104, 'mae': 0.18020783, 'elapsed_time': 117.59294748306274}
2021-10-14 13:39:18,357 multi task weight : 0.864
2021-10-14 13:41:15,689 {'epoch': 124, 'lr': 0.0005174393972444516, 'train_loss': 0.0006628680813778624, 'mae': 0.1739741, 'elapsed_time': 117.57312393188477}
2021-10-14 13:41:17,101 multi task weight : 0.8653333333333333
2021-10-14 13:43:14,787 {'epoch': 125, 'lr': 0.0005112201897422591, 'train_loss': 0.0006514864532441158, 'mae': 0.17478202, 'elapsed_time': 117.96658706665039}
2021-10-14 13:43:15,044 multi task weight : 0.8666666666666666
2021-10-14 13:45:12,380 {'epoch': 126, 'lr': 0.0005049999999999995, 'train_loss': 0.0006518372710401684, 'mae': 0.17543967, 'elapsed_time': 117.58967161178589}
2021-10-14 13:45:12,646 multi task weight : 0.868
2021-10-14 13:47:09,860 {'epoch': 127, 'lr': 0.0004987798102577399, 'train_loss': 0.0006497562483984994, 'mae': 0.1860119, 'elapsed_time': 117.47849988937378}
2021-10-14 13:47:10,152 multi task weight : 0.8693333333333333
2021-10-14 13:49:07,499 {'epoch': 128, 'lr': 0.0004925606027555475, 'train_loss': 0.0006332721646981297, 'mae': 0.17344709, 'elapsed_time': 117.63732171058655}
2021-10-14 13:49:08,919 multi task weight : 0.8706666666666667
2021-10-14 13:51:06,081 {'epoch': 129, 'lr': 0.00048634335957838186, 'train_loss': 0.0006247639461655621, 'mae': 0.175466, 'elapsed_time': 117.41871619224548}
2021-10-14 13:51:06,325 multi task weight : 0.872
2021-10-14 13:53:03,608 {'epoch': 130, 'lr': 0.0004801290625010136, 'train_loss': 0.0006217703770048734, 'mae': 0.17214009, 'elapsed_time': 117.52522683143616}
2021-10-14 13:53:05,105 multi task weight : 0.8733333333333333
2021-10-14 13:55:02,796 {'epoch': 131, 'lr': 0.00047391869283298953, 'train_loss': 0.0006060166033867418, 'mae': 0.17980978, 'elapsed_time': 117.99344420433044}
2021-10-14 13:55:03,043 multi task weight : 0.8746666666666667
2021-10-14 13:57:00,526 {'epoch': 132, 'lr': 0.0004677132312636728, 'train_loss': 0.0006155239898931158, 'mae': 0.1739265, 'elapsed_time': 117.72777128219604}
2021-10-14 13:57:00,758 multi task weight : 0.876
2021-10-14 13:58:58,127 {'epoch': 133, 'lr': 0.00046151365770738165, 'train_loss': 0.0006013137037199882, 'mae': 0.17390786, 'elapsed_time': 117.59852910041809}
2021-10-14 13:58:58,373 multi task weight : 0.8773333333333333
2021-10-14 14:00:55,819 {'epoch': 134, 'lr': 0.0004553209511486482, 'train_loss': 0.0005974697060833671, 'mae': 0.17374085, 'elapsed_time': 117.68667650222778}
2021-10-14 14:00:56,109 multi task weight : 0.8786666666666667
2021-10-14 14:02:53,456 {'epoch': 135, 'lr': 0.00044913608948762607, 'train_loss': 0.0005846098458519079, 'mae': 0.1710462, 'elapsed_time': 117.63488578796387}
2021-10-14 14:02:54,891 multi task weight : 0.88
2021-10-14 14:04:52,703 {'epoch': 136, 'lr': 0.00044296004938566895, 'train_loss': 0.0005841113645472299, 'mae': 0.17284718, 'elapsed_time': 118.06336617469788}
2021-10-14 14:04:52,985 multi task weight : 0.8813333333333333
2021-10-14 14:06:50,309 {'epoch': 137, 'lr': 0.0004367938061111037, 'train_loss': 0.0005673953067237293, 'mae': 0.17040624, 'elapsed_time': 117.60354089736938}
2021-10-14 14:06:51,735 multi task weight : 0.8826666666666667
2021-10-14 14:08:49,140 {'epoch': 138, 'lr': 0.00043063833338522476, 'train_loss': 0.0005645823984044605, 'mae': 0.16873111, 'elapsed_time': 117.64606285095215}
2021-10-14 14:08:50,557 multi task weight : 0.884
2021-10-14 14:10:48,188 {'epoch': 139, 'lr': 0.00042449460322853215, 'train_loss': 0.0005590324371564341, 'mae': 0.16968828, 'elapsed_time': 117.91544961929321}
2021-10-14 14:10:48,441 multi task weight : 0.8853333333333333
2021-10-14 14:12:45,618 {'epoch': 140, 'lr': 0.00041836358580723794, 'train_loss': 0.0005524290687323722, 'mae': 0.17202665, 'elapsed_time': 117.42813968658447}
2021-10-14 14:12:45,866 multi task weight : 0.8866666666666667
2021-10-14 14:14:43,295 {'epoch': 141, 'lr': 0.00041224624928006584, 'train_loss': 0.0005469072256496484, 'mae': 0.16827068, 'elapsed_time': 117.67516946792603}
2021-10-14 14:14:44,773 multi task weight : 0.888
2021-10-14 14:16:42,507 {'epoch': 142, 'lr': 0.0004061435596453681, 'train_loss': 0.0005496944966766122, 'mae': 0.16855575, 'elapsed_time': 117.97604560852051}
2021-10-14 14:16:42,775 multi task weight : 0.8893333333333333
2021-10-14 14:18:40,076 {'epoch': 143, 'lr': 0.0004000564805885825, 'train_loss': 0.0005295582552612658, 'mae': 0.16879307, 'elapsed_time': 117.56564164161682}
2021-10-14 14:18:40,328 multi task weight : 0.8906666666666667
2021-10-14 14:20:37,712 {'epoch': 144, 'lr': 0.00039398597333005584, 'train_loss': 0.0005251493176594722, 'mae': 0.16796304, 'elapsed_time': 117.63343048095703}
2021-10-14 14:20:39,137 multi task weight : 0.892
2021-10-14 14:22:36,363 {'epoch': 145, 'lr': 0.00038793299647325586, 'train_loss': 0.0005261137923552866, 'mae': 0.1671396, 'elapsed_time': 117.46863269805908}
2021-10-14 14:22:37,762 multi task weight : 0.8933333333333333
2021-10-14 14:24:35,359 {'epoch': 146, 'lr': 0.00038189850585339653, 'train_loss': 0.0005132435458095718, 'mae': 0.17100522, 'elapsed_time': 117.85180878639221}
2021-10-14 14:24:35,620 multi task weight : 0.8946666666666667
2021-10-14 14:26:33,032 {'epoch': 147, 'lr': 0.0003758834543865006, 'train_loss': 0.0005066880286653323, 'mae': 0.1655874, 'elapsed_time': 117.67105722427368}
2021-10-14 14:26:34,463 multi task weight : 0.896
2021-10-14 14:28:31,937 {'epoch': 148, 'lr': 0.0003698887919189236, 'train_loss': 0.0005039572578745618, 'mae': 0.16845018, 'elapsed_time': 117.7498950958252}
2021-10-14 14:28:32,215 multi task weight : 0.8973333333333333
2021-10-14 14:30:29,569 {'epoch': 149, 'lr': 0.0003639154650773614, 'train_loss': 0.0004933023106891876, 'mae': 0.16729331, 'elapsed_time': 117.6289849281311}
2021-10-14 14:30:29,823 multi task weight : 0.8986666666666667
2021-10-14 14:32:27,449 {'epoch': 150, 'lr': 0.00035796441711936726, 'train_loss': 0.000494190174012369, 'mae': 0.16921511, 'elapsed_time': 117.87659859657288}
2021-10-14 14:32:27,697 multi task weight : 0.9
2021-10-14 14:34:25,148 {'epoch': 151, 'lr': 0.00035203658778440065, 'train_loss': 0.0004884860128401288, 'mae': 0.16664763, 'elapsed_time': 117.69650864601135}
2021-10-14 14:34:25,395 multi task weight : 0.9
2021-10-14 14:36:22,906 {'epoch': 152, 'lr': 0.00034613291314543093, 'train_loss': 0.00047409873223703695, 'mae': 0.16563621, 'elapsed_time': 117.75620627403259}
2021-10-14 14:36:23,182 multi task weight : 0.9
2021-10-14 14:38:20,721 {'epoch': 153, 'lr': 0.00034025432546112123, 'train_loss': 0.000464869172770883, 'mae': 0.16560866, 'elapsed_time': 117.81292772293091}
2021-10-14 14:38:20,976 multi task weight : 0.9
2021-10-14 14:40:18,360 {'epoch': 154, 'lr': 0.00033440175302861365, 'train_loss': 0.0004679872136565531, 'mae': 0.16624375, 'elapsed_time': 117.63650846481323}
2021-10-14 14:40:18,603 multi task weight : 0.9
2021-10-14 14:42:15,994 {'epoch': 155, 'lr': 0.00032857612003694053, 'train_loss': 0.00046899182921938346, 'mae': 0.16692707, 'elapsed_time': 117.63138628005981}
2021-10-14 14:42:16,251 multi task weight : 0.9
2021-10-14 14:44:13,637 {'epoch': 156, 'lr': 0.000322778346421084, 'train_loss': 0.00045167873042646113, 'mae': 0.16496363, 'elapsed_time': 117.64196634292603}
2021-10-14 14:44:15,088 multi task weight : 0.9
2021-10-14 14:46:12,609 {'epoch': 157, 'lr': 0.00031700934771670806, 'train_loss': 0.00044672991858265746, 'mae': 0.16634291, 'elapsed_time': 117.78675842285156}
2021-10-14 14:46:12,868 multi task weight : 0.9
2021-10-14 14:48:10,427 {'epoch': 158, 'lr': 0.00031127003491558447, 'train_loss': 0.00044829452439964883, 'mae': 0.1648529, 'elapsed_time': 117.81508922576904}
2021-10-14 14:48:11,827 multi task weight : 0.9
2021-10-14 14:50:09,352 {'epoch': 159, 'lr': 0.00030556131432173654, 'train_loss': 0.00043572888970671306, 'mae': 0.16607375, 'elapsed_time': 117.78514742851257}
2021-10-14 14:50:09,623 multi task weight : 0.9
2021-10-14 14:52:07,044 {'epoch': 160, 'lr': 0.00029988408740832395, 'train_loss': 0.00044032554719239137, 'mae': 0.16651683, 'elapsed_time': 117.68707013130188}
2021-10-14 14:52:07,321 multi task weight : 0.9
2021-10-14 14:54:04,584 {'epoch': 161, 'lr': 0.0002942392506752886, 'train_loss': 0.0004331833183656788, 'mae': 0.16375639, 'elapsed_time': 117.53788137435913}
2021-10-14 14:54:05,966 multi task weight : 0.9
2021-10-14 14:56:03,584 {'epoch': 162, 'lr': 0.00028862769550778793, 'train_loss': 0.00042257978876520655, 'mae': 0.16394919, 'elapsed_time': 117.87651491165161}
2021-10-14 14:56:03,842 multi task weight : 0.9
2021-10-14 14:58:01,444 {'epoch': 163, 'lr': 0.0002830503080354337, 'train_loss': 0.0004136562475168089, 'mae': 0.16403164, 'elapsed_time': 117.85751867294312}
2021-10-14 14:58:01,723 multi task weight : 0.9
2021-10-14 14:59:59,206 {'epoch': 164, 'lr': 0.00027750796899236315, 'train_loss': 0.0004082605390234883, 'mae': 0.16447511, 'elapsed_time': 117.75835108757019}
2021-10-14 14:59:59,466 multi task weight : 0.9
2021-10-14 15:01:57,099 {'epoch': 165, 'lr': 0.00027200155357816016, 'train_loss': 0.0004081061635119501, 'mae': 0.16470113, 'elapsed_time': 117.88986134529114}
2021-10-14 15:01:57,348 multi task weight : 0.9
2021-10-14 15:03:54,741 {'epoch': 166, 'lr': 0.0002665319313196507, 'train_loss': 0.0004003809924830539, 'mae': 0.16327439, 'elapsed_time': 117.63996171951294}
2021-10-14 15:03:56,146 multi task weight : 0.9
2021-10-14 15:05:53,872 {'epoch': 167, 'lr': 0.0002610999659335952, 'train_loss': 0.0003964256410683876, 'mae': 0.1643858, 'elapsed_time': 117.99893093109131}
2021-10-14 15:05:54,113 multi task weight : 0.9
2021-10-14 15:07:51,715 {'epoch': 168, 'lr': 0.00025570651519029805, 'train_loss': 0.00039228403766752477, 'mae': 0.16314954, 'elapsed_time': 117.83816027641296}
2021-10-14 15:07:53,084 multi task weight : 0.9
2021-10-14 15:09:50,765 {'epoch': 169, 'lr': 0.0002503524307781539, 'train_loss': 0.0003837631004408861, 'mae': 0.16243389, 'elapsed_time': 117.92467308044434}
2021-10-14 15:09:52,192 multi task weight : 0.9
2021-10-14 15:11:49,958 {'epoch': 170, 'lr': 0.00024503855816915824, 'train_loss': 0.0003816543192021929, 'mae': 0.1633255, 'elapsed_time': 118.04076838493347}
2021-10-14 15:11:50,240 multi task weight : 0.9
2021-10-14 15:13:47,948 {'epoch': 171, 'lr': 0.00023976573648539645, 'train_loss': 0.00037559566956391153, 'mae': 0.1639631, 'elapsed_time': 117.987144947052}
2021-10-14 15:13:48,201 multi task weight : 0.9
2021-10-14 15:15:45,914 {'epoch': 172, 'lr': 0.00023453479836653654, 'train_loss': 0.00037376646327707766, 'mae': 0.16255097, 'elapsed_time': 117.96367144584656}
2021-10-14 15:15:46,192 multi task weight : 0.9
2021-10-14 15:17:43,498 {'epoch': 173, 'lr': 0.00022934656983834663, 'train_loss': 0.0003650201032786199, 'mae': 0.16336398, 'elapsed_time': 117.57991123199463}
2021-10-14 15:17:43,751 multi task weight : 0.9
2021-10-14 15:19:41,120 {'epoch': 174, 'lr': 0.00022420187018225534, 'train_loss': 0.00036561988766883446, 'mae': 0.16320273, 'elapsed_time': 117.61718988418579}
2021-10-14 15:19:41,398 multi task weight : 0.9
2021-10-14 15:21:38,922 {'epoch': 175, 'lr': 0.00021910151180597735, 'train_loss': 0.0003555836339929864, 'mae': 0.16242093, 'elapsed_time': 117.799396276474}
2021-10-14 15:21:40,316 multi task weight : 0.9
2021-10-14 15:23:37,746 {'epoch': 176, 'lr': 0.00021404630011522558, 'train_loss': 0.0003505232108224892, 'mae': 0.16212115, 'elapsed_time': 117.6921238899231}
2021-10-14 15:23:39,218 multi task weight : 0.9
2021-10-14 15:25:36,697 {'epoch': 177, 'lr': 0.00020903703338652808, 'train_loss': 0.0003445850636481725, 'mae': 0.16165282, 'elapsed_time': 117.7743673324585}
2021-10-14 15:25:38,119 multi task weight : 0.9
2021-10-14 15:27:35,846 {'epoch': 178, 'lr': 0.00020407450264117003, 'train_loss': 0.00034203007761722293, 'mae': 0.16331747, 'elapsed_time': 117.99115562438965}
2021-10-14 15:27:36,097 multi task weight : 0.9
2021-10-14 15:29:33,866 {'epoch': 179, 'lr': 0.00019915949152028416, 'train_loss': 0.0003372521077963475, 'mae': 0.16240026, 'elapsed_time': 118.0174491405487}
2021-10-14 15:29:34,158 multi task weight : 0.9
2021-10-14 15:31:31,725 {'epoch': 180, 'lr': 0.0001942927761611031, 'train_loss': 0.0003359097630066971, 'mae': 0.16199456, 'elapsed_time': 117.85619187355042}
2021-10-14 15:31:31,998 multi task weight : 0.9
2021-10-14 15:33:29,805 {'epoch': 181, 'lr': 0.00018947512507439836, 'train_loss': 0.0003287539954406485, 'mae': 0.16125482, 'elapsed_time': 118.07732796669006}
2021-10-14 15:33:31,156 multi task weight : 0.9
2021-10-14 15:35:28,864 {'epoch': 182, 'lr': 0.00018470729902312478, 'train_loss': 0.00032477479778610373, 'mae': 0.16130614, 'elapsed_time': 117.96618485450745}
2021-10-14 15:35:29,153 multi task weight : 0.9
2021-10-14 15:37:26,641 {'epoch': 183, 'lr': 0.00017999005090228642, 'train_loss': 0.00031868182455983834, 'mae': 0.16135217, 'elapsed_time': 117.7740375995636}
2021-10-14 15:37:26,915 multi task weight : 0.9
2021-10-14 15:39:24,299 {'epoch': 184, 'lr': 0.00017532412562004527, 'train_loss': 0.0003194786964331225, 'mae': 0.16192311, 'elapsed_time': 117.6536078453064}
2021-10-14 15:39:24,586 multi task weight : 0.9
2021-10-14 15:41:21,840 {'epoch': 185, 'lr': 0.00017071025998009268, 'train_loss': 0.0003147990117559297, 'mae': 0.16186416, 'elapsed_time': 117.53478646278381}
2021-10-14 15:41:22,096 multi task weight : 0.9
2021-10-14 15:43:19,669 {'epoch': 186, 'lr': 0.00016614918256529904, 'train_loss': 0.00030654099812475635, 'mae': 0.16121827, 'elapsed_time': 117.82507586479187}
2021-10-14 15:43:21,017 multi task weight : 0.9
2021-10-14 15:45:18,673 {'epoch': 187, 'lr': 0.0001616416136226614, 'train_loss': 0.0003029631950069809, 'mae': 0.16125411, 'elapsed_time': 117.89332485198975}
2021-10-14 15:45:18,904 multi task weight : 0.9
2021-10-14 15:47:16,482 {'epoch': 188, 'lr': 0.00015718826494956934, 'train_loss': 0.0003004120407913638, 'mae': 0.16210069, 'elapsed_time': 117.80633330345154}
2021-10-14 15:47:16,741 multi task weight : 0.9
2021-10-14 15:49:14,062 {'epoch': 189, 'lr': 0.00015278983978140356, 'train_loss': 0.00029387269561000615, 'mae': 0.16199657, 'elapsed_time': 117.57718849182129}
2021-10-14 15:49:14,323 multi task weight : 0.9
2021-10-14 15:51:11,777 {'epoch': 190, 'lr': 0.00014844703268048588, 'train_loss': 0.0002932525911375219, 'mae': 0.16158928, 'elapsed_time': 117.71324729919434}
2021-10-14 15:51:12,021 multi task weight : 0.9
2021-10-14 15:53:09,578 {'epoch': 191, 'lr': 0.00014416052942640105, 'train_loss': 0.00029159416413740695, 'mae': 0.16171296, 'elapsed_time': 117.79917240142822}
2021-10-14 15:53:09,855 multi task weight : 0.9
2021-10-14 15:55:07,240 {'epoch': 192, 'lr': 0.00013993100690770378, 'train_loss': 0.0002855493576309691, 'mae': 0.16101559, 'elapsed_time': 117.65727019309998}
2021-10-14 15:55:08,621 multi task weight : 0.9
2021-10-14 15:57:05,934 {'epoch': 193, 'lr': 0.00013575913301502968, 'train_loss': 0.0002818449017714593, 'mae': 0.16052008, 'elapsed_time': 117.5774781703949}
2021-10-14 15:57:07,310 multi task weight : 0.9
2021-10-14 15:59:04,506 {'epoch': 194, 'lr': 0.00013164556653562842, 'train_loss': 0.0002781808361808558, 'mae': 0.16113186, 'elapsed_time': 117.47957348823547}
2021-10-14 15:59:04,734 multi task weight : 0.9
2021-10-14 16:01:02,255 {'epoch': 195, 'lr': 0.00012759095704933325, 'train_loss': 0.0002762138493287496, 'mae': 0.16118965, 'elapsed_time': 117.74521160125732}
2021-10-14 16:01:02,523 multi task weight : 0.9
2021-10-14 16:03:00,047 {'epoch': 196, 'lr': 0.0001235959448259842, 'train_loss': 0.00027170445568825015, 'mae': 0.16065456, 'elapsed_time': 117.78932666778564}
2021-10-14 16:03:00,309 multi task weight : 0.9
2021-10-14 16:04:57,742 {'epoch': 197, 'lr': 0.00011966116072432329, 'train_loss': 0.00027053310403771913, 'mae': 0.1610769, 'elapsed_time': 117.68840098381042}
2021-10-14 16:04:57,989 multi task weight : 0.9
2021-10-14 16:06:55,463 {'epoch': 198, 'lr': 0.00011578722609237365, 'train_loss': 0.00026529544280598776, 'mae': 0.1606356, 'elapsed_time': 117.71335911750793}
2021-10-14 16:06:55,723 multi task weight : 0.9
2021-10-14 16:08:53,235 {'epoch': 199, 'lr': 0.00011197475266932134, 'train_loss': 0.000263189671547544, 'mae': 0.16065882, 'elapsed_time': 117.76946020126343}
2021-10-14 16:08:53,492 multi task weight : 0.9
2021-10-14 16:10:50,751 {'epoch': 200, 'lr': 0.00010822434248891588, 'train_loss': 0.0002592890111407335, 'mae': 0.16029651, 'elapsed_time': 117.51399254798889}
2021-10-14 16:10:52,165 multi task weight : 0.9
2021-10-14 16:12:49,638 {'epoch': 201, 'lr': 0.00010453658778440093, 'train_loss': 0.00025544258879437164, 'mae': 0.16034375, 'elapsed_time': 117.7338011264801}
2021-10-14 16:12:49,898 multi task weight : 0.9
2021-10-14 16:14:47,567 {'epoch': 202, 'lr': 0.00010091207089499381, 'train_loss': 0.0002552362812795313, 'mae': 0.16062859, 'elapsed_time': 117.92675232887268}
2021-10-14 16:14:47,804 multi task weight : 0.9
2021-10-14 16:16:45,685 {'epoch': 203, 'lr': 9.735136417392827e-05, 'train_loss': 0.00025131545888076087, 'mae': 0.16049601, 'elapsed_time': 118.11493229866028}
2021-10-14 16:16:45,918 multi task weight : 0.9
2021-10-14 16:18:43,594 {'epoch': 204, 'lr': 9.385502989807265e-05, 'train_loss': 0.000247881417406502, 'mae': 0.15995343, 'elapsed_time': 117.90636920928955}
2021-10-14 16:18:44,991 multi task weight : 0.9
2021-10-14 16:20:42,824 {'epoch': 205, 'lr': 9.042362017913976e-05, 'train_loss': 0.0002459086923050892, 'mae': 0.16045594, 'elapsed_time': 118.0738742351532}
2021-10-14 16:20:43,082 multi task weight : 0.9
2021-10-14 16:22:40,538 {'epoch': 206, 'lr': 8.705767687650242e-05, 'train_loss': 0.0002441041647704075, 'mae': 0.16045526, 'elapsed_time': 117.71212530136108}
2021-10-14 16:22:40,803 multi task weight : 0.9
2021-10-14 16:24:38,458 {'epoch': 207, 'lr': 8.375773151162748e-05, 'train_loss': 0.0002414606397723405, 'mae': 0.16013338, 'elapsed_time': 117.91556882858276}
2021-10-14 16:24:38,727 multi task weight : 0.9
2021-10-14 16:26:36,225 {'epoch': 208, 'lr': 8.052430518414211e-05, 'train_loss': 0.00023830075102695928, 'mae': 0.16030641, 'elapsed_time': 117.76301002502441}
2021-10-14 16:26:36,482 multi task weight : 0.9
2021-10-14 16:28:33,943 {'epoch': 209, 'lr': 7.735790848954633e-05, 'train_loss': 0.00023608462902920344, 'mae': 0.16051476, 'elapsed_time': 117.71547865867615}
2021-10-14 16:28:34,210 multi task weight : 0.9
2021-10-14 16:30:31,700 {'epoch': 210, 'lr': 7.425904143858468e-05, 'train_loss': 0.0002335298557088737, 'mae': 0.16037002, 'elapsed_time': 117.75558686256409}
2021-10-14 16:30:31,953 multi task weight : 0.9
2021-10-14 16:32:29,319 {'epoch': 211, 'lr': 7.122819337828743e-05, 'train_loss': 0.00023176158174151534, 'mae': 0.16001019, 'elapsed_time': 117.61535310745239}
2021-10-14 16:32:29,598 multi task weight : 0.9
2021-10-14 16:34:26,926 {'epoch': 212, 'lr': 6.826584291469799e-05, 'train_loss': 0.00022947917167144235, 'mae': 0.15997455, 'elapsed_time': 117.60451650619507}
2021-10-14 16:34:27,206 multi task weight : 0.9
2021-10-14 16:36:24,701 {'epoch': 213, 'lr': 6.53724578372954e-05, 'train_loss': 0.00022737879307312315, 'mae': 0.16025825, 'elapsed_time': 117.77261590957642}
2021-10-14 16:36:24,953 multi task weight : 0.9
2021-10-14 16:38:22,375 {'epoch': 214, 'lr': 6.254849504512436e-05, 'train_loss': 0.000226054124495865, 'mae': 0.16017209, 'elapsed_time': 117.67122220993042}
2021-10-14 16:38:22,665 multi task weight : 0.9
2021-10-14 16:40:20,202 {'epoch': 215, 'lr': 5.979440047464625e-05, 'train_loss': 0.00022351826637405644, 'mae': 0.16005442, 'elapsed_time': 117.82537245750427}
2021-10-14 16:40:20,471 multi task weight : 0.9
2021-10-14 16:42:17,746 {'epoch': 216, 'lr': 5.711060902932035e-05, 'train_loss': 0.00022100171915485694, 'mae': 0.16012086, 'elapsed_time': 117.54083204269409}
2021-10-14 16:42:17,990 multi task weight : 0.9
2021-10-14 16:44:15,318 {'epoch': 217, 'lr': 5.449754451092709e-05, 'train_loss': 0.00022018016748021697, 'mae': 0.16008063, 'elapsed_time': 117.56979584693909}
2021-10-14 16:44:15,580 multi task weight : 0.9
2021-10-14 16:46:12,846 {'epoch': 218, 'lr': 5.1955619552645765e-05, 'train_loss': 0.000218371804828297, 'mae': 0.1601226, 'elapsed_time': 117.52601099014282}
2021-10-14 16:46:13,091 multi task weight : 0.9
2021-10-14 16:48:10,571 {'epoch': 219, 'lr': 4.948523555389422e-05, 'train_loss': 0.00021632777896047508, 'mae': 0.159949, 'elapsed_time': 117.72242307662964}
2021-10-14 16:48:11,966 multi task weight : 0.9
2021-10-14 16:50:09,790 {'epoch': 220, 'lr': 4.7086782616943164e-05, 'train_loss': 0.0002151618112678497, 'mae': 0.15997183, 'elapsed_time': 118.0887508392334}
2021-10-14 16:50:10,042 multi task weight : 0.9
2021-10-14 16:52:07,530 {'epoch': 221, 'lr': 4.476063948531548e-05, 'train_loss': 0.00021307911752242376, 'mae': 0.15999517, 'elapsed_time': 117.73715257644653}
2021-10-14 16:52:07,816 multi task weight : 0.9
2021-10-14 16:54:05,397 {'epoch': 222, 'lr': 4.2507173483977006e-05, 'train_loss': 0.00021145773639271717, 'mae': 0.15998738, 'elapsed_time': 117.86063170433044}
2021-10-14 16:54:05,664 multi task weight : 0.9
2021-10-14 16:56:03,174 {'epoch': 223, 'lr': 4.03267404613323e-05, 'train_loss': 0.0002106561759367062, 'mae': 0.1600485, 'elapsed_time': 117.77398157119751}
2021-10-14 16:56:03,429 multi task weight : 0.9
2021-10-14 16:58:00,982 {'epoch': 224, 'lr': 3.821968473303203e-05, 'train_loss': 0.00020859257936492473, 'mae': 0.1601007, 'elapsed_time': 117.80691933631897}
2021-10-14 16:58:01,250 multi task weight : 0.9
2021-10-14 16:59:58,829 {'epoch': 225, 'lr': 3.6186339027601574e-05, 'train_loss': 0.00020720925338867487, 'mae': 0.16000213, 'elapsed_time': 117.84427046775818}
2021-10-14 16:59:59,078 multi task weight : 0.9
2021-10-14 17:01:56,661 {'epoch': 226, 'lr': 3.422702443389898e-05, 'train_loss': 0.00020658400056623244, 'mae': 0.16001195, 'elapsed_time': 117.83056926727295}
2021-10-14 17:01:56,946 multi task weight : 0.9
2021-10-14 17:03:54,422 {'epoch': 227, 'lr': 3.2342050350411716e-05, 'train_loss': 0.00020512245056041034, 'mae': 0.16005921, 'elapsed_time': 117.75818586349487}
2021-10-14 17:03:54,660 multi task weight : 0.9
2021-10-14 17:05:51,966 {'epoch': 228, 'lr': 3.053171443639894e-05, 'train_loss': 0.00020406318382860573, 'mae': 0.16007933, 'elapsed_time': 117.54206538200378}
2021-10-14 17:05:52,221 multi task weight : 0.9
2021-10-14 17:07:49,676 {'epoch': 229, 'lr': 2.87963025648875e-05, 'train_loss': 0.00020308320554352264, 'mae': 0.15987533, 'elapsed_time': 117.70743584632874}
2021-10-14 17:07:51,072 multi task weight : 0.9
2021-10-14 17:09:48,495 {'epoch': 230, 'lr': 2.7136088777529415e-05, 'train_loss': 0.00020170926182445033, 'mae': 0.16006806, 'elapsed_time': 117.68954825401306}
2021-10-14 17:09:48,737 multi task weight : 0.9
2021-10-14 17:11:46,353 {'epoch': 231, 'lr': 2.5551335241327604e-05, 'train_loss': 0.00020075633886132595, 'mae': 0.1598892, 'elapsed_time': 117.8559799194336}
2021-10-14 17:11:46,618 multi task weight : 0.9
2021-10-14 17:13:44,223 {'epoch': 232, 'lr': 2.4042292207236372e-05, 'train_loss': 0.0001997435430893051, 'mae': 0.1601053, 'elapsed_time': 117.86700296401978}
2021-10-14 17:13:44,461 multi task weight : 0.9
2021-10-14 17:15:42,016 {'epoch': 233, 'lr': 2.260919797064426e-05, 'train_loss': 0.0001990832919174666, 'mae': 0.15999971, 'elapsed_time': 117.79084491729736}
2021-10-14 17:15:42,269 multi task weight : 0.9
2021-10-14 17:17:39,517 {'epoch': 234, 'lr': 2.125227883374422e-05, 'train_loss': 0.00019811746158875955, 'mae': 0.15999858, 'elapsed_time': 117.49864768981934}
2021-10-14 17:17:39,756 multi task weight : 0.9
2021-10-14 17:19:36,981 {'epoch': 235, 'lr': 1.9971749069797796e-05, 'train_loss': 0.00019737970691255738, 'mae': 0.16006632, 'elapsed_time': 117.45842289924622}
2021-10-14 17:19:37,256 multi task weight : 0.9
2021-10-14 17:21:34,694 {'epoch': 236, 'lr': 1.8767810889299076e-05, 'train_loss': 0.00019664674222153334, 'mae': 0.1599379, 'elapsed_time': 117.7100555896759}
2021-10-14 17:21:35,006 multi task weight : 0.9
2021-10-14 17:23:32,302 {'epoch': 237, 'lr': 1.7640654408043353e-05, 'train_loss': 0.00019590046625236275, 'mae': 0.159999, 'elapsed_time': 117.60089826583862}
2021-10-14 17:23:32,557 multi task weight : 0.9
2021-10-14 17:25:29,857 {'epoch': 238, 'lr': 1.6590457617105317e-05, 'train_loss': 0.00019535550469936244, 'mae': 0.15996677, 'elapsed_time': 117.54877996444702}
2021-10-14 17:25:30,128 multi task weight : 0.9
2021-10-14 17:27:27,433 {'epoch': 239, 'lr': 1.561738635473259e-05, 'train_loss': 0.00019478359922514877, 'mae': 0.15996653, 'elapsed_time': 117.57449340820312}
2021-10-14 17:27:27,683 multi task weight : 0.9
2021-10-14 17:29:24,993 {'epoch': 240, 'lr': 1.4721594280157658e-05, 'train_loss': 0.00019403313721096262, 'mae': 0.15996514, 'elapsed_time': 117.55665636062622}
2021-10-14 17:29:25,264 multi task weight : 0.9
2021-10-14 17:31:22,435 {'epoch': 241, 'lr': 1.3903222849333503e-05, 'train_loss': 0.00019354321018745166, 'mae': 0.15997194, 'elapsed_time': 117.4397714138031}
2021-10-14 17:31:22,746 multi task weight : 0.9
2021-10-14 17:33:20,233 {'epoch': 242, 'lr': 1.3162401292595843e-05, 'train_loss': 0.0001930428399149553, 'mae': 0.15994392, 'elapsed_time': 117.79480409622192}
2021-10-14 17:33:20,481 multi task weight : 0.9
2021-10-14 17:35:17,714 {'epoch': 243, 'lr': 1.2499246594256413e-05, 'train_loss': 0.00019262836261043254, 'mae': 0.15993737, 'elapsed_time': 117.4742112159729}
2021-10-14 17:35:17,977 multi task weight : 0.9
2021-10-14 17:37:15,461 {'epoch': 244, 'lr': 1.191386347412961e-05, 'train_loss': 0.00019217163436682593, 'mae': 0.15992525, 'elapsed_time': 117.74381875991821}
2021-10-14 17:37:15,725 multi task weight : 0.9
2021-10-14 17:39:13,137 {'epoch': 245, 'lr': 1.1406344370996102e-05, 'train_loss': 0.00019173229516238822, 'mae': 0.15996459, 'elapsed_time': 117.67308115959167}
2021-10-14 17:39:13,395 multi task weight : 0.9
2021-10-14 17:41:10,545 {'epoch': 246, 'lr': 1.0976769428005579e-05, 'train_loss': 0.00019143633945611156, 'mae': 0.15994762, 'elapsed_time': 117.40556931495667}
2021-10-14 17:41:10,832 multi task weight : 0.9
2021-10-14 17:43:08,211 {'epoch': 247, 'lr': 1.0625206480021355e-05, 'train_loss': 0.00019109653345401157, 'mae': 0.1599904, 'elapsed_time': 117.66310381889343}
2021-10-14 17:43:08,474 multi task weight : 0.9
2021-10-14 17:45:05,833 {'epoch': 248, 'lr': 1.0351711042908344e-05, 'train_loss': 0.00019079095047063547, 'mae': 0.15996906, 'elapsed_time': 117.62014937400818}
2021-10-14 17:45:06,096 multi task weight : 0.9
2021-10-14 17:47:03,651 {'epoch': 249, 'lr': 1.0156326304766531e-05, 'train_loss': 0.0001905508160423253, 'mae': 0.15994658, 'elapsed_time': 117.81597208976746}
2021-10-14 17:47:03,887 multi task weight : 0.9
2021-10-14 17:49:01,269 {'epoch': 250, 'lr': 1.0039083119111025e-05, 'train_loss': 0.000190393103013831, 'mae': 0.15998201, 'elapsed_time': 117.61559295654297}
2021-10-14 17:50:02,019 Total CV: 0.15987533330917358
