Fold 0
train run device : cuda:0
{'epoch': 1, 'lr': 0.005, 'train_loss': 0.02000658797893878, 'mae': 1.903601, 'elapsed_time': 38.96574902534485}
{'epoch': 2, 'lr': 0.0049994528052697395, 'train_loss': 0.008573680053569371, 'mae': 2.6028836, 'elapsed_time': 39.348681688308716}
{'epoch': 3, 'lr': 0.004997811461096652, 'train_loss': 0.007286447305368066, 'mae': 1.3766497, 'elapsed_time': 39.49186873435974}
{'epoch': 4, 'lr': 0.004995076687428538, 'train_loss': 0.006444770947957845, 'mae': 1.3298143, 'elapsed_time': 39.04251432418823}
{'epoch': 5, 'lr': 0.004991249683827513, 'train_loss': 0.005971771923021578, 'mae': 1.1583058, 'elapsed_time': 39.191707611083984}
{'epoch': 6, 'lr': 0.004986332128943842, 'train_loss': 0.005700706518233573, 'mae': 1.1513811, 'elapsed_time': 39.472492933273315}
{'epoch': 7, 'lr': 0.004980326179779623, 'train_loss': 0.0053948377253521035, 'mae': 1.0459646, 'elapsed_time': 39.09008741378784}
{'epoch': 8, 'lr': 0.004973234470742656, 'train_loss': 0.005070200747136962, 'mae': 1.0354079, 'elapsed_time': 38.86111354827881}
{'epoch': 9, 'lr': 0.004965060112490909, 'train_loss': 0.005077417759685188, 'mae': 0.9628964, 'elapsed_time': 38.555285930633545}
{'epoch': 10, 'lr': 0.004955806690568078, 'train_loss': 0.004861038817602566, 'mae': 0.97285974, 'elapsed_time': 39.34572458267212}
{'epoch': 11, 'lr': 0.004945478263830844, 'train_loss': 0.004685513354279965, 'mae': 0.9004356, 'elapsed_time': 39.14780282974243}
{'epoch': 12, 'lr': 0.004934079362668533, 'train_loss': 0.004646238708353896, 'mae': 0.8983457, 'elapsed_time': 39.41090488433838}
{'epoch': 13, 'lr': 0.004921614987015933, 'train_loss': 0.004522719221884562, 'mae': 0.9391592, 'elapsed_time': 39.10909128189087}
{'epoch': 14, 'lr': 0.004908090604160155, 'train_loss': 0.00444834039573088, 'mae': 0.9329377, 'elapsed_time': 39.31225562095642}
{'epoch': 15, 'lr': 0.004893512146342506, 'train_loss': 0.004381744470755891, 'mae': 0.8936104, 'elapsed_time': 39.839956283569336}
{'epoch': 16, 'lr': 0.004877886008156407, 'train_loss': 0.004328327112991024, 'mae': 0.94441706, 'elapsed_time': 39.55445146560669}
{'epoch': 17, 'lr': 0.004861219043742514, 'train_loss': 0.004112123024037059, 'mae': 0.92578363, 'elapsed_time': 39.99551057815552}
{'epoch': 18, 'lr': 0.004843518563782268, 'train_loss': 0.004069679468929412, 'mae': 0.8050805, 'elapsed_time': 39.268001556396484}
{'epoch': 19, 'lr': 0.0048247923322911855, 'train_loss': 0.004015223066723054, 'mae': 0.8250926, 'elapsed_time': 38.889594316482544}
{'epoch': 20, 'lr': 0.004805048563213307, 'train_loss': 0.004025811704975474, 'mae': 0.7695473, 'elapsed_time': 39.336368799209595}
{'epoch': 21, 'lr': 0.004784295916818287, 'train_loss': 0.0038886889445023318, 'mae': 0.95273894, 'elapsed_time': 38.92478680610657}
{'epoch': 22, 'lr': 0.004762543495902717, 'train_loss': 0.003852830314237286, 'mae': 0.7406343, 'elapsed_time': 39.199721574783325}
{'epoch': 23, 'lr': 0.004739800841797333, 'train_loss': 0.003796740351250979, 'mae': 0.90777564, 'elapsed_time': 38.664490699768066}
{'epoch': 24, 'lr': 0.004716077930181878, 'train_loss': 0.003663847257733108, 'mae': 0.76186776, 'elapsed_time': 39.45584416389465}
{'epoch': 25, 'lr': 0.004691385166709436, 'train_loss': 0.003684876025750038, 'mae': 0.7850484, 'elapsed_time': 38.25558161735535}
{'epoch': 26, 'lr': 0.004665733382442171, 'train_loss': 0.0036027032622760143, 'mae': 0.8630493, 'elapsed_time': 39.301257610321045}
{'epoch': 27, 'lr': 0.00463913382910046, 'train_loss': 0.0035550530617248152, 'mae': 0.87630963, 'elapsed_time': 39.04782485961914}
{'epoch': 28, 'lr': 0.004611598174127524, 'train_loss': 0.0034711484673246, 'mae': 0.71286, 'elapsed_time': 38.760151863098145}
{'epoch': 29, 'lr': 0.004583138495571694, 'train_loss': 0.003384161051276348, 'mae': 0.6212568, 'elapsed_time': 39.249467611312866}
{'epoch': 30, 'lr': 0.004553767276788588, 'train_loss': 0.003456264243981473, 'mae': 0.67335194, 'elapsed_time': 39.031898975372314}
{'epoch': 31, 'lr': 0.00452349740096549, 'train_loss': 0.003376438107274873, 'mae': 0.76412916, 'elapsed_time': 39.20762825012207}
{'epoch': 32, 'lr': 0.004492342145470366, 'train_loss': 0.0032743883086522735, 'mae': 0.7964688, 'elapsed_time': 38.92286777496338}
{'epoch': 33, 'lr': 0.004460315176027967, 'train_loss': 0.0032452424796825217, 'mae': 0.6967329, 'elapsed_time': 38.90740704536438}
{'epoch': 34, 'lr': 0.004427430540725591, 'train_loss': 0.0031850337330437085, 'mae': 0.60536766, 'elapsed_time': 38.94234585762024}
2021-09-29 16:42:13,684 Fold 0
2021-09-29 16:42:16,776 train run device : cuda:0
2021-09-29 16:43:11,641 {'epoch': 1, 'lr': 0.005, 'train_loss': 0.01953994372058499, 'mae': 2.361704, 'elapsed_time': 38.81309366226196}
2021-09-29 16:43:49,632 {'epoch': 2, 'lr': 0.004999692198041744, 'train_loss': 0.0086988367322978, 'mae': 1.8168204, 'elapsed_time': 37.87355947494507}
2021-09-29 16:44:29,142 {'epoch': 3, 'lr': 0.004998768868112501, 'train_loss': 0.007615834964356571, 'mae': 1.339979, 'elapsed_time': 39.38890862464905}
2021-09-29 16:45:08,163 {'epoch': 4, 'lr': 0.0049972302380301165, 'train_loss': 0.006830996267048233, 'mae': 1.3305862, 'elapsed_time': 38.896268367767334}
2021-09-29 16:45:47,352 {'epoch': 5, 'lr': 0.004995076687428539, 'train_loss': 0.006347766850388074, 'mae': 1.2627624, 'elapsed_time': 39.06600332260132}
2021-09-29 16:46:26,595 {'epoch': 6, 'lr': 0.004992308747664155, 'train_loss': 0.005925845236790899, 'mae': 1.0970794, 'elapsed_time': 39.12079215049744}
2021-09-29 16:47:05,011 {'epoch': 7, 'lr': 0.004988927101684686, 'train_loss': 0.005657137507749283, 'mae': 1.0334743, 'elapsed_time': 38.294612646102905}
2021-09-29 16:47:44,219 {'epoch': 8, 'lr': 0.004984932583860675, 'train_loss': 0.005326738234700708, 'mae': 0.9756295, 'elapsed_time': 39.090792179107666}
2021-09-29 16:48:23,627 {'epoch': 9, 'lr': 0.004980326179779624, 'train_loss': 0.005106169942240592, 'mae': 0.96961445, 'elapsed_time': 39.29016184806824}
2021-09-29 16:49:02,919 {'epoch': 10, 'lr': 0.004975109026002812, 'train_loss': 0.005108427184753026, 'mae': 1.0768254, 'elapsed_time': 39.17170548439026}
2021-09-29 16:49:42,314 {'epoch': 11, 'lr': 0.0049692824097848694, 'train_loss': 0.004889762253457936, 'mae': 0.99932414, 'elapsed_time': 39.39421725273132}
2021-09-29 16:50:21,166 {'epoch': 12, 'lr': 0.004962847768756161, 'train_loss': 0.004757169249478044, 'mae': 1.0355164, 'elapsed_time': 38.851760149002075}
2021-09-29 16:50:59,700 {'epoch': 13, 'lr': 0.004955806690568079, 'train_loss': 0.004576563758613891, 'mae': 1.002041, 'elapsed_time': 38.533374309539795}
2021-09-29 16:51:38,624 {'epoch': 14, 'lr': 0.004948160912501306, 'train_loss': 0.004588559903377251, 'mae': 0.87958825, 'elapsed_time': 38.92370390892029}
2021-09-29 16:52:18,074 {'epoch': 15, 'lr': 0.004939912321037176, 'train_loss': 0.004488966525627968, 'mae': 0.9222614, 'elapsed_time': 39.32198667526245}
2021-09-29 16:52:56,767 {'epoch': 16, 'lr': 0.0049310629513922045, 'train_loss': 0.004343301861135276, 'mae': 0.9035695, 'elapsed_time': 38.692880392074585}
2021-09-29 16:53:36,000 {'epoch': 17, 'lr': 0.004921614987015936, 'train_loss': 0.004330504113886038, 'mae': 0.91060716, 'elapsed_time': 39.232508420944214}
2021-09-29 16:54:15,276 {'epoch': 18, 'lr': 0.004911570759052208, 'train_loss': 0.0041622712057777555, 'mae': 0.9214705, 'elapsed_time': 39.27623414993286}
2021-09-29 16:54:54,464 {'epoch': 19, 'lr': 0.004900932745763975, 'train_loss': 0.004170208352243292, 'mae': 0.7901507, 'elapsed_time': 39.18744468688965}
2021-09-29 16:55:33,830 {'epoch': 20, 'lr': 0.004889703571921836, 'train_loss': 0.0041144486924052, 'mae': 0.8519351, 'elapsed_time': 39.24022817611694}
2021-09-29 16:56:12,659 {'epoch': 21, 'lr': 0.004877886008156411, 'train_loss': 0.004040516571267067, 'mae': 0.8211146, 'elapsed_time': 38.82876539230347}
2021-09-29 16:56:51,748 {'epoch': 22, 'lr': 0.004865482970274728, 'train_loss': 0.003972292142920813, 'mae': 0.7682016, 'elapsed_time': 39.0881085395813}
2021-09-29 16:57:31,008 {'epoch': 23, 'lr': 0.004852497518540794, 'train_loss': 0.003966236927696535, 'mae': 0.8376795, 'elapsed_time': 39.13641595840454}
2021-09-29 16:58:10,234 {'epoch': 24, 'lr': 0.004838932856920521, 'train_loss': 0.003841989006997735, 'mae': 0.7979304, 'elapsed_time': 39.225003480911255}
2021-09-29 16:58:49,039 {'epoch': 25, 'lr': 0.004824792332291189, 'train_loss': 0.0038883460711532274, 'mae': 0.72978604, 'elapsed_time': 38.80513048171997}
2021-09-29 16:59:27,657 {'epoch': 26, 'lr': 0.004810079433615662, 'train_loss': 0.0037825107376965724, 'mae': 0.7737026, 'elapsed_time': 38.49437880516052}
2021-09-29 17:00:06,825 {'epoch': 27, 'lr': 0.0047947977910815336, 'train_loss': 0.0037193820472977033, 'mae': 0.7058897, 'elapsed_time': 39.16745185852051}
2021-09-29 17:00:45,192 {'epoch': 28, 'lr': 0.004778951175205436, 'train_loss': 0.00369764645371001, 'mae': 0.70076895, 'elapsed_time': 38.24660778045654}
2021-09-29 17:01:24,503 {'epoch': 29, 'lr': 0.004762543495902719, 'train_loss': 0.0036472375924971184, 'mae': 0.7045892, 'elapsed_time': 39.19195866584778}
2021-09-29 17:02:03,637 {'epoch': 30, 'lr': 0.0047455788015227365, 'train_loss': 0.0036934397008697114, 'mae': 0.7037949, 'elapsed_time': 39.13306283950806}
2021-09-29 17:02:42,897 {'epoch': 31, 'lr': 0.004728061277849979, 'train_loss': 0.003587111649013972, 'mae': 0.68431115, 'elapsed_time': 39.26007103919983}
2021-09-29 17:03:21,969 {'epoch': 32, 'lr': 0.004709995247071292, 'train_loss': 0.0036133891708452705, 'mae': 0.7585299, 'elapsed_time': 38.950226068496704}
2021-09-29 17:04:01,396 {'epoch': 33, 'lr': 0.004691385166709441, 'train_loss': 0.0035239511038034146, 'mae': 0.6774076, 'elapsed_time': 39.42616510391235}
2021-09-29 17:04:40,928 {'epoch': 34, 'lr': 0.004672235628523288, 'train_loss': 0.0035427755644733814, 'mae': 0.7351351, 'elapsed_time': 39.41159391403198}
2021-09-29 17:05:20,344 {'epoch': 35, 'lr': 0.004652551357374841, 'train_loss': 0.003485805456846893, 'mae': 0.6710341, 'elapsed_time': 39.41568470001221}
2021-09-29 17:06:00,020 {'epoch': 36, 'lr': 0.004632337210063462, 'train_loss': 0.0034174691656119307, 'mae': 0.7339647, 'elapsed_time': 39.555673122406006}
2021-09-29 17:06:39,217 {'epoch': 37, 'lr': 0.004611598174127529, 'train_loss': 0.0034183893439151975, 'mae': 0.65574056, 'elapsed_time': 39.1961305141449}
2021-09-29 17:07:18,128 {'epoch': 38, 'lr': 0.004590339366613836, 'train_loss': 0.003355224722363129, 'mae': 0.6059798, 'elapsed_time': 38.78933358192444}
2021-09-29 17:07:56,935 {'epoch': 39, 'lr': 0.004568566032815033, 'train_loss': 0.003384405536968397, 'mae': 0.62584364, 'elapsed_time': 38.69138169288635}
2021-09-29 17:08:36,332 {'epoch': 40, 'lr': 0.004546283544975435, 'train_loss': 0.0033343144842454975, 'mae': 0.69211715, 'elapsed_time': 39.396629095077515}
2021-09-29 17:09:15,473 {'epoch': 41, 'lr': 0.004523497400965496, 'train_loss': 0.003241911727498113, 'mae': 0.63345146, 'elapsed_time': 39.14043974876404}
2021-09-29 17:09:54,463 {'epoch': 42, 'lr': 0.004500213222925293, 'train_loss': 0.003242016270154355, 'mae': 0.59914464, 'elapsed_time': 38.98942756652832}
2021-09-29 17:10:33,261 {'epoch': 43, 'lr': 0.004476436755877349, 'train_loss': 0.003129410432161599, 'mae': 0.60841477, 'elapsed_time': 38.67914533615112}
2021-09-29 17:11:12,283 {'epoch': 44, 'lr': 0.004452173866309135, 'train_loss': 0.003188865305948447, 'mae': 0.6835924, 'elapsed_time': 39.021663427352905}
2021-09-29 17:11:51,564 {'epoch': 45, 'lr': 0.004427430540725597, 'train_loss': 0.0031512357008188587, 'mae': 0.59703404, 'elapsed_time': 39.28099179267883}
2021-09-29 17:12:31,112 {'epoch': 46, 'lr': 0.00440221288417208, 'train_loss': 0.0031159294790151972, 'mae': 0.5540941, 'elapsed_time': 39.42445421218872}
2021-09-29 17:13:10,344 {'epoch': 47, 'lr': 0.0043765271187279995, 'train_loss': 0.0029912361636945475, 'mae': 0.54209566, 'elapsed_time': 39.110180377960205}
2021-09-29 17:13:49,621 {'epoch': 48, 'lr': 0.004350379581971634, 'train_loss': 0.0030617266814387976, 'mae': 0.5577486, 'elapsed_time': 39.156352519989014}
2021-09-29 17:14:28,891 {'epoch': 49, 'lr': 0.0043237767254164245, 'train_loss': 0.0030458209657210876, 'mae': 0.5475119, 'elapsed_time': 39.26961970329285}
2021-09-29 17:15:08,342 {'epoch': 50, 'lr': 0.004296725112919159, 'train_loss': 0.002934696078991716, 'mae': 0.57863563, 'elapsed_time': 39.45080065727234}
2021-09-29 17:15:47,808 {'epoch': 51, 'lr': 0.004269231419060438, 'train_loss': 0.00295617084004691, 'mae': 0.56929016, 'elapsed_time': 39.46541452407837}
2021-09-29 17:16:26,081 {'epoch': 52, 'lr': 0.004241302427497826, 'train_loss': 0.0029245584576117274, 'mae': 0.53508294, 'elapsed_time': 38.27272939682007}
2021-09-29 17:17:05,905 {'epoch': 53, 'lr': 0.00421294502929208, 'train_loss': 0.0029173859204378563, 'mae': 0.5412586, 'elapsed_time': 39.7021586894989}
2021-09-29 17:17:44,613 {'epoch': 54, 'lr': 0.004184166221206886, 'train_loss': 0.0029831161284344016, 'mae': 0.53025806, 'elapsed_time': 38.7074921131134}
2021-09-29 17:18:24,636 {'epoch': 55, 'lr': 0.004154973103982513, 'train_loss': 0.002832275869496379, 'mae': 0.5493697, 'elapsed_time': 39.90044450759888}
2021-09-29 17:19:03,179 {'epoch': 56, 'lr': 0.004125372880583809, 'train_loss': 0.002835672152228036, 'mae': 0.5654968, 'elapsed_time': 38.541908740997314}
2021-09-29 17:19:41,872 {'epoch': 57, 'lr': 0.004095372854422982, 'train_loss': 0.002865926577722576, 'mae': 0.5275737, 'elapsed_time': 38.692903995513916}
2021-09-29 17:20:21,182 {'epoch': 58, 'lr': 0.004064980427557586, 'train_loss': 0.002797596451855401, 'mae': 0.5826026, 'elapsed_time': 39.187737464904785}
2021-09-29 17:20:59,965 {'epoch': 59, 'lr': 0.004034203098864177, 'train_loss': 0.0027667280748200147, 'mae': 0.5253275, 'elapsed_time': 38.782737255096436}
2021-09-29 17:21:38,287 {'epoch': 60, 'lr': 0.004003048462188082, 'train_loss': 0.0028170463865446367, 'mae': 0.4816067, 'elapsed_time': 38.202096939086914}
2021-09-29 17:22:17,524 {'epoch': 61, 'lr': 0.003971524204469721, 'train_loss': 0.0027635270911111507, 'mae': 0.53002506, 'elapsed_time': 39.11164045333862}
2021-09-29 17:22:56,726 {'epoch': 62, 'lr': 0.00393963810384798, 'train_loss': 0.002733996893650179, 'mae': 0.52082795, 'elapsed_time': 39.20206022262573}
2021-09-29 17:23:36,116 {'epoch': 63, 'lr': 0.003907398027741067, 'train_loss': 0.002706506817723205, 'mae': 0.52916056, 'elapsed_time': 39.38978052139282}
2021-09-29 17:24:15,492 {'epoch': 64, 'lr': 0.003874811930905339, 'train_loss': 0.002708911023801964, 'mae': 0.4979573, 'elapsed_time': 39.37525820732117}
2021-09-29 17:24:55,182 {'epoch': 65, 'lr': 0.0038418878534725964, 'train_loss': 0.0028157947581283617, 'mae': 0.5276289, 'elapsed_time': 39.68938374519348}
2021-09-29 17:25:34,421 {'epoch': 66, 'lr': 0.0038086339189662925, 'train_loss': 0.0027348812193053696, 'mae': 0.506788, 'elapsed_time': 39.23898410797119}
2021-09-29 17:26:14,003 {'epoch': 67, 'lr': 0.0037750583322971767, 'train_loss': 0.0026202337390504346, 'mae': 0.5076098, 'elapsed_time': 39.58162760734558}
2021-09-29 17:26:53,698 {'epoch': 68, 'lr': 0.0037411693777388575, 'train_loss': 0.0027012976438221827, 'mae': 0.5171449, 'elapsed_time': 39.69467210769653}
2021-09-29 17:27:32,997 {'epoch': 69, 'lr': 0.0037069754168837796, 'train_loss': 0.0026340787821727686, 'mae': 0.4979708, 'elapsed_time': 39.29801797866821}
2021-09-29 17:28:12,128 {'epoch': 70, 'lr': 0.003672484886580131, 'train_loss': 0.0025867913029421394, 'mae': 0.5497118, 'elapsed_time': 39.130972146987915}
2021-09-29 17:28:51,009 {'epoch': 71, 'lr': 0.0036377062968501695, 'train_loss': 0.0025312417924325146, 'mae': 0.5000828, 'elapsed_time': 38.8804247379303}
2021-09-29 17:29:29,909 {'epoch': 72, 'lr': 0.003602648228790508, 'train_loss': 0.0026049214070249346, 'mae': 0.5011501, 'elapsed_time': 38.900445222854614}
2021-09-29 17:30:08,679 {'epoch': 73, 'lr': 0.003567319332454857, 'train_loss': 0.0025495450640056526, 'mae': 0.4598281, 'elapsed_time': 38.76936650276184}
2021-09-29 17:30:47,860 {'epoch': 74, 'lr': 0.0035317283247197472, 'train_loss': 0.0025732847763814226, 'mae': 0.47816417, 'elapsed_time': 39.06117129325867}
2021-09-29 17:31:27,030 {'epoch': 75, 'lr': 0.003495883987133778, 'train_loss': 0.0025960434793517477, 'mae': 0.44827268, 'elapsed_time': 39.16972732543945}
2021-09-29 17:32:06,263 {'epoch': 76, 'lr': 0.0034597951637509, 'train_loss': 0.0025118388729311915, 'mae': 0.49392533, 'elapsed_time': 39.114051818847656}
2021-09-29 17:32:45,307 {'epoch': 77, 'lr': 0.0034234707589482724, 'train_loss': 0.002497106629582412, 'mae': 0.49527594, 'elapsed_time': 39.04348540306091}
2021-09-29 17:33:23,725 {'epoch': 78, 'lr': 0.003386919735229247, 'train_loss': 0.0025234719690224285, 'mae': 0.4873259, 'elapsed_time': 38.41727876663208}
2021-09-29 17:34:03,442 {'epoch': 79, 'lr': 0.0033501511110120025, 'train_loss': 0.002467681753904003, 'mae': 0.4583061, 'elapsed_time': 39.71730017662048}
2021-09-29 17:34:42,888 {'epoch': 80, 'lr': 0.003313173958404383, 'train_loss': 0.002428605249972435, 'mae': 0.4789202, 'elapsed_time': 39.44562220573425}
2021-09-29 17:35:21,595 {'epoch': 81, 'lr': 0.003275997400965494, 'train_loss': 0.0024415515022533788, 'mae': 0.46360725, 'elapsed_time': 38.70614290237427}
2021-09-29 17:36:01,000 {'epoch': 82, 'lr': 0.003238630611454599, 'train_loss': 0.002425484627366777, 'mae': 0.48633355, 'elapsed_time': 39.405226707458496}
2021-09-29 17:36:39,183 {'epoch': 83, 'lr': 0.0032010828095678776, 'train_loss': 0.00240857273912967, 'mae': 0.49738684, 'elapsed_time': 38.18199896812439}
2021-09-29 17:37:18,269 {'epoch': 84, 'lr': 0.0031633632596636055, 'train_loss': 0.0023788264091635794, 'mae': 0.4472169, 'elapsed_time': 39.085922956466675}
2021-09-29 17:37:57,591 {'epoch': 85, 'lr': 0.0031254812684763126, 'train_loss': 0.002374644849555551, 'mae': 0.455672, 'elapsed_time': 39.200215578079224}
2021-09-29 17:38:35,964 {'epoch': 86, 'lr': 0.0030874461828204846, 'train_loss': 0.002398765564083342, 'mae': 0.46161067, 'elapsed_time': 38.37275767326355}
2021-09-29 17:39:14,575 {'epoch': 87, 'lr': 0.0030492673872843743, 'train_loss': 0.0023627018344923706, 'mae': 0.4369799, 'elapsed_time': 38.611003398895264}
2021-09-29 17:39:54,034 {'epoch': 88, 'lr': 0.003010954301914499, 'train_loss': 0.0023511061542392806, 'mae': 0.43868148, 'elapsed_time': 39.3390998840332}
2021-09-29 17:40:33,194 {'epoch': 89, 'lr': 0.0029725163798913837, 'train_loss': 0.00231539514298428, 'mae': 0.4333879, 'elapsed_time': 39.159833669662476}
2021-09-29 17:41:12,551 {'epoch': 90, 'lr': 0.0029339631051971266, 'train_loss': 0.0023430841131230865, 'mae': 0.42966563, 'elapsed_time': 39.23613429069519}
2021-09-29 17:41:51,539 {'epoch': 91, 'lr': 0.002895303990275376, 'train_loss': 0.002322868354534613, 'mae': 0.53380406, 'elapsed_time': 38.867794036865234}
2021-09-29 17:42:30,830 {'epoch': 92, 'lr': 0.002856548573684269, 'train_loss': 0.002304580152982746, 'mae': 0.46098772, 'elapsed_time': 39.29002118110657}
2021-09-29 17:43:09,841 {'epoch': 93, 'lr': 0.0028177064177429393, 'train_loss': 0.0022780945999800882, 'mae': 0.43678838, 'elapsed_time': 39.0107102394104}
2021-09-29 17:43:49,178 {'epoch': 94, 'lr': 0.002778787106172158, 'train_loss': 0.002245540918400937, 'mae': 0.42054465, 'elapsed_time': 39.3364737033844}
2021-09-29 17:44:28,095 {'epoch': 95, 'lr': 0.002739800241729693, 'train_loss': 0.0022630752787003855, 'mae': 0.4469986, 'elapsed_time': 38.79296922683716}
2021-09-29 17:45:07,223 {'epoch': 96, 'lr': 0.0027007554438409727, 'train_loss': 0.002227510655060598, 'mae': 0.44264275, 'elapsed_time': 39.127591609954834}
2021-09-29 17:45:46,253 {'epoch': 97, 'lr': 0.0026616623462256367, 'train_loss': 0.002247157103133328, 'mae': 0.4457656, 'elapsed_time': 39.029563903808594}
2021-09-29 17:46:25,420 {'epoch': 98, 'lr': 0.002622530594520558, 'train_loss': 0.002195557831453914, 'mae': 0.4598645, 'elapsed_time': 39.16712474822998}
2021-09-29 17:47:03,998 {'epoch': 99, 'lr': 0.00258336984389993, 'train_loss': 0.0022089444258854515, 'mae': 0.41125035, 'elapsed_time': 38.57738447189331}
2021-09-29 17:47:43,111 {'epoch': 100, 'lr': 0.002544189756692992, 'train_loss': 0.002209786035866039, 'mae': 0.39436516, 'elapsed_time': 38.9913272857666}
2021-09-29 17:48:21,564 {'epoch': 101, 'lr': 0.0025049999999999994, 'train_loss': 0.002148621353568266, 'mae': 0.4438693, 'elapsed_time': 38.32998299598694}
2021-09-29 17:49:00,868 {'epoch': 102, 'lr': 0.002465810243307007, 'train_loss': 0.0021744690050424687, 'mae': 0.5102186, 'elapsed_time': 39.30403518676758}
2021-09-29 17:49:40,447 {'epoch': 103, 'lr': 0.002426630156100069, 'train_loss': 0.0022089701222417525, 'mae': 0.40879905, 'elapsed_time': 39.578972816467285}
2021-09-29 17:50:19,685 {'epoch': 104, 'lr': 0.002387469405479441, 'train_loss': 0.0021691128722656793, 'mae': 0.41341937, 'elapsed_time': 39.2374050617218}
2021-09-29 17:50:58,425 {'epoch': 105, 'lr': 0.0023483376537743626, 'train_loss': 0.002156516264030442, 'mae': 0.40261135, 'elapsed_time': 38.73892855644226}
2021-09-29 17:51:37,847 {'epoch': 106, 'lr': 0.0023092445561590266, 'train_loss': 0.002126412613797535, 'mae': 0.39961246, 'elapsed_time': 39.42179870605469}
2021-09-29 17:52:17,292 {'epoch': 107, 'lr': 0.002270199758270306, 'train_loss': 0.0020987074316100936, 'mae': 0.43229553, 'elapsed_time': 39.4446439743042}
2021-09-29 17:52:56,208 {'epoch': 108, 'lr': 0.0022312128938278414, 'train_loss': 0.002119098521517238, 'mae': 0.37522265, 'elapsed_time': 38.915709495544434}
2021-09-29 17:53:35,272 {'epoch': 109, 'lr': 0.0021922935822570604, 'train_loss': 0.002071973580479464, 'mae': 0.4054945, 'elapsed_time': 38.93888974189758}
2021-09-29 17:54:14,911 {'epoch': 110, 'lr': 0.0021534514263157312, 'train_loss': 0.0020539816720762973, 'mae': 0.38723257, 'elapsed_time': 39.63807201385498}
2021-09-29 17:54:54,122 {'epoch': 111, 'lr': 0.0021146960097246236, 'train_loss': 0.0020591300652369193, 'mae': 0.37989715, 'elapsed_time': 39.21098351478577}
2021-09-29 17:55:33,262 {'epoch': 112, 'lr': 0.0020760368948028723, 'train_loss': 0.0020418532651887973, 'mae': 0.36927378, 'elapsed_time': 39.13975739479065}
2021-09-29 17:56:12,276 {'epoch': 113, 'lr': 0.0020374836201086165, 'train_loss': 0.0020376252831312267, 'mae': 0.38971803, 'elapsed_time': 38.89259600639343}
2021-09-29 17:56:51,427 {'epoch': 114, 'lr': 0.001999045698085501, 'train_loss': 0.002013009915966479, 'mae': 0.3825904, 'elapsed_time': 39.150177001953125}
2021-09-29 17:57:29,605 {'epoch': 115, 'lr': 0.0019607326127156263, 'train_loss': 0.0020274920730973174, 'mae': 0.40867916, 'elapsed_time': 38.17751598358154}
2021-09-29 17:58:07,897 {'epoch': 116, 'lr': 0.0019225538171795148, 'train_loss': 0.001984179390482037, 'mae': 0.37096834, 'elapsed_time': 38.29201793670654}
2021-09-29 17:58:46,686 {'epoch': 117, 'lr': 0.0018845187315236862, 'train_loss': 0.001977337377406336, 'mae': 0.3759048, 'elapsed_time': 38.788652658462524}
2021-09-29 17:59:25,662 {'epoch': 118, 'lr': 0.0018466367403363938, 'train_loss': 0.0019829906898472306, 'mae': 0.37129992, 'elapsed_time': 38.97599959373474}
2021-09-29 18:00:04,490 {'epoch': 119, 'lr': 0.0018089171904321223, 'train_loss': 0.001961294577918043, 'mae': 0.3560361, 'elapsed_time': 38.82735013961792}
2021-09-29 18:00:43,936 {'epoch': 120, 'lr': 0.001771369388545401, 'train_loss': 0.0019335610418030565, 'mae': 0.40402547, 'elapsed_time': 39.32846927642822}
2021-09-29 18:01:22,511 {'epoch': 121, 'lr': 0.0017340025990345061, 'train_loss': 0.0019387373489662856, 'mae': 0.39040694, 'elapsed_time': 38.57423996925354}
2021-09-29 18:02:01,528 {'epoch': 122, 'lr': 0.0016968260415956163, 'train_loss': 0.001916793063826084, 'mae': 0.3605583, 'elapsed_time': 39.017066955566406}
2021-09-29 18:02:40,236 {'epoch': 123, 'lr': 0.0016598488889879972, 'train_loss': 0.001936239757093078, 'mae': 0.3820558, 'elapsed_time': 38.707252502441406}
2021-09-29 18:03:19,242 {'epoch': 124, 'lr': 0.001623080264770753, 'train_loss': 0.00190032794923479, 'mae': 0.3501774, 'elapsed_time': 39.00585079193115}
2021-09-29 18:03:57,960 {'epoch': 125, 'lr': 0.0015865292410517282, 'train_loss': 0.0018716972326209326, 'mae': 0.3558529, 'elapsed_time': 38.60132694244385}
2021-09-29 18:04:37,241 {'epoch': 126, 'lr': 0.0015502048362491007, 'train_loss': 0.0018668172630432664, 'mae': 0.3589428, 'elapsed_time': 39.28105616569519}
2021-09-29 18:05:15,980 {'epoch': 127, 'lr': 0.0015141160128662211, 'train_loss': 0.001870292270614107, 'mae': 0.36132658, 'elapsed_time': 38.738128900527954}
2021-09-29 18:05:55,264 {'epoch': 128, 'lr': 0.0014782716752802527, 'train_loss': 0.0018476058390161864, 'mae': 0.37049794, 'elapsed_time': 39.28391623497009}
2021-09-29 18:06:34,128 {'epoch': 129, 'lr': 0.0014426806675451429, 'train_loss': 0.0018552443322418857, 'mae': 0.37627143, 'elapsed_time': 38.863245248794556}
2021-09-29 18:07:12,402 {'epoch': 130, 'lr': 0.0014073517712094908, 'train_loss': 0.0018357006498446442, 'mae': 0.33350492, 'elapsed_time': 38.27353000640869}
2021-09-29 18:07:51,361 {'epoch': 131, 'lr': 0.0013722937031498302, 'train_loss': 0.0018029657547405967, 'mae': 0.3628101, 'elapsed_time': 38.840150594711304}
2021-09-29 18:08:29,611 {'epoch': 132, 'lr': 0.001337515113419869, 'train_loss': 0.0018026806880714406, 'mae': 0.34147847, 'elapsed_time': 38.24894738197327}
2021-09-29 18:09:07,462 {'epoch': 133, 'lr': 0.0013030245831162192, 'train_loss': 0.0017810068501195346, 'mae': 0.33936483, 'elapsed_time': 37.851359367370605}
2021-09-29 18:09:45,879 {'epoch': 134, 'lr': 0.0012688306222611422, 'train_loss': 0.0017865997222557693, 'mae': 0.36517572, 'elapsed_time': 38.416178703308105}
2021-09-29 18:10:24,278 {'epoch': 135, 'lr': 0.0012349416677028228, 'train_loss': 0.001793381065683226, 'mae': 0.3356162, 'elapsed_time': 38.39912223815918}
2021-09-29 18:11:03,041 {'epoch': 136, 'lr': 0.0012013660810337068, 'train_loss': 0.0017641733803541318, 'mae': 0.33672157, 'elapsed_time': 38.76245164871216}
2021-09-29 18:11:41,609 {'epoch': 137, 'lr': 0.0011681121465274018, 'train_loss': 0.0017383359342991239, 'mae': 0.3245433, 'elapsed_time': 38.56751537322998}
2021-09-29 18:12:20,522 {'epoch': 138, 'lr': 0.00113518806909466, 'train_loss': 0.0017404984872889408, 'mae': 0.33349508, 'elapsed_time': 38.79492425918579}
2021-09-29 18:12:59,340 {'epoch': 139, 'lr': 0.001102601972258933, 'train_loss': 0.0017310129990832073, 'mae': 0.3508748, 'elapsed_time': 38.81777739524841}
2021-09-29 18:13:38,249 {'epoch': 140, 'lr': 0.001070361896152019, 'train_loss': 0.0017099299430452174, 'mae': 0.33028197, 'elapsed_time': 38.90861916542053}
2021-09-29 18:14:16,577 {'epoch': 141, 'lr': 0.0010384757955302789, 'train_loss': 0.0017135966885180724, 'mae': 0.32395297, 'elapsed_time': 38.3271849155426}
2021-09-29 18:14:55,788 {'epoch': 142, 'lr': 0.0010069515378119188, 'train_loss': 0.0016847293977017748, 'mae': 0.31662375, 'elapsed_time': 39.09019637107849}
2021-09-29 18:15:34,218 {'epoch': 143, 'lr': 0.0009757969011358226, 'train_loss': 0.001675923617718392, 'mae': 0.32603174, 'elapsed_time': 38.30971693992615}
2021-09-29 18:16:13,326 {'epoch': 144, 'lr': 0.0009450195724424147, 'train_loss': 0.0016948902358611426, 'mae': 0.32422546, 'elapsed_time': 39.10745310783386}
2021-09-29 18:16:52,516 {'epoch': 145, 'lr': 0.0009146271455770182, 'train_loss': 0.0016675059863219914, 'mae': 0.31282046, 'elapsed_time': 39.18943119049072}
2021-09-29 18:17:31,620 {'epoch': 146, 'lr': 0.0008846271194161912, 'train_loss': 0.0016582379086749139, 'mae': 0.32040614, 'elapsed_time': 38.98624563217163}
2021-09-29 18:18:10,808 {'epoch': 147, 'lr': 0.0008550268960174881, 'train_loss': 0.0016343541231038476, 'mae': 0.3201768, 'elapsed_time': 39.18752074241638}
2021-09-29 18:18:49,178 {'epoch': 148, 'lr': 0.0008258337787931145, 'train_loss': 0.0016409372344287204, 'mae': 0.32116988, 'elapsed_time': 38.36991477012634}
2021-09-29 18:19:27,870 {'epoch': 149, 'lr': 0.0007970549707079209, 'train_loss': 0.0016245509483626222, 'mae': 0.30722627, 'elapsed_time': 38.69121718406677}
2021-09-29 18:20:06,010 {'epoch': 150, 'lr': 0.0007686975725021752, 'train_loss': 0.0016127690280348832, 'mae': 0.31413397, 'elapsed_time': 38.02171301841736}
2021-09-29 18:20:44,996 {'epoch': 151, 'lr': 0.0007407685809395634, 'train_loss': 0.0016114616039535556, 'mae': 0.3061832, 'elapsed_time': 38.98597264289856}
2021-09-29 18:21:23,917 {'epoch': 152, 'lr': 0.0007132748870808435, 'train_loss': 0.0016013211260239282, 'mae': 0.3069583, 'elapsed_time': 38.80197477340698}
2021-09-29 18:22:02,802 {'epoch': 153, 'lr': 0.0006862232745835781, 'train_loss': 0.0015836403020728575, 'mae': 0.30159658, 'elapsed_time': 38.884347438812256}
2021-09-29 18:22:40,685 {'epoch': 154, 'lr': 0.000659620418028368, 'train_loss': 0.0015783889822765563, 'mae': 0.30299628, 'elapsed_time': 37.76537275314331}
2021-09-29 18:23:19,470 {'epoch': 155, 'lr': 0.0006334728812720028, 'train_loss': 0.0015630658659182928, 'mae': 0.3028829, 'elapsed_time': 38.7848105430603}
2021-09-29 18:23:57,914 {'epoch': 156, 'lr': 0.0006077871158279224, 'train_loss': 0.001559077025279452, 'mae': 0.29996806, 'elapsed_time': 38.44430088996887}
2021-09-29 18:24:36,752 {'epoch': 157, 'lr': 0.0005825694592744056, 'train_loss': 0.0015517582503413428, 'mae': 0.2955089, 'elapsed_time': 38.71700859069824}
2021-09-29 18:25:15,318 {'epoch': 158, 'lr': 0.0005578261336908673, 'train_loss': 0.001537985810633524, 'mae': 0.2988418, 'elapsed_time': 38.44355535507202}
2021-09-29 18:25:54,039 {'epoch': 159, 'lr': 0.000533563244122652, 'train_loss': 0.001535660462210793, 'mae': 0.29789212, 'elapsed_time': 38.72131967544556}
2021-09-29 18:26:32,852 {'epoch': 160, 'lr': 0.0005097867770747086, 'train_loss': 0.0015214524341091722, 'mae': 0.292435, 'elapsed_time': 38.811917543411255}
2021-09-29 18:27:11,820 {'epoch': 161, 'lr': 0.00048650259903450607, 'train_loss': 0.0015163254289041693, 'mae': 0.29112047, 'elapsed_time': 38.84815263748169}
2021-09-29 18:27:50,395 {'epoch': 162, 'lr': 0.0004637164550245666, 'train_loss': 0.0015096038217039752, 'mae': 0.29633993, 'elapsed_time': 38.4572491645813}
2021-09-29 18:28:29,157 {'epoch': 163, 'lr': 0.00044143396718496826, 'train_loss': 0.0014939698862804333, 'mae': 0.28767678, 'elapsed_time': 38.761130571365356}
2021-09-29 18:29:08,384 {'epoch': 164, 'lr': 0.000419660633386166, 'train_loss': 0.0014970412034716648, 'mae': 0.29247382, 'elapsed_time': 39.11025428771973}
2021-09-29 18:29:47,630 {'epoch': 165, 'lr': 0.00039840182587247273, 'train_loss': 0.0014823614538821896, 'mae': 0.2866403, 'elapsed_time': 39.244943380355835}
2021-09-29 18:30:26,504 {'epoch': 166, 'lr': 0.0003776627899365404, 'train_loss': 0.0014745057895631487, 'mae': 0.28647605, 'elapsed_time': 38.75603675842285}
2021-09-29 18:31:05,729 {'epoch': 167, 'lr': 0.0003574486426251602, 'train_loss': 0.0014686179768869307, 'mae': 0.28594807, 'elapsed_time': 39.1025595664978}
2021-09-29 18:31:44,097 {'epoch': 168, 'lr': 0.00033776437147671256, 'train_loss': 0.0014627199607664895, 'mae': 0.28458598, 'elapsed_time': 38.24496054649353}
2021-09-29 18:32:22,746 {'epoch': 169, 'lr': 0.00031861483329056025, 'train_loss': 0.0014556831053801924, 'mae': 0.28101137, 'elapsed_time': 38.53014540672302}
2021-09-29 18:33:01,572 {'epoch': 170, 'lr': 0.0003000047529287097, 'train_loss': 0.0014479687510242202, 'mae': 0.28277358, 'elapsed_time': 38.704928398132324}
2021-09-29 18:33:38,985 {'epoch': 171, 'lr': 0.00028193872215002226, 'train_loss': 0.0014432955945541401, 'mae': 0.28187168, 'elapsed_time': 37.41361474990845}
2021-09-29 18:34:17,080 {'epoch': 172, 'lr': 0.0002644211984772641, 'train_loss': 0.0014330541343484358, 'mae': 0.2786049, 'elapsed_time': 38.093754291534424}
2021-09-29 18:34:55,929 {'epoch': 173, 'lr': 0.00024745650409728156, 'train_loss': 0.0014271674866586273, 'mae': 0.27790374, 'elapsed_time': 38.733234882354736}
2021-09-29 18:35:35,109 {'epoch': 174, 'lr': 0.00023104882479456443, 'train_loss': 0.0014206004071662252, 'mae': 0.27649087, 'elapsed_time': 39.05979800224304}
2021-09-29 18:36:14,349 {'epoch': 175, 'lr': 0.0002152022089184675, 'train_loss': 0.0014164239987780355, 'mae': 0.27902663, 'elapsed_time': 39.11897802352905}
2021-09-29 18:36:53,404 {'epoch': 176, 'lr': 0.00019992056638434003, 'train_loss': 0.0014105438687415847, 'mae': 0.27672926, 'elapsed_time': 39.0546612739563}
2021-09-29 18:37:32,660 {'epoch': 177, 'lr': 0.00018520766770881278, 'train_loss': 0.0014063640029186282, 'mae': 0.2788267, 'elapsed_time': 39.25547194480896}
2021-09-29 18:38:11,984 {'epoch': 178, 'lr': 0.0001710671430794808, 'train_loss': 0.0013997536404410128, 'mae': 0.2778721, 'elapsed_time': 39.32346057891846}
2021-09-29 18:38:51,082 {'epoch': 179, 'lr': 0.00015750248145920742, 'train_loss': 0.001394366226334932, 'mae': 0.27833053, 'elapsed_time': 39.09827399253845}
2021-09-29 18:39:30,748 {'epoch': 180, 'lr': 0.00014451702972527442, 'train_loss': 0.0013906369441249971, 'mae': 0.2738322, 'elapsed_time': 39.665364265441895}
2021-09-29 18:40:10,406 {'epoch': 181, 'lr': 0.00013211399184359188, 'train_loss': 0.0013855926813452824, 'mae': 0.27688769, 'elapsed_time': 39.5334894657135}
2021-09-29 18:40:50,113 {'epoch': 182, 'lr': 0.0001202964280781663, 'train_loss': 0.0013820576055050685, 'mae': 0.27523607, 'elapsed_time': 39.707244873046875}
2021-09-29 18:41:29,285 {'epoch': 183, 'lr': 0.00010906725423602728, 'train_loss': 0.0013776253267006814, 'mae': 0.27304086, 'elapsed_time': 39.17100739479065}
2021-09-29 18:42:08,925 {'epoch': 184, 'lr': 9.842924094779404e-05, 'train_loss': 0.0013727327034795734, 'mae': 0.27275074, 'elapsed_time': 39.51525259017944}
2021-09-29 18:42:48,524 {'epoch': 185, 'lr': 8.838501298406571e-05, 'train_loss': 0.0013685095734336345, 'mae': 0.2724401, 'elapsed_time': 39.47323799133301}
2021-09-29 18:43:27,832 {'epoch': 186, 'lr': 7.893704860779697e-05, 'train_loss': 0.0013661562947147805, 'mae': 0.2715793, 'elapsed_time': 39.18581295013428}
2021-09-29 18:44:07,524 {'epoch': 187, 'lr': 7.008767896282541e-05, 'train_loss': 0.0013629033638200198, 'mae': 0.27169582, 'elapsed_time': 39.56929850578308}
2021-09-29 18:44:46,269 {'epoch': 188, 'lr': 6.183908749869416e-05, 'train_loss': 0.001360025620266963, 'mae': 0.27095297, 'elapsed_time': 38.74412941932678}
2021-09-29 18:45:25,761 {'epoch': 189, 'lr': 5.419330943192163e-05, 'train_loss': 0.001357334059514377, 'mae': 0.27177313, 'elapsed_time': 39.37107515335083}
2021-09-29 18:46:05,117 {'epoch': 190, 'lr': 4.7152231243839187e-05, 'train_loss': 0.0013546418623271725, 'mae': 0.27050358, 'elapsed_time': 39.35479521751404}
2021-09-29 18:46:43,894 {'epoch': 191, 'lr': 4.071759021513153e-05, 'train_loss': 0.0013527626064319023, 'mae': 0.2707397, 'elapsed_time': 38.659451723098755}
2021-09-29 18:47:23,220 {'epoch': 192, 'lr': 3.4890973997188946e-05, 'train_loss': 0.0013502205048692077, 'mae': 0.2701259, 'elapsed_time': 39.32605767250061}
2021-09-29 18:48:02,675 {'epoch': 193, 'lr': 2.9673820220377978e-05, 'train_loss': 0.001348768142308124, 'mae': 0.27026755, 'elapsed_time': 39.33637046813965}
2021-09-29 18:48:42,166 {'epoch': 194, 'lr': 2.506741613932691e-05, 'train_loss': 0.00134691687990807, 'mae': 0.26993725, 'elapsed_time': 39.4907066822052}
2021-09-29 18:49:21,717 {'epoch': 195, 'lr': 2.107289831531541e-05, 'train_loss': 0.0013455136566169219, 'mae': 0.27008954, 'elapsed_time': 39.42931079864502}
2021-09-29 18:50:00,862 {'epoch': 196, 'lr': 1.769125233584573e-05, 'train_loss': 0.0013439151212187932, 'mae': 0.2699098, 'elapsed_time': 39.14417362213135}
2021-09-29 18:50:40,585 {'epoch': 197, 'lr': 1.4923312571462461e-05, 'train_loss': 0.0013430772836809525, 'mae': 0.2697962, 'elapsed_time': 39.60202431678772}
2021-09-29 18:51:19,806 {'epoch': 198, 'lr': 1.276976196988509e-05, 'train_loss': 0.0013425943757067302, 'mae': 0.2694854, 'elapsed_time': 39.09480810165405}
2021-09-29 18:51:59,569 {'epoch': 199, 'lr': 1.1231131887499658e-05, 'train_loss': 0.001341634974219374, 'mae': 0.26935127, 'elapsed_time': 39.640618085861206}
2021-09-29 18:52:38,542 {'epoch': 200, 'lr': 1.0307801958256834e-05, 'train_loss': 0.0013411592642762473, 'mae': 0.26959434, 'elapsed_time': 38.84654903411865}
