2021-10-09 07:50:44,054 Fold 0
2021-10-09 07:50:47,432 train run device : cuda:0
2021-10-09 07:52:20,273 {'epoch': 1, 'lr': 0.001, 'train_loss': 0.01734675855688736, 'mae': 1.2615292, 'elapsed_time': 73.33176279067993}
2021-10-09 07:53:35,071 {'epoch': 2, 'lr': 0.000999938933078422, 'train_loss': 0.005374916789545927, 'mae': 1.0949795, 'elapsed_time': 74.40009021759033}
2021-10-09 07:54:50,119 {'epoch': 3, 'lr': 0.000999755747381037, 'train_loss': 0.004667758161042841, 'mae': 0.9145543, 'elapsed_time': 74.61442565917969}
2021-10-09 07:56:05,300 {'epoch': 4, 'lr': 0.000999450488106175, 'train_loss': 0.004278074239977469, 'mae': 0.85207653, 'elapsed_time': 74.74545073509216}
2021-10-09 07:57:19,821 {'epoch': 5, 'lr': 0.0009990232305719944, 'train_loss': 0.004013503421372021, 'mae': 1.063139, 'elapsed_time': 74.08098936080933}
2021-10-09 07:58:34,159 {'epoch': 6, 'lr': 0.0009984740801978983, 'train_loss': 0.003886385067971516, 'mae': 0.73617595, 'elapsed_time': 74.33721232414246}
2021-10-09 07:59:49,413 {'epoch': 7, 'lr': 0.0009978031724785245, 'train_loss': 0.003610428838420973, 'mae': 0.6751595, 'elapsed_time': 74.81089353561401}
2021-10-09 08:01:04,868 {'epoch': 8, 'lr': 0.000997010672950314, 'train_loss': 0.00345470620118047, 'mae': 0.64680856, 'elapsed_time': 75.01074624061584}
2021-10-09 08:02:19,948 {'epoch': 9, 'lr': 0.0009960967771506664, 'train_loss': 0.0033256793744007905, 'mae': 0.5962629, 'elapsed_time': 74.63988828659058}
2021-10-09 08:03:34,916 {'epoch': 10, 'lr': 0.0009950617105696957, 'train_loss': 0.0032738707278286722, 'mae': 0.7229548, 'elapsed_time': 74.5274088382721}
2021-10-09 08:04:49,280 {'epoch': 11, 'lr': 0.0009939057285945929, 'train_loss': 0.0031707816329556954, 'mae': 0.6908748, 'elapsed_time': 74.36324381828308}
2021-10-09 08:06:03,540 {'epoch': 12, 'lr': 0.0009926291164466126, 'train_loss': 0.003195956336041805, 'mae': 0.56919056, 'elapsed_time': 74.25922560691833}
2021-10-09 08:07:18,479 {'epoch': 13, 'lr': 0.0009912321891107005, 'train_loss': 0.003065162783055372, 'mae': 0.65555495, 'elapsed_time': 74.4790575504303}
2021-10-09 08:08:33,444 {'epoch': 14, 'lr': 0.0009897152912577737, 'train_loss': 0.002880700316707214, 'mae': 0.5310095, 'elapsed_time': 74.9647126197815}
2021-10-09 08:09:48,920 {'epoch': 15, 'lr': 0.0009880787971596797, 'train_loss': 0.0029155288234777683, 'mae': 0.5056165, 'elapsed_time': 75.02108502388}
2021-10-09 08:11:03,849 {'epoch': 16, 'lr': 0.0009863231105968495, 'train_loss': 0.002946544071255811, 'mae': 0.5385845, 'elapsed_time': 74.48725986480713}
2021-10-09 08:12:18,766 {'epoch': 17, 'lr': 0.000984448664758672, 'train_loss': 0.0028601210596468215, 'mae': 0.5076074, 'elapsed_time': 74.91640114784241}
2021-10-09 08:13:33,421 {'epoch': 18, 'lr': 0.0009824559221366096, 'train_loss': 0.002722266435405922, 'mae': 0.59891105, 'elapsed_time': 74.65477466583252}
2021-10-09 08:14:48,426 {'epoch': 19, 'lr': 0.0009803453744100864, 'train_loss': 0.0031343347588621913, 'mae': 0.5388945, 'elapsed_time': 75.00419068336487}
2021-10-09 08:16:03,431 {'epoch': 20, 'lr': 0.0009781175423251728, 'train_loss': 0.002693440441740831, 'mae': 0.5444051, 'elapsed_time': 75.00462937355042}
2021-10-09 08:17:17,683 {'epoch': 21, 'lr': 0.0009757729755661004, 'train_loss': 0.002958873354732951, 'mae': 0.50150466, 'elapsed_time': 74.25149703025818}
2021-10-09 08:18:32,902 {'epoch': 22, 'lr': 0.0009733122526196342, 'train_loss': 0.002642043530842261, 'mae': 0.5662469, 'elapsed_time': 74.77302241325378}
2021-10-09 08:19:47,731 {'epoch': 23, 'lr': 0.000970735980632341, 'train_loss': 0.0025570332984248085, 'mae': 0.45711586, 'elapsed_time': 74.82871508598328}
2021-10-09 08:21:03,095 {'epoch': 24, 'lr': 0.0009680447952607838, 'train_loss': 0.002601526620581183, 'mae': 0.72072613, 'elapsed_time': 74.9215304851532}
2021-10-09 08:22:18,160 {'epoch': 25, 'lr': 0.0009652393605146839, 'train_loss': 0.002709794815721063, 'mae': 0.5177553, 'elapsed_time': 75.06454348564148}
2021-10-09 08:23:32,920 {'epoch': 26, 'lr': 0.0009623203685930864, 'train_loss': 0.0025296854806941735, 'mae': 0.39620343, 'elapsed_time': 74.75932025909424}
2021-10-09 08:24:48,134 {'epoch': 27, 'lr': 0.00095928853971357, 'train_loss': 0.0025804936969770036, 'mae': 0.46158284, 'elapsed_time': 74.76285290718079}
2021-10-09 08:26:02,733 {'epoch': 28, 'lr': 0.0009561446219345448, 'train_loss': 0.002391853941403295, 'mae': 0.4499276, 'elapsed_time': 74.59865212440491}
2021-10-09 08:27:17,679 {'epoch': 29, 'lr': 0.0009528893909706791, 'train_loss': 0.0028382936678950244, 'mae': 0.4272857, 'elapsed_time': 74.94595837593079}
2021-10-09 08:28:32,653 {'epoch': 30, 'lr': 0.0009495236500015041, 'train_loss': 0.0023716634264088687, 'mae': 0.41669193, 'elapsed_time': 74.97310423851013}
2021-10-09 08:29:47,628 {'epoch': 31, 'lr': 0.0009460482294732414, 'train_loss': 0.0023610554907083354, 'mae': 0.39111432, 'elapsed_time': 74.97462749481201}
2021-10-09 08:31:03,121 {'epoch': 32, 'lr': 0.0009424639868939027, 'train_loss': 0.0022230669209268254, 'mae': 0.34762925, 'elapsed_time': 75.04880547523499}
2021-10-09 08:32:18,027 {'epoch': 33, 'lr': 0.0009387718066217117, 'train_loss': 0.002336490919814748, 'mae': 0.5271147, 'elapsed_time': 74.46911668777466}
2021-10-09 08:33:32,945 {'epoch': 34, 'lr': 0.000934972599646904, 'train_loss': 0.0026670998254898293, 'mae': 0.3850159, 'elapsed_time': 74.91705513000488}
2021-10-09 08:34:48,091 {'epoch': 35, 'lr': 0.0009310673033669515, 'train_loss': 0.0024293393832295045, 'mae': 0.37934083, 'elapsed_time': 75.14581632614136}
2021-10-09 08:36:03,027 {'epoch': 36, 'lr': 0.0009270568813552751, 'train_loss': 0.0025113747390375935, 'mae': 0.3958334, 'elapsed_time': 74.93540978431702}
2021-10-09 08:37:17,881 {'epoch': 37, 'lr': 0.0009229423231234969, 'train_loss': 0.002326613139778356, 'mae': 0.36007267, 'elapsed_time': 74.85441899299622}
2021-10-09 08:38:32,633 {'epoch': 38, 'lr': 0.0009187246438772933, 'train_loss': 0.002289533415393295, 'mae': 0.38732576, 'elapsed_time': 74.75083255767822}
2021-10-09 08:39:47,807 {'epoch': 39, 'lr': 0.0009144048842659075, 'train_loss': 0.0022214146048284826, 'mae': 0.3396572, 'elapsed_time': 75.17419958114624}
2021-10-09 08:41:03,317 {'epoch': 40, 'lr': 0.0009099841101253861, 'train_loss': 0.002374527119519775, 'mae': 0.5767204, 'elapsed_time': 75.05053162574768}
2021-10-09 08:42:18,393 {'epoch': 41, 'lr': 0.0009054634122155986, 'train_loss': 0.0023377022891742966, 'mae': 0.35337612, 'elapsed_time': 75.07628059387207}
2021-10-09 08:43:33,023 {'epoch': 42, 'lr': 0.0009008439059511095, 'train_loss': 0.002248134653129034, 'mae': 0.43104705, 'elapsed_time': 74.62881326675415}
2021-10-09 08:44:47,644 {'epoch': 43, 'lr': 0.0008961267311259662, 'train_loss': 0.0022106919820297625, 'mae': 0.31756708, 'elapsed_time': 74.62089157104492}
2021-10-09 08:46:02,567 {'epoch': 44, 'lr': 0.0008913130516324728, 'train_loss': 0.002147853734666658, 'mae': 0.41208908, 'elapsed_time': 74.47886371612549}
2021-10-09 08:47:17,535 {'epoch': 45, 'lr': 0.0008864040551740152, 'train_loss': 0.0020076191488522578, 'mae': 0.33326003, 'elapsed_time': 74.96784901618958}
2021-10-09 08:48:32,651 {'epoch': 46, 'lr': 0.000881400952972015, 'train_loss': 0.0023114832904439163, 'mae': 0.36119363, 'elapsed_time': 75.11554908752441}
2021-10-09 08:49:47,187 {'epoch': 47, 'lr': 0.0008763049794670771, 'train_loss': 0.0020874913655976888, 'mae': 0.342166, 'elapsed_time': 74.53614640235901}
2021-10-09 08:51:02,010 {'epoch': 48, 'lr': 0.0008711173920144113, 'train_loss': 0.002057014534841159, 'mae': 0.32218656, 'elapsed_time': 74.82257866859436}
2021-10-09 08:52:16,805 {'epoch': 49, 'lr': 0.0008658394705735983, 'train_loss': 0.0020166883670963776, 'mae': 0.3680731, 'elapsed_time': 74.79423093795776}
2021-10-09 08:53:31,540 {'epoch': 50, 'lr': 0.0008604725173927781, 'train_loss': 0.002007014933427965, 'mae': 0.3057006, 'elapsed_time': 74.73421835899353}
2021-10-09 08:54:46,836 {'epoch': 51, 'lr': 0.0008550178566873405, 'train_loss': 0.0018893506661837587, 'mae': 0.32361656, 'elapsed_time': 74.85479545593262}
2021-10-09 08:56:01,352 {'epoch': 52, 'lr': 0.0008494768343131951, 'train_loss': 0.0019819974817824413, 'mae': 0.3100709, 'elapsed_time': 74.5155041217804}
2021-10-09 08:57:15,576 {'epoch': 53, 'lr': 0.0008438508174347005, 'train_loss': 0.0018915369795639045, 'mae': 0.29830316, 'elapsed_time': 74.22367930412292}
2021-10-09 08:58:29,881 {'epoch': 54, 'lr': 0.0008381411941873374, 'train_loss': 0.0019497960136871293, 'mae': 0.30801642, 'elapsed_time': 73.86489391326904}
2021-10-09 08:59:43,950 {'epoch': 55, 'lr': 0.0008323493733352073, 'train_loss': 0.0021071023096048414, 'mae': 0.31541213, 'elapsed_time': 74.06888055801392}
2021-10-09 09:00:59,297 {'epoch': 56, 'lr': 0.0008264767839234405, 'train_loss': 0.0017916603948281568, 'mae': 0.27232775, 'elapsed_time': 75.346440076828}
2021-10-09 09:02:14,332 {'epoch': 57, 'lr': 0.000820524874925601, 'train_loss': 0.001774128466953182, 'mae': 0.3049941, 'elapsed_time': 74.58439445495605}
2021-10-09 09:03:29,273 {'epoch': 58, 'lr': 0.0008144951148861737, 'train_loss': 0.0018542636062448747, 'mae': 0.3056788, 'elapsed_time': 74.94024467468262}
2021-10-09 09:04:44,151 {'epoch': 59, 'lr': 0.0008083889915582231, 'train_loss': 0.0019053641956045266, 'mae': 0.2886905, 'elapsed_time': 74.87815475463867}
2021-10-09 09:05:58,510 {'epoch': 60, 'lr': 0.0008022080115363123, 'train_loss': 0.001883390661380874, 'mae': 0.28540382, 'elapsed_time': 74.3581554889679}
2021-10-09 09:07:12,816 {'epoch': 61, 'lr': 0.0007959536998847739, 'train_loss': 0.0018556646257145188, 'mae': 0.2984704, 'elapsed_time': 74.305344581604}
2021-10-09 09:08:27,684 {'epoch': 62, 'lr': 0.0007896275997614226, 'train_loss': 0.0017005000191859807, 'mae': 0.26721466, 'elapsed_time': 74.86763000488281}
2021-10-09 09:09:42,788 {'epoch': 63, 'lr': 0.0007832312720368044, 'train_loss': 0.0018544244353466274, 'mae': 0.27117458, 'elapsed_time': 74.65617489814758}
2021-10-09 09:10:57,326 {'epoch': 64, 'lr': 0.0007767662949090749, 'train_loss': 0.0017399015999970016, 'mae': 0.29680064, 'elapsed_time': 74.53789567947388}
2021-10-09 09:12:11,901 {'epoch': 65, 'lr': 0.000770234263514603, 'train_loss': 0.0017386814136233371, 'mae': 0.25836948, 'elapsed_time': 74.57468366622925}
2021-10-09 09:13:26,716 {'epoch': 66, 'lr': 0.0007636367895343944, 'train_loss': 0.001738665601506464, 'mae': 0.34292895, 'elapsed_time': 74.36778521537781}
2021-10-09 09:14:41,487 {'epoch': 67, 'lr': 0.0007569755007964335, 'train_loss': 0.0016346897396664496, 'mae': 0.25629884, 'elapsed_time': 74.77070593833923}
2021-10-09 09:15:56,414 {'epoch': 68, 'lr': 0.0007502520408740415, 'train_loss': 0.0017098214993261991, 'mae': 0.28036103, 'elapsed_time': 74.49126887321472}
2021-10-09 09:17:11,013 {'epoch': 69, 'lr': 0.0007434680686803488, 'train_loss': 0.001707554131134051, 'mae': 0.3109034, 'elapsed_time': 74.59827971458435}
2021-10-09 09:18:25,972 {'epoch': 70, 'lr': 0.0007366252580589837, 'train_loss': 0.0018186805850034364, 'mae': 0.27888593, 'elapsed_time': 74.95897626876831}
2021-10-09 09:19:40,623 {'epoch': 71, 'lr': 0.0007297252973710754, 'train_loss': 0.0015911258300402213, 'mae': 0.26518023, 'elapsed_time': 74.65024518966675}
2021-10-09 09:20:55,227 {'epoch': 72, 'lr': 0.0007227698890786777, 'train_loss': 0.0015998595665135552, 'mae': 0.25385985, 'elapsed_time': 74.60386419296265}
2021-10-09 09:22:10,294 {'epoch': 73, 'lr': 0.0007157607493247108, 'train_loss': 0.0015573111887974326, 'mae': 0.2773038, 'elapsed_time': 74.61754488945007}
2021-10-09 09:23:25,418 {'epoch': 74, 'lr': 0.0007086996075095287, 'train_loss': 0.0016080532990756455, 'mae': 0.26989526, 'elapsed_time': 75.12345838546753}
2021-10-09 09:24:40,127 {'epoch': 75, 'lr': 0.0007015882058642161, 'train_loss': 0.0016839750180227067, 'mae': 0.24763036, 'elapsed_time': 74.70901393890381}
2021-10-09 09:25:55,313 {'epoch': 76, 'lr': 0.0006944282990207193, 'train_loss': 0.001705096760052494, 'mae': 0.23789003, 'elapsed_time': 74.72950744628906}
2021-10-09 09:27:10,451 {'epoch': 77, 'lr': 0.0006872216535789155, 'train_loss': 0.001508845975209025, 'mae': 0.23645759, 'elapsed_time': 74.69172596931458}
2021-10-09 09:28:26,039 {'epoch': 78, 'lr': 0.0006799700476707321, 'train_loss': 0.0015655528080036815, 'mae': 0.28633723, 'elapsed_time': 75.14758920669556}
2021-10-09 09:29:41,388 {'epoch': 79, 'lr': 0.0006726752705214191, 'train_loss': 0.00151332480607047, 'mae': 0.24314477, 'elapsed_time': 75.34820508956909}
2021-10-09 09:30:56,306 {'epoch': 80, 'lr': 0.0006653391220080838, 'train_loss': 0.0014230194070170936, 'mae': 0.2279617, 'elapsed_time': 74.9171838760376}
2021-10-09 09:32:11,793 {'epoch': 81, 'lr': 0.0006579634122155988, 'train_loss': 0.0014243239977547, 'mae': 0.24117364, 'elapsed_time': 75.03382611274719}
2021-10-09 09:33:26,673 {'epoch': 82, 'lr': 0.0006505499609899903, 'train_loss': 0.0014239229866710224, 'mae': 0.23660941, 'elapsed_time': 74.87924695014954}
2021-10-09 09:34:41,598 {'epoch': 83, 'lr': 0.0006431005974894184, 'train_loss': 0.0014685615035597262, 'mae': 0.23314445, 'elapsed_time': 74.92513751983643}
2021-10-09 09:35:56,245 {'epoch': 84, 'lr': 0.0006356171597328593, 'train_loss': 0.001406425943214266, 'mae': 0.23876649, 'elapsed_time': 74.64672541618347}
2021-10-09 09:37:10,602 {'epoch': 85, 'lr': 0.0006281014941466028, 'train_loss': 0.0014216438830738198, 'mae': 0.2472991, 'elapsed_time': 74.35608983039856}
2021-10-09 09:38:25,065 {'epoch': 86, 'lr': 0.000620555455108673, 'train_loss': 0.0013242013508057736, 'mae': 0.22812645, 'elapsed_time': 74.46310377120972}
2021-10-09 09:39:39,981 {'epoch': 87, 'lr': 0.0006129809044912885, 'train_loss': 0.0012827954265536498, 'mae': 0.23143177, 'elapsed_time': 74.91497492790222}
2021-10-09 09:40:54,907 {'epoch': 88, 'lr': 0.0006053797112014735, 'train_loss': 0.0012439367494060157, 'mae': 0.22118886, 'elapsed_time': 74.92599725723267}
2021-10-09 09:42:09,943 {'epoch': 89, 'lr': 0.0005977537507199336, 'train_loss': 0.0012708252348929072, 'mae': 0.22621487, 'elapsed_time': 74.59694814682007}
2021-10-09 09:43:24,507 {'epoch': 90, 'lr': 0.0005901049046383074, 'train_loss': 0.0013356032420253421, 'mae': 0.21216962, 'elapsed_time': 74.56313729286194}
2021-10-09 09:44:39,584 {'epoch': 91, 'lr': 0.0005824350601949141, 'train_loss': 0.0014047410634128441, 'mae': 0.21512884, 'elapsed_time': 74.61256861686707}
2021-10-09 09:45:54,206 {'epoch': 92, 'lr': 0.0005747461098091033, 'train_loss': 0.0012778633805528787, 'mae': 0.21171847, 'elapsed_time': 74.62196731567383}
2021-10-09 09:47:09,405 {'epoch': 93, 'lr': 0.0005670399506143305, 'train_loss': 0.0011802047407137313, 'mae': 0.20780163, 'elapsed_time': 74.74815702438354}
2021-10-09 09:48:24,882 {'epoch': 94, 'lr': 0.0005593184839900673, 'train_loss': 0.0013375498245811527, 'mae': 0.23455994, 'elapsed_time': 75.03978705406189}
2021-10-09 09:49:40,052 {'epoch': 95, 'lr': 0.0005515836150926644, 'train_loss': 0.001392905957221669, 'mae': 0.30125687, 'elapsed_time': 75.16943049430847}
2021-10-09 09:50:54,678 {'epoch': 96, 'lr': 0.0005438372523852832, 'train_loss': 0.0014029810016245301, 'mae': 0.20764925, 'elapsed_time': 74.62589883804321}
2021-10-09 09:52:10,015 {'epoch': 97, 'lr': 0.00053608130716701, 'train_loss': 0.001159602121836978, 'mae': 0.26104394, 'elapsed_time': 74.89377427101135}
2021-10-09 09:53:24,691 {'epoch': 98, 'lr': 0.0005283176931012729, 'train_loss': 0.0011498853361827795, 'mae': 0.20177479, 'elapsed_time': 74.6756751537323}
2021-10-09 09:54:40,146 {'epoch': 99, 'lr': 0.0005205483257436734, 'train_loss': 0.0011094209528852172, 'mae': 0.21762903, 'elapsed_time': 75.0117347240448}
2021-10-09 09:55:54,903 {'epoch': 100, 'lr': 0.0005127751220693511, 'train_loss': 0.0010994353221150483, 'mae': 0.19438986, 'elapsed_time': 74.75655794143677}
2021-10-09 09:57:09,654 {'epoch': 101, 'lr': 0.0005049999999999998, 'train_loss': 0.0011286629690999144, 'mae': 0.2589856, 'elapsed_time': 74.31160640716553}
2021-10-09 09:58:24,185 {'epoch': 102, 'lr': 0.0004972248779306486, 'train_loss': 0.0013230467444770853, 'mae': 0.2315973, 'elapsed_time': 74.53119683265686}
2021-10-09 09:59:38,972 {'epoch': 103, 'lr': 0.0004894516742563262, 'train_loss': 0.001135155114094061, 'mae': 0.20477596, 'elapsed_time': 74.7862606048584}
2021-10-09 10:00:53,782 {'epoch': 104, 'lr': 0.00048168230689872663, 'train_loss': 0.00100763084575524, 'mae': 0.19833763, 'elapsed_time': 74.80974960327148}
2021-10-09 10:02:08,405 {'epoch': 105, 'lr': 0.0004739186928329896, 'train_loss': 0.0010168024475178314, 'mae': 0.19319431, 'elapsed_time': 74.62259864807129}
2021-10-09 10:03:23,637 {'epoch': 106, 'lr': 0.00046616274761471655, 'train_loss': 0.0010543298695885716, 'mae': 0.19273658, 'elapsed_time': 74.78722167015076}
2021-10-09 10:04:39,292 {'epoch': 107, 'lr': 0.0004584163849073352, 'train_loss': 0.0010038772001714402, 'mae': 0.19817534, 'elapsed_time': 75.20086359977722}
2021-10-09 10:05:53,648 {'epoch': 108, 'lr': 0.0004506815160099324, 'train_loss': 0.001033039339568103, 'mae': 0.19630764, 'elapsed_time': 74.35549283027649}
2021-10-09 10:07:07,979 {'epoch': 109, 'lr': 0.0004429600493856693, 'train_loss': 0.0010928562361527312, 'mae': 0.21111795, 'elapsed_time': 74.33010220527649}
2021-10-09 10:08:22,644 {'epoch': 110, 'lr': 0.00043525389019089656, 'train_loss': 0.0010604332307954747, 'mae': 0.19184151, 'elapsed_time': 74.66488862037659}
2021-10-09 10:09:37,420 {'epoch': 111, 'lr': 0.0004275649398050856, 'train_loss': 0.0010792109769669647, 'mae': 0.20828795, 'elapsed_time': 74.31943559646606}
2021-10-09 10:10:51,934 {'epoch': 112, 'lr': 0.0004198950953616921, 'train_loss': 0.0009798668401477509, 'mae': 0.19246523, 'elapsed_time': 74.5140769481659}
2021-10-09 10:12:05,720 {'epoch': 113, 'lr': 0.0004122462492800662, 'train_loss': 0.0009774011357966995, 'mae': 0.19447559, 'elapsed_time': 73.78514242172241}
2021-10-09 10:13:20,186 {'epoch': 114, 'lr': 0.0004046202887985263, 'train_loss': 0.0009483726723570157, 'mae': 0.19727893, 'elapsed_time': 74.46601486206055}
2021-10-09 10:14:34,626 {'epoch': 115, 'lr': 0.0003970190955087115, 'train_loss': 0.0009571152179445788, 'mae': 0.19220322, 'elapsed_time': 74.43898820877075}
2021-10-09 10:15:49,727 {'epoch': 116, 'lr': 0.0003894445448913267, 'train_loss': 0.0009057461537761432, 'mae': 0.18287294, 'elapsed_time': 75.10132598876953}
2021-10-09 10:17:05,046 {'epoch': 117, 'lr': 0.00038189850585339675, 'train_loss': 0.0009123007265136209, 'mae': 0.18444541, 'elapsed_time': 74.85979080200195}
2021-10-09 10:18:19,560 {'epoch': 118, 'lr': 0.0003743828402671403, 'train_loss': 0.0008805919121370717, 'mae': 0.18451628, 'elapsed_time': 74.51397323608398}
2021-10-09 10:19:33,882 {'epoch': 119, 'lr': 0.0003668994025105814, 'train_loss': 0.0008688501865560445, 'mae': 0.18594179, 'elapsed_time': 74.32184886932373}
2021-10-09 10:20:48,353 {'epoch': 120, 'lr': 0.00035945003901000945, 'train_loss': 0.0008783076547278798, 'mae': 0.19685915, 'elapsed_time': 74.46997427940369}
2021-10-09 10:22:02,696 {'epoch': 121, 'lr': 0.00035203658778440103, 'train_loss': 0.0009053405554504723, 'mae': 0.18850034, 'elapsed_time': 74.34314680099487}
2021-10-09 10:23:17,645 {'epoch': 122, 'lr': 0.0003446608779919159, 'train_loss': 0.0008268647246442938, 'mae': 0.18241908, 'elapsed_time': 74.94867634773254}
2021-10-09 10:24:32,674 {'epoch': 123, 'lr': 0.00033732472947858063, 'train_loss': 0.0008167511736017493, 'mae': 0.18042801, 'elapsed_time': 74.58595418930054}
2021-10-09 10:25:47,913 {'epoch': 124, 'lr': 0.00033002995232926766, 'train_loss': 0.0008156199500734953, 'mae': 0.17898795, 'elapsed_time': 74.79225897789001}
2021-10-09 10:27:02,992 {'epoch': 125, 'lr': 0.0003227783464210844, 'train_loss': 0.0008197140191774878, 'mae': 0.2151855, 'elapsed_time': 74.63366937637329}
2021-10-09 10:28:17,455 {'epoch': 126, 'lr': 0.00031557170097928054, 'train_loss': 0.0008300698770245943, 'mae': 0.18059991, 'elapsed_time': 74.4626624584198}
2021-10-09 10:29:32,861 {'epoch': 127, 'lr': 0.0003084117941357834, 'train_loss': 0.0008105654424985882, 'mae': 0.18074366, 'elapsed_time': 75.4057104587555}
2021-10-09 10:30:47,371 {'epoch': 128, 'lr': 0.00030130039249047106, 'train_loss': 0.0007833712333733076, 'mae': 0.17858543, 'elapsed_time': 74.50959253311157}
2021-10-09 10:32:02,362 {'epoch': 129, 'lr': 0.00029423925067528897, 'train_loss': 0.0007669960601024473, 'mae': 0.17777279, 'elapsed_time': 74.56121802330017}
2021-10-09 10:33:17,091 {'epoch': 130, 'lr': 0.0002872301109213219, 'train_loss': 0.0007917245142680276, 'mae': 0.18787846, 'elapsed_time': 74.2754487991333}
2021-10-09 10:34:31,752 {'epoch': 131, 'lr': 0.0002802747026289243, 'train_loss': 0.0007563565789201625, 'mae': 0.1785498, 'elapsed_time': 74.66120409965515}
2021-10-09 10:35:46,695 {'epoch': 132, 'lr': 0.00027337474194101617, 'train_loss': 0.0007449825741770332, 'mae': 0.18303399, 'elapsed_time': 74.94182562828064}
2021-10-09 10:37:01,297 {'epoch': 133, 'lr': 0.00026653193131965077, 'train_loss': 0.0007324361639199784, 'mae': 0.1747999, 'elapsed_time': 74.60179448127747}
2021-10-09 10:38:16,614 {'epoch': 134, 'lr': 0.00025974795912595813, 'train_loss': 0.0007242740889192812, 'mae': 0.17594771, 'elapsed_time': 74.85120844841003}
2021-10-09 10:39:31,438 {'epoch': 135, 'lr': 0.0002530244992035661, 'train_loss': 0.0007211153281295908, 'mae': 0.1762572, 'elapsed_time': 74.82439017295837}
2021-10-09 10:40:46,271 {'epoch': 136, 'lr': 0.00024636321046560527, 'train_loss': 0.0007122615606550589, 'mae': 0.17307973, 'elapsed_time': 74.83215808868408}
2021-10-09 10:42:01,769 {'epoch': 137, 'lr': 0.00023976573648539645, 'train_loss': 0.000698595066080234, 'mae': 0.17368762, 'elapsed_time': 75.04853010177612}
2021-10-09 10:43:17,107 {'epoch': 138, 'lr': 0.00023323370509092462, 'train_loss': 0.0006927674711540568, 'mae': 0.17513417, 'elapsed_time': 75.33766484260559}
2021-10-09 10:44:31,340 {'epoch': 139, 'lr': 0.00022676872796319523, 'train_loss': 0.0006907740328892957, 'mae': 0.17542893, 'elapsed_time': 74.2324447631836}
2021-10-09 10:45:45,845 {'epoch': 140, 'lr': 0.00022037240023857702, 'train_loss': 0.0006853912257749249, 'mae': 0.17491306, 'elapsed_time': 74.5051589012146}
2021-10-09 10:47:00,202 {'epoch': 141, 'lr': 0.00021404630011522577, 'train_loss': 0.000676980576150223, 'mae': 0.17665407, 'elapsed_time': 74.35663223266602}
2021-10-09 10:48:14,821 {'epoch': 142, 'lr': 0.00020779198846368737, 'train_loss': 0.0006679061199109471, 'mae': 0.17323296, 'elapsed_time': 74.61828374862671}
2021-10-09 10:49:29,912 {'epoch': 143, 'lr': 0.0002016110084417765, 'train_loss': 0.0006599062610592884, 'mae': 0.1850713, 'elapsed_time': 75.09089231491089}
2021-10-09 10:50:44,084 {'epoch': 144, 'lr': 0.00019550488511382584, 'train_loss': 0.0006609561503170499, 'mae': 0.17337722, 'elapsed_time': 74.17168712615967}
2021-10-09 10:51:58,610 {'epoch': 145, 'lr': 0.00018947512507439847, 'train_loss': 0.0006488085434956611, 'mae': 0.1714999, 'elapsed_time': 74.52556872367859}
2021-10-09 10:53:13,661 {'epoch': 146, 'lr': 0.00018352321607655904, 'train_loss': 0.0006447030109155249, 'mae': 0.17279942, 'elapsed_time': 74.60509014129639}
2021-10-09 10:54:28,583 {'epoch': 147, 'lr': 0.0001776506266647923, 'train_loss': 0.0006371716761960345, 'mae': 0.16879185, 'elapsed_time': 74.92224526405334}
2021-10-09 10:55:43,632 {'epoch': 148, 'lr': 0.00017185880581266206, 'train_loss': 0.0006253149355480891, 'mae': 0.16905342, 'elapsed_time': 74.60169339179993}
2021-10-09 10:56:58,503 {'epoch': 149, 'lr': 0.000166149182565299, 'train_loss': 0.0006173007134681431, 'mae': 0.16928811, 'elapsed_time': 74.87131094932556}
2021-10-09 10:58:12,932 {'epoch': 150, 'lr': 0.00016052316568680435, 'train_loss': 0.0006127046100854518, 'mae': 0.16838452, 'elapsed_time': 74.42857575416565}
2021-10-09 10:59:27,376 {'epoch': 151, 'lr': 0.00015498214331265893, 'train_loss': 0.0006062237608800115, 'mae': 0.16938353, 'elapsed_time': 73.98283624649048}
2021-10-09 11:00:42,413 {'epoch': 152, 'lr': 0.0001495274826072215, 'train_loss': 0.0005981832377321282, 'mae': 0.16851602, 'elapsed_time': 75.03606176376343}
2021-10-09 11:01:57,181 {'epoch': 153, 'lr': 0.00014416052942640132, 'train_loss': 0.0005934465275379977, 'mae': 0.16783535, 'elapsed_time': 74.76761078834534}
2021-10-09 11:03:12,250 {'epoch': 154, 'lr': 0.0001388826079855881, 'train_loss': 0.0005841614122424124, 'mae': 0.16709156, 'elapsed_time': 74.6292974948883}
2021-10-09 11:04:27,579 {'epoch': 155, 'lr': 0.00013369502053292245, 'train_loss': 0.0005818950531373481, 'mae': 0.16737418, 'elapsed_time': 74.89342069625854}
2021-10-09 11:05:42,328 {'epoch': 156, 'lr': 0.00012859904702798464, 'train_loss': 0.0005748190193741308, 'mae': 0.16780604, 'elapsed_time': 74.74912929534912}
2021-10-09 11:06:56,793 {'epoch': 157, 'lr': 0.00012359594482598432, 'train_loss': 0.0005718686430905733, 'mae': 0.1664026, 'elapsed_time': 74.46477556228638}
2021-10-09 11:08:11,849 {'epoch': 158, 'lr': 0.00011868694836752681, 'train_loss': 0.0005653713745261914, 'mae': 0.16624473, 'elapsed_time': 74.62438631057739}
2021-10-09 11:09:27,136 {'epoch': 159, 'lr': 0.0001138732688740332, 'train_loss': 0.0005629398386661306, 'mae': 0.16554482, 'elapsed_time': 74.79778861999512}
2021-10-09 11:10:42,191 {'epoch': 160, 'lr': 0.00010915609404889012, 'train_loss': 0.0005564867976171596, 'mae': 0.1664098, 'elapsed_time': 74.61630964279175}
2021-10-09 11:11:56,118 {'epoch': 161, 'lr': 0.00010453658778440103, 'train_loss': 0.0005496152045885366, 'mae': 0.16716678, 'elapsed_time': 73.92638921737671}
2021-10-09 11:13:10,574 {'epoch': 162, 'lr': 0.00010001588987461343, 'train_loss': 0.0005465558513436118, 'mae': 0.16563185, 'elapsed_time': 74.45562291145325}
2021-10-09 11:14:25,186 {'epoch': 163, 'lr': 9.559511573409192e-05, 'train_loss': 0.0005401831892960273, 'mae': 0.1672509, 'elapsed_time': 74.61144614219666}
2021-10-09 11:15:39,980 {'epoch': 164, 'lr': 9.12753561227063e-05, 'train_loss': 0.0005374828193674939, 'mae': 0.16630623, 'elapsed_time': 74.79376864433289}
2021-10-09 11:16:54,603 {'epoch': 165, 'lr': 8.705767687650262e-05, 'train_loss': 0.0005322609936745654, 'mae': 0.16468664, 'elapsed_time': 74.62295174598694}
2021-10-09 11:18:09,871 {'epoch': 166, 'lr': 8.294311864472445e-05, 'train_loss': 0.0005289610377170338, 'mae': 0.165262, 'elapsed_time': 74.82596468925476}
2021-10-09 11:19:24,992 {'epoch': 167, 'lr': 7.89326966330478e-05, 'train_loss': 0.000522140024329867, 'mae': 0.16522233, 'elapsed_time': 75.12034368515015}
2021-10-09 11:20:40,041 {'epoch': 168, 'lr': 7.502740035309526e-05, 'train_loss': 0.0005196003978386906, 'mae': 0.16543244, 'elapsed_time': 75.04888319969177}
2021-10-09 11:21:55,078 {'epoch': 169, 'lr': 7.12281933782875e-05, 'train_loss': 0.0005144571649704333, 'mae': 0.16567455, 'elapsed_time': 75.03618741035461}
2021-10-09 11:23:10,356 {'epoch': 170, 'lr': 6.75360131060967e-05, 'train_loss': 0.0005103983727485594, 'mae': 0.16510546, 'elapsed_time': 75.27757334709167}
2021-10-09 11:24:25,111 {'epoch': 171, 'lr': 6.395177052675792e-05, 'train_loss': 0.0005077549501404295, 'mae': 0.165023, 'elapsed_time': 74.75532102584839}
2021-10-09 11:25:39,945 {'epoch': 172, 'lr': 6.047634999849528e-05, 'train_loss': 0.0005049399937755466, 'mae': 0.16440715, 'elapsed_time': 74.8335976600647}
2021-10-09 11:26:55,097 {'epoch': 173, 'lr': 5.711060902932039e-05, 'train_loss': 0.0005009446730078097, 'mae': 0.16535722, 'elapsed_time': 74.71465802192688}
2021-10-09 11:28:09,918 {'epoch': 174, 'lr': 5.385537806545467e-05, 'train_loss': 0.0004975671483101317, 'mae': 0.16428865, 'elapsed_time': 74.82016777992249}
2021-10-09 11:29:25,430 {'epoch': 175, 'lr': 5.0711460286429424e-05, 'train_loss': 0.0004943826371610085, 'mae': 0.16440552, 'elapsed_time': 75.0595395565033}
2021-10-09 11:30:40,487 {'epoch': 176, 'lr': 4.767963140691315e-05, 'train_loss': 0.0004909985048870443, 'mae': 0.16447955, 'elapsed_time': 75.05735635757446}
2021-10-09 11:31:55,378 {'epoch': 177, 'lr': 4.4760639485315563e-05, 'train_loss': 0.00048793258140514116, 'mae': 0.16458593, 'elapsed_time': 74.89072299003601}
2021-10-09 11:33:10,040 {'epoch': 178, 'lr': 4.195520473921563e-05, 'train_loss': 0.0004866111494052718, 'mae': 0.16425504, 'elapsed_time': 74.66089820861816}
2021-10-09 11:34:25,201 {'epoch': 179, 'lr': 3.9264019367658385e-05, 'train_loss': 0.00048290981248890114, 'mae': 0.16399695, 'elapsed_time': 74.72557520866394}
2021-10-09 11:35:40,425 {'epoch': 180, 'lr': 3.6687747380365064e-05, 'train_loss': 0.0004808575234630789, 'mae': 0.1642942, 'elapsed_time': 74.77692604064941}
2021-10-09 11:36:55,275 {'epoch': 181, 'lr': 3.422702443389899e-05, 'train_loss': 0.00047821728932326247, 'mae': 0.16417024, 'elapsed_time': 74.84996223449707}
2021-10-09 11:38:10,267 {'epoch': 182, 'lr': 3.188245767482658e-05, 'train_loss': 0.00047581852694530215, 'mae': 0.16412352, 'elapsed_time': 74.99137139320374}
2021-10-09 11:39:25,375 {'epoch': 183, 'lr': 2.965462558991323e-05, 'train_loss': 0.00047345947334758885, 'mae': 0.16385806, 'elapsed_time': 75.10814356803894}
2021-10-09 11:40:40,726 {'epoch': 184, 'lr': 2.7544077863390004e-05, 'train_loss': 0.00047115272958994387, 'mae': 0.16403404, 'elapsed_time': 74.86517524719238}
2021-10-09 11:41:55,176 {'epoch': 185, 'lr': 2.5551335241327672e-05, 'train_loss': 0.0004697045787176484, 'mae': 0.16396439, 'elapsed_time': 74.449059009552}
2021-10-09 11:43:10,213 {'epoch': 186, 'lr': 2.367688940315011e-05, 'train_loss': 0.0004675399549700433, 'mae': 0.16388804, 'elapsed_time': 75.03672933578491}
2021-10-09 11:44:25,270 {'epoch': 187, 'lr': 2.1921202840320077e-05, 'train_loss': 0.0004664778812480455, 'mae': 0.16371863, 'elapsed_time': 75.05689191818237}
2021-10-09 11:45:40,574 {'epoch': 188, 'lr': 2.0284708742225903e-05, 'train_loss': 0.0004640833324104093, 'mae': 0.16432738, 'elapsed_time': 74.86701035499573}
2021-10-09 11:46:55,392 {'epoch': 189, 'lr': 1.8767810889299086e-05, 'train_loss': 0.0004630230643679718, 'mae': 0.1640022, 'elapsed_time': 74.81747007369995}
2021-10-09 11:48:10,298 {'epoch': 190, 'lr': 1.7370883553386936e-05, 'train_loss': 0.00046189068603675595, 'mae': 0.163831, 'elapsed_time': 74.90611505508423}
2021-10-09 11:49:24,397 {'epoch': 191, 'lr': 1.6094271405406862e-05, 'train_loss': 0.00045997649332480057, 'mae': 0.16377124, 'elapsed_time': 74.09819006919861}
2021-10-09 11:50:39,749 {'epoch': 192, 'lr': 1.4938289430304022e-05, 'train_loss': 0.0004587815880696453, 'mae': 0.16390565, 'elapsed_time': 75.35106778144836}
2021-10-09 11:51:54,873 {'epoch': 193, 'lr': 1.3903222849333509e-05, 'train_loss': 0.00045800440394825064, 'mae': 0.16414875, 'elapsed_time': 75.12406969070435}
2021-10-09 11:53:09,617 {'epoch': 194, 'lr': 1.2989327049686102e-05, 'train_loss': 0.00045666009961640384, 'mae': 0.16386887, 'elapsed_time': 74.74338746070862}
2021-10-09 11:54:24,002 {'epoch': 195, 'lr': 1.2196827521475404e-05, 'train_loss': 0.0004559337955790296, 'mae': 0.16373731, 'elapsed_time': 74.38486814498901}
2021-10-09 11:55:38,949 {'epoch': 196, 'lr': 1.152591980210166e-05, 'train_loss': 0.00045493497489164646, 'mae': 0.16385983, 'elapsed_time': 74.94614624977112}
2021-10-09 11:56:53,778 {'epoch': 197, 'lr': 1.097676942800558e-05, 'train_loss': 0.0004546121423206162, 'mae': 0.1636967, 'elapsed_time': 74.82854914665222}
2021-10-09 11:58:08,913 {'epoch': 198, 'lr': 1.0549511893824899e-05, 'train_loss': 0.0004536553363780497, 'mae': 0.1638639, 'elapsed_time': 74.69650483131409}
2021-10-09 11:59:22,715 {'epoch': 199, 'lr': 1.0244252618962858e-05, 'train_loss': 0.0004531915005200189, 'mae': 0.1638173, 'elapsed_time': 73.80240797996521}
2021-10-09 12:00:36,573 {'epoch': 200, 'lr': 1.006106692157801e-05, 'train_loss': 0.0004526976702736062, 'mae': 0.16380398, 'elapsed_time': 73.85725593566895}
2021-10-09 12:01:15,770 Total CV: 0.16369670629501343
