2021-10-05 16:18:39,626 Fold 0
2021-10-05 16:18:43,330 train run device : cuda:0
2021-10-05 16:20:17,937 {'epoch': 1, 'lr': 0.001, 'train_loss': 0.017792809009552, 'mae': 1.3165041, 'elapsed_time': 75.12102890014648}
2021-10-05 16:21:33,342 {'epoch': 2, 'lr': 0.000999938933078422, 'train_loss': 0.005634270561025821, 'mae': 1.0037608, 'elapsed_time': 74.9695942401886}
2021-10-05 16:22:49,329 {'epoch': 3, 'lr': 0.000999755747381037, 'train_loss': 0.00476813874867201, 'mae': 0.8818607, 'elapsed_time': 75.54239988327026}
2021-10-05 16:24:05,895 {'epoch': 4, 'lr': 0.000999450488106175, 'train_loss': 0.00432306151019966, 'mae': 0.8217105, 'elapsed_time': 76.0985312461853}
2021-10-05 16:25:23,793 {'epoch': 5, 'lr': 0.0009990232305719944, 'train_loss': 0.0038984515785064977, 'mae': 0.7280647, 'elapsed_time': 75.19934439659119}
2021-10-05 16:26:39,468 {'epoch': 6, 'lr': 0.0009984740801978983, 'train_loss': 0.0037022061912605824, 'mae': 0.6428003, 'elapsed_time': 75.22510504722595}
2021-10-05 16:27:56,318 {'epoch': 7, 'lr': 0.0009978031724785245, 'train_loss': 0.003442318511866354, 'mae': 0.6360405, 'elapsed_time': 76.37097311019897}
2021-10-05 16:29:12,832 {'epoch': 8, 'lr': 0.000997010672950314, 'train_loss': 0.003269457264579314, 'mae': 0.6818032, 'elapsed_time': 76.03425717353821}
2021-10-05 16:30:28,933 {'epoch': 9, 'lr': 0.0009960967771506664, 'train_loss': 0.0031564241582546274, 'mae': 0.6029492, 'elapsed_time': 76.09998226165771}
2021-10-05 16:31:45,953 {'epoch': 10, 'lr': 0.0009950617105696957, 'train_loss': 0.0031534245006883278, 'mae': 0.5613381, 'elapsed_time': 76.57002830505371}
2021-10-05 16:33:02,788 {'epoch': 11, 'lr': 0.0009939057285945929, 'train_loss': 0.0029581038638050784, 'mae': 0.6098122, 'elapsed_time': 76.35235905647278}
2021-10-05 16:34:18,648 {'epoch': 12, 'lr': 0.0009926291164466126, 'train_loss': 0.003148457946131133, 'mae': 0.5395027, 'elapsed_time': 75.8602967262268}
2021-10-05 16:35:35,122 {'epoch': 13, 'lr': 0.0009912321891107005, 'train_loss': 0.0030063836828535797, 'mae': 0.5260698, 'elapsed_time': 76.02020263671875}
2021-10-05 16:36:52,142 {'epoch': 14, 'lr': 0.0009897152912577737, 'train_loss': 0.002774909681302969, 'mae': 0.52011454, 'elapsed_time': 76.54008603096008}
2021-10-05 16:38:08,616 {'epoch': 15, 'lr': 0.0009880787971596797, 'train_loss': 0.0027031720815272105, 'mae': 0.45871142, 'elapsed_time': 75.99473786354065}
2021-10-05 16:39:24,477 {'epoch': 16, 'lr': 0.0009863231105968495, 'train_loss': 0.002877254534273293, 'mae': 0.49040818, 'elapsed_time': 75.41270661354065}
2021-10-05 16:40:40,422 {'epoch': 17, 'lr': 0.000984448664758672, 'train_loss': 0.0026877435569813745, 'mae': 0.49981877, 'elapsed_time': 75.9448606967926}
2021-10-05 16:41:56,531 {'epoch': 18, 'lr': 0.0009824559221366096, 'train_loss': 0.0026370815611817806, 'mae': 0.4722144, 'elapsed_time': 76.10871005058289}
2021-10-05 16:43:12,280 {'epoch': 19, 'lr': 0.0009803453744100864, 'train_loss': 0.0025967155498649364, 'mae': 0.51599175, 'elapsed_time': 75.74860382080078}
2021-10-05 16:44:27,711 {'epoch': 20, 'lr': 0.0009781175423251728, 'train_loss': 0.0025925793736244845, 'mae': 0.425052, 'elapsed_time': 75.43038988113403}
2021-10-05 16:45:44,877 {'epoch': 21, 'lr': 0.0009757729755661004, 'train_loss': 0.002627244531970059, 'mae': 0.39864877, 'elapsed_time': 76.7142744064331}
2021-10-05 16:47:01,003 {'epoch': 22, 'lr': 0.0009733122526196342, 'train_loss': 0.002530047907743966, 'mae': 0.4444649, 'elapsed_time': 75.64717102050781}
2021-10-05 16:48:16,498 {'epoch': 23, 'lr': 0.000970735980632341, 'train_loss': 0.0024942494138848158, 'mae': 0.41905168, 'elapsed_time': 75.49460339546204}
2021-10-05 16:49:32,479 {'epoch': 24, 'lr': 0.0009680447952607838, 'train_loss': 0.0025075872319474607, 'mae': 0.55030596, 'elapsed_time': 75.98075437545776}
2021-10-05 16:50:48,632 {'epoch': 25, 'lr': 0.0009652393605146839, 'train_loss': 0.0024376997130449597, 'mae': 0.45623118, 'elapsed_time': 76.15217781066895}
2021-10-05 16:52:04,271 {'epoch': 26, 'lr': 0.0009623203685930864, 'train_loss': 0.002353116752168767, 'mae': 0.60375714, 'elapsed_time': 75.63844513893127}
2021-10-05 16:53:20,050 {'epoch': 27, 'lr': 0.00095928853971357, 'train_loss': 0.002350449629962405, 'mae': 0.3643438, 'elapsed_time': 75.77891564369202}
2021-10-05 16:54:37,486 {'epoch': 28, 'lr': 0.0009561446219345448, 'train_loss': 0.002506545126299893, 'mae': 0.4060454, 'elapsed_time': 76.96395015716553}
2021-10-05 16:55:53,787 {'epoch': 29, 'lr': 0.0009528893909706791, 'train_loss': 0.002253855410358462, 'mae': 0.38749948, 'elapsed_time': 76.30069732666016}
2021-10-05 16:57:09,826 {'epoch': 30, 'lr': 0.0009495236500015041, 'train_loss': 0.0022728600220185704, 'mae': 0.35901874, 'elapsed_time': 76.03904175758362}
2021-10-05 16:58:27,002 {'epoch': 31, 'lr': 0.0009460482294732414, 'train_loss': 0.0023968948042692928, 'mae': 0.450531, 'elapsed_time': 76.71230173110962}
2021-10-05 16:59:43,599 {'epoch': 32, 'lr': 0.0009424639868939027, 'train_loss': 0.0026566306340173036, 'mae': 0.40680727, 'elapsed_time': 76.59573817253113}
2021-10-05 17:00:59,383 {'epoch': 33, 'lr': 0.0009387718066217117, 'train_loss': 0.002304619663525212, 'mae': 0.34040478, 'elapsed_time': 75.78346514701843}
2021-10-05 17:02:15,559 {'epoch': 34, 'lr': 0.000934972599646904, 'train_loss': 0.0021464319974974027, 'mae': 0.32857856, 'elapsed_time': 75.71330952644348}
2021-10-05 17:03:32,469 {'epoch': 35, 'lr': 0.0009310673033669515, 'train_loss': 0.0022343665953895916, 'mae': 0.39084783, 'elapsed_time': 76.45549154281616}
2021-10-05 17:04:48,275 {'epoch': 36, 'lr': 0.0009270568813552751, 'train_loss': 0.002088431701696101, 'mae': 0.341777, 'elapsed_time': 75.80642938613892}
2021-10-05 17:06:04,138 {'epoch': 37, 'lr': 0.0009229423231234969, 'train_loss': 0.0020071993308540524, 'mae': 0.29021505, 'elapsed_time': 75.86241054534912}
2021-10-05 17:07:20,656 {'epoch': 38, 'lr': 0.0009187246438772933, 'train_loss': 0.002162618950167344, 'mae': 0.354784, 'elapsed_time': 76.02479887008667}
2021-10-05 17:08:36,868 {'epoch': 39, 'lr': 0.0009144048842659075, 'train_loss': 0.0022134348969830037, 'mae': 0.3280352, 'elapsed_time': 76.21226263046265}
2021-10-05 17:09:52,708 {'epoch': 40, 'lr': 0.0009099841101253861, 'train_loss': 0.002021897539763043, 'mae': 0.4813181, 'elapsed_time': 75.83891916275024}
2021-10-05 17:11:08,665 {'epoch': 41, 'lr': 0.0009054634122155986, 'train_loss': 0.002122020823887202, 'mae': 0.3147806, 'elapsed_time': 75.95686435699463}
2021-10-05 17:12:25,784 {'epoch': 42, 'lr': 0.0009008439059511095, 'train_loss': 0.002241200409123564, 'mae': 0.32427317, 'elapsed_time': 77.11850595474243}
2021-10-05 17:13:41,556 {'epoch': 43, 'lr': 0.0008961267311259662, 'train_loss': 0.0019763582010214656, 'mae': 0.31241316, 'elapsed_time': 75.77207517623901}
2021-10-05 17:14:57,358 {'epoch': 44, 'lr': 0.0008913130516324728, 'train_loss': 0.0019343033514428092, 'mae': 0.3007813, 'elapsed_time': 75.8009033203125}
2021-10-05 17:16:13,266 {'epoch': 45, 'lr': 0.0008864040551740152, 'train_loss': 0.00210346150810036, 'mae': 0.3324257, 'elapsed_time': 75.90808510780334}
2021-10-05 17:17:29,377 {'epoch': 46, 'lr': 0.000881400952972015, 'train_loss': 0.001958967094057202, 'mae': 0.29833645, 'elapsed_time': 76.11002445220947}
2021-10-05 17:18:45,038 {'epoch': 47, 'lr': 0.0008763049794670771, 'train_loss': 0.0020548441792320464, 'mae': 0.27962515, 'elapsed_time': 75.66064834594727}
2021-10-05 17:20:00,968 {'epoch': 48, 'lr': 0.0008711173920144113, 'train_loss': 0.001940588845647353, 'mae': 0.30814904, 'elapsed_time': 75.46163606643677}
2021-10-05 17:21:17,202 {'epoch': 49, 'lr': 0.0008658394705735983, 'train_loss': 0.0021457392907521834, 'mae': 0.29260343, 'elapsed_time': 76.23314476013184}
2021-10-05 17:22:33,238 {'epoch': 50, 'lr': 0.0008604725173927781, 'train_loss': 0.0019302492130565043, 'mae': 0.28900728, 'elapsed_time': 76.03609108924866}
2021-10-05 17:23:48,849 {'epoch': 51, 'lr': 0.0008550178566873405, 'train_loss': 0.0017577182805206383, 'mae': 0.39999354, 'elapsed_time': 75.60992670059204}
2021-10-05 17:25:04,679 {'epoch': 52, 'lr': 0.0008494768343131951, 'train_loss': 0.0018378182877820401, 'mae': 0.26326177, 'elapsed_time': 75.82972884178162}
2021-10-05 17:26:21,342 {'epoch': 53, 'lr': 0.0008438508174347005, 'train_loss': 0.0017748755308434692, 'mae': 0.2616696, 'elapsed_time': 76.17543172836304}
2021-10-05 17:27:37,330 {'epoch': 54, 'lr': 0.0008381411941873374, 'train_loss': 0.0017960167769527815, 'mae': 0.28327903, 'elapsed_time': 75.52232956886292}
2021-10-05 17:28:52,619 {'epoch': 55, 'lr': 0.0008323493733352073, 'train_loss': 0.0022103861996359666, 'mae': 0.27882028, 'elapsed_time': 75.28807663917542}
2021-10-05 17:30:09,057 {'epoch': 56, 'lr': 0.0008264767839234405, 'train_loss': 0.002088567769343763, 'mae': 0.2920292, 'elapsed_time': 76.43821048736572}
2021-10-05 17:31:24,694 {'epoch': 57, 'lr': 0.000820524874925601, 'train_loss': 0.0018503957089207044, 'mae': 0.27592835, 'elapsed_time': 75.63663744926453}
2021-10-05 17:32:39,961 {'epoch': 58, 'lr': 0.0008144951148861737, 'train_loss': 0.0018347698624873493, 'mae': 0.29626253, 'elapsed_time': 75.266446352005}
2021-10-05 17:33:55,957 {'epoch': 59, 'lr': 0.0008083889915582231, 'train_loss': 0.001707959566401124, 'mae': 0.28950372, 'elapsed_time': 75.99506258964539}
2021-10-05 17:35:11,975 {'epoch': 60, 'lr': 0.0008022080115363123, 'train_loss': 0.0017296517483835745, 'mae': 0.26764846, 'elapsed_time': 76.01785230636597}
2021-10-05 17:36:27,437 {'epoch': 61, 'lr': 0.0007959536998847739, 'train_loss': 0.0017364395539183107, 'mae': 0.27172604, 'elapsed_time': 75.46219825744629}
2021-10-05 17:37:42,876 {'epoch': 62, 'lr': 0.0007896275997614226, 'train_loss': 0.0018370403847092426, 'mae': 0.26559198, 'elapsed_time': 75.43761205673218}
2021-10-05 17:38:58,126 {'epoch': 63, 'lr': 0.0007832312720368044, 'train_loss': 0.001764110228907122, 'mae': 0.26095408, 'elapsed_time': 75.24994206428528}
2021-10-05 17:40:13,900 {'epoch': 64, 'lr': 0.0007767662949090749, 'train_loss': 0.0017791620564922897, 'mae': 0.24887015, 'elapsed_time': 75.32562375068665}
2021-10-05 17:41:29,877 {'epoch': 65, 'lr': 0.000770234263514603, 'train_loss': 0.002391345338554, 'mae': 0.36612716, 'elapsed_time': 75.53832530975342}
2021-10-05 17:42:45,748 {'epoch': 66, 'lr': 0.0007636367895343944, 'train_loss': 0.0021597284631096345, 'mae': 0.2578359, 'elapsed_time': 75.87008333206177}
2021-10-05 17:44:01,488 {'epoch': 67, 'lr': 0.0007569755007964335, 'train_loss': 0.0017284563977723094, 'mae': 0.24147701, 'elapsed_time': 75.74047231674194}
2021-10-05 17:45:17,572 {'epoch': 68, 'lr': 0.0007502520408740415, 'train_loss': 0.001867565933573001, 'mae': 0.28973678, 'elapsed_time': 75.60550594329834}
2021-10-05 17:46:32,950 {'epoch': 69, 'lr': 0.0007434680686803488, 'train_loss': 0.0017983452520025259, 'mae': 0.2626958, 'elapsed_time': 75.37790656089783}
2021-10-05 17:47:48,458 {'epoch': 70, 'lr': 0.0007366252580589837, 'train_loss': 0.001646375133254182, 'mae': 0.31537873, 'elapsed_time': 75.50717282295227}
2021-10-05 17:49:03,734 {'epoch': 71, 'lr': 0.0007297252973710754, 'train_loss': 0.0015520762933592198, 'mae': 0.23255913, 'elapsed_time': 75.27581691741943}
2021-10-05 17:50:19,702 {'epoch': 72, 'lr': 0.0007227698890786777, 'train_loss': 0.0015210803773444248, 'mae': 0.24056686, 'elapsed_time': 75.51965808868408}
2021-10-05 17:51:34,701 {'epoch': 73, 'lr': 0.0007157607493247108, 'train_loss': 0.0015309450731935527, 'mae': 0.2747392, 'elapsed_time': 74.9993155002594}
2021-10-05 17:52:49,710 {'epoch': 74, 'lr': 0.0007086996075095287, 'train_loss': 0.0014937423260955325, 'mae': 0.26071295, 'elapsed_time': 75.00875926017761}
2021-10-05 17:54:04,827 {'epoch': 75, 'lr': 0.0007015882058642161, 'train_loss': 0.001467360902980039, 'mae': 0.2538877, 'elapsed_time': 75.11577606201172}
2021-10-05 17:55:19,707 {'epoch': 76, 'lr': 0.0006944282990207193, 'train_loss': 0.00176930845060279, 'mae': 0.3022598, 'elapsed_time': 74.87960147857666}
2021-10-05 17:56:34,767 {'epoch': 77, 'lr': 0.0006872216535789155, 'train_loss': 0.001631783440491867, 'mae': 0.24335301, 'elapsed_time': 75.05980443954468}
2021-10-05 17:57:49,703 {'epoch': 78, 'lr': 0.0006799700476707321, 'train_loss': 0.001521194552678079, 'mae': 0.24757294, 'elapsed_time': 74.93569087982178}
2021-10-05 17:59:04,941 {'epoch': 79, 'lr': 0.0006726752705214191, 'train_loss': 0.0014962826933862358, 'mae': 0.2550057, 'elapsed_time': 75.2378282546997}
2021-10-05 18:00:20,306 {'epoch': 80, 'lr': 0.0006653391220080838, 'train_loss': 0.0014672480064405362, 'mae': 0.22576919, 'elapsed_time': 75.3642783164978}
2021-10-05 18:01:36,148 {'epoch': 81, 'lr': 0.0006579634122155988, 'train_loss': 0.0013999865527991194, 'mae': 0.23207618, 'elapsed_time': 75.39894533157349}
2021-10-05 18:02:51,100 {'epoch': 82, 'lr': 0.0006505499609899903, 'train_loss': 0.0014904000951289499, 'mae': 0.24092112, 'elapsed_time': 74.95151710510254}
2021-10-05 18:04:06,108 {'epoch': 83, 'lr': 0.0006431005974894184, 'train_loss': 0.001323284359859899, 'mae': 0.2281555, 'elapsed_time': 75.00796842575073}
2021-10-05 18:05:21,360 {'epoch': 84, 'lr': 0.0006356171597328593, 'train_loss': 0.0013893029164347608, 'mae': 0.21855383, 'elapsed_time': 75.25115060806274}
2021-10-05 18:06:36,948 {'epoch': 85, 'lr': 0.0006281014941466028, 'train_loss': 0.0013862576167795973, 'mae': 0.23108377, 'elapsed_time': 75.13904404640198}
2021-10-05 18:07:52,418 {'epoch': 86, 'lr': 0.000620555455108673, 'train_loss': 0.001401725485229666, 'mae': 0.22389291, 'elapsed_time': 75.46942830085754}
2021-10-05 18:09:08,322 {'epoch': 87, 'lr': 0.0006129809044912885, 'train_loss': 0.001253634906757186, 'mae': 0.21603294, 'elapsed_time': 75.9036238193512}
2021-10-05 18:10:24,140 {'epoch': 88, 'lr': 0.0006053797112014735, 'train_loss': 0.0012588085119123091, 'mae': 0.21245973, 'elapsed_time': 75.36215782165527}
2021-10-05 18:11:39,935 {'epoch': 89, 'lr': 0.0005977537507199336, 'train_loss': 0.0012609749975644492, 'mae': 0.22082904, 'elapsed_time': 75.31301403045654}
2021-10-05 18:12:55,229 {'epoch': 90, 'lr': 0.0005901049046383074, 'train_loss': 0.0013335610659036359, 'mae': 0.21899733, 'elapsed_time': 75.29337072372437}
2021-10-05 18:14:10,703 {'epoch': 91, 'lr': 0.0005824350601949141, 'train_loss': 0.0013355437471149298, 'mae': 0.24953116, 'elapsed_time': 75.47351145744324}
2021-10-05 18:15:26,402 {'epoch': 92, 'lr': 0.0005747461098091033, 'train_loss': 0.0012365528445930335, 'mae': 0.20485587, 'elapsed_time': 75.69872331619263}
2021-10-05 18:16:42,518 {'epoch': 93, 'lr': 0.0005670399506143305, 'train_loss': 0.0011800455836723624, 'mae': 0.2107499, 'elapsed_time': 75.61288666725159}
2021-10-05 18:17:58,247 {'epoch': 94, 'lr': 0.0005593184839900673, 'train_loss': 0.001236449192895883, 'mae': 0.21302578, 'elapsed_time': 75.72841906547546}
2021-10-05 18:19:13,503 {'epoch': 95, 'lr': 0.0005515836150926644, 'train_loss': 0.0011525352835418216, 'mae': 0.2132619, 'elapsed_time': 75.25556015968323}
2021-10-05 18:20:28,809 {'epoch': 96, 'lr': 0.0005438372523852832, 'train_loss': 0.0011288486393952386, 'mae': 0.21156976, 'elapsed_time': 75.30557155609131}
2021-10-05 18:21:44,358 {'epoch': 97, 'lr': 0.00053608130716701, 'train_loss': 0.001105580770091516, 'mae': 0.21242441, 'elapsed_time': 75.54914832115173}
2021-10-05 18:22:59,794 {'epoch': 98, 'lr': 0.0005283176931012729, 'train_loss': 0.001090629991437719, 'mae': 0.21628575, 'elapsed_time': 75.43479561805725}
2021-10-05 18:24:15,285 {'epoch': 99, 'lr': 0.0005205483257436734, 'train_loss': 0.0012232228285325056, 'mae': 0.21180297, 'elapsed_time': 75.49056458473206}
2021-10-05 18:25:30,482 {'epoch': 100, 'lr': 0.0005127751220693511, 'train_loss': 0.0011293805387633932, 'mae': 0.21428432, 'elapsed_time': 75.19658780097961}
2021-10-05 18:26:46,208 {'epoch': 101, 'lr': 0.0005049999999999998, 'train_loss': 0.0011038505592592667, 'mae': 0.21532261, 'elapsed_time': 75.72625875473022}
2021-10-05 18:28:01,477 {'epoch': 102, 'lr': 0.0004972248779306486, 'train_loss': 0.001209992565698502, 'mae': 0.20498529, 'elapsed_time': 75.26786017417908}
2021-10-05 18:29:16,850 {'epoch': 103, 'lr': 0.0004894516742563262, 'train_loss': 0.0010327408379073408, 'mae': 0.20045571, 'elapsed_time': 75.37269926071167}
2021-10-05 18:30:33,026 {'epoch': 104, 'lr': 0.00048168230689872663, 'train_loss': 0.0010777223154142094, 'mae': 0.21192506, 'elapsed_time': 75.71491718292236}
2021-10-05 18:31:48,609 {'epoch': 105, 'lr': 0.0004739186928329896, 'train_loss': 0.0010389639163418192, 'mae': 0.20299222, 'elapsed_time': 75.5824625492096}
2021-10-05 18:33:04,265 {'epoch': 106, 'lr': 0.00046616274761471655, 'train_loss': 0.001018780679858584, 'mae': 0.20467462, 'elapsed_time': 75.65629172325134}
2021-10-05 18:34:19,719 {'epoch': 107, 'lr': 0.0004584163849073352, 'train_loss': 0.0009983961912942217, 'mae': 0.19901887, 'elapsed_time': 75.45323514938354}
2021-10-05 18:35:35,722 {'epoch': 108, 'lr': 0.0004506815160099324, 'train_loss': 0.0010277243128640119, 'mae': 0.20099886, 'elapsed_time': 75.54614400863647}
2021-10-05 18:36:51,011 {'epoch': 109, 'lr': 0.0004429600493856693, 'train_loss': 0.0010652324599519402, 'mae': 0.27628413, 'elapsed_time': 75.28948593139648}
2021-10-05 18:38:06,352 {'epoch': 110, 'lr': 0.00043525389019089656, 'train_loss': 0.0010732313645219788, 'mae': 0.20180966, 'elapsed_time': 75.33998656272888}
2021-10-05 18:39:21,472 {'epoch': 111, 'lr': 0.0004275649398050856, 'train_loss': 0.0009569416347227008, 'mae': 0.1974791, 'elapsed_time': 75.11936640739441}
2021-10-05 18:40:37,315 {'epoch': 112, 'lr': 0.0004198950953616921, 'train_loss': 0.0009314557244893808, 'mae': 0.20101945, 'elapsed_time': 75.36667919158936}
2021-10-05 18:41:52,394 {'epoch': 113, 'lr': 0.0004122462492800662, 'train_loss': 0.0009201371842332436, 'mae': 0.19555402, 'elapsed_time': 75.0781192779541}
2021-10-05 18:43:08,258 {'epoch': 114, 'lr': 0.0004046202887985263, 'train_loss': 0.0009328126819709265, 'mae': 0.19834319, 'elapsed_time': 75.41460156440735}
2021-10-05 18:44:23,475 {'epoch': 115, 'lr': 0.0003970190955087115, 'train_loss': 0.0009241006816654035, 'mae': 0.20117216, 'elapsed_time': 75.21622085571289}
2021-10-05 18:45:38,500 {'epoch': 116, 'lr': 0.0003894445448913267, 'train_loss': 0.0009450153722332122, 'mae': 0.19931628, 'elapsed_time': 75.02459287643433}
2021-10-05 18:46:53,668 {'epoch': 117, 'lr': 0.00038189850585339675, 'train_loss': 0.000897320580895252, 'mae': 0.19018051, 'elapsed_time': 75.16819834709167}
2021-10-05 18:48:09,290 {'epoch': 118, 'lr': 0.0003743828402671403, 'train_loss': 0.0008934655455740341, 'mae': 0.19635917, 'elapsed_time': 75.17409944534302}
2021-10-05 18:49:24,344 {'epoch': 119, 'lr': 0.0003668994025105814, 'train_loss': 0.0009073985839290995, 'mae': 0.1978564, 'elapsed_time': 75.05388402938843}
2021-10-05 18:50:39,347 {'epoch': 120, 'lr': 0.00035945003901000945, 'train_loss': 0.0008773062500369477, 'mae': 0.19292828, 'elapsed_time': 75.00208687782288}
2021-10-05 18:51:54,546 {'epoch': 121, 'lr': 0.00035203658778440103, 'train_loss': 0.0008823678671395328, 'mae': 0.19113192, 'elapsed_time': 75.19852614402771}
2021-10-05 18:53:09,828 {'epoch': 122, 'lr': 0.0003446608779919159, 'train_loss': 0.0008528006232835506, 'mae': 0.19282302, 'elapsed_time': 75.2818078994751}
2021-10-05 18:54:25,012 {'epoch': 123, 'lr': 0.00033732472947858063, 'train_loss': 0.0008460298579277543, 'mae': 0.19042306, 'elapsed_time': 75.1835458278656}
2021-10-05 18:55:40,071 {'epoch': 124, 'lr': 0.00033002995232926766, 'train_loss': 0.0008367043987133789, 'mae': 0.18824087, 'elapsed_time': 75.05862164497375}
2021-10-05 18:56:55,757 {'epoch': 125, 'lr': 0.0003227783464210844, 'train_loss': 0.0008362963858614148, 'mae': 0.18927148, 'elapsed_time': 75.23716282844543}
2021-10-05 18:58:10,717 {'epoch': 126, 'lr': 0.00031557170097928054, 'train_loss': 0.0008299835544694252, 'mae': 0.19195037, 'elapsed_time': 74.95911598205566}
2021-10-05 18:59:25,882 {'epoch': 127, 'lr': 0.0003084117941357834, 'train_loss': 0.0008169080825081877, 'mae': 0.189963, 'elapsed_time': 75.16465282440186}
2021-10-05 19:00:41,205 {'epoch': 128, 'lr': 0.00030130039249047106, 'train_loss': 0.0008095380036077647, 'mae': 0.18821254, 'elapsed_time': 75.32252788543701}
2021-10-05 19:01:56,958 {'epoch': 129, 'lr': 0.00029423925067528897, 'train_loss': 0.0007956677850279056, 'mae': 0.1886526, 'elapsed_time': 75.30675148963928}
2021-10-05 19:03:12,331 {'epoch': 130, 'lr': 0.0002872301109213219, 'train_loss': 0.0007948836654849286, 'mae': 0.19027187, 'elapsed_time': 75.37167406082153}
2021-10-05 19:04:27,928 {'epoch': 131, 'lr': 0.0002802747026289243, 'train_loss': 0.0007893175002733077, 'mae': 0.19436048, 'elapsed_time': 75.59708166122437}
2021-10-05 19:05:43,558 {'epoch': 132, 'lr': 0.00027337474194101617, 'train_loss': 0.0007827669783261456, 'mae': 0.18728739, 'elapsed_time': 75.6296272277832}
2021-10-05 19:06:59,547 {'epoch': 133, 'lr': 0.00026653193131965077, 'train_loss': 0.0007668969858958675, 'mae': 0.18406324, 'elapsed_time': 75.500319480896}
2021-10-05 19:08:15,627 {'epoch': 134, 'lr': 0.00025974795912595813, 'train_loss': 0.0007662609391126749, 'mae': 0.18766282, 'elapsed_time': 75.60643649101257}
2021-10-05 19:09:31,044 {'epoch': 135, 'lr': 0.0002530244992035661, 'train_loss': 0.0007550577380656801, 'mae': 0.18515353, 'elapsed_time': 75.41680383682251}
2021-10-05 19:10:47,046 {'epoch': 136, 'lr': 0.00024636321046560527, 'train_loss': 0.0007510020051366293, 'mae': 0.1883047, 'elapsed_time': 76.00123763084412}
2021-10-05 19:12:03,037 {'epoch': 137, 'lr': 0.00023976573648539645, 'train_loss': 0.0007398354284578874, 'mae': 0.1826268, 'elapsed_time': 75.99053120613098}
2021-10-05 19:13:19,463 {'epoch': 138, 'lr': 0.00023323370509092462, 'train_loss': 0.0007388993821213623, 'mae': 0.18912432, 'elapsed_time': 75.96026754379272}
2021-10-05 19:14:35,192 {'epoch': 139, 'lr': 0.00022676872796319523, 'train_loss': 0.000731056033231866, 'mae': 0.18396956, 'elapsed_time': 75.72895884513855}
2021-10-05 19:15:50,881 {'epoch': 140, 'lr': 0.00022037240023857702, 'train_loss': 0.0007192370431797642, 'mae': 0.18354136, 'elapsed_time': 75.68909335136414}
2021-10-05 19:17:06,697 {'epoch': 141, 'lr': 0.00021404630011522577, 'train_loss': 0.0007184156780165106, 'mae': 0.18440187, 'elapsed_time': 75.81535077095032}
2021-10-05 19:18:22,486 {'epoch': 142, 'lr': 0.00020779198846368737, 'train_loss': 0.000712824889845687, 'mae': 0.18315555, 'elapsed_time': 75.78868651390076}
2021-10-05 19:19:37,898 {'epoch': 143, 'lr': 0.0002016110084417765, 'train_loss': 0.0007021095490143582, 'mae': 0.18505146, 'elapsed_time': 75.41117763519287}
2021-10-05 19:20:52,952 {'epoch': 144, 'lr': 0.00019550488511382584, 'train_loss': 0.0007016859900495167, 'mae': 0.18637633, 'elapsed_time': 75.05316257476807}
2021-10-05 19:22:08,013 {'epoch': 145, 'lr': 0.00018947512507439847, 'train_loss': 0.0006957813366664965, 'mae': 0.18056908, 'elapsed_time': 75.06047773361206}
2021-10-05 19:23:23,127 {'epoch': 146, 'lr': 0.00018352321607655904, 'train_loss': 0.0006900538030624231, 'mae': 0.18461773, 'elapsed_time': 74.6607415676117}
2021-10-05 19:24:38,146 {'epoch': 147, 'lr': 0.0001776506266647923, 'train_loss': 0.0006844963320463679, 'mae': 0.18420218, 'elapsed_time': 75.01929712295532}
2021-10-05 19:25:53,481 {'epoch': 148, 'lr': 0.00017185880581266206, 'train_loss': 0.00067582060086107, 'mae': 0.18422006, 'elapsed_time': 75.33476686477661}
2021-10-05 19:27:08,465 {'epoch': 149, 'lr': 0.000166149182565299, 'train_loss': 0.0006676028051208075, 'mae': 0.18057315, 'elapsed_time': 74.98324918746948}
2021-10-05 19:28:23,681 {'epoch': 150, 'lr': 0.00016052316568680435, 'train_loss': 0.0006668027020087299, 'mae': 0.1819511, 'elapsed_time': 75.21523451805115}
2021-10-05 19:29:38,660 {'epoch': 151, 'lr': 0.00015498214331265893, 'train_loss': 0.0006625670392863635, 'mae': 0.17914459, 'elapsed_time': 74.97871494293213}
2021-10-05 19:30:54,553 {'epoch': 152, 'lr': 0.0001495274826072215, 'train_loss': 0.000656634095545199, 'mae': 0.17985804, 'elapsed_time': 75.43954062461853}
2021-10-05 19:32:09,844 {'epoch': 153, 'lr': 0.00014416052942640132, 'train_loss': 0.0006516336273917937, 'mae': 0.18087716, 'elapsed_time': 75.29056668281555}
2021-10-05 19:33:25,076 {'epoch': 154, 'lr': 0.0001388826079855881, 'train_loss': 0.0006484345473087411, 'mae': 0.1801691, 'elapsed_time': 75.23113441467285}
2021-10-05 19:34:40,123 {'epoch': 155, 'lr': 0.00013369502053292245, 'train_loss': 0.000642788717788604, 'mae': 0.17896265, 'elapsed_time': 75.04660677909851}
2021-10-05 19:35:55,386 {'epoch': 156, 'lr': 0.00012859904702798464, 'train_loss': 0.0006379044926407481, 'mae': 0.17898986, 'elapsed_time': 74.81416416168213}
2021-10-05 19:37:10,502 {'epoch': 157, 'lr': 0.00012359594482598432, 'train_loss': 0.0006320755173328146, 'mae': 0.17913364, 'elapsed_time': 75.11540150642395}
2021-10-05 19:38:25,669 {'epoch': 158, 'lr': 0.00011868694836752681, 'train_loss': 0.0006328176563843897, 'mae': 0.17854069, 'elapsed_time': 75.16673874855042}
2021-10-05 19:39:41,315 {'epoch': 159, 'lr': 0.0001138732688740332, 'train_loss': 0.0006266254568787266, 'mae': 0.17970955, 'elapsed_time': 75.18048048019409}
2021-10-05 19:40:56,234 {'epoch': 160, 'lr': 0.00010915609404889012, 'train_loss': 0.000621137195535256, 'mae': 0.17878827, 'elapsed_time': 74.91812539100647}
2021-10-05 19:42:11,070 {'epoch': 161, 'lr': 0.00010453658778440103, 'train_loss': 0.000618237117274539, 'mae': 0.17793795, 'elapsed_time': 74.8357424736023}
2021-10-05 19:43:26,510 {'epoch': 162, 'lr': 0.00010001588987461343, 'train_loss': 0.0006133148704659789, 'mae': 0.17757438, 'elapsed_time': 74.99950075149536}
2021-10-05 19:44:42,372 {'epoch': 163, 'lr': 9.559511573409192e-05, 'train_loss': 0.0006103782955929884, 'mae': 0.17938186, 'elapsed_time': 75.41202354431152}
2021-10-05 19:45:57,414 {'epoch': 164, 'lr': 9.12753561227063e-05, 'train_loss': 0.0006076029203758088, 'mae': 0.17716125, 'elapsed_time': 75.04198002815247}
2021-10-05 19:47:13,013 {'epoch': 165, 'lr': 8.705767687650262e-05, 'train_loss': 0.00060626851126917, 'mae': 0.17836902, 'elapsed_time': 75.15561318397522}
2021-10-05 19:48:28,077 {'epoch': 166, 'lr': 8.294311864472445e-05, 'train_loss': 0.0006010849321368437, 'mae': 0.17793714, 'elapsed_time': 75.0634503364563}
2021-10-05 19:49:43,377 {'epoch': 167, 'lr': 7.89326966330478e-05, 'train_loss': 0.0006000053686829811, 'mae': 0.17785883, 'elapsed_time': 75.2995548248291}
2021-10-05 19:50:58,447 {'epoch': 168, 'lr': 7.502740035309526e-05, 'train_loss': 0.0005940059017244359, 'mae': 0.1753575, 'elapsed_time': 75.06944036483765}
2021-10-05 19:52:14,197 {'epoch': 169, 'lr': 7.12281933782875e-05, 'train_loss': 0.0005918914664504621, 'mae': 0.17733358, 'elapsed_time': 75.30789709091187}
2021-10-05 19:53:29,169 {'epoch': 170, 'lr': 6.75360131060967e-05, 'train_loss': 0.0005923550645095611, 'mae': 0.17808788, 'elapsed_time': 74.9715313911438}
2021-10-05 19:54:44,415 {'epoch': 171, 'lr': 6.395177052675792e-05, 'train_loss': 0.0005866287713111277, 'mae': 0.17604877, 'elapsed_time': 75.24517917633057}
2021-10-05 19:55:59,414 {'epoch': 172, 'lr': 6.047634999849528e-05, 'train_loss': 0.0005841189620163442, 'mae': 0.17680673, 'elapsed_time': 74.99853563308716}
2021-10-05 19:57:14,480 {'epoch': 173, 'lr': 5.711060902932039e-05, 'train_loss': 0.0005815832780006313, 'mae': 0.17603171, 'elapsed_time': 75.06529641151428}
2021-10-05 19:58:29,322 {'epoch': 174, 'lr': 5.385537806545467e-05, 'train_loss': 0.0005791593858980832, 'mae': 0.17698754, 'elapsed_time': 74.841956615448}
2021-10-05 19:59:44,701 {'epoch': 175, 'lr': 5.0711460286429424e-05, 'train_loss': 0.0005763723626683452, 'mae': 0.17750818, 'elapsed_time': 75.37849855422974}
2021-10-05 20:00:59,660 {'epoch': 176, 'lr': 4.767963140691315e-05, 'train_loss': 0.0005753575739647633, 'mae': 0.17698888, 'elapsed_time': 74.95893120765686}
2021-10-05 20:02:14,538 {'epoch': 177, 'lr': 4.4760639485315563e-05, 'train_loss': 0.0005719306094311499, 'mae': 0.17602654, 'elapsed_time': 74.87756156921387}
2021-10-05 20:03:29,419 {'epoch': 178, 'lr': 4.195520473921563e-05, 'train_loss': 0.0005704843131806813, 'mae': 0.17590293, 'elapsed_time': 74.88057017326355}
2021-10-05 20:04:44,616 {'epoch': 179, 'lr': 3.9264019367658385e-05, 'train_loss': 0.000568796880049489, 'mae': 0.17625688, 'elapsed_time': 75.19627857208252}
2021-10-05 20:05:59,660 {'epoch': 180, 'lr': 3.6687747380365064e-05, 'train_loss': 0.0005672561631811384, 'mae': 0.17689008, 'elapsed_time': 75.04375195503235}
2021-10-05 20:07:14,837 {'epoch': 181, 'lr': 3.422702443389899e-05, 'train_loss': 0.0005652773869825641, 'mae': 0.17556103, 'elapsed_time': 75.17601680755615}
2021-10-05 20:08:29,853 {'epoch': 182, 'lr': 3.188245767482658e-05, 'train_loss': 0.0005628603588323114, 'mae': 0.17600353, 'elapsed_time': 75.0157253742218}
2021-10-05 20:09:44,736 {'epoch': 183, 'lr': 2.965462558991323e-05, 'train_loss': 0.0005625682542282, 'mae': 0.17588042, 'elapsed_time': 74.88316345214844}
2021-10-05 20:10:59,860 {'epoch': 184, 'lr': 2.7544077863390004e-05, 'train_loss': 0.0005606320192278261, 'mae': 0.17558189, 'elapsed_time': 75.12320709228516}
2021-10-05 20:12:14,924 {'epoch': 185, 'lr': 2.5551335241327672e-05, 'train_loss': 0.0005591860211980785, 'mae': 0.17548132, 'elapsed_time': 75.0631275177002}
2021-10-05 20:13:30,114 {'epoch': 186, 'lr': 2.367688940315011e-05, 'train_loss': 0.0005586041952869092, 'mae': 0.17570572, 'elapsed_time': 75.18973636627197}
2021-10-05 20:14:45,178 {'epoch': 187, 'lr': 2.1921202840320077e-05, 'train_loss': 0.0005578218039058549, 'mae': 0.17658931, 'elapsed_time': 75.06439232826233}
2021-10-05 20:16:00,232 {'epoch': 188, 'lr': 2.0284708742225903e-05, 'train_loss': 0.0005559789833987367, 'mae': 0.17499238, 'elapsed_time': 75.05314993858337}
2021-10-05 20:17:15,909 {'epoch': 189, 'lr': 1.8767810889299086e-05, 'train_loss': 0.0005547270687350064, 'mae': 0.17568962, 'elapsed_time': 75.24399709701538}
2021-10-05 20:18:31,900 {'epoch': 190, 'lr': 1.7370883553386936e-05, 'train_loss': 0.0005543843827613385, 'mae': 0.17535909, 'elapsed_time': 75.99080157279968}
2021-10-05 20:19:47,597 {'epoch': 191, 'lr': 1.6094271405406862e-05, 'train_loss': 0.0005528978444882739, 'mae': 0.1753865, 'elapsed_time': 75.69660639762878}
2021-10-05 20:21:03,781 {'epoch': 192, 'lr': 1.4938289430304022e-05, 'train_loss': 0.0005526581940205979, 'mae': 0.17585514, 'elapsed_time': 76.18325996398926}
2021-10-05 20:22:20,023 {'epoch': 193, 'lr': 1.3903222849333509e-05, 'train_loss': 0.0005514155868428523, 'mae': 0.17513806, 'elapsed_time': 76.24142789840698}
2021-10-05 20:23:36,030 {'epoch': 194, 'lr': 1.2989327049686102e-05, 'train_loss': 0.0005511465861361457, 'mae': 0.17569026, 'elapsed_time': 76.00701808929443}
2021-10-05 20:24:52,104 {'epoch': 195, 'lr': 1.2196827521475404e-05, 'train_loss': 0.0005507260348679926, 'mae': 0.17555588, 'elapsed_time': 76.07338285446167}
2021-10-05 20:26:08,048 {'epoch': 196, 'lr': 1.152591980210166e-05, 'train_loss': 0.0005501188963004854, 'mae': 0.17582527, 'elapsed_time': 75.94301104545593}
2021-10-05 20:27:23,755 {'epoch': 197, 'lr': 1.097676942800558e-05, 'train_loss': 0.0005481638957982707, 'mae': 0.17528892, 'elapsed_time': 75.70660448074341}
2021-10-05 20:28:39,233 {'epoch': 198, 'lr': 1.0549511893824899e-05, 'train_loss': 0.00054866146120984, 'mae': 0.1751387, 'elapsed_time': 75.47782897949219}
2021-10-05 20:29:54,534 {'epoch': 199, 'lr': 1.0244252618962858e-05, 'train_loss': 0.0005475991235822538, 'mae': 0.17569913, 'elapsed_time': 75.30099081993103}
2021-10-05 20:31:09,867 {'epoch': 200, 'lr': 1.006106692157801e-05, 'train_loss': 0.0005483853525801199, 'mae': 0.17608266, 'elapsed_time': 75.33195900917053}
2021-10-05 20:31:48,363 Total CV: 0.1749923825263977
