2021-10-07 17:23:40,488 Fold 0
2021-10-07 17:23:44,131 train run device : cuda:0
2021-10-07 17:25:18,728 {'epoch': 1, 'lr': 0.001, 'train_loss': 0.01249110551860808, 'mae': 1.2466443, 'elapsed_time': 72.7970712184906}
2021-10-07 17:26:32,816 {'epoch': 2, 'lr': 0.000999938933078422, 'train_loss': 0.005233455046942251, 'mae': 0.9911596, 'elapsed_time': 73.67937660217285}
2021-10-07 17:27:47,122 {'epoch': 3, 'lr': 0.000999755747381037, 'train_loss': 0.004535708266864003, 'mae': 0.8618039, 'elapsed_time': 73.85491728782654}
2021-10-07 17:29:01,993 {'epoch': 4, 'lr': 0.000999450488106175, 'train_loss': 0.003955118155206885, 'mae': 0.6838011, 'elapsed_time': 74.41802668571472}
2021-10-07 17:30:16,903 {'epoch': 5, 'lr': 0.0009990232305719944, 'train_loss': 0.0035957315105962155, 'mae': 0.7368793, 'elapsed_time': 74.45348715782166}
2021-10-07 17:31:31,302 {'epoch': 6, 'lr': 0.0009984740801978983, 'train_loss': 0.003437885048572712, 'mae': 0.64783174, 'elapsed_time': 74.3981523513794}
2021-10-07 17:32:46,088 {'epoch': 7, 'lr': 0.0009978031724785245, 'train_loss': 0.0031608378649192427, 'mae': 0.6118781, 'elapsed_time': 74.34310913085938}
2021-10-07 17:34:01,080 {'epoch': 8, 'lr': 0.000997010672950314, 'train_loss': 0.003023220520192539, 'mae': 0.5469082, 'elapsed_time': 74.53612017631531}
2021-10-07 17:35:15,952 {'epoch': 9, 'lr': 0.0009960967771506664, 'train_loss': 0.002854815721413092, 'mae': 0.51170987, 'elapsed_time': 74.38495326042175}
2021-10-07 17:36:30,842 {'epoch': 10, 'lr': 0.0009950617105696957, 'train_loss': 0.00292503162329761, 'mae': 0.75040495, 'elapsed_time': 74.43622636795044}
2021-10-07 17:37:44,870 {'epoch': 11, 'lr': 0.0009939057285945929, 'train_loss': 0.002758602319054449, 'mae': 0.47081652, 'elapsed_time': 74.02725076675415}
2021-10-07 17:38:59,184 {'epoch': 12, 'lr': 0.0009926291164466126, 'train_loss': 0.002663747270605752, 'mae': 0.44340652, 'elapsed_time': 73.83656883239746}
2021-10-07 17:40:13,673 {'epoch': 13, 'lr': 0.0009912321891107005, 'train_loss': 0.0026975835614879056, 'mae': 0.4506444, 'elapsed_time': 74.02541065216064}
2021-10-07 17:41:27,909 {'epoch': 14, 'lr': 0.0009897152912577737, 'train_loss': 0.0025295668530337773, 'mae': 0.45461765, 'elapsed_time': 74.2354850769043}
2021-10-07 17:42:42,099 {'epoch': 15, 'lr': 0.0009880787971596797, 'train_loss': 0.0024139835951618996, 'mae': 0.40829605, 'elapsed_time': 74.18947768211365}
2021-10-07 17:43:56,927 {'epoch': 16, 'lr': 0.0009863231105968495, 'train_loss': 0.0024694953118731757, 'mae': 0.40442264, 'elapsed_time': 74.35896968841553}
2021-10-07 17:45:11,693 {'epoch': 17, 'lr': 0.000984448664758672, 'train_loss': 0.002521053491304693, 'mae': 0.45075482, 'elapsed_time': 74.31064867973328}
2021-10-07 17:46:26,267 {'epoch': 18, 'lr': 0.0009824559221366096, 'train_loss': 0.0023340219845334924, 'mae': 0.41641137, 'elapsed_time': 74.57393622398376}
2021-10-07 17:47:40,746 {'epoch': 19, 'lr': 0.0009803453744100864, 'train_loss': 0.0024538042173135196, 'mae': 0.97048086, 'elapsed_time': 74.47814536094666}
2021-10-07 17:48:55,293 {'epoch': 20, 'lr': 0.0009781175423251728, 'train_loss': 0.002425719104889926, 'mae': 0.4331092, 'elapsed_time': 74.54702591896057}
2021-10-07 17:50:09,955 {'epoch': 21, 'lr': 0.0009757729755661004, 'train_loss': 0.0023719115853013386, 'mae': 0.35840183, 'elapsed_time': 74.66145730018616}
2021-10-07 17:51:24,553 {'epoch': 22, 'lr': 0.0009733122526196342, 'train_loss': 0.0022355709012629892, 'mae': 0.3781868, 'elapsed_time': 74.14598155021667}
2021-10-07 17:52:38,501 {'epoch': 23, 'lr': 0.000970735980632341, 'train_loss': 0.002243267485070813, 'mae': 0.3738704, 'elapsed_time': 73.94762206077576}
2021-10-07 17:53:52,382 {'epoch': 24, 'lr': 0.0009680447952607838, 'train_loss': 0.002205206773251868, 'mae': 0.35982895, 'elapsed_time': 73.88072490692139}
2021-10-07 17:55:06,478 {'epoch': 25, 'lr': 0.0009652393605146839, 'train_loss': 0.002111647718736002, 'mae': 0.39739096, 'elapsed_time': 74.09600281715393}
2021-10-07 17:56:20,324 {'epoch': 26, 'lr': 0.0009623203685930864, 'train_loss': 0.002211393192756089, 'mae': 0.34943274, 'elapsed_time': 73.84522008895874}
2021-10-07 17:57:34,717 {'epoch': 27, 'lr': 0.00095928853971357, 'train_loss': 0.0020626359702519345, 'mae': 0.3929448, 'elapsed_time': 73.91584944725037}
2021-10-07 17:58:48,745 {'epoch': 28, 'lr': 0.0009561446219345448, 'train_loss': 0.0020997176891115027, 'mae': 0.40817273, 'elapsed_time': 74.02765607833862}
2021-10-07 18:00:02,662 {'epoch': 29, 'lr': 0.0009528893909706791, 'train_loss': 0.0022996432383065196, 'mae': 0.3847947, 'elapsed_time': 73.91623139381409}
2021-10-07 18:01:16,696 {'epoch': 30, 'lr': 0.0009495236500015041, 'train_loss': 0.0024675747926480884, 'mae': 0.41248664, 'elapsed_time': 74.0336229801178}
2021-10-07 18:02:30,516 {'epoch': 31, 'lr': 0.0009460482294732414, 'train_loss': 0.002095015636584157, 'mae': 0.3627998, 'elapsed_time': 73.81958961486816}
2021-10-07 18:03:44,331 {'epoch': 32, 'lr': 0.0009424639868939027, 'train_loss': 0.0019389532358343037, 'mae': 0.31253085, 'elapsed_time': 73.81427383422852}
2021-10-07 18:04:58,657 {'epoch': 33, 'lr': 0.0009387718066217117, 'train_loss': 0.0021558649144261936, 'mae': 0.3045737, 'elapsed_time': 73.86532139778137}
2021-10-07 18:06:13,539 {'epoch': 34, 'lr': 0.000934972599646904, 'train_loss': 0.001948804779853388, 'mae': 0.30325893, 'elapsed_time': 74.42801690101624}
2021-10-07 18:07:28,377 {'epoch': 35, 'lr': 0.0009310673033669515, 'train_loss': 0.002081972308521084, 'mae': 0.30830276, 'elapsed_time': 74.38310313224792}
2021-10-07 18:08:43,255 {'epoch': 36, 'lr': 0.0009270568813552751, 'train_loss': 0.0021571844041031506, 'mae': 0.5969838, 'elapsed_time': 74.87792015075684}
2021-10-07 18:09:56,850 {'epoch': 37, 'lr': 0.0009229423231234969, 'train_loss': 0.002313159585166957, 'mae': 0.31596538, 'elapsed_time': 73.59506034851074}
2021-10-07 18:11:10,668 {'epoch': 38, 'lr': 0.0009187246438772933, 'train_loss': 0.00203716789105027, 'mae': 0.32918578, 'elapsed_time': 73.81733012199402}
2021-10-07 18:12:25,006 {'epoch': 39, 'lr': 0.0009144048842659075, 'train_loss': 0.0018636987405731, 'mae': 0.33655468, 'elapsed_time': 74.33701515197754}
2021-10-07 18:13:39,696 {'epoch': 40, 'lr': 0.0009099841101253861, 'train_loss': 0.0019084470964983017, 'mae': 0.30748403, 'elapsed_time': 74.68964505195618}
2021-10-07 18:14:54,026 {'epoch': 41, 'lr': 0.0009054634122155986, 'train_loss': 0.0017915346955348515, 'mae': 0.27572516, 'elapsed_time': 74.33034110069275}
2021-10-07 18:16:08,593 {'epoch': 42, 'lr': 0.0009008439059511095, 'train_loss': 0.0017182414209491138, 'mae': 0.2714927, 'elapsed_time': 74.11338472366333}
2021-10-07 18:17:23,105 {'epoch': 43, 'lr': 0.0008961267311259662, 'train_loss': 0.0017347436790793363, 'mae': 0.3698971, 'elapsed_time': 74.06573224067688}
2021-10-07 18:18:37,097 {'epoch': 44, 'lr': 0.0008913130516324728, 'train_loss': 0.001968545657986833, 'mae': 0.2867653, 'elapsed_time': 73.99148464202881}
2021-10-07 18:19:51,092 {'epoch': 45, 'lr': 0.0008864040551740152, 'train_loss': 0.0017003928172303953, 'mae': 0.31099063, 'elapsed_time': 73.99483895301819}
2021-10-07 18:21:05,070 {'epoch': 46, 'lr': 0.000881400952972015, 'train_loss': 0.0016586709708330883, 'mae': 0.29200134, 'elapsed_time': 73.97763681411743}
2021-10-07 18:22:19,760 {'epoch': 47, 'lr': 0.0008763049794670771, 'train_loss': 0.0017087933011822071, 'mae': 0.3574782, 'elapsed_time': 74.68961834907532}
2021-10-07 18:23:34,433 {'epoch': 48, 'lr': 0.0008711173920144113, 'train_loss': 0.001922792053582101, 'mae': 0.28197557, 'elapsed_time': 74.67226791381836}
2021-10-07 18:24:48,889 {'epoch': 49, 'lr': 0.0008658394705735983, 'train_loss': 0.0017238399814974797, 'mae': 0.2927962, 'elapsed_time': 74.4550986289978}
2021-10-07 18:26:03,652 {'epoch': 50, 'lr': 0.0008604725173927781, 'train_loss': 0.0016332712525599362, 'mae': 0.25822088, 'elapsed_time': 74.76325225830078}
2021-10-07 18:27:18,928 {'epoch': 51, 'lr': 0.0008550178566873405, 'train_loss': 0.0018416318751135908, 'mae': 0.26484007, 'elapsed_time': 74.80962347984314}
2021-10-07 18:28:33,128 {'epoch': 52, 'lr': 0.0008494768343131951, 'train_loss': 0.0015427436134015748, 'mae': 0.2575108, 'elapsed_time': 74.19941234588623}
2021-10-07 18:29:47,628 {'epoch': 53, 'lr': 0.0008438508174347005, 'train_loss': 0.001800039393556995, 'mae': 0.39240417, 'elapsed_time': 74.04986143112183}
2021-10-07 18:31:01,733 {'epoch': 54, 'lr': 0.0008381411941873374, 'train_loss': 0.001686627683189628, 'mae': 0.30253747, 'elapsed_time': 74.10460209846497}
2021-10-07 18:32:16,147 {'epoch': 55, 'lr': 0.0008323493733352073, 'train_loss': 0.001541221887860731, 'mae': 0.23512232, 'elapsed_time': 74.41286420822144}
2021-10-07 18:33:31,433 {'epoch': 56, 'lr': 0.0008264767839234405, 'train_loss': 0.0014029540319052494, 'mae': 0.23515162, 'elapsed_time': 74.83255553245544}
2021-10-07 18:34:46,344 {'epoch': 57, 'lr': 0.000820524874925601, 'train_loss': 0.0018436468572332972, 'mae': 0.26612642, 'elapsed_time': 74.91118478775024}
2021-10-07 18:36:01,792 {'epoch': 58, 'lr': 0.0008144951148861737, 'train_loss': 0.0014809654031943769, 'mae': 0.24198031, 'elapsed_time': 75.44692850112915}
2021-10-07 18:37:17,308 {'epoch': 59, 'lr': 0.0008083889915582231, 'train_loss': 0.0014336055644582327, 'mae': 0.25615498, 'elapsed_time': 75.51592230796814}
2021-10-07 18:38:32,805 {'epoch': 60, 'lr': 0.0008022080115363123, 'train_loss': 0.001627597521874508, 'mae': 0.26164562, 'elapsed_time': 75.49688911437988}
2021-10-07 18:39:47,461 {'epoch': 61, 'lr': 0.0007959536998847739, 'train_loss': 0.0015149374849812885, 'mae': 0.24049237, 'elapsed_time': 74.65469598770142}
2021-10-07 18:41:02,162 {'epoch': 62, 'lr': 0.0007896275997614226, 'train_loss': 0.0014091154398745934, 'mae': 0.23758833, 'elapsed_time': 74.70125985145569}
2021-10-07 18:42:17,095 {'epoch': 63, 'lr': 0.0007832312720368044, 'train_loss': 0.0018714093750699457, 'mae': 0.3038498, 'elapsed_time': 74.93192672729492}
2021-10-07 18:43:31,828 {'epoch': 64, 'lr': 0.0007767662949090749, 'train_loss': 0.0016092083486620363, 'mae': 0.24020822, 'elapsed_time': 74.73243427276611}
2021-10-07 18:44:46,634 {'epoch': 65, 'lr': 0.000770234263514603, 'train_loss': 0.0014002039403987294, 'mae': 0.26369637, 'elapsed_time': 74.8055408000946}
2021-10-07 18:46:01,360 {'epoch': 66, 'lr': 0.0007636367895343944, 'train_loss': 0.001368734931525132, 'mae': 0.23371866, 'elapsed_time': 74.72626948356628}
2021-10-07 18:47:16,446 {'epoch': 67, 'lr': 0.0007569755007964335, 'train_loss': 0.0013167522544000542, 'mae': 0.23260568, 'elapsed_time': 74.59198331832886}
2021-10-07 18:48:31,585 {'epoch': 68, 'lr': 0.0007502520408740415, 'train_loss': 0.0014528085178318524, 'mae': 0.2426042, 'elapsed_time': 74.64908337593079}
2021-10-07 18:49:46,466 {'epoch': 69, 'lr': 0.0007434680686803488, 'train_loss': 0.0013916976179623936, 'mae': 0.24718505, 'elapsed_time': 74.87995839118958}
2021-10-07 18:51:01,332 {'epoch': 70, 'lr': 0.0007366252580589837, 'train_loss': 0.0013636087456864977, 'mae': 0.24076624, 'elapsed_time': 74.86551213264465}
2021-10-07 18:52:16,006 {'epoch': 71, 'lr': 0.0007297252973710754, 'train_loss': 0.0013739185853360741, 'mae': 0.22823347, 'elapsed_time': 74.67406725883484}
2021-10-07 18:53:31,379 {'epoch': 72, 'lr': 0.0007227698890786777, 'train_loss': 0.0015583960930684135, 'mae': 0.25495648, 'elapsed_time': 74.88695669174194}
2021-10-07 18:54:46,109 {'epoch': 73, 'lr': 0.0007157607493247108, 'train_loss': 0.001344627698647652, 'mae': 0.24407482, 'elapsed_time': 74.72960257530212}
2021-10-07 18:56:00,952 {'epoch': 74, 'lr': 0.0007086996075095287, 'train_loss': 0.0012604873200336617, 'mae': 0.2326584, 'elapsed_time': 74.84321975708008}
2021-10-07 18:57:15,629 {'epoch': 75, 'lr': 0.0007015882058642161, 'train_loss': 0.0011799384246724105, 'mae': 0.21804206, 'elapsed_time': 74.67600703239441}
2021-10-07 18:58:30,896 {'epoch': 76, 'lr': 0.0006944282990207193, 'train_loss': 0.0012232506108291897, 'mae': 0.21688901, 'elapsed_time': 74.76228713989258}
2021-10-07 18:59:46,094 {'epoch': 77, 'lr': 0.0006872216535789155, 'train_loss': 0.0014431028770661813, 'mae': 0.23872508, 'elapsed_time': 74.71553826332092}
2021-10-07 19:01:00,827 {'epoch': 78, 'lr': 0.0006799700476707321, 'train_loss': 0.0011869316483675604, 'mae': 0.21551609, 'elapsed_time': 74.73252820968628}
2021-10-07 19:02:16,122 {'epoch': 79, 'lr': 0.0006726752705214191, 'train_loss': 0.0010983710608650629, 'mae': 0.2166371, 'elapsed_time': 74.79751920700073}
2021-10-07 19:03:31,155 {'epoch': 80, 'lr': 0.0006653391220080838, 'train_loss': 0.0013811965497066202, 'mae': 0.30180508, 'elapsed_time': 75.03242993354797}
2021-10-07 19:04:45,799 {'epoch': 81, 'lr': 0.0006579634122155988, 'train_loss': 0.0013338331118314924, 'mae': 0.22968571, 'elapsed_time': 74.64316940307617}
2021-10-07 19:06:00,598 {'epoch': 82, 'lr': 0.0006505499609899903, 'train_loss': 0.001113687367521034, 'mae': 0.2172206, 'elapsed_time': 74.7988669872284}
2021-10-07 19:07:15,400 {'epoch': 83, 'lr': 0.0006431005974894184, 'train_loss': 0.0016638404248446484, 'mae': 0.23372774, 'elapsed_time': 74.80176305770874}
2021-10-07 19:08:30,095 {'epoch': 84, 'lr': 0.0006356171597328593, 'train_loss': 0.0011676838835040966, 'mae': 0.23833127, 'elapsed_time': 74.69447088241577}
2021-10-07 19:09:44,852 {'epoch': 85, 'lr': 0.0006281014941466028, 'train_loss': 0.0010581258899174913, 'mae': 0.21275543, 'elapsed_time': 74.7566180229187}
2021-10-07 19:11:00,006 {'epoch': 86, 'lr': 0.000620555455108673, 'train_loss': 0.0010311763059666333, 'mae': 0.20305185, 'elapsed_time': 74.6702013015747}
2021-10-07 19:12:15,194 {'epoch': 87, 'lr': 0.0006129809044912885, 'train_loss': 0.000981534726058631, 'mae': 0.21389416, 'elapsed_time': 74.67628741264343}
2021-10-07 19:13:29,960 {'epoch': 88, 'lr': 0.0006053797112014735, 'train_loss': 0.0009513485179368513, 'mae': 0.1998189, 'elapsed_time': 74.76564979553223}
2021-10-07 19:14:45,175 {'epoch': 89, 'lr': 0.0005977537507199336, 'train_loss': 0.0009322450972101086, 'mae': 0.20178832, 'elapsed_time': 74.72045993804932}
2021-10-07 19:15:59,649 {'epoch': 90, 'lr': 0.0005901049046383074, 'train_loss': 0.000929489858927436, 'mae': 0.19947153, 'elapsed_time': 74.47396779060364}
2021-10-07 19:17:14,570 {'epoch': 91, 'lr': 0.0005824350601949141, 'train_loss': 0.0009224303483943263, 'mae': 0.19884935, 'elapsed_time': 74.41600823402405}
2021-10-07 19:18:29,596 {'epoch': 92, 'lr': 0.0005747461098091033, 'train_loss': 0.0009235860868755202, 'mae': 0.20602873, 'elapsed_time': 74.53926467895508}
2021-10-07 19:19:44,161 {'epoch': 93, 'lr': 0.0005670399506143305, 'train_loss': 0.0009371816596007648, 'mae': 0.19734363, 'elapsed_time': 74.56438708305359}
2021-10-07 19:20:59,230 {'epoch': 94, 'lr': 0.0005593184839900673, 'train_loss': 0.0009054537515684893, 'mae': 0.19711699, 'elapsed_time': 74.57161903381348}
2021-10-07 19:22:14,361 {'epoch': 95, 'lr': 0.0005515836150926644, 'train_loss': 0.0008799111368128446, 'mae': 0.19699538, 'elapsed_time': 74.62030982971191}
2021-10-07 19:23:29,369 {'epoch': 96, 'lr': 0.0005438372523852832, 'train_loss': 0.0011135070082948174, 'mae': 0.20034118, 'elapsed_time': 74.51974320411682}
2021-10-07 19:24:43,836 {'epoch': 97, 'lr': 0.00053608130716701, 'train_loss': 0.000935226317551888, 'mae': 0.19532463, 'elapsed_time': 74.4659333229065}
2021-10-07 19:25:58,871 {'epoch': 98, 'lr': 0.0005283176931012729, 'train_loss': 0.0008661520197701185, 'mae': 0.19199196, 'elapsed_time': 74.54821109771729}
2021-10-07 19:27:13,917 {'epoch': 99, 'lr': 0.0005205483257436734, 'train_loss': 0.0008150302854997974, 'mae': 0.19503967, 'elapsed_time': 74.56989288330078}
2021-10-07 19:28:28,638 {'epoch': 100, 'lr': 0.0005127751220693511, 'train_loss': 0.0007978569311345942, 'mae': 0.19122997, 'elapsed_time': 74.72068238258362}
2021-10-07 19:29:43,504 {'epoch': 101, 'lr': 0.0005049999999999998, 'train_loss': 0.0008515778568562804, 'mae': 0.20465183, 'elapsed_time': 74.36851334571838}
2021-10-07 19:30:57,979 {'epoch': 102, 'lr': 0.0004972248779306486, 'train_loss': 0.0008076267410748601, 'mae': 0.19102532, 'elapsed_time': 74.47452473640442}
2021-10-07 19:32:12,884 {'epoch': 103, 'lr': 0.0004894516742563262, 'train_loss': 0.0007627109124901043, 'mae': 0.18987079, 'elapsed_time': 74.4136917591095}
2021-10-07 19:33:27,850 {'epoch': 104, 'lr': 0.00048168230689872663, 'train_loss': 0.0007427563083545114, 'mae': 0.18936923, 'elapsed_time': 74.47908663749695}
2021-10-07 19:34:42,809 {'epoch': 105, 'lr': 0.0004739186928329896, 'train_loss': 0.0007488917019971165, 'mae': 0.19069695, 'elapsed_time': 74.46290302276611}
2021-10-07 19:35:57,385 {'epoch': 106, 'lr': 0.00046616274761471655, 'train_loss': 0.0007253870569204084, 'mae': 0.18944697, 'elapsed_time': 74.5763487815857}
2021-10-07 19:37:12,069 {'epoch': 107, 'lr': 0.0004584163849073352, 'train_loss': 0.0007220698240342087, 'mae': 0.18991923, 'elapsed_time': 74.68336796760559}
2021-10-07 19:38:26,837 {'epoch': 108, 'lr': 0.0004506815160099324, 'train_loss': 0.0007164544501817724, 'mae': 0.19185427, 'elapsed_time': 74.76752638816833}
2021-10-07 19:39:41,204 {'epoch': 109, 'lr': 0.0004429600493856693, 'train_loss': 0.0007145620018461036, 'mae': 0.18817946, 'elapsed_time': 74.36595606803894}
2021-10-07 19:40:55,791 {'epoch': 110, 'lr': 0.00043525389019089656, 'train_loss': 0.0006927420794371345, 'mae': 0.18592311, 'elapsed_time': 74.12849187850952}
2021-10-07 19:42:10,277 {'epoch': 111, 'lr': 0.0004275649398050856, 'train_loss': 0.0006835504556586997, 'mae': 0.18810128, 'elapsed_time': 74.03337860107422}
2021-10-07 19:43:24,420 {'epoch': 112, 'lr': 0.0004198950953616921, 'train_loss': 0.0006702753614616995, 'mae': 0.18434335, 'elapsed_time': 74.14275765419006}
2021-10-07 19:44:39,809 {'epoch': 113, 'lr': 0.0004122462492800662, 'train_loss': 0.0006586509357429325, 'mae': 0.18219206, 'elapsed_time': 74.91842579841614}
2021-10-07 19:45:55,389 {'epoch': 114, 'lr': 0.0004046202887985263, 'train_loss': 0.0006495358353274559, 'mae': 0.18575324, 'elapsed_time': 75.13409757614136}
2021-10-07 19:47:10,747 {'epoch': 115, 'lr': 0.0003970190955087115, 'train_loss': 0.0006327325004202945, 'mae': 0.18241209, 'elapsed_time': 75.35760974884033}
2021-10-07 19:48:25,660 {'epoch': 116, 'lr': 0.0003894445448913267, 'train_loss': 0.0006247336201670946, 'mae': 0.18458095, 'elapsed_time': 74.91325497627258}
2021-10-07 19:49:40,700 {'epoch': 117, 'lr': 0.00038189850585339675, 'train_loss': 0.0006143645420448325, 'mae': 0.18655963, 'elapsed_time': 75.03962659835815}
2021-10-07 19:50:55,723 {'epoch': 118, 'lr': 0.0003743828402671403, 'train_loss': 0.000599668441294656, 'mae': 0.1822174, 'elapsed_time': 75.02218389511108}
2021-10-07 19:52:10,686 {'epoch': 119, 'lr': 0.0003668994025105814, 'train_loss': 0.0005939696961118931, 'mae': 0.18173784, 'elapsed_time': 74.96205496788025}
2021-10-07 19:53:26,246 {'epoch': 120, 'lr': 0.00035945003901000945, 'train_loss': 0.0005848040959178769, 'mae': 0.18106641, 'elapsed_time': 75.07031750679016}
2021-10-07 19:54:41,789 {'epoch': 121, 'lr': 0.00035203658778440103, 'train_loss': 0.0005728357509790746, 'mae': 0.18333164, 'elapsed_time': 75.05379605293274}
2021-10-07 19:55:56,910 {'epoch': 122, 'lr': 0.0003446608779919159, 'train_loss': 0.0005723098990358683, 'mae': 0.18233371, 'elapsed_time': 75.1201229095459}
2021-10-07 19:57:11,833 {'epoch': 123, 'lr': 0.00033732472947858063, 'train_loss': 0.000560841172306525, 'mae': 0.183121, 'elapsed_time': 74.92284965515137}
2021-10-07 19:58:26,789 {'epoch': 124, 'lr': 0.00033002995232926766, 'train_loss': 0.0005455982945415063, 'mae': 0.18135361, 'elapsed_time': 74.95605564117432}
2021-10-07 19:59:42,241 {'epoch': 125, 'lr': 0.0003227783464210844, 'train_loss': 0.0005396411685684092, 'mae': 0.17947698, 'elapsed_time': 75.4506196975708}
2021-10-07 20:00:58,026 {'epoch': 126, 'lr': 0.00031557170097928054, 'train_loss': 0.0005298862167102679, 'mae': 0.18325482, 'elapsed_time': 75.30332541465759}
2021-10-07 20:02:13,543 {'epoch': 127, 'lr': 0.0003084117941357834, 'train_loss': 0.0005218962110539514, 'mae': 0.18036711, 'elapsed_time': 75.51610088348389}
2021-10-07 20:03:28,915 {'epoch': 128, 'lr': 0.00030130039249047106, 'train_loss': 0.0005098135531506568, 'mae': 0.1786503, 'elapsed_time': 75.37151408195496}
2021-10-07 20:04:44,856 {'epoch': 129, 'lr': 0.00029423925067528897, 'train_loss': 0.0005029909823131806, 'mae': 0.17913525, 'elapsed_time': 75.46270084381104}
2021-10-07 20:06:00,295 {'epoch': 130, 'lr': 0.0002872301109213219, 'train_loss': 0.0004917052239327734, 'mae': 0.178744, 'elapsed_time': 75.43851637840271}
2021-10-07 20:07:15,740 {'epoch': 131, 'lr': 0.0002802747026289243, 'train_loss': 0.00048376821188874557, 'mae': 0.17774698, 'elapsed_time': 75.44392848014832}
2021-10-07 20:08:31,671 {'epoch': 132, 'lr': 0.00027337474194101617, 'train_loss': 0.00048112911391309587, 'mae': 0.1792999, 'elapsed_time': 75.44187951087952}
2021-10-07 20:09:46,994 {'epoch': 133, 'lr': 0.00026653193131965077, 'train_loss': 0.0004664611776783381, 'mae': 0.17729789, 'elapsed_time': 75.32252979278564}
2021-10-07 20:11:02,831 {'epoch': 134, 'lr': 0.00025974795912595813, 'train_loss': 0.0004619241251460245, 'mae': 0.17810343, 'elapsed_time': 75.3439838886261}
2021-10-07 20:12:18,339 {'epoch': 135, 'lr': 0.0002530244992035661, 'train_loss': 0.00045761532521133315, 'mae': 0.17745529, 'elapsed_time': 75.50820279121399}
2021-10-07 20:13:33,833 {'epoch': 136, 'lr': 0.00024636321046560527, 'train_loss': 0.00044683985013423415, 'mae': 0.1766253, 'elapsed_time': 75.49291706085205}
2021-10-07 20:14:49,507 {'epoch': 137, 'lr': 0.00023976573648539645, 'train_loss': 0.00044233944579326925, 'mae': 0.1771156, 'elapsed_time': 75.1827347278595}
2021-10-07 20:16:04,823 {'epoch': 138, 'lr': 0.00023323370509092462, 'train_loss': 0.00043196687548908275, 'mae': 0.17639616, 'elapsed_time': 75.31651663780212}
2021-10-07 20:17:20,679 {'epoch': 139, 'lr': 0.00022676872796319523, 'train_loss': 0.00042460970105350296, 'mae': 0.17703772, 'elapsed_time': 75.35578179359436}
2021-10-07 20:18:36,029 {'epoch': 140, 'lr': 0.00022037240023857702, 'train_loss': 0.00041693114602137197, 'mae': 0.17619313, 'elapsed_time': 75.34893989562988}
2021-10-07 20:19:51,910 {'epoch': 141, 'lr': 0.00021404630011522577, 'train_loss': 0.0004078562473267258, 'mae': 0.17502533, 'elapsed_time': 75.39479923248291}
2021-10-07 20:21:07,803 {'epoch': 142, 'lr': 0.00020779198846368737, 'train_loss': 0.0003974054575292301, 'mae': 0.17555457, 'elapsed_time': 75.40583539009094}
2021-10-07 20:22:23,260 {'epoch': 143, 'lr': 0.0002016110084417765, 'train_loss': 0.0003994773830811143, 'mae': 0.17593564, 'elapsed_time': 75.45656490325928}
2021-10-07 20:23:38,820 {'epoch': 144, 'lr': 0.00019550488511382584, 'train_loss': 0.00038950094500170236, 'mae': 0.17638555, 'elapsed_time': 75.55933785438538}
2021-10-07 20:24:54,191 {'epoch': 145, 'lr': 0.00018947512507439847, 'train_loss': 0.00038143517190283144, 'mae': 0.17504068, 'elapsed_time': 75.37068486213684}
2021-10-07 20:26:09,554 {'epoch': 146, 'lr': 0.00018352321607655904, 'train_loss': 0.00037825157837491705, 'mae': 0.17592725, 'elapsed_time': 75.36210942268372}
2021-10-07 20:27:25,069 {'epoch': 147, 'lr': 0.0001776506266647923, 'train_loss': 0.0003709744612672141, 'mae': 0.17540431, 'elapsed_time': 75.51525282859802}
2021-10-07 20:28:40,529 {'epoch': 148, 'lr': 0.00017185880581266206, 'train_loss': 0.0003651758890433609, 'mae': 0.1744466, 'elapsed_time': 75.45916485786438}
2021-10-07 20:29:56,545 {'epoch': 149, 'lr': 0.000166149182565299, 'train_loss': 0.0003617415953281899, 'mae': 0.1743165, 'elapsed_time': 75.5206081867218}
2021-10-07 20:31:12,414 {'epoch': 150, 'lr': 0.00016052316568680435, 'train_loss': 0.0003531555314360074, 'mae': 0.17417422, 'elapsed_time': 75.3747353553772}
2021-10-07 20:32:28,299 {'epoch': 151, 'lr': 0.00015498214331265893, 'train_loss': 0.00034393975560567566, 'mae': 0.1748503, 'elapsed_time': 75.39523911476135}
2021-10-07 20:33:43,888 {'epoch': 152, 'lr': 0.0001495274826072215, 'train_loss': 0.0003385455593851878, 'mae': 0.17386116, 'elapsed_time': 75.58863878250122}
2021-10-07 20:34:59,724 {'epoch': 153, 'lr': 0.00014416052942640132, 'train_loss': 0.00033344691316859466, 'mae': 0.17410183, 'elapsed_time': 75.34490013122559}
2021-10-07 20:36:15,189 {'epoch': 154, 'lr': 0.0001388826079855881, 'train_loss': 0.0003286131312657145, 'mae': 0.17380758, 'elapsed_time': 75.46385049819946}
2021-10-07 20:37:31,098 {'epoch': 155, 'lr': 0.00013369502053292245, 'train_loss': 0.00032445311322907015, 'mae': 0.17404565, 'elapsed_time': 75.41254591941833}
2021-10-07 20:38:46,656 {'epoch': 156, 'lr': 0.00012859904702798464, 'train_loss': 0.00031918969450949277, 'mae': 0.17361514, 'elapsed_time': 75.55754613876343}
2021-10-07 20:40:02,534 {'epoch': 157, 'lr': 0.00012359594482598432, 'train_loss': 0.00031418398607737025, 'mae': 0.17331135, 'elapsed_time': 75.37550783157349}
2021-10-07 20:41:18,545 {'epoch': 158, 'lr': 0.00011868694836752681, 'train_loss': 0.0003073585035144848, 'mae': 0.17370977, 'elapsed_time': 75.51342034339905}
2021-10-07 20:42:34,050 {'epoch': 159, 'lr': 0.0001138732688740332, 'train_loss': 0.0003034125213036678, 'mae': 0.17305368, 'elapsed_time': 75.50392389297485}
2021-10-07 20:43:49,818 {'epoch': 160, 'lr': 0.00010915609404889012, 'train_loss': 0.0002971282078235887, 'mae': 0.17312926, 'elapsed_time': 75.287109375}
2021-10-07 20:45:05,216 {'epoch': 161, 'lr': 0.00010453658778440103, 'train_loss': 0.00029336111724988917, 'mae': 0.17318816, 'elapsed_time': 75.39693427085876}
2021-10-07 20:46:20,677 {'epoch': 162, 'lr': 0.00010001588987461343, 'train_loss': 0.00028965531427455196, 'mae': 0.17278764, 'elapsed_time': 75.46040725708008}
2021-10-07 20:47:36,367 {'epoch': 163, 'lr': 9.559511573409192e-05, 'train_loss': 0.000285314202198797, 'mae': 0.17310186, 'elapsed_time': 75.21417164802551}
2021-10-07 20:48:51,255 {'epoch': 164, 'lr': 9.12753561227063e-05, 'train_loss': 0.0002830377252521876, 'mae': 0.17315556, 'elapsed_time': 74.88756346702576}
2021-10-07 20:50:05,578 {'epoch': 165, 'lr': 8.705767687650262e-05, 'train_loss': 0.00027726272576549655, 'mae': 0.17296408, 'elapsed_time': 74.32217645645142}
2021-10-07 20:51:20,168 {'epoch': 166, 'lr': 8.294311864472445e-05, 'train_loss': 0.00027286349416193856, 'mae': 0.17292762, 'elapsed_time': 74.58964824676514}
2021-10-07 20:52:35,494 {'epoch': 167, 'lr': 7.89326966330478e-05, 'train_loss': 0.0002691357516584272, 'mae': 0.17287403, 'elapsed_time': 75.32582020759583}
2021-10-07 20:53:50,970 {'epoch': 168, 'lr': 7.502740035309526e-05, 'train_loss': 0.0002654257015065297, 'mae': 0.1726181, 'elapsed_time': 75.47474551200867}
2021-10-07 20:55:06,638 {'epoch': 169, 'lr': 7.12281933782875e-05, 'train_loss': 0.00026399523888161, 'mae': 0.17301103, 'elapsed_time': 75.1792733669281}
2021-10-07 20:56:21,925 {'epoch': 170, 'lr': 6.75360131060967e-05, 'train_loss': 0.0002590995900656329, 'mae': 0.17277429, 'elapsed_time': 75.2865719795227}
2021-10-07 20:57:37,294 {'epoch': 171, 'lr': 6.395177052675792e-05, 'train_loss': 0.00025616137877432536, 'mae': 0.17259303, 'elapsed_time': 75.36839628219604}
2021-10-07 20:58:53,235 {'epoch': 172, 'lr': 6.047634999849528e-05, 'train_loss': 0.00025272868879786225, 'mae': 0.17257561, 'elapsed_time': 75.43941235542297}
2021-10-07 21:00:09,150 {'epoch': 173, 'lr': 5.711060902932039e-05, 'train_loss': 0.00025061300065124014, 'mae': 0.17244877, 'elapsed_time': 75.42387461662292}
2021-10-07 21:01:24,987 {'epoch': 174, 'lr': 5.385537806545467e-05, 'train_loss': 0.00024718139903845773, 'mae': 0.17257454, 'elapsed_time': 75.34459805488586}
2021-10-07 21:02:40,273 {'epoch': 175, 'lr': 5.0711460286429424e-05, 'train_loss': 0.0002446164973228281, 'mae': 0.1724955, 'elapsed_time': 75.28593373298645}
2021-10-07 21:03:55,632 {'epoch': 176, 'lr': 4.767963140691315e-05, 'train_loss': 0.00024178171971031497, 'mae': 0.17235234, 'elapsed_time': 75.35841464996338}
2021-10-07 21:05:11,570 {'epoch': 177, 'lr': 4.4760639485315563e-05, 'train_loss': 0.00023876840006152749, 'mae': 0.17245749, 'elapsed_time': 75.43749403953552}
2021-10-07 21:06:26,822 {'epoch': 178, 'lr': 4.195520473921563e-05, 'train_loss': 0.00023676873940167204, 'mae': 0.17246722, 'elapsed_time': 75.25138282775879}
2021-10-07 21:07:42,149 {'epoch': 179, 'lr': 3.9264019367658385e-05, 'train_loss': 0.00023484967261394813, 'mae': 0.1723051, 'elapsed_time': 75.32639336585999}
2021-10-07 21:08:57,874 {'epoch': 180, 'lr': 3.6687747380365064e-05, 'train_loss': 0.0002327142914385591, 'mae': 0.1723455, 'elapsed_time': 75.23088073730469}
2021-10-07 21:10:13,256 {'epoch': 181, 'lr': 3.422702443389899e-05, 'train_loss': 0.00023044174601249224, 'mae': 0.1724035, 'elapsed_time': 75.38216781616211}
2021-10-07 21:11:28,707 {'epoch': 182, 'lr': 3.188245767482658e-05, 'train_loss': 0.0002285127105861606, 'mae': 0.17234367, 'elapsed_time': 75.4507532119751}
2021-10-07 21:12:44,048 {'epoch': 183, 'lr': 2.965462558991323e-05, 'train_loss': 0.00022683524183504347, 'mae': 0.17235452, 'elapsed_time': 75.34045648574829}
2021-10-07 21:13:59,356 {'epoch': 184, 'lr': 2.7544077863390004e-05, 'train_loss': 0.0002249566113268938, 'mae': 0.1723556, 'elapsed_time': 75.30767107009888}
2021-10-07 21:15:14,483 {'epoch': 185, 'lr': 2.5551335241327672e-05, 'train_loss': 0.00022355612661168622, 'mae': 0.17235439, 'elapsed_time': 75.12644863128662}
2021-10-07 21:16:29,703 {'epoch': 186, 'lr': 2.367688940315011e-05, 'train_loss': 0.0002217762427425507, 'mae': 0.17237222, 'elapsed_time': 75.21878290176392}
2021-10-07 21:17:45,032 {'epoch': 187, 'lr': 2.1921202840320077e-05, 'train_loss': 0.00022074797849872595, 'mae': 0.17235576, 'elapsed_time': 75.32882976531982}
2021-10-07 21:19:00,276 {'epoch': 188, 'lr': 2.0284708742225903e-05, 'train_loss': 0.000219441406895401, 'mae': 0.17227419, 'elapsed_time': 75.24385023117065}
2021-10-07 21:20:16,096 {'epoch': 189, 'lr': 1.8767810889299086e-05, 'train_loss': 0.00021819626237281196, 'mae': 0.17224841, 'elapsed_time': 75.30982613563538}
2021-10-07 21:21:32,020 {'epoch': 190, 'lr': 1.7370883553386936e-05, 'train_loss': 0.0002169809052368874, 'mae': 0.17240751, 'elapsed_time': 75.42070388793945}
2021-10-07 21:22:47,202 {'epoch': 191, 'lr': 1.6094271405406862e-05, 'train_loss': 0.00021605724866907472, 'mae': 0.17227617, 'elapsed_time': 75.18157529830933}
2021-10-07 21:24:02,366 {'epoch': 192, 'lr': 1.4938289430304022e-05, 'train_loss': 0.00021512002753299977, 'mae': 0.17232677, 'elapsed_time': 75.16331171989441}
2021-10-07 21:25:17,556 {'epoch': 193, 'lr': 1.3903222849333509e-05, 'train_loss': 0.00021433792857118716, 'mae': 0.17230478, 'elapsed_time': 75.18990159034729}
2021-10-07 21:26:32,767 {'epoch': 194, 'lr': 1.2989327049686102e-05, 'train_loss': 0.00021340142107877889, 'mae': 0.17237225, 'elapsed_time': 75.21037459373474}
2021-10-07 21:27:48,075 {'epoch': 195, 'lr': 1.2196827521475404e-05, 'train_loss': 0.00021255309776834418, 'mae': 0.17227037, 'elapsed_time': 75.30720949172974}
2021-10-07 21:29:03,630 {'epoch': 196, 'lr': 1.152591980210166e-05, 'train_loss': 0.00021198073024333828, 'mae': 0.1722915, 'elapsed_time': 75.55470848083496}
2021-10-07 21:30:19,213 {'epoch': 197, 'lr': 1.097676942800558e-05, 'train_loss': 0.00021144637178859227, 'mae': 0.1723092, 'elapsed_time': 75.58247900009155}
2021-10-07 21:31:34,668 {'epoch': 198, 'lr': 1.0549511893824899e-05, 'train_loss': 0.00021092042159054594, 'mae': 0.17232382, 'elapsed_time': 75.45472168922424}
2021-10-07 21:32:49,979 {'epoch': 199, 'lr': 1.0244252618962858e-05, 'train_loss': 0.00021042710477504767, 'mae': 0.17226517, 'elapsed_time': 75.31018161773682}
2021-10-07 21:34:05,257 {'epoch': 200, 'lr': 1.006106692157801e-05, 'train_loss': 0.00020996588211311576, 'mae': 0.17232817, 'elapsed_time': 75.27753615379333}
2021-10-07 21:34:47,027 Total CV: 0.17224840819835663
