2021-10-12 23:59:03,991 Fold 0
2021-10-12 23:59:19,165 train run device : cuda:0
2021-10-12 23:59:46,841 multi task weight : 0.7
2021-10-13 00:01:43,248 {'epoch': 1, 'lr': 0.001, 'train_loss': 0.011063864865174272, 'mae': 1.0278765, 'elapsed_time': 116.85646843910217}
2021-10-13 00:01:45,193 multi task weight : 0.7013333333333333
2021-10-13 00:03:42,098 {'epoch': 2, 'lr': 0.000999938933078422, 'train_loss': 0.004000512242435698, 'mae': 0.8923938, 'elapsed_time': 117.13569808006287}
2021-10-13 00:03:43,465 multi task weight : 0.7026666666666667
2021-10-13 00:05:40,291 {'epoch': 3, 'lr': 0.000999755747381037, 'train_loss': 0.0035404182723652376, 'mae': 0.78513217, 'elapsed_time': 117.08786153793335}
2021-10-13 00:05:41,623 multi task weight : 0.704
2021-10-13 00:07:38,454 {'epoch': 4, 'lr': 0.000999450488106175, 'train_loss': 0.003202509731943043, 'mae': 0.7135624, 'elapsed_time': 117.08287239074707}
2021-10-13 00:07:39,749 multi task weight : 0.7053333333333334
2021-10-13 00:09:36,600 {'epoch': 5, 'lr': 0.0009990232305719944, 'train_loss': 0.002970641188822178, 'mae': 0.6786182, 'elapsed_time': 117.0937967300415}
2021-10-13 00:09:37,931 multi task weight : 0.7066666666666667
2021-10-13 00:11:34,778 {'epoch': 6, 'lr': 0.0009984740801978983, 'train_loss': 0.0028365517068454334, 'mae': 0.5614637, 'elapsed_time': 117.1057641506195}
2021-10-13 00:11:36,065 multi task weight : 0.708
2021-10-13 00:13:32,912 {'epoch': 7, 'lr': 0.0009978031724785245, 'train_loss': 0.0027192363104455277, 'mae': 0.5717832, 'elapsed_time': 117.07749032974243}
2021-10-13 00:13:33,131 multi task weight : 0.7093333333333334
2021-10-13 00:15:30,239 {'epoch': 8, 'lr': 0.000997010672950314, 'train_loss': 0.0026114083090864955, 'mae': 0.6960658, 'elapsed_time': 117.32099986076355}
2021-10-13 00:15:30,455 multi task weight : 0.7106666666666667
2021-10-13 00:17:27,473 {'epoch': 9, 'lr': 0.0009960967771506664, 'train_loss': 0.002527985822056365, 'mae': 0.61571306, 'elapsed_time': 117.23239946365356}
2021-10-13 00:17:27,690 multi task weight : 0.712
2021-10-13 00:19:24,519 {'epoch': 10, 'lr': 0.0009950617105696957, 'train_loss': 0.0024250059939718467, 'mae': 0.48474053, 'elapsed_time': 117.04139828681946}
2021-10-13 00:19:25,811 multi task weight : 0.7133333333333334
2021-10-13 00:21:22,697 {'epoch': 11, 'lr': 0.0009939057285945929, 'train_loss': 0.00243219832776792, 'mae': 0.5864204, 'elapsed_time': 117.11590600013733}
2021-10-13 00:21:22,908 multi task weight : 0.7146666666666666
2021-10-13 00:23:19,931 {'epoch': 12, 'lr': 0.0009926291164466126, 'train_loss': 0.0024833038799844886, 'mae': 0.47397262, 'elapsed_time': 117.23220753669739}
2021-10-13 00:23:21,240 multi task weight : 0.716
2021-10-13 00:25:18,400 {'epoch': 13, 'lr': 0.0009912321891107005, 'train_loss': 0.002589299044935335, 'mae': 0.5116994, 'elapsed_time': 117.39335417747498}
2021-10-13 00:25:18,597 multi task weight : 0.7173333333333333
2021-10-13 00:27:15,650 {'epoch': 14, 'lr': 0.0009897152912577737, 'train_loss': 0.002314888932813154, 'mae': 0.48924145, 'elapsed_time': 117.24796891212463}
2021-10-13 00:27:15,854 multi task weight : 0.7186666666666666
2021-10-13 00:29:12,837 {'epoch': 15, 'lr': 0.0009880787971596797, 'train_loss': 0.0022397545375537208, 'mae': 0.47403562, 'elapsed_time': 117.18416213989258}
2021-10-13 00:29:13,064 multi task weight : 0.72
2021-10-13 00:31:09,671 {'epoch': 16, 'lr': 0.0009863231105968495, 'train_loss': 0.0024698133896999285, 'mae': 0.48224434, 'elapsed_time': 116.83236527442932}
2021-10-13 00:31:09,898 multi task weight : 0.7213333333333333
2021-10-13 00:33:06,737 {'epoch': 17, 'lr': 0.000984448664758672, 'train_loss': 0.0023007801206223295, 'mae': 0.48375353, 'elapsed_time': 117.06085753440857}
2021-10-13 00:33:06,942 multi task weight : 0.7226666666666667
2021-10-13 00:35:03,763 {'epoch': 18, 'lr': 0.0009824559221366096, 'train_loss': 0.002105738559825441, 'mae': 0.39780122, 'elapsed_time': 117.02347826957703}
2021-10-13 00:35:05,097 multi task weight : 0.724
2021-10-13 00:37:01,869 {'epoch': 19, 'lr': 0.0009803453744100864, 'train_loss': 0.002015140224334576, 'mae': 0.37895632, 'elapsed_time': 117.02042818069458}
2021-10-13 00:37:03,159 multi task weight : 0.7253333333333333
2021-10-13 00:38:59,902 {'epoch': 20, 'lr': 0.0009781175423251728, 'train_loss': 0.0019742068152620433, 'mae': 0.38300967, 'elapsed_time': 116.9651448726654}
2021-10-13 00:39:00,104 multi task weight : 0.7266666666666667
2021-10-13 00:40:56,912 {'epoch': 21, 'lr': 0.0009757729755661004, 'train_loss': 0.002028153216339169, 'mae': 0.36207354, 'elapsed_time': 117.00825619697571}
2021-10-13 00:40:58,247 multi task weight : 0.728
2021-10-13 00:42:55,144 {'epoch': 22, 'lr': 0.0009733122526196342, 'train_loss': 0.0019691046408820104, 'mae': 0.3907479, 'elapsed_time': 117.12170577049255}
2021-10-13 00:42:55,365 multi task weight : 0.7293333333333333
2021-10-13 00:44:52,163 {'epoch': 23, 'lr': 0.000970735980632341, 'train_loss': 0.0019674389623722706, 'mae': 0.36720985, 'elapsed_time': 117.01761674880981}
2021-10-13 00:44:52,392 multi task weight : 0.7306666666666667
2021-10-13 00:46:49,003 {'epoch': 24, 'lr': 0.0009680447952607838, 'train_loss': 0.0019335352775571044, 'mae': 0.3703983, 'elapsed_time': 116.83751130104065}
2021-10-13 00:46:49,192 multi task weight : 0.732
2021-10-13 00:48:45,924 {'epoch': 25, 'lr': 0.0009652393605146839, 'train_loss': 0.001973615247062534, 'mae': 0.44966698, 'elapsed_time': 116.91866636276245}
2021-10-13 00:48:46,125 multi task weight : 0.7333333333333334
2021-10-13 00:50:43,047 {'epoch': 26, 'lr': 0.0009623203685930864, 'train_loss': 0.001897287422592392, 'mae': 0.35947785, 'elapsed_time': 117.12050986289978}
2021-10-13 00:50:44,359 multi task weight : 0.7346666666666667
2021-10-13 00:52:41,331 {'epoch': 27, 'lr': 0.00095928853971357, 'train_loss': 0.0019791015383717712, 'mae': 0.3567539, 'elapsed_time': 117.2069878578186}
2021-10-13 00:52:42,646 multi task weight : 0.736
2021-10-13 00:54:39,647 {'epoch': 28, 'lr': 0.0009561446219345448, 'train_loss': 0.0019200398510777453, 'mae': 0.32546493, 'elapsed_time': 117.2218930721283}
2021-10-13 00:54:40,919 multi task weight : 0.7373333333333334
2021-10-13 00:56:37,790 {'epoch': 29, 'lr': 0.0009528893909706791, 'train_loss': 0.0018194653733211925, 'mae': 0.32551628, 'elapsed_time': 117.07242727279663}
2021-10-13 00:56:38,019 multi task weight : 0.7386666666666666
2021-10-13 00:58:34,741 {'epoch': 30, 'lr': 0.0009495236500015041, 'train_loss': 0.0017641959542802346, 'mae': 0.30184358, 'elapsed_time': 116.94791150093079}
2021-10-13 00:58:36,057 multi task weight : 0.74
2021-10-13 01:00:32,982 {'epoch': 31, 'lr': 0.0009460482294732414, 'train_loss': 0.0016686070364800567, 'mae': 0.30841666, 'elapsed_time': 117.15543937683105}
2021-10-13 01:00:33,183 multi task weight : 0.7413333333333334
2021-10-13 01:02:29,844 {'epoch': 32, 'lr': 0.0009424639868939027, 'train_loss': 0.0017364820538272598, 'mae': 0.31079477, 'elapsed_time': 116.85996150970459}
2021-10-13 01:02:30,052 multi task weight : 0.7426666666666666
2021-10-13 01:04:26,796 {'epoch': 33, 'lr': 0.0009387718066217117, 'train_loss': 0.0019737212697131653, 'mae': 0.32079646, 'elapsed_time': 116.94941258430481}
2021-10-13 01:04:27,013 multi task weight : 0.744
2021-10-13 01:06:23,737 {'epoch': 34, 'lr': 0.000934972599646904, 'train_loss': 0.001724818703885739, 'mae': 0.28802034, 'elapsed_time': 116.93784737586975}
2021-10-13 01:06:25,071 multi task weight : 0.7453333333333333
2021-10-13 01:08:21,894 {'epoch': 35, 'lr': 0.0009310673033669515, 'train_loss': 0.0017073831630215256, 'mae': 0.2871669, 'elapsed_time': 117.07632160186768}
2021-10-13 01:08:23,230 multi task weight : 0.7466666666666666
2021-10-13 01:10:20,041 {'epoch': 36, 'lr': 0.0009270568813552751, 'train_loss': 0.0015738677532172029, 'mae': 0.30460718, 'elapsed_time': 117.03782796859741}
2021-10-13 01:10:20,237 multi task weight : 0.7479999999999999
2021-10-13 01:12:16,973 {'epoch': 37, 'lr': 0.0009229423231234969, 'train_loss': 0.0016496250389860987, 'mae': 0.31110325, 'elapsed_time': 116.92673182487488}
2021-10-13 01:12:17,191 multi task weight : 0.7493333333333333
2021-10-13 01:14:13,939 {'epoch': 38, 'lr': 0.0009187246438772933, 'train_loss': 0.0017027313429109302, 'mae': 0.28253266, 'elapsed_time': 116.9611463546753}
2021-10-13 01:14:15,280 multi task weight : 0.7506666666666666
2021-10-13 01:16:12,044 {'epoch': 39, 'lr': 0.0009144048842659075, 'train_loss': 0.0016046464635766525, 'mae': 0.30567184, 'elapsed_time': 116.98295402526855}
2021-10-13 01:16:12,245 multi task weight : 0.752
2021-10-13 01:18:08,897 {'epoch': 40, 'lr': 0.0009099841101253861, 'train_loss': 0.0016184817041740107, 'mae': 0.3207304, 'elapsed_time': 116.85141181945801}
2021-10-13 01:18:09,130 multi task weight : 0.7533333333333333
2021-10-13 01:20:05,994 {'epoch': 41, 'lr': 0.0009054634122155986, 'train_loss': 0.0017008045114295382, 'mae': 0.31619993, 'elapsed_time': 117.09166145324707}
2021-10-13 01:20:06,229 multi task weight : 0.7546666666666666
2021-10-13 01:22:02,772 {'epoch': 42, 'lr': 0.0009008439059511095, 'train_loss': 0.0016168047473417203, 'mae': 0.26724055, 'elapsed_time': 116.7733473777771}
2021-10-13 01:22:04,070 multi task weight : 0.756
2021-10-13 01:24:00,882 {'epoch': 43, 'lr': 0.0008961267311259662, 'train_loss': 0.001588309537977316, 'mae': 0.2805543, 'elapsed_time': 117.01177954673767}
2021-10-13 01:24:01,115 multi task weight : 0.7573333333333334
2021-10-13 01:25:57,840 {'epoch': 44, 'lr': 0.0008913130516324728, 'train_loss': 0.0015121381984118834, 'mae': 0.27943665, 'elapsed_time': 116.95674562454224}
2021-10-13 01:25:58,049 multi task weight : 0.7586666666666666
2021-10-13 01:27:54,843 {'epoch': 45, 'lr': 0.0008864040551740152, 'train_loss': 0.00146355305664424, 'mae': 0.31078535, 'elapsed_time': 117.00003695487976}
2021-10-13 01:27:55,061 multi task weight : 0.76
2021-10-13 01:29:51,784 {'epoch': 46, 'lr': 0.000881400952972015, 'train_loss': 0.0015078722971452634, 'mae': 0.25976786, 'elapsed_time': 116.93644142150879}
2021-10-13 01:29:53,096 multi task weight : 0.7613333333333333
2021-10-13 01:31:49,750 {'epoch': 47, 'lr': 0.0008763049794670771, 'train_loss': 0.0015198281626084373, 'mae': 0.24235752, 'elapsed_time': 116.88226056098938}
2021-10-13 01:31:51,074 multi task weight : 0.7626666666666666
2021-10-13 01:33:47,839 {'epoch': 48, 'lr': 0.0008711173920144113, 'train_loss': 0.0014974928086387788, 'mae': 0.26455382, 'elapsed_time': 116.98108673095703}
2021-10-13 01:33:48,070 multi task weight : 0.764
2021-10-13 01:35:44,856 {'epoch': 49, 'lr': 0.0008658394705735983, 'train_loss': 0.0013687964052337142, 'mae': 0.23879361, 'elapsed_time': 117.01309943199158}
2021-10-13 01:35:46,207 multi task weight : 0.7653333333333333
2021-10-13 01:37:43,007 {'epoch': 50, 'lr': 0.0008604725173927781, 'train_loss': 0.0014630336642778813, 'mae': 0.25315142, 'elapsed_time': 117.02988648414612}
2021-10-13 01:37:43,220 multi task weight : 0.7666666666666666
2021-10-13 01:39:40,019 {'epoch': 51, 'lr': 0.0008550178566873405, 'train_loss': 0.0013992635411012244, 'mae': 0.2322465, 'elapsed_time': 117.00910830497742}
2021-10-13 01:39:41,352 multi task weight : 0.768
2021-10-13 01:41:38,443 {'epoch': 52, 'lr': 0.0008494768343131951, 'train_loss': 0.001545995625193898, 'mae': 0.33652735, 'elapsed_time': 117.34002542495728}
2021-10-13 01:41:38,651 multi task weight : 0.7693333333333333
2021-10-13 01:43:35,563 {'epoch': 53, 'lr': 0.0008438508174347005, 'train_loss': 0.001465570204814117, 'mae': 0.2348482, 'elapsed_time': 117.11546397209167}
2021-10-13 01:43:35,794 multi task weight : 0.7706666666666666
2021-10-13 01:45:33,030 {'epoch': 54, 'lr': 0.0008381411941873374, 'train_loss': 0.0013585657231889867, 'mae': 0.24787383, 'elapsed_time': 117.46265888214111}
2021-10-13 01:45:33,272 multi task weight : 0.772
2021-10-13 01:47:30,347 {'epoch': 55, 'lr': 0.0008323493733352073, 'train_loss': 0.0013898484011392392, 'mae': 0.2587926, 'elapsed_time': 117.31470227241516}
2021-10-13 01:47:30,568 multi task weight : 0.7733333333333332
2021-10-13 01:49:27,546 {'epoch': 56, 'lr': 0.0008264767839234405, 'train_loss': 0.0013271249198731877, 'mae': 0.25692716, 'elapsed_time': 117.19735908508301}
2021-10-13 01:49:27,769 multi task weight : 0.7746666666666666
2021-10-13 01:51:24,552 {'epoch': 57, 'lr': 0.000820524874925601, 'train_loss': 0.0015469962789018553, 'mae': 0.2558556, 'elapsed_time': 117.00423979759216}
2021-10-13 01:51:24,785 multi task weight : 0.776
2021-10-13 01:53:21,540 {'epoch': 58, 'lr': 0.0008144951148861737, 'train_loss': 0.0013755897826572537, 'mae': 0.2928723, 'elapsed_time': 116.98525285720825}
2021-10-13 01:53:21,768 multi task weight : 0.7773333333333332
2021-10-13 01:55:18,446 {'epoch': 59, 'lr': 0.0008083889915582231, 'train_loss': 0.001328934982636261, 'mae': 0.21935697, 'elapsed_time': 116.90236854553223}
2021-10-13 01:55:19,776 multi task weight : 0.7786666666666666
2021-10-13 01:57:16,936 {'epoch': 60, 'lr': 0.0008022080115363123, 'train_loss': 0.0012197277351295498, 'mae': 0.24265741, 'elapsed_time': 117.40362501144409}
2021-10-13 01:57:17,165 multi task weight : 0.78
2021-10-13 01:59:14,608 {'epoch': 61, 'lr': 0.0007959536998847739, 'train_loss': 0.001244301118840438, 'mae': 0.23274562, 'elapsed_time': 117.66915822029114}
2021-10-13 01:59:14,839 multi task weight : 0.7813333333333332
2021-10-13 02:01:12,010 {'epoch': 62, 'lr': 0.0007896275997614226, 'train_loss': 0.0012487520495240779, 'mae': 0.23036648, 'elapsed_time': 117.39816164970398}
2021-10-13 02:01:12,225 multi task weight : 0.7826666666666666
2021-10-13 02:03:09,175 {'epoch': 63, 'lr': 0.0007832312720368044, 'train_loss': 0.0012244948713668062, 'mae': 0.22198288, 'elapsed_time': 117.16294932365417}
2021-10-13 02:03:09,409 multi task weight : 0.784
2021-10-13 02:05:06,302 {'epoch': 64, 'lr': 0.0007767662949090749, 'train_loss': 0.0011642440152462544, 'mae': 0.21689063, 'elapsed_time': 117.12309336662292}
2021-10-13 02:05:07,596 multi task weight : 0.7853333333333332
2021-10-13 02:07:04,871 {'epoch': 65, 'lr': 0.000770234263514603, 'train_loss': 0.0011500865797468413, 'mae': 0.20966773, 'elapsed_time': 117.48095607757568}
2021-10-13 02:07:06,224 multi task weight : 0.7866666666666666
2021-10-13 02:09:03,239 {'epoch': 66, 'lr': 0.0007636367895343944, 'train_loss': 0.001187991612202644, 'mae': 0.23079595, 'elapsed_time': 117.24666619300842}
2021-10-13 02:09:03,498 multi task weight : 0.788
2021-10-13 02:11:00,563 {'epoch': 67, 'lr': 0.0007569755007964335, 'train_loss': 0.001408623709948826, 'mae': 0.22729164, 'elapsed_time': 117.32236671447754}
2021-10-13 02:11:00,800 multi task weight : 0.7893333333333333
2021-10-13 02:12:57,871 {'epoch': 68, 'lr': 0.0007502520408740415, 'train_loss': 0.001233931137847537, 'mae': 0.2178436, 'elapsed_time': 117.30605912208557}
2021-10-13 02:12:58,088 multi task weight : 0.7906666666666666
2021-10-13 02:14:55,312 {'epoch': 69, 'lr': 0.0007434680686803488, 'train_loss': 0.001114582645011272, 'mae': 0.21021765, 'elapsed_time': 117.43889427185059}
2021-10-13 02:14:55,529 multi task weight : 0.792
2021-10-13 02:16:52,904 {'epoch': 70, 'lr': 0.0007366252580589837, 'train_loss': 0.0011767994122415524, 'mae': 0.32905984, 'elapsed_time': 117.58457255363464}
2021-10-13 02:16:53,140 multi task weight : 0.7933333333333333
2021-10-13 02:18:50,423 {'epoch': 71, 'lr': 0.0007297252973710754, 'train_loss': 0.001341012940847613, 'mae': 0.21630406, 'elapsed_time': 117.51403903961182}
2021-10-13 02:18:50,665 multi task weight : 0.7946666666666666
2021-10-13 02:20:48,060 {'epoch': 72, 'lr': 0.0007227698890786777, 'train_loss': 0.0010800997019949695, 'mae': 0.20611133, 'elapsed_time': 117.63445496559143}
2021-10-13 02:20:49,454 multi task weight : 0.796
2021-10-13 02:22:46,661 {'epoch': 73, 'lr': 0.0007157607493247108, 'train_loss': 0.0011914289840963047, 'mae': 0.22835939, 'elapsed_time': 117.45746636390686}
2021-10-13 02:22:46,881 multi task weight : 0.7973333333333333
2021-10-13 02:24:43,727 {'epoch': 74, 'lr': 0.0007086996075095287, 'train_loss': 0.0011997330668422463, 'mae': 0.23280698, 'elapsed_time': 117.06475782394409}
2021-10-13 02:24:43,945 multi task weight : 0.7986666666666666
2021-10-13 02:26:40,735 {'epoch': 75, 'lr': 0.0007015882058642161, 'train_loss': 0.0011997515230758684, 'mae': 0.21048947, 'elapsed_time': 117.00533723831177}
2021-10-13 02:26:40,984 multi task weight : 0.8
2021-10-13 02:28:37,805 {'epoch': 76, 'lr': 0.0006944282990207193, 'train_loss': 0.0010256278862457073, 'mae': 0.24772044, 'elapsed_time': 117.06581687927246}
2021-10-13 02:28:38,044 multi task weight : 0.8013333333333333
2021-10-13 02:30:35,126 {'epoch': 77, 'lr': 0.0006872216535789155, 'train_loss': 0.0010842509907185835, 'mae': 0.23955615, 'elapsed_time': 117.31911969184875}
2021-10-13 02:30:35,354 multi task weight : 0.8026666666666666
2021-10-13 02:32:32,282 {'epoch': 78, 'lr': 0.0006799700476707321, 'train_loss': 0.0010694069036136327, 'mae': 0.22371262, 'elapsed_time': 117.15391993522644}
2021-10-13 02:32:32,527 multi task weight : 0.804
2021-10-13 02:34:29,413 {'epoch': 79, 'lr': 0.0006726752705214191, 'train_loss': 0.0010064338380193143, 'mae': 0.18968855, 'elapsed_time': 117.12857437133789}
2021-10-13 02:34:30,789 multi task weight : 0.8053333333333333
2021-10-13 02:36:28,280 {'epoch': 80, 'lr': 0.0006653391220080838, 'train_loss': 0.0009498245572218285, 'mae': 0.22797684, 'elapsed_time': 117.72223114967346}
2021-10-13 02:36:28,484 multi task weight : 0.8066666666666666
2021-10-13 02:38:25,658 {'epoch': 81, 'lr': 0.0006579634122155988, 'train_loss': 0.0010419444364327085, 'mae': 0.19255546, 'elapsed_time': 117.37540245056152}
2021-10-13 02:38:25,891 multi task weight : 0.808
2021-10-13 02:40:23,068 {'epoch': 82, 'lr': 0.0006505499609899903, 'train_loss': 0.0009283126447278195, 'mae': 0.19975257, 'elapsed_time': 117.40780258178711}
2021-10-13 02:40:23,298 multi task weight : 0.8093333333333333
2021-10-13 02:42:20,696 {'epoch': 83, 'lr': 0.0006431005974894184, 'train_loss': 0.0009473284408993244, 'mae': 0.19316465, 'elapsed_time': 117.62382984161377}
2021-10-13 02:42:20,926 multi task weight : 0.8106666666666666
2021-10-13 02:44:18,075 {'epoch': 84, 'lr': 0.0006356171597328593, 'train_loss': 0.000970786534289282, 'mae': 0.19477049, 'elapsed_time': 117.37463021278381}
2021-10-13 02:44:18,301 multi task weight : 0.812
2021-10-13 02:46:15,555 {'epoch': 85, 'lr': 0.0006281014941466028, 'train_loss': 0.0010197262809845768, 'mae': 0.23093688, 'elapsed_time': 117.47695684432983}
2021-10-13 02:46:15,799 multi task weight : 0.8133333333333334
2021-10-13 02:48:13,144 {'epoch': 86, 'lr': 0.000620555455108673, 'train_loss': 0.0009815403801556293, 'mae': 0.18986842, 'elapsed_time': 117.58676934242249}
2021-10-13 02:48:13,373 multi task weight : 0.8146666666666667
2021-10-13 02:50:10,763 {'epoch': 87, 'lr': 0.0006129809044912885, 'train_loss': 0.0009047772579828266, 'mae': 0.19581144, 'elapsed_time': 117.61471319198608}
2021-10-13 02:50:11,013 multi task weight : 0.8160000000000001
2021-10-13 02:52:08,582 {'epoch': 88, 'lr': 0.0006053797112014735, 'train_loss': 0.0009334773630042041, 'mae': 0.20438676, 'elapsed_time': 117.81294846534729}
2021-10-13 02:52:08,842 multi task weight : 0.8173333333333334
2021-10-13 02:54:06,250 {'epoch': 89, 'lr': 0.0005977537507199336, 'train_loss': 0.0008876533867794998, 'mae': 0.19335248, 'elapsed_time': 117.66614890098572}
2021-10-13 02:54:06,482 multi task weight : 0.8186666666666667
2021-10-13 02:56:03,914 {'epoch': 90, 'lr': 0.0005901049046383074, 'train_loss': 0.0008329960702121692, 'mae': 0.19703688, 'elapsed_time': 117.66166353225708}
2021-10-13 02:56:04,151 multi task weight : 0.8200000000000001
2021-10-13 02:58:01,675 {'epoch': 91, 'lr': 0.0005824350601949141, 'train_loss': 0.000869121094653352, 'mae': 0.1897016, 'elapsed_time': 117.75810813903809}
2021-10-13 02:58:01,915 multi task weight : 0.8213333333333334
2021-10-13 02:59:59,292 {'epoch': 92, 'lr': 0.0005747461098091033, 'train_loss': 0.0008222260256282457, 'mae': 0.18459576, 'elapsed_time': 117.61470222473145}
2021-10-13 03:00:00,701 multi task weight : 0.8226666666666667
2021-10-13 03:01:57,872 {'epoch': 93, 'lr': 0.0005670399506143305, 'train_loss': 0.0008019029370813357, 'mae': 0.18772398, 'elapsed_time': 117.42854022979736}
2021-10-13 03:01:58,078 multi task weight : 0.8240000000000001
2021-10-13 03:03:55,289 {'epoch': 94, 'lr': 0.0005593184839900673, 'train_loss': 0.0008048973770193741, 'mae': 0.18428075, 'elapsed_time': 117.41441798210144}
2021-10-13 03:03:56,622 multi task weight : 0.8253333333333334
2021-10-13 03:05:53,892 {'epoch': 95, 'lr': 0.0005515836150926644, 'train_loss': 0.000800508875313423, 'mae': 0.1815983, 'elapsed_time': 117.54492807388306}
2021-10-13 03:05:55,309 multi task weight : 0.8266666666666667
2021-10-13 03:07:52,528 {'epoch': 96, 'lr': 0.0005438372523852832, 'train_loss': 0.0007718544034935371, 'mae': 0.17823294, 'elapsed_time': 117.4554979801178}
2021-10-13 03:07:53,818 multi task weight : 0.8280000000000001
2021-10-13 03:09:50,843 {'epoch': 97, 'lr': 0.00053608130716701, 'train_loss': 0.0007683128778896164, 'mae': 0.1969297, 'elapsed_time': 117.25325322151184}
2021-10-13 03:09:51,068 multi task weight : 0.8293333333333333
2021-10-13 03:11:48,099 {'epoch': 98, 'lr': 0.0005283176931012729, 'train_loss': 0.001037833082129854, 'mae': 0.187625, 'elapsed_time': 117.25162148475647}
2021-10-13 03:11:48,317 multi task weight : 0.8306666666666667
2021-10-13 03:13:45,238 {'epoch': 99, 'lr': 0.0005205483257436734, 'train_loss': 0.0007980116201728839, 'mae': 0.18914577, 'elapsed_time': 117.13532042503357}
2021-10-13 03:13:45,445 multi task weight : 0.8320000000000001
2021-10-13 03:15:42,429 {'epoch': 100, 'lr': 0.0005127751220693511, 'train_loss': 0.0007425111073524135, 'mae': 0.17821847, 'elapsed_time': 117.18833065032959}
2021-10-13 03:15:43,780 multi task weight : 0.8333333333333333
2021-10-13 03:17:41,031 {'epoch': 101, 'lr': 0.0005049999999999998, 'train_loss': 0.000699469069792902, 'mae': 0.17707826, 'elapsed_time': 117.45871543884277}
2021-10-13 03:17:42,355 multi task weight : 0.8346666666666667
2021-10-13 03:19:39,485 {'epoch': 102, 'lr': 0.0004972248779306486, 'train_loss': 0.000694869695671984, 'mae': 0.17485118, 'elapsed_time': 117.36401557922363}
2021-10-13 03:19:40,794 multi task weight : 0.8360000000000001
2021-10-13 03:21:37,954 {'epoch': 103, 'lr': 0.0004894516742563262, 'train_loss': 0.0006955830193932598, 'mae': 0.17692377, 'elapsed_time': 117.374192237854}
2021-10-13 03:21:38,172 multi task weight : 0.8373333333333333
2021-10-13 03:23:35,305 {'epoch': 104, 'lr': 0.00048168230689872663, 'train_loss': 0.0006954953460809092, 'mae': 0.17577451, 'elapsed_time': 117.34892868995667}
2021-10-13 03:23:35,534 multi task weight : 0.8386666666666667
2021-10-13 03:25:32,367 {'epoch': 105, 'lr': 0.0004739186928329896, 'train_loss': 0.000684977664610382, 'mae': 0.17221358, 'elapsed_time': 117.05745816230774}
2021-10-13 03:25:33,720 multi task weight : 0.8400000000000001
2021-10-13 03:27:30,673 {'epoch': 106, 'lr': 0.00046616274761471655, 'train_loss': 0.0006712122520986102, 'mae': 0.1743253, 'elapsed_time': 117.17900586128235}
2021-10-13 03:27:30,901 multi task weight : 0.8413333333333333
2021-10-13 03:29:27,782 {'epoch': 107, 'lr': 0.0004584163849073352, 'train_loss': 0.0006603488924489106, 'mae': 0.17339861, 'elapsed_time': 117.10568737983704}
2021-10-13 03:29:28,000 multi task weight : 0.8426666666666667
2021-10-13 03:31:25,129 {'epoch': 108, 'lr': 0.0004506815160099324, 'train_loss': 0.0006546486733201088, 'mae': 0.17113426, 'elapsed_time': 117.34502959251404}
2021-10-13 03:31:26,464 multi task weight : 0.8440000000000001
2021-10-13 03:33:23,447 {'epoch': 109, 'lr': 0.0004429600493856693, 'train_loss': 0.0006436250032455894, 'mae': 0.17695886, 'elapsed_time': 117.24878334999084}
2021-10-13 03:33:23,664 multi task weight : 0.8453333333333333
2021-10-13 03:35:20,757 {'epoch': 110, 'lr': 0.00043525389019089656, 'train_loss': 0.000648850707412556, 'mae': 0.17372972, 'elapsed_time': 117.30505037307739}
2021-10-13 03:35:20,981 multi task weight : 0.8466666666666667
2021-10-13 03:37:17,961 {'epoch': 111, 'lr': 0.0004275649398050856, 'train_loss': 0.0006343692072066666, 'mae': 0.1807451, 'elapsed_time': 117.19794344902039}
2021-10-13 03:37:18,157 multi task weight : 0.8480000000000001
2021-10-13 03:39:15,057 {'epoch': 112, 'lr': 0.0004198950953616921, 'train_loss': 0.0006229151477895287, 'mae': 0.17274508, 'elapsed_time': 117.09339570999146}
2021-10-13 03:39:15,262 multi task weight : 0.8493333333333333
2021-10-13 03:41:12,184 {'epoch': 113, 'lr': 0.0004122462492800662, 'train_loss': 0.0006202328152771894, 'mae': 0.1699442, 'elapsed_time': 117.12317204475403}
2021-10-13 03:41:13,554 multi task weight : 0.8506666666666667
2021-10-13 03:43:10,494 {'epoch': 114, 'lr': 0.0004046202887985263, 'train_loss': 0.000653840442705897, 'mae': 0.19350219, 'elapsed_time': 117.17756676673889}
2021-10-13 03:43:10,728 multi task weight : 0.8520000000000001
2021-10-13 03:45:07,606 {'epoch': 115, 'lr': 0.0003970190955087115, 'train_loss': 0.000690667001768759, 'mae': 0.20699157, 'elapsed_time': 117.10954022407532}
2021-10-13 03:45:07,821 multi task weight : 0.8533333333333333
2021-10-13 03:47:04,738 {'epoch': 116, 'lr': 0.0003894445448913267, 'train_loss': 0.0006522164510956776, 'mae': 0.17267807, 'elapsed_time': 117.12892270088196}
2021-10-13 03:47:04,960 multi task weight : 0.8546666666666667
2021-10-13 03:49:01,863 {'epoch': 117, 'lr': 0.00038189850585339675, 'train_loss': 0.0006135416723234792, 'mae': 0.16894975, 'elapsed_time': 117.12207174301147}
2021-10-13 03:49:03,145 multi task weight : 0.8560000000000001
2021-10-13 03:51:00,095 {'epoch': 118, 'lr': 0.0003743828402671403, 'train_loss': 0.0007252634894238592, 'mae': 0.1688266, 'elapsed_time': 117.21276473999023}
2021-10-13 03:51:01,461 multi task weight : 0.8573333333333333
2021-10-13 03:52:58,343 {'epoch': 119, 'lr': 0.0003668994025105814, 'train_loss': 0.0005717000511775473, 'mae': 0.17050633, 'elapsed_time': 117.11358189582825}
2021-10-13 03:52:58,572 multi task weight : 0.8586666666666667
2021-10-13 03:54:55,448 {'epoch': 120, 'lr': 0.00035945003901000945, 'train_loss': 0.00055187716654263, 'mae': 0.167719, 'elapsed_time': 117.0992419719696}
2021-10-13 03:54:56,728 multi task weight : 0.8600000000000001
2021-10-13 03:56:53,815 {'epoch': 121, 'lr': 0.00035203658778440103, 'train_loss': 0.0005430912172497108, 'mae': 0.16736044, 'elapsed_time': 117.2889096736908}
2021-10-13 03:56:55,183 multi task weight : 0.8613333333333333
2021-10-13 03:58:52,307 {'epoch': 122, 'lr': 0.0003446608779919159, 'train_loss': 0.0005360311771773241, 'mae': 0.1644912, 'elapsed_time': 117.36158037185669}
2021-10-13 03:58:53,702 multi task weight : 0.8626666666666667
2021-10-13 04:00:50,691 {'epoch': 123, 'lr': 0.00033732472947858063, 'train_loss': 0.000529265518295915, 'mae': 0.16678853, 'elapsed_time': 117.23063492774963}
2021-10-13 04:00:50,913 multi task weight : 0.864
2021-10-13 04:02:47,876 {'epoch': 124, 'lr': 0.00033002995232926766, 'train_loss': 0.0005292951363904773, 'mae': 0.1653907, 'elapsed_time': 117.18297338485718}
2021-10-13 04:02:48,090 multi task weight : 0.8653333333333333
2021-10-13 04:04:45,002 {'epoch': 125, 'lr': 0.0003227783464210844, 'train_loss': 0.0005223247597229805, 'mae': 0.16546372, 'elapsed_time': 117.12349486351013}
2021-10-13 04:04:45,214 multi task weight : 0.8666666666666666
2021-10-13 04:06:42,057 {'epoch': 126, 'lr': 0.00031557170097928054, 'train_loss': 0.0005127650426393356, 'mae': 0.16458835, 'elapsed_time': 117.05264163017273}
2021-10-13 04:06:42,289 multi task weight : 0.868
2021-10-13 04:08:39,191 {'epoch': 127, 'lr': 0.0003084117941357834, 'train_loss': 0.0005071105752720432, 'mae': 0.16311733, 'elapsed_time': 117.13196301460266}
2021-10-13 04:08:40,573 multi task weight : 0.8693333333333333
2021-10-13 04:10:37,589 {'epoch': 128, 'lr': 0.00030130039249047106, 'train_loss': 0.00051289866237134, 'mae': 0.16407546, 'elapsed_time': 117.26477336883545}
2021-10-13 04:10:37,823 multi task weight : 0.8706666666666667
2021-10-13 04:12:34,821 {'epoch': 129, 'lr': 0.00029423925067528897, 'train_loss': 0.000496546597811878, 'mae': 0.16608635, 'elapsed_time': 117.2294249534607}
2021-10-13 04:12:35,050 multi task weight : 0.872
2021-10-13 04:14:31,913 {'epoch': 130, 'lr': 0.0002872301109213219, 'train_loss': 0.0004893183367508307, 'mae': 0.16193932, 'elapsed_time': 117.08510279655457}
2021-10-13 04:14:33,250 multi task weight : 0.8733333333333333
2021-10-13 04:16:30,484 {'epoch': 131, 'lr': 0.0002802747026289243, 'train_loss': 0.00048251613459844236, 'mae': 0.16350442, 'elapsed_time': 117.45628929138184}
2021-10-13 04:16:30,721 multi task weight : 0.8746666666666667
2021-10-13 04:18:27,723 {'epoch': 132, 'lr': 0.00027337474194101617, 'train_loss': 0.0004699070406540725, 'mae': 0.16279714, 'elapsed_time': 117.23370146751404}
2021-10-13 04:18:27,947 multi task weight : 0.876
2021-10-13 04:20:24,854 {'epoch': 133, 'lr': 0.00026653193131965077, 'train_loss': 0.00046592995245441684, 'mae': 0.1636793, 'elapsed_time': 117.12938952445984}
2021-10-13 04:20:25,058 multi task weight : 0.8773333333333333
2021-10-13 04:22:22,088 {'epoch': 134, 'lr': 0.00025974795912595813, 'train_loss': 0.0004597298826249606, 'mae': 0.1635257, 'elapsed_time': 117.2314383983612}
2021-10-13 04:22:22,324 multi task weight : 0.8786666666666667
2021-10-13 04:24:19,250 {'epoch': 135, 'lr': 0.0002530244992035661, 'train_loss': 0.00044908436975578267, 'mae': 0.1615794, 'elapsed_time': 117.15670943260193}
2021-10-13 04:24:20,612 multi task weight : 0.88
2021-10-13 04:26:17,474 {'epoch': 136, 'lr': 0.00024636321046560527, 'train_loss': 0.00044707125521865486, 'mae': 0.16477126, 'elapsed_time': 117.10275554656982}
2021-10-13 04:26:17,669 multi task weight : 0.8813333333333333
2021-10-13 04:28:14,636 {'epoch': 137, 'lr': 0.00023976573648539645, 'train_loss': 0.000440280274484946, 'mae': 0.16121556, 'elapsed_time': 117.15943670272827}
2021-10-13 04:28:15,964 multi task weight : 0.8826666666666667
2021-10-13 04:30:12,991 {'epoch': 138, 'lr': 0.00023323370509092462, 'train_loss': 0.00043229924093973884, 'mae': 0.16039696, 'elapsed_time': 117.2678587436676}
2021-10-13 04:30:14,397 multi task weight : 0.884
2021-10-13 04:32:11,324 {'epoch': 139, 'lr': 0.00022676872796319523, 'train_loss': 0.0004266657875178072, 'mae': 0.16012658, 'elapsed_time': 117.16326379776001}
2021-10-13 04:32:12,690 multi task weight : 0.8853333333333333
2021-10-13 04:34:09,745 {'epoch': 140, 'lr': 0.00022037240023857702, 'train_loss': 0.0004193477356044799, 'mae': 0.16077234, 'elapsed_time': 117.28701615333557}
2021-10-13 04:34:09,986 multi task weight : 0.8866666666666667
2021-10-13 04:36:07,110 {'epoch': 141, 'lr': 0.00021404630011522577, 'train_loss': 0.0004212139308269921, 'mae': 0.16105504, 'elapsed_time': 117.36248993873596}
2021-10-13 04:36:07,339 multi task weight : 0.888
2021-10-13 04:38:04,064 {'epoch': 142, 'lr': 0.00020779198846368737, 'train_loss': 0.00041263743777092204, 'mae': 0.16111723, 'elapsed_time': 116.95100498199463}
2021-10-13 04:38:04,290 multi task weight : 0.8893333333333333
2021-10-13 04:40:01,458 {'epoch': 143, 'lr': 0.0002016110084417765, 'train_loss': 0.0004019061422544532, 'mae': 0.15985353, 'elapsed_time': 117.39254999160767}
2021-10-13 04:40:02,928 multi task weight : 0.8906666666666667
2021-10-13 04:42:00,283 {'epoch': 144, 'lr': 0.00019550488511382584, 'train_loss': 0.0003969903822403186, 'mae': 0.15934886, 'elapsed_time': 117.65103483200073}
2021-10-13 04:42:01,633 multi task weight : 0.892
2021-10-13 04:43:58,798 {'epoch': 145, 'lr': 0.00018947512507439847, 'train_loss': 0.0003899814007400163, 'mae': 0.15978794, 'elapsed_time': 117.37611675262451}
2021-10-13 04:43:59,029 multi task weight : 0.8933333333333333
2021-10-13 04:45:56,021 {'epoch': 146, 'lr': 0.00018352321607655904, 'train_loss': 0.00038645069514178456, 'mae': 0.16000018, 'elapsed_time': 117.21761393547058}
2021-10-13 04:45:56,248 multi task weight : 0.8946666666666667
2021-10-13 04:47:53,504 {'epoch': 147, 'lr': 0.0001776506266647923, 'train_loss': 0.00038045049873979936, 'mae': 0.15889142, 'elapsed_time': 117.47870421409607}
2021-10-13 04:47:54,875 multi task weight : 0.896
2021-10-13 04:49:51,958 {'epoch': 148, 'lr': 0.00017185880581266206, 'train_loss': 0.000374731846336421, 'mae': 0.15918003, 'elapsed_time': 117.31911826133728}
2021-10-13 04:49:52,194 multi task weight : 0.8973333333333333
2021-10-13 04:51:49,257 {'epoch': 149, 'lr': 0.000166149182565299, 'train_loss': 0.00036868415612448436, 'mae': 0.15890169, 'elapsed_time': 117.29301977157593}
2021-10-13 04:51:49,494 multi task weight : 0.8986666666666667
2021-10-13 04:53:46,398 {'epoch': 150, 'lr': 0.00016052316568680435, 'train_loss': 0.0003629839977877791, 'mae': 0.15886459, 'elapsed_time': 117.1390290260315}
2021-10-13 04:53:47,785 multi task weight : 0.9
2021-10-13 04:55:45,003 {'epoch': 151, 'lr': 0.00015498214331265893, 'train_loss': 0.0003561386283094556, 'mae': 0.15873092, 'elapsed_time': 117.4597053527832}
2021-10-13 04:55:46,368 multi task weight : 0.9
2021-10-13 04:57:43,310 {'epoch': 152, 'lr': 0.0001495274826072215, 'train_loss': 0.000352893119234767, 'mae': 0.15852886, 'elapsed_time': 117.17879676818848}
2021-10-13 04:57:44,727 multi task weight : 0.9
2021-10-13 04:59:41,843 {'epoch': 153, 'lr': 0.00014416052942640132, 'train_loss': 0.00034673979229400535, 'mae': 0.15801266, 'elapsed_time': 117.35662627220154}
2021-10-13 04:59:43,196 multi task weight : 0.9
2021-10-13 05:01:40,627 {'epoch': 154, 'lr': 0.0001388826079855881, 'train_loss': 0.00034001618691623174, 'mae': 0.15849122, 'elapsed_time': 117.66457080841064}
2021-10-13 05:01:40,845 multi task weight : 0.9
2021-10-13 05:03:38,143 {'epoch': 155, 'lr': 0.00013369502053292245, 'train_loss': 0.0003355090890259953, 'mae': 0.15814996, 'elapsed_time': 117.51354098320007}
2021-10-13 05:03:38,373 multi task weight : 0.9
2021-10-13 05:05:35,602 {'epoch': 156, 'lr': 0.00012859904702798464, 'train_loss': 0.0003318882237495256, 'mae': 0.15806751, 'elapsed_time': 117.4525785446167}
2021-10-13 05:05:35,835 multi task weight : 0.9
2021-10-13 05:07:33,051 {'epoch': 157, 'lr': 0.00012359594482598432, 'train_loss': 0.0003260832107727736, 'mae': 0.157839, 'elapsed_time': 117.44366121292114}
2021-10-13 05:07:34,451 multi task weight : 0.9
2021-10-13 05:09:31,543 {'epoch': 158, 'lr': 0.00011868694836752681, 'train_loss': 0.00032288456030777544, 'mae': 0.15663365, 'elapsed_time': 117.33761239051819}
2021-10-13 05:09:32,924 multi task weight : 0.9
2021-10-13 05:11:30,085 {'epoch': 159, 'lr': 0.0001138732688740332, 'train_loss': 0.0003184146065119286, 'mae': 0.1575034, 'elapsed_time': 117.39565515518188}
2021-10-13 05:11:30,318 multi task weight : 0.9
2021-10-13 05:13:27,509 {'epoch': 160, 'lr': 0.00010915609404889012, 'train_loss': 0.00031270255588335735, 'mae': 0.1574345, 'elapsed_time': 117.41675758361816}
2021-10-13 05:13:27,750 multi task weight : 0.9
2021-10-13 05:15:24,912 {'epoch': 161, 'lr': 0.00010453658778440103, 'train_loss': 0.00030850213239521203, 'mae': 0.15684617, 'elapsed_time': 117.40010356903076}
2021-10-13 05:15:25,136 multi task weight : 0.9
2021-10-13 05:17:22,253 {'epoch': 162, 'lr': 0.00010001588987461343, 'train_loss': 0.00030556265702946366, 'mae': 0.15687184, 'elapsed_time': 117.3386116027832}
2021-10-13 05:17:22,461 multi task weight : 0.9
2021-10-13 05:19:19,575 {'epoch': 163, 'lr': 9.559511573409192e-05, 'train_loss': 0.00030210251093523005, 'mae': 0.15700534, 'elapsed_time': 117.31590628623962}
2021-10-13 05:19:19,808 multi task weight : 0.9
2021-10-13 05:21:16,912 {'epoch': 164, 'lr': 9.12753561227063e-05, 'train_loss': 0.00029817066248568025, 'mae': 0.1570372, 'elapsed_time': 117.33546757698059}
2021-10-13 05:21:17,141 multi task weight : 0.9
2021-10-13 05:23:14,027 {'epoch': 165, 'lr': 8.705767687650262e-05, 'train_loss': 0.00029484989211664366, 'mae': 0.1569997, 'elapsed_time': 117.11255741119385}
2021-10-13 05:23:14,262 multi task weight : 0.9
2021-10-13 05:25:11,375 {'epoch': 166, 'lr': 8.294311864472445e-05, 'train_loss': 0.0002903647339397349, 'mae': 0.15657097, 'elapsed_time': 117.34277296066284}
2021-10-13 05:25:12,791 multi task weight : 0.9
2021-10-13 05:27:09,949 {'epoch': 167, 'lr': 7.89326966330478e-05, 'train_loss': 0.0002859425569919658, 'mae': 0.15643677, 'elapsed_time': 117.39437460899353}
2021-10-13 05:27:11,312 multi task weight : 0.9
2021-10-13 05:29:08,276 {'epoch': 168, 'lr': 7.502740035309526e-05, 'train_loss': 0.0002840809242625834, 'mae': 0.15628532, 'elapsed_time': 117.18010234832764}
2021-10-13 05:29:09,629 multi task weight : 0.9
2021-10-13 05:31:06,605 {'epoch': 169, 'lr': 7.12281933782875e-05, 'train_loss': 0.0002802009069076273, 'mae': 0.15635757, 'elapsed_time': 117.19613242149353}
2021-10-13 05:31:06,838 multi task weight : 0.9
2021-10-13 05:33:03,582 {'epoch': 170, 'lr': 6.75360131060967e-05, 'train_loss': 0.0002760030161354856, 'mae': 0.1561587, 'elapsed_time': 116.96830177307129}
2021-10-13 05:33:04,933 multi task weight : 0.9
2021-10-13 05:35:01,726 {'epoch': 171, 'lr': 6.395177052675792e-05, 'train_loss': 0.0002731229322718677, 'mae': 0.1560785, 'elapsed_time': 117.04729533195496}
2021-10-13 05:35:03,190 multi task weight : 0.9
2021-10-13 05:37:00,165 {'epoch': 172, 'lr': 6.047634999849528e-05, 'train_loss': 0.00027131764551487645, 'mae': 0.15634853, 'elapsed_time': 117.26049876213074}
2021-10-13 05:37:00,410 multi task weight : 0.9
2021-10-13 05:38:57,246 {'epoch': 173, 'lr': 5.711060902932039e-05, 'train_loss': 0.0002688776403282892, 'mae': 0.1561511, 'elapsed_time': 117.07871270179749}
2021-10-13 05:38:57,505 multi task weight : 0.9
2021-10-13 05:40:54,428 {'epoch': 174, 'lr': 5.385537806545467e-05, 'train_loss': 0.0002660607920022715, 'mae': 0.15607683, 'elapsed_time': 117.17998838424683}
2021-10-13 05:40:55,751 multi task weight : 0.9
2021-10-13 05:42:52,855 {'epoch': 175, 'lr': 5.0711460286429424e-05, 'train_loss': 0.00026341149585927613, 'mae': 0.15619229, 'elapsed_time': 117.3553717136383}
2021-10-13 05:42:53,095 multi task weight : 0.9
2021-10-13 05:44:50,048 {'epoch': 176, 'lr': 4.767963140691315e-05, 'train_loss': 0.00026110504353338716, 'mae': 0.1559923, 'elapsed_time': 117.1856095790863}
2021-10-13 05:44:51,362 multi task weight : 0.9
2021-10-13 05:46:48,350 {'epoch': 177, 'lr': 4.4760639485315563e-05, 'train_loss': 0.0002586874914293241, 'mae': 0.15595524, 'elapsed_time': 117.21909785270691}
2021-10-13 05:46:49,720 multi task weight : 0.9
2021-10-13 05:48:46,718 {'epoch': 178, 'lr': 4.195520473921563e-05, 'train_loss': 0.0002563764019316893, 'mae': 0.15583621, 'elapsed_time': 117.25824499130249}
2021-10-13 05:48:48,100 multi task weight : 0.9
2021-10-13 05:50:45,103 {'epoch': 179, 'lr': 3.9264019367658385e-05, 'train_loss': 0.00025417238613991767, 'mae': 0.15616456, 'elapsed_time': 117.25788259506226}
2021-10-13 05:50:45,346 multi task weight : 0.9
2021-10-13 05:52:42,290 {'epoch': 180, 'lr': 3.6687747380365064e-05, 'train_loss': 0.0002524467108300915, 'mae': 0.15598239, 'elapsed_time': 117.18476724624634}
2021-10-13 05:52:42,547 multi task weight : 0.9
2021-10-13 05:54:39,526 {'epoch': 181, 'lr': 3.422702443389899e-05, 'train_loss': 0.00025082747026107776, 'mae': 0.15597399, 'elapsed_time': 117.22810173034668}
2021-10-13 05:54:39,761 multi task weight : 0.9
2021-10-13 05:56:36,580 {'epoch': 182, 'lr': 3.188245767482658e-05, 'train_loss': 0.00024958161721740476, 'mae': 0.15594065, 'elapsed_time': 117.05166792869568}
2021-10-13 05:56:36,823 multi task weight : 0.9
2021-10-13 05:58:33,581 {'epoch': 183, 'lr': 2.965462558991323e-05, 'train_loss': 0.0002477311517184167, 'mae': 0.15578902, 'elapsed_time': 116.99864506721497}
2021-10-13 05:58:34,925 multi task weight : 0.9
2021-10-13 06:00:32,152 {'epoch': 184, 'lr': 2.7544077863390004e-05, 'train_loss': 0.0002460584372178342, 'mae': 0.15597385, 'elapsed_time': 117.48547577857971}
2021-10-13 06:00:32,398 multi task weight : 0.9
2021-10-13 06:02:29,596 {'epoch': 185, 'lr': 2.5551335241327672e-05, 'train_loss': 0.0002444436217888429, 'mae': 0.1558403, 'elapsed_time': 117.44154834747314}
2021-10-13 06:02:29,863 multi task weight : 0.9
2021-10-13 06:04:27,086 {'epoch': 186, 'lr': 2.367688940315011e-05, 'train_loss': 0.00024327034879947356, 'mae': 0.15592785, 'elapsed_time': 117.4869978427887}
2021-10-13 06:04:27,312 multi task weight : 0.9
2021-10-13 06:06:24,202 {'epoch': 187, 'lr': 2.1921202840320077e-05, 'train_loss': 0.0002418575035698213, 'mae': 0.15587169, 'elapsed_time': 117.1139268875122}
2021-10-13 06:06:24,456 multi task weight : 0.9
2021-10-13 06:08:21,445 {'epoch': 188, 'lr': 2.0284708742225903e-05, 'train_loss': 0.00024057715616483338, 'mae': 0.15583467, 'elapsed_time': 117.24088263511658}
2021-10-13 06:08:21,676 multi task weight : 0.9
2021-10-13 06:10:18,602 {'epoch': 189, 'lr': 1.8767810889299086e-05, 'train_loss': 0.0002396963367632401, 'mae': 0.15591712, 'elapsed_time': 117.15531492233276}
2021-10-13 06:10:18,861 multi task weight : 0.9
2021-10-13 06:12:15,756 {'epoch': 190, 'lr': 1.7370883553386936e-05, 'train_loss': 0.00023880055849424966, 'mae': 0.15588333, 'elapsed_time': 117.14725470542908}
2021-10-13 06:12:15,993 multi task weight : 0.9
2021-10-13 06:14:13,181 {'epoch': 191, 'lr': 1.6094271405406862e-05, 'train_loss': 0.00023775862784768627, 'mae': 0.15603182, 'elapsed_time': 117.42023944854736}
2021-10-13 06:14:13,416 multi task weight : 0.9
2021-10-13 06:16:10,553 {'epoch': 192, 'lr': 1.4938289430304022e-05, 'train_loss': 0.000236966023857306, 'mae': 0.15589803, 'elapsed_time': 117.36702060699463}
2021-10-13 06:16:10,818 multi task weight : 0.9
2021-10-13 06:18:07,897 {'epoch': 193, 'lr': 1.3903222849333509e-05, 'train_loss': 0.00023625556298089074, 'mae': 0.15593545, 'elapsed_time': 117.34094262123108}
2021-10-13 06:18:08,147 multi task weight : 0.9
2021-10-13 06:20:05,133 {'epoch': 194, 'lr': 1.2989327049686102e-05, 'train_loss': 0.00023554798232291495, 'mae': 0.15596639, 'elapsed_time': 117.2343008518219}
2021-10-13 06:20:05,381 multi task weight : 0.9
2021-10-13 06:22:02,309 {'epoch': 195, 'lr': 1.2196827521475404e-05, 'train_loss': 0.00023479588848839263, 'mae': 0.15595423, 'elapsed_time': 117.16990733146667}
2021-10-13 06:22:02,532 multi task weight : 0.9
2021-10-13 06:23:59,329 {'epoch': 196, 'lr': 1.152591980210166e-05, 'train_loss': 0.0002342983324579386, 'mae': 0.15584494, 'elapsed_time': 117.01435041427612}
2021-10-13 06:23:59,586 multi task weight : 0.9
2021-10-13 06:25:56,240 {'epoch': 197, 'lr': 1.097676942800558e-05, 'train_loss': 0.00023372948769605895, 'mae': 0.15592688, 'elapsed_time': 116.90883564949036}
2021-10-13 06:25:56,487 multi task weight : 0.9
2021-10-13 06:27:53,787 {'epoch': 198, 'lr': 1.0549511893824899e-05, 'train_loss': 0.0002332487367611993, 'mae': 0.15591927, 'elapsed_time': 117.54371619224548}
2021-10-13 06:27:54,021 multi task weight : 0.9
2021-10-13 06:29:51,336 {'epoch': 199, 'lr': 1.0244252618962858e-05, 'train_loss': 0.00023290890752232336, 'mae': 0.1558568, 'elapsed_time': 117.54690480232239}
2021-10-13 06:29:51,591 multi task weight : 0.9
2021-10-13 06:31:48,652 {'epoch': 200, 'lr': 1.006106692157801e-05, 'train_loss': 0.00023252690014058467, 'mae': 0.15592198, 'elapsed_time': 117.31359553337097}
2021-10-13 06:32:47,568 Total CV: 0.15578901767730713
