2021-10-07 01:20:44,899 Fold 0
2021-10-07 01:32:04,287 Fold 0
2021-10-07 01:32:07,326 train run device : cuda:0
2021-10-07 01:33:38,342 {'epoch': 1, 'lr': 0.001, 'train_loss': 0.013418759296002019, 'mae': 1.2967116, 'elapsed_time': 71.92312622070312}
2021-10-07 01:34:51,218 {'epoch': 2, 'lr': 0.000999938933078422, 'train_loss': 0.005439681360822707, 'mae': 1.0245137, 'elapsed_time': 72.46881127357483}
2021-10-07 01:36:04,161 {'epoch': 3, 'lr': 0.000999755747381037, 'train_loss': 0.004866927343737297, 'mae': 0.9471392, 'elapsed_time': 72.44873929023743}
2021-10-07 01:37:17,115 {'epoch': 4, 'lr': 0.000999450488106175, 'train_loss': 0.004465720631216755, 'mae': 0.876202, 'elapsed_time': 72.48723649978638}
2021-10-07 01:38:30,091 {'epoch': 5, 'lr': 0.0009990232305719944, 'train_loss': 0.004218950836547089, 'mae': 0.9150644, 'elapsed_time': 72.50307393074036}
2021-10-07 01:39:42,679 {'epoch': 6, 'lr': 0.0009984740801978983, 'train_loss': 0.003957820130231919, 'mae': 0.7334758, 'elapsed_time': 72.58732628822327}
2021-10-07 01:40:55,593 {'epoch': 7, 'lr': 0.0009978031724785245, 'train_loss': 0.0037884947749421325, 'mae': 0.6722227, 'elapsed_time': 72.44082236289978}
2021-10-07 01:42:08,665 {'epoch': 8, 'lr': 0.000997010672950314, 'train_loss': 0.003527691865536138, 'mae': 0.7112833, 'elapsed_time': 72.60449242591858}
2021-10-07 01:43:21,285 {'epoch': 9, 'lr': 0.0009960967771506664, 'train_loss': 0.0035264215948685976, 'mae': 0.60510147, 'elapsed_time': 72.62006759643555}
2021-10-07 01:44:34,911 {'epoch': 10, 'lr': 0.0009950617105696957, 'train_loss': 0.003204549445151651, 'mae': 0.57628644, 'elapsed_time': 73.17785382270813}
2021-10-07 01:45:48,003 {'epoch': 11, 'lr': 0.0009939057285945929, 'train_loss': 0.0031216687160544715, 'mae': 0.571019, 'elapsed_time': 72.59805583953857}
2021-10-07 01:47:01,119 {'epoch': 12, 'lr': 0.0009926291164466126, 'train_loss': 0.004100270320971807, 'mae': 0.6551162, 'elapsed_time': 72.63138556480408}
2021-10-07 01:48:14,367 {'epoch': 13, 'lr': 0.0009912321891107005, 'train_loss': 0.003217095189472948, 'mae': 0.58822155, 'elapsed_time': 73.24836730957031}
2021-10-07 01:49:27,641 {'epoch': 14, 'lr': 0.0009897152912577737, 'train_loss': 0.0030426216548132216, 'mae': 0.5516488, 'elapsed_time': 73.27337884902954}
2021-10-07 01:50:41,028 {'epoch': 15, 'lr': 0.0009880787971596797, 'train_loss': 0.002915903633599885, 'mae': 0.61444634, 'elapsed_time': 72.91453909873962}
2021-10-07 01:51:54,216 {'epoch': 16, 'lr': 0.0009863231105968495, 'train_loss': 0.0027915863973206442, 'mae': 0.5070654, 'elapsed_time': 73.1878879070282}
2021-10-07 01:53:07,882 {'epoch': 17, 'lr': 0.000984448664758672, 'train_loss': 0.0027611449183100024, 'mae': 0.57406616, 'elapsed_time': 73.22726225852966}
2021-10-07 01:54:21,093 {'epoch': 18, 'lr': 0.0009824559221366096, 'train_loss': 0.0026890826470177247, 'mae': 0.46889174, 'elapsed_time': 73.21069693565369}
2021-10-07 01:55:34,897 {'epoch': 19, 'lr': 0.0009803453744100864, 'train_loss': 0.0027261606948987154, 'mae': 0.5181362, 'elapsed_time': 73.34074330329895}
2021-10-07 01:56:48,262 {'epoch': 20, 'lr': 0.0009781175423251728, 'train_loss': 0.002774493661915885, 'mae': 0.45370346, 'elapsed_time': 73.36442804336548}
2021-10-07 01:58:02,104 {'epoch': 21, 'lr': 0.0009757729755661004, 'train_loss': 0.002627989621629298, 'mae': 0.5185605, 'elapsed_time': 73.3746919631958}
2021-10-07 01:59:15,577 {'epoch': 22, 'lr': 0.0009733122526196342, 'train_loss': 0.0025689017267081816, 'mae': 0.48368067, 'elapsed_time': 73.47304368019104}
2021-10-07 02:00:29,246 {'epoch': 23, 'lr': 0.000970735980632341, 'train_loss': 0.002896010058557379, 'mae': 0.52402395, 'elapsed_time': 73.66839694976807}
2021-10-07 02:01:42,703 {'epoch': 24, 'lr': 0.0009680447952607838, 'train_loss': 0.0029204580693390292, 'mae': 0.52582675, 'elapsed_time': 73.45616364479065}
2021-10-07 02:02:56,295 {'epoch': 25, 'lr': 0.0009652393605146839, 'train_loss': 0.0024796135368095953, 'mae': 0.4182869, 'elapsed_time': 73.5921881198883}
2021-10-07 02:04:10,119 {'epoch': 26, 'lr': 0.0009623203685930864, 'train_loss': 0.0024007872512318428, 'mae': 0.43430024, 'elapsed_time': 73.32694005966187}
2021-10-07 02:05:23,054 {'epoch': 27, 'lr': 0.00095928853971357, 'train_loss': 0.0023343606398368686, 'mae': 0.37328023, 'elapsed_time': 72.9345715045929}
2021-10-07 02:06:36,848 {'epoch': 28, 'lr': 0.0009561446219345448, 'train_loss': 0.0022543238030315787, 'mae': 0.3511045, 'elapsed_time': 73.34063792228699}
2021-10-07 02:07:50,730 {'epoch': 29, 'lr': 0.0009528893909706791, 'train_loss': 0.0022571152716756577, 'mae': 0.36081883, 'elapsed_time': 73.43087697029114}
2021-10-07 02:09:03,812 {'epoch': 30, 'lr': 0.0009495236500015041, 'train_loss': 0.0023878772110438175, 'mae': 0.3819604, 'elapsed_time': 73.0817220211029}
2021-10-07 02:10:17,216 {'epoch': 31, 'lr': 0.0009460482294732414, 'train_loss': 0.002459890250736234, 'mae': 0.39547086, 'elapsed_time': 73.40373158454895}
2021-10-07 02:11:30,484 {'epoch': 32, 'lr': 0.0009424639868939027, 'train_loss': 0.00222709040479047, 'mae': 0.3757699, 'elapsed_time': 73.26749444007874}
2021-10-07 02:12:43,604 {'epoch': 33, 'lr': 0.0009387718066217117, 'train_loss': 0.0021279301042585203, 'mae': 0.34622192, 'elapsed_time': 73.12019443511963}
2021-10-07 02:13:57,253 {'epoch': 34, 'lr': 0.000934972599646904, 'train_loss': 0.002183161914654723, 'mae': 0.38226217, 'elapsed_time': 73.16531252861023}
2021-10-07 02:15:10,044 {'epoch': 35, 'lr': 0.0009310673033669515, 'train_loss': 0.0021156115537648806, 'mae': 0.6075929, 'elapsed_time': 72.78969383239746}
2021-10-07 02:16:23,494 {'epoch': 36, 'lr': 0.0009270568813552751, 'train_loss': 0.0024229053736246524, 'mae': 0.37991732, 'elapsed_time': 73.45047664642334}
2021-10-07 02:17:36,841 {'epoch': 37, 'lr': 0.0009229423231234969, 'train_loss': 0.0023188853830178103, 'mae': 0.45783415, 'elapsed_time': 73.34641790390015}
2021-10-07 02:18:50,042 {'epoch': 38, 'lr': 0.0009187246438772933, 'train_loss': 0.002300859380431962, 'mae': 0.34965503, 'elapsed_time': 73.19992899894714}
2021-10-07 02:20:03,090 {'epoch': 39, 'lr': 0.0009144048842659075, 'train_loss': 0.002135694774473796, 'mae': 0.3424874, 'elapsed_time': 73.04747414588928}
2021-10-07 02:21:16,815 {'epoch': 40, 'lr': 0.0009099841101253861, 'train_loss': 0.0022496058100142016, 'mae': 0.34345892, 'elapsed_time': 73.28127098083496}
2021-10-07 02:22:29,987 {'epoch': 41, 'lr': 0.0009054634122155986, 'train_loss': 0.0021051474468569, 'mae': 0.32358065, 'elapsed_time': 73.17121863365173}
2021-10-07 02:23:43,937 {'epoch': 42, 'lr': 0.0009008439059511095, 'train_loss': 0.0018804236377525836, 'mae': 0.30807936, 'elapsed_time': 73.46164107322693}
2021-10-07 02:24:57,524 {'epoch': 43, 'lr': 0.0008961267311259662, 'train_loss': 0.0018662983093674882, 'mae': 0.27748337, 'elapsed_time': 73.13156199455261}
2021-10-07 02:26:11,262 {'epoch': 44, 'lr': 0.0008913130516324728, 'train_loss': 0.0019243936175992744, 'mae': 0.31211358, 'elapsed_time': 73.28853940963745}
2021-10-07 02:27:23,973 {'epoch': 45, 'lr': 0.0008864040551740152, 'train_loss': 0.0018772342910704982, 'mae': 0.57642215, 'elapsed_time': 72.71046209335327}
2021-10-07 02:28:37,011 {'epoch': 46, 'lr': 0.000881400952972015, 'train_loss': 0.001955675167593836, 'mae': 0.30472392, 'elapsed_time': 73.03725123405457}
2021-10-07 02:29:50,033 {'epoch': 47, 'lr': 0.0008763049794670771, 'train_loss': 0.0019514948378994102, 'mae': 0.34904698, 'elapsed_time': 73.02145504951477}
2021-10-07 02:31:03,200 {'epoch': 48, 'lr': 0.0008711173920144113, 'train_loss': 0.002201642594969849, 'mae': 0.2909822, 'elapsed_time': 73.16720819473267}
2021-10-07 02:32:16,387 {'epoch': 49, 'lr': 0.0008658394705735983, 'train_loss': 0.001850010012754784, 'mae': 0.28829676, 'elapsed_time': 73.18679523468018}
2021-10-07 02:33:29,034 {'epoch': 50, 'lr': 0.0008604725173927781, 'train_loss': 0.0017479457449960424, 'mae': 0.31180727, 'elapsed_time': 72.64586114883423}
2021-10-07 02:34:42,287 {'epoch': 51, 'lr': 0.0008550178566873405, 'train_loss': 0.0017581097964343051, 'mae': 0.26127863, 'elapsed_time': 73.25299787521362}
2021-10-07 02:35:55,880 {'epoch': 52, 'lr': 0.0008494768343131951, 'train_loss': 0.0017429278754907541, 'mae': 0.27434012, 'elapsed_time': 73.13267660140991}
2021-10-07 02:37:08,717 {'epoch': 53, 'lr': 0.0008438508174347005, 'train_loss': 0.0018432283219791865, 'mae': 0.2758622, 'elapsed_time': 72.83607149124146}
2021-10-07 02:38:21,540 {'epoch': 54, 'lr': 0.0008381411941873374, 'train_loss': 0.001632119438717743, 'mae': 0.2630966, 'elapsed_time': 72.82257580757141}
2021-10-07 02:39:34,217 {'epoch': 55, 'lr': 0.0008323493733352073, 'train_loss': 0.001686144135324587, 'mae': 0.2702475, 'elapsed_time': 72.67649793624878}
2021-10-07 02:40:47,156 {'epoch': 56, 'lr': 0.0008264767839234405, 'train_loss': 0.0018288235089354676, 'mae': 0.29315484, 'elapsed_time': 72.93917536735535}
2021-10-07 02:42:00,391 {'epoch': 57, 'lr': 0.000820524874925601, 'train_loss': 0.001661214824442519, 'mae': 0.2871632, 'elapsed_time': 73.23414134979248}
2021-10-07 02:43:13,735 {'epoch': 58, 'lr': 0.0008144951148861737, 'train_loss': 0.0018443905271347822, 'mae': 0.26063073, 'elapsed_time': 73.34357452392578}
2021-10-07 02:44:27,482 {'epoch': 59, 'lr': 0.0008083889915582231, 'train_loss': 0.0016859354467345358, 'mae': 0.25369868, 'elapsed_time': 73.31456065177917}
2021-10-07 02:45:41,177 {'epoch': 60, 'lr': 0.0008022080115363123, 'train_loss': 0.0015685857813669563, 'mae': 0.2543772, 'elapsed_time': 73.23136901855469}
2021-10-07 02:46:54,322 {'epoch': 61, 'lr': 0.0007959536998847739, 'train_loss': 0.001731338053497358, 'mae': 0.27855188, 'elapsed_time': 73.14468693733215}
2021-10-07 02:48:07,192 {'epoch': 62, 'lr': 0.0007896275997614226, 'train_loss': 0.0016048172415981552, 'mae': 0.23739928, 'elapsed_time': 72.87007451057434}
2021-10-07 02:49:21,127 {'epoch': 63, 'lr': 0.0007832312720368044, 'train_loss': 0.001701718374760914, 'mae': 0.2388058, 'elapsed_time': 73.45330500602722}
2021-10-07 02:50:34,710 {'epoch': 64, 'lr': 0.0007767662949090749, 'train_loss': 0.0015122224615653514, 'mae': 0.27140346, 'elapsed_time': 73.58194541931152}
2021-10-07 02:51:48,298 {'epoch': 65, 'lr': 0.000770234263514603, 'train_loss': 0.0014787179587632318, 'mae': 0.2428437, 'elapsed_time': 73.58796691894531}
2021-10-07 02:53:01,485 {'epoch': 66, 'lr': 0.0007636367895343944, 'train_loss': 0.0015053274214879972, 'mae': 0.24188398, 'elapsed_time': 73.18608164787292}
2021-10-07 02:54:14,112 {'epoch': 67, 'lr': 0.0007569755007964335, 'train_loss': 0.0016953003021898927, 'mae': 0.24962236, 'elapsed_time': 72.62738704681396}
2021-10-07 02:55:26,897 {'epoch': 68, 'lr': 0.0007502520408740415, 'train_loss': 0.0015922187067780613, 'mae': 0.23782878, 'elapsed_time': 72.78372073173523}
2021-10-07 02:56:39,596 {'epoch': 69, 'lr': 0.0007434680686803488, 'train_loss': 0.0015720681723693573, 'mae': 0.25312778, 'elapsed_time': 72.69864130020142}
2021-10-07 02:57:52,339 {'epoch': 70, 'lr': 0.0007366252580589837, 'train_loss': 0.0014425328034707613, 'mae': 0.22269641, 'elapsed_time': 72.74289321899414}
2021-10-07 02:59:05,630 {'epoch': 71, 'lr': 0.0007297252973710754, 'train_loss': 0.001394274926604302, 'mae': 0.23787332, 'elapsed_time': 72.86257672309875}
2021-10-07 03:00:18,973 {'epoch': 72, 'lr': 0.0007227698890786777, 'train_loss': 0.0013571540213444915, 'mae': 0.2362746, 'elapsed_time': 73.34245896339417}
2021-10-07 03:01:31,779 {'epoch': 73, 'lr': 0.0007157607493247108, 'train_loss': 0.001434568842568091, 'mae': 0.2273248, 'elapsed_time': 72.80526900291443}
2021-10-07 03:02:44,558 {'epoch': 74, 'lr': 0.0007086996075095287, 'train_loss': 0.001340873219996118, 'mae': 0.22289158, 'elapsed_time': 72.77929019927979}
2021-10-07 03:03:57,200 {'epoch': 75, 'lr': 0.0007015882058642161, 'train_loss': 0.0012665873325526753, 'mae': 0.2255033, 'elapsed_time': 72.64091324806213}
2021-10-07 03:05:09,826 {'epoch': 76, 'lr': 0.0006944282990207193, 'train_loss': 0.0013666630260315536, 'mae': 0.23843339, 'elapsed_time': 72.6262035369873}
2021-10-07 03:06:22,810 {'epoch': 77, 'lr': 0.0006872216535789155, 'train_loss': 0.0013213947780721625, 'mae': 0.2161686, 'elapsed_time': 72.98327660560608}
2021-10-07 03:07:36,526 {'epoch': 78, 'lr': 0.0006799700476707321, 'train_loss': 0.0013742899090160275, 'mae': 0.2202985, 'elapsed_time': 73.26749610900879}
2021-10-07 03:08:49,944 {'epoch': 79, 'lr': 0.0006726752705214191, 'train_loss': 0.00135683113186959, 'mae': 0.26609716, 'elapsed_time': 73.41808652877808}
2021-10-07 03:10:03,317 {'epoch': 80, 'lr': 0.0006653391220080838, 'train_loss': 0.0013610795559947898, 'mae': 0.2668397, 'elapsed_time': 73.37285304069519}
2021-10-07 03:11:16,848 {'epoch': 81, 'lr': 0.0006579634122155988, 'train_loss': 0.001402482554573267, 'mae': 0.22574125, 'elapsed_time': 73.53064942359924}
2021-10-07 03:12:30,415 {'epoch': 82, 'lr': 0.0006505499609899903, 'train_loss': 0.0013361766891192331, 'mae': 0.22069754, 'elapsed_time': 73.5657787322998}
2021-10-07 03:13:44,144 {'epoch': 83, 'lr': 0.0006431005974894184, 'train_loss': 0.001217000960879092, 'mae': 0.21926129, 'elapsed_time': 73.72850465774536}
2021-10-07 03:14:57,456 {'epoch': 84, 'lr': 0.0006356171597328593, 'train_loss': 0.001168788872619707, 'mae': 0.20535637, 'elapsed_time': 73.31208515167236}
2021-10-07 03:16:10,987 {'epoch': 85, 'lr': 0.0006281014941466028, 'train_loss': 0.0011413672516792717, 'mae': 0.21346489, 'elapsed_time': 73.05944800376892}
2021-10-07 03:17:24,075 {'epoch': 86, 'lr': 0.000620555455108673, 'train_loss': 0.0010819712626600282, 'mae': 0.19892903, 'elapsed_time': 73.08778524398804}
2021-10-07 03:18:37,550 {'epoch': 87, 'lr': 0.0006129809044912885, 'train_loss': 0.0013291516624554015, 'mae': 0.30466408, 'elapsed_time': 73.00258541107178}
2021-10-07 03:19:50,681 {'epoch': 88, 'lr': 0.0006053797112014735, 'train_loss': 0.001298091336196033, 'mae': 0.2271163, 'elapsed_time': 73.13052701950073}
2021-10-07 03:21:03,862 {'epoch': 89, 'lr': 0.0005977537507199336, 'train_loss': 0.0011033936167312347, 'mae': 0.22527717, 'elapsed_time': 73.1807975769043}
2021-10-07 03:22:16,808 {'epoch': 90, 'lr': 0.0005901049046383074, 'train_loss': 0.001093112922849404, 'mae': 0.21372604, 'elapsed_time': 72.94524431228638}
2021-10-07 03:23:30,108 {'epoch': 91, 'lr': 0.0005824350601949141, 'train_loss': 0.0015195162468167075, 'mae': 0.23536001, 'elapsed_time': 73.29918909072876}
2021-10-07 03:24:43,395 {'epoch': 92, 'lr': 0.0005747461098091033, 'train_loss': 0.0013590248385561548, 'mae': 0.22235404, 'elapsed_time': 73.28659296035767}
2021-10-07 03:25:56,854 {'epoch': 93, 'lr': 0.0005670399506143305, 'train_loss': 0.0010835707959125894, 'mae': 0.1982271, 'elapsed_time': 73.45907616615295}
2021-10-07 03:27:10,786 {'epoch': 94, 'lr': 0.0005593184839900673, 'train_loss': 0.0010945564169236727, 'mae': 0.19754288, 'elapsed_time': 73.49395370483398}
2021-10-07 03:28:23,954 {'epoch': 95, 'lr': 0.0005515836150926644, 'train_loss': 0.0009846547748115855, 'mae': 0.1949765, 'elapsed_time': 72.68955039978027}
2021-10-07 03:29:37,559 {'epoch': 96, 'lr': 0.0005438372523852832, 'train_loss': 0.0009453195589733408, 'mae': 0.19659321, 'elapsed_time': 73.12917590141296}
2021-10-07 03:30:50,667 {'epoch': 97, 'lr': 0.00053608130716701, 'train_loss': 0.0009560020903410541, 'mae': 0.19730169, 'elapsed_time': 73.10826444625854}
2021-10-07 03:32:03,568 {'epoch': 98, 'lr': 0.0005283176931012729, 'train_loss': 0.0009572210735866691, 'mae': 0.19592853, 'elapsed_time': 72.90002679824829}
2021-10-07 03:33:16,726 {'epoch': 99, 'lr': 0.0005205483257436734, 'train_loss': 0.0009458848758495114, 'mae': 0.18979087, 'elapsed_time': 73.15759420394897}
2021-10-07 03:34:30,379 {'epoch': 100, 'lr': 0.0005127751220693511, 'train_loss': 0.0009760802205605092, 'mae': 0.24402077, 'elapsed_time': 73.19762635231018}
2021-10-07 03:35:42,846 {'epoch': 101, 'lr': 0.0005049999999999998, 'train_loss': 0.0012781120220790485, 'mae': 0.20543842, 'elapsed_time': 72.46617770195007}
2021-10-07 03:36:55,397 {'epoch': 102, 'lr': 0.0004972248779306486, 'train_loss': 0.0009117960571906992, 'mae': 0.19166115, 'elapsed_time': 72.55079007148743}
2021-10-07 03:38:08,042 {'epoch': 103, 'lr': 0.0004894516742563262, 'train_loss': 0.0008727132960551617, 'mae': 0.19452055, 'elapsed_time': 72.64466667175293}
2021-10-07 03:39:20,644 {'epoch': 104, 'lr': 0.00048168230689872663, 'train_loss': 0.000868370662202023, 'mae': 0.1877001, 'elapsed_time': 72.60164260864258}
2021-10-07 03:40:33,664 {'epoch': 105, 'lr': 0.0004739186928329896, 'train_loss': 0.0008621402839019726, 'mae': 0.19003582, 'elapsed_time': 72.58269929885864}
2021-10-07 03:41:46,656 {'epoch': 106, 'lr': 0.00046616274761471655, 'train_loss': 0.0008677660421554105, 'mae': 0.18989274, 'elapsed_time': 72.99165034294128}
2021-10-07 03:42:59,229 {'epoch': 107, 'lr': 0.0004584163849073352, 'train_loss': 0.0008345749325472603, 'mae': 0.19014378, 'elapsed_time': 72.57243633270264}
2021-10-07 03:44:12,157 {'epoch': 108, 'lr': 0.0004506815160099324, 'train_loss': 0.000836970819304762, 'mae': 0.18557951, 'elapsed_time': 72.92736053466797}
2021-10-07 03:45:25,917 {'epoch': 109, 'lr': 0.0004429600493856693, 'train_loss': 0.0008292819032009822, 'mae': 0.18578145, 'elapsed_time': 73.31396126747131}
2021-10-07 03:46:38,929 {'epoch': 110, 'lr': 0.00043525389019089656, 'train_loss': 0.0008330316619171142, 'mae': 0.19327728, 'elapsed_time': 73.01191234588623}
2021-10-07 03:47:51,474 {'epoch': 111, 'lr': 0.0004275649398050856, 'train_loss': 0.0008042733539870987, 'mae': 0.18283193, 'elapsed_time': 72.54413747787476}
2021-10-07 03:49:04,607 {'epoch': 112, 'lr': 0.0004198950953616921, 'train_loss': 0.0007843279324822508, 'mae': 0.18054666, 'elapsed_time': 72.68844676017761}
2021-10-07 03:50:18,144 {'epoch': 113, 'lr': 0.0004122462492800662, 'train_loss': 0.0007782430168934971, 'mae': 0.18268429, 'elapsed_time': 73.0828504562378}
2021-10-07 03:51:31,620 {'epoch': 114, 'lr': 0.0004046202887985263, 'train_loss': 0.0007684663631826777, 'mae': 0.18278264, 'elapsed_time': 73.47491979598999}
2021-10-07 03:52:45,170 {'epoch': 115, 'lr': 0.0003970190955087115, 'train_loss': 0.0007603769773843274, 'mae': 0.1841158, 'elapsed_time': 73.54959464073181}
2021-10-07 03:53:58,768 {'epoch': 116, 'lr': 0.0003894445448913267, 'train_loss': 0.0007457155698504252, 'mae': 0.17949742, 'elapsed_time': 73.59774804115295}
2021-10-07 03:55:12,313 {'epoch': 117, 'lr': 0.00038189850585339675, 'train_loss': 0.000750406188773074, 'mae': 0.19062078, 'elapsed_time': 73.03899049758911}
2021-10-07 03:56:25,588 {'epoch': 118, 'lr': 0.0003743828402671403, 'train_loss': 0.0007763249239210975, 'mae': 0.18291025, 'elapsed_time': 73.27513837814331}
2021-10-07 03:57:38,901 {'epoch': 119, 'lr': 0.0003668994025105814, 'train_loss': 0.0007730005228752487, 'mae': 0.18409587, 'elapsed_time': 73.31171798706055}
2021-10-07 03:58:51,845 {'epoch': 120, 'lr': 0.00035945003901000945, 'train_loss': 0.0008131335376508193, 'mae': 0.1980934, 'elapsed_time': 72.94367241859436}
2021-10-07 04:00:04,841 {'epoch': 121, 'lr': 0.00035203658778440103, 'train_loss': 0.0007438031002395274, 'mae': 0.18142934, 'elapsed_time': 72.99599003791809}
2021-10-07 04:01:17,260 {'epoch': 122, 'lr': 0.0003446608779919159, 'train_loss': 0.0007238777871555331, 'mae': 0.18353263, 'elapsed_time': 72.41848635673523}
2021-10-07 04:02:30,103 {'epoch': 123, 'lr': 0.00033732472947858063, 'train_loss': 0.0006735821771129936, 'mae': 0.17626686, 'elapsed_time': 72.84307885169983}
2021-10-07 04:03:43,564 {'epoch': 124, 'lr': 0.00033002995232926766, 'train_loss': 0.0006559997682217101, 'mae': 0.1761967, 'elapsed_time': 72.95141243934631}
2021-10-07 04:04:56,810 {'epoch': 125, 'lr': 0.0003227783464210844, 'train_loss': 0.0006550420979204519, 'mae': 0.17706425, 'elapsed_time': 72.78645372390747}
2021-10-07 04:06:09,614 {'epoch': 126, 'lr': 0.00031557170097928054, 'train_loss': 0.0006490371949758412, 'mae': 0.1763913, 'elapsed_time': 72.80345487594604}
2021-10-07 04:07:22,319 {'epoch': 127, 'lr': 0.0003084117941357834, 'train_loss': 0.0006990252233019643, 'mae': 0.20471722, 'elapsed_time': 72.70489406585693}
2021-10-07 04:08:35,005 {'epoch': 128, 'lr': 0.00030130039249047106, 'train_loss': 0.000672372705577777, 'mae': 0.17784426, 'elapsed_time': 72.6854031085968}
2021-10-07 04:09:47,805 {'epoch': 129, 'lr': 0.00029423925067528897, 'train_loss': 0.0006168574470016955, 'mae': 0.17623493, 'elapsed_time': 72.79969501495361}
2021-10-07 04:11:01,009 {'epoch': 130, 'lr': 0.0002872301109213219, 'train_loss': 0.0006235202804030054, 'mae': 0.17443354, 'elapsed_time': 73.20367407798767}
2021-10-07 04:12:14,601 {'epoch': 131, 'lr': 0.0002802747026289243, 'train_loss': 0.0006151754496096973, 'mae': 0.17433304, 'elapsed_time': 73.08175587654114}
2021-10-07 04:13:28,042 {'epoch': 132, 'lr': 0.00027337474194101617, 'train_loss': 0.0006108668097094284, 'mae': 0.1764846, 'elapsed_time': 72.97988104820251}
2021-10-07 04:14:40,864 {'epoch': 133, 'lr': 0.00026653193131965077, 'train_loss': 0.000597319744942084, 'mae': 0.17494906, 'elapsed_time': 72.82138061523438}
2021-10-07 04:15:53,767 {'epoch': 134, 'lr': 0.00025974795912595813, 'train_loss': 0.0005845962663787813, 'mae': 0.17242312, 'elapsed_time': 72.90207815170288}
2021-10-07 04:17:06,914 {'epoch': 135, 'lr': 0.0002530244992035661, 'train_loss': 0.0005792914221348392, 'mae': 0.17118302, 'elapsed_time': 72.70458459854126}
2021-10-07 04:18:20,018 {'epoch': 136, 'lr': 0.00024636321046560527, 'train_loss': 0.0005668276905485184, 'mae': 0.17182967, 'elapsed_time': 72.63178658485413}
2021-10-07 04:19:32,903 {'epoch': 137, 'lr': 0.00023976573648539645, 'train_loss': 0.000559058942819092, 'mae': 0.17069918, 'elapsed_time': 72.88468098640442}
2021-10-07 04:20:46,793 {'epoch': 138, 'lr': 0.00023323370509092462, 'train_loss': 0.0005513227651496846, 'mae': 0.17170577, 'elapsed_time': 73.39622020721436}
2021-10-07 04:21:59,790 {'epoch': 139, 'lr': 0.00022676872796319523, 'train_loss': 0.0005519350037729211, 'mae': 0.17145507, 'elapsed_time': 72.99618887901306}
2021-10-07 04:23:12,957 {'epoch': 140, 'lr': 0.00022037240023857702, 'train_loss': 0.0005393143319892046, 'mae': 0.17114441, 'elapsed_time': 73.1668050289154}
2021-10-07 04:24:25,722 {'epoch': 141, 'lr': 0.00021404630011522577, 'train_loss': 0.0005364806978235662, 'mae': 0.17140497, 'elapsed_time': 72.76398491859436}
2021-10-07 04:25:38,904 {'epoch': 142, 'lr': 0.00020779198846368737, 'train_loss': 0.0005261689215908388, 'mae': 0.17085712, 'elapsed_time': 73.1817696094513}
2021-10-07 04:26:52,086 {'epoch': 143, 'lr': 0.0002016110084417765, 'train_loss': 0.0005152364916892104, 'mae': 0.17066562, 'elapsed_time': 73.18211340904236}
2021-10-07 04:28:05,779 {'epoch': 144, 'lr': 0.00019550488511382584, 'train_loss': 0.0005121737498866556, 'mae': 0.16949388, 'elapsed_time': 73.2480115890503}
2021-10-07 04:29:19,513 {'epoch': 145, 'lr': 0.00018947512507439847, 'train_loss': 0.000502621103942177, 'mae': 0.17063253, 'elapsed_time': 73.24627828598022}
2021-10-07 04:30:33,008 {'epoch': 146, 'lr': 0.00018352321607655904, 'train_loss': 0.0005016921987945944, 'mae': 0.16981438, 'elapsed_time': 73.49374461174011}
2021-10-07 04:31:45,854 {'epoch': 147, 'lr': 0.0001776506266647923, 'train_loss': 0.0004882746134780352, 'mae': 0.1692812, 'elapsed_time': 72.84650945663452}
2021-10-07 04:32:59,375 {'epoch': 148, 'lr': 0.00017185880581266206, 'train_loss': 0.00048279019259039814, 'mae': 0.16984029, 'elapsed_time': 73.07184481620789}
2021-10-07 04:34:12,718 {'epoch': 149, 'lr': 0.000166149182565299, 'train_loss': 0.00047479892764277533, 'mae': 0.16899942, 'elapsed_time': 73.34254002571106}
2021-10-07 04:35:26,320 {'epoch': 150, 'lr': 0.00016052316568680435, 'train_loss': 0.0004705144129471324, 'mae': 0.17017561, 'elapsed_time': 73.15072870254517}
2021-10-07 04:36:39,289 {'epoch': 151, 'lr': 0.00015498214331265893, 'train_loss': 0.0004685006746275485, 'mae': 0.17190215, 'elapsed_time': 72.96889448165894}
2021-10-07 04:37:52,047 {'epoch': 152, 'lr': 0.0001495274826072215, 'train_loss': 0.00045806203386823495, 'mae': 0.16925949, 'elapsed_time': 72.75750517845154}
2021-10-07 04:39:05,014 {'epoch': 153, 'lr': 0.00014416052942640132, 'train_loss': 0.00045266914501726984, 'mae': 0.16818736, 'elapsed_time': 72.96597456932068}
2021-10-07 04:40:18,585 {'epoch': 154, 'lr': 0.0001388826079855881, 'train_loss': 0.000446073133794676, 'mae': 0.16825485, 'elapsed_time': 73.11413359642029}
2021-10-07 04:41:31,910 {'epoch': 155, 'lr': 0.00013369502053292245, 'train_loss': 0.00044214330450677964, 'mae': 0.16884276, 'elapsed_time': 73.32421040534973}
2021-10-07 04:42:45,306 {'epoch': 156, 'lr': 0.00012859904702798464, 'train_loss': 0.0004351061568246763, 'mae': 0.16794665, 'elapsed_time': 73.39606809616089}
2021-10-07 04:43:58,998 {'epoch': 157, 'lr': 0.00012359594482598432, 'train_loss': 0.00042702740489093574, 'mae': 0.16799219, 'elapsed_time': 73.24186682701111}
2021-10-07 04:45:11,899 {'epoch': 158, 'lr': 0.00011868694836752681, 'train_loss': 0.0004221098967182905, 'mae': 0.16902848, 'elapsed_time': 72.90090227127075}
2021-10-07 04:46:24,389 {'epoch': 159, 'lr': 0.0001138732688740332, 'train_loss': 0.00041797341849232763, 'mae': 0.16809516, 'elapsed_time': 72.48924565315247}
2021-10-07 04:47:36,950 {'epoch': 160, 'lr': 0.00010915609404889012, 'train_loss': 0.0004142219958008521, 'mae': 0.16767758, 'elapsed_time': 72.56064701080322}
2021-10-07 04:48:50,115 {'epoch': 161, 'lr': 0.00010453658778440103, 'train_loss': 0.0004098111525365578, 'mae': 0.16858912, 'elapsed_time': 72.670166015625}
2021-10-07 04:50:03,032 {'epoch': 162, 'lr': 0.00010001588987461343, 'train_loss': 0.0004048726752257213, 'mae': 0.16766156, 'elapsed_time': 72.91569828987122}
2021-10-07 04:51:16,625 {'epoch': 163, 'lr': 9.559511573409192e-05, 'train_loss': 0.00039677016518521263, 'mae': 0.16787854, 'elapsed_time': 73.121164560318}
2021-10-07 04:52:29,652 {'epoch': 164, 'lr': 9.12753561227063e-05, 'train_loss': 0.00039632972194075664, 'mae': 0.1676928, 'elapsed_time': 73.02679562568665}
2021-10-07 04:53:42,546 {'epoch': 165, 'lr': 8.705767687650262e-05, 'train_loss': 0.00038924206300059084, 'mae': 0.16731268, 'elapsed_time': 72.89334273338318}
2021-10-07 04:54:55,932 {'epoch': 166, 'lr': 8.294311864472445e-05, 'train_loss': 0.00038440483835179573, 'mae': 0.1682541, 'elapsed_time': 72.91885304450989}
2021-10-07 04:56:08,898 {'epoch': 167, 'lr': 7.89326966330478e-05, 'train_loss': 0.00038206189145032263, 'mae': 0.16721869, 'elapsed_time': 72.96532249450684}
2021-10-07 04:57:21,993 {'epoch': 168, 'lr': 7.502740035309526e-05, 'train_loss': 0.00037624381051810474, 'mae': 0.16730325, 'elapsed_time': 72.63930940628052}
2021-10-07 04:58:34,615 {'epoch': 169, 'lr': 7.12281933782875e-05, 'train_loss': 0.0003713864281976002, 'mae': 0.16728637, 'elapsed_time': 72.62128829956055}
2021-10-07 04:59:47,615 {'epoch': 170, 'lr': 6.75360131060967e-05, 'train_loss': 0.0003687256449096601, 'mae': 0.16778298, 'elapsed_time': 72.99905824661255}
2021-10-07 05:01:00,927 {'epoch': 171, 'lr': 6.395177052675792e-05, 'train_loss': 0.0003650208778378188, 'mae': 0.1672157, 'elapsed_time': 73.31214499473572}
2021-10-07 05:02:14,584 {'epoch': 172, 'lr': 6.047634999849528e-05, 'train_loss': 0.0003625823120044074, 'mae': 0.16749099, 'elapsed_time': 73.20769190788269}
2021-10-07 05:03:27,713 {'epoch': 173, 'lr': 5.711060902932039e-05, 'train_loss': 0.00035857326752889465, 'mae': 0.16780075, 'elapsed_time': 73.12802720069885}
2021-10-07 05:04:41,049 {'epoch': 174, 'lr': 5.385537806545467e-05, 'train_loss': 0.000355048815369843, 'mae': 0.16725148, 'elapsed_time': 73.3358645439148}
2021-10-07 05:05:54,177 {'epoch': 175, 'lr': 5.0711460286429424e-05, 'train_loss': 0.0003510499411343422, 'mae': 0.16707675, 'elapsed_time': 73.1270227432251}
2021-10-07 05:07:07,122 {'epoch': 176, 'lr': 4.767963140691315e-05, 'train_loss': 0.0003489389602709599, 'mae': 0.16757451, 'elapsed_time': 72.48653030395508}
2021-10-07 05:08:20,306 {'epoch': 177, 'lr': 4.4760639485315563e-05, 'train_loss': 0.0003464531121347186, 'mae': 0.16731322, 'elapsed_time': 73.18432068824768}
2021-10-07 05:09:32,980 {'epoch': 178, 'lr': 4.195520473921563e-05, 'train_loss': 0.0003430832579801065, 'mae': 0.16705151, 'elapsed_time': 72.67331004142761}
2021-10-07 05:10:46,344 {'epoch': 179, 'lr': 3.9264019367658385e-05, 'train_loss': 0.00034014480774808675, 'mae': 0.16713144, 'elapsed_time': 72.90335655212402}
2021-10-07 05:11:59,088 {'epoch': 180, 'lr': 3.6687747380365064e-05, 'train_loss': 0.0003382244867607803, 'mae': 0.16728407, 'elapsed_time': 72.74325847625732}
2021-10-07 05:13:11,764 {'epoch': 181, 'lr': 3.422702443389899e-05, 'train_loss': 0.00033596177012064035, 'mae': 0.16722603, 'elapsed_time': 72.67604303359985}
2021-10-07 05:14:24,451 {'epoch': 182, 'lr': 3.188245767482658e-05, 'train_loss': 0.0003341073762795797, 'mae': 0.1672781, 'elapsed_time': 72.68652868270874}
2021-10-07 05:15:37,021 {'epoch': 183, 'lr': 2.965462558991323e-05, 'train_loss': 0.00033183822049120547, 'mae': 0.16724835, 'elapsed_time': 72.56953549385071}
2021-10-07 05:16:49,894 {'epoch': 184, 'lr': 2.7544077863390004e-05, 'train_loss': 0.00032974187206943515, 'mae': 0.16706583, 'elapsed_time': 72.87236499786377}
2021-10-07 05:18:02,774 {'epoch': 185, 'lr': 2.5551335241327672e-05, 'train_loss': 0.0003279325624494619, 'mae': 0.16705827, 'elapsed_time': 72.88026547431946}
2021-10-07 05:19:15,844 {'epoch': 186, 'lr': 2.367688940315011e-05, 'train_loss': 0.00032659959766428705, 'mae': 0.1670394, 'elapsed_time': 73.06953692436218}
2021-10-07 05:20:29,333 {'epoch': 187, 'lr': 2.1921202840320077e-05, 'train_loss': 0.00032432225790193255, 'mae': 0.16706961, 'elapsed_time': 73.02641415596008}
2021-10-07 05:21:42,394 {'epoch': 188, 'lr': 2.0284708742225903e-05, 'train_loss': 0.00032254366402874096, 'mae': 0.16712095, 'elapsed_time': 73.06057834625244}
2021-10-07 05:22:55,421 {'epoch': 189, 'lr': 1.8767810889299086e-05, 'train_loss': 0.00032154659680760483, 'mae': 0.16704741, 'elapsed_time': 73.0270025730133}
2021-10-07 05:24:08,603 {'epoch': 190, 'lr': 1.7370883553386936e-05, 'train_loss': 0.0003202666791441071, 'mae': 0.16704653, 'elapsed_time': 73.18146991729736}
2021-10-07 05:25:21,731 {'epoch': 191, 'lr': 1.6094271405406862e-05, 'train_loss': 0.00031888308108465175, 'mae': 0.1671996, 'elapsed_time': 73.12744474411011}
2021-10-07 05:26:34,612 {'epoch': 192, 'lr': 1.4938289430304022e-05, 'train_loss': 0.0003179472668690149, 'mae': 0.16720922, 'elapsed_time': 72.88111686706543}
2021-10-07 05:27:47,562 {'epoch': 193, 'lr': 1.3903222849333509e-05, 'train_loss': 0.0003169995883814225, 'mae': 0.16719909, 'elapsed_time': 72.94906163215637}
2021-10-07 05:29:00,114 {'epoch': 194, 'lr': 1.2989327049686102e-05, 'train_loss': 0.00031589330220317273, 'mae': 0.16710964, 'elapsed_time': 72.55178117752075}
2021-10-07 05:30:12,811 {'epoch': 195, 'lr': 1.2196827521475404e-05, 'train_loss': 0.00031471831799343455, 'mae': 0.16707838, 'elapsed_time': 72.69683074951172}
2021-10-07 05:31:25,442 {'epoch': 196, 'lr': 1.152591980210166e-05, 'train_loss': 0.0003142205242874845, 'mae': 0.16707736, 'elapsed_time': 72.63075971603394}
2021-10-07 05:32:38,450 {'epoch': 197, 'lr': 1.097676942800558e-05, 'train_loss': 0.0003133929809191276, 'mae': 0.16718166, 'elapsed_time': 73.00748372077942}
2021-10-07 05:33:51,118 {'epoch': 198, 'lr': 1.0549511893824899e-05, 'train_loss': 0.0003129807304568722, 'mae': 0.16718963, 'elapsed_time': 72.6678113937378}
2021-10-07 05:35:03,762 {'epoch': 199, 'lr': 1.0244252618962858e-05, 'train_loss': 0.00031220456677864844, 'mae': 0.16718839, 'elapsed_time': 72.64352822303772}
2021-10-07 05:36:16,672 {'epoch': 200, 'lr': 1.006106692157801e-05, 'train_loss': 0.0003116642374908237, 'mae': 0.16722439, 'elapsed_time': 72.90896153450012}
2021-10-07 05:36:54,443 Total CV: 0.1670393943786621
