2021-10-14 13:38:59,314 Fold 0
2021-10-14 13:39:14,578 train run device : cuda:0
2021-10-14 13:39:44,503 multi task weight : 0.7
2021-10-14 13:41:41,362 {'epoch': 1, 'lr': 0.001, 'train_loss': 0.011892063764644191, 'mae': 1.0692863, 'elapsed_time': 117.24097061157227}
2021-10-14 13:41:43,211 multi task weight : 0.7013333333333333
2021-10-14 13:43:41,049 {'epoch': 2, 'lr': 0.000999938933078422, 'train_loss': 0.003992522449644296, 'mae': 0.80829716, 'elapsed_time': 118.08958911895752}
2021-10-14 13:43:42,463 multi task weight : 0.7026666666666667
2021-10-14 13:45:39,976 {'epoch': 3, 'lr': 0.000999755747381037, 'train_loss': 0.003465381686836777, 'mae': 0.7314207, 'elapsed_time': 117.76538515090942}
2021-10-14 13:45:41,339 multi task weight : 0.704
2021-10-14 13:47:39,128 {'epoch': 4, 'lr': 0.000999450488106175, 'train_loss': 0.0031116211770819543, 'mae': 0.69310987, 'elapsed_time': 118.04561710357666}
2021-10-14 13:47:40,514 multi task weight : 0.7053333333333334
2021-10-14 13:49:38,750 {'epoch': 5, 'lr': 0.0009990232305719944, 'train_loss': 0.0029248526098911458, 'mae': 0.7302735, 'elapsed_time': 118.45448017120361}
2021-10-14 13:49:38,996 multi task weight : 0.7066666666666667
2021-10-14 13:51:37,351 {'epoch': 6, 'lr': 0.0009984740801978983, 'train_loss': 0.0027691039242556427, 'mae': 0.6638546, 'elapsed_time': 118.5980212688446}
2021-10-14 13:51:38,772 multi task weight : 0.708
2021-10-14 13:53:36,438 {'epoch': 7, 'lr': 0.0009978031724785245, 'train_loss': 0.002630020838509813, 'mae': 0.53306717, 'elapsed_time': 117.89781165122986}
2021-10-14 13:53:37,762 multi task weight : 0.7093333333333334
2021-10-14 13:55:35,374 {'epoch': 8, 'lr': 0.000997010672950314, 'train_loss': 0.0025794619732617224, 'mae': 0.5423002, 'elapsed_time': 117.8444356918335}
2021-10-14 13:55:35,618 multi task weight : 0.7106666666666667
2021-10-14 13:57:33,039 {'epoch': 9, 'lr': 0.0009960967771506664, 'train_loss': 0.002471205144824375, 'mae': 0.50766766, 'elapsed_time': 117.66068148612976}
2021-10-14 13:57:34,405 multi task weight : 0.712
2021-10-14 13:59:32,008 {'epoch': 10, 'lr': 0.0009950617105696957, 'train_loss': 0.0023825883811044724, 'mae': 0.5125017, 'elapsed_time': 117.83447742462158}
2021-10-14 13:59:32,239 multi task weight : 0.7133333333333334
2021-10-14 14:01:29,687 {'epoch': 11, 'lr': 0.0009939057285945929, 'train_loss': 0.0023619751888466164, 'mae': 0.48860136, 'elapsed_time': 117.67407369613647}
2021-10-14 14:01:31,065 multi task weight : 0.7146666666666666
2021-10-14 14:03:28,532 {'epoch': 12, 'lr': 0.0009926291164466126, 'train_loss': 0.0022984892073117636, 'mae': 0.49415606, 'elapsed_time': 117.7013099193573}
2021-10-14 14:03:28,753 multi task weight : 0.716
2021-10-14 14:05:26,427 {'epoch': 13, 'lr': 0.0009912321891107005, 'train_loss': 0.002263783409480546, 'mae': 0.4694358, 'elapsed_time': 117.8916916847229}
2021-10-14 14:05:27,835 multi task weight : 0.7173333333333333
2021-10-14 14:07:25,432 {'epoch': 14, 'lr': 0.0009897152912577737, 'train_loss': 0.002328840924847829, 'mae': 0.42306, 'elapsed_time': 117.85654735565186}
2021-10-14 14:07:26,763 multi task weight : 0.7186666666666666
2021-10-14 14:09:24,309 {'epoch': 15, 'lr': 0.0009880787971596797, 'train_loss': 0.0021101140606632446, 'mae': 0.3947982, 'elapsed_time': 117.76765632629395}
2021-10-14 14:09:25,689 multi task weight : 0.72
2021-10-14 14:11:23,344 {'epoch': 16, 'lr': 0.0009863231105968495, 'train_loss': 0.002152351811873826, 'mae': 0.42328948, 'elapsed_time': 117.885488986969}
2021-10-14 14:11:23,580 multi task weight : 0.7213333333333333
2021-10-14 14:13:21,133 {'epoch': 17, 'lr': 0.000984448664758672, 'train_loss': 0.002008759274565281, 'mae': 0.36867294, 'elapsed_time': 117.78691267967224}
2021-10-14 14:13:22,541 multi task weight : 0.7226666666666667
2021-10-14 14:15:20,370 {'epoch': 18, 'lr': 0.0009824559221366096, 'train_loss': 0.0020465232817008057, 'mae': 0.36897835, 'elapsed_time': 118.1094536781311}
2021-10-14 14:15:20,593 multi task weight : 0.724
2021-10-14 14:17:17,995 {'epoch': 19, 'lr': 0.0009803453744100864, 'train_loss': 0.0020579335772888483, 'mae': 0.3631693, 'elapsed_time': 117.62069082260132}
2021-10-14 14:17:19,369 multi task weight : 0.7253333333333333
2021-10-14 14:19:16,773 {'epoch': 20, 'lr': 0.0009781175423251728, 'train_loss': 0.002078148349625848, 'mae': 0.38133985, 'elapsed_time': 117.63747811317444}
2021-10-14 14:19:17,001 multi task weight : 0.7266666666666667
2021-10-14 14:21:14,752 {'epoch': 21, 'lr': 0.0009757729755661004, 'train_loss': 0.0020251711945292014, 'mae': 0.3721086, 'elapsed_time': 117.97684216499329}
2021-10-14 14:21:14,999 multi task weight : 0.728
2021-10-14 14:23:12,516 {'epoch': 22, 'lr': 0.0009733122526196342, 'train_loss': 0.002162613234846224, 'mae': 0.44339797, 'elapsed_time': 117.76170682907104}
2021-10-14 14:23:12,762 multi task weight : 0.7293333333333333
2021-10-14 14:25:10,334 {'epoch': 23, 'lr': 0.000970735980632341, 'train_loss': 0.001947616473966043, 'mae': 0.3886652, 'elapsed_time': 117.8157229423523}
2021-10-14 14:25:10,558 multi task weight : 0.7306666666666667
2021-10-14 14:27:08,008 {'epoch': 24, 'lr': 0.0009680447952607838, 'train_loss': 0.001881981327033659, 'mae': 0.42982817, 'elapsed_time': 117.66912126541138}
2021-10-14 14:27:08,246 multi task weight : 0.732
2021-10-14 14:29:05,852 {'epoch': 25, 'lr': 0.0009652393605146839, 'train_loss': 0.0019017399655935226, 'mae': 0.4811466, 'elapsed_time': 117.84176898002625}
2021-10-14 14:29:06,079 multi task weight : 0.7333333333333334
2021-10-14 14:31:03,646 {'epoch': 26, 'lr': 0.0009623203685930864, 'train_loss': 0.0018988367059003287, 'mae': 0.42968443, 'elapsed_time': 117.7915415763855}
2021-10-14 14:31:03,854 multi task weight : 0.7346666666666667
2021-10-14 14:33:01,568 {'epoch': 27, 'lr': 0.00095928853971357, 'train_loss': 0.001859462059999713, 'mae': 0.3839702, 'elapsed_time': 117.91875839233398}
2021-10-14 14:33:01,795 multi task weight : 0.736
2021-10-14 14:34:59,391 {'epoch': 28, 'lr': 0.0009561446219345448, 'train_loss': 0.0017933222609019738, 'mae': 0.33975673, 'elapsed_time': 117.82077646255493}
2021-10-14 14:35:00,801 multi task weight : 0.7373333333333334
2021-10-14 14:36:58,536 {'epoch': 29, 'lr': 0.0009528893909706791, 'train_loss': 0.0017821909861010855, 'mae': 0.34530303, 'elapsed_time': 117.97499489784241}
2021-10-14 14:36:58,785 multi task weight : 0.7386666666666666
2021-10-14 14:38:56,567 {'epoch': 30, 'lr': 0.0009495236500015041, 'train_loss': 0.0019539251819875084, 'mae': 0.3294925, 'elapsed_time': 118.02825713157654}
2021-10-14 14:38:57,929 multi task weight : 0.74
2021-10-14 14:40:55,881 {'epoch': 31, 'lr': 0.0009460482294732414, 'train_loss': 0.0019053121368327308, 'mae': 0.35393548, 'elapsed_time': 118.1855902671814}
2021-10-14 14:40:56,135 multi task weight : 0.7413333333333334
2021-10-14 14:42:53,987 {'epoch': 32, 'lr': 0.0009424639868939027, 'train_loss': 0.0017081774099723167, 'mae': 0.29732662, 'elapsed_time': 118.10021567344666}
2021-10-14 14:42:55,391 multi task weight : 0.7426666666666666
2021-10-14 14:44:53,194 {'epoch': 33, 'lr': 0.0009387718066217117, 'train_loss': 0.0018328018597591942, 'mae': 0.30916357, 'elapsed_time': 118.07079291343689}
2021-10-14 14:44:53,446 multi task weight : 0.744
2021-10-14 14:46:51,197 {'epoch': 34, 'lr': 0.000934972599646904, 'train_loss': 0.0015934633124419755, 'mae': 0.2943311, 'elapsed_time': 118.00013732910156}
2021-10-14 14:46:52,560 multi task weight : 0.7453333333333333
2021-10-14 14:48:50,206 {'epoch': 35, 'lr': 0.0009310673033669515, 'train_loss': 0.001875085624847055, 'mae': 0.29011297, 'elapsed_time': 117.89595651626587}
2021-10-14 14:48:51,591 multi task weight : 0.7466666666666666
2021-10-14 14:50:49,518 {'epoch': 36, 'lr': 0.0009270568813552751, 'train_loss': 0.001726923881233173, 'mae': 0.43881223, 'elapsed_time': 118.18137431144714}
2021-10-14 14:50:49,735 multi task weight : 0.7479999999999999
2021-10-14 14:52:47,596 {'epoch': 37, 'lr': 0.0009229423231234969, 'train_loss': 0.001635072392894781, 'mae': 0.30790693, 'elapsed_time': 118.07597827911377}
2021-10-14 14:52:47,814 multi task weight : 0.7493333333333333
2021-10-14 14:54:45,456 {'epoch': 38, 'lr': 0.0009187246438772933, 'train_loss': 0.001756379054211243, 'mae': 0.34620383, 'elapsed_time': 117.85351777076721}
2021-10-14 14:54:45,684 multi task weight : 0.7506666666666666
2021-10-14 14:56:43,226 {'epoch': 39, 'lr': 0.0009144048842659075, 'train_loss': 0.0017835594012572957, 'mae': 0.31075457, 'elapsed_time': 117.76499056816101}
2021-10-14 14:56:43,445 multi task weight : 0.752
2021-10-14 14:58:41,109 {'epoch': 40, 'lr': 0.0009099841101253861, 'train_loss': 0.0015495842469595694, 'mae': 0.26734498, 'elapsed_time': 117.87986063957214}
2021-10-14 14:58:42,461 multi task weight : 0.7533333333333333
2021-10-14 15:00:40,013 {'epoch': 41, 'lr': 0.0009054634122155986, 'train_loss': 0.0015281365620252547, 'mae': 0.26390782, 'elapsed_time': 117.7905490398407}
2021-10-14 15:00:41,424 multi task weight : 0.7546666666666666
2021-10-14 15:02:38,933 {'epoch': 42, 'lr': 0.0009008439059511095, 'train_loss': 0.0015286727648566622, 'mae': 0.25240257, 'elapsed_time': 117.79340958595276}
2021-10-14 15:02:40,349 multi task weight : 0.756
2021-10-14 15:04:37,983 {'epoch': 43, 'lr': 0.0008961267311259662, 'train_loss': 0.001590856008177328, 'mae': 0.2639948, 'elapsed_time': 117.90416669845581}
2021-10-14 15:04:38,230 multi task weight : 0.7573333333333334
2021-10-14 15:06:36,027 {'epoch': 44, 'lr': 0.0008913130516324728, 'train_loss': 0.001645906248319378, 'mae': 0.34158155, 'elapsed_time': 118.0397617816925}
2021-10-14 15:06:36,247 multi task weight : 0.7586666666666666
2021-10-14 15:08:33,918 {'epoch': 45, 'lr': 0.0008864040551740152, 'train_loss': 0.0014902453694302488, 'mae': 0.25436077, 'elapsed_time': 117.88591980934143}
2021-10-14 15:08:34,160 multi task weight : 0.76
2021-10-14 15:10:31,428 {'epoch': 46, 'lr': 0.000881400952972015, 'train_loss': 0.0014393396371934807, 'mae': 0.25866514, 'elapsed_time': 117.50559520721436}
2021-10-14 15:10:31,659 multi task weight : 0.7613333333333333
2021-10-14 15:12:29,161 {'epoch': 47, 'lr': 0.0008763049794670771, 'train_loss': 0.0014525267575121305, 'mae': 0.33561644, 'elapsed_time': 117.73053646087646}
2021-10-14 15:12:29,408 multi task weight : 0.7626666666666666
2021-10-14 15:14:26,974 {'epoch': 48, 'lr': 0.0008711173920144113, 'train_loss': 0.0014927464081227503, 'mae': 0.2716815, 'elapsed_time': 117.80755424499512}
2021-10-14 15:14:27,240 multi task weight : 0.764
2021-10-14 15:16:24,913 {'epoch': 49, 'lr': 0.0008658394705735983, 'train_loss': 0.0016049034145492209, 'mae': 0.2550479, 'elapsed_time': 117.93742394447327}
2021-10-14 15:16:25,172 multi task weight : 0.7653333333333333
2021-10-14 15:18:22,917 {'epoch': 50, 'lr': 0.0008604725173927781, 'train_loss': 0.0014398696763852008, 'mae': 0.24178152, 'elapsed_time': 118.00084352493286}
2021-10-14 15:18:24,271 multi task weight : 0.7666666666666666
2021-10-14 15:20:21,917 {'epoch': 51, 'lr': 0.0008550178566873405, 'train_loss': 0.001447066897248653, 'mae': 0.25812343, 'elapsed_time': 117.87408685684204}
2021-10-14 15:20:22,142 multi task weight : 0.768
2021-10-14 15:22:19,928 {'epoch': 52, 'lr': 0.0008494768343131951, 'train_loss': 0.001352981409839323, 'mae': 0.22667108, 'elapsed_time': 118.00860381126404}
2021-10-14 15:22:21,320 multi task weight : 0.7693333333333333
2021-10-14 15:24:19,097 {'epoch': 53, 'lr': 0.0008438508174347005, 'train_loss': 0.0014556652190493304, 'mae': 0.285024, 'elapsed_time': 118.02723622322083}
2021-10-14 15:24:19,349 multi task weight : 0.7706666666666666
2021-10-14 15:26:16,979 {'epoch': 54, 'lr': 0.0008381411941873374, 'train_loss': 0.0014049221975685666, 'mae': 0.24197677, 'elapsed_time': 117.8792634010315}
2021-10-14 15:26:17,199 multi task weight : 0.772
2021-10-14 15:28:15,013 {'epoch': 55, 'lr': 0.0008323493733352073, 'train_loss': 0.001294174397609896, 'mae': 0.23435512, 'elapsed_time': 118.0300076007843}
2021-10-14 15:28:15,248 multi task weight : 0.7733333333333332
2021-10-14 15:30:12,874 {'epoch': 56, 'lr': 0.0008264767839234405, 'train_loss': 0.0013417319937148104, 'mae': 0.23041356, 'elapsed_time': 117.85818862915039}
2021-10-14 15:30:13,116 multi task weight : 0.7746666666666666
2021-10-14 15:32:10,839 {'epoch': 57, 'lr': 0.000820524874925601, 'train_loss': 0.0014700162158433454, 'mae': 0.30082428, 'elapsed_time': 117.96077466011047}
2021-10-14 15:32:11,090 multi task weight : 0.776
2021-10-14 15:34:08,963 {'epoch': 58, 'lr': 0.0008144951148861737, 'train_loss': 0.0014134038363153212, 'mae': 0.26650274, 'elapsed_time': 118.12184810638428}
2021-10-14 15:34:09,187 multi task weight : 0.7773333333333332
2021-10-14 15:36:06,776 {'epoch': 59, 'lr': 0.0008083889915582231, 'train_loss': 0.0012708139573109711, 'mae': 0.24546786, 'elapsed_time': 117.81171798706055}
2021-10-14 15:36:07,048 multi task weight : 0.7786666666666666
2021-10-14 15:38:04,903 {'epoch': 60, 'lr': 0.0008022080115363123, 'train_loss': 0.0012635403815743306, 'mae': 0.23356521, 'elapsed_time': 118.12162113189697}
2021-10-14 15:38:05,154 multi task weight : 0.78
2021-10-14 15:40:02,908 {'epoch': 61, 'lr': 0.0007959536998847739, 'train_loss': 0.0012696084863277285, 'mae': 0.22878931, 'elapsed_time': 118.00197124481201}
2021-10-14 15:40:03,102 multi task weight : 0.7813333333333332
2021-10-14 15:42:00,793 {'epoch': 62, 'lr': 0.0007896275997614226, 'train_loss': 0.001216425699279986, 'mae': 0.22413439, 'elapsed_time': 117.88299679756165}
2021-10-14 15:42:02,184 multi task weight : 0.7826666666666666
2021-10-14 15:44:00,006 {'epoch': 63, 'lr': 0.0007832312720368044, 'train_loss': 0.0012199200988507097, 'mae': 0.21272235, 'elapsed_time': 118.05980324745178}
2021-10-14 15:44:01,376 multi task weight : 0.784
2021-10-14 15:45:59,640 {'epoch': 64, 'lr': 0.0007767662949090749, 'train_loss': 0.0012733161440791872, 'mae': 0.2206842, 'elapsed_time': 118.51930856704712}
2021-10-14 15:45:59,851 multi task weight : 0.7853333333333332
2021-10-14 15:47:58,143 {'epoch': 65, 'lr': 0.000770234263514603, 'train_loss': 0.0011651001295421674, 'mae': 0.2060181, 'elapsed_time': 118.5017728805542}
2021-10-14 15:47:59,582 multi task weight : 0.7866666666666666
2021-10-14 15:49:57,396 {'epoch': 66, 'lr': 0.0007636367895343944, 'train_loss': 0.0011851353709066918, 'mae': 0.21104906, 'elapsed_time': 118.11250114440918}
2021-10-14 15:49:57,623 multi task weight : 0.788
2021-10-14 15:51:55,334 {'epoch': 67, 'lr': 0.0007569755007964335, 'train_loss': 0.0012479247740112527, 'mae': 0.28159815, 'elapsed_time': 117.93589425086975}
2021-10-14 15:51:55,567 multi task weight : 0.7893333333333333
2021-10-14 15:53:53,278 {'epoch': 68, 'lr': 0.0007502520408740415, 'train_loss': 0.0012096943559632386, 'mae': 0.21269724, 'elapsed_time': 117.94156241416931}
2021-10-14 15:53:53,515 multi task weight : 0.7906666666666666
2021-10-14 15:55:51,060 {'epoch': 69, 'lr': 0.0007434680686803488, 'train_loss': 0.0011562859259343368, 'mae': 0.20321459, 'elapsed_time': 117.78033828735352}
2021-10-14 15:55:52,446 multi task weight : 0.792
2021-10-14 15:57:50,084 {'epoch': 70, 'lr': 0.0007366252580589837, 'train_loss': 0.001397934083495415, 'mae': 0.2655688, 'elapsed_time': 117.87790179252625}
2021-10-14 15:57:50,303 multi task weight : 0.7933333333333333
2021-10-14 15:59:47,917 {'epoch': 71, 'lr': 0.0007297252973710754, 'train_loss': 0.0012904665906246409, 'mae': 0.24011368, 'elapsed_time': 117.8304193019867}
2021-10-14 15:59:48,157 multi task weight : 0.7946666666666666
2021-10-14 16:01:45,888 {'epoch': 72, 'lr': 0.0007227698890786777, 'train_loss': 0.0012192335139004657, 'mae': 0.21767102, 'elapsed_time': 117.96520805358887}
2021-10-14 16:01:46,130 multi task weight : 0.796
2021-10-14 16:03:43,857 {'epoch': 73, 'lr': 0.0007157607493247108, 'train_loss': 0.0011251183758712589, 'mae': 0.21632282, 'elapsed_time': 117.9642915725708}
2021-10-14 16:03:44,097 multi task weight : 0.7973333333333333
2021-10-14 16:05:41,703 {'epoch': 74, 'lr': 0.0007086996075095287, 'train_loss': 0.001356295304653106, 'mae': 0.21195427, 'elapsed_time': 117.84217667579651}
2021-10-14 16:05:41,906 multi task weight : 0.7986666666666666
2021-10-14 16:07:39,562 {'epoch': 75, 'lr': 0.0007015882058642161, 'train_loss': 0.0012037646156261108, 'mae': 0.22161256, 'elapsed_time': 117.85643029212952}
2021-10-14 16:07:39,778 multi task weight : 0.8
2021-10-14 16:09:37,573 {'epoch': 76, 'lr': 0.0006944282990207193, 'train_loss': 0.00118163236391572, 'mae': 0.19709164, 'elapsed_time': 118.0090844631195}
2021-10-14 16:09:38,975 multi task weight : 0.8013333333333333
2021-10-14 16:11:36,654 {'epoch': 77, 'lr': 0.0006872216535789155, 'train_loss': 0.0010435096977551384, 'mae': 0.20616406, 'elapsed_time': 117.94896674156189}
2021-10-14 16:11:36,898 multi task weight : 0.8026666666666666
2021-10-14 16:13:34,746 {'epoch': 78, 'lr': 0.0006799700476707321, 'train_loss': 0.0011059648878847708, 'mae': 0.25341398, 'elapsed_time': 118.08965277671814}
2021-10-14 16:13:34,964 multi task weight : 0.804
2021-10-14 16:15:32,589 {'epoch': 79, 'lr': 0.0006726752705214191, 'train_loss': 0.0010556496171227664, 'mae': 0.2030384, 'elapsed_time': 117.8410964012146}
2021-10-14 16:15:32,809 multi task weight : 0.8053333333333333
2021-10-14 16:17:30,605 {'epoch': 80, 'lr': 0.0006653391220080838, 'train_loss': 0.0009876816866165206, 'mae': 0.19339553, 'elapsed_time': 118.01308631896973}
2021-10-14 16:17:31,992 multi task weight : 0.8066666666666666
2021-10-14 16:19:29,983 {'epoch': 81, 'lr': 0.0006579634122155988, 'train_loss': 0.0011923236742793447, 'mae': 0.21415628, 'elapsed_time': 118.23028993606567}
2021-10-14 16:19:30,222 multi task weight : 0.808
2021-10-14 16:21:27,892 {'epoch': 82, 'lr': 0.0006505499609899903, 'train_loss': 0.001113161340113939, 'mae': 0.22951525, 'elapsed_time': 117.9078996181488}
2021-10-14 16:21:28,136 multi task weight : 0.8093333333333333
2021-10-14 16:23:25,747 {'epoch': 83, 'lr': 0.0006431005974894184, 'train_loss': 0.0011488499961709486, 'mae': 0.21384163, 'elapsed_time': 117.85236263275146}
2021-10-14 16:23:25,990 multi task weight : 0.8106666666666666
2021-10-14 16:25:23,707 {'epoch': 84, 'lr': 0.0006356171597328593, 'train_loss': 0.0009832388252967869, 'mae': 0.21324272, 'elapsed_time': 117.95807123184204}
2021-10-14 16:25:23,949 multi task weight : 0.812
2021-10-14 16:27:21,714 {'epoch': 85, 'lr': 0.0006281014941466028, 'train_loss': 0.0009594657777446323, 'mae': 0.193217, 'elapsed_time': 118.00379633903503}
2021-10-14 16:27:23,082 multi task weight : 0.8133333333333334
2021-10-14 16:29:21,041 {'epoch': 86, 'lr': 0.000620555455108673, 'train_loss': 0.0009433166867626906, 'mae': 0.19085349, 'elapsed_time': 118.23605275154114}
2021-10-14 16:29:22,908 multi task weight : 0.8146666666666667
2021-10-14 16:31:20,867 {'epoch': 87, 'lr': 0.0006129809044912885, 'train_loss': 0.0009110308688620292, 'mae': 0.22521047, 'elapsed_time': 118.24256348609924}
2021-10-14 16:31:21,115 multi task weight : 0.8160000000000001
2021-10-14 16:33:18,916 {'epoch': 88, 'lr': 0.0006053797112014735, 'train_loss': 0.0009366713843207789, 'mae': 0.19299062, 'elapsed_time': 118.04662537574768}
2021-10-14 16:33:19,184 multi task weight : 0.8173333333333334
2021-10-14 16:35:16,899 {'epoch': 89, 'lr': 0.0005977537507199336, 'train_loss': 0.0009886652121358632, 'mae': 0.19943535, 'elapsed_time': 117.98021292686462}
2021-10-14 16:35:17,159 multi task weight : 0.8186666666666667
2021-10-14 16:37:15,040 {'epoch': 90, 'lr': 0.0005901049046383074, 'train_loss': 0.0011160062234712958, 'mae': 0.19059934, 'elapsed_time': 118.13713550567627}
2021-10-14 16:37:16,519 multi task weight : 0.8200000000000001
2021-10-14 16:39:14,426 {'epoch': 91, 'lr': 0.0005824350601949141, 'train_loss': 0.0008813390677401054, 'mae': 0.18195453, 'elapsed_time': 118.18436813354492}
2021-10-14 16:39:15,826 multi task weight : 0.8213333333333334
2021-10-14 16:41:13,755 {'epoch': 92, 'lr': 0.0005747461098091033, 'train_loss': 0.00086871523365645, 'mae': 0.18439625, 'elapsed_time': 118.23490691184998}
2021-10-14 16:41:14,001 multi task weight : 0.8226666666666667
2021-10-14 16:43:11,853 {'epoch': 93, 'lr': 0.0005670399506143305, 'train_loss': 0.0008684511104508533, 'mae': 0.1972366, 'elapsed_time': 118.09367966651917}
2021-10-14 16:43:12,123 multi task weight : 0.8240000000000001
2021-10-14 16:45:09,852 {'epoch': 94, 'lr': 0.0005593184839900673, 'train_loss': 0.0009013693061311012, 'mae': 0.18743937, 'elapsed_time': 117.99567246437073}
2021-10-14 16:45:10,110 multi task weight : 0.8253333333333334
2021-10-14 16:47:07,698 {'epoch': 95, 'lr': 0.0005515836150926644, 'train_loss': 0.0008353125886600329, 'mae': 0.18419893, 'elapsed_time': 117.8408772945404}
2021-10-14 16:47:07,965 multi task weight : 0.8266666666666667
2021-10-14 16:49:05,476 {'epoch': 96, 'lr': 0.0005438372523852832, 'train_loss': 0.0008111505436533883, 'mae': 0.19381978, 'elapsed_time': 117.77628922462463}
2021-10-14 16:49:05,716 multi task weight : 0.8280000000000001
2021-10-14 16:51:03,415 {'epoch': 97, 'lr': 0.00053608130716701, 'train_loss': 0.0007895524062418716, 'mae': 0.18742703, 'elapsed_time': 117.93613576889038}
2021-10-14 16:51:03,665 multi task weight : 0.8293333333333333
2021-10-14 16:53:01,367 {'epoch': 98, 'lr': 0.0005283176931012729, 'train_loss': 0.000850783254040283, 'mae': 0.18327193, 'elapsed_time': 117.9493727684021}
2021-10-14 16:53:01,635 multi task weight : 0.8306666666666667
2021-10-14 16:54:59,140 {'epoch': 99, 'lr': 0.0005205483257436734, 'train_loss': 0.0008353651833897636, 'mae': 0.1806228, 'elapsed_time': 117.77110004425049}
2021-10-14 16:55:00,594 multi task weight : 0.8320000000000001
2021-10-14 16:56:58,112 {'epoch': 100, 'lr': 0.0005127751220693511, 'train_loss': 0.000786009729106036, 'mae': 0.18049645, 'elapsed_time': 117.79474759101868}
2021-10-14 16:56:59,551 multi task weight : 0.8333333333333333
2021-10-14 16:58:57,036 {'epoch': 101, 'lr': 0.0005049999999999998, 'train_loss': 0.0007609486256493409, 'mae': 0.17971101, 'elapsed_time': 117.74997401237488}
2021-10-14 16:58:58,481 multi task weight : 0.8346666666666667
2021-10-14 17:00:56,174 {'epoch': 102, 'lr': 0.0004972248779306486, 'train_loss': 0.0007416956337765007, 'mae': 0.17967181, 'elapsed_time': 118.00952672958374}
2021-10-14 17:00:57,557 multi task weight : 0.8360000000000001
2021-10-14 17:02:54,923 {'epoch': 103, 'lr': 0.0004894516742563262, 'train_loss': 0.0007145293433443847, 'mae': 0.17418836, 'elapsed_time': 117.64566779136658}
2021-10-14 17:02:56,293 multi task weight : 0.8373333333333333
2021-10-14 17:04:53,724 {'epoch': 104, 'lr': 0.00048168230689872663, 'train_loss': 0.0007731369463881173, 'mae': 0.18924923, 'elapsed_time': 117.70754504203796}
2021-10-14 17:04:53,966 multi task weight : 0.8386666666666667
2021-10-14 17:06:51,512 {'epoch': 105, 'lr': 0.0004739186928329896, 'train_loss': 0.000736768080342519, 'mae': 0.17727417, 'elapsed_time': 117.78615713119507}
2021-10-14 17:06:51,778 multi task weight : 0.8400000000000001
2021-10-14 17:08:49,097 {'epoch': 106, 'lr': 0.00046616274761471655, 'train_loss': 0.0006992816695458372, 'mae': 0.1713319, 'elapsed_time': 117.58232021331787}
2021-10-14 17:08:50,474 multi task weight : 0.8413333333333333
2021-10-14 17:10:48,253 {'epoch': 107, 'lr': 0.0004584163849073352, 'train_loss': 0.0007126425307137907, 'mae': 0.18731475, 'elapsed_time': 118.05982065200806}
2021-10-14 17:10:48,488 multi task weight : 0.8426666666666667
2021-10-14 17:12:45,852 {'epoch': 108, 'lr': 0.0004506815160099324, 'train_loss': 0.0007088241108734534, 'mae': 0.17794937, 'elapsed_time': 117.59705686569214}
2021-10-14 17:12:46,109 multi task weight : 0.8440000000000001
2021-10-14 17:14:43,488 {'epoch': 109, 'lr': 0.0004429600493856693, 'train_loss': 0.0006600838953183533, 'mae': 0.17487901, 'elapsed_time': 117.62768793106079}
2021-10-14 17:14:43,761 multi task weight : 0.8453333333333333
2021-10-14 17:16:41,433 {'epoch': 110, 'lr': 0.00043525389019089656, 'train_loss': 0.000655432957156041, 'mae': 0.17557295, 'elapsed_time': 117.94294118881226}
2021-10-14 17:16:41,644 multi task weight : 0.8466666666666667
2021-10-14 17:18:39,003 {'epoch': 111, 'lr': 0.0004275649398050856, 'train_loss': 0.0006694534487375524, 'mae': 0.17726812, 'elapsed_time': 117.56805753707886}
2021-10-14 17:18:39,276 multi task weight : 0.8480000000000001
2021-10-14 17:20:36,772 {'epoch': 112, 'lr': 0.0004198950953616921, 'train_loss': 0.0006818740495966317, 'mae': 0.17847696, 'elapsed_time': 117.76399350166321}
2021-10-14 17:20:37,037 multi task weight : 0.8493333333333333
2021-10-14 17:22:34,486 {'epoch': 113, 'lr': 0.0004122462492800662, 'train_loss': 0.0007085624445326049, 'mae': 0.1969218, 'elapsed_time': 117.71003723144531}
2021-10-14 17:22:34,739 multi task weight : 0.8506666666666667
2021-10-14 17:24:32,169 {'epoch': 114, 'lr': 0.0004046202887985263, 'train_loss': 0.0006848327482256217, 'mae': 0.17351817, 'elapsed_time': 117.68159055709839}
2021-10-14 17:24:32,418 multi task weight : 0.8520000000000001
2021-10-14 17:26:30,013 {'epoch': 115, 'lr': 0.0003970190955087115, 'train_loss': 0.0006337872976060732, 'mae': 0.17203292, 'elapsed_time': 117.8408715724945}
2021-10-14 17:26:30,266 multi task weight : 0.8533333333333333
2021-10-14 17:28:27,797 {'epoch': 116, 'lr': 0.0003894445448913267, 'train_loss': 0.0006092166409607436, 'mae': 0.17316361, 'elapsed_time': 117.78101587295532}
2021-10-14 17:28:28,056 multi task weight : 0.8546666666666667
2021-10-14 17:30:25,350 {'epoch': 117, 'lr': 0.00038189850585339675, 'train_loss': 0.0005989719749440059, 'mae': 0.16994251, 'elapsed_time': 117.55112075805664}
2021-10-14 17:30:26,715 multi task weight : 0.8560000000000001
2021-10-14 17:32:24,272 {'epoch': 118, 'lr': 0.0003743828402671403, 'train_loss': 0.0006053626129367914, 'mae': 0.17170723, 'elapsed_time': 117.8207175731659}
2021-10-14 17:32:24,546 multi task weight : 0.8573333333333333
2021-10-14 17:34:22,021 {'epoch': 119, 'lr': 0.0003668994025105814, 'train_loss': 0.0005958152140599952, 'mae': 0.17445776, 'elapsed_time': 117.74692845344543}
2021-10-14 17:34:22,274 multi task weight : 0.8586666666666667
2021-10-14 17:36:19,909 {'epoch': 120, 'lr': 0.00035945003901000945, 'train_loss': 0.0005865227729773347, 'mae': 0.1700844, 'elapsed_time': 117.8832573890686}
2021-10-14 17:36:20,174 multi task weight : 0.8600000000000001
2021-10-14 17:38:17,694 {'epoch': 121, 'lr': 0.00035203658778440103, 'train_loss': 0.0005817317763668089, 'mae': 0.16955659, 'elapsed_time': 117.78051090240479}
2021-10-14 17:38:19,066 multi task weight : 0.8613333333333333
2021-10-14 17:40:16,571 {'epoch': 122, 'lr': 0.0003446608779919159, 'train_loss': 0.0005726495013381567, 'mae': 0.16878827, 'elapsed_time': 117.77367830276489}
2021-10-14 17:40:17,973 multi task weight : 0.8626666666666667
2021-10-14 17:42:15,498 {'epoch': 123, 'lr': 0.00033732472947858063, 'train_loss': 0.000575451887687304, 'mae': 0.16854268, 'elapsed_time': 117.78428983688354}
2021-10-14 17:42:16,906 multi task weight : 0.864
2021-10-14 17:44:14,368 {'epoch': 124, 'lr': 0.00033002995232926766, 'train_loss': 0.0005586622764262006, 'mae': 0.16801877, 'elapsed_time': 117.73788285255432}
2021-10-14 17:44:15,833 multi task weight : 0.8653333333333333
2021-10-14 17:46:13,116 {'epoch': 125, 'lr': 0.0003227783464210844, 'train_loss': 0.000600228620096893, 'mae': 0.16968192, 'elapsed_time': 117.60078406333923}
2021-10-14 17:46:13,371 multi task weight : 0.8666666666666666
2021-10-14 17:48:10,855 {'epoch': 126, 'lr': 0.00031557170097928054, 'train_loss': 0.0005525405189137217, 'mae': 0.16853015, 'elapsed_time': 117.73744869232178}
2021-10-14 17:48:11,118 multi task weight : 0.868
2021-10-14 17:50:08,603 {'epoch': 127, 'lr': 0.0003084117941357834, 'train_loss': 0.0005322856960029418, 'mae': 0.16654274, 'elapsed_time': 117.74393129348755}
2021-10-14 17:50:09,939 multi task weight : 0.8693333333333333
2021-10-14 17:52:07,417 {'epoch': 128, 'lr': 0.00030130039249047106, 'train_loss': 0.0005248737936213642, 'mae': 0.16873656, 'elapsed_time': 117.70423173904419}
2021-10-14 17:52:07,652 multi task weight : 0.8706666666666667
2021-10-14 17:54:05,122 {'epoch': 129, 'lr': 0.00029423925067528897, 'train_loss': 0.0005215446243767433, 'mae': 0.16773616, 'elapsed_time': 117.70001316070557}
2021-10-14 17:54:05,372 multi task weight : 0.872
2021-10-14 17:56:02,670 {'epoch': 130, 'lr': 0.0002872301109213219, 'train_loss': 0.0005167712793223229, 'mae': 0.16555262, 'elapsed_time': 117.5459303855896}
2021-10-14 17:56:04,038 multi task weight : 0.8733333333333333
2021-10-14 17:58:01,627 {'epoch': 131, 'lr': 0.0002802747026289243, 'train_loss': 0.0005018269813528829, 'mae': 0.1671702, 'elapsed_time': 117.84661912918091}
2021-10-14 17:58:01,855 multi task weight : 0.8746666666666667
2021-10-14 17:59:59,295 {'epoch': 132, 'lr': 0.00027337474194101617, 'train_loss': 0.0005012265105982977, 'mae': 0.16513011, 'elapsed_time': 117.6651885509491}
2021-10-14 18:00:00,707 multi task weight : 0.876
2021-10-14 18:01:58,282 {'epoch': 133, 'lr': 0.00026653193131965077, 'train_loss': 0.0004937585572248622, 'mae': 0.16720036, 'elapsed_time': 117.84435796737671}
2021-10-14 18:01:58,535 multi task weight : 0.8773333333333333
2021-10-14 18:03:56,054 {'epoch': 134, 'lr': 0.00025974795912595813, 'train_loss': 0.00048813908438045825, 'mae': 0.16400455, 'elapsed_time': 117.76765298843384}
2021-10-14 18:03:57,461 multi task weight : 0.8786666666666667
2021-10-14 18:05:54,960 {'epoch': 135, 'lr': 0.0002530244992035661, 'train_loss': 0.00047753858142405886, 'mae': 0.16520119, 'elapsed_time': 117.7877266407013}
2021-10-14 18:05:55,213 multi task weight : 0.88
2021-10-14 18:07:52,697 {'epoch': 136, 'lr': 0.00024636321046560527, 'train_loss': 0.0004755798590260282, 'mae': 0.1630244, 'elapsed_time': 117.73507380485535}
2021-10-14 18:07:54,062 multi task weight : 0.8813333333333333
2021-10-14 18:09:51,456 {'epoch': 137, 'lr': 0.00023976573648539645, 'train_loss': 0.00046831862217172084, 'mae': 0.16479935, 'elapsed_time': 117.66740465164185}
2021-10-14 18:09:51,699 multi task weight : 0.8826666666666667
2021-10-14 18:11:49,329 {'epoch': 138, 'lr': 0.00023323370509092462, 'train_loss': 0.0004573720729508054, 'mae': 0.1643505, 'elapsed_time': 117.8686134815216}
2021-10-14 18:11:49,606 multi task weight : 0.884
2021-10-14 18:13:47,097 {'epoch': 139, 'lr': 0.00022676872796319523, 'train_loss': 0.00045397852808533323, 'mae': 0.16352, 'elapsed_time': 117.76674175262451}
2021-10-14 18:13:47,328 multi task weight : 0.8853333333333333
2021-10-14 18:15:44,785 {'epoch': 140, 'lr': 0.00022037240023857702, 'train_loss': 0.000450128649476844, 'mae': 0.16435963, 'elapsed_time': 117.68564176559448}
2021-10-14 18:15:45,054 multi task weight : 0.8866666666666667
2021-10-14 18:17:42,589 {'epoch': 141, 'lr': 0.00021404630011522577, 'train_loss': 0.0004415568784545833, 'mae': 0.1620282, 'elapsed_time': 117.80198240280151}
2021-10-14 18:17:43,975 multi task weight : 0.888
2021-10-14 18:19:41,537 {'epoch': 142, 'lr': 0.00020779198846368737, 'train_loss': 0.00043419568322357, 'mae': 0.16198564, 'elapsed_time': 117.83941721916199}
2021-10-14 18:19:42,919 multi task weight : 0.8893333333333333
2021-10-14 18:21:40,403 {'epoch': 143, 'lr': 0.0002016110084417765, 'train_loss': 0.00042661334646555904, 'mae': 0.16329011, 'elapsed_time': 117.76029586791992}
2021-10-14 18:21:40,681 multi task weight : 0.8906666666666667
2021-10-14 18:23:38,354 {'epoch': 144, 'lr': 0.00019550488511382584, 'train_loss': 0.000424433863031165, 'mae': 0.16201566, 'elapsed_time': 117.94849562644958}
2021-10-14 18:23:38,613 multi task weight : 0.892
2021-10-14 18:25:35,956 {'epoch': 145, 'lr': 0.00018947512507439847, 'train_loss': 0.00041766139117641667, 'mae': 0.16344132, 'elapsed_time': 117.59991502761841}
2021-10-14 18:25:36,197 multi task weight : 0.8933333333333333
2021-10-14 18:27:33,635 {'epoch': 146, 'lr': 0.00018352321607655904, 'train_loss': 0.00041212341529079586, 'mae': 0.16235754, 'elapsed_time': 117.67651057243347}
2021-10-14 18:27:33,882 multi task weight : 0.8946666666666667
2021-10-14 18:29:31,528 {'epoch': 147, 'lr': 0.0001776506266647923, 'train_loss': 0.0004052058979375146, 'mae': 0.16152473, 'elapsed_time': 117.89113736152649}
2021-10-14 18:29:32,957 multi task weight : 0.896
2021-10-14 18:31:30,505 {'epoch': 148, 'lr': 0.00017185880581266206, 'train_loss': 0.0003989519966140419, 'mae': 0.16245273, 'elapsed_time': 117.8213050365448}
2021-10-14 18:31:30,764 multi task weight : 0.8973333333333333
2021-10-14 18:33:28,215 {'epoch': 149, 'lr': 0.000166149182565299, 'train_loss': 0.00039314684174791956, 'mae': 0.16124871, 'elapsed_time': 117.70575213432312}
2021-10-14 18:33:29,593 multi task weight : 0.8986666666666667
2021-10-14 18:35:27,103 {'epoch': 150, 'lr': 0.00016052316568680435, 'train_loss': 0.00039104425000869886, 'mae': 0.1619158, 'elapsed_time': 117.77718925476074}
2021-10-14 18:35:27,380 multi task weight : 0.9
2021-10-14 18:37:24,819 {'epoch': 151, 'lr': 0.00015498214331265893, 'train_loss': 0.0003824951293192572, 'mae': 0.16106024, 'elapsed_time': 117.71374249458313}
2021-10-14 18:37:26,209 multi task weight : 0.9
2021-10-14 18:39:23,895 {'epoch': 152, 'lr': 0.0001495274826072215, 'train_loss': 0.00037588038974897684, 'mae': 0.16067573, 'elapsed_time': 117.96142792701721}
2021-10-14 18:39:25,326 multi task weight : 0.9
2021-10-14 18:41:22,892 {'epoch': 153, 'lr': 0.00014416052942640132, 'train_loss': 0.0003725692623025183, 'mae': 0.16066456, 'elapsed_time': 117.85779404640198}
2021-10-14 18:41:24,261 multi task weight : 0.9
2021-10-14 18:43:21,921 {'epoch': 154, 'lr': 0.0001388826079855881, 'train_loss': 0.0003667870351292978, 'mae': 0.16113201, 'elapsed_time': 117.91929984092712}
2021-10-14 18:43:22,175 multi task weight : 0.9
2021-10-14 18:45:19,743 {'epoch': 155, 'lr': 0.00013369502053292245, 'train_loss': 0.00036225872598168787, 'mae': 0.16115457, 'elapsed_time': 117.82054328918457}
2021-10-14 18:45:20,004 multi task weight : 0.9
2021-10-14 18:47:17,535 {'epoch': 156, 'lr': 0.00012859904702798464, 'train_loss': 0.00035806481095093857, 'mae': 0.16045187, 'elapsed_time': 117.79064297676086}
2021-10-14 18:47:18,888 multi task weight : 0.9
2021-10-14 18:49:16,424 {'epoch': 157, 'lr': 0.00012359594482598432, 'train_loss': 0.0003529009397522435, 'mae': 0.16025934, 'elapsed_time': 117.78719115257263}
2021-10-14 18:49:17,794 multi task weight : 0.9
2021-10-14 18:51:15,462 {'epoch': 158, 'lr': 0.00011868694836752681, 'train_loss': 0.0003494207238108216, 'mae': 0.16071704, 'elapsed_time': 117.9473626613617}
2021-10-14 18:51:15,741 multi task weight : 0.9
2021-10-14 18:53:12,981 {'epoch': 159, 'lr': 0.0001138732688740332, 'train_loss': 0.000341678187164686, 'mae': 0.16050771, 'elapsed_time': 117.51039457321167}
2021-10-14 18:53:13,235 multi task weight : 0.9
2021-10-14 18:55:10,411 {'epoch': 160, 'lr': 0.00010915609404889012, 'train_loss': 0.00033874643764121, 'mae': 0.16010287, 'elapsed_time': 117.42596507072449}
2021-10-14 18:55:11,747 multi task weight : 0.9
2021-10-14 18:57:09,307 {'epoch': 161, 'lr': 0.00010453658778440103, 'train_loss': 0.0003352839242965674, 'mae': 0.15987627, 'elapsed_time': 117.78573226928711}
2021-10-14 18:57:10,636 multi task weight : 0.9
2021-10-14 18:59:08,266 {'epoch': 162, 'lr': 0.00010001588987461343, 'train_loss': 0.00033114637717891006, 'mae': 0.16023022, 'elapsed_time': 117.89465546607971}
2021-10-14 18:59:08,491 multi task weight : 0.9
2021-10-14 19:01:05,886 {'epoch': 163, 'lr': 9.559511573409192e-05, 'train_loss': 0.00032476628467075234, 'mae': 0.15996729, 'elapsed_time': 117.61524534225464}
2021-10-14 19:01:06,142 multi task weight : 0.9
2021-10-14 19:03:03,541 {'epoch': 164, 'lr': 9.12753561227063e-05, 'train_loss': 0.00032202675222679035, 'mae': 0.15981531, 'elapsed_time': 117.65289068222046}
2021-10-14 19:03:04,961 multi task weight : 0.9
2021-10-14 19:05:02,394 {'epoch': 165, 'lr': 8.705767687650262e-05, 'train_loss': 0.0003182287241540222, 'mae': 0.15970619, 'elapsed_time': 117.74166464805603}
2021-10-14 19:05:03,780 multi task weight : 0.9
2021-10-14 19:07:01,092 {'epoch': 166, 'lr': 8.294311864472445e-05, 'train_loss': 0.0003154204971964901, 'mae': 0.16007532, 'elapsed_time': 117.5910005569458}
2021-10-14 19:07:01,357 multi task weight : 0.9
2021-10-14 19:08:58,652 {'epoch': 167, 'lr': 7.89326966330478e-05, 'train_loss': 0.0003112592785622285, 'mae': 0.15986645, 'elapsed_time': 117.55751085281372}
2021-10-14 19:08:58,906 multi task weight : 0.9
2021-10-14 19:10:56,150 {'epoch': 168, 'lr': 7.502740035309526e-05, 'train_loss': 0.0003078075966410798, 'mae': 0.15946613, 'elapsed_time': 117.49539351463318}
2021-10-14 19:10:57,507 multi task weight : 0.9
2021-10-14 19:12:54,849 {'epoch': 169, 'lr': 7.12281933782875e-05, 'train_loss': 0.00030346001060821507, 'mae': 0.15930052, 'elapsed_time': 117.59165906906128}
2021-10-14 19:12:56,157 multi task weight : 0.9
2021-10-14 19:14:53,667 {'epoch': 170, 'lr': 6.75360131060967e-05, 'train_loss': 0.0003008189400061817, 'mae': 0.15971468, 'elapsed_time': 117.75486421585083}
2021-10-14 19:14:53,927 multi task weight : 0.9
2021-10-14 19:16:51,426 {'epoch': 171, 'lr': 6.395177052675792e-05, 'train_loss': 0.0002972929910037634, 'mae': 0.15952645, 'elapsed_time': 117.75170731544495}
2021-10-14 19:16:51,660 multi task weight : 0.9
2021-10-14 19:18:49,161 {'epoch': 172, 'lr': 6.047634999849528e-05, 'train_loss': 0.00029481907181979966, 'mae': 0.15964723, 'elapsed_time': 117.73015642166138}
2021-10-14 19:18:49,414 multi task weight : 0.9
2021-10-14 19:20:47,212 {'epoch': 173, 'lr': 5.711060902932039e-05, 'train_loss': 0.00029212011075581716, 'mae': 0.15929466, 'elapsed_time': 118.0477921962738}
2021-10-14 19:20:48,547 multi task weight : 0.9
2021-10-14 19:22:46,010 {'epoch': 174, 'lr': 5.385537806545467e-05, 'train_loss': 0.00028954561425754375, 'mae': 0.15911818, 'elapsed_time': 117.72406578063965}
2021-10-14 19:22:47,349 multi task weight : 0.9
2021-10-14 19:24:45,084 {'epoch': 175, 'lr': 5.0711460286429424e-05, 'train_loss': 0.00028658451856841623, 'mae': 0.1594868, 'elapsed_time': 117.97400450706482}
2021-10-14 19:24:45,339 multi task weight : 0.9
2021-10-14 19:26:42,784 {'epoch': 176, 'lr': 4.767963140691315e-05, 'train_loss': 0.00028398474530274306, 'mae': 0.15895887, 'elapsed_time': 117.69709420204163}
2021-10-14 19:26:44,147 multi task weight : 0.9
2021-10-14 19:28:41,765 {'epoch': 177, 'lr': 4.4760639485315563e-05, 'train_loss': 0.0002818833274373043, 'mae': 0.15926012, 'elapsed_time': 117.8809015750885}
2021-10-14 19:28:42,028 multi task weight : 0.9
2021-10-14 19:30:39,440 {'epoch': 178, 'lr': 4.195520473921563e-05, 'train_loss': 0.00027999656464388587, 'mae': 0.15923004, 'elapsed_time': 117.67236876487732}
2021-10-14 19:30:39,686 multi task weight : 0.9
2021-10-14 19:32:37,135 {'epoch': 179, 'lr': 3.9264019367658385e-05, 'train_loss': 0.00027740277986260066, 'mae': 0.15909639, 'elapsed_time': 117.6905198097229}
2021-10-14 19:32:37,393 multi task weight : 0.9
2021-10-14 19:34:34,891 {'epoch': 180, 'lr': 3.6687747380365064e-05, 'train_loss': 0.0002760428748592843, 'mae': 0.15934944, 'elapsed_time': 117.75207042694092}
2021-10-14 19:34:35,169 multi task weight : 0.9
2021-10-14 19:36:32,765 {'epoch': 181, 'lr': 3.422702443389899e-05, 'train_loss': 0.00027325892440772275, 'mae': 0.15917426, 'elapsed_time': 117.86877846717834}
2021-10-14 19:36:33,056 multi task weight : 0.9
2021-10-14 19:38:30,510 {'epoch': 182, 'lr': 3.188245767482658e-05, 'train_loss': 0.00027199750750728636, 'mae': 0.15901656, 'elapsed_time': 117.74171280860901}
2021-10-14 19:38:30,777 multi task weight : 0.9
2021-10-14 19:40:28,407 {'epoch': 183, 'lr': 2.965462558991323e-05, 'train_loss': 0.0002703120657029908, 'mae': 0.15908915, 'elapsed_time': 117.89159679412842}
2021-10-14 19:40:28,646 multi task weight : 0.9
2021-10-14 19:42:26,212 {'epoch': 184, 'lr': 2.7544077863390004e-05, 'train_loss': 0.0002688834132630356, 'mae': 0.1590622, 'elapsed_time': 117.80244398117065}
2021-10-14 19:42:26,488 multi task weight : 0.9
2021-10-14 19:44:23,905 {'epoch': 185, 'lr': 2.5551335241327672e-05, 'train_loss': 0.00026744551082728634, 'mae': 0.1591732, 'elapsed_time': 117.6895661354065}
2021-10-14 19:44:24,188 multi task weight : 0.9
2021-10-14 19:46:21,620 {'epoch': 186, 'lr': 2.367688940315011e-05, 'train_loss': 0.0002658037810399388, 'mae': 0.15930825, 'elapsed_time': 117.71339583396912}
2021-10-14 19:46:21,906 multi task weight : 0.9
2021-10-14 19:48:19,515 {'epoch': 187, 'lr': 2.1921202840320077e-05, 'train_loss': 0.00026452068465955016, 'mae': 0.15915135, 'elapsed_time': 117.88945174217224}
2021-10-14 19:48:19,747 multi task weight : 0.9
2021-10-14 19:50:17,235 {'epoch': 188, 'lr': 2.0284708742225903e-05, 'train_loss': 0.0002634284017401432, 'mae': 0.15926869, 'elapsed_time': 117.71726489067078}
2021-10-14 19:50:17,506 multi task weight : 0.9
2021-10-14 19:52:14,958 {'epoch': 189, 'lr': 1.8767810889299086e-05, 'train_loss': 0.00026214123454199197, 'mae': 0.15906413, 'elapsed_time': 117.71947407722473}
2021-10-14 19:52:15,211 multi task weight : 0.9
2021-10-14 19:54:12,733 {'epoch': 190, 'lr': 1.7370883553386936e-05, 'train_loss': 0.00026120477333798205, 'mae': 0.15909621, 'elapsed_time': 117.77209258079529}
2021-10-14 19:54:13,000 multi task weight : 0.9
2021-10-14 19:56:10,674 {'epoch': 191, 'lr': 1.6094271405406862e-05, 'train_loss': 0.00026035918641250364, 'mae': 0.15922606, 'elapsed_time': 117.93873810768127}
2021-10-14 19:56:10,935 multi task weight : 0.9
2021-10-14 19:58:08,421 {'epoch': 192, 'lr': 1.4938289430304022e-05, 'train_loss': 0.0002594567851686197, 'mae': 0.15915525, 'elapsed_time': 117.74469351768494}
2021-10-14 19:58:08,671 multi task weight : 0.9
2021-10-14 20:00:06,192 {'epoch': 193, 'lr': 1.3903222849333509e-05, 'train_loss': 0.0002586789145902777, 'mae': 0.15919787, 'elapsed_time': 117.76665115356445}
2021-10-14 20:00:06,447 multi task weight : 0.9
2021-10-14 20:02:03,885 {'epoch': 194, 'lr': 1.2989327049686102e-05, 'train_loss': 0.0002577590789137355, 'mae': 0.15917149, 'elapsed_time': 117.68922805786133}
2021-10-14 20:02:04,147 multi task weight : 0.9
2021-10-14 20:04:01,664 {'epoch': 195, 'lr': 1.2196827521475404e-05, 'train_loss': 0.0002571569157935891, 'mae': 0.15915133, 'elapsed_time': 117.77342891693115}
2021-10-14 20:04:01,951 multi task weight : 0.9
2021-10-14 20:05:59,313 {'epoch': 196, 'lr': 1.152591980210166e-05, 'train_loss': 0.00025656416418488805, 'mae': 0.15915762, 'elapsed_time': 117.64748167991638}
2021-10-14 20:05:59,589 multi task weight : 0.9
2021-10-14 20:07:57,062 {'epoch': 197, 'lr': 1.097676942800558e-05, 'train_loss': 0.0002561090681627837, 'mae': 0.15912251, 'elapsed_time': 117.74143981933594}
2021-10-14 20:07:57,313 multi task weight : 0.9
2021-10-14 20:09:54,664 {'epoch': 198, 'lr': 1.0549511893824899e-05, 'train_loss': 0.0002554662084988287, 'mae': 0.15904589, 'elapsed_time': 117.59900331497192}
2021-10-14 20:09:54,946 multi task weight : 0.9
2021-10-14 20:11:52,306 {'epoch': 199, 'lr': 1.0244252618962858e-05, 'train_loss': 0.0002550651500775492, 'mae': 0.15909824, 'elapsed_time': 117.63673400878906}
2021-10-14 20:11:52,558 multi task weight : 0.9
2021-10-14 20:13:49,884 {'epoch': 200, 'lr': 1.006106692157801e-05, 'train_loss': 0.0002547859013971803, 'mae': 0.15907505, 'elapsed_time': 117.57609367370605}
2021-10-14 20:14:50,717 Total CV: 0.15895886719226837
