2021-10-09 18:23:02,153 Fold 0
2021-10-09 18:23:05,668 train run device : cuda:0
2021-10-09 18:25:05,520 {'epoch': 1, 'lr': 0.001, 'train_loss': 0.01354235702196125, 'mae': 1.3987293, 'elapsed_time': 78.44728469848633}
2021-10-09 18:26:23,711 {'epoch': 2, 'lr': 0.000999938933078422, 'train_loss': 0.004733246465129044, 'mae': 1.1413295, 'elapsed_time': 77.65354657173157}
2021-10-09 18:27:42,028 {'epoch': 3, 'lr': 0.000999755747381037, 'train_loss': 0.00415895094661779, 'mae': 0.9517249, 'elapsed_time': 77.8436074256897}
2021-10-09 18:29:00,179 {'epoch': 4, 'lr': 0.000999450488106175, 'train_loss': 0.003707041431926907, 'mae': 0.8464284, 'elapsed_time': 77.6779465675354}
2021-10-09 18:30:18,433 {'epoch': 5, 'lr': 0.0009990232305719944, 'train_loss': 0.0033851807681514064, 'mae': 0.8154843, 'elapsed_time': 77.8025336265564}
2021-10-09 18:31:36,400 {'epoch': 6, 'lr': 0.0009984740801978983, 'train_loss': 0.0031499249516258655, 'mae': 0.6182078, 'elapsed_time': 77.49071645736694}
2021-10-09 18:32:54,102 {'epoch': 7, 'lr': 0.0009978031724785245, 'train_loss': 0.00305300164520938, 'mae': 0.63341093, 'elapsed_time': 77.20841097831726}
2021-10-09 18:34:11,434 {'epoch': 8, 'lr': 0.000997010672950314, 'train_loss': 0.0027651530018383656, 'mae': 0.6270192, 'elapsed_time': 77.3315281867981}
2021-10-09 18:35:29,563 {'epoch': 9, 'lr': 0.0009960967771506664, 'train_loss': 0.0027330368772060212, 'mae': 0.5218989, 'elapsed_time': 78.12877988815308}
2021-10-09 18:36:48,117 {'epoch': 10, 'lr': 0.0009950617105696957, 'train_loss': 0.0026265789926881583, 'mae': 0.5717258, 'elapsed_time': 78.07058072090149}
2021-10-09 18:38:05,931 {'epoch': 11, 'lr': 0.0009939057285945929, 'train_loss': 0.0024754269360863983, 'mae': 0.5065275, 'elapsed_time': 77.81369876861572}
2021-10-09 18:39:24,090 {'epoch': 12, 'lr': 0.0009926291164466126, 'train_loss': 0.002480328259798294, 'mae': 0.48479423, 'elapsed_time': 77.69143295288086}
2021-10-09 18:41:11,891 Fold 0
2021-10-09 18:41:15,226 train run device : cuda:0
2021-10-09 18:42:52,146 {'epoch': 1, 'lr': 0.001, 'train_loss': 0.013738308708702514, 'mae': 1.2850939, 'elapsed_time': 76.8513433933258}
2021-10-09 18:44:09,716 {'epoch': 2, 'lr': 0.000999938933078422, 'train_loss': 0.004596650088421946, 'mae': 1.0874306, 'elapsed_time': 77.14839959144592}
2021-10-09 18:45:27,563 {'epoch': 3, 'lr': 0.000999755747381037, 'train_loss': 0.004005803440366066, 'mae': 0.96820545, 'elapsed_time': 77.40948581695557}
2021-10-09 18:46:45,617 {'epoch': 4, 'lr': 0.000999450488106175, 'train_loss': 0.00352611186993762, 'mae': 0.7792503, 'elapsed_time': 77.6000440120697}
2021-10-09 18:48:04,074 {'epoch': 5, 'lr': 0.0009990232305719944, 'train_loss': 0.0031790848631310575, 'mae': 0.8104488, 'elapsed_time': 77.99451327323914}
2021-10-09 18:49:22,072 {'epoch': 6, 'lr': 0.0009984740801978983, 'train_loss': 0.0029107988300388263, 'mae': 0.6889929, 'elapsed_time': 77.99775218963623}
2021-10-09 18:50:41,131 {'epoch': 7, 'lr': 0.0009978031724785245, 'train_loss': 0.002694348505074177, 'mae': 0.5641612, 'elapsed_time': 78.58101153373718}
2021-10-09 18:51:59,696 {'epoch': 8, 'lr': 0.000997010672950314, 'train_loss': 0.002616880872614578, 'mae': 0.5473643, 'elapsed_time': 78.08961153030396}
2021-10-09 18:53:18,270 {'epoch': 9, 'lr': 0.0009960967771506664, 'train_loss': 0.002525627864382771, 'mae': 0.52435, 'elapsed_time': 78.09022092819214}
2021-10-09 18:54:37,697 {'epoch': 10, 'lr': 0.0009950617105696957, 'train_loss': 0.002465322512498828, 'mae': 0.49039513, 'elapsed_time': 78.93987274169922}
2021-10-09 18:55:56,335 {'epoch': 11, 'lr': 0.0009939057285945929, 'train_loss': 0.00236310843425211, 'mae': 0.4928897, 'elapsed_time': 78.16260552406311}
2021-10-09 18:57:14,468 {'epoch': 12, 'lr': 0.0009926291164466126, 'train_loss': 0.002307543112859969, 'mae': 0.46863204, 'elapsed_time': 78.13197016716003}
2021-10-09 18:58:34,983 {'epoch': 13, 'lr': 0.0009912321891107005, 'train_loss': 0.0022220268386377254, 'mae': 0.4530721, 'elapsed_time': 78.01928424835205}
2021-10-09 18:59:53,091 {'epoch': 14, 'lr': 0.0009897152912577737, 'train_loss': 0.0022161273459790952, 'mae': 0.45781812, 'elapsed_time': 77.64275360107422}
2021-10-09 19:01:11,201 {'epoch': 15, 'lr': 0.0009880787971596797, 'train_loss': 0.00217742032394297, 'mae': 0.49705768, 'elapsed_time': 78.10944700241089}
2021-10-09 19:02:29,446 {'epoch': 16, 'lr': 0.0009863231105968495, 'train_loss': 0.0021233336045854215, 'mae': 0.4345782, 'elapsed_time': 78.2449119091034}
2021-10-09 19:03:48,338 {'epoch': 17, 'lr': 0.000984448664758672, 'train_loss': 0.0021934378354003525, 'mae': 0.5026427, 'elapsed_time': 78.40678286552429}
2021-10-09 19:05:06,787 {'epoch': 18, 'lr': 0.0009824559221366096, 'train_loss': 0.00211699471183768, 'mae': 0.4573776, 'elapsed_time': 78.44787788391113}
2021-10-09 19:06:24,969 {'epoch': 19, 'lr': 0.0009803453744100864, 'train_loss': 0.002225881864577828, 'mae': 0.44314143, 'elapsed_time': 78.18165326118469}
2021-10-09 19:07:43,341 {'epoch': 20, 'lr': 0.0009781175423251728, 'train_loss': 0.0020912600546640777, 'mae': 0.5304735, 'elapsed_time': 78.37173700332642}
2021-10-09 19:09:01,806 {'epoch': 21, 'lr': 0.0009757729755661004, 'train_loss': 0.002586440718316179, 'mae': 0.47822335, 'elapsed_time': 78.46420335769653}
2021-10-09 19:10:19,948 {'epoch': 22, 'lr': 0.0009733122526196342, 'train_loss': 0.0020788170686121253, 'mae': 0.3617511, 'elapsed_time': 78.14238905906677}
2021-10-09 19:11:38,945 {'epoch': 23, 'lr': 0.000970735980632341, 'train_loss': 0.0020818332482976103, 'mae': 0.5515309, 'elapsed_time': 78.51857376098633}
2021-10-09 19:12:57,541 {'epoch': 24, 'lr': 0.0009680447952607838, 'train_loss': 0.0019611222199192105, 'mae': 0.36847562, 'elapsed_time': 78.59540367126465}
2021-10-09 19:14:15,899 {'epoch': 25, 'lr': 0.0009652393605146839, 'train_loss': 0.0019398341660194637, 'mae': 0.36914888, 'elapsed_time': 78.35819005966187}
2021-10-09 19:15:34,029 {'epoch': 26, 'lr': 0.0009623203685930864, 'train_loss': 0.0018440205954395436, 'mae': 0.4199543, 'elapsed_time': 78.12921261787415}
2021-10-09 19:16:52,178 {'epoch': 27, 'lr': 0.00095928853971357, 'train_loss': 0.001805979555819586, 'mae': 0.33214885, 'elapsed_time': 78.1485013961792}
2021-10-09 19:18:10,770 {'epoch': 28, 'lr': 0.0009561446219345448, 'train_loss': 0.0018202734063148024, 'mae': 0.34856266, 'elapsed_time': 78.11807036399841}
2021-10-09 19:19:28,792 {'epoch': 29, 'lr': 0.0009528893909706791, 'train_loss': 0.0018728220345288259, 'mae': 0.4784325, 'elapsed_time': 78.0212926864624}
2021-10-09 19:20:46,933 {'epoch': 30, 'lr': 0.0009495236500015041, 'train_loss': 0.001819241488805427, 'mae': 0.2954557, 'elapsed_time': 78.14035558700562}
2021-10-09 19:22:05,636 {'epoch': 31, 'lr': 0.0009460482294732414, 'train_loss': 0.001761373715330782, 'mae': 0.4736014, 'elapsed_time': 78.22139000892639}
2021-10-09 19:23:23,590 {'epoch': 32, 'lr': 0.0009424639868939027, 'train_loss': 0.002034465405001318, 'mae': 0.40818524, 'elapsed_time': 77.95403552055359}
2021-10-09 19:24:42,083 {'epoch': 33, 'lr': 0.0009387718066217117, 'train_loss': 0.0017583682678881823, 'mae': 0.3710187, 'elapsed_time': 78.49211549758911}
2021-10-09 19:26:00,269 {'epoch': 34, 'lr': 0.000934972599646904, 'train_loss': 0.0016603458082739132, 'mae': 0.2948558, 'elapsed_time': 78.18550968170166}
2021-10-09 19:27:19,264 {'epoch': 35, 'lr': 0.0009310673033669515, 'train_loss': 0.0019553581081118467, 'mae': 0.39840665, 'elapsed_time': 78.50562286376953}
2021-10-09 19:28:37,612 {'epoch': 36, 'lr': 0.0009270568813552751, 'train_loss': 0.0017700516393518036, 'mae': 0.2958315, 'elapsed_time': 78.34829330444336}
2021-10-09 19:29:55,889 {'epoch': 37, 'lr': 0.0009229423231234969, 'train_loss': 0.001713156356982951, 'mae': 0.31288266, 'elapsed_time': 78.27616739273071}
2021-10-09 19:31:14,095 {'epoch': 38, 'lr': 0.0009187246438772933, 'train_loss': 0.0015880524736907485, 'mae': 0.3118795, 'elapsed_time': 78.20603895187378}
2021-10-09 19:32:31,705 {'epoch': 39, 'lr': 0.0009144048842659075, 'train_loss': 0.0016011717468203891, 'mae': 0.28291854, 'elapsed_time': 77.60959124565125}
2021-10-09 19:33:49,891 {'epoch': 40, 'lr': 0.0009099841101253861, 'train_loss': 0.00151620810126887, 'mae': 0.28810635, 'elapsed_time': 77.70507311820984}
2021-10-09 19:35:08,015 {'epoch': 41, 'lr': 0.0009054634122155986, 'train_loss': 0.0016159121334710764, 'mae': 0.27809379, 'elapsed_time': 78.12365508079529}
2021-10-09 19:36:27,038 {'epoch': 42, 'lr': 0.0009008439059511095, 'train_loss': 0.0015260068935479764, 'mae': 0.31735504, 'elapsed_time': 78.52589917182922}
2021-10-09 19:37:45,519 {'epoch': 43, 'lr': 0.0008961267311259662, 'train_loss': 0.0014987639048444743, 'mae': 0.2717626, 'elapsed_time': 78.48090386390686}
2021-10-09 19:39:04,483 {'epoch': 44, 'lr': 0.0008913130516324728, 'train_loss': 0.0017310392760811774, 'mae': 0.2957689, 'elapsed_time': 78.48195743560791}
2021-10-09 19:40:23,315 {'epoch': 45, 'lr': 0.0008864040551740152, 'train_loss': 0.0014531446888677484, 'mae': 0.27481735, 'elapsed_time': 78.83162474632263}
2021-10-09 19:41:42,170 {'epoch': 46, 'lr': 0.000881400952972015, 'train_loss': 0.0014439457680627634, 'mae': 0.2543804, 'elapsed_time': 78.85484766960144}
2021-10-09 19:43:01,433 {'epoch': 47, 'lr': 0.0008763049794670771, 'train_loss': 0.0015314995654969123, 'mae': 0.24536166, 'elapsed_time': 78.779780626297}
2021-10-09 19:44:20,365 {'epoch': 48, 'lr': 0.0008711173920144113, 'train_loss': 0.001566343145744938, 'mae': 0.29758543, 'elapsed_time': 78.44306540489197}
2021-10-09 19:45:39,017 {'epoch': 49, 'lr': 0.0008658394705735983, 'train_loss': 0.0014378547789424046, 'mae': 0.24221756, 'elapsed_time': 78.65198850631714}
2021-10-09 19:46:58,149 {'epoch': 50, 'lr': 0.0008604725173927781, 'train_loss': 0.0013971852994048098, 'mae': 0.28255242, 'elapsed_time': 78.65584254264832}
2021-10-09 19:48:16,433 {'epoch': 51, 'lr': 0.0008550178566873405, 'train_loss': 0.0013353873113376403, 'mae': 0.23878807, 'elapsed_time': 78.28376984596252}
2021-10-09 19:49:34,928 {'epoch': 52, 'lr': 0.0008494768343131951, 'train_loss': 0.0013618178478015661, 'mae': 0.23959671, 'elapsed_time': 78.00006103515625}
2021-10-09 19:50:52,848 {'epoch': 53, 'lr': 0.0008438508174347005, 'train_loss': 0.0014553155182231887, 'mae': 0.25015807, 'elapsed_time': 77.92027759552002}
2021-10-09 19:52:10,951 {'epoch': 54, 'lr': 0.0008381411941873374, 'train_loss': 0.001322891418263563, 'mae': 0.25464633, 'elapsed_time': 78.10173630714417}
2021-10-09 19:53:29,431 {'epoch': 55, 'lr': 0.0008323493733352073, 'train_loss': 0.0013511761778569364, 'mae': 0.2426063, 'elapsed_time': 78.48004269599915}
2021-10-09 19:54:48,038 {'epoch': 56, 'lr': 0.0008264767839234405, 'train_loss': 0.0013348921106460475, 'mae': 0.22952567, 'elapsed_time': 78.60661125183105}
2021-10-09 19:56:07,180 {'epoch': 57, 'lr': 0.000820524874925601, 'train_loss': 0.0012443821245250203, 'mae': 0.21586406, 'elapsed_time': 78.63367438316345}
2021-10-09 19:57:26,226 {'epoch': 58, 'lr': 0.0008144951148861737, 'train_loss': 0.0012290204179610852, 'mae': 0.2288834, 'elapsed_time': 78.54847359657288}
2021-10-09 19:58:44,550 {'epoch': 59, 'lr': 0.0008083889915582231, 'train_loss': 0.0012876860696187946, 'mae': 0.26041213, 'elapsed_time': 78.32382798194885}
2021-10-09 20:00:02,885 {'epoch': 60, 'lr': 0.0008022080115363123, 'train_loss': 0.0012926369231512722, 'mae': 0.22377074, 'elapsed_time': 78.33463025093079}
2021-10-09 20:01:21,224 {'epoch': 61, 'lr': 0.0007959536998847739, 'train_loss': 0.0011865874015491004, 'mae': 0.23868702, 'elapsed_time': 78.33864259719849}
2021-10-09 20:02:39,326 {'epoch': 62, 'lr': 0.0007896275997614226, 'train_loss': 0.0012596919726533477, 'mae': 0.23430994, 'elapsed_time': 78.10162496566772}
2021-10-09 20:03:57,800 {'epoch': 63, 'lr': 0.0007832312720368044, 'train_loss': 0.0011885172073378162, 'mae': 0.22538067, 'elapsed_time': 78.47342300415039}
2021-10-09 20:05:16,352 {'epoch': 64, 'lr': 0.0007767662949090749, 'train_loss': 0.0012976084037815364, 'mae': 0.2682178, 'elapsed_time': 78.5512125492096}
2021-10-09 20:06:35,006 {'epoch': 65, 'lr': 0.000770234263514603, 'train_loss': 0.0012213121754017944, 'mae': 0.21407536, 'elapsed_time': 78.65387654304504}
2021-10-09 20:07:53,469 {'epoch': 66, 'lr': 0.0007636367895343944, 'train_loss': 0.0013001425376913656, 'mae': 0.26181605, 'elapsed_time': 77.97287344932556}
2021-10-09 20:09:12,355 {'epoch': 67, 'lr': 0.0007569755007964335, 'train_loss': 0.0014716502288918056, 'mae': 0.21935163, 'elapsed_time': 78.8847975730896}
2021-10-09 20:10:31,230 {'epoch': 68, 'lr': 0.0007502520408740415, 'train_loss': 0.0011662088295060961, 'mae': 0.21800193, 'elapsed_time': 78.8745687007904}
2021-10-09 20:11:49,836 {'epoch': 69, 'lr': 0.0007434680686803488, 'train_loss': 0.0011028423090696808, 'mae': 0.24066067, 'elapsed_time': 78.60570478439331}
2021-10-09 20:13:08,922 {'epoch': 70, 'lr': 0.0007366252580589837, 'train_loss': 0.001133504257376341, 'mae': 0.21530947, 'elapsed_time': 79.08566975593567}
2021-10-09 20:14:27,679 {'epoch': 71, 'lr': 0.0007297252973710754, 'train_loss': 0.001066387241435928, 'mae': 0.21175298, 'elapsed_time': 78.75642919540405}
2021-10-09 20:15:46,878 {'epoch': 72, 'lr': 0.0007227698890786777, 'train_loss': 0.001047332466359641, 'mae': 0.20427276, 'elapsed_time': 78.71287512779236}
2021-10-09 20:17:06,012 {'epoch': 73, 'lr': 0.0007157607493247108, 'train_loss': 0.0010398344517573764, 'mae': 0.20897207, 'elapsed_time': 78.64901471138}
2021-10-09 20:18:24,327 {'epoch': 74, 'lr': 0.0007086996075095287, 'train_loss': 0.0010289732170537498, 'mae': 0.19951154, 'elapsed_time': 78.31382417678833}
2021-10-09 20:19:43,640 {'epoch': 75, 'lr': 0.0007015882058642161, 'train_loss': 0.0013353320420025356, 'mae': 0.22028589, 'elapsed_time': 78.84040570259094}
2021-10-09 20:21:02,558 {'epoch': 76, 'lr': 0.0006944282990207193, 'train_loss': 0.0010050206866690542, 'mae': 0.19699442, 'elapsed_time': 78.91827297210693}
2021-10-09 20:22:22,146 {'epoch': 77, 'lr': 0.0006872216535789155, 'train_loss': 0.0010022097634431776, 'mae': 0.1970224, 'elapsed_time': 79.10081100463867}
2021-10-09 20:23:41,006 {'epoch': 78, 'lr': 0.0006799700476707321, 'train_loss': 0.0009452883935501988, 'mae': 0.20321965, 'elapsed_time': 78.85946583747864}
2021-10-09 20:24:59,785 {'epoch': 79, 'lr': 0.0006726752705214191, 'train_loss': 0.0009203026980912156, 'mae': 0.19903186, 'elapsed_time': 78.77818822860718}
2021-10-09 20:26:18,322 {'epoch': 80, 'lr': 0.0006653391220080838, 'train_loss': 0.0009257515865230576, 'mae': 0.19267227, 'elapsed_time': 78.53690361976624}
2021-10-09 20:27:37,455 {'epoch': 81, 'lr': 0.0006579634122155988, 'train_loss': 0.0009322274051670841, 'mae': 0.20567797, 'elapsed_time': 78.64579129219055}
2021-10-09 20:28:55,467 {'epoch': 82, 'lr': 0.0006505499609899903, 'train_loss': 0.0009536845857651523, 'mae': 0.20106475, 'elapsed_time': 78.01080417633057}
2021-10-09 20:30:13,518 {'epoch': 83, 'lr': 0.0006431005974894184, 'train_loss': 0.0010835029508219878, 'mae': 0.30591413, 'elapsed_time': 78.05102777481079}
2021-10-09 20:31:31,370 {'epoch': 84, 'lr': 0.0006356171597328593, 'train_loss': 0.0010282457061235363, 'mae': 0.19578257, 'elapsed_time': 77.85118222236633}
2021-10-09 20:32:49,707 {'epoch': 85, 'lr': 0.0006281014941466028, 'train_loss': 0.0008791951379924519, 'mae': 0.18726575, 'elapsed_time': 78.33732533454895}
2021-10-09 20:34:08,739 {'epoch': 86, 'lr': 0.000620555455108673, 'train_loss': 0.0010294545739346027, 'mae': 0.2015108, 'elapsed_time': 78.54866647720337}
2021-10-09 20:35:27,311 {'epoch': 87, 'lr': 0.0006129809044912885, 'train_loss': 0.0009043643359684881, 'mae': 0.19294555, 'elapsed_time': 78.57117867469788}
2021-10-09 20:36:46,105 {'epoch': 88, 'lr': 0.0006053797112014735, 'train_loss': 0.0008623985056453702, 'mae': 0.20106204, 'elapsed_time': 78.7935106754303}
2021-10-09 20:38:04,893 {'epoch': 89, 'lr': 0.0005977537507199336, 'train_loss': 0.0008800404909146472, 'mae': 0.21555384, 'elapsed_time': 78.7873706817627}
2021-10-09 20:39:23,437 {'epoch': 90, 'lr': 0.0005901049046383074, 'train_loss': 0.0008727863068075824, 'mae': 0.18426128, 'elapsed_time': 78.54390692710876}
2021-10-09 20:40:42,249 {'epoch': 91, 'lr': 0.0005824350601949141, 'train_loss': 0.0007857173112220445, 'mae': 0.18068816, 'elapsed_time': 78.30035829544067}
2021-10-09 20:42:00,787 {'epoch': 92, 'lr': 0.0005747461098091033, 'train_loss': 0.000782816394092114, 'mae': 0.18492311, 'elapsed_time': 78.05538821220398}
2021-10-09 20:43:18,772 {'epoch': 93, 'lr': 0.0005670399506143305, 'train_loss': 0.0008327679894987995, 'mae': 0.1837182, 'elapsed_time': 77.98476791381836}
2021-10-09 20:44:36,391 {'epoch': 94, 'lr': 0.0005593184839900673, 'train_loss': 0.0007765020217284847, 'mae': 0.18697584, 'elapsed_time': 77.61802697181702}
2021-10-09 20:45:54,037 {'epoch': 95, 'lr': 0.0005515836150926644, 'train_loss': 0.0007534264369001841, 'mae': 0.18241875, 'elapsed_time': 77.6458592414856}
2021-10-09 20:47:11,784 {'epoch': 96, 'lr': 0.0005438372523852832, 'train_loss': 0.0007527152642933559, 'mae': 0.18437159, 'elapsed_time': 77.74625515937805}
2021-10-09 20:48:30,619 {'epoch': 97, 'lr': 0.00053608130716701, 'train_loss': 0.0007326508323539164, 'mae': 0.17772909, 'elapsed_time': 78.83522772789001}
2021-10-09 20:49:49,444 {'epoch': 98, 'lr': 0.0005283176931012729, 'train_loss': 0.0007339701361366658, 'mae': 0.17812102, 'elapsed_time': 78.34216070175171}
2021-10-09 20:51:07,509 {'epoch': 99, 'lr': 0.0005205483257436734, 'train_loss': 0.0007214400245801276, 'mae': 0.18055634, 'elapsed_time': 78.06476926803589}
2021-10-09 20:52:26,268 {'epoch': 100, 'lr': 0.0005127751220693511, 'train_loss': 0.0007072971138863709, 'mae': 0.18382102, 'elapsed_time': 78.75829815864563}
2021-10-09 20:53:44,253 {'epoch': 101, 'lr': 0.0005049999999999998, 'train_loss': 0.0006982559687535126, 'mae': 0.18091066, 'elapsed_time': 77.98481559753418}
2021-10-09 20:55:02,364 {'epoch': 102, 'lr': 0.0004972248779306486, 'train_loss': 0.0007603700742411882, 'mae': 0.19673038, 'elapsed_time': 78.11034941673279}
2021-10-09 20:56:20,395 {'epoch': 103, 'lr': 0.0004894516742563262, 'train_loss': 0.0007876886693036185, 'mae': 0.18746668, 'elapsed_time': 78.03096508979797}
2021-10-09 20:57:38,776 {'epoch': 104, 'lr': 0.00048168230689872663, 'train_loss': 0.0006801911114392255, 'mae': 0.1747231, 'elapsed_time': 78.38050985336304}
2021-10-09 20:58:57,733 {'epoch': 105, 'lr': 0.0004739186928329896, 'train_loss': 0.0006492731771805257, 'mae': 0.17465425, 'elapsed_time': 78.46455597877502}
2021-10-09 21:00:16,281 {'epoch': 106, 'lr': 0.00046616274761471655, 'train_loss': 0.0006440505042247538, 'mae': 0.17451406, 'elapsed_time': 78.0764970779419}
2021-10-09 21:01:34,890 {'epoch': 107, 'lr': 0.0004584163849073352, 'train_loss': 0.0006400838309147249, 'mae': 0.17559502, 'elapsed_time': 78.1277768611908}
2021-10-09 21:02:52,974 {'epoch': 108, 'lr': 0.0004506815160099324, 'train_loss': 0.0006254856973995114, 'mae': 0.17363976, 'elapsed_time': 78.0829062461853}
2021-10-09 21:04:11,201 {'epoch': 109, 'lr': 0.0004429600493856693, 'train_loss': 0.0006136463874811522, 'mae': 0.17363475, 'elapsed_time': 77.73943638801575}
2021-10-09 21:05:29,855 {'epoch': 110, 'lr': 0.00043525389019089656, 'train_loss': 0.0006365552516203593, 'mae': 0.17612584, 'elapsed_time': 78.17328524589539}
2021-10-09 21:06:47,955 {'epoch': 111, 'lr': 0.0004275649398050856, 'train_loss': 0.0006170019135866598, 'mae': 0.1714529, 'elapsed_time': 78.09957122802734}
2021-10-09 21:08:05,729 {'epoch': 112, 'lr': 0.0004198950953616921, 'train_loss': 0.0005971957336323714, 'mae': 0.1683899, 'elapsed_time': 77.30442190170288}
2021-10-09 21:09:23,888 {'epoch': 113, 'lr': 0.0004122462492800662, 'train_loss': 0.0005882313466989456, 'mae': 0.17122518, 'elapsed_time': 77.6830644607544}
2021-10-09 21:10:41,728 {'epoch': 114, 'lr': 0.0004046202887985263, 'train_loss': 0.0005937216259079947, 'mae': 0.16911614, 'elapsed_time': 77.8393566608429}
2021-10-09 21:11:59,521 {'epoch': 115, 'lr': 0.0003970190955087115, 'train_loss': 0.0005758682384993202, 'mae': 0.16732705, 'elapsed_time': 77.79184246063232}
2021-10-09 21:13:17,367 {'epoch': 116, 'lr': 0.0003894445448913267, 'train_loss': 0.0005785235886402166, 'mae': 0.17126809, 'elapsed_time': 77.37177109718323}
2021-10-09 21:14:34,976 {'epoch': 117, 'lr': 0.00038189850585339675, 'train_loss': 0.0005668545595442443, 'mae': 0.17036712, 'elapsed_time': 77.60829949378967}
2021-10-09 21:15:52,579 {'epoch': 118, 'lr': 0.0003743828402671403, 'train_loss': 0.0005583207045834217, 'mae': 0.16721274, 'elapsed_time': 77.60303926467896}
2021-10-09 21:17:10,800 {'epoch': 119, 'lr': 0.0003668994025105814, 'train_loss': 0.0005517614102441598, 'mae': 0.16922043, 'elapsed_time': 77.74096727371216}
2021-10-09 21:18:29,077 {'epoch': 120, 'lr': 0.00035945003901000945, 'train_loss': 0.0005379377306988888, 'mae': 0.16556107, 'elapsed_time': 78.2765383720398}
2021-10-09 21:19:47,575 {'epoch': 121, 'lr': 0.00035203658778440103, 'train_loss': 0.0005401251167972369, 'mae': 0.16928416, 'elapsed_time': 78.02108025550842}
2021-10-09 21:21:05,698 {'epoch': 122, 'lr': 0.0003446608779919159, 'train_loss': 0.0005300039985273317, 'mae': 0.16422762, 'elapsed_time': 78.12260103225708}
2021-10-09 21:22:24,578 {'epoch': 123, 'lr': 0.00033732472947858063, 'train_loss': 0.0005277171077402994, 'mae': 0.16624255, 'elapsed_time': 78.39055633544922}
2021-10-09 21:23:43,320 {'epoch': 124, 'lr': 0.00033002995232926766, 'train_loss': 0.0005188155126238873, 'mae': 0.16675392, 'elapsed_time': 78.74168014526367}
2021-10-09 21:25:02,178 {'epoch': 125, 'lr': 0.0003227783464210844, 'train_loss': 0.0005096357529939722, 'mae': 0.16507857, 'elapsed_time': 78.85742139816284}
2021-10-09 21:26:20,284 {'epoch': 126, 'lr': 0.00031557170097928054, 'train_loss': 0.0005081786975299111, 'mae': 0.16502547, 'elapsed_time': 78.10573887825012}
2021-10-09 21:27:38,185 {'epoch': 127, 'lr': 0.0003084117941357834, 'train_loss': 0.0004957714750054382, 'mae': 0.16321856, 'elapsed_time': 77.90025019645691}
2021-10-09 21:28:56,296 {'epoch': 128, 'lr': 0.00030130039249047106, 'train_loss': 0.00048715566569473905, 'mae': 0.16270144, 'elapsed_time': 77.62237286567688}
2021-10-09 21:30:14,449 {'epoch': 129, 'lr': 0.00029423925067528897, 'train_loss': 0.0004842372345161051, 'mae': 0.16207841, 'elapsed_time': 77.67338252067566}
2021-10-09 21:31:33,146 {'epoch': 130, 'lr': 0.0002872301109213219, 'train_loss': 0.0004786462790898687, 'mae': 0.16854571, 'elapsed_time': 78.22723460197449}
2021-10-09 21:32:51,571 {'epoch': 131, 'lr': 0.0002802747026289243, 'train_loss': 0.0004760491449417975, 'mae': 0.16324182, 'elapsed_time': 78.42480039596558}
2021-10-09 21:34:10,146 {'epoch': 132, 'lr': 0.00027337474194101617, 'train_loss': 0.0004628812280749548, 'mae': 0.1634245, 'elapsed_time': 78.57477235794067}
2021-10-09 21:35:28,402 {'epoch': 133, 'lr': 0.00026653193131965077, 'train_loss': 0.00045928331301840747, 'mae': 0.161654, 'elapsed_time': 78.25532913208008}
2021-10-09 21:36:47,087 {'epoch': 134, 'lr': 0.00025974795912595813, 'train_loss': 0.00046024194685896554, 'mae': 0.16168137, 'elapsed_time': 78.20013403892517}
2021-10-09 21:38:04,889 {'epoch': 135, 'lr': 0.0002530244992035661, 'train_loss': 0.00044838145481406497, 'mae': 0.166028, 'elapsed_time': 77.80104660987854}
2021-10-09 21:39:22,686 {'epoch': 136, 'lr': 0.00024636321046560527, 'train_loss': 0.0004398216394061992, 'mae': 0.15928504, 'elapsed_time': 77.79678511619568}
2021-10-09 21:40:41,263 {'epoch': 137, 'lr': 0.00023976573648539645, 'train_loss': 0.0004330906589904947, 'mae': 0.16074368, 'elapsed_time': 78.08521008491516}
2021-10-09 21:41:59,363 {'epoch': 138, 'lr': 0.00023323370509092462, 'train_loss': 0.0004319363778532341, 'mae': 0.16220567, 'elapsed_time': 78.09949707984924}
2021-10-09 21:43:18,144 {'epoch': 139, 'lr': 0.00022676872796319523, 'train_loss': 0.00042181182054048584, 'mae': 0.15995774, 'elapsed_time': 78.78059983253479}
2021-10-09 21:44:36,526 {'epoch': 140, 'lr': 0.00022037240023857702, 'train_loss': 0.0004195932359999383, 'mae': 0.15982129, 'elapsed_time': 78.38149547576904}
2021-10-09 21:45:54,709 {'epoch': 141, 'lr': 0.00021404630011522577, 'train_loss': 0.00041411322559433084, 'mae': 0.15867572, 'elapsed_time': 78.18258476257324}
2021-10-09 21:47:12,940 {'epoch': 142, 'lr': 0.00020779198846368737, 'train_loss': 0.0004071028228550458, 'mae': 0.15984334, 'elapsed_time': 77.7482397556305}
2021-10-09 21:48:31,001 {'epoch': 143, 'lr': 0.0002016110084417765, 'train_loss': 0.00040571040426355627, 'mae': 0.16043685, 'elapsed_time': 78.06055092811584}
2021-10-09 21:49:49,493 {'epoch': 144, 'lr': 0.00019550488511382584, 'train_loss': 0.00039486436449815847, 'mae': 0.16003811, 'elapsed_time': 78.49212574958801}
2021-10-09 21:51:08,330 {'epoch': 145, 'lr': 0.00018947512507439847, 'train_loss': 0.00039312198123665656, 'mae': 0.15829925, 'elapsed_time': 78.83649110794067}
2021-10-09 21:52:27,205 {'epoch': 146, 'lr': 0.00018352321607655904, 'train_loss': 0.0003870202829558933, 'mae': 0.15878996, 'elapsed_time': 78.3935558795929}
2021-10-09 21:53:45,887 {'epoch': 147, 'lr': 0.0001776506266647923, 'train_loss': 0.00038055466744750044, 'mae': 0.15767856, 'elapsed_time': 78.68170619010925}
2021-10-09 21:55:04,784 {'epoch': 148, 'lr': 0.00017185880581266206, 'train_loss': 0.0003767076327982053, 'mae': 0.15803471, 'elapsed_time': 78.40045881271362}
2021-10-09 21:56:22,891 {'epoch': 149, 'lr': 0.000166149182565299, 'train_loss': 0.00037246653884204906, 'mae': 0.15734953, 'elapsed_time': 78.10683822631836}
2021-10-09 21:57:41,207 {'epoch': 150, 'lr': 0.00016052316568680435, 'train_loss': 0.00036872383836604965, 'mae': 0.1603161, 'elapsed_time': 77.80508685112}
2021-10-09 21:58:59,535 {'epoch': 151, 'lr': 0.00015498214331265893, 'train_loss': 0.0003636249625590007, 'mae': 0.15740864, 'elapsed_time': 78.32803106307983}
2021-10-09 22:00:17,800 {'epoch': 152, 'lr': 0.0001495274826072215, 'train_loss': 0.00035903055697304276, 'mae': 0.15817276, 'elapsed_time': 78.26426672935486}
2021-10-09 22:01:36,179 {'epoch': 153, 'lr': 0.00014416052942640132, 'train_loss': 0.00035422557342804924, 'mae': 0.15719587, 'elapsed_time': 78.37879967689514}
2021-10-09 22:02:55,206 {'epoch': 154, 'lr': 0.0001388826079855881, 'train_loss': 0.0003487463370261799, 'mae': 0.15759131, 'elapsed_time': 78.53847980499268}
2021-10-09 22:04:14,004 {'epoch': 155, 'lr': 0.00013369502053292245, 'train_loss': 0.0003460309879867899, 'mae': 0.15746513, 'elapsed_time': 78.79831838607788}
2021-10-09 22:05:32,797 {'epoch': 156, 'lr': 0.00012859904702798464, 'train_loss': 0.000341012902530694, 'mae': 0.15760791, 'elapsed_time': 78.7921895980835}
2021-10-09 22:06:51,293 {'epoch': 157, 'lr': 0.00012359594482598432, 'train_loss': 0.00033745228931939783, 'mae': 0.15774219, 'elapsed_time': 78.49508213996887}
2021-10-09 22:08:09,252 {'epoch': 158, 'lr': 0.00011868694836752681, 'train_loss': 0.00033363835396080954, 'mae': 0.15790938, 'elapsed_time': 77.95892691612244}
2021-10-09 22:09:27,596 {'epoch': 159, 'lr': 0.0001138732688740332, 'train_loss': 0.00032965888147661434, 'mae': 0.15630658, 'elapsed_time': 78.3429868221283}
2021-10-09 22:10:46,548 {'epoch': 160, 'lr': 0.00010915609404889012, 'train_loss': 0.0003262964297626649, 'mae': 0.15668544, 'elapsed_time': 78.46320652961731}
2021-10-09 22:12:05,049 {'epoch': 161, 'lr': 0.00010453658778440103, 'train_loss': 0.00032156412714982446, 'mae': 0.1568604, 'elapsed_time': 78.50034284591675}
2021-10-09 22:13:23,103 {'epoch': 162, 'lr': 0.00010001588987461343, 'train_loss': 0.0003179188270302029, 'mae': 0.15616842, 'elapsed_time': 78.05432868003845}
2021-10-09 22:14:41,239 {'epoch': 163, 'lr': 9.559511573409192e-05, 'train_loss': 0.0003149741163848843, 'mae': 0.15619157, 'elapsed_time': 77.65948057174683}
2021-10-09 22:15:58,975 {'epoch': 164, 'lr': 9.12753561227063e-05, 'train_loss': 0.0003109550992282437, 'mae': 0.15619995, 'elapsed_time': 77.73479413986206}
2021-10-09 22:17:16,823 {'epoch': 165, 'lr': 8.705767687650262e-05, 'train_loss': 0.0003087602939019739, 'mae': 0.1563291, 'elapsed_time': 77.84776163101196}
2021-10-09 22:18:35,356 {'epoch': 166, 'lr': 8.294311864472445e-05, 'train_loss': 0.0003064839638438819, 'mae': 0.15592696, 'elapsed_time': 78.53277635574341}
2021-10-09 22:19:54,509 {'epoch': 167, 'lr': 7.89326966330478e-05, 'train_loss': 0.0003018142606734716, 'mae': 0.15632895, 'elapsed_time': 78.66883087158203}
2021-10-09 22:21:13,318 {'epoch': 168, 'lr': 7.502740035309526e-05, 'train_loss': 0.00029820106711270716, 'mae': 0.1560945, 'elapsed_time': 78.80795860290527}
2021-10-09 22:22:32,093 {'epoch': 169, 'lr': 7.12281933782875e-05, 'train_loss': 0.0002960619579622926, 'mae': 0.15609425, 'elapsed_time': 78.77537298202515}
2021-10-09 22:23:50,266 {'epoch': 170, 'lr': 6.75360131060967e-05, 'train_loss': 0.00029374048307617034, 'mae': 0.15604904, 'elapsed_time': 78.17177700996399}
2021-10-09 22:25:08,945 {'epoch': 171, 'lr': 6.395177052675792e-05, 'train_loss': 0.0002914183800564826, 'mae': 0.15592931, 'elapsed_time': 78.67909002304077}
2021-10-09 22:26:27,304 {'epoch': 172, 'lr': 6.047634999849528e-05, 'train_loss': 0.000288184451351573, 'mae': 0.15633933, 'elapsed_time': 78.35874032974243}
2021-10-09 22:27:45,344 {'epoch': 173, 'lr': 5.711060902932039e-05, 'train_loss': 0.0002855686515303066, 'mae': 0.15580918, 'elapsed_time': 78.03891158103943}
2021-10-09 22:29:03,451 {'epoch': 174, 'lr': 5.385537806545467e-05, 'train_loss': 0.00028306011621568125, 'mae': 0.15570971, 'elapsed_time': 77.60293006896973}
2021-10-09 22:30:21,865 {'epoch': 175, 'lr': 5.0711460286429424e-05, 'train_loss': 0.0002806085596049934, 'mae': 0.15571868, 'elapsed_time': 77.93415093421936}
2021-10-09 22:31:39,878 {'epoch': 176, 'lr': 4.767963140691315e-05, 'train_loss': 0.00027941441897246086, 'mae': 0.15595798, 'elapsed_time': 78.01247334480286}
2021-10-09 22:32:58,037 {'epoch': 177, 'lr': 4.4760639485315563e-05, 'train_loss': 0.0002770521146639678, 'mae': 0.15573144, 'elapsed_time': 78.15777158737183}
2021-10-09 22:34:16,576 {'epoch': 178, 'lr': 4.195520473921563e-05, 'train_loss': 0.0002748766592768563, 'mae': 0.15559363, 'elapsed_time': 78.5385274887085}
2021-10-09 22:35:35,682 {'epoch': 179, 'lr': 3.9264019367658385e-05, 'train_loss': 0.0002728473376285228, 'mae': 0.1555266, 'elapsed_time': 78.60136771202087}
2021-10-09 22:36:54,377 {'epoch': 180, 'lr': 3.6687747380365064e-05, 'train_loss': 0.00027115814056990556, 'mae': 0.15556978, 'elapsed_time': 78.20767855644226}
2021-10-09 22:38:12,211 {'epoch': 181, 'lr': 3.422702443389899e-05, 'train_loss': 0.0002696186411481491, 'mae': 0.15568246, 'elapsed_time': 77.83331394195557}
2021-10-09 22:39:30,894 {'epoch': 182, 'lr': 3.188245767482658e-05, 'train_loss': 0.00026805975904590725, 'mae': 0.15558739, 'elapsed_time': 78.6826319694519}
2021-10-09 22:40:49,521 {'epoch': 183, 'lr': 2.965462558991323e-05, 'train_loss': 0.00026646681611948924, 'mae': 0.15552756, 'elapsed_time': 78.62644839286804}
2021-10-09 22:42:08,302 {'epoch': 184, 'lr': 2.7544077863390004e-05, 'train_loss': 0.0002650977797729733, 'mae': 0.15550506, 'elapsed_time': 78.78129625320435}
2021-10-09 22:43:27,571 {'epoch': 185, 'lr': 2.5551335241327672e-05, 'train_loss': 0.0002636572951234931, 'mae': 0.1557104, 'elapsed_time': 78.7755479812622}
2021-10-09 22:44:46,044 {'epoch': 186, 'lr': 2.367688940315011e-05, 'train_loss': 0.0002626694907663258, 'mae': 0.15554741, 'elapsed_time': 78.47269868850708}
2021-10-09 22:46:03,756 {'epoch': 187, 'lr': 2.1921202840320077e-05, 'train_loss': 0.0002615552944254014, 'mae': 0.15566197, 'elapsed_time': 77.71164441108704}
2021-10-09 22:47:22,073 {'epoch': 188, 'lr': 2.0284708742225903e-05, 'train_loss': 0.0002604568449655675, 'mae': 0.15547056, 'elapsed_time': 78.31612205505371}
2021-10-09 22:48:41,462 {'epoch': 189, 'lr': 1.8767810889299086e-05, 'train_loss': 0.0002592540700346567, 'mae': 0.15561986, 'elapsed_time': 78.90796995162964}
2021-10-09 22:50:00,382 {'epoch': 190, 'lr': 1.7370883553386936e-05, 'train_loss': 0.00025844212635028354, 'mae': 0.15549354, 'elapsed_time': 78.92030334472656}
2021-10-09 22:51:18,485 {'epoch': 191, 'lr': 1.6094271405406862e-05, 'train_loss': 0.0002575462457839328, 'mae': 0.15550902, 'elapsed_time': 78.10247373580933}
2021-10-09 22:52:36,714 {'epoch': 192, 'lr': 1.4938289430304022e-05, 'train_loss': 0.000256763133815952, 'mae': 0.15562648, 'elapsed_time': 78.22771763801575}
2021-10-09 22:53:55,323 {'epoch': 193, 'lr': 1.3903222849333509e-05, 'train_loss': 0.0002559816015167119, 'mae': 0.15558055, 'elapsed_time': 78.60892462730408}
2021-10-09 22:55:13,384 {'epoch': 194, 'lr': 1.2989327049686102e-05, 'train_loss': 0.00025545988457784737, 'mae': 0.1555993, 'elapsed_time': 78.06075024604797}
2021-10-09 22:56:31,788 {'epoch': 195, 'lr': 1.2196827521475404e-05, 'train_loss': 0.0002548776767873918, 'mae': 0.15554306, 'elapsed_time': 78.40323781967163}
2021-10-09 22:57:50,042 {'epoch': 196, 'lr': 1.152591980210166e-05, 'train_loss': 0.000254160949480186, 'mae': 0.15559131, 'elapsed_time': 78.25398468971252}
2021-10-09 22:59:08,222 {'epoch': 197, 'lr': 1.097676942800558e-05, 'train_loss': 0.0002538624491463579, 'mae': 0.1555905, 'elapsed_time': 78.17959594726562}
2021-10-09 23:00:26,526 {'epoch': 198, 'lr': 1.0549511893824899e-05, 'train_loss': 0.00025330983038135044, 'mae': 0.15560469, 'elapsed_time': 78.30277800559998}
2021-10-09 23:01:44,862 {'epoch': 199, 'lr': 1.0244252618962858e-05, 'train_loss': 0.0002529650681878633, 'mae': 0.1556797, 'elapsed_time': 78.33606958389282}
2021-10-09 23:03:03,638 {'epoch': 200, 'lr': 1.006106692157801e-05, 'train_loss': 0.0002526427591694772, 'mae': 0.15554895, 'elapsed_time': 78.77531361579895}
2021-10-09 23:03:45,049 Total CV: 0.1554705649614334
