2021-10-07 08:05:42,957 Fold 0
2021-10-07 08:05:46,506 train run device : cuda:0
2021-10-07 08:07:45,925 {'epoch': 1, 'lr': 0.001, 'train_loss': 0.014220039086321318, 'mae': 1.3536047, 'elapsed_time': 73.7189130783081}
2021-10-07 08:09:00,045 {'epoch': 2, 'lr': 0.000999938933078422, 'train_loss': 0.005434206886509541, 'mae': 1.0462103, 'elapsed_time': 73.64502120018005}
2021-10-07 08:10:14,077 {'epoch': 3, 'lr': 0.000999755747381037, 'train_loss': 0.004744942031055195, 'mae': 0.92295444, 'elapsed_time': 73.58630037307739}
2021-10-07 08:11:28,426 {'epoch': 4, 'lr': 0.000999450488106175, 'train_loss': 0.00429667526815331, 'mae': 0.7662705, 'elapsed_time': 73.93073081970215}
2021-10-07 08:12:42,367 {'epoch': 5, 'lr': 0.0009990232305719944, 'train_loss': 0.003892449007633113, 'mae': 0.728846, 'elapsed_time': 73.50702404975891}
2021-10-07 08:13:56,646 {'epoch': 6, 'lr': 0.0009984740801978983, 'train_loss': 0.0037971667831824107, 'mae': 0.67751485, 'elapsed_time': 73.84314250946045}
2021-10-07 08:15:10,955 {'epoch': 7, 'lr': 0.0009978031724785245, 'train_loss': 0.0037098216390356945, 'mae': 0.71452487, 'elapsed_time': 73.85956883430481}
2021-10-07 08:16:24,857 {'epoch': 8, 'lr': 0.000997010672950314, 'train_loss': 0.0033984557687841243, 'mae': 0.68743753, 'elapsed_time': 73.90108799934387}
2021-10-07 08:17:38,746 {'epoch': 9, 'lr': 0.0009960967771506664, 'train_loss': 0.003452148839505482, 'mae': 0.65074927, 'elapsed_time': 73.88894248008728}
2021-10-07 08:18:52,988 {'epoch': 10, 'lr': 0.0009950617105696957, 'train_loss': 0.003102308440635029, 'mae': 0.6315553, 'elapsed_time': 73.79622888565063}
2021-10-07 08:20:07,027 {'epoch': 11, 'lr': 0.0009939057285945929, 'train_loss': 0.0031337549456940178, 'mae': 0.57188106, 'elapsed_time': 73.5808219909668}
2021-10-07 08:21:21,323 {'epoch': 12, 'lr': 0.0009926291164466126, 'train_loss': 0.0031616692968833675, 'mae': 0.5192488, 'elapsed_time': 73.86708617210388}
2021-10-07 08:22:35,604 {'epoch': 13, 'lr': 0.0009912321891107005, 'train_loss': 0.003052426063911736, 'mae': 0.50854504, 'elapsed_time': 73.79564714431763}
2021-10-07 08:23:49,865 {'epoch': 14, 'lr': 0.0009897152912577737, 'train_loss': 0.0029228323605220157, 'mae': 0.6607316, 'elapsed_time': 73.82254552841187}
2021-10-07 08:25:03,437 {'epoch': 15, 'lr': 0.0009880787971596797, 'train_loss': 0.0028999728584542346, 'mae': 0.51383996, 'elapsed_time': 73.57195496559143}
2021-10-07 08:26:17,056 {'epoch': 16, 'lr': 0.0009863231105968495, 'train_loss': 0.002748121148391304, 'mae': 0.44172212, 'elapsed_time': 73.61819052696228}
2021-10-07 08:27:31,469 {'epoch': 17, 'lr': 0.000984448664758672, 'train_loss': 0.0028887296592936445, 'mae': 0.49842, 'elapsed_time': 73.9768443107605}
2021-10-07 08:28:45,653 {'epoch': 18, 'lr': 0.0009824559221366096, 'train_loss': 0.002645536352657498, 'mae': 0.53522325, 'elapsed_time': 74.18428707122803}
2021-10-07 08:29:59,652 {'epoch': 19, 'lr': 0.0009803453744100864, 'train_loss': 0.002772115025301498, 'mae': 0.48788786, 'elapsed_time': 73.99813103675842}
2021-10-07 08:31:13,687 {'epoch': 20, 'lr': 0.0009781175423251728, 'train_loss': 0.002657496881769381, 'mae': 0.44621706, 'elapsed_time': 74.03457260131836}
2021-10-07 08:32:28,045 {'epoch': 21, 'lr': 0.0009757729755661004, 'train_loss': 0.0029450071729951698, 'mae': 0.46672183, 'elapsed_time': 74.35821413993835}
2021-10-07 08:33:42,319 {'epoch': 22, 'lr': 0.0009733122526196342, 'train_loss': 0.0029418998947792927, 'mae': 0.50170416, 'elapsed_time': 74.27363801002502}
2021-10-07 08:34:56,221 {'epoch': 23, 'lr': 0.000970735980632341, 'train_loss': 0.0028223204664081197, 'mae': 0.49032465, 'elapsed_time': 73.9007215499878}
2021-10-07 08:36:10,221 {'epoch': 24, 'lr': 0.0009680447952607838, 'train_loss': 0.0024469350666459465, 'mae': 0.45456648, 'elapsed_time': 74.00031161308289}
2021-10-07 08:37:24,265 {'epoch': 25, 'lr': 0.0009652393605146839, 'train_loss': 0.002559166028355035, 'mae': 0.39580092, 'elapsed_time': 74.04300808906555}
2021-10-07 08:38:38,557 {'epoch': 26, 'lr': 0.0009623203685930864, 'train_loss': 0.002601378231579061, 'mae': 0.49118873, 'elapsed_time': 73.84719133377075}
2021-10-07 08:39:52,406 {'epoch': 27, 'lr': 0.00095928853971357, 'train_loss': 0.0024937399215576583, 'mae': 0.39938343, 'elapsed_time': 73.8489089012146}
2021-10-07 08:41:05,885 {'epoch': 28, 'lr': 0.0009561446219345448, 'train_loss': 0.0023038158191996273, 'mae': 0.36627635, 'elapsed_time': 73.47847414016724}
2021-10-07 08:42:21,804 {'epoch': 29, 'lr': 0.0009528893909706791, 'train_loss': 0.0024139517314628388, 'mae': 0.5628461, 'elapsed_time': 73.3656632900238}
2021-10-07 08:43:35,338 {'epoch': 30, 'lr': 0.0009495236500015041, 'train_loss': 0.0024402864504484566, 'mae': 0.40715975, 'elapsed_time': 73.53333497047424}
2021-10-07 08:44:48,980 {'epoch': 31, 'lr': 0.0009460482294732414, 'train_loss': 0.0027406865201342412, 'mae': 0.4543796, 'elapsed_time': 73.64153480529785}
2021-10-07 08:46:02,805 {'epoch': 32, 'lr': 0.0009424639868939027, 'train_loss': 0.002286977270794594, 'mae': 0.4453781, 'elapsed_time': 73.82456874847412}
2021-10-07 08:47:16,584 {'epoch': 33, 'lr': 0.0009387718066217117, 'train_loss': 0.0023868441238574746, 'mae': 0.34636173, 'elapsed_time': 73.77918362617493}
2021-10-07 08:48:30,767 {'epoch': 34, 'lr': 0.000934972599646904, 'train_loss': 0.002469562066902855, 'mae': 0.34996963, 'elapsed_time': 73.74507665634155}
2021-10-07 08:49:44,580 {'epoch': 35, 'lr': 0.0009310673033669515, 'train_loss': 0.0023185323232586138, 'mae': 0.3507923, 'elapsed_time': 73.81197690963745}
2021-10-07 08:50:58,288 {'epoch': 36, 'lr': 0.0009270568813552751, 'train_loss': 0.002243113713283425, 'mae': 0.31906646, 'elapsed_time': 73.70797371864319}
2021-10-07 08:52:12,376 {'epoch': 37, 'lr': 0.0009229423231234969, 'train_loss': 0.0020296362102169957, 'mae': 0.41372675, 'elapsed_time': 73.65008854866028}
2021-10-07 08:53:26,119 {'epoch': 38, 'lr': 0.0009187246438772933, 'train_loss': 0.0021592610744627363, 'mae': 0.30387032, 'elapsed_time': 73.74262166023254}
2021-10-07 08:54:40,890 {'epoch': 39, 'lr': 0.0009144048842659075, 'train_loss': 0.0023067754909959037, 'mae': 0.33896035, 'elapsed_time': 74.33144879341125}
2021-10-07 08:55:54,696 {'epoch': 40, 'lr': 0.0009099841101253861, 'train_loss': 0.002030685623753458, 'mae': 0.34169823, 'elapsed_time': 73.80548810958862}
2021-10-07 08:57:08,736 {'epoch': 41, 'lr': 0.0009054634122155986, 'train_loss': 0.00216787229110027, 'mae': 0.33623493, 'elapsed_time': 74.0392816066742}
2021-10-07 08:58:23,071 {'epoch': 42, 'lr': 0.0009008439059511095, 'train_loss': 0.0020742124646428092, 'mae': 0.31307268, 'elapsed_time': 74.33523154258728}
2021-10-07 08:59:37,378 {'epoch': 43, 'lr': 0.0008961267311259662, 'train_loss': 0.001960056089481982, 'mae': 0.35645097, 'elapsed_time': 74.30654001235962}
2021-10-07 09:00:51,450 {'epoch': 44, 'lr': 0.0008913130516324728, 'train_loss': 0.0020481651395835806, 'mae': 0.34731176, 'elapsed_time': 74.0713837146759}
2021-10-07 09:02:05,774 {'epoch': 45, 'lr': 0.0008864040551740152, 'train_loss': 0.0020372565077818963, 'mae': 0.37783113, 'elapsed_time': 74.3234179019928}
2021-10-07 09:03:19,439 {'epoch': 46, 'lr': 0.000881400952972015, 'train_loss': 0.0020743830310954725, 'mae': 0.2745919, 'elapsed_time': 73.66520595550537}
2021-10-07 09:04:33,548 {'epoch': 47, 'lr': 0.0008763049794670771, 'train_loss': 0.0021429333717341926, 'mae': 0.32202816, 'elapsed_time': 73.65824508666992}
2021-10-07 09:05:47,322 {'epoch': 48, 'lr': 0.0008711173920144113, 'train_loss': 0.0018431953594552674, 'mae': 0.30051318, 'elapsed_time': 73.77396512031555}
2021-10-07 09:07:00,875 {'epoch': 49, 'lr': 0.0008658394705735983, 'train_loss': 0.001910934643418762, 'mae': 0.36868852, 'elapsed_time': 73.55209565162659}
2021-10-07 09:08:14,660 {'epoch': 50, 'lr': 0.0008604725173927781, 'train_loss': 0.0018068880990710458, 'mae': 0.3168946, 'elapsed_time': 73.78508639335632}
2021-10-07 09:09:28,478 {'epoch': 51, 'lr': 0.0008550178566873405, 'train_loss': 0.0018269964641316827, 'mae': 0.28433153, 'elapsed_time': 73.81698250770569}
2021-10-07 09:10:42,186 {'epoch': 52, 'lr': 0.0008494768343131951, 'train_loss': 0.0017481253222569161, 'mae': 0.28826007, 'elapsed_time': 73.70746111869812}
2021-10-07 09:11:55,940 {'epoch': 53, 'lr': 0.0008438508174347005, 'train_loss': 0.0018803265207429213, 'mae': 0.32034126, 'elapsed_time': 73.75371551513672}
2021-10-07 09:13:09,684 {'epoch': 54, 'lr': 0.0008381411941873374, 'train_loss': 0.00181057023944801, 'mae': 0.27314383, 'elapsed_time': 73.74349927902222}
2021-10-07 09:14:24,252 {'epoch': 55, 'lr': 0.0008323493733352073, 'train_loss': 0.0018287753657918644, 'mae': 0.26706636, 'elapsed_time': 74.1148293018341}
2021-10-07 09:15:38,655 {'epoch': 56, 'lr': 0.0008264767839234405, 'train_loss': 0.0018151954408905378, 'mae': 0.26566103, 'elapsed_time': 73.96197152137756}
2021-10-07 09:16:52,849 {'epoch': 57, 'lr': 0.000820524874925601, 'train_loss': 0.0018464681220279773, 'mae': 0.29261294, 'elapsed_time': 73.74903798103333}
2021-10-07 09:18:06,955 {'epoch': 58, 'lr': 0.0008144951148861737, 'train_loss': 0.0018129229602373697, 'mae': 0.27627045, 'elapsed_time': 74.10583162307739}
2021-10-07 09:19:21,011 {'epoch': 59, 'lr': 0.0008083889915582231, 'train_loss': 0.0016299714496627086, 'mae': 0.2614127, 'elapsed_time': 74.05531930923462}
2021-10-07 09:20:35,526 {'epoch': 60, 'lr': 0.0008022080115363123, 'train_loss': 0.0017840579576726145, 'mae': 0.27897295, 'elapsed_time': 74.02614665031433}
2021-10-07 09:21:49,254 {'epoch': 61, 'lr': 0.0007959536998847739, 'train_loss': 0.001686328204164764, 'mae': 0.26504484, 'elapsed_time': 73.72802877426147}
2021-10-07 09:23:02,941 {'epoch': 62, 'lr': 0.0007896275997614226, 'train_loss': 0.0016306054330942567, 'mae': 0.26388308, 'elapsed_time': 73.68624901771545}
2021-10-07 09:24:16,671 {'epoch': 63, 'lr': 0.0007832312720368044, 'train_loss': 0.0017507524298092953, 'mae': 0.33928674, 'elapsed_time': 73.72935509681702}
2021-10-07 09:25:30,353 {'epoch': 64, 'lr': 0.0007767662949090749, 'train_loss': 0.0018076643392177037, 'mae': 0.25653687, 'elapsed_time': 73.68219590187073}
2021-10-07 09:26:44,485 {'epoch': 65, 'lr': 0.000770234263514603, 'train_loss': 0.0015845233442433391, 'mae': 0.30101958, 'elapsed_time': 73.68631196022034}
2021-10-07 09:27:58,231 {'epoch': 66, 'lr': 0.0007636367895343944, 'train_loss': 0.0017563712666511062, 'mae': 0.25729594, 'elapsed_time': 73.74520015716553}
2021-10-07 09:29:12,007 {'epoch': 67, 'lr': 0.0007569755007964335, 'train_loss': 0.0015655496707611956, 'mae': 0.24474905, 'elapsed_time': 73.7757318019867}
2021-10-07 09:30:26,968 {'epoch': 68, 'lr': 0.0007502520408740415, 'train_loss': 0.001450014560476607, 'mae': 0.26461446, 'elapsed_time': 74.49737977981567}
2021-10-07 09:31:40,970 {'epoch': 69, 'lr': 0.0007434680686803488, 'train_loss': 0.001772576999573458, 'mae': 0.24575958, 'elapsed_time': 74.00165176391602}
2021-10-07 09:32:55,326 {'epoch': 70, 'lr': 0.0007366252580589837, 'train_loss': 0.0015890050556009539, 'mae': 0.26012334, 'elapsed_time': 74.35598587989807}
2021-10-07 09:34:09,343 {'epoch': 71, 'lr': 0.0007297252973710754, 'train_loss': 0.001665931394739685, 'mae': 0.2662185, 'elapsed_time': 74.01671195030212}
2021-10-07 09:35:23,089 {'epoch': 72, 'lr': 0.0007227698890786777, 'train_loss': 0.0018694563307771626, 'mae': 0.25481352, 'elapsed_time': 73.74558591842651}
2021-10-07 09:36:36,893 {'epoch': 73, 'lr': 0.0007157607493247108, 'train_loss': 0.0014935724392799922, 'mae': 0.27017078, 'elapsed_time': 73.8035397529602}
2021-10-07 09:37:50,446 {'epoch': 74, 'lr': 0.0007086996075095287, 'train_loss': 0.0015384125950973976, 'mae': 0.24626856, 'elapsed_time': 73.55181670188904}
2021-10-07 09:39:04,605 {'epoch': 75, 'lr': 0.0007015882058642161, 'train_loss': 0.0014150676593391843, 'mae': 0.25439128, 'elapsed_time': 74.15883302688599}
2021-10-07 09:40:18,472 {'epoch': 76, 'lr': 0.0006944282990207193, 'train_loss': 0.0015466083840987317, 'mae': 0.24452244, 'elapsed_time': 73.8670802116394}
2021-10-07 09:41:33,185 {'epoch': 77, 'lr': 0.0006872216535789155, 'train_loss': 0.0013281945674880756, 'mae': 0.22609219, 'elapsed_time': 74.25392770767212}
2021-10-07 09:42:47,768 {'epoch': 78, 'lr': 0.0006799700476707321, 'train_loss': 0.001370737043741999, 'mae': 0.23293085, 'elapsed_time': 74.1520733833313}
2021-10-07 09:44:02,134 {'epoch': 79, 'lr': 0.0006726752705214191, 'train_loss': 0.001375240916750382, 'mae': 0.2312339, 'elapsed_time': 74.36571145057678}
2021-10-07 09:45:15,660 {'epoch': 80, 'lr': 0.0006653391220080838, 'train_loss': 0.001318259713979965, 'mae': 0.22087623, 'elapsed_time': 73.52614903450012}
2021-10-07 09:46:29,659 {'epoch': 81, 'lr': 0.0006579634122155988, 'train_loss': 0.0012378502085390196, 'mae': 0.22131136, 'elapsed_time': 73.55870223045349}
2021-10-07 09:47:43,272 {'epoch': 82, 'lr': 0.0006505499609899903, 'train_loss': 0.0012717343243474673, 'mae': 0.23644188, 'elapsed_time': 73.61187720298767}
2021-10-07 09:48:57,377 {'epoch': 83, 'lr': 0.0006431005974894184, 'train_loss': 0.0013920483782373966, 'mae': 0.23463199, 'elapsed_time': 74.10500812530518}
2021-10-07 09:50:11,571 {'epoch': 84, 'lr': 0.0006356171597328593, 'train_loss': 0.0013305607309220563, 'mae': 0.2263479, 'elapsed_time': 74.19383120536804}
2021-10-07 09:51:25,603 {'epoch': 85, 'lr': 0.0006281014941466028, 'train_loss': 0.00121765997744677, 'mae': 0.22513461, 'elapsed_time': 74.0315592288971}
2021-10-07 09:52:39,597 {'epoch': 86, 'lr': 0.000620555455108673, 'train_loss': 0.0013306370413583822, 'mae': 0.2687563, 'elapsed_time': 73.99345827102661}
2021-10-07 09:53:53,389 {'epoch': 87, 'lr': 0.0006129809044912885, 'train_loss': 0.0013101806875251633, 'mae': 0.22399391, 'elapsed_time': 73.79165458679199}
2021-10-07 09:55:07,541 {'epoch': 88, 'lr': 0.0006053797112014735, 'train_loss': 0.0011697216390220435, 'mae': 0.21527934, 'elapsed_time': 74.15150094032288}
2021-10-07 09:56:21,816 {'epoch': 89, 'lr': 0.0005977537507199336, 'train_loss': 0.0013188502774126407, 'mae': 0.2488324, 'elapsed_time': 73.82066297531128}
2021-10-07 09:57:35,369 {'epoch': 90, 'lr': 0.0005901049046383074, 'train_loss': 0.0012051111632788948, 'mae': 0.21116489, 'elapsed_time': 73.55306124687195}
2021-10-07 09:58:49,431 {'epoch': 91, 'lr': 0.0005824350601949141, 'train_loss': 0.0011366395079799249, 'mae': 0.22593291, 'elapsed_time': 73.60777258872986}
2021-10-07 10:00:03,586 {'epoch': 92, 'lr': 0.0005747461098091033, 'train_loss': 0.0010974299260140493, 'mae': 0.20763083, 'elapsed_time': 74.15434622764587}
2021-10-07 10:01:18,229 {'epoch': 93, 'lr': 0.0005670399506143305, 'train_loss': 0.0012424312920770635, 'mae': 0.21894656, 'elapsed_time': 74.18521237373352}
2021-10-07 10:02:32,135 {'epoch': 94, 'lr': 0.0005593184839900673, 'train_loss': 0.0012309591700011252, 'mae': 0.20645693, 'elapsed_time': 73.90637397766113}
2021-10-07 10:03:45,881 {'epoch': 95, 'lr': 0.0005515836150926644, 'train_loss': 0.0010647169318645105, 'mae': 0.20873392, 'elapsed_time': 73.29404091835022}
2021-10-07 10:04:59,912 {'epoch': 96, 'lr': 0.0005438372523852832, 'train_loss': 0.0010152365380343893, 'mae': 0.21434008, 'elapsed_time': 74.03059911727905}
2021-10-07 10:06:13,423 {'epoch': 97, 'lr': 0.00053608130716701, 'train_loss': 0.0010702825148297985, 'mae': 0.21868178, 'elapsed_time': 73.50975131988525}
2021-10-07 10:07:26,915 {'epoch': 98, 'lr': 0.0005283176931012729, 'train_loss': 0.001148887500512513, 'mae': 0.2062839, 'elapsed_time': 73.4921510219574}
2021-10-07 10:08:41,072 {'epoch': 99, 'lr': 0.0005205483257436734, 'train_loss': 0.000994748368271737, 'mae': 0.20049994, 'elapsed_time': 73.7005934715271}
2021-10-07 10:09:55,581 {'epoch': 100, 'lr': 0.0005127751220693511, 'train_loss': 0.0009542994886251614, 'mae': 0.20080419, 'elapsed_time': 74.07005858421326}
2021-10-07 10:11:09,192 {'epoch': 101, 'lr': 0.0005049999999999998, 'train_loss': 0.0009463410814662419, 'mae': 0.20148619, 'elapsed_time': 73.61065793037415}
2021-10-07 10:12:23,122 {'epoch': 102, 'lr': 0.0004972248779306486, 'train_loss': 0.0009610051243529563, 'mae': 0.19802694, 'elapsed_time': 73.92963528633118}
2021-10-07 10:13:37,181 {'epoch': 103, 'lr': 0.0004894516742563262, 'train_loss': 0.0009117604500562881, 'mae': 0.19670315, 'elapsed_time': 73.60090446472168}
2021-10-07 10:14:51,323 {'epoch': 104, 'lr': 0.00048168230689872663, 'train_loss': 0.0008941838909076333, 'mae': 0.1952753, 'elapsed_time': 73.6962640285492}
2021-10-07 10:16:05,400 {'epoch': 105, 'lr': 0.0004739186928329896, 'train_loss': 0.0008667198390588214, 'mae': 0.19727343, 'elapsed_time': 73.63419365882874}
2021-10-07 10:17:18,915 {'epoch': 106, 'lr': 0.00046616274761471655, 'train_loss': 0.0008798048545768753, 'mae': 0.19544974, 'elapsed_time': 73.5143096446991}
2021-10-07 10:18:32,394 {'epoch': 107, 'lr': 0.0004584163849073352, 'train_loss': 0.0008652388405195524, 'mae': 0.20017849, 'elapsed_time': 73.47888922691345}
2021-10-07 10:19:46,026 {'epoch': 108, 'lr': 0.0004506815160099324, 'train_loss': 0.0008628682957343742, 'mae': 0.19530113, 'elapsed_time': 73.63176536560059}
2021-10-07 10:20:59,086 {'epoch': 109, 'lr': 0.0004429600493856693, 'train_loss': 0.0008402009413752278, 'mae': 0.194813, 'elapsed_time': 73.05978775024414}
2021-10-07 10:22:13,019 {'epoch': 110, 'lr': 0.00043525389019089656, 'train_loss': 0.0008663457546153551, 'mae': 0.21838227, 'elapsed_time': 73.47096157073975}
2021-10-07 10:23:27,051 {'epoch': 111, 'lr': 0.0004275649398050856, 'train_loss': 0.0009190612826237148, 'mae': 0.19041339, 'elapsed_time': 74.03232955932617}
2021-10-07 10:24:41,257 {'epoch': 112, 'lr': 0.0004198950953616921, 'train_loss': 0.0008167040317687789, 'mae': 0.18687522, 'elapsed_time': 73.75763249397278}
2021-10-07 10:25:55,385 {'epoch': 113, 'lr': 0.0004122462492800662, 'train_loss': 0.000929879258905838, 'mae': 0.21825406, 'elapsed_time': 73.6760003566742}
2021-10-07 10:27:09,306 {'epoch': 114, 'lr': 0.0004046202887985263, 'train_loss': 0.0008640297223808277, 'mae': 0.19432814, 'elapsed_time': 73.92061734199524}
2021-10-07 10:28:23,463 {'epoch': 115, 'lr': 0.0003970190955087115, 'train_loss': 0.0008346346601340216, 'mae': 0.22088195, 'elapsed_time': 74.15657448768616}
2021-10-07 10:29:37,433 {'epoch': 116, 'lr': 0.0003894445448913267, 'train_loss': 0.0008263075397139437, 'mae': 0.19294453, 'elapsed_time': 73.9698703289032}
2021-10-07 10:30:51,605 {'epoch': 117, 'lr': 0.00038189850585339675, 'train_loss': 0.0007389213465218358, 'mae': 0.18489105, 'elapsed_time': 74.17149019241333}
2021-10-07 10:32:06,130 {'epoch': 118, 'lr': 0.0003743828402671403, 'train_loss': 0.0007497433823582114, 'mae': 0.18336038, 'elapsed_time': 74.09115839004517}
2021-10-07 10:33:20,342 {'epoch': 119, 'lr': 0.0003668994025105814, 'train_loss': 0.0007233956415203726, 'mae': 0.18502383, 'elapsed_time': 73.74977517127991}
2021-10-07 10:34:34,043 {'epoch': 120, 'lr': 0.00035945003901000945, 'train_loss': 0.0007255188118471382, 'mae': 0.18415564, 'elapsed_time': 73.70001745223999}
2021-10-07 10:35:47,920 {'epoch': 121, 'lr': 0.00035203658778440103, 'train_loss': 0.0007083738874458888, 'mae': 0.18594825, 'elapsed_time': 73.87731289863586}
2021-10-07 10:37:01,649 {'epoch': 122, 'lr': 0.0003446608779919159, 'train_loss': 0.0007037156363338173, 'mae': 0.18453576, 'elapsed_time': 73.72878241539001}
2021-10-07 10:38:15,824 {'epoch': 123, 'lr': 0.00033732472947858063, 'train_loss': 0.0006848389207526815, 'mae': 0.1837019, 'elapsed_time': 74.17434239387512}
2021-10-07 10:39:29,480 {'epoch': 124, 'lr': 0.00033002995232926766, 'train_loss': 0.0006841425396961199, 'mae': 0.18711343, 'elapsed_time': 73.65559029579163}
2021-10-07 10:40:43,353 {'epoch': 125, 'lr': 0.0003227783464210844, 'train_loss': 0.0006764293411923134, 'mae': 0.18336016, 'elapsed_time': 73.87219595909119}
2021-10-07 10:41:57,712 {'epoch': 126, 'lr': 0.00031557170097928054, 'train_loss': 0.0006834940529367321, 'mae': 0.18335508, 'elapsed_time': 73.90522003173828}
2021-10-07 10:43:12,201 {'epoch': 127, 'lr': 0.0003084117941357834, 'train_loss': 0.0006603261806450986, 'mae': 0.18382934, 'elapsed_time': 74.02558875083923}
2021-10-07 10:44:26,124 {'epoch': 128, 'lr': 0.00030130039249047106, 'train_loss': 0.0006372664878583057, 'mae': 0.18110105, 'elapsed_time': 73.92229866981506}
2021-10-07 10:45:40,629 {'epoch': 129, 'lr': 0.00029423925067528897, 'train_loss': 0.0006373661010469957, 'mae': 0.18309772, 'elapsed_time': 74.04800486564636}
2021-10-07 10:46:54,435 {'epoch': 130, 'lr': 0.0002872301109213219, 'train_loss': 0.000642524797326192, 'mae': 0.18397783, 'elapsed_time': 73.8059253692627}
2021-10-07 10:48:08,340 {'epoch': 131, 'lr': 0.0002802747026289243, 'train_loss': 0.0006184105654577296, 'mae': 0.18170714, 'elapsed_time': 73.90424656867981}
2021-10-07 10:49:22,372 {'epoch': 132, 'lr': 0.00027337474194101617, 'train_loss': 0.0006109159471895459, 'mae': 0.18020657, 'elapsed_time': 74.0314667224884}
2021-10-07 10:50:36,753 {'epoch': 133, 'lr': 0.00026653193131965077, 'train_loss': 0.0006093316462762392, 'mae': 0.17926297, 'elapsed_time': 73.92218947410583}
2021-10-07 10:51:50,983 {'epoch': 134, 'lr': 0.00025974795912595813, 'train_loss': 0.0005989442108540917, 'mae': 0.17968568, 'elapsed_time': 73.7511477470398}
2021-10-07 10:53:04,874 {'epoch': 135, 'lr': 0.0002530244992035661, 'train_loss': 0.000586020846149438, 'mae': 0.1807094, 'elapsed_time': 73.89054226875305}
2021-10-07 10:54:18,695 {'epoch': 136, 'lr': 0.00024636321046560527, 'train_loss': 0.000580540888759476, 'mae': 0.1797448, 'elapsed_time': 73.82014966011047}
2021-10-07 10:55:33,015 {'epoch': 137, 'lr': 0.00023976573648539645, 'train_loss': 0.000570684909818088, 'mae': 0.17770898, 'elapsed_time': 74.32021832466125}
2021-10-07 10:56:47,158 {'epoch': 138, 'lr': 0.00023323370509092462, 'train_loss': 0.000559871804494981, 'mae': 0.17832129, 'elapsed_time': 73.68821430206299}
2021-10-07 10:58:01,159 {'epoch': 139, 'lr': 0.00022676872796319523, 'train_loss': 0.0005509939871116179, 'mae': 0.17736007, 'elapsed_time': 74.00092935562134}
2021-10-07 10:59:15,620 {'epoch': 140, 'lr': 0.00022037240023857702, 'train_loss': 0.0005423261615527316, 'mae': 0.1787299, 'elapsed_time': 73.98693943023682}
2021-10-07 11:00:29,345 {'epoch': 141, 'lr': 0.00021404630011522577, 'train_loss': 0.0005373604233377299, 'mae': 0.1781906, 'elapsed_time': 73.72422981262207}
2021-10-07 11:01:42,866 {'epoch': 142, 'lr': 0.00020779198846368737, 'train_loss': 0.0005291347390051865, 'mae': 0.17821272, 'elapsed_time': 73.52025294303894}
2021-10-07 11:02:56,443 {'epoch': 143, 'lr': 0.0002016110084417765, 'train_loss': 0.0005272549046900906, 'mae': 0.17839193, 'elapsed_time': 73.5765073299408}
2021-10-07 11:04:10,188 {'epoch': 144, 'lr': 0.00019550488511382584, 'train_loss': 0.0005168806088778497, 'mae': 0.17686349, 'elapsed_time': 73.74541354179382}
2021-10-07 11:05:24,624 {'epoch': 145, 'lr': 0.00018947512507439847, 'train_loss': 0.0005098782115010453, 'mae': 0.17705593, 'elapsed_time': 73.97962927818298}
2021-10-07 11:06:38,821 {'epoch': 146, 'lr': 0.00018352321607655904, 'train_loss': 0.0005049351788563511, 'mae': 0.17683974, 'elapsed_time': 74.19738030433655}
2021-10-07 11:07:52,531 {'epoch': 147, 'lr': 0.0001776506266647923, 'train_loss': 0.0004963212329931334, 'mae': 0.17660181, 'elapsed_time': 73.2582197189331}
2021-10-07 11:09:06,531 {'epoch': 148, 'lr': 0.00017185880581266206, 'train_loss': 0.0004922322352460633, 'mae': 0.17615949, 'elapsed_time': 73.53740549087524}
2021-10-07 11:10:20,804 {'epoch': 149, 'lr': 0.000166149182565299, 'train_loss': 0.0004852568701087362, 'mae': 0.17578045, 'elapsed_time': 73.81318378448486}
2021-10-07 11:11:35,248 {'epoch': 150, 'lr': 0.00016052316568680435, 'train_loss': 0.00047653719395241096, 'mae': 0.17675833, 'elapsed_time': 73.98628330230713}
2021-10-07 11:12:49,357 {'epoch': 151, 'lr': 0.00015498214331265893, 'train_loss': 0.0004713785833376105, 'mae': 0.17638262, 'elapsed_time': 74.10913491249084}
2021-10-07 11:14:03,103 {'epoch': 152, 'lr': 0.0001495274826072215, 'train_loss': 0.0004635770728032742, 'mae': 0.17475013, 'elapsed_time': 73.745121717453}
2021-10-07 11:15:17,455 {'epoch': 153, 'lr': 0.00014416052942640132, 'train_loss': 0.00045707888377866183, 'mae': 0.17506224, 'elapsed_time': 73.89998602867126}
2021-10-07 11:16:30,955 {'epoch': 154, 'lr': 0.0001388826079855881, 'train_loss': 0.00045249662932929336, 'mae': 0.17472553, 'elapsed_time': 73.49905395507812}
2021-10-07 11:17:44,681 {'epoch': 155, 'lr': 0.00013369502053292245, 'train_loss': 0.0004450379245012821, 'mae': 0.17417927, 'elapsed_time': 73.26620936393738}
2021-10-07 11:18:58,498 {'epoch': 156, 'lr': 0.00012859904702798464, 'train_loss': 0.00043776022891203563, 'mae': 0.17520256, 'elapsed_time': 73.35124230384827}
2021-10-07 11:20:12,592 {'epoch': 157, 'lr': 0.00012359594482598432, 'train_loss': 0.0004341596943024494, 'mae': 0.17460485, 'elapsed_time': 74.0936508178711}
2021-10-07 11:21:26,818 {'epoch': 158, 'lr': 0.00011868694836752681, 'train_loss': 0.0004295718037159811, 'mae': 0.17413244, 'elapsed_time': 74.22553896903992}
2021-10-07 11:22:41,329 {'epoch': 159, 'lr': 0.0001138732688740332, 'train_loss': 0.00042314441798093147, 'mae': 0.17346634, 'elapsed_time': 74.05255722999573}
2021-10-07 11:23:55,862 {'epoch': 160, 'lr': 0.00010915609404889012, 'train_loss': 0.00041885429313140963, 'mae': 0.17361633, 'elapsed_time': 74.08565473556519}
2021-10-07 11:25:10,111 {'epoch': 161, 'lr': 0.00010453658778440103, 'train_loss': 0.00041708801240420166, 'mae': 0.17437908, 'elapsed_time': 74.24808287620544}
2021-10-07 11:26:23,900 {'epoch': 162, 'lr': 0.00010001588987461343, 'train_loss': 0.0004090757659748147, 'mae': 0.1733696, 'elapsed_time': 73.78920698165894}
2021-10-07 11:27:38,117 {'epoch': 163, 'lr': 9.559511573409192e-05, 'train_loss': 0.00040498924657030955, 'mae': 0.17341292, 'elapsed_time': 73.73998951911926}
2021-10-07 11:28:51,625 {'epoch': 164, 'lr': 9.12753561227063e-05, 'train_loss': 0.0003993190413944527, 'mae': 0.17364009, 'elapsed_time': 73.50720286369324}
2021-10-07 11:30:05,111 {'epoch': 165, 'lr': 8.705767687650262e-05, 'train_loss': 0.0003963128699395853, 'mae': 0.17308716, 'elapsed_time': 73.48553037643433}
2021-10-07 11:31:19,171 {'epoch': 166, 'lr': 8.294311864472445e-05, 'train_loss': 0.0003903265693147819, 'mae': 0.17326461, 'elapsed_time': 73.59986615180969}
2021-10-07 11:32:32,283 {'epoch': 167, 'lr': 7.89326966330478e-05, 'train_loss': 0.00038780615423701707, 'mae': 0.1735205, 'elapsed_time': 73.11163067817688}
2021-10-07 11:33:45,279 {'epoch': 168, 'lr': 7.502740035309526e-05, 'train_loss': 0.00038318173377234623, 'mae': 0.17316903, 'elapsed_time': 72.99516463279724}
2021-10-07 11:34:58,294 {'epoch': 169, 'lr': 7.12281933782875e-05, 'train_loss': 0.0003795045783472938, 'mae': 0.17336498, 'elapsed_time': 73.01468539237976}
2021-10-07 11:36:11,257 {'epoch': 170, 'lr': 6.75360131060967e-05, 'train_loss': 0.0003738490460382502, 'mae': 0.17319545, 'elapsed_time': 72.96263241767883}
2021-10-07 11:37:24,947 {'epoch': 171, 'lr': 6.395177052675792e-05, 'train_loss': 0.00037211697052416226, 'mae': 0.17315556, 'elapsed_time': 73.68984079360962}
2021-10-07 11:38:39,068 {'epoch': 172, 'lr': 6.047634999849528e-05, 'train_loss': 0.0003684372766433448, 'mae': 0.17326379, 'elapsed_time': 74.1209180355072}
2021-10-07 11:39:52,951 {'epoch': 173, 'lr': 5.711060902932039e-05, 'train_loss': 0.00036481285394916795, 'mae': 0.17293447, 'elapsed_time': 73.8821177482605}
2021-10-07 11:41:07,121 {'epoch': 174, 'lr': 5.385537806545467e-05, 'train_loss': 0.0003611355209001016, 'mae': 0.17315434, 'elapsed_time': 73.72880697250366}
2021-10-07 11:42:21,271 {'epoch': 175, 'lr': 5.0711460286429424e-05, 'train_loss': 0.0003583377511089333, 'mae': 0.17276558, 'elapsed_time': 74.15001487731934}
2021-10-07 11:43:35,369 {'epoch': 176, 'lr': 4.767963140691315e-05, 'train_loss': 0.0003552788743259221, 'mae': 0.17273696, 'elapsed_time': 73.64688181877136}
2021-10-07 11:44:49,545 {'epoch': 177, 'lr': 4.4760639485315563e-05, 'train_loss': 0.0003521470428303111, 'mae': 0.17296764, 'elapsed_time': 73.71931791305542}
2021-10-07 11:46:03,738 {'epoch': 178, 'lr': 4.195520473921563e-05, 'train_loss': 0.0003492560835692209, 'mae': 0.17281894, 'elapsed_time': 74.19224715232849}
2021-10-07 11:47:17,171 {'epoch': 179, 'lr': 3.9264019367658385e-05, 'train_loss': 0.0003471806116471273, 'mae': 0.17282389, 'elapsed_time': 73.43253684043884}
2021-10-07 11:48:30,849 {'epoch': 180, 'lr': 3.6687747380365064e-05, 'train_loss': 0.0003448077918180296, 'mae': 0.17310837, 'elapsed_time': 73.67718625068665}
2021-10-07 11:49:44,578 {'epoch': 181, 'lr': 3.422702443389899e-05, 'train_loss': 0.0003419683469771707, 'mae': 0.17259245, 'elapsed_time': 73.72903633117676}
2021-10-07 11:50:58,719 {'epoch': 182, 'lr': 3.188245767482658e-05, 'train_loss': 0.0003400168405701342, 'mae': 0.1727875, 'elapsed_time': 73.70209789276123}
2021-10-07 11:52:12,490 {'epoch': 183, 'lr': 2.965462558991323e-05, 'train_loss': 0.00033832350838373953, 'mae': 0.1727422, 'elapsed_time': 73.7702260017395}
2021-10-07 11:53:26,559 {'epoch': 184, 'lr': 2.7544077863390004e-05, 'train_loss': 0.00033599926002022445, 'mae': 0.17259058, 'elapsed_time': 74.0689628124237}
2021-10-07 11:54:40,919 {'epoch': 185, 'lr': 2.5551335241327672e-05, 'train_loss': 0.00033368086973124974, 'mae': 0.17268543, 'elapsed_time': 73.89986491203308}
2021-10-07 11:55:54,774 {'epoch': 186, 'lr': 2.367688940315011e-05, 'train_loss': 0.0003317927342399491, 'mae': 0.17262952, 'elapsed_time': 73.85367441177368}
2021-10-07 11:57:08,763 {'epoch': 187, 'lr': 2.1921202840320077e-05, 'train_loss': 0.00033045932453068934, 'mae': 0.17271906, 'elapsed_time': 73.98879027366638}
2021-10-07 11:58:22,390 {'epoch': 188, 'lr': 2.0284708742225903e-05, 'train_loss': 0.0003285512492934586, 'mae': 0.1727026, 'elapsed_time': 73.62706661224365}
2021-10-07 11:59:35,967 {'epoch': 189, 'lr': 1.8767810889299086e-05, 'train_loss': 0.00032712141140762193, 'mae': 0.17269582, 'elapsed_time': 73.57599973678589}
2021-10-07 12:00:49,562 {'epoch': 190, 'lr': 1.7370883553386936e-05, 'train_loss': 0.00032653104420689614, 'mae': 0.17279646, 'elapsed_time': 73.59501457214355}
2021-10-07 12:02:03,194 {'epoch': 191, 'lr': 1.6094271405406862e-05, 'train_loss': 0.00032493562602380635, 'mae': 0.1726141, 'elapsed_time': 73.63175773620605}
2021-10-07 12:03:16,998 {'epoch': 192, 'lr': 1.4938289430304022e-05, 'train_loss': 0.0003235138878670649, 'mae': 0.17277536, 'elapsed_time': 73.80329537391663}
2021-10-07 12:04:30,944 {'epoch': 193, 'lr': 1.3903222849333509e-05, 'train_loss': 0.0003225729052740229, 'mae': 0.17263778, 'elapsed_time': 73.94560670852661}
2021-10-07 12:05:45,153 {'epoch': 194, 'lr': 1.2989327049686102e-05, 'train_loss': 0.00032150869358348245, 'mae': 0.17271192, 'elapsed_time': 74.20849919319153}
2021-10-07 12:06:58,786 {'epoch': 195, 'lr': 1.2196827521475404e-05, 'train_loss': 0.0003206269600785987, 'mae': 0.17267013, 'elapsed_time': 73.63233590126038}
2021-10-07 12:08:12,321 {'epoch': 196, 'lr': 1.152591980210166e-05, 'train_loss': 0.00031979959914824914, 'mae': 0.1727888, 'elapsed_time': 73.5349473953247}
2021-10-07 12:09:26,170 {'epoch': 197, 'lr': 1.097676942800558e-05, 'train_loss': 0.00031931720349401966, 'mae': 0.17277765, 'elapsed_time': 73.84839057922363}
2021-10-07 12:10:40,185 {'epoch': 198, 'lr': 1.0549511893824899e-05, 'train_loss': 0.00031852123813272865, 'mae': 0.17270188, 'elapsed_time': 74.01493167877197}
2021-10-07 12:11:54,158 {'epoch': 199, 'lr': 1.0244252618962858e-05, 'train_loss': 0.00031798880836124687, 'mae': 0.172629, 'elapsed_time': 73.97183465957642}
2021-10-07 12:13:08,322 {'epoch': 200, 'lr': 1.006106692157801e-05, 'train_loss': 0.00031730175737940846, 'mae': 0.17264523, 'elapsed_time': 74.16402983665466}
2021-10-07 12:13:48,780 Total CV: 0.17259058356285095
