2021-10-06 13:35:21,818 Fold 0
2021-10-06 13:35:25,452 train run device : cuda:0
2021-10-06 13:36:56,722 {'epoch': 1, 'lr': 0.001, 'train_loss': 0.016289043291228114, 'mae': 1.3837306, 'elapsed_time': 71.74131679534912}
2021-10-06 13:38:09,740 {'epoch': 2, 'lr': 0.000999938933078422, 'train_loss': 0.005742228135831946, 'mae': 1.1826586, 'elapsed_time': 72.5972831249237}
2021-10-06 13:39:22,916 {'epoch': 3, 'lr': 0.000999755747381037, 'train_loss': 0.0048091516688693195, 'mae': 1.1098263, 'elapsed_time': 72.67405581474304}
2021-10-06 13:40:35,848 {'epoch': 4, 'lr': 0.000999450488106175, 'train_loss': 0.004359829266826549, 'mae': 0.91162896, 'elapsed_time': 72.46233677864075}
2021-10-06 13:41:48,581 {'epoch': 5, 'lr': 0.0009990232305719944, 'train_loss': 0.004234486911137267, 'mae': 0.88815176, 'elapsed_time': 72.31618165969849}
2021-10-06 13:43:01,545 {'epoch': 6, 'lr': 0.0009984740801978983, 'train_loss': 0.0038245091964030915, 'mae': 0.775323, 'elapsed_time': 72.54668307304382}
2021-10-06 13:44:14,596 {'epoch': 7, 'lr': 0.0009978031724785245, 'train_loss': 0.0036573971992616547, 'mae': 0.6958049, 'elapsed_time': 72.62602543830872}
2021-10-06 13:45:28,330 {'epoch': 8, 'lr': 0.000997010672950314, 'train_loss': 0.0033412246108845104, 'mae': 0.6224713, 'elapsed_time': 73.25736451148987}
2021-10-06 13:46:42,075 {'epoch': 9, 'lr': 0.0009960967771506664, 'train_loss': 0.0033779145477029803, 'mae': 0.6144502, 'elapsed_time': 73.26602959632874}
2021-10-06 13:47:55,598 {'epoch': 10, 'lr': 0.0009950617105696957, 'train_loss': 0.0031935475430913602, 'mae': 0.6456489, 'elapsed_time': 73.10102128982544}
2021-10-06 13:49:08,752 {'epoch': 11, 'lr': 0.0009939057285945929, 'train_loss': 0.0030699421710293365, 'mae': 0.59829587, 'elapsed_time': 73.15369963645935}
2021-10-06 13:50:21,879 {'epoch': 12, 'lr': 0.0009926291164466126, 'train_loss': 0.0031118036491575426, 'mae': 0.5484453, 'elapsed_time': 72.64927172660828}
2021-10-06 13:51:34,997 {'epoch': 13, 'lr': 0.0009912321891107005, 'train_loss': 0.0029595690217138204, 'mae': 0.5181995, 'elapsed_time': 72.693767786026}
2021-10-06 13:52:47,946 {'epoch': 14, 'lr': 0.0009897152912577737, 'train_loss': 0.0032775729756390043, 'mae': 0.54063046, 'elapsed_time': 72.52929615974426}
2021-10-06 13:54:00,842 {'epoch': 15, 'lr': 0.0009880787971596797, 'train_loss': 0.002897795197424942, 'mae': 0.51012045, 'elapsed_time': 72.89543414115906}
2021-10-06 13:55:13,921 {'epoch': 16, 'lr': 0.0009863231105968495, 'train_loss': 0.0028255579732679387, 'mae': 0.5834493, 'elapsed_time': 72.66539931297302}
2021-10-06 13:56:27,741 {'epoch': 17, 'lr': 0.000984448664758672, 'train_loss': 0.002839848757619649, 'mae': 0.46203446, 'elapsed_time': 73.81966376304626}
2021-10-06 13:57:42,148 {'epoch': 18, 'lr': 0.0009824559221366096, 'train_loss': 0.0027416129714412513, 'mae': 0.61100197, 'elapsed_time': 73.94030237197876}
2021-10-06 13:58:56,029 {'epoch': 19, 'lr': 0.0009803453744100864, 'train_loss': 0.0026042766000080615, 'mae': 0.42439902, 'elapsed_time': 73.88116478919983}
2021-10-06 14:00:10,372 {'epoch': 20, 'lr': 0.0009781175423251728, 'train_loss': 0.0025647700963587535, 'mae': 0.42712253, 'elapsed_time': 73.86341643333435}
2021-10-06 14:01:24,055 {'epoch': 21, 'lr': 0.0009757729755661004, 'train_loss': 0.002579038699803722, 'mae': 0.40620437, 'elapsed_time': 73.68268203735352}
2021-10-06 14:02:37,982 {'epoch': 22, 'lr': 0.0009733122526196342, 'train_loss': 0.0024561284915985376, 'mae': 0.40515235, 'elapsed_time': 73.45088577270508}
2021-10-06 14:03:52,066 {'epoch': 23, 'lr': 0.000970735980632341, 'train_loss': 0.0027487223825958724, 'mae': 0.4662595, 'elapsed_time': 73.60937643051147}
2021-10-06 14:05:04,991 {'epoch': 24, 'lr': 0.0009680447952607838, 'train_loss': 0.0026120753152785985, 'mae': 0.4255914, 'elapsed_time': 72.92470145225525}
2021-10-06 14:06:18,146 {'epoch': 25, 'lr': 0.0009652393605146839, 'train_loss': 0.00240411595759248, 'mae': 0.36991107, 'elapsed_time': 73.15447163581848}
2021-10-06 14:07:31,453 {'epoch': 26, 'lr': 0.0009623203685930864, 'train_loss': 0.002296699710175484, 'mae': 0.3873231, 'elapsed_time': 72.88120245933533}
2021-10-06 14:08:44,965 {'epoch': 27, 'lr': 0.00095928853971357, 'train_loss': 0.0023646440702589874, 'mae': 0.54707086, 'elapsed_time': 73.51168036460876}
2021-10-06 14:09:58,746 {'epoch': 28, 'lr': 0.0009561446219345448, 'train_loss': 0.0023804679564820605, 'mae': 0.45646483, 'elapsed_time': 73.7801821231842}
2021-10-06 14:11:12,535 {'epoch': 29, 'lr': 0.0009528893909706791, 'train_loss': 0.0021951412027880718, 'mae': 0.36573946, 'elapsed_time': 73.78880953788757}
2021-10-06 14:12:26,772 {'epoch': 30, 'lr': 0.0009495236500015041, 'train_loss': 0.002325748189335789, 'mae': 0.3897046, 'elapsed_time': 73.7649872303009}
2021-10-06 14:13:40,569 {'epoch': 31, 'lr': 0.0009460482294732414, 'train_loss': 0.0022531175004618306, 'mae': 0.3463231, 'elapsed_time': 73.79598188400269}
2021-10-06 14:14:54,681 {'epoch': 32, 'lr': 0.0009424639868939027, 'train_loss': 0.0020966454777518514, 'mae': 0.39351434, 'elapsed_time': 73.62102723121643}
2021-10-06 14:16:07,749 {'epoch': 33, 'lr': 0.0009387718066217117, 'train_loss': 0.00217860243780041, 'mae': 0.33486164, 'elapsed_time': 73.06775164604187}
2021-10-06 14:17:20,681 {'epoch': 34, 'lr': 0.000934972599646904, 'train_loss': 0.0020196044606491776, 'mae': 0.320742, 'elapsed_time': 72.50566387176514}
2021-10-06 14:18:33,511 {'epoch': 35, 'lr': 0.0009310673033669515, 'train_loss': 0.0020879758871237596, 'mae': 0.38495106, 'elapsed_time': 72.40390348434448}
2021-10-06 14:19:46,428 {'epoch': 36, 'lr': 0.0009270568813552751, 'train_loss': 0.0024609156752793972, 'mae': 0.41613474, 'elapsed_time': 72.91746997833252}
2021-10-06 14:20:59,919 {'epoch': 37, 'lr': 0.0009229423231234969, 'train_loss': 0.0022279544593365166, 'mae': 0.360132, 'elapsed_time': 73.49011659622192}
2021-10-06 14:22:13,125 {'epoch': 38, 'lr': 0.0009187246438772933, 'train_loss': 0.0022400433974028265, 'mae': 0.30857491, 'elapsed_time': 73.20538330078125}
2021-10-06 14:23:26,418 {'epoch': 39, 'lr': 0.0009144048842659075, 'train_loss': 0.0020792356505249412, 'mae': 0.31520507, 'elapsed_time': 72.86410093307495}
2021-10-06 14:24:39,943 {'epoch': 40, 'lr': 0.0009099841101253861, 'train_loss': 0.0019017360921803493, 'mae': 0.30087575, 'elapsed_time': 73.52373003959656}
2021-10-06 14:25:53,451 {'epoch': 41, 'lr': 0.0009054634122155986, 'train_loss': 0.002356873976524655, 'mae': 0.42225456, 'elapsed_time': 73.07834458351135}
2021-10-06 14:27:06,370 {'epoch': 42, 'lr': 0.0009008439059511095, 'train_loss': 0.0021942403394607933, 'mae': 0.36379725, 'elapsed_time': 72.91799116134644}
2021-10-06 14:28:18,920 {'epoch': 43, 'lr': 0.0008961267311259662, 'train_loss': 0.0020102519670351995, 'mae': 0.30490842, 'elapsed_time': 72.54942011833191}
2021-10-06 14:29:31,674 {'epoch': 44, 'lr': 0.0008913130516324728, 'train_loss': 0.0019325786030118715, 'mae': 0.37621066, 'elapsed_time': 72.75357508659363}
2021-10-06 14:30:44,423 {'epoch': 45, 'lr': 0.0008864040551740152, 'train_loss': 0.0019287427589840412, 'mae': 0.36667475, 'elapsed_time': 72.74891996383667}
2021-10-06 14:31:57,338 {'epoch': 46, 'lr': 0.000881400952972015, 'train_loss': 0.00189976348258392, 'mae': 0.28426093, 'elapsed_time': 72.91411638259888}
2021-10-06 14:33:10,728 {'epoch': 47, 'lr': 0.0008763049794670771, 'train_loss': 0.002085094822902724, 'mae': 0.33594224, 'elapsed_time': 72.96915292739868}
2021-10-06 14:34:23,452 {'epoch': 48, 'lr': 0.0008711173920144113, 'train_loss': 0.0018944069301256525, 'mae': 0.30460012, 'elapsed_time': 72.72337675094604}
2021-10-06 14:35:36,797 {'epoch': 49, 'lr': 0.0008658394705735983, 'train_loss': 0.0017845008680269843, 'mae': 0.28130427, 'elapsed_time': 73.34415698051453}
2021-10-06 14:36:50,405 {'epoch': 50, 'lr': 0.0008604725173927781, 'train_loss': 0.0017945891412837842, 'mae': 0.30338117, 'elapsed_time': 73.1873767375946}
2021-10-06 14:38:03,660 {'epoch': 51, 'lr': 0.0008550178566873405, 'train_loss': 0.0017770912925323325, 'mae': 0.30742624, 'elapsed_time': 73.25478911399841}
2021-10-06 14:39:16,837 {'epoch': 52, 'lr': 0.0008494768343131951, 'train_loss': 0.0016914123334755876, 'mae': 0.2693882, 'elapsed_time': 73.17626452445984}
2021-10-06 14:40:30,202 {'epoch': 53, 'lr': 0.0008438508174347005, 'train_loss': 0.001659841744403242, 'mae': 0.25525543, 'elapsed_time': 72.91187500953674}
2021-10-06 14:41:43,914 {'epoch': 54, 'lr': 0.0008381411941873374, 'train_loss': 0.0017510437262796897, 'mae': 0.30264652, 'elapsed_time': 73.27930736541748}
2021-10-06 14:42:57,171 {'epoch': 55, 'lr': 0.0008323493733352073, 'train_loss': 0.0016940735732288532, 'mae': 0.2863944, 'elapsed_time': 73.25677514076233}
2021-10-06 14:44:10,381 {'epoch': 56, 'lr': 0.0008264767839234405, 'train_loss': 0.0016711569070875288, 'mae': 0.26801434, 'elapsed_time': 73.20971465110779}
2021-10-06 14:45:23,809 {'epoch': 57, 'lr': 0.000820524874925601, 'train_loss': 0.0015903170344606782, 'mae': 0.25484252, 'elapsed_time': 73.42795300483704}
2021-10-06 14:46:37,525 {'epoch': 58, 'lr': 0.0008144951148861737, 'train_loss': 0.0016714420791707977, 'mae': 0.24962565, 'elapsed_time': 73.27148151397705}
2021-10-06 14:47:51,891 {'epoch': 59, 'lr': 0.0008083889915582231, 'train_loss': 0.0017280785545874622, 'mae': 0.39454874, 'elapsed_time': 73.85946488380432}
2021-10-06 14:49:05,856 {'epoch': 60, 'lr': 0.0008022080115363123, 'train_loss': 0.001773109408731173, 'mae': 0.2684788, 'elapsed_time': 73.96408033370972}
2021-10-06 14:50:19,709 {'epoch': 61, 'lr': 0.0007959536998847739, 'train_loss': 0.0016281444475676856, 'mae': 0.25411072, 'elapsed_time': 73.8526246547699}
2021-10-06 14:51:33,525 {'epoch': 62, 'lr': 0.0007896275997614226, 'train_loss': 0.0015891636144727804, 'mae': 0.3059327, 'elapsed_time': 73.81503367424011}
2021-10-06 14:52:47,211 {'epoch': 63, 'lr': 0.0007832312720368044, 'train_loss': 0.0015120961386747437, 'mae': 0.28840685, 'elapsed_time': 73.68611025810242}
2021-10-06 14:54:00,946 {'epoch': 64, 'lr': 0.0007767662949090749, 'train_loss': 0.0015785197007134706, 'mae': 0.2521173, 'elapsed_time': 73.73398351669312}
2021-10-06 14:55:14,643 {'epoch': 65, 'lr': 0.000770234263514603, 'train_loss': 0.0015188330136402463, 'mae': 0.27255237, 'elapsed_time': 73.69644355773926}
2021-10-06 14:56:28,133 {'epoch': 66, 'lr': 0.0007636367895343944, 'train_loss': 0.0014755029712709233, 'mae': 0.24953693, 'elapsed_time': 73.48956346511841}
2021-10-06 14:57:41,949 {'epoch': 67, 'lr': 0.0007569755007964335, 'train_loss': 0.0014942225545269516, 'mae': 0.24076909, 'elapsed_time': 73.36341571807861}
2021-10-06 14:58:55,885 {'epoch': 68, 'lr': 0.0007502520408740415, 'train_loss': 0.0016239598457626827, 'mae': 0.26661357, 'elapsed_time': 73.48787903785706}
2021-10-06 15:00:09,527 {'epoch': 69, 'lr': 0.0007434680686803488, 'train_loss': 0.001538001721252109, 'mae': 0.2623942, 'elapsed_time': 73.64160799980164}
2021-10-06 15:01:23,336 {'epoch': 70, 'lr': 0.0007366252580589837, 'train_loss': 0.0014445475300785087, 'mae': 0.246502, 'elapsed_time': 73.80802345275879}
2021-10-06 15:02:36,870 {'epoch': 71, 'lr': 0.0007297252973710754, 'train_loss': 0.0014598005248210224, 'mae': 0.25052008, 'elapsed_time': 73.53428483009338}
2021-10-06 15:03:50,333 {'epoch': 72, 'lr': 0.0007227698890786777, 'train_loss': 0.0018878228982171135, 'mae': 0.27856305, 'elapsed_time': 73.46169185638428}
2021-10-06 15:05:03,993 {'epoch': 73, 'lr': 0.0007157607493247108, 'train_loss': 0.0015291958551105875, 'mae': 0.24439637, 'elapsed_time': 73.6600112915039}
2021-10-06 15:06:17,725 {'epoch': 74, 'lr': 0.0007086996075095287, 'train_loss': 0.0014356863328840181, 'mae': 0.23847021, 'elapsed_time': 73.7311327457428}
2021-10-06 15:07:31,707 {'epoch': 75, 'lr': 0.0007015882058642161, 'train_loss': 0.0013703984745967617, 'mae': 0.228042, 'elapsed_time': 73.53154516220093}
2021-10-06 15:08:45,797 {'epoch': 76, 'lr': 0.0006944282990207193, 'train_loss': 0.0013136432357403994, 'mae': 0.22441164, 'elapsed_time': 73.64673948287964}
2021-10-06 15:09:59,805 {'epoch': 77, 'lr': 0.0006872216535789155, 'train_loss': 0.0012780838297288728, 'mae': 0.22545639, 'elapsed_time': 73.5570387840271}
2021-10-06 15:11:13,207 {'epoch': 78, 'lr': 0.0006799700476707321, 'train_loss': 0.001359235019607604, 'mae': 0.23469411, 'elapsed_time': 73.4014322757721}
2021-10-06 15:12:26,383 {'epoch': 79, 'lr': 0.0006726752705214191, 'train_loss': 0.0012824593875939835, 'mae': 0.22328675, 'elapsed_time': 73.176349401474}
2021-10-06 15:13:39,987 {'epoch': 80, 'lr': 0.0006653391220080838, 'train_loss': 0.0013077344898457873, 'mae': 0.23089948, 'elapsed_time': 73.10067772865295}
2021-10-06 15:14:53,296 {'epoch': 81, 'lr': 0.0006579634122155988, 'train_loss': 0.0012268975126508296, 'mae': 0.26196188, 'elapsed_time': 73.30868291854858}
2021-10-06 15:16:06,185 {'epoch': 82, 'lr': 0.0006505499609899903, 'train_loss': 0.0012934785850983017, 'mae': 0.24591494, 'elapsed_time': 72.8879542350769}
2021-10-06 15:17:19,282 {'epoch': 83, 'lr': 0.0006431005974894184, 'train_loss': 0.0012456047166610413, 'mae': 0.21278584, 'elapsed_time': 73.09690546989441}
2021-10-06 15:18:32,782 {'epoch': 84, 'lr': 0.0006356171597328593, 'train_loss': 0.0011651477099422828, 'mae': 0.2116397, 'elapsed_time': 73.0279598236084}
2021-10-06 15:19:46,067 {'epoch': 85, 'lr': 0.0006281014941466028, 'train_loss': 0.0012756570383679242, 'mae': 0.24720292, 'elapsed_time': 72.81003856658936}
2021-10-06 15:20:59,044 {'epoch': 86, 'lr': 0.000620555455108673, 'train_loss': 0.0011628216664529621, 'mae': 0.21719082, 'elapsed_time': 72.97673082351685}
2021-10-06 15:22:12,195 {'epoch': 87, 'lr': 0.0006129809044912885, 'train_loss': 0.0015832696011261564, 'mae': 0.3140343, 'elapsed_time': 73.1506404876709}
2021-10-06 15:23:25,318 {'epoch': 88, 'lr': 0.0006053797112014735, 'train_loss': 0.0013516988284327954, 'mae': 0.2213989, 'elapsed_time': 73.12189483642578}
2021-10-06 15:24:38,460 {'epoch': 89, 'lr': 0.0005977537507199336, 'train_loss': 0.0011444958152756776, 'mae': 0.21061873, 'elapsed_time': 73.14158320426941}
2021-10-06 15:25:52,197 {'epoch': 90, 'lr': 0.0005901049046383074, 'train_loss': 0.0010658765706678666, 'mae': 0.20696244, 'elapsed_time': 73.2871446609497}
2021-10-06 15:27:06,293 {'epoch': 91, 'lr': 0.0005824350601949141, 'train_loss': 0.0010554708162726276, 'mae': 0.21026123, 'elapsed_time': 73.64909720420837}
2021-10-06 15:28:19,489 {'epoch': 92, 'lr': 0.0005747461098091033, 'train_loss': 0.0012023737576325418, 'mae': 0.22315781, 'elapsed_time': 73.19607734680176}
2021-10-06 15:29:33,102 {'epoch': 93, 'lr': 0.0005670399506143305, 'train_loss': 0.0011052049215046122, 'mae': 0.20818283, 'elapsed_time': 73.61191415786743}
2021-10-06 15:30:47,061 {'epoch': 94, 'lr': 0.0005593184839900673, 'train_loss': 0.0010810130638069788, 'mae': 0.20293848, 'elapsed_time': 73.95951175689697}
2021-10-06 15:32:01,143 {'epoch': 95, 'lr': 0.0005515836150926644, 'train_loss': 0.0010592123310867328, 'mae': 0.20754945, 'elapsed_time': 73.63074827194214}
2021-10-06 15:33:14,250 {'epoch': 96, 'lr': 0.0005438372523852832, 'train_loss': 0.0010644565931983623, 'mae': 0.20563065, 'elapsed_time': 73.10682725906372}
2021-10-06 15:34:27,666 {'epoch': 97, 'lr': 0.00053608130716701, 'train_loss': 0.0009761685670913253, 'mae': 0.20332211, 'elapsed_time': 73.41595077514648}
2021-10-06 15:35:41,075 {'epoch': 98, 'lr': 0.0005283176931012729, 'train_loss': 0.0010047319812380455, 'mae': 0.21278287, 'elapsed_time': 73.40853476524353}
2021-10-06 15:36:54,813 {'epoch': 99, 'lr': 0.0005205483257436734, 'train_loss': 0.0009421712601022898, 'mae': 0.19836393, 'elapsed_time': 73.73701691627502}
2021-10-06 15:38:08,956 {'epoch': 100, 'lr': 0.0005127751220693511, 'train_loss': 0.0009316714761952756, 'mae': 0.19825748, 'elapsed_time': 73.70263624191284}
2021-10-06 15:39:22,978 {'epoch': 101, 'lr': 0.0005049999999999998, 'train_loss': 0.00101045512398637, 'mae': 0.2013291, 'elapsed_time': 73.58153700828552}
2021-10-06 15:40:36,497 {'epoch': 102, 'lr': 0.0004972248779306486, 'train_loss': 0.0009270358160434376, 'mae': 0.19378264, 'elapsed_time': 73.51904010772705}
2021-10-06 15:41:50,606 {'epoch': 103, 'lr': 0.0004894516742563262, 'train_loss': 0.0010123371438544818, 'mae': 0.19602147, 'elapsed_time': 73.6418867111206}
2021-10-06 15:43:04,208 {'epoch': 104, 'lr': 0.00048168230689872663, 'train_loss': 0.0009671959233568392, 'mae': 0.1997481, 'elapsed_time': 73.60161137580872}
2021-10-06 15:44:17,738 {'epoch': 105, 'lr': 0.0004739186928329896, 'train_loss': 0.0008936558576699438, 'mae': 0.19170597, 'elapsed_time': 73.52985286712646}
2021-10-06 15:45:31,610 {'epoch': 106, 'lr': 0.00046616274761471655, 'train_loss': 0.0009279638451059343, 'mae': 0.20931603, 'elapsed_time': 73.35551333427429}
2021-10-06 15:46:45,246 {'epoch': 107, 'lr': 0.0004584163849073352, 'train_loss': 0.000899067570222696, 'mae': 0.1915531, 'elapsed_time': 73.63559341430664}
2021-10-06 15:47:58,976 {'epoch': 108, 'lr': 0.0004506815160099324, 'train_loss': 0.0009322327306781722, 'mae': 0.28676292, 'elapsed_time': 73.28211688995361}
2021-10-06 15:49:12,444 {'epoch': 109, 'lr': 0.0004429600493856693, 'train_loss': 0.0010059088916623332, 'mae': 0.19412279, 'elapsed_time': 73.46738815307617}
2021-10-06 15:50:25,896 {'epoch': 110, 'lr': 0.00043525389019089656, 'train_loss': 0.0008233191536812296, 'mae': 0.19074398, 'elapsed_time': 73.45155787467957}
2021-10-06 15:51:39,923 {'epoch': 111, 'lr': 0.0004275649398050856, 'train_loss': 0.000796334731847423, 'mae': 0.18642516, 'elapsed_time': 73.56862998008728}
2021-10-06 15:52:53,521 {'epoch': 112, 'lr': 0.0004198950953616921, 'train_loss': 0.0007764544682373584, 'mae': 0.18743132, 'elapsed_time': 73.13787031173706}
2021-10-06 15:54:06,644 {'epoch': 113, 'lr': 0.0004122462492800662, 'train_loss': 0.0007767961568503367, 'mae': 0.18727121, 'elapsed_time': 73.12276530265808}
2021-10-06 15:55:20,116 {'epoch': 114, 'lr': 0.0004046202887985263, 'train_loss': 0.0007834563397162398, 'mae': 0.21242204, 'elapsed_time': 73.47170400619507}
2021-10-06 15:56:33,559 {'epoch': 115, 'lr': 0.0003970190955087115, 'train_loss': 0.0007899386879868899, 'mae': 0.1870517, 'elapsed_time': 73.44288897514343}
2021-10-06 15:57:46,698 {'epoch': 116, 'lr': 0.0003894445448913267, 'train_loss': 0.0007568916584864367, 'mae': 0.18469906, 'elapsed_time': 73.1378345489502}
2021-10-06 15:59:00,229 {'epoch': 117, 'lr': 0.00038189850585339675, 'train_loss': 0.0007680947288149947, 'mae': 0.18626036, 'elapsed_time': 73.07696413993835}
2021-10-06 16:00:12,877 {'epoch': 118, 'lr': 0.0003743828402671403, 'train_loss': 0.000742780141818792, 'mae': 0.18446314, 'elapsed_time': 72.64784026145935}
2021-10-06 16:01:25,987 {'epoch': 119, 'lr': 0.0003668994025105814, 'train_loss': 0.0007257933595703484, 'mae': 0.18264075, 'elapsed_time': 72.63076090812683}
2021-10-06 16:02:39,094 {'epoch': 120, 'lr': 0.00035945003901000945, 'train_loss': 0.0007429420470332293, 'mae': 0.18559039, 'elapsed_time': 72.63747787475586}
2021-10-06 16:03:51,729 {'epoch': 121, 'lr': 0.00035203658778440103, 'train_loss': 0.0007207522258863613, 'mae': 0.18577063, 'elapsed_time': 72.63476252555847}
2021-10-06 16:05:04,329 {'epoch': 122, 'lr': 0.0003446608779919159, 'train_loss': 0.0007079485166914183, 'mae': 0.18531087, 'elapsed_time': 72.59993648529053}
2021-10-06 16:06:16,948 {'epoch': 123, 'lr': 0.00033732472947858063, 'train_loss': 0.0006973586579065121, 'mae': 0.18330434, 'elapsed_time': 72.61816835403442}
2021-10-06 16:07:29,485 {'epoch': 124, 'lr': 0.00033002995232926766, 'train_loss': 0.000685681910868154, 'mae': 0.18041822, 'elapsed_time': 72.5361852645874}
2021-10-06 16:08:42,437 {'epoch': 125, 'lr': 0.0003227783464210844, 'train_loss': 0.0006792103179228708, 'mae': 0.18283059, 'elapsed_time': 72.50509452819824}
2021-10-06 16:09:55,170 {'epoch': 126, 'lr': 0.00031557170097928054, 'train_loss': 0.0006722181103506414, 'mae': 0.1797511, 'elapsed_time': 72.73254632949829}
2021-10-06 16:11:08,859 {'epoch': 127, 'lr': 0.0003084117941357834, 'train_loss': 0.0006620363497117879, 'mae': 0.18076517, 'elapsed_time': 73.22935247421265}
2021-10-06 16:12:22,081 {'epoch': 128, 'lr': 0.00030130039249047106, 'train_loss': 0.0006408160746176563, 'mae': 0.18153432, 'elapsed_time': 73.22103309631348}
2021-10-06 16:13:35,689 {'epoch': 129, 'lr': 0.00029423925067528897, 'train_loss': 0.0006380569225583273, 'mae': 0.179754, 'elapsed_time': 73.60806488990784}
2021-10-06 16:14:49,504 {'epoch': 130, 'lr': 0.0002872301109213219, 'train_loss': 0.0006270291773766536, 'mae': 0.18367285, 'elapsed_time': 73.81440615653992}
2021-10-06 16:16:03,224 {'epoch': 131, 'lr': 0.0002802747026289243, 'train_loss': 0.0006204983098537342, 'mae': 0.18037736, 'elapsed_time': 73.71959805488586}
2021-10-06 16:17:15,844 {'epoch': 132, 'lr': 0.00027337474194101617, 'train_loss': 0.0006088498541610062, 'mae': 0.17842157, 'elapsed_time': 72.61952376365662}
2021-10-06 16:18:29,826 {'epoch': 133, 'lr': 0.00026653193131965077, 'train_loss': 0.0006104150911048795, 'mae': 0.1840596, 'elapsed_time': 73.51597690582275}
2021-10-06 16:19:43,583 {'epoch': 134, 'lr': 0.00025974795912595813, 'train_loss': 0.0006076715896467723, 'mae': 0.17772894, 'elapsed_time': 73.7568793296814}
2021-10-06 16:20:56,959 {'epoch': 135, 'lr': 0.0002530244992035661, 'train_loss': 0.0005879508091952724, 'mae': 0.17855264, 'elapsed_time': 72.8717348575592}
2021-10-06 16:22:10,000 {'epoch': 136, 'lr': 0.00024636321046560527, 'train_loss': 0.0005788837152183293, 'mae': 0.17846322, 'elapsed_time': 73.04083061218262}
2021-10-06 16:23:23,155 {'epoch': 137, 'lr': 0.00023976573648539645, 'train_loss': 0.0005728928997465875, 'mae': 0.17839335, 'elapsed_time': 73.15422010421753}
2021-10-06 16:24:36,438 {'epoch': 138, 'lr': 0.00023323370509092462, 'train_loss': 0.0005653364753574034, 'mae': 0.17666589, 'elapsed_time': 73.28259062767029}
2021-10-06 16:25:49,947 {'epoch': 139, 'lr': 0.00022676872796319523, 'train_loss': 0.000560172786411562, 'mae': 0.17643347, 'elapsed_time': 73.05631494522095}
2021-10-06 16:27:03,514 {'epoch': 140, 'lr': 0.00022037240023857702, 'train_loss': 0.000547116418906677, 'mae': 0.17572272, 'elapsed_time': 73.12241125106812}
2021-10-06 16:28:17,082 {'epoch': 141, 'lr': 0.00021404630011522577, 'train_loss': 0.0005423458136316954, 'mae': 0.17943381, 'elapsed_time': 73.0931351184845}
2021-10-06 16:29:30,557 {'epoch': 142, 'lr': 0.00020779198846368737, 'train_loss': 0.000533132801033591, 'mae': 0.1751466, 'elapsed_time': 73.47423839569092}
2021-10-06 16:30:44,587 {'epoch': 143, 'lr': 0.0002016110084417765, 'train_loss': 0.0005299081690757578, 'mae': 0.17480457, 'elapsed_time': 73.5690484046936}
2021-10-06 16:31:58,316 {'epoch': 144, 'lr': 0.00019550488511382584, 'train_loss': 0.0005208166471063458, 'mae': 0.17683488, 'elapsed_time': 73.23959565162659}
2021-10-06 16:33:12,001 {'epoch': 145, 'lr': 0.00018947512507439847, 'train_loss': 0.0005163221989713259, 'mae': 0.17577389, 'elapsed_time': 73.68363499641418}
2021-10-06 16:34:25,639 {'epoch': 146, 'lr': 0.00018352321607655904, 'train_loss': 0.0005054000269490769, 'mae': 0.17401421, 'elapsed_time': 73.63737607002258}
2021-10-06 16:35:39,778 {'epoch': 147, 'lr': 0.0001776506266647923, 'train_loss': 0.0005004508897904097, 'mae': 0.17442174, 'elapsed_time': 73.69247770309448}
2021-10-06 16:36:53,382 {'epoch': 148, 'lr': 0.00017185880581266206, 'train_loss': 0.000492873204522689, 'mae': 0.1732171, 'elapsed_time': 73.60325312614441}
2021-10-06 16:38:07,220 {'epoch': 149, 'lr': 0.000166149182565299, 'train_loss': 0.0004848445089863498, 'mae': 0.17324477, 'elapsed_time': 73.33779096603394}
2021-10-06 16:39:20,766 {'epoch': 150, 'lr': 0.00016052316568680435, 'train_loss': 0.00047914686207298495, 'mae': 0.1733521, 'elapsed_time': 73.54536771774292}
2021-10-06 16:40:34,287 {'epoch': 151, 'lr': 0.00015498214331265893, 'train_loss': 0.0004744584933836741, 'mae': 0.17315938, 'elapsed_time': 73.5203115940094}
2021-10-06 16:41:48,320 {'epoch': 152, 'lr': 0.0001495274826072215, 'train_loss': 0.00046910725384605016, 'mae': 0.17374426, 'elapsed_time': 73.54286885261536}
2021-10-06 16:43:01,392 {'epoch': 153, 'lr': 0.00014416052942640132, 'train_loss': 0.0004618512861544206, 'mae': 0.17348029, 'elapsed_time': 73.07135128974915}
2021-10-06 16:44:14,666 {'epoch': 154, 'lr': 0.0001388826079855881, 'train_loss': 0.00045583098694790746, 'mae': 0.17344408, 'elapsed_time': 73.27347373962402}
2021-10-06 16:45:27,770 {'epoch': 155, 'lr': 0.00013369502053292245, 'train_loss': 0.00045452214705876914, 'mae': 0.17262413, 'elapsed_time': 73.10367155075073}
2021-10-06 16:46:41,088 {'epoch': 156, 'lr': 0.00012859904702798464, 'train_loss': 0.00044571580149287653, 'mae': 0.17281923, 'elapsed_time': 72.82587337493896}
2021-10-06 16:47:54,157 {'epoch': 157, 'lr': 0.00012359594482598432, 'train_loss': 0.00044294621312782176, 'mae': 0.17208928, 'elapsed_time': 73.06931519508362}
2021-10-06 16:49:08,152 {'epoch': 158, 'lr': 0.00011868694836752681, 'train_loss': 0.000433315340407326, 'mae': 0.17244092, 'elapsed_time': 73.53032350540161}
2021-10-06 16:50:21,330 {'epoch': 159, 'lr': 0.0001138732688740332, 'train_loss': 0.0004254625182576611, 'mae': 0.17214516, 'elapsed_time': 73.1775906085968}
2021-10-06 16:51:34,356 {'epoch': 160, 'lr': 0.00010915609404889012, 'train_loss': 0.00042254342552523803, 'mae': 0.17216045, 'elapsed_time': 73.0256495475769}
2021-10-06 16:52:47,884 {'epoch': 161, 'lr': 0.00010453658778440103, 'train_loss': 0.000418587748919144, 'mae': 0.17135, 'elapsed_time': 73.52794075012207}
2021-10-06 16:54:01,539 {'epoch': 162, 'lr': 0.00010001588987461343, 'train_loss': 0.0004143945433969645, 'mae': 0.17118, 'elapsed_time': 73.17546796798706}
2021-10-06 16:55:15,085 {'epoch': 163, 'lr': 9.559511573409192e-05, 'train_loss': 0.00041049301656391387, 'mae': 0.17154776, 'elapsed_time': 73.1062490940094}
2021-10-06 16:56:28,437 {'epoch': 164, 'lr': 9.12753561227063e-05, 'train_loss': 0.0004049429545306148, 'mae': 0.1717291, 'elapsed_time': 73.3510115146637}
2021-10-06 16:57:41,342 {'epoch': 165, 'lr': 8.705767687650262e-05, 'train_loss': 0.00039993060081259076, 'mae': 0.17093799, 'elapsed_time': 72.90475630760193}
2021-10-06 16:58:54,122 {'epoch': 166, 'lr': 8.294311864472445e-05, 'train_loss': 0.0003957343370467918, 'mae': 0.17094466, 'elapsed_time': 72.30053234100342}
2021-10-06 17:00:06,675 {'epoch': 167, 'lr': 7.89326966330478e-05, 'train_loss': 0.00039196388433070827, 'mae': 0.17067584, 'elapsed_time': 72.55236291885376}
2021-10-06 17:01:19,776 {'epoch': 168, 'lr': 7.502740035309526e-05, 'train_loss': 0.00038754283712844805, 'mae': 0.1709807, 'elapsed_time': 72.61281061172485}
2021-10-06 17:02:32,534 {'epoch': 169, 'lr': 7.12281933782875e-05, 'train_loss': 0.0003831750776241006, 'mae': 0.17090222, 'elapsed_time': 72.75760126113892}
2021-10-06 17:03:45,625 {'epoch': 170, 'lr': 6.75360131060967e-05, 'train_loss': 0.0003796715062232583, 'mae': 0.17075852, 'elapsed_time': 73.090580701828}
2021-10-06 17:04:58,309 {'epoch': 171, 'lr': 6.395177052675792e-05, 'train_loss': 0.0003747388158262645, 'mae': 0.17120583, 'elapsed_time': 72.68412566184998}
2021-10-06 17:06:11,159 {'epoch': 172, 'lr': 6.047634999849528e-05, 'train_loss': 0.0003720068575220641, 'mae': 0.17056571, 'elapsed_time': 72.84947872161865}
2021-10-06 17:07:24,519 {'epoch': 173, 'lr': 5.711060902932039e-05, 'train_loss': 0.0003671954589605213, 'mae': 0.1705182, 'elapsed_time': 72.87056636810303}
2021-10-06 17:08:38,077 {'epoch': 174, 'lr': 5.385537806545467e-05, 'train_loss': 0.00036576734300310283, 'mae': 0.17090787, 'elapsed_time': 73.08470177650452}
2021-10-06 17:09:51,943 {'epoch': 175, 'lr': 5.0711460286429424e-05, 'train_loss': 0.0003624217170602324, 'mae': 0.17112242, 'elapsed_time': 73.86494898796082}
2021-10-06 17:11:05,578 {'epoch': 176, 'lr': 4.767963140691315e-05, 'train_loss': 0.00035820895524521474, 'mae': 0.17077276, 'elapsed_time': 73.634521484375}
2021-10-06 17:12:18,707 {'epoch': 177, 'lr': 4.4760639485315563e-05, 'train_loss': 0.00035658040521524456, 'mae': 0.17052074, 'elapsed_time': 73.12920308113098}
2021-10-06 17:13:31,735 {'epoch': 178, 'lr': 4.195520473921563e-05, 'train_loss': 0.00035346335403724883, 'mae': 0.17113589, 'elapsed_time': 73.02710795402527}
2021-10-06 17:14:44,824 {'epoch': 179, 'lr': 3.9264019367658385e-05, 'train_loss': 0.00035064581360709913, 'mae': 0.17088705, 'elapsed_time': 73.08884167671204}
2021-10-06 17:15:57,911 {'epoch': 180, 'lr': 3.6687747380365064e-05, 'train_loss': 0.0003485418455595011, 'mae': 0.17069973, 'elapsed_time': 73.0870008468628}
2021-10-06 17:17:11,031 {'epoch': 181, 'lr': 3.422702443389899e-05, 'train_loss': 0.00034595276287715507, 'mae': 0.17048095, 'elapsed_time': 73.11931943893433}
2021-10-06 17:18:24,559 {'epoch': 182, 'lr': 3.188245767482658e-05, 'train_loss': 0.0003435413759248671, 'mae': 0.17071486, 'elapsed_time': 73.03717374801636}
2021-10-06 17:19:37,835 {'epoch': 183, 'lr': 2.965462558991323e-05, 'train_loss': 0.0003413735213087757, 'mae': 0.17079556, 'elapsed_time': 73.2750506401062}
2021-10-06 17:20:50,950 {'epoch': 184, 'lr': 2.7544077863390004e-05, 'train_loss': 0.00033935302938843816, 'mae': 0.17060602, 'elapsed_time': 73.11455154418945}
2021-10-06 17:22:04,452 {'epoch': 185, 'lr': 2.5551335241327672e-05, 'train_loss': 0.00033748671758088, 'mae': 0.17062819, 'elapsed_time': 73.50153112411499}
2021-10-06 17:23:17,359 {'epoch': 186, 'lr': 2.367688940315011e-05, 'train_loss': 0.00033528069731630656, 'mae': 0.17052944, 'elapsed_time': 72.90645456314087}
2021-10-06 17:24:30,797 {'epoch': 187, 'lr': 2.1921202840320077e-05, 'train_loss': 0.00033406397849913854, 'mae': 0.17071103, 'elapsed_time': 73.43784689903259}
2021-10-06 17:25:43,926 {'epoch': 188, 'lr': 2.0284708742225903e-05, 'train_loss': 0.0003320950352524471, 'mae': 0.17082687, 'elapsed_time': 73.12826299667358}
2021-10-06 17:26:57,253 {'epoch': 189, 'lr': 1.8767810889299086e-05, 'train_loss': 0.0003306090935442604, 'mae': 0.170769, 'elapsed_time': 73.32689499855042}
2021-10-06 17:28:10,562 {'epoch': 190, 'lr': 1.7370883553386936e-05, 'train_loss': 0.00032959161727455293, 'mae': 0.1705239, 'elapsed_time': 73.30846977233887}
2021-10-06 17:29:24,009 {'epoch': 191, 'lr': 1.6094271405406862e-05, 'train_loss': 0.0003281923825003952, 'mae': 0.17077947, 'elapsed_time': 73.44685316085815}
2021-10-06 17:30:36,897 {'epoch': 192, 'lr': 1.4938289430304022e-05, 'train_loss': 0.00032701144578778406, 'mae': 0.17054808, 'elapsed_time': 72.88672971725464}
2021-10-06 17:31:49,568 {'epoch': 193, 'lr': 1.3903222849333509e-05, 'train_loss': 0.00032608961727225756, 'mae': 0.1706536, 'elapsed_time': 72.67048573493958}
2021-10-06 17:33:02,685 {'epoch': 194, 'lr': 1.2989327049686102e-05, 'train_loss': 0.0003249491419892504, 'mae': 0.17071122, 'elapsed_time': 73.11699557304382}
2021-10-06 17:34:15,754 {'epoch': 195, 'lr': 1.2196827521475404e-05, 'train_loss': 0.0003240444170986287, 'mae': 0.17073973, 'elapsed_time': 73.06876945495605}
2021-10-06 17:35:28,520 {'epoch': 196, 'lr': 1.152591980210166e-05, 'train_loss': 0.00032327159118423246, 'mae': 0.17069325, 'elapsed_time': 72.7653067111969}
2021-10-06 17:36:41,295 {'epoch': 197, 'lr': 1.097676942800558e-05, 'train_loss': 0.0003228939791327877, 'mae': 0.17075631, 'elapsed_time': 72.77480292320251}
2021-10-06 17:37:54,216 {'epoch': 198, 'lr': 1.0549511893824899e-05, 'train_loss': 0.00032173928473270674, 'mae': 0.17065197, 'elapsed_time': 72.9205756187439}
2021-10-06 17:39:07,088 {'epoch': 199, 'lr': 1.0244252618962858e-05, 'train_loss': 0.00032138658836829576, 'mae': 0.1708825, 'elapsed_time': 72.87113523483276}
2021-10-06 17:40:20,014 {'epoch': 200, 'lr': 1.006106692157801e-05, 'train_loss': 0.0003207617512156704, 'mae': 0.17074728, 'elapsed_time': 72.92609095573425}
2021-10-06 17:40:59,455 Total CV: 0.17048095166683197
