2021-10-05 20:43:25,047 Fold 0
2021-10-05 20:43:28,649 train run device : cuda:0
2021-10-05 20:45:03,073 {'epoch': 1, 'lr': 0.001, 'train_loss': 0.017177381488445817, 'mae': 1.4352429, 'elapsed_time': 74.67133092880249}
2021-10-05 20:46:18,256 {'epoch': 2, 'lr': 0.000999938933078422, 'train_loss': 0.0059036582333114145, 'mae': 1.0498207, 'elapsed_time': 74.75163292884827}
2021-10-05 20:47:33,721 {'epoch': 3, 'lr': 0.000999755747381037, 'train_loss': 0.005045735611869769, 'mae': 1.0169784, 'elapsed_time': 75.00732851028442}
2021-10-05 20:48:49,061 {'epoch': 4, 'lr': 0.000999450488106175, 'train_loss': 0.004517383572773241, 'mae': 0.79693437, 'elapsed_time': 74.88608622550964}
2021-10-05 20:50:04,403 {'epoch': 5, 'lr': 0.0009990232305719944, 'train_loss': 0.0041135493475842584, 'mae': 0.7776123, 'elapsed_time': 74.89001536369324}
2021-10-05 20:51:20,417 {'epoch': 6, 'lr': 0.0009984740801978983, 'train_loss': 0.0038950749990796316, 'mae': 0.73788565, 'elapsed_time': 75.56064701080322}
2021-10-05 20:52:36,051 {'epoch': 7, 'lr': 0.0009978031724785245, 'train_loss': 0.003602620784496929, 'mae': 0.63170207, 'elapsed_time': 75.18277931213379}
2021-10-05 20:53:51,607 {'epoch': 8, 'lr': 0.000997010672950314, 'train_loss': 0.0034649241426830024, 'mae': 0.65652096, 'elapsed_time': 75.10450410842896}
2021-10-05 20:55:06,818 {'epoch': 9, 'lr': 0.0009960967771506664, 'train_loss': 0.003362931250400145, 'mae': 0.7040471, 'elapsed_time': 75.2103488445282}
2021-10-05 20:56:22,064 {'epoch': 10, 'lr': 0.0009950617105696957, 'train_loss': 0.003282743044607366, 'mae': 0.570748, 'elapsed_time': 75.24572706222534}
2021-10-05 20:57:37,546 {'epoch': 11, 'lr': 0.0009939057285945929, 'train_loss': 0.0031227625338663086, 'mae': 0.6321445, 'elapsed_time': 75.04149317741394}
2021-10-05 20:58:52,619 {'epoch': 12, 'lr': 0.0009926291164466126, 'train_loss': 0.003122310735892586, 'mae': 0.6079446, 'elapsed_time': 75.07249546051025}
2021-10-05 21:00:08,050 {'epoch': 13, 'lr': 0.0009912321891107005, 'train_loss': 0.003463509622060202, 'mae': 0.6456547, 'elapsed_time': 75.43091559410095}
2021-10-05 21:01:23,471 {'epoch': 14, 'lr': 0.0009897152912577737, 'train_loss': 0.0030987083146594234, 'mae': 0.506549, 'elapsed_time': 75.4199469089508}
2021-10-05 21:02:39,130 {'epoch': 15, 'lr': 0.0009880787971596797, 'train_loss': 0.003074522457172572, 'mae': 0.48125347, 'elapsed_time': 75.19760203361511}
2021-10-05 21:03:55,136 {'epoch': 16, 'lr': 0.0009863231105968495, 'train_loss': 0.0029644108059550056, 'mae': 0.45771763, 'elapsed_time': 75.53944563865662}
2021-10-05 21:05:11,161 {'epoch': 17, 'lr': 0.000984448664758672, 'train_loss': 0.003086917316621309, 'mae': 0.5399594, 'elapsed_time': 75.56543946266174}
2021-10-05 21:06:26,787 {'epoch': 18, 'lr': 0.0009824559221366096, 'train_loss': 0.003054277130295853, 'mae': 0.66229147, 'elapsed_time': 75.625985622406}
2021-10-05 21:07:42,169 {'epoch': 19, 'lr': 0.0009803453744100864, 'train_loss': 0.0027740957633875475, 'mae': 0.4472815, 'elapsed_time': 75.38150906562805}
2021-10-05 21:08:57,779 {'epoch': 20, 'lr': 0.0009781175423251728, 'train_loss': 0.002874885945820982, 'mae': 0.47514138, 'elapsed_time': 75.14310121536255}
2021-10-05 21:10:13,325 {'epoch': 21, 'lr': 0.0009757729755661004, 'train_loss': 0.002686557038443384, 'mae': 0.48975995, 'elapsed_time': 75.54557824134827}
2021-10-05 21:11:28,673 {'epoch': 22, 'lr': 0.0009733122526196342, 'train_loss': 0.002665271609527848, 'mae': 0.4106474, 'elapsed_time': 75.3474907875061}
2021-10-05 21:12:44,720 {'epoch': 23, 'lr': 0.000970735980632341, 'train_loss': 0.00258211551161299, 'mae': 0.40576965, 'elapsed_time': 75.5876476764679}
2021-10-05 21:14:00,638 {'epoch': 24, 'lr': 0.0009680447952607838, 'train_loss': 0.002871464328152838, 'mae': 0.41277635, 'elapsed_time': 75.4589638710022}
2021-10-05 21:15:16,581 {'epoch': 25, 'lr': 0.0009652393605146839, 'train_loss': 0.00269980028696294, 'mae': 0.6086735, 'elapsed_time': 75.94193291664124}
2021-10-05 21:16:32,413 {'epoch': 26, 'lr': 0.0009623203685930864, 'train_loss': 0.0027619693070314354, 'mae': 0.4785346, 'elapsed_time': 75.83228397369385}
2021-10-05 21:17:47,904 {'epoch': 27, 'lr': 0.00095928853971357, 'train_loss': 0.0027197351482943087, 'mae': 0.41142306, 'elapsed_time': 75.49003100395203}
2021-10-05 21:19:03,527 {'epoch': 28, 'lr': 0.0009561446219345448, 'train_loss': 0.002438296072525722, 'mae': 0.39863977, 'elapsed_time': 75.62293434143066}
2021-10-05 21:20:19,757 {'epoch': 29, 'lr': 0.0009528893909706791, 'train_loss': 0.0023863180588024825, 'mae': 0.41853926, 'elapsed_time': 75.77334213256836}
2021-10-05 21:21:35,364 {'epoch': 30, 'lr': 0.0009495236500015041, 'train_loss': 0.0030842168593619972, 'mae': 0.6819869, 'elapsed_time': 75.60667181015015}
2021-10-05 21:22:50,872 {'epoch': 31, 'lr': 0.0009460482294732414, 'train_loss': 0.0031213638431351258, 'mae': 0.42295793, 'elapsed_time': 75.50737118721008}
2021-10-05 21:24:06,456 {'epoch': 32, 'lr': 0.0009424639868939027, 'train_loss': 0.0027289704599271474, 'mae': 0.3987301, 'elapsed_time': 75.58398056030273}
2021-10-05 21:25:21,863 {'epoch': 33, 'lr': 0.0009387718066217117, 'train_loss': 0.002551718154950518, 'mae': 0.40546066, 'elapsed_time': 75.40592885017395}
2021-10-05 21:26:37,199 {'epoch': 34, 'lr': 0.000934972599646904, 'train_loss': 0.002423732664073201, 'mae': 0.36814058, 'elapsed_time': 75.33638954162598}
2021-10-05 21:27:53,189 {'epoch': 35, 'lr': 0.0009310673033669515, 'train_loss': 0.0025926544805624533, 'mae': 0.42668882, 'elapsed_time': 75.50609922409058}
2021-10-05 21:29:08,836 {'epoch': 36, 'lr': 0.0009270568813552751, 'train_loss': 0.002375646864759598, 'mae': 0.3464421, 'elapsed_time': 75.64654803276062}
2021-10-05 21:30:24,726 {'epoch': 37, 'lr': 0.0009229423231234969, 'train_loss': 0.002352947630901618, 'mae': 0.37269577, 'elapsed_time': 75.42862439155579}
2021-10-05 21:31:40,256 {'epoch': 38, 'lr': 0.0009187246438772933, 'train_loss': 0.0024402539658676795, 'mae': 0.39489803, 'elapsed_time': 75.52969431877136}
2021-10-05 21:32:56,050 {'epoch': 39, 'lr': 0.0009144048842659075, 'train_loss': 0.002307284758176292, 'mae': 0.4173184, 'elapsed_time': 75.79398155212402}
2021-10-05 21:34:11,829 {'epoch': 40, 'lr': 0.0009099841101253861, 'train_loss': 0.002447258605763089, 'mae': 0.3532493, 'elapsed_time': 75.77795577049255}
2021-10-05 21:35:27,630 {'epoch': 41, 'lr': 0.0009054634122155986, 'train_loss': 0.002226429107500829, 'mae': 0.31691134, 'elapsed_time': 75.80090475082397}
2021-10-05 21:36:43,790 {'epoch': 42, 'lr': 0.0009008439059511095, 'train_loss': 0.002544474130221121, 'mae': 0.34677908, 'elapsed_time': 75.70872139930725}
2021-10-05 21:37:59,125 {'epoch': 43, 'lr': 0.0008961267311259662, 'train_loss': 0.0023942254945349423, 'mae': 0.40956292, 'elapsed_time': 75.3353796005249}
2021-10-05 21:39:14,518 {'epoch': 44, 'lr': 0.0008913130516324728, 'train_loss': 0.0022746796352508605, 'mae': 0.4296344, 'elapsed_time': 75.39256691932678}
2021-10-05 21:40:30,217 {'epoch': 45, 'lr': 0.0008864040551740152, 'train_loss': 0.0021817874190545065, 'mae': 0.32343462, 'elapsed_time': 75.69767689704895}
2021-10-05 21:41:45,785 {'epoch': 46, 'lr': 0.000881400952972015, 'train_loss': 0.0021579613463522346, 'mae': 0.37489113, 'elapsed_time': 75.56804537773132}
2021-10-05 21:43:01,327 {'epoch': 47, 'lr': 0.0008763049794670771, 'train_loss': 0.0025636936328697867, 'mae': 0.39898577, 'elapsed_time': 75.54177784919739}
2021-10-05 21:44:17,103 {'epoch': 48, 'lr': 0.0008711173920144113, 'train_loss': 0.0022398222037859515, 'mae': 0.39917427, 'elapsed_time': 75.77486848831177}
2021-10-05 21:45:32,604 {'epoch': 49, 'lr': 0.0008658394705735983, 'train_loss': 0.002144256705693491, 'mae': 0.331753, 'elapsed_time': 75.50078701972961}
2021-10-05 21:46:48,114 {'epoch': 50, 'lr': 0.0008604725173927781, 'train_loss': 0.002035807757690855, 'mae': 0.4197616, 'elapsed_time': 75.50932550430298}
2021-10-05 21:48:03,714 {'epoch': 51, 'lr': 0.0008550178566873405, 'train_loss': 0.002098366621365762, 'mae': 0.2995349, 'elapsed_time': 75.59946846961975}
2021-10-05 21:49:19,814 {'epoch': 52, 'lr': 0.0008494768343131951, 'train_loss': 0.0020641377372228997, 'mae': 0.30278325, 'elapsed_time': 75.64351415634155}
2021-10-05 21:50:35,437 {'epoch': 53, 'lr': 0.0008438508174347005, 'train_loss': 0.0020508225713446095, 'mae': 0.3287487, 'elapsed_time': 75.62264227867126}
2021-10-05 21:51:51,605 {'epoch': 54, 'lr': 0.0008381411941873374, 'train_loss': 0.0020647875900454992, 'mae': 0.28302217, 'elapsed_time': 76.16775274276733}
2021-10-05 21:53:08,136 {'epoch': 55, 'lr': 0.0008323493733352073, 'train_loss': 0.0020703490507511845, 'mae': 0.2892991, 'elapsed_time': 76.05835604667664}
2021-10-05 21:54:23,995 {'epoch': 56, 'lr': 0.0008264767839234405, 'train_loss': 0.0021086445548543875, 'mae': 0.30323076, 'elapsed_time': 75.8580470085144}
2021-10-05 21:55:40,030 {'epoch': 57, 'lr': 0.000820524874925601, 'train_loss': 0.0018735062130995346, 'mae': 0.31771263, 'elapsed_time': 76.03460192680359}
2021-10-05 21:56:56,088 {'epoch': 58, 'lr': 0.0008144951148861737, 'train_loss': 0.0018941228904417605, 'mae': 0.3557183, 'elapsed_time': 76.05827569961548}
2021-10-05 21:58:12,001 {'epoch': 59, 'lr': 0.0008083889915582231, 'train_loss': 0.0018869598862092333, 'mae': 0.3399707, 'elapsed_time': 75.91191935539246}
2021-10-05 21:59:27,794 {'epoch': 60, 'lr': 0.0008022080115363123, 'train_loss': 0.00187645237954584, 'mae': 0.28314322, 'elapsed_time': 75.79256916046143}
2021-10-05 22:00:43,796 {'epoch': 61, 'lr': 0.0007959536998847739, 'train_loss': 0.0017293258657156828, 'mae': 0.2819468, 'elapsed_time': 76.00187540054321}
2021-10-05 22:01:59,934 {'epoch': 62, 'lr': 0.0007896275997614226, 'train_loss': 0.0018044553823013665, 'mae': 0.26547188, 'elapsed_time': 75.67073369026184}
2021-10-05 22:03:15,953 {'epoch': 63, 'lr': 0.0007832312720368044, 'train_loss': 0.001726198938506735, 'mae': 0.24080433, 'elapsed_time': 75.54286479949951}
2021-10-05 22:04:31,731 {'epoch': 64, 'lr': 0.0007767662949090749, 'train_loss': 0.001735397311503955, 'mae': 0.2943496, 'elapsed_time': 75.30804371833801}
2021-10-05 22:05:47,414 {'epoch': 65, 'lr': 0.000770234263514603, 'train_loss': 0.0019537477626300473, 'mae': 0.29403386, 'elapsed_time': 75.68220949172974}
2021-10-05 22:07:02,934 {'epoch': 66, 'lr': 0.0007636367895343944, 'train_loss': 0.001789179984467799, 'mae': 0.25456983, 'elapsed_time': 75.519784450531}
2021-10-05 22:08:18,290 {'epoch': 67, 'lr': 0.0007569755007964335, 'train_loss': 0.0018863112038042151, 'mae': 0.28123227, 'elapsed_time': 75.35556268692017}
2021-10-05 22:09:33,648 {'epoch': 68, 'lr': 0.0007502520408740415, 'train_loss': 0.0016648437284708338, 'mae': 0.24685055, 'elapsed_time': 75.3576512336731}
2021-10-05 22:10:49,099 {'epoch': 69, 'lr': 0.0007434680686803488, 'train_loss': 0.001680404443794959, 'mae': 0.32080314, 'elapsed_time': 75.45029926300049}
2021-10-05 22:12:04,880 {'epoch': 70, 'lr': 0.0007366252580589837, 'train_loss': 0.0017614580011964239, 'mae': 0.28309497, 'elapsed_time': 75.78118634223938}
2021-10-05 22:13:20,854 {'epoch': 71, 'lr': 0.0007297252973710754, 'train_loss': 0.001595744535307208, 'mae': 0.24018988, 'elapsed_time': 75.97269201278687}
2021-10-05 22:14:36,944 {'epoch': 72, 'lr': 0.0007227698890786777, 'train_loss': 0.0015559002695354584, 'mae': 0.26592493, 'elapsed_time': 75.63293981552124}
2021-10-05 22:15:52,908 {'epoch': 73, 'lr': 0.0007157607493247108, 'train_loss': 0.001746158712871269, 'mae': 0.24763335, 'elapsed_time': 75.96432781219482}
2021-10-05 22:17:08,714 {'epoch': 74, 'lr': 0.0007086996075095287, 'train_loss': 0.0016431888764152627, 'mae': 0.2494164, 'elapsed_time': 75.80538153648376}
2021-10-05 22:18:24,183 {'epoch': 75, 'lr': 0.0007015882058642161, 'train_loss': 0.0016495299722438935, 'mae': 0.23603228, 'elapsed_time': 75.46835017204285}
2021-10-05 22:19:39,847 {'epoch': 76, 'lr': 0.0006944282990207193, 'train_loss': 0.0015497073743460273, 'mae': 0.29681024, 'elapsed_time': 75.20177865028381}
2021-10-05 22:20:54,917 {'epoch': 77, 'lr': 0.0006872216535789155, 'train_loss': 0.001640760956851752, 'mae': 0.28553343, 'elapsed_time': 75.0701584815979}
2021-10-05 22:22:10,531 {'epoch': 78, 'lr': 0.0006799700476707321, 'train_loss': 0.0015925599431225288, 'mae': 0.24633299, 'elapsed_time': 75.61351251602173}
2021-10-05 22:23:25,690 {'epoch': 79, 'lr': 0.0006726752705214191, 'train_loss': 0.0016505876865862536, 'mae': 0.25780126, 'elapsed_time': 75.15829801559448}
2021-10-05 22:24:40,947 {'epoch': 80, 'lr': 0.0006653391220080838, 'train_loss': 0.001964656211993724, 'mae': 0.25884524, 'elapsed_time': 75.25650596618652}
2021-10-05 22:25:56,024 {'epoch': 81, 'lr': 0.0006579634122155988, 'train_loss': 0.0015692314581119754, 'mae': 0.23718543, 'elapsed_time': 75.07635068893433}
2021-10-05 22:27:11,437 {'epoch': 82, 'lr': 0.0006505499609899903, 'train_loss': 0.0015712119090865195, 'mae': 0.31466323, 'elapsed_time': 75.41261219978333}
2021-10-05 22:28:26,725 {'epoch': 83, 'lr': 0.0006431005974894184, 'train_loss': 0.001570217746616674, 'mae': 0.24018659, 'elapsed_time': 75.28807497024536}
2021-10-05 22:29:41,906 {'epoch': 84, 'lr': 0.0006356171597328593, 'train_loss': 0.0013696770409012252, 'mae': 0.21170782, 'elapsed_time': 75.18004202842712}
2021-10-05 22:30:57,475 {'epoch': 85, 'lr': 0.0006281014941466028, 'train_loss': 0.0013843965032208905, 'mae': 0.2294452, 'elapsed_time': 75.12360548973083}
2021-10-05 22:32:12,917 {'epoch': 86, 'lr': 0.000620555455108673, 'train_loss': 0.0014457589981866404, 'mae': 0.21817617, 'elapsed_time': 75.44186902046204}
2021-10-05 22:33:28,490 {'epoch': 87, 'lr': 0.0006129809044912885, 'train_loss': 0.001435402078915701, 'mae': 0.22641924, 'elapsed_time': 75.57264375686646}
2021-10-05 22:34:43,882 {'epoch': 88, 'lr': 0.0006053797112014735, 'train_loss': 0.0013663063873768327, 'mae': 0.21101916, 'elapsed_time': 75.39188241958618}
2021-10-05 22:35:59,787 {'epoch': 89, 'lr': 0.0005977537507199336, 'train_loss': 0.0012998133085574276, 'mae': 0.22865887, 'elapsed_time': 75.44438481330872}
2021-10-05 22:37:15,593 {'epoch': 90, 'lr': 0.0005901049046383074, 'train_loss': 0.0016193010231431862, 'mae': 0.23112364, 'elapsed_time': 75.8054404258728}
2021-10-05 22:38:31,418 {'epoch': 91, 'lr': 0.0005824350601949141, 'train_loss': 0.0014098094493604954, 'mae': 0.21247283, 'elapsed_time': 75.82432293891907}
2021-10-05 22:39:47,042 {'epoch': 92, 'lr': 0.0005747461098091033, 'train_loss': 0.0017072914779245499, 'mae': 0.28494903, 'elapsed_time': 75.62424349784851}
2021-10-05 22:41:02,695 {'epoch': 93, 'lr': 0.0005670399506143305, 'train_loss': 0.0015950863895785974, 'mae': 0.25472623, 'elapsed_time': 75.6517436504364}
2021-10-05 22:42:18,155 {'epoch': 94, 'lr': 0.0005593184839900673, 'train_loss': 0.0013936513293018556, 'mae': 0.21160679, 'elapsed_time': 75.46022057533264}
2021-10-05 22:43:33,765 {'epoch': 95, 'lr': 0.0005515836150926644, 'train_loss': 0.0012798695540520986, 'mae': 0.20882393, 'elapsed_time': 75.6090292930603}
2021-10-05 22:44:49,704 {'epoch': 96, 'lr': 0.0005438372523852832, 'train_loss': 0.0012957154397313922, 'mae': 0.24510568, 'elapsed_time': 75.48681426048279}
2021-10-05 22:46:05,276 {'epoch': 97, 'lr': 0.00053608130716701, 'train_loss': 0.0012390617507085885, 'mae': 0.21148537, 'elapsed_time': 75.5718092918396}
2021-10-05 22:47:20,614 {'epoch': 98, 'lr': 0.0005283176931012729, 'train_loss': 0.001171683278761809, 'mae': 0.2036519, 'elapsed_time': 75.33726239204407}
2021-10-05 22:48:36,756 {'epoch': 99, 'lr': 0.0005205483257436734, 'train_loss': 0.0011966544199139967, 'mae': 0.21051903, 'elapsed_time': 75.67763066291809}
2021-10-05 22:49:52,229 {'epoch': 100, 'lr': 0.0005127751220693511, 'train_loss': 0.001298597966048637, 'mae': 0.20815234, 'elapsed_time': 75.47235250473022}
2021-10-05 22:51:07,580 {'epoch': 101, 'lr': 0.0005049999999999998, 'train_loss': 0.0012542355919196323, 'mae': 0.20119174, 'elapsed_time': 75.35129117965698}
2021-10-05 22:52:23,353 {'epoch': 102, 'lr': 0.0004972248779306486, 'train_loss': 0.0011203860833184304, 'mae': 0.20455456, 'elapsed_time': 75.29763340950012}
2021-10-05 22:53:38,655 {'epoch': 103, 'lr': 0.0004894516742563262, 'train_loss': 0.0011138615408891317, 'mae': 0.2074426, 'elapsed_time': 75.30197310447693}
2021-10-05 22:54:54,102 {'epoch': 104, 'lr': 0.00048168230689872663, 'train_loss': 0.001129639015895314, 'mae': 0.20718315, 'elapsed_time': 75.44589066505432}
2021-10-05 22:56:09,495 {'epoch': 105, 'lr': 0.0004739186928329896, 'train_loss': 0.0011679443183266777, 'mae': 0.20258383, 'elapsed_time': 75.39321422576904}
2021-10-05 22:57:25,471 {'epoch': 106, 'lr': 0.00046616274761471655, 'train_loss': 0.0010929674022467505, 'mae': 0.20441745, 'elapsed_time': 75.97534537315369}
2021-10-05 22:58:40,711 {'epoch': 107, 'lr': 0.0004584163849073352, 'train_loss': 0.0011503016055272146, 'mae': 0.19732164, 'elapsed_time': 75.23919725418091}
2021-10-05 22:59:56,597 {'epoch': 108, 'lr': 0.0004506815160099324, 'train_loss': 0.001064325092919541, 'mae': 0.20145065, 'elapsed_time': 75.43844699859619}
2021-10-05 23:01:11,872 {'epoch': 109, 'lr': 0.0004429600493856693, 'train_loss': 0.0010694052900617845, 'mae': 0.198147, 'elapsed_time': 75.27547931671143}
2021-10-05 23:02:27,189 {'epoch': 110, 'lr': 0.00043525389019089656, 'train_loss': 0.0010880707012029022, 'mae': 0.19784907, 'elapsed_time': 75.31595802307129}
2021-10-05 23:03:42,482 {'epoch': 111, 'lr': 0.0004275649398050856, 'train_loss': 0.0010385814274064431, 'mae': 0.20583236, 'elapsed_time': 75.2931535243988}
2021-10-05 23:04:58,288 {'epoch': 112, 'lr': 0.0004198950953616921, 'train_loss': 0.0010152591034434267, 'mae': 0.1924235, 'elapsed_time': 75.80546379089355}
2021-10-05 23:06:14,006 {'epoch': 113, 'lr': 0.0004122462492800662, 'train_loss': 0.001000942128251885, 'mae': 0.19414103, 'elapsed_time': 75.26526427268982}
2021-10-05 23:07:29,375 {'epoch': 114, 'lr': 0.0004046202887985263, 'train_loss': 0.0009936818297559887, 'mae': 0.19212748, 'elapsed_time': 75.36799359321594}
2021-10-05 23:08:45,013 {'epoch': 115, 'lr': 0.0003970190955087115, 'train_loss': 0.0010235032192607285, 'mae': 0.20310037, 'elapsed_time': 75.15724229812622}
2021-10-05 23:10:00,325 {'epoch': 116, 'lr': 0.0003894445448913267, 'train_loss': 0.0010149876909877308, 'mae': 0.1898957, 'elapsed_time': 75.31160593032837}
2021-10-05 23:11:16,229 {'epoch': 117, 'lr': 0.00038189850585339675, 'train_loss': 0.0009738047742405185, 'mae': 0.1886027, 'elapsed_time': 75.44169068336487}
2021-10-05 23:12:32,253 {'epoch': 118, 'lr': 0.0003743828402671403, 'train_loss': 0.0009635276329624013, 'mae': 0.18893436, 'elapsed_time': 75.54103660583496}
2021-10-05 23:13:47,610 {'epoch': 119, 'lr': 0.0003668994025105814, 'train_loss': 0.0009478947721703152, 'mae': 0.18992642, 'elapsed_time': 75.35580015182495}
2021-10-05 23:15:03,054 {'epoch': 120, 'lr': 0.00035945003901000945, 'train_loss': 0.0009424987753311319, 'mae': 0.18789572, 'elapsed_time': 75.44437885284424}
2021-10-05 23:16:18,819 {'epoch': 121, 'lr': 0.00035203658778440103, 'train_loss': 0.000933422353871616, 'mae': 0.18769938, 'elapsed_time': 75.28172659873962}
2021-10-05 23:17:34,840 {'epoch': 122, 'lr': 0.0003446608779919159, 'train_loss': 0.000917666920783545, 'mae': 0.18828659, 'elapsed_time': 75.54468894004822}
2021-10-05 23:18:49,965 {'epoch': 123, 'lr': 0.00033732472947858063, 'train_loss': 0.0009212689160698293, 'mae': 0.19217193, 'elapsed_time': 75.12414908409119}
2021-10-05 23:20:05,249 {'epoch': 124, 'lr': 0.00033002995232926766, 'train_loss': 0.0009105218765730097, 'mae': 0.1900301, 'elapsed_time': 75.28343462944031}
2021-10-05 23:21:20,596 {'epoch': 125, 'lr': 0.0003227783464210844, 'train_loss': 0.0008991471509652236, 'mae': 0.18830462, 'elapsed_time': 75.3465096950531}
2021-10-05 23:22:36,176 {'epoch': 126, 'lr': 0.00031557170097928054, 'train_loss': 0.0008820545386258856, 'mae': 0.18381764, 'elapsed_time': 75.57971954345703}
2021-10-05 23:23:52,033 {'epoch': 127, 'lr': 0.0003084117941357834, 'train_loss': 0.0008827737596125457, 'mae': 0.18417864, 'elapsed_time': 75.38233375549316}
2021-10-05 23:25:07,397 {'epoch': 128, 'lr': 0.00030130039249047106, 'train_loss': 0.0008710808079316966, 'mae': 0.18344687, 'elapsed_time': 75.36348581314087}
2021-10-05 23:26:23,257 {'epoch': 129, 'lr': 0.00029423925067528897, 'train_loss': 0.0008676369235689786, 'mae': 0.1832747, 'elapsed_time': 75.39581155776978}
2021-10-05 23:27:39,203 {'epoch': 130, 'lr': 0.0002872301109213219, 'train_loss': 0.0008537681311655313, 'mae': 0.18225795, 'elapsed_time': 75.46998596191406}
2021-10-05 23:28:54,935 {'epoch': 131, 'lr': 0.0002802747026289243, 'train_loss': 0.0008452254045702828, 'mae': 0.18343818, 'elapsed_time': 75.27434134483337}
2021-10-05 23:30:10,317 {'epoch': 132, 'lr': 0.00027337474194101617, 'train_loss': 0.0008415613271607082, 'mae': 0.18816021, 'elapsed_time': 75.38122940063477}
2021-10-05 23:31:25,868 {'epoch': 133, 'lr': 0.00026653193131965077, 'train_loss': 0.0008371741717682523, 'mae': 0.18174198, 'elapsed_time': 75.550790309906}
2021-10-05 23:32:41,739 {'epoch': 134, 'lr': 0.00025974795912595813, 'train_loss': 0.0008247514406553635, 'mae': 0.18440175, 'elapsed_time': 75.42099094390869}
2021-10-05 23:33:57,548 {'epoch': 135, 'lr': 0.0002530244992035661, 'train_loss': 0.0008204187614000183, 'mae': 0.18057664, 'elapsed_time': 75.80783271789551}
2021-10-05 23:35:13,773 {'epoch': 136, 'lr': 0.00024636321046560527, 'train_loss': 0.0008123450725530062, 'mae': 0.17984743, 'elapsed_time': 75.76980090141296}
2021-10-05 23:36:29,370 {'epoch': 137, 'lr': 0.00023976573648539645, 'train_loss': 0.0008041536454000246, 'mae': 0.18281226, 'elapsed_time': 75.13096833229065}
2021-10-05 23:37:44,763 {'epoch': 138, 'lr': 0.00023323370509092462, 'train_loss': 0.0007977040861026588, 'mae': 0.18188679, 'elapsed_time': 75.39247369766235}
2021-10-05 23:39:00,175 {'epoch': 139, 'lr': 0.00022676872796319523, 'train_loss': 0.0007879527405427733, 'mae': 0.18029222, 'elapsed_time': 75.41189455986023}
2021-10-05 23:40:15,677 {'epoch': 140, 'lr': 0.00022037240023857702, 'train_loss': 0.00078410251958529, 'mae': 0.18180846, 'elapsed_time': 75.50141739845276}
2021-10-05 23:41:30,991 {'epoch': 141, 'lr': 0.00021404630011522577, 'train_loss': 0.0007755454139619809, 'mae': 0.17985477, 'elapsed_time': 75.31310725212097}
2021-10-05 23:42:46,646 {'epoch': 142, 'lr': 0.00020779198846368737, 'train_loss': 0.0007717366707421755, 'mae': 0.17866418, 'elapsed_time': 75.65530920028687}
2021-10-05 23:44:02,496 {'epoch': 143, 'lr': 0.0002016110084417765, 'train_loss': 0.0007646318984256824, 'mae': 0.17821407, 'elapsed_time': 75.40348839759827}
2021-10-05 23:45:18,547 {'epoch': 144, 'lr': 0.00019550488511382584, 'train_loss': 0.0007616814652999716, 'mae': 0.18700288, 'elapsed_time': 75.58958387374878}
2021-10-05 23:46:34,007 {'epoch': 145, 'lr': 0.00018947512507439847, 'train_loss': 0.0007568674824880085, 'mae': 0.17683928, 'elapsed_time': 75.45999217033386}
2021-10-05 23:47:49,913 {'epoch': 146, 'lr': 0.00018352321607655904, 'train_loss': 0.0007484617431366025, 'mae': 0.17852573, 'elapsed_time': 75.43908190727234}
2021-10-05 23:49:05,741 {'epoch': 147, 'lr': 0.0001776506266647923, 'train_loss': 0.0007394818800166397, 'mae': 0.17997624, 'elapsed_time': 75.82775521278381}
2021-10-05 23:50:21,267 {'epoch': 148, 'lr': 0.00017185880581266206, 'train_loss': 0.0007371960939793811, 'mae': 0.17648327, 'elapsed_time': 75.52546525001526}
2021-10-05 23:51:36,764 {'epoch': 149, 'lr': 0.000166149182565299, 'train_loss': 0.0007293333169233333, 'mae': 0.17643523, 'elapsed_time': 75.03069567680359}
2021-10-05 23:52:52,564 {'epoch': 150, 'lr': 0.00016052316568680435, 'train_loss': 0.000727438112761581, 'mae': 0.17665122, 'elapsed_time': 75.33344554901123}
2021-10-05 23:54:08,096 {'epoch': 151, 'lr': 0.00015498214331265893, 'train_loss': 0.000719171779623997, 'mae': 0.1766839, 'elapsed_time': 75.53222250938416}
2021-10-05 23:55:23,228 {'epoch': 152, 'lr': 0.0001495274826072215, 'train_loss': 0.0007139612786654528, 'mae': 0.17654198, 'elapsed_time': 75.13090705871582}
2021-10-05 23:56:38,509 {'epoch': 153, 'lr': 0.00014416052942640132, 'train_loss': 0.0007095207020176255, 'mae': 0.17629318, 'elapsed_time': 75.28126645088196}
2021-10-05 23:57:54,287 {'epoch': 154, 'lr': 0.0001388826079855881, 'train_loss': 0.000704913480963985, 'mae': 0.17607993, 'elapsed_time': 75.32912158966064}
2021-10-05 23:59:09,928 {'epoch': 155, 'lr': 0.00013369502053292245, 'train_loss': 0.0007011069379860475, 'mae': 0.17519364, 'elapsed_time': 75.19050121307373}
2021-10-06 00:00:25,973 {'epoch': 156, 'lr': 0.00012859904702798464, 'train_loss': 0.0006927915859283637, 'mae': 0.17510061, 'elapsed_time': 75.6050546169281}
2021-10-06 00:01:41,925 {'epoch': 157, 'lr': 0.00012359594482598432, 'train_loss': 0.0006909951129453004, 'mae': 0.17494486, 'elapsed_time': 75.47158241271973}
2021-10-06 00:02:57,981 {'epoch': 158, 'lr': 0.00011868694836752681, 'train_loss': 0.0006863026196511081, 'mae': 0.17538944, 'elapsed_time': 75.60331583023071}
2021-10-06 00:04:13,614 {'epoch': 159, 'lr': 0.0001138732688740332, 'train_loss': 0.000681502191933715, 'mae': 0.17445594, 'elapsed_time': 75.63201713562012}
2021-10-06 00:05:29,730 {'epoch': 160, 'lr': 0.00010915609404889012, 'train_loss': 0.0006789540837415802, 'mae': 0.17452264, 'elapsed_time': 75.65141034126282}
2021-10-06 00:06:45,846 {'epoch': 161, 'lr': 0.00010453658778440103, 'train_loss': 0.0006737865391573106, 'mae': 0.1749805, 'elapsed_time': 76.11574792861938}
2021-10-06 00:08:02,185 {'epoch': 162, 'lr': 0.00010001588987461343, 'train_loss': 0.0006702833270161574, 'mae': 0.17325473, 'elapsed_time': 76.33862519264221}
2021-10-06 00:09:17,874 {'epoch': 163, 'lr': 9.559511573409192e-05, 'train_loss': 0.0006684215190080399, 'mae': 0.17428961, 'elapsed_time': 75.22010540962219}
2021-10-06 00:10:33,486 {'epoch': 164, 'lr': 9.12753561227063e-05, 'train_loss': 0.0006623039982418022, 'mae': 0.17385383, 'elapsed_time': 75.61167883872986}
2021-10-06 00:11:48,883 {'epoch': 165, 'lr': 8.705767687650262e-05, 'train_loss': 0.0006607471389425678, 'mae': 0.1754727, 'elapsed_time': 75.39637112617493}
2021-10-06 00:13:04,391 {'epoch': 166, 'lr': 8.294311864472445e-05, 'train_loss': 0.000655663822579455, 'mae': 0.1736055, 'elapsed_time': 75.50786209106445}
2021-10-06 00:14:19,749 {'epoch': 167, 'lr': 7.89326966330478e-05, 'train_loss': 0.0006523900862222795, 'mae': 0.1743457, 'elapsed_time': 75.35745143890381}
2021-10-06 00:15:35,479 {'epoch': 168, 'lr': 7.502740035309526e-05, 'train_loss': 0.000648758654970851, 'mae': 0.17273037, 'elapsed_time': 75.72933506965637}
2021-10-06 00:16:51,252 {'epoch': 169, 'lr': 7.12281933782875e-05, 'train_loss': 0.0006461345778890522, 'mae': 0.17322841, 'elapsed_time': 75.32077240943909}
2021-10-06 00:18:06,477 {'epoch': 170, 'lr': 6.75360131060967e-05, 'train_loss': 0.0006448029939793767, 'mae': 0.17267062, 'elapsed_time': 75.22428321838379}
2021-10-06 00:19:21,991 {'epoch': 171, 'lr': 6.395177052675792e-05, 'train_loss': 0.0006406058925787213, 'mae': 0.17281634, 'elapsed_time': 75.02689051628113}
2021-10-06 00:20:37,467 {'epoch': 172, 'lr': 6.047634999849528e-05, 'train_loss': 0.0006383280582711189, 'mae': 0.17372032, 'elapsed_time': 75.47587156295776}
2021-10-06 00:21:52,774 {'epoch': 173, 'lr': 5.711060902932039e-05, 'train_loss': 0.0006354771292786317, 'mae': 0.17183985, 'elapsed_time': 75.30572891235352}
2021-10-06 00:23:09,044 {'epoch': 174, 'lr': 5.385537806545467e-05, 'train_loss': 0.0006330984916767591, 'mae': 0.17443876, 'elapsed_time': 75.7993574142456}
2021-10-06 00:24:24,334 {'epoch': 175, 'lr': 5.0711460286429424e-05, 'train_loss': 0.0006306460092672455, 'mae': 0.17295055, 'elapsed_time': 75.28965187072754}
2021-10-06 00:25:39,638 {'epoch': 176, 'lr': 4.767963140691315e-05, 'train_loss': 0.0006260120741297189, 'mae': 0.17200106, 'elapsed_time': 75.30349063873291}
2021-10-06 00:26:54,795 {'epoch': 177, 'lr': 4.4760639485315563e-05, 'train_loss': 0.0006254341286675594, 'mae': 0.17203063, 'elapsed_time': 75.15651845932007}
2021-10-06 00:28:10,599 {'epoch': 178, 'lr': 4.195520473921563e-05, 'train_loss': 0.0006218909126113313, 'mae': 0.17236261, 'elapsed_time': 75.80401849746704}
2021-10-06 00:29:26,197 {'epoch': 179, 'lr': 3.9264019367658385e-05, 'train_loss': 0.0006207623529495428, 'mae': 0.17217016, 'elapsed_time': 75.59726071357727}
2021-10-06 00:30:41,233 {'epoch': 180, 'lr': 3.6687747380365064e-05, 'train_loss': 0.0006182201654755809, 'mae': 0.17278562, 'elapsed_time': 75.03602957725525}
2021-10-06 00:31:56,493 {'epoch': 181, 'lr': 3.422702443389899e-05, 'train_loss': 0.0006181958528338006, 'mae': 0.17201626, 'elapsed_time': 75.25923585891724}
2021-10-06 00:33:11,891 {'epoch': 182, 'lr': 3.188245767482658e-05, 'train_loss': 0.0006156270041064445, 'mae': 0.17262243, 'elapsed_time': 75.3973696231842}
2021-10-06 00:34:27,173 {'epoch': 183, 'lr': 2.965462558991323e-05, 'train_loss': 0.0006136269456132348, 'mae': 0.17203018, 'elapsed_time': 75.28179907798767}
2021-10-06 00:35:42,444 {'epoch': 184, 'lr': 2.7544077863390004e-05, 'train_loss': 0.0006119424115552896, 'mae': 0.17189255, 'elapsed_time': 75.27045321464539}
2021-10-06 00:36:57,798 {'epoch': 185, 'lr': 2.5551335241327672e-05, 'train_loss': 0.0006110179675601033, 'mae': 0.17173763, 'elapsed_time': 75.35357928276062}
2021-10-06 00:38:13,624 {'epoch': 186, 'lr': 2.367688940315011e-05, 'train_loss': 0.00060890313778554, 'mae': 0.17191927, 'elapsed_time': 75.36660265922546}
2021-10-06 00:39:29,110 {'epoch': 187, 'lr': 2.1921202840320077e-05, 'train_loss': 0.0006074253725217541, 'mae': 0.17232479, 'elapsed_time': 75.48519730567932}
2021-10-06 00:40:44,460 {'epoch': 188, 'lr': 2.0284708742225903e-05, 'train_loss': 0.0006062899564989677, 'mae': 0.17213587, 'elapsed_time': 75.3497428894043}
2021-10-06 00:41:59,831 {'epoch': 189, 'lr': 1.8767810889299086e-05, 'train_loss': 0.0006056035726255261, 'mae': 0.17169493, 'elapsed_time': 75.37066411972046}
2021-10-06 00:43:15,712 {'epoch': 190, 'lr': 1.7370883553386936e-05, 'train_loss': 0.0006040366146790025, 'mae': 0.17190078, 'elapsed_time': 75.45049548149109}
2021-10-06 00:44:31,209 {'epoch': 191, 'lr': 1.6094271405406862e-05, 'train_loss': 0.0006043186070578947, 'mae': 0.1718011, 'elapsed_time': 75.49665093421936}
2021-10-06 00:45:46,791 {'epoch': 192, 'lr': 1.4938289430304022e-05, 'train_loss': 0.0006025551354810053, 'mae': 0.1716371, 'elapsed_time': 75.5809178352356}
2021-10-06 00:47:02,470 {'epoch': 193, 'lr': 1.3903222849333509e-05, 'train_loss': 0.0006013039332883022, 'mae': 0.17146872, 'elapsed_time': 75.20603966712952}
2021-10-06 00:48:18,287 {'epoch': 194, 'lr': 1.2989327049686102e-05, 'train_loss': 0.000601113375061549, 'mae': 0.17144628, 'elapsed_time': 75.34747099876404}
2021-10-06 00:49:34,233 {'epoch': 195, 'lr': 1.2196827521475404e-05, 'train_loss': 0.0005998086315105102, 'mae': 0.17145999, 'elapsed_time': 75.49743342399597}
2021-10-06 00:50:49,838 {'epoch': 196, 'lr': 1.152591980210166e-05, 'train_loss': 0.0005998812194955593, 'mae': 0.17198648, 'elapsed_time': 75.6038806438446}
2021-10-06 00:52:05,398 {'epoch': 197, 'lr': 1.097676942800558e-05, 'train_loss': 0.0005987993940819644, 'mae': 0.17178553, 'elapsed_time': 75.56039476394653}
2021-10-06 00:53:20,953 {'epoch': 198, 'lr': 1.0549511893824899e-05, 'train_loss': 0.0005980575501652171, 'mae': 0.17158061, 'elapsed_time': 75.55418801307678}
2021-10-06 00:54:36,542 {'epoch': 199, 'lr': 1.0244252618962858e-05, 'train_loss': 0.000597631740349859, 'mae': 0.17179962, 'elapsed_time': 75.5884656906128}
2021-10-06 00:55:52,026 {'epoch': 200, 'lr': 1.006106692157801e-05, 'train_loss': 0.0005983317186938681, 'mae': 0.17173263, 'elapsed_time': 75.48337769508362}
2021-10-06 00:56:30,257 Total CV: 0.1714462786912918
