2021-10-13 14:50:32,258 Fold 0
2021-10-13 14:50:36,257 train run device : cuda:0
2021-10-13 14:50:36,664 del 30900 breath id
2021-10-13 14:50:51,684 multi task weight : 0.7
2021-10-13 14:51:31,583 {'epoch': 1, 'lr': 0.001, 'train_loss': 0.018492348808782567, 'mae': 1.9158007, 'elapsed_time': 40.07037973403931}
2021-10-13 14:51:32,176 multi task weight : 0.7013333333333333
2021-10-13 14:52:12,305 {'epoch': 2, 'lr': 0.000999938933078422, 'train_loss': 0.005611059899161806, 'mae': 1.6172739, 'elapsed_time': 40.280478715896606}
2021-10-13 14:52:12,935 multi task weight : 0.7026666666666667
2021-10-13 14:52:53,223 {'epoch': 3, 'lr': 0.000999755747381037, 'train_loss': 0.004371756650077512, 'mae': 1.4011266, 'elapsed_time': 40.43987274169922}
2021-10-13 14:52:53,865 multi task weight : 0.704
2021-10-13 14:53:34,135 {'epoch': 4, 'lr': 0.000999450488106175, 'train_loss': 0.004004731328205761, 'mae': 1.513913, 'elapsed_time': 40.425493478775024}
2021-10-13 14:53:34,308 multi task weight : 0.7053333333333334
2021-10-13 14:54:14,476 {'epoch': 5, 'lr': 0.0009990232305719944, 'train_loss': 0.003758672129638488, 'mae': 1.3825092, 'elapsed_time': 40.340840339660645}
2021-10-13 14:54:15,113 multi task weight : 0.7066666666666667
2021-10-13 14:54:55,406 {'epoch': 6, 'lr': 0.0009984740801978983, 'train_loss': 0.003567105869573553, 'mae': 1.277947, 'elapsed_time': 40.45124626159668}
2021-10-13 14:54:56,044 multi task weight : 0.708
2021-10-13 14:55:36,283 {'epoch': 7, 'lr': 0.0009978031724785245, 'train_loss': 0.003296911914738683, 'mae': 1.274341, 'elapsed_time': 40.397911071777344}
2021-10-13 14:55:36,977 multi task weight : 0.7093333333333334
2021-10-13 14:56:17,223 {'epoch': 8, 'lr': 0.000997010672950314, 'train_loss': 0.003183556434578905, 'mae': 1.241296, 'elapsed_time': 40.43424153327942}
2021-10-13 14:56:17,870 multi task weight : 0.7106666666666667
2021-10-13 14:56:58,139 {'epoch': 9, 'lr': 0.0009960967771506664, 'train_loss': 0.0031246194204989533, 'mae': 1.2146978, 'elapsed_time': 40.42458915710449}
2021-10-13 14:56:58,804 multi task weight : 0.712
2021-10-13 14:57:38,983 {'epoch': 10, 'lr': 0.0009950617105696957, 'train_loss': 0.0031916131140905745, 'mae': 1.2078757, 'elapsed_time': 40.37011790275574}
2021-10-13 14:57:39,617 multi task weight : 0.7133333333333334
2021-10-13 14:58:19,962 {'epoch': 11, 'lr': 0.0009939057285945929, 'train_loss': 0.0030533865347089854, 'mae': 1.2952029, 'elapsed_time': 40.49562454223633}
2021-10-13 14:58:20,139 multi task weight : 0.7146666666666666
2021-10-13 14:59:00,330 {'epoch': 12, 'lr': 0.0009926291164466126, 'train_loss': 0.0029749635725869502, 'mae': 1.2233229, 'elapsed_time': 40.36692428588867}
2021-10-13 14:59:00,490 multi task weight : 0.716
2021-10-13 15:01:41,916 Fold 0
2021-10-13 15:01:45,886 train run device : cuda:0
2021-10-13 15:01:46,296 del 30541 breath id
2021-10-13 15:02:01,449 multi task weight : 0.7
2021-10-13 15:02:41,558 {'epoch': 1, 'lr': 0.001, 'train_loss': 0.018503129256395686, 'mae': 2.02878, 'elapsed_time': 40.28216218948364}
2021-10-13 15:02:42,142 multi task weight : 0.7013333333333333
2021-10-13 15:06:45,295 Fold 0
2021-10-13 15:06:49,120 train run device : cuda:0
2021-10-13 15:06:49,766 del 47 breath id
2021-10-13 15:07:12,640 multi task weight : 0.7
2021-10-13 15:08:28,003 {'epoch': 1, 'lr': 0.001, 'train_loss': 0.011125212856105383, 'mae': 1.1156943, 'elapsed_time': 75.59001731872559}
2021-10-13 15:08:30,759 multi task weight : 0.7013333333333333
2021-10-13 15:09:46,544 {'epoch': 2, 'lr': 0.000999938933078422, 'train_loss': 0.004027203777161215, 'mae': 0.85486436, 'elapsed_time': 76.00128698348999}
2021-10-13 15:09:47,194 multi task weight : 0.7026666666666667
2021-10-13 15:11:03,098 {'epoch': 3, 'lr': 0.000999755747381037, 'train_loss': 0.0035228565415075363, 'mae': 0.8110134, 'elapsed_time': 76.09020352363586}
2021-10-13 15:11:03,738 multi task weight : 0.704
2021-10-13 15:12:19,780 {'epoch': 4, 'lr': 0.000999450488106175, 'train_loss': 0.003169377233413128, 'mae': 0.7725629, 'elapsed_time': 76.2172703742981}
2021-10-13 15:12:20,431 multi task weight : 0.7053333333333334
2021-10-13 15:13:35,825 {'epoch': 5, 'lr': 0.0009990232305719944, 'train_loss': 0.00307222256964765, 'mae': 0.63662785, 'elapsed_time': 75.5789623260498}
2021-10-13 15:13:36,497 multi task weight : 0.7066666666666667
2021-10-13 15:14:52,033 {'epoch': 6, 'lr': 0.0009984740801978983, 'train_loss': 0.002806591424897268, 'mae': 0.57786596, 'elapsed_time': 75.73280024528503}
2021-10-13 15:14:52,667 multi task weight : 0.708
2021-10-13 15:16:08,234 {'epoch': 7, 'lr': 0.0009978031724785245, 'train_loss': 0.0027506330964648805, 'mae': 0.54899454, 'elapsed_time': 75.73157668113708}
2021-10-13 15:16:08,894 multi task weight : 0.7093333333333334
2021-10-13 15:17:24,549 {'epoch': 8, 'lr': 0.000997010672950314, 'train_loss': 0.0026787193063862427, 'mae': 0.6213525, 'elapsed_time': 75.82721185684204}
2021-10-13 15:17:24,742 multi task weight : 0.7106666666666667
2021-10-13 15:18:40,484 {'epoch': 9, 'lr': 0.0009960967771506664, 'train_loss': 0.0025725420531368284, 'mae': 0.53514266, 'elapsed_time': 75.93426370620728}
2021-10-13 15:18:41,125 multi task weight : 0.712
2021-10-13 15:19:56,926 {'epoch': 10, 'lr': 0.0009950617105696957, 'train_loss': 0.0025996365889788538, 'mae': 0.5402785, 'elapsed_time': 75.97048902511597}
2021-10-13 15:19:57,107 multi task weight : 0.7133333333333334
2021-10-13 15:21:12,541 {'epoch': 11, 'lr': 0.0009939057285945929, 'train_loss': 0.002438887182177877, 'mae': 0.50435245, 'elapsed_time': 75.61364769935608}
2021-10-13 15:21:13,191 multi task weight : 0.7146666666666666
2021-10-13 15:22:29,371 {'epoch': 12, 'lr': 0.0009926291164466126, 'train_loss': 0.0023555008948789105, 'mae': 0.50377893, 'elapsed_time': 76.35369729995728}
2021-10-13 15:22:30,028 multi task weight : 0.716
2021-10-13 15:23:46,078 {'epoch': 13, 'lr': 0.0009912321891107005, 'train_loss': 0.002324609659877649, 'mae': 0.49147663, 'elapsed_time': 76.22369527816772}
2021-10-13 15:23:46,712 multi task weight : 0.7173333333333333
2021-10-13 15:25:03,014 {'epoch': 14, 'lr': 0.0009897152912577737, 'train_loss': 0.0022584039207664084, 'mae': 0.5229847, 'elapsed_time': 76.48254561424255}
2021-10-13 15:25:03,188 multi task weight : 0.7186666666666666
2021-10-13 15:26:19,358 {'epoch': 15, 'lr': 0.0009880787971596797, 'train_loss': 0.0022418553406259355, 'mae': 0.46525508, 'elapsed_time': 76.3432788848877}
2021-10-13 15:26:20,012 multi task weight : 0.72
2021-10-13 15:27:36,429 {'epoch': 16, 'lr': 0.0009863231105968495, 'train_loss': 0.0022628147662700883, 'mae': 0.40603733, 'elapsed_time': 76.584228515625}
2021-10-13 15:27:37,058 multi task weight : 0.7213333333333333
2021-10-13 15:28:53,210 {'epoch': 17, 'lr': 0.000984448664758672, 'train_loss': 0.002151461506614086, 'mae': 0.4148679, 'elapsed_time': 76.31446146965027}
2021-10-13 15:28:53,381 multi task weight : 0.7226666666666667
2021-10-13 15:30:09,651 {'epoch': 18, 'lr': 0.0009824559221366096, 'train_loss': 0.002256162400999745, 'mae': 0.4198952, 'elapsed_time': 76.44062757492065}
2021-10-13 15:30:09,855 multi task weight : 0.724
2021-10-13 15:31:26,048 {'epoch': 19, 'lr': 0.0009803453744100864, 'train_loss': 0.002018668413342094, 'mae': 0.47002426, 'elapsed_time': 76.39659380912781}
2021-10-13 15:31:26,220 multi task weight : 0.7253333333333333
2021-10-13 15:32:42,496 {'epoch': 20, 'lr': 0.0009781175423251728, 'train_loss': 0.002030901904733722, 'mae': 0.3597419, 'elapsed_time': 76.44762420654297}
2021-10-13 15:32:43,138 multi task weight : 0.7266666666666667
2021-10-13 15:33:59,370 {'epoch': 21, 'lr': 0.0009757729755661004, 'train_loss': 0.0021177285586789687, 'mae': 0.37529275, 'elapsed_time': 76.40183305740356}
2021-10-13 15:33:59,568 multi task weight : 0.728
2021-10-13 15:35:15,948 {'epoch': 22, 'lr': 0.0009733122526196342, 'train_loss': 0.002014351864198909, 'mae': 0.39426228, 'elapsed_time': 76.57777404785156}
2021-10-13 15:35:16,132 multi task weight : 0.7293333333333333
2021-10-13 15:36:32,647 {'epoch': 23, 'lr': 0.000970735980632341, 'train_loss': 0.0019016497313601739, 'mae': 0.3398518, 'elapsed_time': 76.69776678085327}
2021-10-13 15:36:33,307 multi task weight : 0.7306666666666667
2021-10-13 15:37:49,986 {'epoch': 24, 'lr': 0.0009680447952607838, 'train_loss': 0.0019977980729879888, 'mae': 0.3339437, 'elapsed_time': 76.86560845375061}
2021-10-13 15:37:50,624 multi task weight : 0.732
2021-10-13 15:39:07,286 {'epoch': 25, 'lr': 0.0009652393605146839, 'train_loss': 0.0020540738932746, 'mae': 0.41198435, 'elapsed_time': 76.8228645324707}
2021-10-13 15:39:07,467 multi task weight : 0.7333333333333334
2021-10-13 15:40:23,908 {'epoch': 26, 'lr': 0.0009623203685930864, 'train_loss': 0.0019179047761913668, 'mae': 0.36169147, 'elapsed_time': 76.62165212631226}
2021-10-13 15:40:24,084 multi task weight : 0.7346666666666667
