2021-10-06 17:57:35,709 Fold 0
2021-10-06 17:57:39,371 train run device : cuda:0
2021-10-06 17:59:10,355 {'epoch': 1, 'lr': 0.001, 'train_loss': 0.014138419885679616, 'mae': 1.2379346, 'elapsed_time': 71.8356511592865}
2021-10-06 18:00:23,365 {'epoch': 2, 'lr': 0.000999938933078422, 'train_loss': 0.005559314069485648, 'mae': 1.1672664, 'elapsed_time': 72.60276818275452}
2021-10-06 18:01:36,055 {'epoch': 3, 'lr': 0.000999755747381037, 'train_loss': 0.004945360982236363, 'mae': 0.9003681, 'elapsed_time': 72.20921635627747}
2021-10-06 18:02:49,244 {'epoch': 4, 'lr': 0.000999450488106175, 'train_loss': 0.004383673703555953, 'mae': 0.92577606, 'elapsed_time': 72.70465445518494}
2021-10-06 18:04:02,298 {'epoch': 5, 'lr': 0.0009990232305719944, 'train_loss': 0.004072970854003671, 'mae': 0.7796527, 'elapsed_time': 73.0539174079895}
2021-10-06 18:05:15,855 {'epoch': 6, 'lr': 0.0009984740801978983, 'train_loss': 0.003790422384315488, 'mae': 0.78495365, 'elapsed_time': 73.10472273826599}
2021-10-06 18:06:28,928 {'epoch': 7, 'lr': 0.0009978031724785245, 'train_loss': 0.0036727059452323586, 'mae': 0.6731755, 'elapsed_time': 73.07252430915833}
2021-10-06 18:07:42,469 {'epoch': 8, 'lr': 0.000997010672950314, 'train_loss': 0.0035185130030371005, 'mae': 0.7357827, 'elapsed_time': 73.08286738395691}
2021-10-06 18:08:55,615 {'epoch': 9, 'lr': 0.0009960967771506664, 'train_loss': 0.0034594917589659087, 'mae': 0.6090299, 'elapsed_time': 73.14524960517883}
2021-10-06 18:10:08,850 {'epoch': 10, 'lr': 0.0009950617105696957, 'train_loss': 0.003220094743353235, 'mae': 0.6751668, 'elapsed_time': 72.77723836898804}
2021-10-06 18:11:21,791 {'epoch': 11, 'lr': 0.0009939057285945929, 'train_loss': 0.003081782580389733, 'mae': 0.64434993, 'elapsed_time': 72.94045948982239}
2021-10-06 18:12:34,682 {'epoch': 12, 'lr': 0.0009926291164466126, 'train_loss': 0.003026784463206058, 'mae': 0.5156521, 'elapsed_time': 72.89040923118591}
2021-10-06 18:13:48,216 {'epoch': 13, 'lr': 0.0009912321891107005, 'train_loss': 0.003136558841106669, 'mae': 0.5559941, 'elapsed_time': 73.07251286506653}
2021-10-06 18:15:01,439 {'epoch': 14, 'lr': 0.0009897152912577737, 'train_loss': 0.0029281944742536132, 'mae': 0.5797542, 'elapsed_time': 73.22296953201294}
2021-10-06 18:16:14,606 {'epoch': 15, 'lr': 0.0009880787971596797, 'train_loss': 0.0028480726921890176, 'mae': 0.5701895, 'elapsed_time': 73.16669535636902}
2021-10-06 18:17:27,894 {'epoch': 16, 'lr': 0.0009863231105968495, 'train_loss': 0.00274044377142977, 'mae': 0.4974273, 'elapsed_time': 73.2868857383728}
2021-10-06 18:18:41,577 {'epoch': 17, 'lr': 0.000984448664758672, 'train_loss': 0.002606317681872031, 'mae': 0.469832, 'elapsed_time': 73.23565244674683}
2021-10-06 18:19:55,260 {'epoch': 18, 'lr': 0.0009824559221366096, 'train_loss': 0.0026117497105879687, 'mae': 0.4721565, 'elapsed_time': 73.18821144104004}
2021-10-06 18:21:08,537 {'epoch': 19, 'lr': 0.0009803453744100864, 'train_loss': 0.002872863045546138, 'mae': 0.4912025, 'elapsed_time': 73.27635383605957}
2021-10-06 18:22:22,271 {'epoch': 20, 'lr': 0.0009781175423251728, 'train_loss': 0.002558560332689481, 'mae': 0.43179652, 'elapsed_time': 73.73393249511719}
2021-10-06 18:23:36,262 {'epoch': 21, 'lr': 0.0009757729755661004, 'train_loss': 0.002515895795533798, 'mae': 0.54932004, 'elapsed_time': 73.545077085495}
2021-10-06 18:24:49,326 {'epoch': 22, 'lr': 0.0009733122526196342, 'train_loss': 0.0025870082506168116, 'mae': 0.43404695, 'elapsed_time': 73.06332516670227}
2021-10-06 18:26:02,624 {'epoch': 23, 'lr': 0.000970735980632341, 'train_loss': 0.0023784421255961404, 'mae': 0.37020573, 'elapsed_time': 73.29808926582336}
2021-10-06 18:27:16,509 {'epoch': 24, 'lr': 0.0009680447952607838, 'train_loss': 0.002537098907136696, 'mae': 0.48377478, 'elapsed_time': 73.40953159332275}
2021-10-06 18:28:30,039 {'epoch': 25, 'lr': 0.0009652393605146839, 'train_loss': 0.002598607020713068, 'mae': 0.40474305, 'elapsed_time': 73.52968096733093}
2021-10-06 18:29:42,904 {'epoch': 26, 'lr': 0.0009623203685930864, 'train_loss': 0.0023970261722250125, 'mae': 0.45002672, 'elapsed_time': 72.86431646347046}
2021-10-06 18:30:55,775 {'epoch': 27, 'lr': 0.00095928853971357, 'train_loss': 0.002513414993882179, 'mae': 0.36450934, 'elapsed_time': 72.87092661857605}
2021-10-06 18:32:09,081 {'epoch': 28, 'lr': 0.0009561446219345448, 'train_loss': 0.0022710912218446996, 'mae': 0.35625654, 'elapsed_time': 72.86145901679993}
2021-10-06 18:33:22,316 {'epoch': 29, 'lr': 0.0009528893909706791, 'train_loss': 0.0022980794759875816, 'mae': 0.46338245, 'elapsed_time': 72.78484582901001}
2021-10-06 18:34:35,093 {'epoch': 30, 'lr': 0.0009495236500015041, 'train_loss': 0.0021866384809719483, 'mae': 0.4129484, 'elapsed_time': 72.77658915519714}
2021-10-06 18:35:48,547 {'epoch': 31, 'lr': 0.0009460482294732414, 'train_loss': 0.0022457436625731553, 'mae': 0.37757936, 'elapsed_time': 73.45348691940308}
2021-10-06 18:37:02,220 {'epoch': 32, 'lr': 0.0009424639868939027, 'train_loss': 0.002135768252553886, 'mae': 0.35527214, 'elapsed_time': 73.67321443557739}
2021-10-06 18:38:15,820 {'epoch': 33, 'lr': 0.0009387718066217117, 'train_loss': 0.002096030638708114, 'mae': 0.31731322, 'elapsed_time': 73.12127256393433}
2021-10-06 18:39:28,933 {'epoch': 34, 'lr': 0.000934972599646904, 'train_loss': 0.002227005545689303, 'mae': 0.32850772, 'elapsed_time': 72.67568159103394}
2021-10-06 18:40:41,601 {'epoch': 35, 'lr': 0.0009310673033669515, 'train_loss': 0.0021048108302180227, 'mae': 0.4178996, 'elapsed_time': 72.66739821434021}
2021-10-06 18:41:54,262 {'epoch': 36, 'lr': 0.0009270568813552751, 'train_loss': 0.002152408577249965, 'mae': 0.34427834, 'elapsed_time': 72.66145253181458}
2021-10-06 18:43:06,875 {'epoch': 37, 'lr': 0.0009229423231234969, 'train_loss': 0.0021576655306529335, 'mae': 0.3702652, 'elapsed_time': 72.6119430065155}
2021-10-06 18:44:19,514 {'epoch': 38, 'lr': 0.0009187246438772933, 'train_loss': 0.0020372415678618838, 'mae': 0.3746431, 'elapsed_time': 72.63866901397705}
2021-10-06 18:45:32,478 {'epoch': 39, 'lr': 0.0009144048842659075, 'train_loss': 0.0019726239645951153, 'mae': 0.30270717, 'elapsed_time': 72.96357583999634}
2021-10-06 18:46:45,960 {'epoch': 40, 'lr': 0.0009099841101253861, 'train_loss': 0.001958665403064076, 'mae': 0.34005913, 'elapsed_time': 73.05346083641052}
2021-10-06 18:47:59,119 {'epoch': 41, 'lr': 0.0009054634122155986, 'train_loss': 0.0018388570962144177, 'mae': 0.296149, 'elapsed_time': 73.1583788394928}
2021-10-06 18:49:12,798 {'epoch': 42, 'lr': 0.0009008439059511095, 'train_loss': 0.0021794499082625346, 'mae': 0.39942524, 'elapsed_time': 73.22721743583679}
2021-10-06 18:50:25,974 {'epoch': 43, 'lr': 0.0008961267311259662, 'train_loss': 0.0018954052370735318, 'mae': 0.2896602, 'elapsed_time': 73.17535185813904}
2021-10-06 18:51:39,585 {'epoch': 44, 'lr': 0.0008913130516324728, 'train_loss': 0.0018394567129171946, 'mae': 0.29428366, 'elapsed_time': 73.15973448753357}
2021-10-06 18:52:52,967 {'epoch': 45, 'lr': 0.0008864040551740152, 'train_loss': 0.0021057996560675646, 'mae': 0.31345844, 'elapsed_time': 73.38127207756042}
2021-10-06 18:54:06,141 {'epoch': 46, 'lr': 0.000881400952972015, 'train_loss': 0.0018685997332303708, 'mae': 0.29787454, 'elapsed_time': 73.17417979240417}
2021-10-06 18:55:19,309 {'epoch': 47, 'lr': 0.0008763049794670771, 'train_loss': 0.0017163429391984517, 'mae': 0.28789118, 'elapsed_time': 73.16678237915039}
2021-10-06 18:56:33,046 {'epoch': 48, 'lr': 0.0008711173920144113, 'train_loss': 0.0016938641467400147, 'mae': 0.28781825, 'elapsed_time': 73.25403571128845}
2021-10-06 18:57:46,884 {'epoch': 49, 'lr': 0.0008658394705735983, 'train_loss': 0.00191575891805493, 'mae': 0.3598892, 'elapsed_time': 73.37463855743408}
2021-10-06 18:59:00,019 {'epoch': 50, 'lr': 0.0008604725173927781, 'train_loss': 0.0018876026819643395, 'mae': 0.3129184, 'elapsed_time': 73.13474225997925}
2021-10-06 19:00:12,812 {'epoch': 51, 'lr': 0.0008550178566873405, 'train_loss': 0.001796355761335811, 'mae': 0.2723139, 'elapsed_time': 72.7933132648468}
2021-10-06 19:01:26,180 {'epoch': 52, 'lr': 0.0008494768343131951, 'train_loss': 0.0017362654391821842, 'mae': 0.3250827, 'elapsed_time': 72.90475296974182}
2021-10-06 19:02:39,014 {'epoch': 53, 'lr': 0.0008438508174347005, 'train_loss': 0.0017130725443698935, 'mae': 0.29284298, 'elapsed_time': 72.83335757255554}
2021-10-06 19:03:52,149 {'epoch': 54, 'lr': 0.0008381411941873374, 'train_loss': 0.001727318781507655, 'mae': 0.25924924, 'elapsed_time': 73.13543939590454}
2021-10-06 19:05:05,721 {'epoch': 55, 'lr': 0.0008323493733352073, 'train_loss': 0.001594901575433489, 'mae': 0.25968495, 'elapsed_time': 73.09777212142944}
2021-10-06 19:06:18,999 {'epoch': 56, 'lr': 0.0008264767839234405, 'train_loss': 0.0015933774601769337, 'mae': 0.2742889, 'elapsed_time': 73.27765035629272}
2021-10-06 19:07:32,509 {'epoch': 57, 'lr': 0.000820524874925601, 'train_loss': 0.0015251131566590707, 'mae': 0.2420571, 'elapsed_time': 73.51036429405212}
2021-10-06 19:08:46,219 {'epoch': 58, 'lr': 0.0008144951148861737, 'train_loss': 0.0015007871072899828, 'mae': 0.26109603, 'elapsed_time': 73.27109932899475}
2021-10-06 19:09:59,568 {'epoch': 59, 'lr': 0.0008083889915582231, 'train_loss': 0.0015494103191051364, 'mae': 0.25923422, 'elapsed_time': 73.3482449054718}
2021-10-06 19:11:12,810 {'epoch': 60, 'lr': 0.0008022080115363123, 'train_loss': 0.0016226232207378383, 'mae': 0.25598213, 'elapsed_time': 73.24161410331726}
2021-10-06 19:12:25,784 {'epoch': 61, 'lr': 0.0007959536998847739, 'train_loss': 0.0016019546826147259, 'mae': 0.26492047, 'elapsed_time': 72.97365188598633}
2021-10-06 19:13:38,943 {'epoch': 62, 'lr': 0.0007896275997614226, 'train_loss': 0.001603471738581945, 'mae': 0.25965622, 'elapsed_time': 73.15848016738892}
2021-10-06 19:14:52,433 {'epoch': 63, 'lr': 0.0007832312720368044, 'train_loss': 0.0014420113033158958, 'mae': 0.24013941, 'elapsed_time': 73.48937964439392}
2021-10-06 19:16:06,305 {'epoch': 64, 'lr': 0.0007767662949090749, 'train_loss': 0.0015772852419602152, 'mae': 0.2737451, 'elapsed_time': 73.38656401634216}
2021-10-06 19:17:19,818 {'epoch': 65, 'lr': 0.000770234263514603, 'train_loss': 0.0016147872044243823, 'mae': 0.2926534, 'elapsed_time': 73.51316213607788}
2021-10-06 19:18:33,349 {'epoch': 66, 'lr': 0.0007636367895343944, 'train_loss': 0.0015587735474307148, 'mae': 0.23380177, 'elapsed_time': 73.53094053268433}
2021-10-06 19:19:47,275 {'epoch': 67, 'lr': 0.0007569755007964335, 'train_loss': 0.0013499987165389905, 'mae': 0.24000151, 'elapsed_time': 73.46417617797852}
2021-10-06 19:21:00,748 {'epoch': 68, 'lr': 0.0007502520408740415, 'train_loss': 0.0013212072893216801, 'mae': 0.25574937, 'elapsed_time': 73.47276520729065}
2021-10-06 19:22:14,353 {'epoch': 69, 'lr': 0.0007434680686803488, 'train_loss': 0.0013177565736554172, 'mae': 0.23809688, 'elapsed_time': 73.60443663597107}
2021-10-06 19:23:27,226 {'epoch': 70, 'lr': 0.0007366252580589837, 'train_loss': 0.0013629032616152361, 'mae': 0.24096553, 'elapsed_time': 72.87249708175659}
2021-10-06 19:24:40,308 {'epoch': 71, 'lr': 0.0007297252973710754, 'train_loss': 0.0012968859502600074, 'mae': 0.26345393, 'elapsed_time': 73.08128070831299}
2021-10-06 19:25:53,114 {'epoch': 72, 'lr': 0.0007227698890786777, 'train_loss': 0.0012902516874159465, 'mae': 0.22933495, 'elapsed_time': 72.805823802948}
2021-10-06 19:27:06,475 {'epoch': 73, 'lr': 0.0007157607493247108, 'train_loss': 0.0012164285568171103, 'mae': 0.23545942, 'elapsed_time': 72.88562750816345}
2021-10-06 19:28:19,385 {'epoch': 74, 'lr': 0.0007086996075095287, 'train_loss': 0.001276863624346106, 'mae': 0.24414946, 'elapsed_time': 72.9092435836792}
2021-10-06 19:29:32,178 {'epoch': 75, 'lr': 0.0007015882058642161, 'train_loss': 0.0013215080612123684, 'mae': 0.23698491, 'elapsed_time': 72.79227566719055}
2021-10-06 19:30:44,958 {'epoch': 76, 'lr': 0.0006944282990207193, 'train_loss': 0.0012206932140984544, 'mae': 0.24830313, 'elapsed_time': 72.78028559684753}
2021-10-06 19:31:57,884 {'epoch': 77, 'lr': 0.0006872216535789155, 'train_loss': 0.0012952743152451485, 'mae': 0.22548017, 'elapsed_time': 72.92559003829956}
2021-10-06 19:33:11,186 {'epoch': 78, 'lr': 0.0006799700476707321, 'train_loss': 0.0012713602937219788, 'mae': 0.24878106, 'elapsed_time': 72.84809231758118}
2021-10-06 19:34:24,051 {'epoch': 79, 'lr': 0.0006726752705214191, 'train_loss': 0.0012561620590187525, 'mae': 0.21761051, 'elapsed_time': 72.86477184295654}
2021-10-06 19:35:37,442 {'epoch': 80, 'lr': 0.0006653391220080838, 'train_loss': 0.0011339992976014863, 'mae': 0.2124611, 'elapsed_time': 72.88514399528503}
2021-10-06 19:36:50,710 {'epoch': 81, 'lr': 0.0006579634122155988, 'train_loss': 0.0011466078697213121, 'mae': 0.21620739, 'elapsed_time': 72.81617069244385}
2021-10-06 19:38:03,319 {'epoch': 82, 'lr': 0.0006505499609899903, 'train_loss': 0.001092872753704795, 'mae': 0.21337794, 'elapsed_time': 72.60818433761597}
2021-10-06 19:39:15,820 {'epoch': 83, 'lr': 0.0006431005974894184, 'train_loss': 0.0010963148892301057, 'mae': 0.22798084, 'elapsed_time': 72.50064301490784}
2021-10-06 19:40:28,695 {'epoch': 84, 'lr': 0.0006356171597328593, 'train_loss': 0.001431481638828242, 'mae': 0.24795367, 'elapsed_time': 72.87460446357727}
2021-10-06 19:41:42,075 {'epoch': 85, 'lr': 0.0006281014941466028, 'train_loss': 0.001157799275003181, 'mae': 0.2201061, 'elapsed_time': 73.37958669662476}
2021-10-06 19:42:55,419 {'epoch': 86, 'lr': 0.000620555455108673, 'train_loss': 0.0011114560135543307, 'mae': 0.22357166, 'elapsed_time': 73.344078540802}
2021-10-06 19:44:08,667 {'epoch': 87, 'lr': 0.0006129809044912885, 'train_loss': 0.0010000748663518586, 'mae': 0.22429653, 'elapsed_time': 73.2479739189148}
2021-10-06 19:45:21,304 {'epoch': 88, 'lr': 0.0006053797112014735, 'train_loss': 0.0009958421065909646, 'mae': 0.21604763, 'elapsed_time': 72.63617515563965}
2021-10-06 19:46:34,023 {'epoch': 89, 'lr': 0.0005977537507199336, 'train_loss': 0.001000420524534443, 'mae': 0.21652012, 'elapsed_time': 72.71850943565369}
2021-10-06 19:47:46,986 {'epoch': 90, 'lr': 0.0005901049046383074, 'train_loss': 0.001022392721208537, 'mae': 0.22406833, 'elapsed_time': 72.96271562576294}
2021-10-06 19:49:00,508 {'epoch': 91, 'lr': 0.0005824350601949141, 'train_loss': 0.000994045410189232, 'mae': 0.21700977, 'elapsed_time': 73.52165722846985}
2021-10-06 19:50:14,010 {'epoch': 92, 'lr': 0.0005747461098091033, 'train_loss': 0.001001317865129454, 'mae': 0.21087931, 'elapsed_time': 73.50125503540039}
2021-10-06 19:51:27,918 {'epoch': 93, 'lr': 0.0005670399506143305, 'train_loss': 0.0009344311228615705, 'mae': 0.20114262, 'elapsed_time': 73.44946384429932}
2021-10-06 19:52:41,741 {'epoch': 94, 'lr': 0.0005593184839900673, 'train_loss': 0.0009199616910903323, 'mae': 0.20493704, 'elapsed_time': 73.34126424789429}
2021-10-06 19:53:54,977 {'epoch': 95, 'lr': 0.0005515836150926644, 'train_loss': 0.0009070596834823657, 'mae': 0.20388904, 'elapsed_time': 73.23565530776978}
2021-10-06 19:55:08,288 {'epoch': 96, 'lr': 0.0005438372523852832, 'train_loss': 0.0008874569507902074, 'mae': 0.20494632, 'elapsed_time': 73.31067872047424}
2021-10-06 19:56:21,712 {'epoch': 97, 'lr': 0.00053608130716701, 'train_loss': 0.000992017457443132, 'mae': 0.2615645, 'elapsed_time': 73.42364978790283}
2021-10-06 19:57:34,949 {'epoch': 98, 'lr': 0.0005283176931012729, 'train_loss': 0.0010457890109462087, 'mae': 0.20337714, 'elapsed_time': 73.23646140098572}
2021-10-06 19:58:47,744 {'epoch': 99, 'lr': 0.0005205483257436734, 'train_loss': 0.0008851805001971262, 'mae': 0.20274886, 'elapsed_time': 72.7939510345459}
2021-10-06 20:00:00,420 {'epoch': 100, 'lr': 0.0005127751220693511, 'train_loss': 0.0008463944333764083, 'mae': 0.20381041, 'elapsed_time': 72.67588257789612}
2021-10-06 20:01:13,105 {'epoch': 101, 'lr': 0.0005049999999999998, 'train_loss': 0.0007967628207800798, 'mae': 0.19662498, 'elapsed_time': 72.68442344665527}
2021-10-06 20:02:26,244 {'epoch': 102, 'lr': 0.0004972248779306486, 'train_loss': 0.0007999448622888568, 'mae': 0.19830291, 'elapsed_time': 72.67875242233276}
2021-10-06 20:03:39,541 {'epoch': 103, 'lr': 0.0004894516742563262, 'train_loss': 0.0007890101518504188, 'mae': 0.19565439, 'elapsed_time': 73.29620575904846}
2021-10-06 20:04:53,296 {'epoch': 104, 'lr': 0.00048168230689872663, 'train_loss': 0.0007815387541881217, 'mae': 0.19408724, 'elapsed_time': 73.29037070274353}
2021-10-06 20:06:07,058 {'epoch': 105, 'lr': 0.0004739186928329896, 'train_loss': 0.00101409520042938, 'mae': 0.23703672, 'elapsed_time': 73.32346677780151}
2021-10-06 20:07:20,112 {'epoch': 106, 'lr': 0.00046616274761471655, 'train_loss': 0.0008681275671368959, 'mae': 0.2247623, 'elapsed_time': 73.05286002159119}
2021-10-06 20:08:32,798 {'epoch': 107, 'lr': 0.0004584163849073352, 'train_loss': 0.0007688443140034805, 'mae': 0.19291468, 'elapsed_time': 72.68576240539551}
2021-10-06 20:09:45,858 {'epoch': 108, 'lr': 0.0004506815160099324, 'train_loss': 0.0007203436391816936, 'mae': 0.19069515, 'elapsed_time': 72.60799932479858}
2021-10-06 20:10:59,226 {'epoch': 109, 'lr': 0.0004429600493856693, 'train_loss': 0.0007176422041879734, 'mae': 0.19279604, 'elapsed_time': 72.92416858673096}
2021-10-06 20:12:12,225 {'epoch': 110, 'lr': 0.00043525389019089656, 'train_loss': 0.0007265857954721249, 'mae': 0.19595695, 'elapsed_time': 72.99850606918335}
2021-10-06 20:13:25,510 {'epoch': 111, 'lr': 0.0004275649398050856, 'train_loss': 0.000714257730429065, 'mae': 0.19390279, 'elapsed_time': 73.28389501571655}
2021-10-06 20:14:38,618 {'epoch': 112, 'lr': 0.0004198950953616921, 'train_loss': 0.0006999534383821045, 'mae': 0.18941502, 'elapsed_time': 73.10806560516357}
2021-10-06 20:15:52,208 {'epoch': 113, 'lr': 0.0004122462492800662, 'train_loss': 0.0006831881666100523, 'mae': 0.19035909, 'elapsed_time': 73.131840467453}
2021-10-06 20:17:05,018 {'epoch': 114, 'lr': 0.0004046202887985263, 'train_loss': 0.0006880692289642264, 'mae': 0.19279906, 'elapsed_time': 72.80992698669434}
2021-10-06 20:18:18,071 {'epoch': 115, 'lr': 0.0003970190955087115, 'train_loss': 0.000678201916524517, 'mae': 0.19299392, 'elapsed_time': 73.0524833202362}
2021-10-06 20:19:30,557 {'epoch': 116, 'lr': 0.0003894445448913267, 'train_loss': 0.0006636443378180364, 'mae': 0.18842326, 'elapsed_time': 72.48588013648987}
2021-10-06 20:20:43,403 {'epoch': 117, 'lr': 0.00038189850585339675, 'train_loss': 0.0006646771833172218, 'mae': 0.19612268, 'elapsed_time': 72.39209747314453}
2021-10-06 20:21:56,018 {'epoch': 118, 'lr': 0.0003743828402671403, 'train_loss': 0.0006445026126393346, 'mae': 0.19058178, 'elapsed_time': 72.61529850959778}
2021-10-06 20:23:09,106 {'epoch': 119, 'lr': 0.0003668994025105814, 'train_loss': 0.0006440130730805767, 'mae': 0.18690301, 'elapsed_time': 73.08681273460388}
2021-10-06 20:24:22,113 {'epoch': 120, 'lr': 0.00035945003901000945, 'train_loss': 0.0006405774682928111, 'mae': 0.18555838, 'elapsed_time': 72.52190065383911}
2021-10-06 20:25:35,185 {'epoch': 121, 'lr': 0.00035203658778440103, 'train_loss': 0.0006222230179829065, 'mae': 0.18635327, 'elapsed_time': 72.61036920547485}
2021-10-06 20:26:47,781 {'epoch': 122, 'lr': 0.0003446608779919159, 'train_loss': 0.0006048600825081802, 'mae': 0.18800066, 'elapsed_time': 72.5961766242981}
2021-10-06 20:28:00,584 {'epoch': 123, 'lr': 0.00033732472947858063, 'train_loss': 0.0005958673867629687, 'mae': 0.18468758, 'elapsed_time': 72.8025176525116}
2021-10-06 20:29:14,105 {'epoch': 124, 'lr': 0.00033002995232926766, 'train_loss': 0.0005913933715613335, 'mae': 0.18652599, 'elapsed_time': 73.08535075187683}
2021-10-06 20:30:27,142 {'epoch': 125, 'lr': 0.0003227783464210844, 'train_loss': 0.0005874726759619157, 'mae': 0.18617657, 'elapsed_time': 73.0358989238739}
2021-10-06 20:31:40,272 {'epoch': 126, 'lr': 0.00031557170097928054, 'train_loss': 0.0005854697118533653, 'mae': 0.18502778, 'elapsed_time': 73.1301040649414}
2021-10-06 20:32:53,542 {'epoch': 127, 'lr': 0.0003084117941357834, 'train_loss': 0.0005704629544793295, 'mae': 0.18632847, 'elapsed_time': 73.26936745643616}
2021-10-06 20:34:06,869 {'epoch': 128, 'lr': 0.00030130039249047106, 'train_loss': 0.0005658230740599201, 'mae': 0.18587464, 'elapsed_time': 73.32689666748047}
2021-10-06 20:35:20,458 {'epoch': 129, 'lr': 0.00029423925067528897, 'train_loss': 0.0005499908509259986, 'mae': 0.18421562, 'elapsed_time': 73.58849215507507}
2021-10-06 20:36:34,225 {'epoch': 130, 'lr': 0.0002872301109213219, 'train_loss': 0.0005407204170142917, 'mae': 0.18455431, 'elapsed_time': 73.32836675643921}
2021-10-06 20:37:47,728 {'epoch': 131, 'lr': 0.0002802747026289243, 'train_loss': 0.0005353024220149631, 'mae': 0.1844375, 'elapsed_time': 73.50219941139221}
2021-10-06 20:39:00,702 {'epoch': 132, 'lr': 0.00027337474194101617, 'train_loss': 0.000526713767577138, 'mae': 0.18324944, 'elapsed_time': 72.97415328025818}
2021-10-06 20:40:14,007 {'epoch': 133, 'lr': 0.00026653193131965077, 'train_loss': 0.0005170859081696564, 'mae': 0.18363875, 'elapsed_time': 72.8477828502655}
2021-10-06 20:41:27,149 {'epoch': 134, 'lr': 0.00025974795912595813, 'train_loss': 0.00050929159091414, 'mae': 0.18424165, 'elapsed_time': 73.1415867805481}
2021-10-06 20:42:40,113 {'epoch': 135, 'lr': 0.0002530244992035661, 'train_loss': 0.0005022794982162906, 'mae': 0.1827503, 'elapsed_time': 72.9633572101593}
2021-10-06 20:43:53,598 {'epoch': 136, 'lr': 0.00024636321046560527, 'train_loss': 0.0004929387599422372, 'mae': 0.18439715, 'elapsed_time': 72.99769926071167}
2021-10-06 20:45:06,925 {'epoch': 137, 'lr': 0.00023976573648539645, 'train_loss': 0.0004893798131132813, 'mae': 0.1813582, 'elapsed_time': 73.32739090919495}
2021-10-06 20:46:20,364 {'epoch': 138, 'lr': 0.00023323370509092462, 'train_loss': 0.00047856738563747974, 'mae': 0.18260534, 'elapsed_time': 72.96530938148499}
2021-10-06 20:47:33,280 {'epoch': 139, 'lr': 0.00022676872796319523, 'train_loss': 0.0004738097688253547, 'mae': 0.1811798, 'elapsed_time': 72.91628742218018}
2021-10-06 20:48:47,080 {'epoch': 140, 'lr': 0.00022037240023857702, 'train_loss': 0.00046236524666981083, 'mae': 0.1806755, 'elapsed_time': 73.32821989059448}
2021-10-06 20:50:00,860 {'epoch': 141, 'lr': 0.00021404630011522577, 'train_loss': 0.000457010598022508, 'mae': 0.18389449, 'elapsed_time': 73.33075785636902}
2021-10-06 20:51:14,072 {'epoch': 142, 'lr': 0.00020779198846368737, 'train_loss': 0.00045440688512039313, 'mae': 0.18107925, 'elapsed_time': 73.21147584915161}
2021-10-06 20:52:27,283 {'epoch': 143, 'lr': 0.0002016110084417765, 'train_loss': 0.00044080070457547764, 'mae': 0.18038784, 'elapsed_time': 73.21047306060791}
2021-10-06 20:53:40,688 {'epoch': 144, 'lr': 0.00019550488511382584, 'train_loss': 0.00043787797079764115, 'mae': 0.18015969, 'elapsed_time': 72.94556665420532}
2021-10-06 20:54:54,049 {'epoch': 145, 'lr': 0.00018947512507439847, 'train_loss': 0.0004294498307621779, 'mae': 0.18072096, 'elapsed_time': 72.91517162322998}
2021-10-06 20:56:06,759 {'epoch': 146, 'lr': 0.00018352321607655904, 'train_loss': 0.00042433393822897736, 'mae': 0.18095863, 'elapsed_time': 72.71035528182983}
2021-10-06 20:57:19,533 {'epoch': 147, 'lr': 0.0001776506266647923, 'train_loss': 0.000415971951165426, 'mae': 0.17908311, 'elapsed_time': 72.77319574356079}
2021-10-06 20:58:32,740 {'epoch': 148, 'lr': 0.00017185880581266206, 'train_loss': 0.00040708512229495607, 'mae': 0.18021834, 'elapsed_time': 72.6987235546112}
2021-10-06 20:59:45,505 {'epoch': 149, 'lr': 0.000166149182565299, 'train_loss': 0.00040502128456061925, 'mae': 0.17914315, 'elapsed_time': 72.76440453529358}
2021-10-06 21:00:58,267 {'epoch': 150, 'lr': 0.00016052316568680435, 'train_loss': 0.0003991401650016477, 'mae': 0.18048179, 'elapsed_time': 72.76165676116943}
2021-10-06 21:02:11,115 {'epoch': 151, 'lr': 0.00015498214331265893, 'train_loss': 0.0003943391672580585, 'mae': 0.1791065, 'elapsed_time': 72.84752345085144}
2021-10-06 21:03:24,125 {'epoch': 152, 'lr': 0.0001495274826072215, 'train_loss': 0.00038363606612845473, 'mae': 0.17882809, 'elapsed_time': 73.01015543937683}
2021-10-06 21:04:37,219 {'epoch': 153, 'lr': 0.00014416052942640132, 'train_loss': 0.0003779471165582666, 'mae': 0.17839128, 'elapsed_time': 72.6313259601593}
2021-10-06 21:05:50,411 {'epoch': 154, 'lr': 0.0001388826079855881, 'train_loss': 0.0003749085648258132, 'mae': 0.1793062, 'elapsed_time': 72.69989466667175}
2021-10-06 21:07:03,308 {'epoch': 155, 'lr': 0.00013369502053292245, 'train_loss': 0.0003713789738522135, 'mae': 0.17856468, 'elapsed_time': 72.89716529846191}
2021-10-06 21:08:16,350 {'epoch': 156, 'lr': 0.00012859904702798464, 'train_loss': 0.00036462919855696465, 'mae': 0.17837639, 'elapsed_time': 73.04118871688843}
2021-10-06 21:09:30,300 {'epoch': 157, 'lr': 0.00012359594482598432, 'train_loss': 0.0003581365401319039, 'mae': 0.17900895, 'elapsed_time': 73.45176792144775}
2021-10-06 21:10:42,958 {'epoch': 158, 'lr': 0.00011868694836752681, 'train_loss': 0.00035394852600789293, 'mae': 0.17896865, 'elapsed_time': 72.65817427635193}
2021-10-06 21:11:55,543 {'epoch': 159, 'lr': 0.0001138732688740332, 'train_loss': 0.0003482091307857323, 'mae': 0.17792043, 'elapsed_time': 72.58439350128174}
2021-10-06 21:13:08,599 {'epoch': 160, 'lr': 0.00010915609404889012, 'train_loss': 0.000344211229347211, 'mae': 0.17831631, 'elapsed_time': 72.58167839050293}
2021-10-06 21:14:21,459 {'epoch': 161, 'lr': 0.00010453658778440103, 'train_loss': 0.00033876074587888005, 'mae': 0.17784299, 'elapsed_time': 72.8601565361023}
2021-10-06 21:15:34,475 {'epoch': 162, 'lr': 0.00010001588987461343, 'train_loss': 0.00033432949035668545, 'mae': 0.17771323, 'elapsed_time': 72.56441116333008}
2021-10-06 21:16:47,427 {'epoch': 163, 'lr': 9.559511573409192e-05, 'train_loss': 0.0003288292628450651, 'mae': 0.17796254, 'elapsed_time': 72.50459718704224}
2021-10-06 21:18:00,671 {'epoch': 164, 'lr': 9.12753561227063e-05, 'train_loss': 0.0003234661808836097, 'mae': 0.17791344, 'elapsed_time': 73.24296951293945}
2021-10-06 21:19:13,736 {'epoch': 165, 'lr': 8.705767687650262e-05, 'train_loss': 0.000320696860682676, 'mae': 0.17767355, 'elapsed_time': 73.06493759155273}
2021-10-06 21:20:27,141 {'epoch': 166, 'lr': 8.294311864472445e-05, 'train_loss': 0.0003200289955630533, 'mae': 0.1777388, 'elapsed_time': 72.93710780143738}
2021-10-06 21:21:40,032 {'epoch': 167, 'lr': 7.89326966330478e-05, 'train_loss': 0.00031339715594750435, 'mae': 0.17808276, 'elapsed_time': 72.89076519012451}
2021-10-06 21:22:53,272 {'epoch': 168, 'lr': 7.502740035309526e-05, 'train_loss': 0.00030795255073545546, 'mae': 0.17765751, 'elapsed_time': 73.23908710479736}
2021-10-06 21:24:06,855 {'epoch': 169, 'lr': 7.12281933782875e-05, 'train_loss': 0.000304374362868513, 'mae': 0.17807366, 'elapsed_time': 73.12698125839233}
2021-10-06 21:25:20,040 {'epoch': 170, 'lr': 6.75360131060967e-05, 'train_loss': 0.0003013768674024412, 'mae': 0.17740642, 'elapsed_time': 73.18457746505737}
2021-10-06 21:26:33,588 {'epoch': 171, 'lr': 6.395177052675792e-05, 'train_loss': 0.00029911515238152344, 'mae': 0.17719628, 'elapsed_time': 73.0880217552185}
2021-10-06 21:27:46,578 {'epoch': 172, 'lr': 6.047634999849528e-05, 'train_loss': 0.0002948461804351343, 'mae': 0.17730966, 'elapsed_time': 72.55306553840637}
2021-10-06 21:28:59,373 {'epoch': 173, 'lr': 5.711060902932039e-05, 'train_loss': 0.000291227308398815, 'mae': 0.17742912, 'elapsed_time': 72.79420042037964}
2021-10-06 21:30:12,442 {'epoch': 174, 'lr': 5.385537806545467e-05, 'train_loss': 0.00028867401800447345, 'mae': 0.17743357, 'elapsed_time': 73.06900906562805}
2021-10-06 21:31:25,120 {'epoch': 175, 'lr': 5.0711460286429424e-05, 'train_loss': 0.0002848465110726452, 'mae': 0.17765786, 'elapsed_time': 72.67764639854431}
2021-10-06 21:32:38,222 {'epoch': 176, 'lr': 4.767963140691315e-05, 'train_loss': 0.00028232184301684083, 'mae': 0.17750648, 'elapsed_time': 73.10127186775208}
2021-10-06 21:33:51,212 {'epoch': 177, 'lr': 4.4760639485315563e-05, 'train_loss': 0.0002796672950538876, 'mae': 0.17737612, 'elapsed_time': 72.99011754989624}
2021-10-06 21:35:04,238 {'epoch': 178, 'lr': 4.195520473921563e-05, 'train_loss': 0.00027648174800126853, 'mae': 0.17735504, 'elapsed_time': 73.02535486221313}
2021-10-06 21:36:17,020 {'epoch': 179, 'lr': 3.9264019367658385e-05, 'train_loss': 0.00027509052648947796, 'mae': 0.17726062, 'elapsed_time': 72.78111553192139}
2021-10-06 21:37:29,763 {'epoch': 180, 'lr': 3.6687747380365064e-05, 'train_loss': 0.00027225372317321773, 'mae': 0.17741238, 'elapsed_time': 72.74275302886963}
2021-10-06 21:38:42,435 {'epoch': 181, 'lr': 3.422702443389899e-05, 'train_loss': 0.0002701722546816958, 'mae': 0.17732209, 'elapsed_time': 72.67153072357178}
2021-10-06 21:39:55,082 {'epoch': 182, 'lr': 3.188245767482658e-05, 'train_loss': 0.00026800667433805067, 'mae': 0.17736475, 'elapsed_time': 72.64726090431213}
2021-10-06 21:41:07,705 {'epoch': 183, 'lr': 2.965462558991323e-05, 'train_loss': 0.0002658352096589138, 'mae': 0.17748553, 'elapsed_time': 72.62185835838318}
2021-10-06 21:42:20,341 {'epoch': 184, 'lr': 2.7544077863390004e-05, 'train_loss': 0.0002645528556518578, 'mae': 0.17733055, 'elapsed_time': 72.63584208488464}
2021-10-06 21:43:33,001 {'epoch': 185, 'lr': 2.5551335241327672e-05, 'train_loss': 0.00026238555532390705, 'mae': 0.17730063, 'elapsed_time': 72.65947198867798}
2021-10-06 21:44:45,445 {'epoch': 186, 'lr': 2.367688940315011e-05, 'train_loss': 0.00026076287481714114, 'mae': 0.17748347, 'elapsed_time': 72.44406867027283}
2021-10-06 21:45:57,952 {'epoch': 187, 'lr': 2.1921202840320077e-05, 'train_loss': 0.0002588275837297863, 'mae': 0.17732446, 'elapsed_time': 72.50669121742249}
2021-10-06 21:47:10,782 {'epoch': 188, 'lr': 2.0284708742225903e-05, 'train_loss': 0.0002574141471504158, 'mae': 0.17742178, 'elapsed_time': 72.82868099212646}
2021-10-06 21:48:23,915 {'epoch': 189, 'lr': 1.8767810889299086e-05, 'train_loss': 0.00025655544662911065, 'mae': 0.17728658, 'elapsed_time': 73.1328661441803}
2021-10-06 21:49:37,305 {'epoch': 190, 'lr': 1.7370883553386936e-05, 'train_loss': 0.0002551344433778402, 'mae': 0.17740044, 'elapsed_time': 73.39031267166138}
2021-10-06 21:50:50,565 {'epoch': 191, 'lr': 1.6094271405406862e-05, 'train_loss': 0.00025382504642325733, 'mae': 0.17725082, 'elapsed_time': 73.25939178466797}
2021-10-06 21:52:03,703 {'epoch': 192, 'lr': 1.4938289430304022e-05, 'train_loss': 0.00025278117965642704, 'mae': 0.17739835, 'elapsed_time': 73.13702273368835}
2021-10-06 21:53:16,857 {'epoch': 193, 'lr': 1.3903222849333509e-05, 'train_loss': 0.0002521372420899693, 'mae': 0.17741916, 'elapsed_time': 73.15402412414551}
2021-10-06 21:54:29,931 {'epoch': 194, 'lr': 1.2989327049686102e-05, 'train_loss': 0.00025093533389388805, 'mae': 0.17737898, 'elapsed_time': 73.07369184494019}
2021-10-06 21:55:42,930 {'epoch': 195, 'lr': 1.2196827521475404e-05, 'train_loss': 0.0002502646916246596, 'mae': 0.17735435, 'elapsed_time': 72.99792981147766}
2021-10-06 21:56:55,602 {'epoch': 196, 'lr': 1.152591980210166e-05, 'train_loss': 0.00024961463698464325, 'mae': 0.17736062, 'elapsed_time': 72.67231822013855}
2021-10-06 21:58:08,332 {'epoch': 197, 'lr': 1.097676942800558e-05, 'train_loss': 0.0002489632355682478, 'mae': 0.17739257, 'elapsed_time': 72.72924661636353}
2021-10-06 21:59:20,960 {'epoch': 198, 'lr': 1.0549511893824899e-05, 'train_loss': 0.00024834023634276697, 'mae': 0.1774097, 'elapsed_time': 72.6275200843811}
2021-10-06 22:00:33,632 {'epoch': 199, 'lr': 1.0244252618962858e-05, 'train_loss': 0.00024775140989766837, 'mae': 0.17744046, 'elapsed_time': 72.67213797569275}
2021-10-06 22:01:46,287 {'epoch': 200, 'lr': 1.006106692157801e-05, 'train_loss': 0.0002474101531863055, 'mae': 0.17743504, 'elapsed_time': 72.65448832511902}
2021-10-06 22:02:24,370 Total CV: 0.17719627916812897
