2021-10-20 05:28:22,393 create aug feature 0
2021-10-20 05:29:21,605 create aug feature 1
2021-10-20 05:30:16,973 create aug feature 2
2021-10-20 05:31:12,016 create aug feature 3
2021-10-20 05:32:07,306 create aug feature 4
2021-10-20 05:33:02,756 create aug feature 5
2021-10-20 05:33:58,060 create aug feature 6
2021-10-20 05:34:53,307 create aug feature 7
2021-10-20 05:35:48,643 create aug feature 8
2021-10-20 05:36:44,131 create aug feature 9
2021-10-20 05:39:33,786 Fold 0
2021-10-20 05:40:03,532 train run device : cuda:0
2021-10-20 05:40:53,404 multi task weight : 0.7
2021-10-20 05:42:10,405 {'epoch': 1, 'lr': 0.001, 'train_loss': 0.013568335429890572, 'mae': 1.3221065, 'elapsed_time': 77.21652126312256}
2021-10-20 05:42:10,994 multi task weight : 0.7013333333333333
2021-10-20 05:43:28,459 {'epoch': 2, 'lr': 0.000999960916880889, 'train_loss': 0.004703196626949026, 'mae': 1.0257621, 'elapsed_time': 77.65923857688904}
2021-10-20 05:43:29,068 multi task weight : 0.7026666666666667
2021-10-20 05:44:46,727 {'epoch': 3, 'lr': 0.0009998436736952333, 'train_loss': 0.003946096007203013, 'mae': 0.8569136, 'elapsed_time': 77.84008860588074}
2021-10-20 05:44:47,332 multi task weight : 0.704
2021-10-20 05:46:04,897 {'epoch': 4, 'lr': 0.0009996482889570914, 'train_loss': 0.003669307989699703, 'mae': 0.76502216, 'elapsed_time': 77.75138711929321}
2021-10-20 05:46:05,520 multi task weight : 0.7053333333333334
2021-10-20 05:47:23,121 {'epoch': 5, 'lr': 0.0009993747935199784, 'train_loss': 0.0035241955574021743, 'mae': 0.7427704, 'elapsed_time': 77.78986382484436}
2021-10-20 05:47:23,734 multi task weight : 0.7066666666666667
2021-10-20 05:48:41,393 {'epoch': 6, 'lr': 0.0009990232305719941, 'train_loss': 0.003323515214771526, 'mae': 0.7223469, 'elapsed_time': 77.8511598110199}
2021-10-20 05:48:42,006 multi task weight : 0.708
2021-10-20 05:49:59,806 {'epoch': 7, 'lr': 0.0009985936556290037, 'train_loss': 0.0032015804885198455, 'mae': 0.68845576, 'elapsed_time': 77.98503971099854}
2021-10-20 05:50:00,426 multi task weight : 0.7093333333333334
2021-10-20 05:51:18,182 {'epoch': 8, 'lr': 0.0009980861365258703, 'train_loss': 0.0030783010771370943, 'mae': 0.6249089, 'elapsed_time': 77.94335985183716}
2021-10-20 05:51:18,804 multi task weight : 0.7106666666666667
2021-10-20 05:52:36,452 {'epoch': 9, 'lr': 0.0009975007534057435, 'train_loss': 0.0029703898203538854, 'mae': 0.6062412, 'elapsed_time': 77.84104943275452}
2021-10-20 05:52:37,090 multi task weight : 0.712
2021-10-20 05:53:54,888 {'epoch': 10, 'lr': 0.000996837598707404, 'train_loss': 0.0028898559214462108, 'mae': 0.61783785, 'elapsed_time': 78.00052809715271}
2021-10-20 05:53:55,092 multi task weight : 0.7133333333333334
2021-10-20 05:55:12,736 {'epoch': 11, 'lr': 0.0009960967771506664, 'train_loss': 0.0028093311306141007, 'mae': 0.71604806, 'elapsed_time': 77.84768962860107}
2021-10-20 05:55:12,930 multi task weight : 0.7146666666666666
2021-10-20 05:56:30,680 {'epoch': 12, 'lr': 0.000995278405719842, 'train_loss': 0.0027338522294446123, 'mae': 0.5591313, 'elapsed_time': 77.94374513626099}
2021-10-20 05:56:31,295 multi task weight : 0.716
2021-10-20 05:57:49,127 {'epoch': 13, 'lr': 0.0009943826136452672, 'train_loss': 0.0026724015445879867, 'mae': 0.50297815, 'elapsed_time': 78.0175404548645}
2021-10-20 05:57:49,757 multi task weight : 0.7173333333333333
2021-10-20 05:59:07,227 {'epoch': 14, 'lr': 0.0009934095423828945, 'train_loss': 0.002561912849061611, 'mae': 0.48142898, 'elapsed_time': 77.65708613395691}
2021-10-20 05:59:07,848 multi task weight : 0.7186666666666666
2021-10-20 06:00:25,632 {'epoch': 15, 'lr': 0.0009923593455919565, 'train_loss': 0.002627225025174948, 'mae': 0.5083159, 'elapsed_time': 77.9672064781189}
2021-10-20 06:00:25,821 multi task weight : 0.72
2021-10-20 06:01:43,750 {'epoch': 16, 'lr': 0.0009912321891107007, 'train_loss': 0.0025142584393520557, 'mae': 0.46502474, 'elapsed_time': 78.11732625961304}
2021-10-20 06:01:44,375 multi task weight : 0.7213333333333333
2021-10-20 06:03:02,055 {'epoch': 17, 'lr': 0.000990028250930202, 'train_loss': 0.0024246784636838456, 'mae': 0.46761832, 'elapsed_time': 77.86663103103638}
2021-10-20 06:03:02,240 multi task weight : 0.7226666666666667
2021-10-20 06:04:19,899 {'epoch': 18, 'lr': 0.0009887477211662555, 'train_loss': 0.002366311465019102, 'mae': 0.48012465, 'elapsed_time': 77.84382843971252}
2021-10-20 06:04:20,091 multi task weight : 0.724
2021-10-20 06:05:38,128 {'epoch': 19, 'lr': 0.0009873908020293554, 'train_loss': 0.0024986678851685673, 'mae': 0.46592203, 'elapsed_time': 78.22834324836731}
2021-10-20 06:05:38,316 multi task weight : 0.7253333333333333
2021-10-20 06:06:56,225 {'epoch': 20, 'lr': 0.0009859577077927632, 'train_loss': 0.002395163886520624, 'mae': 0.50074446, 'elapsed_time': 78.09626531600952}
2021-10-20 06:06:56,421 multi task weight : 0.7266666666666667
2021-10-20 06:08:14,363 {'epoch': 21, 'lr': 0.000984448664758672, 'train_loss': 0.002374188817489455, 'mae': 0.45481136, 'elapsed_time': 78.13840675354004}
2021-10-20 06:08:14,989 multi task weight : 0.728
2021-10-20 06:09:32,777 {'epoch': 22, 'lr': 0.00098286391122247, 'train_loss': 0.0022715167921947437, 'mae': 0.50020516, 'elapsed_time': 77.98105931282043}
2021-10-20 06:09:32,977 multi task weight : 0.7293333333333333
2021-10-20 06:10:50,565 {'epoch': 23, 'lr': 0.0009812036974351118, 'train_loss': 0.002272986298991087, 'mae': 0.5041342, 'elapsed_time': 77.78739404678345}
2021-10-20 06:10:50,760 multi task weight : 0.7306666666666667
2021-10-20 06:12:08,689 {'epoch': 24, 'lr': 0.0009794682855636002, 'train_loss': 0.002331897291997318, 'mae': 0.40049338, 'elapsed_time': 78.12362790107727}
2021-10-20 06:12:09,309 multi task weight : 0.732
2021-10-20 06:13:27,429 {'epoch': 25, 'lr': 0.0009776579496495873, 'train_loss': 0.002204027798365014, 'mae': 0.38400662, 'elapsed_time': 78.31127500534058}
2021-10-20 06:13:28,062 multi task weight : 0.7333333333333334
2021-10-20 06:14:46,057 {'epoch': 26, 'lr': 0.0009757729755661, 'train_loss': 0.0022363487835985844, 'mae': 0.4059912, 'elapsed_time': 78.18500137329102}
2021-10-20 06:14:46,242 multi task weight : 0.7346666666666667
