2021-10-14 18:15:13,109 Fold 0
2021-10-14 18:15:21,342 train run device : cuda:0
2021-10-14 18:20:23,671 Fold 0
2021-10-14 18:20:31,743 train run device : cuda:0
2021-10-14 18:27:26,148 Fold 0
2021-10-14 18:27:34,389 train run device : cuda:0
2021-10-14 18:32:23,827 Fold 0
2021-10-14 18:32:32,074 train run device : cuda:0
2021-10-14 18:32:57,332 multi task weight : 0.7
2021-10-14 18:45:12,818 Fold 0
2021-10-14 18:45:21,128 train run device : cuda:0
2021-10-14 18:45:46,510 multi task weight : 0.7
2021-10-15 01:02:52,218 Fold 0
2021-10-15 01:03:00,464 train run device : cuda:0
2021-10-15 01:03:47,707 multi task weight : 0.7
2021-10-15 01:12:07,489 Fold 0
2021-10-15 01:12:15,858 train run device : cuda:0
2021-10-15 01:12:40,197 multi task weight : 0.7
2021-10-15 01:25:44,117 Fold 0
2021-10-15 01:25:52,549 train run device : cuda:0
2021-10-15 01:26:16,871 multi task weight : 0.7
2021-10-15 01:43:46,632 Fold 0
2021-10-15 01:43:54,967 train run device : cuda:0
2021-10-15 01:44:19,129 multi task weight : 0.7
2021-10-15 02:02:42,656 Fold 0
2021-10-15 02:02:50,708 train run device : cuda:0
2021-10-15 02:03:14,136 multi task weight : 0.7
2021-10-15 02:08:26,921 Fold 0
2021-10-15 02:08:35,022 train run device : cuda:0
2021-10-15 02:08:59,546 multi task weight : 0.7
2021-10-15 02:22:23,636 Fold 0
2021-10-15 02:22:30,393 train run device : cuda:0
2021-10-15 02:22:54,565 multi task weight : 0.7
2021-10-15 02:24:10,912 {'epoch': 1, 'lr': 0.001, 'train_loss': 0.010929983073686273, 'mae': 1.0457027, 'elapsed_time': 76.55308628082275}
2021-10-15 02:24:11,622 multi task weight : 0.7013333333333333
2021-10-15 02:25:28,245 {'epoch': 2, 'lr': 0.000999938933078422, 'train_loss': 0.0040191596617084055, 'mae': 0.8948208, 'elapsed_time': 76.78610873222351}
2021-10-15 02:25:28,890 multi task weight : 0.7026666666666667
2021-10-15 02:26:45,585 {'epoch': 3, 'lr': 0.000999755747381037, 'train_loss': 0.0035453160584091427, 'mae': 0.7459743, 'elapsed_time': 76.87548756599426}
2021-10-15 02:26:46,244 multi task weight : 0.704
2021-10-15 02:28:03,533 {'epoch': 4, 'lr': 0.000999450488106175, 'train_loss': 0.0032637700008943116, 'mae': 0.77564245, 'elapsed_time': 77.48484134674072}
2021-10-15 02:28:03,707 multi task weight : 0.7053333333333334
2021-10-15 02:29:20,918 {'epoch': 5, 'lr': 0.0009990232305719944, 'train_loss': 0.00303767118837519, 'mae': 0.63880396, 'elapsed_time': 77.38495302200317}
2021-10-15 02:29:21,588 multi task weight : 0.7066666666666667
2021-10-15 02:30:38,850 {'epoch': 6, 'lr': 0.0009984740801978983, 'train_loss': 0.002861758400522533, 'mae': 0.5768996, 'elapsed_time': 77.46563911437988}
2021-10-15 02:30:39,474 multi task weight : 0.708
2021-10-15 02:31:56,862 {'epoch': 7, 'lr': 0.0009978031724785245, 'train_loss': 0.00269206739996663, 'mae': 0.6090224, 'elapsed_time': 77.55800986289978}
2021-10-15 02:31:57,031 multi task weight : 0.7093333333333334
2021-10-15 02:33:14,379 {'epoch': 8, 'lr': 0.000997010672950314, 'train_loss': 0.0026687126001867733, 'mae': 0.6682693, 'elapsed_time': 77.51702404022217}
2021-10-15 02:33:14,553 multi task weight : 0.7106666666666667
2021-10-15 02:34:31,854 {'epoch': 9, 'lr': 0.0009960967771506664, 'train_loss': 0.0025773823562444164, 'mae': 0.5444279, 'elapsed_time': 77.4745864868164}
2021-10-15 02:34:32,528 multi task weight : 0.712
2021-10-15 02:35:50,103 {'epoch': 10, 'lr': 0.0009950617105696957, 'train_loss': 0.0024621991155517266, 'mae': 0.48656178, 'elapsed_time': 77.78217911720276}
2021-10-15 02:35:50,749 multi task weight : 0.7133333333333334
2021-10-15 02:37:07,920 {'epoch': 11, 'lr': 0.0009939057285945929, 'train_loss': 0.002506420760359331, 'mae': 0.51216763, 'elapsed_time': 77.34648847579956}
2021-10-15 02:37:08,087 multi task weight : 0.7146666666666666
2021-10-15 02:38:25,320 {'epoch': 12, 'lr': 0.0009926291164466126, 'train_loss': 0.002335151818175439, 'mae': 0.4504796, 'elapsed_time': 77.39961290359497}
2021-10-15 02:38:25,927 multi task weight : 0.716
2021-10-15 02:39:43,124 {'epoch': 13, 'lr': 0.0009912321891107005, 'train_loss': 0.00231388568201746, 'mae': 0.4879011, 'elapsed_time': 77.35738253593445}
2021-10-15 02:39:43,304 multi task weight : 0.7173333333333333
2021-10-15 02:41:00,279 {'epoch': 14, 'lr': 0.0009897152912577737, 'train_loss': 0.002242358095050253, 'mae': 0.49309024, 'elapsed_time': 77.1541748046875}
2021-10-15 02:41:00,447 multi task weight : 0.7186666666666666
2021-10-15 02:42:17,554 {'epoch': 15, 'lr': 0.0009880787971596797, 'train_loss': 0.0022466978921034703, 'mae': 0.47226325, 'elapsed_time': 77.27434396743774}
2021-10-15 02:42:17,756 multi task weight : 0.72
2021-10-15 02:43:35,050 {'epoch': 16, 'lr': 0.0009863231105968495, 'train_loss': 0.00213396321708118, 'mae': 0.38629776, 'elapsed_time': 77.49595832824707}
2021-10-15 02:43:35,704 multi task weight : 0.7213333333333333
2021-10-15 02:44:52,663 {'epoch': 17, 'lr': 0.000984448664758672, 'train_loss': 0.002165979912999531, 'mae': 0.43615913, 'elapsed_time': 77.14509463310242}
2021-10-15 02:44:52,830 multi task weight : 0.7226666666666667
2021-10-15 02:46:10,316 {'epoch': 18, 'lr': 0.0009824559221366096, 'train_loss': 0.0021629833823071164, 'mae': 0.3922747, 'elapsed_time': 77.65298557281494}
2021-10-15 02:46:10,497 multi task weight : 0.724
2021-10-15 02:47:28,210 {'epoch': 19, 'lr': 0.0009803453744100864, 'train_loss': 0.0020590303190462316, 'mae': 0.42643678, 'elapsed_time': 77.89371800422668}
2021-10-15 02:47:28,399 multi task weight : 0.7253333333333333
2021-10-15 02:48:45,180 {'epoch': 20, 'lr': 0.0009781175423251728, 'train_loss': 0.002099338485911795, 'mae': 0.41462034, 'elapsed_time': 76.96868538856506}
2021-10-15 02:48:45,346 multi task weight : 0.7266666666666667
2021-10-15 02:50:02,694 {'epoch': 21, 'lr': 0.0009757729755661004, 'train_loss': 0.0020829829696573272, 'mae': 1.2392956, 'elapsed_time': 77.51382374763489}
2021-10-15 02:50:02,862 multi task weight : 0.728
2021-10-15 02:51:19,913 {'epoch': 22, 'lr': 0.0009733122526196342, 'train_loss': 0.002188378635416211, 'mae': 0.37892365, 'elapsed_time': 77.21891808509827}
2021-10-15 02:51:20,505 multi task weight : 0.7293333333333333
2021-10-15 02:52:38,158 {'epoch': 23, 'lr': 0.000970735980632341, 'train_loss': 0.0019197639317367155, 'mae': 0.38564906, 'elapsed_time': 77.81304335594177}
2021-10-15 02:52:38,337 multi task weight : 0.7306666666666667
2021-10-15 02:53:55,492 {'epoch': 24, 'lr': 0.0009680447952607838, 'train_loss': 0.0019331104342435036, 'mae': 0.3737765, 'elapsed_time': 77.33325982093811}
2021-10-15 02:53:56,127 multi task weight : 0.732
2021-10-15 02:55:13,505 {'epoch': 25, 'lr': 0.0009652393605146839, 'train_loss': 0.001921453478766483, 'mae': 0.34011602, 'elapsed_time': 77.5578715801239}
2021-10-15 02:55:14,128 multi task weight : 0.7333333333333334
2021-10-15 02:56:31,478 {'epoch': 26, 'lr': 0.0009623203685930864, 'train_loss': 0.0018560354599718072, 'mae': 0.3134949, 'elapsed_time': 77.51330256462097}
2021-10-15 02:56:32,140 multi task weight : 0.7346666666666667
2021-10-15 02:57:49,385 {'epoch': 27, 'lr': 0.00095928853971357, 'train_loss': 0.0018608150980265587, 'mae': 0.34952047, 'elapsed_time': 77.42811703681946}
2021-10-15 02:57:49,553 multi task weight : 0.736
2021-10-15 02:59:06,946 {'epoch': 28, 'lr': 0.0009561446219345448, 'train_loss': 0.0018078646813306373, 'mae': 0.40741396, 'elapsed_time': 77.56036877632141}
2021-10-15 02:59:07,145 multi task weight : 0.7373333333333334
2021-10-15 03:00:24,429 {'epoch': 29, 'lr': 0.0009528893909706791, 'train_loss': 0.002007566226770974, 'mae': 0.36289862, 'elapsed_time': 77.4832034111023}
2021-10-15 03:00:24,601 multi task weight : 0.7386666666666666
2021-10-15 03:01:41,975 {'epoch': 30, 'lr': 0.0009495236500015041, 'train_loss': 0.001783901906767928, 'mae': 0.31723133, 'elapsed_time': 77.54482007026672}
2021-10-15 03:01:42,144 multi task weight : 0.74
2021-10-15 03:02:59,639 {'epoch': 31, 'lr': 0.0009460482294732414, 'train_loss': 0.0018396383505672551, 'mae': 0.36200592, 'elapsed_time': 77.66393876075745}
2021-10-15 03:02:59,829 multi task weight : 0.7413333333333334
2021-10-15 03:04:17,068 {'epoch': 32, 'lr': 0.0009424639868939027, 'train_loss': 0.0017426178543140274, 'mae': 0.32468253, 'elapsed_time': 77.42897987365723}
2021-10-15 03:04:17,261 multi task weight : 0.7426666666666666
2021-10-15 03:05:34,312 {'epoch': 33, 'lr': 0.0009387718066217117, 'train_loss': 0.0017118194051002967, 'mae': 0.2963841, 'elapsed_time': 77.2431001663208}
2021-10-15 03:05:34,953 multi task weight : 0.744
2021-10-15 03:06:51,971 {'epoch': 34, 'lr': 0.000934972599646904, 'train_loss': 0.0016216018715487007, 'mae': 0.3017143, 'elapsed_time': 77.19014167785645}
2021-10-15 03:06:52,151 multi task weight : 0.7453333333333333
2021-10-15 03:08:09,201 {'epoch': 35, 'lr': 0.0009310673033669515, 'train_loss': 0.0017241566119168752, 'mae': 0.29497015, 'elapsed_time': 77.22880005836487}
2021-10-15 03:08:09,823 multi task weight : 0.7466666666666666
2021-10-15 03:09:26,946 {'epoch': 36, 'lr': 0.0009270568813552751, 'train_loss': 0.0017203850169265564, 'mae': 0.36973542, 'elapsed_time': 77.28925609588623}
2021-10-15 03:09:27,117 multi task weight : 0.7479999999999999
2021-10-15 03:10:44,443 {'epoch': 37, 'lr': 0.0009229423231234969, 'train_loss': 0.001940693618634665, 'mae': 0.3282463, 'elapsed_time': 77.49613690376282}
2021-10-15 03:10:44,621 multi task weight : 0.7493333333333333
2021-10-15 03:12:02,440 {'epoch': 38, 'lr': 0.0009187246438772933, 'train_loss': 0.0017019975498427295, 'mae': 0.29857194, 'elapsed_time': 77.99637985229492}
2021-10-15 03:12:02,627 multi task weight : 0.7506666666666666
2021-10-15 03:13:19,183 {'epoch': 39, 'lr': 0.0009144048842659075, 'train_loss': 0.001608558863677909, 'mae': 0.2671707, 'elapsed_time': 76.74354457855225}
2021-10-15 03:13:19,835 multi task weight : 0.752
2021-10-15 03:14:36,461 {'epoch': 40, 'lr': 0.0009099841101253861, 'train_loss': 0.0015151159816857913, 'mae': 0.2677417, 'elapsed_time': 76.80399990081787}
2021-10-15 03:14:36,658 multi task weight : 0.7533333333333333
2021-10-15 03:15:53,220 {'epoch': 41, 'lr': 0.0009054634122155986, 'train_loss': 0.0015998894979497153, 'mae': 0.27807203, 'elapsed_time': 76.75842595100403}
2021-10-15 03:15:53,406 multi task weight : 0.7546666666666666
2021-10-15 03:17:10,044 {'epoch': 42, 'lr': 0.0009008439059511095, 'train_loss': 0.0015702608140831045, 'mae': 0.33187893, 'elapsed_time': 76.82392764091492}
2021-10-15 03:17:10,211 multi task weight : 0.756
2021-10-15 03:18:26,782 {'epoch': 43, 'lr': 0.0008961267311259662, 'train_loss': 0.0015560472916103184, 'mae': 0.2965147, 'elapsed_time': 76.7375111579895}
2021-10-15 03:18:26,944 multi task weight : 0.7573333333333334
2021-10-15 03:19:44,418 {'epoch': 44, 'lr': 0.0008913130516324728, 'train_loss': 0.0014974512132668511, 'mae': 0.26420203, 'elapsed_time': 77.6359395980835}
2021-10-15 03:19:45,065 multi task weight : 0.7586666666666666
2021-10-15 03:21:02,449 {'epoch': 45, 'lr': 0.0008864040551740152, 'train_loss': 0.0014921411978064821, 'mae': 0.25533813, 'elapsed_time': 77.55451965332031}
2021-10-15 03:21:03,073 multi task weight : 0.76
2021-10-15 03:22:20,465 {'epoch': 46, 'lr': 0.000881400952972015, 'train_loss': 0.0015173474636553455, 'mae': 0.26863828, 'elapsed_time': 77.55700993537903}
2021-10-15 03:22:20,662 multi task weight : 0.7613333333333333
2021-10-15 03:23:38,271 {'epoch': 47, 'lr': 0.0008763049794670771, 'train_loss': 0.0014616743912654968, 'mae': 0.28901428, 'elapsed_time': 77.80562663078308}
2021-10-15 03:23:38,458 multi task weight : 0.7626666666666666
2021-10-15 03:24:56,268 {'epoch': 48, 'lr': 0.0008711173920144113, 'train_loss': 0.0014428743740791828, 'mae': 0.24497928, 'elapsed_time': 77.99724531173706}
2021-10-15 03:24:56,881 multi task weight : 0.764
2021-10-15 03:26:14,491 {'epoch': 49, 'lr': 0.0008658394705735983, 'train_loss': 0.0015114062968727925, 'mae': 0.2850821, 'elapsed_time': 77.7786226272583}
2021-10-15 03:26:14,670 multi task weight : 0.7653333333333333
2021-10-15 03:27:32,133 {'epoch': 50, 'lr': 0.0008604725173927781, 'train_loss': 0.001413202153937243, 'mae': 0.23410493, 'elapsed_time': 77.64168810844421}
2021-10-15 03:27:32,743 multi task weight : 0.7666666666666666
2021-10-15 03:28:50,203 {'epoch': 51, 'lr': 0.0008550178566873405, 'train_loss': 0.0014205500718040764, 'mae': 0.2629854, 'elapsed_time': 77.62525653839111}
2021-10-15 03:28:50,376 multi task weight : 0.768
2021-10-15 03:30:07,999 {'epoch': 52, 'lr': 0.0008494768343131951, 'train_loss': 0.0014114748990203942, 'mae': 0.25946623, 'elapsed_time': 77.79496788978577}
2021-10-15 03:30:08,177 multi task weight : 0.7693333333333333
2021-10-15 03:31:25,781 {'epoch': 53, 'lr': 0.0008438508174347005, 'train_loss': 0.0013361832839199215, 'mae': 0.2387655, 'elapsed_time': 77.78227043151855}
2021-10-15 03:31:25,956 multi task weight : 0.7706666666666666
2021-10-15 03:32:43,677 {'epoch': 54, 'lr': 0.0008381411941873374, 'train_loss': 0.0013345921936712176, 'mae': 0.23628603, 'elapsed_time': 77.89503812789917}
2021-10-15 03:32:43,867 multi task weight : 0.772
2021-10-15 03:34:01,442 {'epoch': 55, 'lr': 0.0008323493733352073, 'train_loss': 0.0014046846343990665, 'mae': 0.24384215, 'elapsed_time': 77.76455116271973}
2021-10-15 03:34:01,665 multi task weight : 0.7733333333333332
2021-10-15 03:35:19,092 {'epoch': 56, 'lr': 0.0008264767839234405, 'train_loss': 0.00137660814272678, 'mae': 0.30308184, 'elapsed_time': 77.65006065368652}
2021-10-15 03:35:19,294 multi task weight : 0.7746666666666666
2021-10-15 03:36:37,042 {'epoch': 57, 'lr': 0.000820524874925601, 'train_loss': 0.001458068849670721, 'mae': 0.2564744, 'elapsed_time': 77.94880294799805}
2021-10-15 03:36:37,241 multi task weight : 0.776
2021-10-15 03:37:54,929 {'epoch': 58, 'lr': 0.0008144951148861737, 'train_loss': 0.0014129129102030205, 'mae': 0.24840763, 'elapsed_time': 77.88736581802368}
2021-10-15 03:37:55,106 multi task weight : 0.7773333333333332
2021-10-15 03:39:12,207 {'epoch': 59, 'lr': 0.0008083889915582231, 'train_loss': 0.0016117174400546205, 'mae': 0.23035727, 'elapsed_time': 77.27760457992554}
2021-10-15 03:39:12,852 multi task weight : 0.7786666666666666
2021-10-15 03:40:29,595 {'epoch': 60, 'lr': 0.0008022080115363123, 'train_loss': 0.001225637054259687, 'mae': 0.22915122, 'elapsed_time': 76.91570496559143}
2021-10-15 03:40:30,242 multi task weight : 0.78
2021-10-15 03:41:47,325 {'epoch': 61, 'lr': 0.0007959536998847739, 'train_loss': 0.001231176612776506, 'mae': 0.2444618, 'elapsed_time': 77.26064467430115}
2021-10-15 03:41:47,502 multi task weight : 0.7813333333333332
2021-10-15 03:43:04,761 {'epoch': 62, 'lr': 0.0007896275997614226, 'train_loss': 0.0011848382839428186, 'mae': 0.22210756, 'elapsed_time': 77.43604111671448}
2021-10-15 03:43:05,419 multi task weight : 0.7826666666666666
2021-10-15 03:44:22,347 {'epoch': 63, 'lr': 0.0007832312720368044, 'train_loss': 0.0012904807366060451, 'mae': 0.23536544, 'elapsed_time': 77.11109280586243}
2021-10-15 03:44:22,538 multi task weight : 0.784
2021-10-15 03:45:39,651 {'epoch': 64, 'lr': 0.0007767662949090749, 'train_loss': 0.001204759111125553, 'mae': 0.22500275, 'elapsed_time': 77.30384397506714}
2021-10-15 03:45:39,821 multi task weight : 0.7853333333333332
2021-10-15 03:46:56,847 {'epoch': 65, 'lr': 0.000770234263514603, 'train_loss': 0.0012742269290469197, 'mae': 0.23571533, 'elapsed_time': 77.19522261619568}
2021-10-15 03:46:57,021 multi task weight : 0.7866666666666666
2021-10-15 03:48:14,594 {'epoch': 66, 'lr': 0.0007636367895343944, 'train_loss': 0.0011800325890994371, 'mae': 0.22423321, 'elapsed_time': 77.74658989906311}
2021-10-15 03:48:14,783 multi task weight : 0.788
2021-10-15 03:49:32,182 {'epoch': 67, 'lr': 0.0007569755007964335, 'train_loss': 0.0011669409480451985, 'mae': 0.20724036, 'elapsed_time': 77.58735632896423}
2021-10-15 03:49:32,827 multi task weight : 0.7893333333333333
2021-10-15 03:50:50,824 {'epoch': 68, 'lr': 0.0007502520408740415, 'train_loss': 0.0011250517213182627, 'mae': 0.2139432, 'elapsed_time': 78.17147827148438}
2021-10-15 03:50:51,005 multi task weight : 0.7906666666666666
2021-10-15 03:52:08,974 {'epoch': 69, 'lr': 0.0007434680686803488, 'train_loss': 0.001097183713456153, 'mae': 0.2053417, 'elapsed_time': 78.14918494224548}
2021-10-15 03:52:09,710 multi task weight : 0.792
2021-10-15 03:53:27,523 {'epoch': 70, 'lr': 0.0007366252580589837, 'train_loss': 0.0011596513681256906, 'mae': 0.27814183, 'elapsed_time': 78.03187346458435}
2021-10-15 03:53:27,718 multi task weight : 0.7933333333333333
2021-10-15 03:54:45,519 {'epoch': 71, 'lr': 0.0007297252973710754, 'train_loss': 0.0011695085520466643, 'mae': 0.23549101, 'elapsed_time': 77.9950807094574}
2021-10-15 03:54:45,719 multi task weight : 0.7946666666666666
2021-10-15 03:56:03,698 {'epoch': 72, 'lr': 0.0007227698890786777, 'train_loss': 0.0011869499858560113, 'mae': 0.21739839, 'elapsed_time': 78.17865633964539}
2021-10-15 03:56:03,885 multi task weight : 0.796
2021-10-15 03:57:21,750 {'epoch': 73, 'lr': 0.0007157607493247108, 'train_loss': 0.0011287317040386856, 'mae': 0.24717514, 'elapsed_time': 78.05124688148499}
2021-10-15 03:57:21,936 multi task weight : 0.7973333333333333
2021-10-15 03:58:39,449 {'epoch': 74, 'lr': 0.0007086996075095287, 'train_loss': 0.0011578335655721076, 'mae': 0.24361488, 'elapsed_time': 77.69868874549866}
2021-10-15 03:58:39,625 multi task weight : 0.7986666666666666
2021-10-15 03:59:57,407 {'epoch': 75, 'lr': 0.0007015882058642161, 'train_loss': 0.0011160830085179994, 'mae': 0.20285967, 'elapsed_time': 77.95745348930359}
2021-10-15 03:59:58,110 multi task weight : 0.8
2021-10-15 04:01:16,277 {'epoch': 76, 'lr': 0.0006944282990207193, 'train_loss': 0.0010257341676176265, 'mae': 0.20943145, 'elapsed_time': 78.34389138221741}
2021-10-15 04:01:16,464 multi task weight : 0.8013333333333333
2021-10-15 04:02:34,624 {'epoch': 77, 'lr': 0.0006872216535789155, 'train_loss': 0.001060478774506063, 'mae': 0.2186249, 'elapsed_time': 78.34584188461304}
2021-10-15 04:02:34,835 multi task weight : 0.8026666666666666
2021-10-15 04:03:52,677 {'epoch': 78, 'lr': 0.0006799700476707321, 'train_loss': 0.0010173462834912788, 'mae': 0.19417025, 'elapsed_time': 78.05253028869629}
2021-10-15 04:03:53,327 multi task weight : 0.804
2021-10-15 04:05:11,073 {'epoch': 79, 'lr': 0.0006726752705214191, 'train_loss': 0.0009871927680629147, 'mae': 0.20219372, 'elapsed_time': 77.91731238365173}
2021-10-15 04:05:11,241 multi task weight : 0.8053333333333333
2021-10-15 04:06:28,892 {'epoch': 80, 'lr': 0.0006653391220080838, 'train_loss': 0.0013938421039114415, 'mae': 0.20900925, 'elapsed_time': 77.81924271583557}
2021-10-15 04:06:29,070 multi task weight : 0.8066666666666666
2021-10-15 04:07:46,987 {'epoch': 81, 'lr': 0.0006579634122155988, 'train_loss': 0.0009997559399044695, 'mae': 0.20832443, 'elapsed_time': 78.09450817108154}
2021-10-15 04:07:47,170 multi task weight : 0.808
2021-10-15 04:09:05,035 {'epoch': 82, 'lr': 0.0006505499609899903, 'train_loss': 0.0009625387561339033, 'mae': 0.19688179, 'elapsed_time': 78.0472092628479}
2021-10-15 04:09:05,228 multi task weight : 0.8093333333333333
2021-10-15 04:10:22,963 {'epoch': 83, 'lr': 0.0006431005974894184, 'train_loss': 0.000929691609688908, 'mae': 0.20868498, 'elapsed_time': 77.92725348472595}
2021-10-15 04:10:23,147 multi task weight : 0.8106666666666666
2021-10-15 04:11:40,814 {'epoch': 84, 'lr': 0.0006356171597328593, 'train_loss': 0.000909179924432413, 'mae': 0.21115667, 'elapsed_time': 77.85095858573914}
2021-10-15 04:11:40,995 multi task weight : 0.812
2021-10-15 04:12:58,376 {'epoch': 85, 'lr': 0.0006281014941466028, 'train_loss': 0.000884780653729551, 'mae': 0.18850152, 'elapsed_time': 77.5613067150116}
2021-10-15 04:12:59,047 multi task weight : 0.8133333333333334
2021-10-15 04:14:16,257 {'epoch': 86, 'lr': 0.000620555455108673, 'train_loss': 0.0009436719425669405, 'mae': 0.19659932, 'elapsed_time': 77.40961575508118}
2021-10-15 04:14:16,433 multi task weight : 0.8146666666666667
2021-10-15 04:15:33,980 {'epoch': 87, 'lr': 0.0006129809044912885, 'train_loss': 0.0008926511150300305, 'mae': 0.18617043, 'elapsed_time': 77.72346544265747}
2021-10-15 04:15:34,627 multi task weight : 0.8160000000000001
2021-10-15 04:16:52,449 {'epoch': 88, 'lr': 0.0006053797112014735, 'train_loss': 0.000953900271062625, 'mae': 0.20383182, 'elapsed_time': 77.98585319519043}
2021-10-15 04:16:52,636 multi task weight : 0.8173333333333334
2021-10-15 04:18:11,112 {'epoch': 89, 'lr': 0.0005977537507199336, 'train_loss': 0.0008953321857206311, 'mae': 0.1917928, 'elapsed_time': 78.66255021095276}
2021-10-15 04:18:11,290 multi task weight : 0.8186666666666667
2021-10-15 04:19:29,369 {'epoch': 90, 'lr': 0.0005901049046383074, 'train_loss': 0.0009825444198290666, 'mae': 0.2036169, 'elapsed_time': 78.25684380531311}
2021-10-15 04:19:29,572 multi task weight : 0.8200000000000001
2021-10-15 04:20:47,614 {'epoch': 91, 'lr': 0.0005824350601949141, 'train_loss': 0.0009169165427673724, 'mae': 0.18590626, 'elapsed_time': 78.2442352771759}
2021-10-15 04:20:48,266 multi task weight : 0.8213333333333334
2021-10-15 04:22:06,290 {'epoch': 92, 'lr': 0.0005747461098091033, 'train_loss': 0.0009086846082049778, 'mae': 0.19679812, 'elapsed_time': 78.19395732879639}
2021-10-15 04:22:06,465 multi task weight : 0.8226666666666667
2021-10-15 04:23:23,947 {'epoch': 93, 'lr': 0.0005670399506143305, 'train_loss': 0.000813640951690609, 'mae': 0.20953573, 'elapsed_time': 77.65662956237793}
2021-10-15 04:23:24,123 multi task weight : 0.8240000000000001
2021-10-15 04:24:41,451 {'epoch': 94, 'lr': 0.0005593184839900673, 'train_loss': 0.0008129426345446396, 'mae': 0.19981974, 'elapsed_time': 77.50390696525574}
2021-10-15 04:24:41,643 multi task weight : 0.8253333333333334
2021-10-15 04:25:58,787 {'epoch': 95, 'lr': 0.0005515836150926644, 'train_loss': 0.000824094519285748, 'mae': 0.18628763, 'elapsed_time': 77.33583545684814}
2021-10-15 04:25:58,967 multi task weight : 0.8266666666666667
2021-10-15 04:27:16,040 {'epoch': 96, 'lr': 0.0005438372523852832, 'train_loss': 0.0008284914784375369, 'mae': 0.18554737, 'elapsed_time': 77.25185036659241}
2021-10-15 04:27:16,672 multi task weight : 0.8280000000000001
2021-10-15 04:28:33,674 {'epoch': 97, 'lr': 0.00053608130716701, 'train_loss': 0.0007898723844851067, 'mae': 0.18272845, 'elapsed_time': 77.16895318031311}
2021-10-15 04:28:34,295 multi task weight : 0.8293333333333333
2021-10-15 04:29:51,897 {'epoch': 98, 'lr': 0.0005283176931012729, 'train_loss': 0.0007863063231910437, 'mae': 0.18201724, 'elapsed_time': 77.77250003814697}
2021-10-15 04:29:52,551 multi task weight : 0.8306666666666667
2021-10-15 04:31:10,239 {'epoch': 99, 'lr': 0.0005205483257436734, 'train_loss': 0.0007800501607718888, 'mae': 0.18398818, 'elapsed_time': 77.86546587944031}
2021-10-15 04:31:10,411 multi task weight : 0.8320000000000001
2021-10-15 04:32:28,095 {'epoch': 100, 'lr': 0.0005127751220693511, 'train_loss': 0.0007573612060242334, 'mae': 0.18510705, 'elapsed_time': 77.85531401634216}
2021-10-15 04:32:28,263 multi task weight : 0.8333333333333333
2021-10-15 04:33:45,845 {'epoch': 101, 'lr': 0.0005049999999999998, 'train_loss': 0.0007520183872720356, 'mae': 0.18043973, 'elapsed_time': 77.7499692440033}
2021-10-15 04:33:46,482 multi task weight : 0.8346666666666667
2021-10-15 04:35:03,943 {'epoch': 102, 'lr': 0.0004972248779306486, 'train_loss': 0.0007168671291511607, 'mae': 0.18167944, 'elapsed_time': 77.62966227531433}
2021-10-15 04:35:04,103 multi task weight : 0.8360000000000001
2021-10-15 04:36:20,948 {'epoch': 103, 'lr': 0.0004894516742563262, 'train_loss': 0.0007219257457780475, 'mae': 0.18259522, 'elapsed_time': 77.00502252578735}
2021-10-15 04:36:21,121 multi task weight : 0.8373333333333333
2021-10-15 04:37:38,168 {'epoch': 104, 'lr': 0.00048168230689872663, 'train_loss': 0.000723887027183892, 'mae': 0.1775509, 'elapsed_time': 77.21915888786316}
2021-10-15 04:37:38,806 multi task weight : 0.8386666666666667
2021-10-15 04:38:55,950 {'epoch': 105, 'lr': 0.0004739186928329896, 'train_loss': 0.0007594107034893285, 'mae': 0.17742643, 'elapsed_time': 77.31264591217041}
2021-10-15 04:38:56,594 multi task weight : 0.8400000000000001
2021-10-15 04:40:13,660 {'epoch': 106, 'lr': 0.00046616274761471655, 'train_loss': 0.0006943755593666816, 'mae': 0.1801086, 'elapsed_time': 77.2413911819458}
2021-10-15 04:40:13,830 multi task weight : 0.8413333333333333
2021-10-15 04:41:30,990 {'epoch': 107, 'lr': 0.0004584163849073352, 'train_loss': 0.0006771797364894881, 'mae': 0.17332274, 'elapsed_time': 77.32949161529541}
2021-10-15 04:41:31,624 multi task weight : 0.8426666666666667
2021-10-15 04:42:48,829 {'epoch': 108, 'lr': 0.0004506815160099324, 'train_loss': 0.0006734845984537053, 'mae': 0.17089276, 'elapsed_time': 77.37600755691528}
2021-10-15 04:42:49,485 multi task weight : 0.8440000000000001
2021-10-15 04:44:06,653 {'epoch': 109, 'lr': 0.0004429600493856693, 'train_loss': 0.0006609615575425905, 'mae': 0.17591491, 'elapsed_time': 77.34946823120117}
2021-10-15 04:44:06,841 multi task weight : 0.8453333333333333
2021-10-15 04:45:24,171 {'epoch': 110, 'lr': 0.00043525389019089656, 'train_loss': 0.0006550054173889423, 'mae': 0.1738353, 'elapsed_time': 77.51691198348999}
2021-10-15 04:45:24,354 multi task weight : 0.8466666666666667
2021-10-15 04:46:41,770 {'epoch': 111, 'lr': 0.0004275649398050856, 'train_loss': 0.0006656464388022524, 'mae': 0.18000518, 'elapsed_time': 77.5989453792572}
2021-10-15 04:46:41,946 multi task weight : 0.8480000000000001
2021-10-15 04:47:59,593 {'epoch': 112, 'lr': 0.0004198950953616921, 'train_loss': 0.0006549111940830728, 'mae': 0.17524077, 'elapsed_time': 77.8222975730896}
2021-10-15 04:47:59,791 multi task weight : 0.8493333333333333
2021-10-15 04:49:17,283 {'epoch': 113, 'lr': 0.0004122462492800662, 'train_loss': 0.0006372879493199017, 'mae': 0.17747165, 'elapsed_time': 77.68992924690247}
2021-10-15 04:49:17,459 multi task weight : 0.8506666666666667
2021-10-15 04:50:34,977 {'epoch': 114, 'lr': 0.0004046202887985263, 'train_loss': 0.0006299948620975926, 'mae': 0.17342821, 'elapsed_time': 77.69327926635742}
2021-10-15 04:50:35,164 multi task weight : 0.8520000000000001
2021-10-15 04:51:52,687 {'epoch': 115, 'lr': 0.0003970190955087115, 'train_loss': 0.0006167157545113026, 'mae': 0.17504771, 'elapsed_time': 77.71037125587463}
2021-10-15 04:51:52,877 multi task weight : 0.8533333333333333
2021-10-15 04:53:10,201 {'epoch': 116, 'lr': 0.0003894445448913267, 'train_loss': 0.0006079332674054258, 'mae': 0.17316362, 'elapsed_time': 77.5133125782013}
2021-10-15 04:53:10,372 multi task weight : 0.8546666666666667
2021-10-15 04:54:27,820 {'epoch': 117, 'lr': 0.00038189850585339675, 'train_loss': 0.0006025722045439059, 'mae': 0.17386137, 'elapsed_time': 77.6182119846344}
2021-10-15 04:54:28,031 multi task weight : 0.8560000000000001
2021-10-15 04:55:45,169 {'epoch': 118, 'lr': 0.0003743828402671403, 'train_loss': 0.0005893444190649816, 'mae': 0.17108752, 'elapsed_time': 77.34836769104004}
2021-10-15 04:55:45,339 multi task weight : 0.8573333333333333
2021-10-15 04:57:02,727 {'epoch': 119, 'lr': 0.0003668994025105814, 'train_loss': 0.0005826765869486758, 'mae': 0.17016597, 'elapsed_time': 77.55831289291382}
2021-10-15 04:57:03,388 multi task weight : 0.8586666666666667
2021-10-15 04:58:20,798 {'epoch': 120, 'lr': 0.00035945003901000945, 'train_loss': 0.0005834571564183715, 'mae': 0.16830906, 'elapsed_time': 77.60510301589966}
2021-10-15 04:58:21,447 multi task weight : 0.8600000000000001
2021-10-15 04:59:38,838 {'epoch': 121, 'lr': 0.00035203658778440103, 'train_loss': 0.000570635566262021, 'mae': 0.16954227, 'elapsed_time': 77.5668261051178}
2021-10-15 04:59:39,008 multi task weight : 0.8613333333333333
2021-10-15 05:00:56,530 {'epoch': 122, 'lr': 0.0003446608779919159, 'train_loss': 0.0005622323856715575, 'mae': 0.16884805, 'elapsed_time': 77.69208526611328}
2021-10-15 05:00:56,701 multi task weight : 0.8626666666666667
2021-10-15 05:02:13,999 {'epoch': 123, 'lr': 0.00033732472947858063, 'train_loss': 0.0005636086469581579, 'mae': 0.17116565, 'elapsed_time': 77.4679307937622}
2021-10-15 05:02:14,177 multi task weight : 0.864
2021-10-15 05:03:31,720 {'epoch': 124, 'lr': 0.00033002995232926766, 'train_loss': 0.000551384416543999, 'mae': 0.16869946, 'elapsed_time': 77.72069764137268}
2021-10-15 05:03:31,892 multi task weight : 0.8653333333333333
2021-10-15 05:04:49,226 {'epoch': 125, 'lr': 0.0003227783464210844, 'train_loss': 0.0005355735743915782, 'mae': 0.16754626, 'elapsed_time': 77.50529074668884}
2021-10-15 05:04:49,869 multi task weight : 0.8666666666666666
2021-10-15 05:06:07,263 {'epoch': 126, 'lr': 0.00031557170097928054, 'train_loss': 0.0005347354735653277, 'mae': 0.16703564, 'elapsed_time': 77.56088733673096}
2021-10-15 05:06:07,925 multi task weight : 0.868
2021-10-15 05:07:25,388 {'epoch': 127, 'lr': 0.0003084117941357834, 'train_loss': 0.0005260635154399554, 'mae': 0.17032549, 'elapsed_time': 77.65223693847656}
2021-10-15 05:07:25,568 multi task weight : 0.8693333333333333
2021-10-15 05:08:43,052 {'epoch': 128, 'lr': 0.00030130039249047106, 'train_loss': 0.0005211374044759017, 'mae': 0.16912787, 'elapsed_time': 77.66352009773254}
2021-10-15 05:08:43,242 multi task weight : 0.8706666666666667
2021-10-15 05:10:00,472 {'epoch': 129, 'lr': 0.00029423925067528897, 'train_loss': 0.0005178528560746419, 'mae': 0.16695738, 'elapsed_time': 77.41988253593445}
2021-10-15 05:10:01,136 multi task weight : 0.872
2021-10-15 05:11:18,612 {'epoch': 130, 'lr': 0.0002872301109213219, 'train_loss': 0.000502600744329615, 'mae': 0.16884148, 'elapsed_time': 77.6953136920929}
2021-10-15 05:11:18,790 multi task weight : 0.8733333333333333
2021-10-15 05:12:36,280 {'epoch': 131, 'lr': 0.0002802747026289243, 'train_loss': 0.0005016509524371902, 'mae': 0.1672409, 'elapsed_time': 77.66705179214478}
2021-10-15 05:12:36,456 multi task weight : 0.8746666666666667
2021-10-15 05:13:53,935 {'epoch': 132, 'lr': 0.00027337474194101617, 'train_loss': 0.0004977035101668538, 'mae': 0.16690397, 'elapsed_time': 77.65433382987976}
2021-10-15 05:13:54,599 multi task weight : 0.876
2021-10-15 05:15:11,967 {'epoch': 133, 'lr': 0.00026653193131965077, 'train_loss': 0.0004851220852668867, 'mae': 0.16800803, 'elapsed_time': 77.55164241790771}
2021-10-15 05:15:12,143 multi task weight : 0.8773333333333333
2021-10-15 05:16:29,597 {'epoch': 134, 'lr': 0.00025974795912595813, 'train_loss': 0.00047952662122721624, 'mae': 0.16774386, 'elapsed_time': 77.62963485717773}
2021-10-15 05:16:29,763 multi task weight : 0.8786666666666667
2021-10-15 05:17:47,694 {'epoch': 135, 'lr': 0.0002530244992035661, 'train_loss': 0.00046773907130447106, 'mae': 0.1649131, 'elapsed_time': 78.09654116630554}
2021-10-15 05:17:48,361 multi task weight : 0.88
2021-10-15 05:19:06,477 {'epoch': 136, 'lr': 0.00024636321046560527, 'train_loss': 0.00046272948001634215, 'mae': 0.16572076, 'elapsed_time': 78.29924368858337}
2021-10-15 05:19:06,665 multi task weight : 0.8813333333333333
2021-10-15 05:20:24,657 {'epoch': 137, 'lr': 0.00023976573648539645, 'train_loss': 0.00045688869690829905, 'mae': 0.16657324, 'elapsed_time': 78.18002486228943}
2021-10-15 05:20:24,866 multi task weight : 0.8826666666666667
2021-10-15 05:21:42,400 {'epoch': 138, 'lr': 0.00023323370509092462, 'train_loss': 0.0004498131605910694, 'mae': 0.16450861, 'elapsed_time': 77.74249315261841}
2021-10-15 05:21:43,080 multi task weight : 0.884
2021-10-15 05:23:00,847 {'epoch': 139, 'lr': 0.00022676872796319523, 'train_loss': 0.00044679587146525276, 'mae': 0.16473511, 'elapsed_time': 77.95860052108765}
2021-10-15 05:23:01,044 multi task weight : 0.8853333333333333
2021-10-15 05:24:18,827 {'epoch': 140, 'lr': 0.00022037240023857702, 'train_loss': 0.00044384523559635726, 'mae': 0.16646524, 'elapsed_time': 77.97906374931335}
2021-10-15 05:24:18,993 multi task weight : 0.8866666666666667
2021-10-15 05:25:36,919 {'epoch': 141, 'lr': 0.00021404630011522577, 'train_loss': 0.0004426898208870802, 'mae': 0.16396098, 'elapsed_time': 78.09152793884277}
2021-10-15 05:25:37,585 multi task weight : 0.888
2021-10-15 05:26:55,012 {'epoch': 142, 'lr': 0.00020779198846368737, 'train_loss': 0.00043139710461978807, 'mae': 0.16483492, 'elapsed_time': 77.60282850265503}
2021-10-15 05:26:55,194 multi task weight : 0.8893333333333333
2021-10-15 05:28:13,264 {'epoch': 143, 'lr': 0.0002016110084417765, 'train_loss': 0.00042430128540530196, 'mae': 0.16356435, 'elapsed_time': 78.2511899471283}
2021-10-15 05:28:13,954 multi task weight : 0.8906666666666667
2021-10-15 05:29:31,925 {'epoch': 144, 'lr': 0.00019550488511382584, 'train_loss': 0.00041736002704110105, 'mae': 0.16395639, 'elapsed_time': 78.17349624633789}
2021-10-15 05:29:32,098 multi task weight : 0.892
2021-10-15 05:30:49,728 {'epoch': 145, 'lr': 0.00018947512507439847, 'train_loss': 0.00040971640654209433, 'mae': 0.16308711, 'elapsed_time': 77.80254888534546}
2021-10-15 05:30:50,418 multi task weight : 0.8933333333333333
2021-10-15 05:32:08,462 {'epoch': 146, 'lr': 0.00018352321607655904, 'train_loss': 0.00040732658313275016, 'mae': 0.16317219, 'elapsed_time': 78.23701453208923}
2021-10-15 05:32:08,651 multi task weight : 0.8946666666666667
2021-10-15 05:33:26,429 {'epoch': 147, 'lr': 0.0001776506266647923, 'train_loss': 0.0003970422896181929, 'mae': 0.16264144, 'elapsed_time': 77.96632289886475}
2021-10-15 05:33:27,069 multi task weight : 0.896
2021-10-15 05:34:44,701 {'epoch': 148, 'lr': 0.00017185880581266206, 'train_loss': 0.0003942599244208388, 'mae': 0.16284183, 'elapsed_time': 77.800537109375}
2021-10-15 05:34:44,885 multi task weight : 0.8973333333333333
2021-10-15 05:36:03,015 {'epoch': 149, 'lr': 0.000166149182565299, 'train_loss': 0.0003879829662906918, 'mae': 0.16239314, 'elapsed_time': 78.31354904174805}
2021-10-15 05:36:03,681 multi task weight : 0.8986666666666667
2021-10-15 05:37:21,146 {'epoch': 150, 'lr': 0.00016052316568680435, 'train_loss': 0.00038616154916865927, 'mae': 0.1621366, 'elapsed_time': 77.64720845222473}
2021-10-15 05:37:21,841 multi task weight : 0.9
2021-10-15 05:38:39,687 {'epoch': 151, 'lr': 0.00015498214331265893, 'train_loss': 0.0003824522727427694, 'mae': 0.16239592, 'elapsed_time': 78.02801704406738}
2021-10-15 05:38:39,866 multi task weight : 0.9
2021-10-15 05:39:57,692 {'epoch': 152, 'lr': 0.0001495274826072215, 'train_loss': 0.00037446639113587364, 'mae': 0.16275196, 'elapsed_time': 78.00487899780273}
2021-10-15 05:39:57,877 multi task weight : 0.9
2021-10-15 05:41:15,997 {'epoch': 153, 'lr': 0.00014416052942640132, 'train_loss': 0.0003678931645441719, 'mae': 0.16223209, 'elapsed_time': 78.3046932220459}
2021-10-15 05:41:16,182 multi task weight : 0.9
2021-10-15 05:42:34,043 {'epoch': 154, 'lr': 0.0001388826079855881, 'train_loss': 0.00036405126062438454, 'mae': 0.16200805, 'elapsed_time': 78.04565930366516}
2021-10-15 05:42:34,703 multi task weight : 0.9
2021-10-15 05:43:52,133 {'epoch': 155, 'lr': 0.00013369502053292245, 'train_loss': 0.00036136237818024423, 'mae': 0.16227107, 'elapsed_time': 77.60769891738892}
2021-10-15 05:43:52,314 multi task weight : 0.9
2021-10-15 05:45:09,515 {'epoch': 156, 'lr': 0.00012859904702798464, 'train_loss': 0.0003578840172309564, 'mae': 0.1621178, 'elapsed_time': 77.38139486312866}
2021-10-15 05:45:09,680 multi task weight : 0.9
2021-10-15 05:46:27,055 {'epoch': 157, 'lr': 0.00012359594482598432, 'train_loss': 0.0003527221466168376, 'mae': 0.16137458, 'elapsed_time': 77.54007411003113}
2021-10-15 05:46:27,717 multi task weight : 0.9
2021-10-15 05:47:45,227 {'epoch': 158, 'lr': 0.00011868694836752681, 'train_loss': 0.00034715419498163, 'mae': 0.1626415, 'elapsed_time': 77.6908848285675}
2021-10-15 05:47:45,409 multi task weight : 0.9
2021-10-15 05:49:03,233 {'epoch': 159, 'lr': 0.0001138732688740332, 'train_loss': 0.0003433801962039264, 'mae': 0.16115922, 'elapsed_time': 78.00545144081116}
2021-10-15 05:49:03,896 multi task weight : 0.9
2021-10-15 05:50:21,560 {'epoch': 160, 'lr': 0.00010915609404889012, 'train_loss': 0.00033848506970623614, 'mae': 0.16154766, 'elapsed_time': 77.85089230537415}
2021-10-15 05:50:21,734 multi task weight : 0.9
2021-10-15 05:51:39,664 {'epoch': 161, 'lr': 0.00010453658778440103, 'train_loss': 0.000335718551804938, 'mae': 0.16102216, 'elapsed_time': 78.10321354866028}
2021-10-15 05:51:40,347 multi task weight : 0.9
2021-10-15 05:52:58,494 {'epoch': 162, 'lr': 0.00010001588987461343, 'train_loss': 0.0003318029623096, 'mae': 0.16155535, 'elapsed_time': 78.33880138397217}
2021-10-15 05:52:58,667 multi task weight : 0.9
2021-10-15 05:54:16,674 {'epoch': 163, 'lr': 9.559511573409192e-05, 'train_loss': 0.0003273919213629859, 'mae': 0.16109115, 'elapsed_time': 78.18018913269043}
2021-10-15 05:54:16,857 multi task weight : 0.9
2021-10-15 05:55:34,378 {'epoch': 164, 'lr': 9.12753561227063e-05, 'train_loss': 0.00032359013603006553, 'mae': 0.16109346, 'elapsed_time': 77.70315647125244}
2021-10-15 05:55:34,557 multi task weight : 0.9
2021-10-15 05:56:51,713 {'epoch': 165, 'lr': 8.705767687650262e-05, 'train_loss': 0.00032122635583142084, 'mae': 0.16099188, 'elapsed_time': 77.33458662033081}
2021-10-15 05:56:52,334 multi task weight : 0.9
2021-10-15 05:58:09,731 {'epoch': 166, 'lr': 8.294311864472445e-05, 'train_loss': 0.00031723855118865284, 'mae': 0.16122676, 'elapsed_time': 77.57406735420227}
2021-10-15 05:58:09,911 multi task weight : 0.9
2021-10-15 05:59:27,261 {'epoch': 167, 'lr': 7.89326966330478e-05, 'train_loss': 0.00031485288602042626, 'mae': 0.16077854, 'elapsed_time': 77.53023433685303}
2021-10-15 05:59:27,920 multi task weight : 0.9
2021-10-15 06:00:45,723 {'epoch': 168, 'lr': 7.502740035309526e-05, 'train_loss': 0.0003118654021794548, 'mae': 0.160364, 'elapsed_time': 77.98116612434387}
2021-10-15 06:00:46,375 multi task weight : 0.9
2021-10-15 06:02:03,985 {'epoch': 169, 'lr': 7.12281933782875e-05, 'train_loss': 0.0003071319807451675, 'mae': 0.16058996, 'elapsed_time': 77.78112602233887}
2021-10-15 06:02:04,161 multi task weight : 0.9
2021-10-15 06:03:21,211 {'epoch': 170, 'lr': 6.75360131060967e-05, 'train_loss': 0.000304616899695556, 'mae': 0.16087064, 'elapsed_time': 77.22483348846436}
2021-10-15 06:03:21,392 multi task weight : 0.9
2021-10-15 06:04:38,669 {'epoch': 171, 'lr': 6.395177052675792e-05, 'train_loss': 0.00030344004031194213, 'mae': 0.16045754, 'elapsed_time': 77.45766568183899}
2021-10-15 06:04:38,839 multi task weight : 0.9
2021-10-15 06:05:56,421 {'epoch': 172, 'lr': 6.047634999849528e-05, 'train_loss': 0.0003006811353709423, 'mae': 0.16055523, 'elapsed_time': 77.75152969360352}
2021-10-15 06:05:56,599 multi task weight : 0.9
2021-10-15 06:07:14,636 {'epoch': 173, 'lr': 5.711060902932039e-05, 'train_loss': 0.00029743425467843406, 'mae': 0.16027018, 'elapsed_time': 78.21444487571716}
2021-10-15 06:07:15,304 multi task weight : 0.9
2021-10-15 06:08:33,017 {'epoch': 174, 'lr': 5.385537806545467e-05, 'train_loss': 0.000295374764535623, 'mae': 0.16029593, 'elapsed_time': 77.88669061660767}
2021-10-15 06:08:33,183 multi task weight : 0.9
2021-10-15 06:09:50,561 {'epoch': 175, 'lr': 5.0711460286429424e-05, 'train_loss': 0.0002931476663859812, 'mae': 0.16030845, 'elapsed_time': 77.54361963272095}
2021-10-15 06:09:50,740 multi task weight : 0.9
2021-10-15 06:11:08,117 {'epoch': 176, 'lr': 4.767963140691315e-05, 'train_loss': 0.0002905633656037731, 'mae': 0.16026062, 'elapsed_time': 77.55570769309998}
2021-10-15 06:11:08,791 multi task weight : 0.9
2021-10-15 06:12:26,143 {'epoch': 177, 'lr': 4.4760639485315563e-05, 'train_loss': 0.0002891428648902139, 'mae': 0.16033864, 'elapsed_time': 77.5385479927063}
2021-10-15 06:12:26,316 multi task weight : 0.9
2021-10-15 06:13:44,452 {'epoch': 178, 'lr': 4.195520473921563e-05, 'train_loss': 0.0002862357978836798, 'mae': 0.16016757, 'elapsed_time': 78.30840945243835}
2021-10-15 06:13:45,150 multi task weight : 0.9
2021-10-15 06:15:03,105 {'epoch': 179, 'lr': 3.9264019367658385e-05, 'train_loss': 0.0002835541632769517, 'mae': 0.16011797, 'elapsed_time': 78.16156077384949}
2021-10-15 06:15:03,742 multi task weight : 0.9
2021-10-15 06:16:21,194 {'epoch': 180, 'lr': 3.6687747380365064e-05, 'train_loss': 0.000283140189528485, 'mae': 0.16000657, 'elapsed_time': 77.62575507164001}
2021-10-15 06:16:21,861 multi task weight : 0.9
2021-10-15 06:17:39,404 {'epoch': 181, 'lr': 3.422702443389899e-05, 'train_loss': 0.00028130967102727605, 'mae': 0.16021343, 'elapsed_time': 77.72163009643555}
2021-10-15 06:17:39,575 multi task weight : 0.9
2021-10-15 06:18:57,288 {'epoch': 182, 'lr': 3.188245767482658e-05, 'train_loss': 0.00028001336399971884, 'mae': 0.16016126, 'elapsed_time': 77.88368821144104}
2021-10-15 06:18:57,461 multi task weight : 0.9
2021-10-15 06:20:15,651 {'epoch': 183, 'lr': 2.965462558991323e-05, 'train_loss': 0.0002782352048054466, 'mae': 0.1600877, 'elapsed_time': 78.36186909675598}
2021-10-15 06:20:15,837 multi task weight : 0.9
2021-10-15 06:21:33,501 {'epoch': 184, 'lr': 2.7544077863390004e-05, 'train_loss': 0.00027656852047966955, 'mae': 0.16006206, 'elapsed_time': 77.85004353523254}
2021-10-15 06:21:33,675 multi task weight : 0.9
2021-10-15 06:22:52,035 {'epoch': 185, 'lr': 2.5551335241327672e-05, 'train_loss': 0.00027544975889917043, 'mae': 0.15994078, 'elapsed_time': 78.53312873840332}
2021-10-15 06:22:52,700 multi task weight : 0.9
2021-10-15 06:24:10,469 {'epoch': 186, 'lr': 2.367688940315011e-05, 'train_loss': 0.0002744275590835659, 'mae': 0.15997012, 'elapsed_time': 77.96158361434937}
2021-10-15 06:24:10,647 multi task weight : 0.9
2021-10-15 06:25:27,974 {'epoch': 187, 'lr': 2.1921202840320077e-05, 'train_loss': 0.0002726132528470043, 'mae': 0.15995553, 'elapsed_time': 77.50463271141052}
2021-10-15 06:25:28,154 multi task weight : 0.9
2021-10-15 06:26:45,505 {'epoch': 188, 'lr': 2.0284708742225903e-05, 'train_loss': 0.00027186484918531557, 'mae': 0.15999898, 'elapsed_time': 77.53103137016296}
2021-10-15 06:26:45,681 multi task weight : 0.9
2021-10-15 06:28:03,022 {'epoch': 189, 'lr': 1.8767810889299086e-05, 'train_loss': 0.00027102983298707157, 'mae': 0.16006486, 'elapsed_time': 77.51630210876465}
2021-10-15 06:28:03,236 multi task weight : 0.9
2021-10-15 06:29:20,666 {'epoch': 190, 'lr': 1.7370883553386936e-05, 'train_loss': 0.0002703271160979809, 'mae': 0.15983139, 'elapsed_time': 77.64333033561707}
2021-10-15 06:29:21,322 multi task weight : 0.9
2021-10-15 06:30:38,742 {'epoch': 191, 'lr': 1.6094271405406862e-05, 'train_loss': 0.0002695296633361565, 'mae': 0.15994045, 'elapsed_time': 77.59151554107666}
2021-10-15 06:30:38,927 multi task weight : 0.9
2021-10-15 06:31:56,822 {'epoch': 192, 'lr': 1.4938289430304022e-05, 'train_loss': 0.00026814613566592563, 'mae': 0.1599546, 'elapsed_time': 78.0790605545044}
2021-10-15 06:31:57,004 multi task weight : 0.9
2021-10-15 06:33:14,767 {'epoch': 193, 'lr': 1.3903222849333509e-05, 'train_loss': 0.00026792012348850094, 'mae': 0.15985091, 'elapsed_time': 77.94460391998291}
2021-10-15 06:33:14,950 multi task weight : 0.9
2021-10-15 06:34:32,932 {'epoch': 194, 'lr': 1.2989327049686102e-05, 'train_loss': 0.0002671493374112428, 'mae': 0.16009112, 'elapsed_time': 78.16462421417236}
2021-10-15 06:34:33,121 multi task weight : 0.9
2021-10-15 06:35:51,117 {'epoch': 195, 'lr': 1.2196827521475404e-05, 'train_loss': 0.00026657494446022015, 'mae': 0.1599943, 'elapsed_time': 78.18421006202698}
2021-10-15 06:35:51,311 multi task weight : 0.9
2021-10-15 06:37:08,953 {'epoch': 196, 'lr': 1.152591980210166e-05, 'train_loss': 0.0002658205948994699, 'mae': 0.15994164, 'elapsed_time': 77.83612251281738}
2021-10-15 06:37:09,141 multi task weight : 0.9
2021-10-15 06:38:26,617 {'epoch': 197, 'lr': 1.097676942800558e-05, 'train_loss': 0.0002657792141822749, 'mae': 0.15990803, 'elapsed_time': 77.66322112083435}
2021-10-15 06:38:26,801 multi task weight : 0.9
2021-10-15 06:39:44,604 {'epoch': 198, 'lr': 1.0549511893824899e-05, 'train_loss': 0.0002653270795993196, 'mae': 0.15997654, 'elapsed_time': 77.98693084716797}
2021-10-15 06:39:44,788 multi task weight : 0.9
2021-10-15 06:41:01,895 {'epoch': 199, 'lr': 1.0244252618962858e-05, 'train_loss': 0.0002647196943146492, 'mae': 0.15993573, 'elapsed_time': 77.2899317741394}
2021-10-15 06:41:02,084 multi task weight : 0.9
2021-10-15 06:42:19,421 {'epoch': 200, 'lr': 1.006106692157801e-05, 'train_loss': 0.00026418179806847697, 'mae': 0.1599876, 'elapsed_time': 77.52595782279968}
