2021-10-12 08:17:28,793 Fold 0
2021-10-12 08:17:32,389 train run device : cuda:0
2021-10-12 08:17:55,599 multi task weight : 1.0
2021-10-12 08:18:10,906 {'epoch': 1, 'lr': 0.005, 'train_loss': 0.008680567933361288, 'mae': 2.042109268222087, 'elapsed_time': 15.707154273986816}
2021-10-12 08:18:11,278 multi task weight : 1.0
2021-10-12 08:18:26,518 {'epoch': 2, 'lr': 0.004995076687428538, 'train_loss': 0.007190779315627435, 'mae': 1.762333071818407, 'elapsed_time': 15.57189393043518}
2021-10-12 08:18:26,871 multi task weight : 1.0
2021-10-12 08:18:42,175 {'epoch': 3, 'lr': 0.004980326179779623, 'train_loss': 0.006753345030360541, 'mae': 1.2224675662807665, 'elapsed_time': 15.614918231964111}
2021-10-12 08:18:42,550 multi task weight : 1.0
2021-10-12 08:18:57,930 {'epoch': 4, 'lr': 0.0049558066905680785, 'train_loss': 0.006500012105154312, 'mae': 1.0881042737976856, 'elapsed_time': 15.711451292037964}
2021-10-12 08:18:58,345 multi task weight : 1.0
2021-10-12 08:19:13,708 {'epoch': 5, 'lr': 0.004921614987015935, 'train_loss': 0.0062564077205101805, 'mae': 0.8462350925461573, 'elapsed_time': 15.734144449234009}
2021-10-12 08:19:14,099 multi task weight : 1.0
2021-10-12 08:19:29,463 {'epoch': 6, 'lr': 0.004877886008156408, 'train_loss': 0.006049439601348361, 'mae': 0.7175223200447768, 'elapsed_time': 15.70910120010376}
2021-10-12 08:19:29,887 multi task weight : 1.0
2021-10-12 08:19:45,153 {'epoch': 7, 'lr': 0.004824792332291187, 'train_loss': 0.005938599206818264, 'mae': 0.696425959055681, 'elapsed_time': 15.64630913734436}
2021-10-12 08:19:45,521 multi task weight : 1.0
2021-10-12 08:20:00,878 {'epoch': 8, 'lr': 0.004762543495902719, 'train_loss': 0.005830957523792133, 'mae': 0.5903239038863054, 'elapsed_time': 15.68110203742981}
2021-10-12 08:20:01,262 multi task weight : 1.0
2021-10-12 08:20:16,528 {'epoch': 9, 'lr': 0.00469138516670944, 'train_loss': 0.005661085301317704, 'mae': 0.55878229047878, 'elapsed_time': 15.60515284538269}
2021-10-12 08:20:16,931 multi task weight : 1.0
2021-10-12 08:20:32,187 {'epoch': 10, 'lr': 0.004611598174127528, 'train_loss': 0.005524977842176727, 'mae': 0.5519310743831682, 'elapsed_time': 15.614429473876953}
2021-10-12 08:20:32,559 multi task weight : 1.0
2021-10-12 08:20:47,843 {'epoch': 11, 'lr': 0.004523497400965494, 'train_loss': 0.005432686274852715, 'mae': 0.4645023622207218, 'elapsed_time': 15.613610744476318}
2021-10-12 08:20:48,236 multi task weight : 1.0
2021-10-12 08:21:03,559 {'epoch': 12, 'lr': 0.004427430540725594, 'train_loss': 0.005368314964870809, 'mae': 0.5545485653001538, 'elapsed_time': 15.6711266040802}
2021-10-12 08:21:03,905 multi task weight : 1.0
2021-10-12 08:21:19,218 {'epoch': 13, 'lr': 0.004323776725416422, 'train_loss': 0.005356302424880193, 'mae': 0.44647942213514996, 'elapsed_time': 15.658769845962524}
2021-10-12 08:21:19,605 multi task weight : 1.0
2021-10-12 08:21:34,862 {'epoch': 14, 'lr': 0.004212945029292078, 'train_loss': 0.005215093116242022, 'mae': 0.42598386636830865, 'elapsed_time': 15.599640369415283}
2021-10-12 08:21:35,246 multi task weight : 1.0
2021-10-12 08:21:50,480 {'epoch': 15, 'lr': 0.004095372854422981, 'train_loss': 0.0051933750046097415, 'mae': 0.40741641907651016, 'elapsed_time': 15.572303771972656}
2021-10-12 08:21:50,854 multi task weight : 1.0
2021-10-12 08:22:06,056 {'epoch': 16, 'lr': 0.003971524204469721, 'train_loss': 0.005117660950476796, 'mae': 0.3818839315776721, 'elapsed_time': 15.533092021942139}
2021-10-12 08:22:06,449 multi task weight : 1.0
2021-10-12 08:22:21,730 {'epoch': 17, 'lr': 0.003841887853472597, 'train_loss': 0.005061767151057128, 'mae': 0.40640834101124457, 'elapsed_time': 15.625303268432617}
2021-10-12 08:22:22,129 multi task weight : 1.0
2021-10-12 08:22:37,375 {'epoch': 18, 'lr': 0.00370697541688378, 'train_loss': 0.005011310401225106, 'mae': 0.3470427017560624, 'elapsed_time': 15.643943309783936}
2021-10-12 08:22:37,743 multi task weight : 1.0
2021-10-12 08:22:53,103 {'epoch': 19, 'lr': 0.003567319332454857, 'train_loss': 0.004981574224588332, 'mae': 0.34554290339547056, 'elapsed_time': 15.684542417526245}
2021-10-12 08:22:53,527 multi task weight : 1.0
2021-10-12 08:23:08,839 {'epoch': 20, 'lr': 0.0034234707589482724, 'train_loss': 0.004929691264769982, 'mae': 0.33645915393907916, 'elapsed_time': 15.69084644317627}
2021-10-12 08:23:09,267 multi task weight : 1.0
2021-10-12 08:23:24,657 {'epoch': 21, 'lr': 0.0032759974009654944, 'train_loss': 0.004881818117567685, 'mae': 0.3494908898768352, 'elapsed_time': 15.771928787231445}
2021-10-12 08:23:24,992 multi task weight : 1.0
2021-10-12 08:23:40,252 {'epoch': 22, 'lr': 0.003125481268476313, 'train_loss': 0.004850345435246796, 'mae': 0.3254704708737187, 'elapsed_time': 15.595192909240723}
2021-10-12 08:23:40,666 multi task weight : 1.0
2021-10-12 08:23:55,961 {'epoch': 23, 'lr': 0.002972516379891384, 'train_loss': 0.004818400181706493, 'mae': 0.3153901266643755, 'elapsed_time': 15.665364742279053}
2021-10-12 08:23:56,351 multi task weight : 1.0
2021-10-12 08:24:11,603 {'epoch': 24, 'lr': 0.0028177064177429406, 'train_loss': 0.004761112269539956, 'mae': 0.3122257364005796, 'elapsed_time': 15.596564054489136}
2021-10-12 08:24:11,983 multi task weight : 1.0
2021-10-12 08:24:27,297 {'epoch': 25, 'lr': 0.002661662346225638, 'train_loss': 0.0047310997193186705, 'mae': 0.3037076251154718, 'elapsed_time': 15.650188684463501}
2021-10-12 08:24:27,688 multi task weight : 1.0
2021-10-12 08:24:42,879 {'epoch': 26, 'lr': 0.0025050000000000007, 'train_loss': 0.004701063212691118, 'mae': 0.3089716931280049, 'elapsed_time': 15.537104845046997}
2021-10-12 08:24:43,270 multi task weight : 1.0
2021-10-12 08:24:58,530 {'epoch': 27, 'lr': 0.002348337653774364, 'train_loss': 0.004675585422553788, 'mae': 0.30210086254833746, 'elapsed_time': 15.651264190673828}
2021-10-12 08:24:58,925 multi task weight : 1.0
2021-10-12 08:25:14,156 {'epoch': 28, 'lr': 0.0021922935822570617, 'train_loss': 0.004637922930196076, 'mae': 0.29814369344556124, 'elapsed_time': 15.581865787506104}
2021-10-12 08:25:14,542 multi task weight : 1.0
2021-10-12 08:25:29,733 {'epoch': 29, 'lr': 0.0020374836201086178, 'train_loss': 0.004609030137558185, 'mae': 0.27885037304837296, 'elapsed_time': 15.532402515411377}
2021-10-12 08:25:30,136 multi task weight : 1.0
2021-10-12 08:25:45,304 {'epoch': 30, 'lr': 0.001884518731523688, 'train_loss': 0.004579666843471186, 'mae': 0.28926558726036666, 'elapsed_time': 15.528125047683716}
2021-10-12 08:25:45,647 multi task weight : 1.0
2021-10-12 08:26:00,796 {'epoch': 31, 'lr': 0.0017340025990345077, 'train_loss': 0.004547171631421847, 'mae': 0.2763727104654722, 'elapsed_time': 15.491189956665039}
2021-10-12 08:26:01,180 multi task weight : 1.0
2021-10-12 08:26:16,319 {'epoch': 32, 'lr': 0.0015865292410517297, 'train_loss': 0.004510633411432751, 'mae': 0.26985071262931537, 'elapsed_time': 15.4786696434021}
2021-10-12 08:26:16,698 multi task weight : 1.0
2021-10-12 08:26:31,886 {'epoch': 33, 'lr': 0.0014426806675451442, 'train_loss': 0.00448270688948053, 'mae': 0.25948524114694915, 'elapsed_time': 15.522561073303223}
2021-10-12 08:26:32,310 multi task weight : 1.0
2021-10-12 08:26:47,485 {'epoch': 34, 'lr': 0.0013030245831162203, 'train_loss': 0.0044544150688697205, 'mae': 0.25794371039064357, 'elapsed_time': 15.551785469055176}
2021-10-12 08:26:47,877 multi task weight : 1.0
2021-10-12 08:27:03,128 {'epoch': 35, 'lr': 0.001168112146527403, 'train_loss': 0.004430862485058976, 'mae': 0.25960892023226606, 'elapsed_time': 15.599838256835938}
2021-10-12 08:27:03,476 multi task weight : 1.0
2021-10-12 08:27:18,637 {'epoch': 36, 'lr': 0.00103847579553028, 'train_loss': 0.004405090854687751, 'mae': 0.25543612343658534, 'elapsed_time': 15.508487939834595}
2021-10-12 08:27:19,010 multi task weight : 1.0
2021-10-12 08:27:34,149 {'epoch': 37, 'lr': 0.0009146271455770192, 'train_loss': 0.004380905888900605, 'mae': 0.25460865036172226, 'elapsed_time': 15.467748880386353}
2021-10-12 08:27:34,564 multi task weight : 1.0
2021-10-12 08:27:49,734 {'epoch': 38, 'lr': 0.0007970549707079218, 'train_loss': 0.004357853810308468, 'mae': 0.24831162811451982, 'elapsed_time': 15.54067325592041}
2021-10-12 08:27:50,143 multi task weight : 1.0
2021-10-12 08:28:05,296 {'epoch': 39, 'lr': 0.0006862232745835789, 'train_loss': 0.004332371375037788, 'mae': 0.24726455541039583, 'elapsed_time': 15.517772674560547}
2021-10-12 08:28:05,687 multi task weight : 1.0
2021-10-12 08:28:20,948 {'epoch': 40, 'lr': 0.0005825694592744062, 'train_loss': 0.004312459430290106, 'mae': 0.24484905687327788, 'elapsed_time': 15.609706163406372}
2021-10-12 08:28:21,318 multi task weight : 1.0
2021-10-12 08:28:36,575 {'epoch': 41, 'lr': 0.00048650259903450645, 'train_loss': 0.004291731510200273, 'mae': 0.24243247802729254, 'elapsed_time': 15.582894802093506}
2021-10-12 08:28:36,961 multi task weight : 1.0
2021-10-12 08:28:52,132 {'epoch': 42, 'lr': 0.000398401825872473, 'train_loss': 0.0042755040093871285, 'mae': 0.24148193524293798, 'elapsed_time': 15.513925313949585}
2021-10-12 08:28:52,623 multi task weight : 1.0
2021-10-12 08:29:07,719 {'epoch': 43, 'lr': 0.0003186148332905604, 'train_loss': 0.004259881205397619, 'mae': 0.23909313415039607, 'elapsed_time': 15.539831399917603}
2021-10-12 08:29:08,094 multi task weight : 1.0
2021-10-12 08:29:23,257 {'epoch': 44, 'lr': 0.0002474565040972818, 'train_loss': 0.004247699722381045, 'mae': 0.2387509109578528, 'elapsed_time': 15.494009256362915}
2021-10-12 08:29:23,629 multi task weight : 1.0
2021-10-12 08:29:38,807 {'epoch': 45, 'lr': 0.0001852076677088129, 'train_loss': 0.004235535962760172, 'mae': 0.23840500822270075, 'elapsed_time': 15.507344245910645}
2021-10-12 08:29:39,233 multi task weight : 1.0
2021-10-12 08:29:54,526 {'epoch': 46, 'lr': 0.00013211399184359196, 'train_loss': 0.004226242243809128, 'mae': 0.23799296259175334, 'elapsed_time': 15.674253702163696}
2021-10-12 08:29:54,939 multi task weight : 1.0
2021-10-12 08:30:10,159 {'epoch': 47, 'lr': 8.838501298406574e-05, 'train_loss': 0.004217841208099608, 'mae': 0.23674700050565026, 'elapsed_time': 15.589093685150146}
2021-10-12 08:30:10,554 multi task weight : 1.0
2021-10-12 08:30:25,764 {'epoch': 48, 'lr': 5.4193309431921635e-05, 'train_loss': 0.004212142360218318, 'mae': 0.23645664888282156, 'elapsed_time': 15.561886072158813}
2021-10-12 08:30:26,137 multi task weight : 1.0
2021-10-12 08:30:41,388 {'epoch': 49, 'lr': 2.9673820220377978e-05, 'train_loss': 0.004208232820863515, 'mae': 0.23663589279504316, 'elapsed_time': 15.57919454574585}
2021-10-12 08:30:41,706 multi task weight : 1.0
2021-10-12 08:30:56,859 {'epoch': 50, 'lr': 1.4923312571462463e-05, 'train_loss': 0.004205489288978501, 'mae': 0.23624287434560012, 'elapsed_time': 15.470702171325684}
2021-10-12 08:31:28,514 Total CV: 0.23624287434560012
