2021-10-12 23:50:05,278 Fold 0
2021-10-12 23:50:08,909 train run device : cuda:0
2021-10-12 23:56:19,540 Fold 0
2021-10-12 23:56:23,103 train run device : cuda:0
2021-10-12 23:56:47,540 multi task weight : 1.0
2021-10-12 23:57:12,385 {'epoch': 1, 'lr': 0.0, 'train_loss': 0.013364426618857918, 'mae': 21.7409856253752, 'elapsed_time': 25.84656572341919}
2021-10-12 23:57:12,965 multi task weight : 1.0
2021-10-12 23:57:37,896 {'epoch': 2, 'lr': 0.001, 'train_loss': 0.00875579130973462, 'mae': 2.211335407105072, 'elapsed_time': 25.25643515586853}
2021-10-12 23:57:38,408 multi task weight : 1.0
2021-10-12 23:58:03,521 {'epoch': 3, 'lr': 0.002, 'train_loss': 0.007301578930942644, 'mae': 1.3442637932216543, 'elapsed_time': 25.486932277679443}
2021-10-12 23:58:03,997 multi task weight : 1.0
2021-10-12 23:58:29,257 {'epoch': 4, 'lr': 0.003, 'train_loss': 0.006855981712549865, 'mae': 1.1134796497699126, 'elapsed_time': 25.592360258102417}
2021-10-12 23:58:29,724 multi task weight : 1.0
2021-10-12 23:58:54,840 {'epoch': 5, 'lr': 0.004, 'train_loss': 0.006656224049030352, 'mae': 1.0384617418720652, 'elapsed_time': 25.44127058982849}
2021-10-12 23:58:55,340 multi task weight : 1.0
2021-10-12 23:59:20,455 {'epoch': 6, 'lr': 0.005, 'train_loss': 0.006299738306490454, 'mae': 0.8054496407562044, 'elapsed_time': 25.423434734344482}
2021-10-12 23:59:20,945 multi task weight : 1.0
2021-10-12 23:59:45,918 {'epoch': 7, 'lr': 0.004993910125649561, 'train_loss': 0.006089217884798094, 'mae': 0.8099702081336045, 'elapsed_time': 25.317528009414673}
2021-10-12 23:59:46,246 multi task weight : 1.0
2021-10-13 00:00:11,454 {'epoch': 8, 'lr': 0.004975670171853926, 'train_loss': 0.00583220589943008, 'mae': 0.704845245787698, 'elapsed_time': 25.535316705703735}
2021-10-13 00:00:11,940 multi task weight : 1.0
2021-10-13 00:00:36,974 {'epoch': 9, 'lr': 0.004945369001834514, 'train_loss': 0.00564672165631142, 'mae': 0.5698262178409748, 'elapsed_time': 25.37675142288208}
2021-10-13 00:00:37,457 multi task weight : 1.0
2021-10-13 00:01:02,554 {'epoch': 10, 'lr': 0.004903154239845798, 'train_loss': 0.0054630380383068715, 'mae': 0.48713318514191817, 'elapsed_time': 25.43833041191101}
2021-10-13 00:01:03,082 multi task weight : 1.0
2021-10-13 00:01:28,227 {'epoch': 11, 'lr': 0.0048492315519647715, 'train_loss': 0.005382701136403877, 'mae': 0.486919427985595, 'elapsed_time': 25.529021978378296}
2021-10-13 00:01:28,689 multi task weight : 1.0
2021-10-13 00:01:53,643 {'epoch': 12, 'lr': 0.004783863644106502, 'train_loss': 0.005235434486978175, 'mae': 0.4447729054724712, 'elapsed_time': 25.275968074798584}
2021-10-13 00:01:54,148 multi task weight : 1.0
2021-10-13 00:02:19,234 {'epoch': 13, 'lr': 0.0047073689821473174, 'train_loss': 0.005212677808847548, 'mae': 0.3867247606657731, 'elapsed_time': 25.44656229019165}
2021-10-13 00:02:19,697 multi task weight : 1.0
2021-10-13 00:02:44,838 {'epoch': 14, 'lr': 0.004620120240391065, 'train_loss': 0.005077968613843874, 'mae': 0.38962427691651014, 'elapsed_time': 25.462249755859375}
2021-10-13 00:02:45,175 multi task weight : 1.0
2021-10-13 00:03:10,250 {'epoch': 15, 'lr': 0.0045225424859373685, 'train_loss': 0.005008271615026485, 'mae': 0.3743547609808821, 'elapsed_time': 25.411562204360962}
2021-10-13 00:03:10,713 multi task weight : 1.0
2021-10-13 00:03:35,880 {'epoch': 16, 'lr': 0.004415111107797445, 'train_loss': 0.004956494039696048, 'mae': 0.3821039844293609, 'elapsed_time': 25.48932671546936}
2021-10-13 00:03:36,228 multi task weight : 1.0
2021-10-13 00:04:01,192 {'epoch': 17, 'lr': 0.004298349500846628, 'train_loss': 0.0048859549722109034, 'mae': 0.3560323849871206, 'elapsed_time': 25.31213903427124}
2021-10-13 00:04:01,652 multi task weight : 1.0
2021-10-13 00:04:26,671 {'epoch': 18, 'lr': 0.0041728265158971455, 'train_loss': 0.004834470455025584, 'mae': 0.3332035980286113, 'elapsed_time': 25.338055849075317}
2021-10-13 00:04:27,132 multi task weight : 1.0
2021-10-13 00:04:52,206 {'epoch': 19, 'lr': 0.0040391536883141455, 'train_loss': 0.004793055200513583, 'mae': 0.334028613041722, 'elapsed_time': 25.393264532089233}
2021-10-13 00:04:52,539 multi task weight : 1.0
2021-10-13 00:05:17,581 {'epoch': 20, 'lr': 0.003897982258676867, 'train_loss': 0.004756274698900813, 'mae': 0.3121430028973871, 'elapsed_time': 25.37488031387329}
2021-10-13 00:05:18,045 multi task weight : 1.0
2021-10-13 00:05:43,181 {'epoch': 21, 'lr': 0.00375, 'train_loss': 0.004697391594222557, 'mae': 0.3053369513107378, 'elapsed_time': 25.46519637107849}
2021-10-13 00:05:43,670 multi task weight : 1.0
2021-10-13 00:06:08,652 {'epoch': 22, 'lr': 0.003595927866972694, 'train_loss': 0.004638017693286388, 'mae': 0.2931982082543802, 'elapsed_time': 25.33891534805298}
2021-10-13 00:06:09,112 multi task weight : 1.0
2021-10-13 00:06:34,186 {'epoch': 23, 'lr': 0.0034365164835397804, 'train_loss': 0.004603683304676084, 'mae': 0.2893865007605798, 'elapsed_time': 25.396743535995483}
2021-10-13 00:06:34,664 multi task weight : 1.0
2021-10-13 00:06:59,659 {'epoch': 24, 'lr': 0.0032725424859373687, 'train_loss': 0.004543117796687435, 'mae': 0.27801293190798343, 'elapsed_time': 25.329978704452515}
2021-10-13 00:07:00,129 multi task weight : 1.0
2021-10-13 00:07:25,109 {'epoch': 25, 'lr': 0.0031048047389991692, 'train_loss': 0.004504837580593, 'mae': 0.2681607820538893, 'elapsed_time': 25.30305314064026}
2021-10-13 00:07:25,585 multi task weight : 1.0
2021-10-13 00:07:50,553 {'epoch': 26, 'lr': 0.0029341204441673263, 'train_loss': 0.004456041390884784, 'mae': 0.2902525080396581, 'elapsed_time': 25.301305294036865}
2021-10-13 00:07:50,900 multi task weight : 1.0
2021-10-13 00:08:15,808 {'epoch': 27, 'lr': 0.0027613211581691338, 'train_loss': 0.004418143430555633, 'mae': 0.26824626952432706, 'elapsed_time': 25.254987955093384}
2021-10-13 00:08:16,163 multi task weight : 1.0
2021-10-13 00:08:41,040 {'epoch': 28, 'lr': 0.002587248741756253, 'train_loss': 0.004372378869748732, 'mae': 0.2609300964822105, 'elapsed_time': 25.23154878616333}
2021-10-13 00:08:41,522 multi task weight : 1.0
2021-10-13 00:09:06,366 {'epoch': 29, 'lr': 0.0024127512582437483, 'train_loss': 0.004323327569000922, 'mae': 0.257962890119455, 'elapsed_time': 25.1858069896698}
2021-10-13 00:09:06,869 multi task weight : 1.0
2021-10-13 00:09:31,738 {'epoch': 30, 'lr': 0.0022386788418308668, 'train_loss': 0.00427653311182127, 'mae': 0.25054343438760174, 'elapsed_time': 25.22679901123047}
2021-10-13 00:09:32,204 multi task weight : 1.0
2021-10-13 00:09:57,247 {'epoch': 31, 'lr': 0.0020658795558326742, 'train_loss': 0.004231980571373951, 'mae': 0.2432412320127256, 'elapsed_time': 25.367746114730835}
2021-10-13 00:09:57,716 multi task weight : 1.0
2021-10-13 00:10:22,845 {'epoch': 32, 'lr': 0.001895195261000831, 'train_loss': 0.004180353093889868, 'mae': 0.24103826655729105, 'elapsed_time': 25.45679497718811}
2021-10-13 00:10:23,338 multi task weight : 1.0
2021-10-13 00:10:48,483 {'epoch': 33, 'lr': 0.0017274575140626316, 'train_loss': 0.004131496470048777, 'mae': 0.23793111739598646, 'elapsed_time': 25.488329648971558}
2021-10-13 00:10:48,953 multi task weight : 1.0
2021-10-13 00:11:13,848 {'epoch': 34, 'lr': 0.00156348351646022, 'train_loss': 0.004087181941336397, 'mae': 0.23415777324604267, 'elapsed_time': 25.225290298461914}
2021-10-13 00:11:14,321 multi task weight : 1.0
2021-10-13 00:11:39,195 {'epoch': 35, 'lr': 0.0014040721330273063, 'train_loss': 0.004037023542573548, 'mae': 0.23104033510702576, 'elapsed_time': 25.203933238983154}
2021-10-13 00:11:39,671 multi task weight : 1.0
2021-10-13 00:12:04,667 {'epoch': 36, 'lr': 0.0012500000000000007, 'train_loss': 0.0039902049038408605, 'mae': 0.22731334733669065, 'elapsed_time': 25.334410667419434}
2021-10-13 00:12:05,159 multi task weight : 1.0
2021-10-13 00:12:30,177 {'epoch': 37, 'lr': 0.0011020177413231334, 'train_loss': 0.003953427028940402, 'mae': 0.22752113622857706, 'elapsed_time': 25.37059712409973}
2021-10-13 00:12:30,541 multi task weight : 1.0
2021-10-13 00:12:55,539 {'epoch': 38, 'lr': 0.0009608463116858543, 'train_loss': 0.0039110003855151, 'mae': 0.22203546517017259, 'elapsed_time': 25.36194682121277}
2021-10-13 00:12:56,021 multi task weight : 1.0
2021-10-13 00:13:21,101 {'epoch': 39, 'lr': 0.0008271734841028553, 'train_loss': 0.003859705819129312, 'mae': 0.2228842656432696, 'elapsed_time': 25.419854879379272}
2021-10-13 00:13:21,420 multi task weight : 1.0
2021-10-13 00:13:46,431 {'epoch': 40, 'lr': 0.0007016504991533726, 'train_loss': 0.0038218838616346507, 'mae': 0.21911691623846877, 'elapsed_time': 25.329230070114136}
2021-10-13 00:13:46,890 multi task weight : 1.0
2021-10-13 00:14:11,988 {'epoch': 41, 'lr': 0.0005848888922025552, 'train_loss': 0.003783631978483687, 'mae': 0.2191667881573174, 'elapsed_time': 25.41343379020691}
2021-10-13 00:14:12,366 multi task weight : 1.0
2021-10-13 00:14:37,464 {'epoch': 42, 'lr': 0.00047745751406263163, 'train_loss': 0.0037479876504187713, 'mae': 0.2181746517945322, 'elapsed_time': 25.476147890090942}
2021-10-13 00:14:37,951 multi task weight : 1.0
2021-10-13 00:15:03,080 {'epoch': 43, 'lr': 0.0003798797596089351, 'train_loss': 0.0037193761924942097, 'mae': 0.21598965168188664, 'elapsed_time': 25.469780921936035}
2021-10-13 00:15:03,554 multi task weight : 1.0
2021-10-13 00:15:28,540 {'epoch': 44, 'lr': 0.00029263101785268256, 'train_loss': 0.0036935514571099504, 'mae': 0.21605855788564718, 'elapsed_time': 25.312183618545532}
2021-10-13 00:15:28,891 multi task weight : 1.0
2021-10-13 00:15:53,902 {'epoch': 45, 'lr': 0.00021613635589349755, 'train_loss': 0.0036705446270935737, 'mae': 0.21519916812959913, 'elapsed_time': 25.361587524414062}
2021-10-13 00:15:54,389 multi task weight : 1.0
2021-10-13 00:16:19,491 {'epoch': 46, 'lr': 0.00015076844803522921, 'train_loss': 0.0036528913665876393, 'mae': 0.21539283833378223, 'elapsed_time': 25.453224897384644}
2021-10-13 00:16:19,825 multi task weight : 1.0
2021-10-13 00:16:44,864 {'epoch': 47, 'lr': 9.684576015420277e-05, 'train_loss': 0.003638688707446483, 'mae': 0.21472113430335626, 'elapsed_time': 25.372244119644165}
2021-10-13 00:16:45,360 multi task weight : 1.0
2021-10-13 00:17:10,356 {'epoch': 48, 'lr': 5.4630998165485776e-05, 'train_loss': 0.0036280465311684935, 'mae': 0.21475781222359264, 'elapsed_time': 25.35321569442749}
2021-10-13 00:17:10,689 multi task weight : 1.0
2021-10-13 00:17:35,651 {'epoch': 49, 'lr': 2.4329828146074097e-05, 'train_loss': 0.00362111394613922, 'mae': 0.21474983203782544, 'elapsed_time': 25.295377254486084}
2021-10-13 00:17:36,020 multi task weight : 1.0
2021-10-13 00:18:00,956 {'epoch': 50, 'lr': 6.089874350439506e-06, 'train_loss': 0.0036166258368609044, 'mae': 0.21489838347192353, 'elapsed_time': 25.303807735443115}
2021-10-13 00:18:36,223 Total CV: 0.21472113430335626
