2021-10-06 02:30:28,185 Fold 0
2021-10-06 02:58:35,293 Fold 0
2021-10-06 02:58:39,160 train run device : cuda:0
2021-10-06 03:00:13,817 {'epoch': 1, 'lr': 0.001, 'train_loss': 0.012791242241622439, 'mae': 1.452934, 'elapsed_time': 72.65871405601501}
2021-10-06 03:01:27,019 {'epoch': 2, 'lr': 0.000999938933078422, 'train_loss': 0.005449197928170007, 'mae': 1.0426123, 'elapsed_time': 72.77314352989197}
2021-10-06 03:02:40,320 {'epoch': 3, 'lr': 0.000999755747381037, 'train_loss': 0.004792588424848514, 'mae': 0.93685585, 'elapsed_time': 72.85162353515625}
2021-10-06 03:03:53,654 {'epoch': 4, 'lr': 0.000999450488106175, 'train_loss': 0.004492180287403488, 'mae': 0.9218248, 'elapsed_time': 72.86499524116516}
2021-10-06 03:05:07,024 {'epoch': 5, 'lr': 0.0009990232305719944, 'train_loss': 0.004050938391563038, 'mae': 0.7750777, 'elapsed_time': 72.9166030883789}
2021-10-06 03:06:20,463 {'epoch': 6, 'lr': 0.0009984740801978983, 'train_loss': 0.0038654089961484856, 'mae': 0.73607683, 'elapsed_time': 72.97422122955322}
2021-10-06 03:07:33,976 {'epoch': 7, 'lr': 0.0009978031724785245, 'train_loss': 0.0035064301367742955, 'mae': 0.6572602, 'elapsed_time': 73.05232119560242}
2021-10-06 03:08:47,442 {'epoch': 8, 'lr': 0.000997010672950314, 'train_loss': 0.003526786343991322, 'mae': 0.6530816, 'elapsed_time': 73.03384733200073}
2021-10-06 03:10:01,032 {'epoch': 9, 'lr': 0.0009960967771506664, 'train_loss': 0.0033655329679637023, 'mae': 0.6856036, 'elapsed_time': 73.13326168060303}
2021-10-06 03:11:14,009 {'epoch': 10, 'lr': 0.0009950617105696957, 'train_loss': 0.0031447114214310985, 'mae': 0.6318145, 'elapsed_time': 72.97658085823059}
2021-10-06 03:12:27,413 {'epoch': 11, 'lr': 0.0009939057285945929, 'train_loss': 0.003138381403712266, 'mae': 0.54479516, 'elapsed_time': 72.96229863166809}
2021-10-06 03:13:40,993 {'epoch': 12, 'lr': 0.0009926291164466126, 'train_loss': 0.002877130523333888, 'mae': 0.5705437, 'elapsed_time': 73.10962677001953}
2021-10-06 03:14:53,980 {'epoch': 13, 'lr': 0.0009912321891107005, 'train_loss': 0.002890024039921498, 'mae': 0.5133149, 'elapsed_time': 72.98666524887085}
2021-10-06 03:16:07,365 {'epoch': 14, 'lr': 0.0009897152912577737, 'train_loss': 0.0027247681463294033, 'mae': 0.47188318, 'elapsed_time': 72.94031476974487}
2021-10-06 03:17:20,890 {'epoch': 15, 'lr': 0.0009880787971596797, 'train_loss': 0.00269810245863012, 'mae': 0.45011133, 'elapsed_time': 73.07933473587036}
2021-10-06 03:18:34,650 {'epoch': 16, 'lr': 0.0009863231105968495, 'train_loss': 0.0027392757973819476, 'mae': 0.50140435, 'elapsed_time': 73.28857469558716}
2021-10-06 03:19:47,834 {'epoch': 17, 'lr': 0.000984448664758672, 'train_loss': 0.0026346403806710417, 'mae': 0.49463853, 'elapsed_time': 73.18328905105591}
2021-10-06 03:21:00,938 {'epoch': 18, 'lr': 0.0009824559221366096, 'train_loss': 0.0025064010827291713, 'mae': 0.44759625, 'elapsed_time': 73.10412549972534}
2021-10-06 03:22:14,533 {'epoch': 19, 'lr': 0.0009803453744100864, 'train_loss': 0.0024559567433722054, 'mae': 0.40240368, 'elapsed_time': 73.12239718437195}
2021-10-06 03:23:28,420 {'epoch': 20, 'lr': 0.0009781175423251728, 'train_loss': 0.002484297601295039, 'mae': 0.4197072, 'elapsed_time': 73.42148399353027}
2021-10-06 03:24:42,514 {'epoch': 21, 'lr': 0.0009757729755661004, 'train_loss': 0.0024559910933137177, 'mae': 0.40397865, 'elapsed_time': 74.09408259391785}
2021-10-06 03:25:56,537 {'epoch': 22, 'lr': 0.0009733122526196342, 'train_loss': 0.002338436577713513, 'mae': 0.4141879, 'elapsed_time': 74.02272319793701}
2021-10-06 03:27:10,583 {'epoch': 23, 'lr': 0.000970735980632341, 'train_loss': 0.0023665757665893273, 'mae': 0.42432663, 'elapsed_time': 74.04502201080322}
2021-10-06 03:28:24,664 {'epoch': 24, 'lr': 0.0009680447952607838, 'train_loss': 0.0022901540781347226, 'mae': 0.36381015, 'elapsed_time': 74.08027768135071}
2021-10-06 03:29:39,136 {'epoch': 25, 'lr': 0.0009652393605146839, 'train_loss': 0.0022827681603318733, 'mae': 0.42460465, 'elapsed_time': 74.01081848144531}
2021-10-06 03:30:53,498 {'epoch': 26, 'lr': 0.0009623203685930864, 'train_loss': 0.0022031641654754173, 'mae': 0.36595824, 'elapsed_time': 74.36133027076721}
2021-10-06 03:32:07,773 {'epoch': 27, 'lr': 0.00095928853971357, 'train_loss': 0.0021575674868878187, 'mae': 0.4500292, 'elapsed_time': 74.27493023872375}
2021-10-06 03:33:21,911 {'epoch': 28, 'lr': 0.0009561446219345448, 'train_loss': 0.002162989913291533, 'mae': 0.3863079, 'elapsed_time': 74.13750100135803}
2021-10-06 03:34:36,001 {'epoch': 29, 'lr': 0.0009528893909706791, 'train_loss': 0.0022606412189499756, 'mae': 0.33936346, 'elapsed_time': 74.0893828868866}
2021-10-06 03:35:50,507 {'epoch': 30, 'lr': 0.0009495236500015041, 'train_loss': 0.0021632676194881747, 'mae': 0.35215452, 'elapsed_time': 74.03900814056396}
2021-10-06 03:37:04,587 {'epoch': 31, 'lr': 0.0009460482294732414, 'train_loss': 0.0020539673184759967, 'mae': 0.38022804, 'elapsed_time': 74.07978963851929}
2021-10-06 03:38:18,834 {'epoch': 32, 'lr': 0.0009424639868939027, 'train_loss': 0.002005228445901627, 'mae': 0.33247623, 'elapsed_time': 74.24647045135498}
2021-10-06 03:39:33,457 {'epoch': 33, 'lr': 0.0009387718066217117, 'train_loss': 0.0020728610949732754, 'mae': 0.32593894, 'elapsed_time': 74.16140627861023}
2021-10-06 03:40:48,279 {'epoch': 34, 'lr': 0.000934972599646904, 'train_loss': 0.0019515797999459753, 'mae': 0.356269, 'elapsed_time': 74.35911273956299}
2021-10-06 03:42:02,578 {'epoch': 35, 'lr': 0.0009310673033669515, 'train_loss': 0.001918561332485706, 'mae': 0.3469962, 'elapsed_time': 74.29866814613342}
2021-10-06 03:43:16,972 {'epoch': 36, 'lr': 0.0009270568813552751, 'train_loss': 0.0019107522320735526, 'mae': 0.33771354, 'elapsed_time': 74.39349341392517}
2021-10-06 03:44:31,340 {'epoch': 37, 'lr': 0.0009229423231234969, 'train_loss': 0.0019219431226284319, 'mae': 0.3812319, 'elapsed_time': 74.36807465553284}
2021-10-06 03:45:45,402 {'epoch': 38, 'lr': 0.0009187246438772933, 'train_loss': 0.0019275338822856022, 'mae': 0.29191053, 'elapsed_time': 74.06105542182922}
2021-10-06 03:46:59,762 {'epoch': 39, 'lr': 0.0009144048842659075, 'train_loss': 0.002218813625904327, 'mae': 0.32154405, 'elapsed_time': 73.89158701896667}
2021-10-06 03:48:13,573 {'epoch': 40, 'lr': 0.0009099841101253861, 'train_loss': 0.0020446110272383834, 'mae': 0.39379066, 'elapsed_time': 73.81035423278809}
2021-10-06 03:49:27,526 {'epoch': 41, 'lr': 0.0009054634122155986, 'train_loss': 0.0019353319460623623, 'mae': 0.2884121, 'elapsed_time': 73.95240330696106}
2021-10-06 03:50:41,946 {'epoch': 42, 'lr': 0.0009008439059511095, 'train_loss': 0.0018101335230985172, 'mae': 0.2854191, 'elapsed_time': 73.950124502182}
2021-10-06 03:51:56,531 {'epoch': 43, 'lr': 0.0008961267311259662, 'train_loss': 0.0018861730118276585, 'mae': 0.28515345, 'elapsed_time': 74.10377907752991}
2021-10-06 03:53:11,187 {'epoch': 44, 'lr': 0.0008913130516324728, 'train_loss': 0.0019475005206641494, 'mae': 0.31132337, 'elapsed_time': 74.20088005065918}
2021-10-06 03:54:25,307 {'epoch': 45, 'lr': 0.0008864040551740152, 'train_loss': 0.0017455937040906776, 'mae': 0.30166218, 'elapsed_time': 74.11885404586792}
2021-10-06 03:55:39,379 {'epoch': 46, 'lr': 0.000881400952972015, 'train_loss': 0.0016851901126725536, 'mae': 0.28306064, 'elapsed_time': 74.07232093811035}
2021-10-06 03:56:54,061 {'epoch': 47, 'lr': 0.0008763049794670771, 'train_loss': 0.001793684220377225, 'mae': 0.2957445, 'elapsed_time': 74.2351884841919}
2021-10-06 03:58:08,323 {'epoch': 48, 'lr': 0.0008711173920144113, 'train_loss': 0.0016769425786730468, 'mae': 0.27661005, 'elapsed_time': 74.26182913780212}
2021-10-06 03:59:23,109 {'epoch': 49, 'lr': 0.0008658394705735983, 'train_loss': 0.001784842785983547, 'mae': 0.29937252, 'elapsed_time': 74.32444429397583}
2021-10-06 04:00:37,487 {'epoch': 50, 'lr': 0.0008604725173927781, 'train_loss': 0.0016974985705672549, 'mae': 0.26362416, 'elapsed_time': 74.3768482208252}
2021-10-06 04:01:52,437 {'epoch': 51, 'lr': 0.0008550178566873405, 'train_loss': 0.0015643978754343616, 'mae': 0.26855206, 'elapsed_time': 74.46874690055847}
2021-10-06 04:03:06,791 {'epoch': 52, 'lr': 0.0008494768343131951, 'train_loss': 0.0016737815933246499, 'mae': 0.2823023, 'elapsed_time': 74.3539354801178}
2021-10-06 04:04:21,214 {'epoch': 53, 'lr': 0.0008438508174347005, 'train_loss': 0.0017640535988165417, 'mae': 0.3664938, 'elapsed_time': 74.42211723327637}
2021-10-06 04:05:35,561 {'epoch': 54, 'lr': 0.0008381411941873374, 'train_loss': 0.0016597349944692957, 'mae': 0.26965165, 'elapsed_time': 74.34603214263916}
2021-10-06 04:06:49,643 {'epoch': 55, 'lr': 0.0008323493733352073, 'train_loss': 0.001576435249706149, 'mae': 0.26476493, 'elapsed_time': 74.08235430717468}
2021-10-06 04:08:03,549 {'epoch': 56, 'lr': 0.0008264767839234405, 'train_loss': 0.0015654202066781586, 'mae': 0.24637595, 'elapsed_time': 73.90531492233276}
2021-10-06 04:09:17,947 {'epoch': 57, 'lr': 0.000820524874925601, 'train_loss': 0.001551533927875611, 'mae': 0.26226547, 'elapsed_time': 73.91934490203857}
2021-10-06 04:10:31,293 {'epoch': 58, 'lr': 0.0008144951148861737, 'train_loss': 0.0016835935524929589, 'mae': 0.2827942, 'elapsed_time': 73.3454966545105}
2021-10-06 04:11:44,731 {'epoch': 59, 'lr': 0.0008083889915582231, 'train_loss': 0.0015045969863653657, 'mae': 0.24916992, 'elapsed_time': 73.43754768371582}
2021-10-06 04:12:58,164 {'epoch': 60, 'lr': 0.0008022080115363123, 'train_loss': 0.0015300661026740247, 'mae': 0.26240233, 'elapsed_time': 73.43261098861694}
2021-10-06 04:14:11,475 {'epoch': 61, 'lr': 0.0007959536998847739, 'train_loss': 0.001440449828014143, 'mae': 0.24493816, 'elapsed_time': 73.3099856376648}
2021-10-06 04:15:25,413 {'epoch': 62, 'lr': 0.0007896275997614226, 'train_loss': 0.001440506702260595, 'mae': 0.24806264, 'elapsed_time': 73.481778383255}
2021-10-06 04:16:39,184 {'epoch': 63, 'lr': 0.0007832312720368044, 'train_loss': 0.0015998774886407782, 'mae': 0.26407182, 'elapsed_time': 73.7702214717865}
2021-10-06 04:17:52,900 {'epoch': 64, 'lr': 0.0007767662949090749, 'train_loss': 0.0014428340903353107, 'mae': 0.24828306, 'elapsed_time': 73.71590995788574}
2021-10-06 04:19:06,715 {'epoch': 65, 'lr': 0.000770234263514603, 'train_loss': 0.0014205266392590431, 'mae': 0.2378634, 'elapsed_time': 73.81457853317261}
2021-10-06 04:20:20,731 {'epoch': 66, 'lr': 0.0007636367895343944, 'train_loss': 0.001330816524808102, 'mae': 0.23010717, 'elapsed_time': 73.55604577064514}
2021-10-06 04:21:34,869 {'epoch': 67, 'lr': 0.0007569755007964335, 'train_loss': 0.001290024332381227, 'mae': 0.26329514, 'elapsed_time': 73.67891883850098}
2021-10-06 04:22:48,396 {'epoch': 68, 'lr': 0.0007502520408740415, 'train_loss': 0.0014817230242956862, 'mae': 0.24126694, 'elapsed_time': 73.52631044387817}
2021-10-06 04:24:01,960 {'epoch': 69, 'lr': 0.0007434680686803488, 'train_loss': 0.0014851847210512641, 'mae': 0.26109067, 'elapsed_time': 73.56439518928528}
2021-10-06 04:25:15,678 {'epoch': 70, 'lr': 0.0007366252580589837, 'train_loss': 0.0013224302801551054, 'mae': 0.24293253, 'elapsed_time': 73.71738123893738}
2021-10-06 04:26:29,912 {'epoch': 71, 'lr': 0.0007297252973710754, 'train_loss': 0.001234202073100705, 'mae': 0.2463336, 'elapsed_time': 74.2335045337677}
2021-10-06 04:27:44,382 {'epoch': 72, 'lr': 0.0007227698890786777, 'train_loss': 0.0013537436773083398, 'mae': 0.22675487, 'elapsed_time': 74.46954107284546}
2021-10-06 04:28:59,048 {'epoch': 73, 'lr': 0.0007157607493247108, 'train_loss': 0.0012737561738139513, 'mae': 0.22185579, 'elapsed_time': 74.20542645454407}
2021-10-06 04:30:13,398 {'epoch': 74, 'lr': 0.0007086996075095287, 'train_loss': 0.0011845340442487623, 'mae': 0.21747887, 'elapsed_time': 73.88378047943115}
2021-10-06 04:31:28,192 {'epoch': 75, 'lr': 0.0007015882058642161, 'train_loss': 0.0012511375573117502, 'mae': 0.23822017, 'elapsed_time': 74.32463192939758}
2021-10-06 04:32:42,555 {'epoch': 76, 'lr': 0.0006944282990207193, 'train_loss': 0.0012468029106143218, 'mae': 0.2212843, 'elapsed_time': 74.36245656013489}
2021-10-06 04:33:56,766 {'epoch': 77, 'lr': 0.0006872216535789155, 'train_loss': 0.001184183514057958, 'mae': 0.2320976, 'elapsed_time': 74.21037077903748}
2021-10-06 04:35:10,775 {'epoch': 78, 'lr': 0.0006799700476707321, 'train_loss': 0.0011492735988320381, 'mae': 0.23107086, 'elapsed_time': 74.00896787643433}
2021-10-06 04:36:24,746 {'epoch': 79, 'lr': 0.0006726752705214191, 'train_loss': 0.0012139634369342353, 'mae': 0.27522308, 'elapsed_time': 73.96997714042664}
2021-10-06 04:37:38,609 {'epoch': 80, 'lr': 0.0006653391220080838, 'train_loss': 0.001274217932433818, 'mae': 0.21560031, 'elapsed_time': 73.86304259300232}
2021-10-06 04:38:52,597 {'epoch': 81, 'lr': 0.0006579634122155988, 'train_loss': 0.001161826912355668, 'mae': 0.2107327, 'elapsed_time': 73.522620677948}
2021-10-06 04:40:06,554 {'epoch': 82, 'lr': 0.0006505499609899903, 'train_loss': 0.0011286405613183028, 'mae': 0.2142482, 'elapsed_time': 73.4946436882019}
2021-10-06 04:41:20,011 {'epoch': 83, 'lr': 0.0006431005974894184, 'train_loss': 0.0010885118121112159, 'mae': 0.21964175, 'elapsed_time': 73.4561083316803}
2021-10-06 04:42:33,374 {'epoch': 84, 'lr': 0.0006356171597328593, 'train_loss': 0.0010695885907614207, 'mae': 0.22076195, 'elapsed_time': 73.36341333389282}
2021-10-06 04:43:46,871 {'epoch': 85, 'lr': 0.0006281014941466028, 'train_loss': 0.0010279259268586962, 'mae': 0.20913267, 'elapsed_time': 73.49660348892212}
2021-10-06 04:45:00,871 {'epoch': 86, 'lr': 0.000620555455108673, 'train_loss': 0.0012092672227934308, 'mae': 0.33555785, 'elapsed_time': 73.53706789016724}
2021-10-06 04:46:14,299 {'epoch': 87, 'lr': 0.0006129809044912885, 'train_loss': 0.0012512152394893313, 'mae': 0.21865156, 'elapsed_time': 73.42736411094666}
2021-10-06 04:47:28,070 {'epoch': 88, 'lr': 0.0006053797112014735, 'train_loss': 0.00101779582814577, 'mae': 0.20608225, 'elapsed_time': 73.76989889144897}
2021-10-06 04:48:42,461 {'epoch': 89, 'lr': 0.0005977537507199336, 'train_loss': 0.0010066934238509519, 'mae': 0.20857693, 'elapsed_time': 73.94205451011658}
2021-10-06 04:49:56,226 {'epoch': 90, 'lr': 0.0005901049046383074, 'train_loss': 0.0009966792309171637, 'mae': 0.21309096, 'elapsed_time': 73.76485872268677}
2021-10-06 04:51:10,039 {'epoch': 91, 'lr': 0.0005824350601949141, 'train_loss': 0.0009446278589699267, 'mae': 0.20272967, 'elapsed_time': 73.81210780143738}
2021-10-06 04:52:24,397 {'epoch': 92, 'lr': 0.0005747461098091033, 'train_loss': 0.0009269999194522422, 'mae': 0.20397604, 'elapsed_time': 73.89537811279297}
2021-10-06 04:53:38,388 {'epoch': 93, 'lr': 0.0005670399506143305, 'train_loss': 0.0009450099879667172, 'mae': 0.21048218, 'elapsed_time': 73.99027395248413}
2021-10-06 04:54:52,339 {'epoch': 94, 'lr': 0.0005593184839900673, 'train_loss': 0.0009183257509632724, 'mae': 0.20286308, 'elapsed_time': 73.95094108581543}
2021-10-06 04:56:06,412 {'epoch': 95, 'lr': 0.0005515836150926644, 'train_loss': 0.0009204561466004297, 'mae': 0.22121464, 'elapsed_time': 74.0717442035675}
2021-10-06 04:57:20,282 {'epoch': 96, 'lr': 0.0005438372523852832, 'train_loss': 0.0010016425521988755, 'mae': 0.2025146, 'elapsed_time': 73.8700532913208}
2021-10-06 04:58:34,783 {'epoch': 97, 'lr': 0.00053608130716701, 'train_loss': 0.000917461294757364, 'mae': 0.24153976, 'elapsed_time': 74.03949618339539}
2021-10-06 04:59:48,700 {'epoch': 98, 'lr': 0.0005283176931012729, 'train_loss': 0.0010151791769574224, 'mae': 0.20195739, 'elapsed_time': 73.91705107688904}
2021-10-06 05:01:03,301 {'epoch': 99, 'lr': 0.0005205483257436734, 'train_loss': 0.0008880241820310977, 'mae': 0.19934528, 'elapsed_time': 74.11906623840332}
2021-10-06 05:02:18,393 {'epoch': 100, 'lr': 0.0005127751220693511, 'train_loss': 0.0009049985450405487, 'mae': 0.20524718, 'elapsed_time': 74.61672067642212}
2021-10-06 05:03:32,469 {'epoch': 101, 'lr': 0.0005049999999999998, 'train_loss': 0.0008395722945639832, 'mae': 0.19889459, 'elapsed_time': 74.076092004776}
2021-10-06 05:04:46,937 {'epoch': 102, 'lr': 0.0004972248779306486, 'train_loss': 0.0008148187557895741, 'mae': 0.19429247, 'elapsed_time': 74.00724792480469}
2021-10-06 05:06:01,310 {'epoch': 103, 'lr': 0.0004894516742563262, 'train_loss': 0.0008037642671463109, 'mae': 0.19748108, 'elapsed_time': 73.91843819618225}
2021-10-06 05:07:15,313 {'epoch': 104, 'lr': 0.00048168230689872663, 'train_loss': 0.000805079011830413, 'mae': 0.20286608, 'elapsed_time': 74.0028510093689}
2021-10-06 05:08:29,242 {'epoch': 105, 'lr': 0.0004739186928329896, 'train_loss': 0.0007900743849570582, 'mae': 0.19562925, 'elapsed_time': 73.92878603935242}
2021-10-06 05:09:43,211 {'epoch': 106, 'lr': 0.00046616274761471655, 'train_loss': 0.0007784934574954158, 'mae': 0.19553049, 'elapsed_time': 73.96905636787415}
2021-10-06 05:10:56,707 {'epoch': 107, 'lr': 0.0004584163849073352, 'train_loss': 0.0007685108404085682, 'mae': 0.19077188, 'elapsed_time': 73.49519729614258}
2021-10-06 05:12:10,470 {'epoch': 108, 'lr': 0.0004506815160099324, 'train_loss': 0.0009336748375817195, 'mae': 0.19697052, 'elapsed_time': 73.31059336662292}
2021-10-06 05:13:24,253 {'epoch': 109, 'lr': 0.0004429600493856693, 'train_loss': 0.000804084882317907, 'mae': 0.20134686, 'elapsed_time': 73.78301501274109}
2021-10-06 05:14:37,929 {'epoch': 110, 'lr': 0.00043525389019089656, 'train_loss': 0.0007532049976462082, 'mae': 0.19163074, 'elapsed_time': 73.67571520805359}
2021-10-06 05:15:51,625 {'epoch': 111, 'lr': 0.0004275649398050856, 'train_loss': 0.0007253661588811969, 'mae': 0.20328455, 'elapsed_time': 73.695561170578}
2021-10-06 05:17:05,396 {'epoch': 112, 'lr': 0.0004198950953616921, 'train_loss': 0.0007184656270248278, 'mae': 0.19408943, 'elapsed_time': 73.77082085609436}
2021-10-06 05:18:18,975 {'epoch': 113, 'lr': 0.0004122462492800662, 'train_loss': 0.0007130329822411673, 'mae': 0.19523619, 'elapsed_time': 73.57812762260437}
2021-10-06 05:19:32,485 {'epoch': 114, 'lr': 0.0004046202887985263, 'train_loss': 0.000692763339883646, 'mae': 0.18980104, 'elapsed_time': 73.51009273529053}
2021-10-06 05:20:46,529 {'epoch': 115, 'lr': 0.0003970190955087115, 'train_loss': 0.0006994423015207309, 'mae': 0.19151087, 'elapsed_time': 73.58860945701599}
2021-10-06 05:22:00,245 {'epoch': 116, 'lr': 0.0003894445448913267, 'train_loss': 0.0006763147100105121, 'mae': 0.19241059, 'elapsed_time': 73.71612286567688}
2021-10-06 05:23:13,908 {'epoch': 117, 'lr': 0.00038189850585339675, 'train_loss': 0.0006793326716141799, 'mae': 0.1901982, 'elapsed_time': 73.66206979751587}
2021-10-06 05:24:27,515 {'epoch': 118, 'lr': 0.0003743828402671403, 'train_loss': 0.0006572480356065226, 'mae': 0.18924421, 'elapsed_time': 73.60678720474243}
2021-10-06 05:25:41,687 {'epoch': 119, 'lr': 0.0003668994025105814, 'train_loss': 0.0006477157272413285, 'mae': 0.18824716, 'elapsed_time': 73.69855451583862}
2021-10-06 05:26:55,722 {'epoch': 120, 'lr': 0.00035945003901000945, 'train_loss': 0.0006383796692180902, 'mae': 0.1872186, 'elapsed_time': 73.553377866745}
2021-10-06 05:28:10,089 {'epoch': 121, 'lr': 0.00035203658778440103, 'train_loss': 0.0006380821649180176, 'mae': 0.19078885, 'elapsed_time': 73.90611982345581}
2021-10-06 05:29:23,760 {'epoch': 122, 'lr': 0.0003446608779919159, 'train_loss': 0.0006269129512817991, 'mae': 0.18890376, 'elapsed_time': 73.67096519470215}
2021-10-06 05:30:37,452 {'epoch': 123, 'lr': 0.00033732472947858063, 'train_loss': 0.0006156840041956221, 'mae': 0.19129, 'elapsed_time': 73.69087624549866}
2021-10-06 05:31:51,116 {'epoch': 124, 'lr': 0.00033002995232926766, 'train_loss': 0.0006056472907834017, 'mae': 0.18917163, 'elapsed_time': 73.66346955299377}
2021-10-06 05:33:04,831 {'epoch': 125, 'lr': 0.0003227783464210844, 'train_loss': 0.0005999349215054963, 'mae': 0.18718486, 'elapsed_time': 73.71527528762817}
2021-10-06 05:34:18,885 {'epoch': 126, 'lr': 0.00031557170097928054, 'train_loss': 0.0005886436814060861, 'mae': 0.18422033, 'elapsed_time': 73.60368466377258}
2021-10-06 05:35:32,703 {'epoch': 127, 'lr': 0.0003084117941357834, 'train_loss': 0.000578866614123857, 'mae': 0.18895051, 'elapsed_time': 73.35547065734863}
2021-10-06 05:36:45,714 {'epoch': 128, 'lr': 0.00030130039249047106, 'train_loss': 0.0005693071139167878, 'mae': 0.18275812, 'elapsed_time': 73.01051878929138}
2021-10-06 05:37:59,176 {'epoch': 129, 'lr': 0.00029423925067528897, 'train_loss': 0.0005553924124329947, 'mae': 0.18719962, 'elapsed_time': 72.99215602874756}
2021-10-06 05:39:12,119 {'epoch': 130, 'lr': 0.0002872301109213219, 'train_loss': 0.0005480028961700584, 'mae': 0.18266743, 'elapsed_time': 72.94226741790771}
2021-10-06 05:40:25,638 {'epoch': 131, 'lr': 0.0002802747026289243, 'train_loss': 0.0005474129212789381, 'mae': 0.1830998, 'elapsed_time': 73.03354692459106}
2021-10-06 05:41:38,564 {'epoch': 132, 'lr': 0.00027337474194101617, 'train_loss': 0.0005398375363594613, 'mae': 0.18547235, 'elapsed_time': 72.92589902877808}
2021-10-06 05:42:51,511 {'epoch': 133, 'lr': 0.00026653193131965077, 'train_loss': 0.0005341791333056705, 'mae': 0.18298113, 'elapsed_time': 72.94672226905823}
2021-10-06 05:44:04,413 {'epoch': 134, 'lr': 0.00025974795912595813, 'train_loss': 0.0005297186032105471, 'mae': 0.18536335, 'elapsed_time': 72.90186142921448}
2021-10-06 05:45:17,472 {'epoch': 135, 'lr': 0.0002530244992035661, 'train_loss': 0.000514579324373905, 'mae': 0.18278478, 'elapsed_time': 73.05812168121338}
2021-10-06 05:46:30,362 {'epoch': 136, 'lr': 0.00024636321046560527, 'train_loss': 0.0005076805738802577, 'mae': 0.18352184, 'elapsed_time': 72.88940715789795}
2021-10-06 05:47:43,247 {'epoch': 137, 'lr': 0.00023976573648539645, 'train_loss': 0.0005041131227616051, 'mae': 0.1832965, 'elapsed_time': 72.88480424880981}
2021-10-06 05:48:56,145 {'epoch': 138, 'lr': 0.00023323370509092462, 'train_loss': 0.0004959033454680103, 'mae': 0.18144299, 'elapsed_time': 72.8974335193634}
2021-10-06 05:50:09,814 {'epoch': 139, 'lr': 0.00022676872796319523, 'train_loss': 0.00048696144105653006, 'mae': 0.18162313, 'elapsed_time': 73.18792700767517}
2021-10-06 05:51:23,504 {'epoch': 140, 'lr': 0.00022037240023857702, 'train_loss': 0.000485624138431252, 'mae': 0.1823196, 'elapsed_time': 73.68919014930725}
2021-10-06 05:52:37,291 {'epoch': 141, 'lr': 0.00021404630011522577, 'train_loss': 0.0004693726678807819, 'mae': 0.18051969, 'elapsed_time': 73.78661346435547}
2021-10-06 05:53:51,631 {'epoch': 142, 'lr': 0.00020779198846368737, 'train_loss': 0.00046615203221639, 'mae': 0.18135357, 'elapsed_time': 73.84457874298096}
2021-10-06 05:55:05,508 {'epoch': 143, 'lr': 0.0002016110084417765, 'train_loss': 0.0004562629409618256, 'mae': 0.18062633, 'elapsed_time': 73.87669110298157}
2021-10-06 05:56:19,222 {'epoch': 144, 'lr': 0.00019550488511382584, 'train_loss': 0.00045028220099317386, 'mae': 0.180042, 'elapsed_time': 73.713303565979}
2021-10-06 05:57:33,639 {'epoch': 145, 'lr': 0.00018947512507439847, 'train_loss': 0.00044293702111596143, 'mae': 0.18021332, 'elapsed_time': 73.9336326122284}
2021-10-06 05:58:47,661 {'epoch': 146, 'lr': 0.00018352321607655904, 'train_loss': 0.00043975981279486767, 'mae': 0.17984469, 'elapsed_time': 74.02114486694336}
2021-10-06 06:00:02,077 {'epoch': 147, 'lr': 0.0001776506266647923, 'train_loss': 0.0004292782269556488, 'mae': 0.18051489, 'elapsed_time': 73.94990515708923}
2021-10-06 06:01:16,206 {'epoch': 148, 'lr': 0.00017185880581266206, 'train_loss': 0.0004243083711716021, 'mae': 0.17941226, 'elapsed_time': 74.127845287323}
2021-10-06 06:02:30,713 {'epoch': 149, 'lr': 0.000166149182565299, 'train_loss': 0.0004185275085803647, 'mae': 0.17970294, 'elapsed_time': 74.01338696479797}
2021-10-06 06:03:44,879 {'epoch': 150, 'lr': 0.00016052316568680435, 'train_loss': 0.0004184994344816175, 'mae': 0.17905366, 'elapsed_time': 74.165940284729}
2021-10-06 06:04:59,269 {'epoch': 151, 'lr': 0.00015498214331265893, 'train_loss': 0.0004090579629013521, 'mae': 0.17884882, 'elapsed_time': 73.89874172210693}
2021-10-06 06:06:13,995 {'epoch': 152, 'lr': 0.0001495274826072215, 'train_loss': 0.00040073084920852134, 'mae': 0.17955066, 'elapsed_time': 74.26242446899414}
2021-10-06 06:07:28,063 {'epoch': 153, 'lr': 0.00014416052942640132, 'train_loss': 0.00039585882629964667, 'mae': 0.17960432, 'elapsed_time': 74.06801986694336}
2021-10-06 06:08:42,216 {'epoch': 154, 'lr': 0.0001388826079855881, 'train_loss': 0.0003905599188205223, 'mae': 0.1792414, 'elapsed_time': 74.15210270881653}
2021-10-06 06:09:56,279 {'epoch': 155, 'lr': 0.00013369502053292245, 'train_loss': 0.00038479544238401533, 'mae': 0.17859285, 'elapsed_time': 74.06278586387634}
2021-10-06 06:11:10,797 {'epoch': 156, 'lr': 0.00012859904702798464, 'train_loss': 0.00037958185843298814, 'mae': 0.17883915, 'elapsed_time': 74.06169533729553}
2021-10-06 06:12:24,796 {'epoch': 157, 'lr': 0.00012359594482598432, 'train_loss': 0.00037821120600419145, 'mae': 0.17862116, 'elapsed_time': 73.99822902679443}
2021-10-06 06:13:38,816 {'epoch': 158, 'lr': 0.00011868694836752681, 'train_loss': 0.0003712810759881303, 'mae': 0.17882352, 'elapsed_time': 74.01956701278687}
2021-10-06 06:14:52,756 {'epoch': 159, 'lr': 0.0001138732688740332, 'train_loss': 0.00036477982760897687, 'mae': 0.17843679, 'elapsed_time': 73.9401605129242}
2021-10-06 06:16:07,109 {'epoch': 160, 'lr': 0.00010915609404889012, 'train_loss': 0.0003613557037635107, 'mae': 0.17847876, 'elapsed_time': 73.87766575813293}
2021-10-06 06:17:21,162 {'epoch': 161, 'lr': 0.00010453658778440103, 'train_loss': 0.000359427259841192, 'mae': 0.1774432, 'elapsed_time': 74.05288004875183}
2021-10-06 06:18:35,640 {'epoch': 162, 'lr': 0.00010001588987461343, 'train_loss': 0.00035248034003556683, 'mae': 0.17772943, 'elapsed_time': 74.00751686096191}
2021-10-06 06:19:49,566 {'epoch': 163, 'lr': 9.559511573409192e-05, 'train_loss': 0.0003462363844842331, 'mae': 0.17793594, 'elapsed_time': 73.92553162574768}
2021-10-06 06:21:03,410 {'epoch': 164, 'lr': 9.12753561227063e-05, 'train_loss': 0.0003420100953476843, 'mae': 0.1782918, 'elapsed_time': 73.84402108192444}
2021-10-06 06:22:17,169 {'epoch': 165, 'lr': 8.705767687650262e-05, 'train_loss': 0.00033803701053902437, 'mae': 0.1788061, 'elapsed_time': 73.75901937484741}
2021-10-06 06:23:31,112 {'epoch': 166, 'lr': 8.294311864472445e-05, 'train_loss': 0.0003350599528820488, 'mae': 0.17831472, 'elapsed_time': 73.94204831123352}
2021-10-06 06:24:44,960 {'epoch': 167, 'lr': 7.89326966330478e-05, 'train_loss': 0.00033025806714182584, 'mae': 0.17816381, 'elapsed_time': 73.84730243682861}
2021-10-06 06:25:58,873 {'epoch': 168, 'lr': 7.502740035309526e-05, 'train_loss': 0.00032731560203928757, 'mae': 0.17768264, 'elapsed_time': 73.91254544258118}
2021-10-06 06:27:12,868 {'epoch': 169, 'lr': 7.12281933782875e-05, 'train_loss': 0.0003235779578610514, 'mae': 0.17785755, 'elapsed_time': 73.9949541091919}
2021-10-06 06:28:26,802 {'epoch': 170, 'lr': 6.75360131060967e-05, 'train_loss': 0.0003200307134180925, 'mae': 0.1776468, 'elapsed_time': 73.93364191055298}
2021-10-06 06:29:41,128 {'epoch': 171, 'lr': 6.395177052675792e-05, 'train_loss': 0.000317183945814334, 'mae': 0.17732267, 'elapsed_time': 74.32590818405151}
2021-10-06 06:30:55,689 {'epoch': 172, 'lr': 6.047634999849528e-05, 'train_loss': 0.0003135842819203795, 'mae': 0.17760774, 'elapsed_time': 74.0972900390625}
2021-10-06 06:32:09,828 {'epoch': 173, 'lr': 5.711060902932039e-05, 'train_loss': 0.0003101377091892039, 'mae': 0.1772592, 'elapsed_time': 74.13803052902222}
2021-10-06 06:33:24,597 {'epoch': 174, 'lr': 5.385537806545467e-05, 'train_loss': 0.00030659137847922826, 'mae': 0.17782499, 'elapsed_time': 74.27189254760742}
2021-10-06 06:34:38,771 {'epoch': 175, 'lr': 5.0711460286429424e-05, 'train_loss': 0.00030453864459103905, 'mae': 0.17774926, 'elapsed_time': 74.17291593551636}
2021-10-06 06:35:52,820 {'epoch': 176, 'lr': 4.767963140691315e-05, 'train_loss': 0.0003021310033576626, 'mae': 0.17734239, 'elapsed_time': 74.0483226776123}
2021-10-06 06:37:06,809 {'epoch': 177, 'lr': 4.4760639485315563e-05, 'train_loss': 0.0002985645897780293, 'mae': 0.17752075, 'elapsed_time': 73.989248752594}
2021-10-06 06:38:20,668 {'epoch': 178, 'lr': 4.195520473921563e-05, 'train_loss': 0.00029669798801994386, 'mae': 0.17745556, 'elapsed_time': 73.85859680175781}
2021-10-06 06:39:34,997 {'epoch': 179, 'lr': 3.9264019367658385e-05, 'train_loss': 0.0002943900976060952, 'mae': 0.17749237, 'elapsed_time': 74.32803201675415}
2021-10-06 06:40:49,465 {'epoch': 180, 'lr': 3.6687747380365064e-05, 'train_loss': 0.00029199618057423746, 'mae': 0.17757435, 'elapsed_time': 74.46754622459412}
2021-10-06 06:42:03,933 {'epoch': 181, 'lr': 3.422702443389899e-05, 'train_loss': 0.0002900157255880322, 'mae': 0.17752443, 'elapsed_time': 74.46782088279724}
2021-10-06 06:43:18,231 {'epoch': 182, 'lr': 3.188245767482658e-05, 'train_loss': 0.0002875568997546922, 'mae': 0.17751549, 'elapsed_time': 74.29702830314636}
2021-10-06 06:44:32,579 {'epoch': 183, 'lr': 2.965462558991323e-05, 'train_loss': 0.0002856602456860091, 'mae': 0.17748599, 'elapsed_time': 74.34763836860657}
2021-10-06 06:45:46,718 {'epoch': 184, 'lr': 2.7544077863390004e-05, 'train_loss': 0.00028413780205781253, 'mae': 0.17765439, 'elapsed_time': 74.13889265060425}
2021-10-06 06:47:00,352 {'epoch': 185, 'lr': 2.5551335241327672e-05, 'train_loss': 0.000282209958619456, 'mae': 0.17768453, 'elapsed_time': 73.63342046737671}
2021-10-06 06:48:13,734 {'epoch': 186, 'lr': 2.367688940315011e-05, 'train_loss': 0.000280655781486034, 'mae': 0.17759708, 'elapsed_time': 73.38172698020935}
2021-10-06 06:49:27,091 {'epoch': 187, 'lr': 2.1921202840320077e-05, 'train_loss': 0.00027941672111052285, 'mae': 0.1775435, 'elapsed_time': 73.35684108734131}
2021-10-06 06:50:40,231 {'epoch': 188, 'lr': 2.0284708742225903e-05, 'train_loss': 0.00027796390517000687, 'mae': 0.17747407, 'elapsed_time': 73.13927292823792}
2021-10-06 06:51:53,851 {'epoch': 189, 'lr': 1.8767810889299086e-05, 'train_loss': 0.0002766330117289399, 'mae': 0.17766628, 'elapsed_time': 73.62010860443115}
2021-10-06 06:53:07,680 {'epoch': 190, 'lr': 1.7370883553386936e-05, 'train_loss': 0.00027540415377930703, 'mae': 0.17767131, 'elapsed_time': 73.8279287815094}
2021-10-06 06:54:21,482 {'epoch': 191, 'lr': 1.6094271405406862e-05, 'train_loss': 0.0002743446659123941, 'mae': 0.17760389, 'elapsed_time': 73.80146932601929}
2021-10-06 06:55:35,427 {'epoch': 192, 'lr': 1.4938289430304022e-05, 'train_loss': 0.00027337226469867116, 'mae': 0.17762841, 'elapsed_time': 73.94529891014099}
2021-10-06 06:56:49,314 {'epoch': 193, 'lr': 1.3903222849333509e-05, 'train_loss': 0.0002724326365967414, 'mae': 0.17759557, 'elapsed_time': 73.88596415519714}
2021-10-06 06:58:03,084 {'epoch': 194, 'lr': 1.2989327049686102e-05, 'train_loss': 0.00027166216861335666, 'mae': 0.17749503, 'elapsed_time': 73.76934313774109}
2021-10-06 06:59:16,842 {'epoch': 195, 'lr': 1.2196827521475404e-05, 'train_loss': 0.000270896066304832, 'mae': 0.17755051, 'elapsed_time': 73.75815844535828}
2021-10-06 07:00:30,673 {'epoch': 196, 'lr': 1.152591980210166e-05, 'train_loss': 0.0002700949329055841, 'mae': 0.17761546, 'elapsed_time': 73.83053541183472}
2021-10-06 07:01:43,918 {'epoch': 197, 'lr': 1.097676942800558e-05, 'train_loss': 0.00026956092534775644, 'mae': 0.17759895, 'elapsed_time': 73.24447417259216}
2021-10-06 07:02:56,811 {'epoch': 198, 'lr': 1.0549511893824899e-05, 'train_loss': 0.0002690286818716485, 'mae': 0.17763725, 'elapsed_time': 72.89275670051575}
2021-10-06 07:04:09,957 {'epoch': 199, 'lr': 1.0244252618962858e-05, 'train_loss': 0.0002683478035711646, 'mae': 0.17764533, 'elapsed_time': 73.14525246620178}
2021-10-06 07:05:23,699 {'epoch': 200, 'lr': 1.006106692157801e-05, 'train_loss': 0.00026795751716993436, 'mae': 0.17756669, 'elapsed_time': 73.74166297912598}
2021-10-06 07:06:04,653 Total CV: 0.17725920677185059
