2021-10-15 14:39:47,474 Fold 0
2021-10-15 14:39:58,406 train run device : cuda:0
2021-10-15 14:40:26,065 multi task weight : 0.7
2021-10-15 14:41:41,943 {'epoch': 1, 'lr': 0.001, 'train_loss': 0.010681910001141414, 'mae': 1.1366965, 'elapsed_time': 76.08330249786377}
2021-10-15 14:41:42,525 multi task weight : 0.7013333333333333
2021-10-15 14:42:59,394 {'epoch': 2, 'lr': 0.000999938933078422, 'train_loss': 0.004065475489443071, 'mae': 0.8683472, 'elapsed_time': 77.03837060928345}
2021-10-15 14:43:00,004 multi task weight : 0.7026666666666667
2021-10-15 14:44:17,326 {'epoch': 3, 'lr': 0.000999755747381037, 'train_loss': 0.0035244059906328175, 'mae': 0.7532448, 'elapsed_time': 77.48715829849243}
2021-10-15 14:44:17,944 multi task weight : 0.704
2021-10-15 14:45:35,267 {'epoch': 4, 'lr': 0.000999450488106175, 'train_loss': 0.003287174305807604, 'mae': 0.8507163, 'elapsed_time': 77.4960150718689}
2021-10-15 14:45:35,445 multi task weight : 0.7053333333333334
2021-10-15 14:46:53,231 {'epoch': 5, 'lr': 0.0009990232305719944, 'train_loss': 0.0030225519103234456, 'mae': 0.63835746, 'elapsed_time': 77.96295738220215}
2021-10-15 14:46:53,867 multi task weight : 0.7066666666666667
2021-10-15 14:48:11,304 {'epoch': 6, 'lr': 0.0009984740801978983, 'train_loss': 0.0028253090098213883, 'mae': 0.621187, 'elapsed_time': 77.62387228012085}
2021-10-15 14:48:11,927 multi task weight : 0.708
2021-10-15 14:49:29,617 {'epoch': 7, 'lr': 0.0009978031724785245, 'train_loss': 0.0026979460319870746, 'mae': 0.58557993, 'elapsed_time': 77.86025404930115}
2021-10-15 14:49:30,280 multi task weight : 0.7093333333333334
2021-10-15 14:50:48,010 {'epoch': 8, 'lr': 0.000997010672950314, 'train_loss': 0.0026331445845331554, 'mae': 0.6189474, 'elapsed_time': 77.93724489212036}
2021-10-15 14:50:48,180 multi task weight : 0.7106666666666667
2021-10-15 14:52:04,476 {'epoch': 9, 'lr': 0.0009960967771506664, 'train_loss': 0.0025318705587295447, 'mae': 0.5310593, 'elapsed_time': 76.46507358551025}
2021-10-15 14:52:05,119 multi task weight : 0.712
2021-10-15 14:53:21,936 {'epoch': 10, 'lr': 0.0009950617105696957, 'train_loss': 0.002468884452397338, 'mae': 0.5735509, 'elapsed_time': 77.00618696212769}
2021-10-15 14:53:22,113 multi task weight : 0.7133333333333334
2021-10-15 14:54:39,023 {'epoch': 11, 'lr': 0.0009939057285945929, 'train_loss': 0.002397550323285592, 'mae': 0.4700663, 'elapsed_time': 77.08652925491333}
2021-10-15 14:54:39,655 multi task weight : 0.7146666666666666
2021-10-15 14:55:56,620 {'epoch': 12, 'lr': 0.0009926291164466126, 'train_loss': 0.0023930461325536428, 'mae': 0.5044755, 'elapsed_time': 77.13071179389954}
2021-10-15 14:55:56,792 multi task weight : 0.716
2021-10-15 14:57:13,981 {'epoch': 13, 'lr': 0.0009912321891107005, 'train_loss': 0.002297338757187503, 'mae': 0.44662008, 'elapsed_time': 77.35963273048401}
2021-10-15 14:57:14,616 multi task weight : 0.7173333333333333
2021-10-15 14:58:31,799 {'epoch': 14, 'lr': 0.0009897152912577737, 'train_loss': 0.0022958234453671336, 'mae': 0.5228729, 'elapsed_time': 77.36654162406921}
2021-10-15 14:58:31,990 multi task weight : 0.7186666666666666
2021-10-15 14:59:49,288 {'epoch': 15, 'lr': 0.0009880787971596797, 'train_loss': 0.0022638974623659575, 'mae': 0.45279825, 'elapsed_time': 77.48808670043945}
2021-10-15 14:59:49,477 multi task weight : 0.72
2021-10-15 15:01:06,678 {'epoch': 16, 'lr': 0.0009863231105968495, 'train_loss': 0.0023931680914974908, 'mae': 0.5064202, 'elapsed_time': 77.38939428329468}
2021-10-15 15:01:06,860 multi task weight : 0.7213333333333333
2021-10-15 15:02:24,154 {'epoch': 17, 'lr': 0.000984448664758672, 'train_loss': 0.0022430933125667653, 'mae': 0.37299526, 'elapsed_time': 77.47547316551208}
2021-10-15 15:02:24,792 multi task weight : 0.7226666666666667
2021-10-15 15:03:42,167 {'epoch': 18, 'lr': 0.0009824559221366096, 'train_loss': 0.0021945560520121084, 'mae': 0.40472406, 'elapsed_time': 77.54851126670837}
2021-10-15 15:03:42,358 multi task weight : 0.724
2021-10-15 15:04:59,642 {'epoch': 19, 'lr': 0.0009803453744100864, 'train_loss': 0.0020905192906865225, 'mae': 0.41316733, 'elapsed_time': 77.47461462020874}
2021-10-15 15:04:59,820 multi task weight : 0.7253333333333333
2021-10-15 15:06:17,286 {'epoch': 20, 'lr': 0.0009781175423251728, 'train_loss': 0.002048098538601691, 'mae': 0.3985801, 'elapsed_time': 77.64336013793945}
2021-10-15 15:06:17,465 multi task weight : 0.7266666666666667
2021-10-15 15:07:34,110 {'epoch': 21, 'lr': 0.0009757729755661004, 'train_loss': 0.002049817033284859, 'mae': 0.354766, 'elapsed_time': 76.8235559463501}
2021-10-15 15:07:34,739 multi task weight : 0.728
2021-10-15 15:08:51,472 {'epoch': 22, 'lr': 0.0009733122526196342, 'train_loss': 0.0019730092652729602, 'mae': 0.35895053, 'elapsed_time': 76.91021466255188}
2021-10-15 15:08:51,656 multi task weight : 0.7293333333333333
2021-10-15 15:10:08,509 {'epoch': 23, 'lr': 0.000970735980632341, 'train_loss': 0.0019877452956299025, 'mae': 0.38806215, 'elapsed_time': 77.03679347038269}
2021-10-15 15:10:08,689 multi task weight : 0.7306666666666667
2021-10-15 15:11:25,872 {'epoch': 24, 'lr': 0.0009680447952607838, 'train_loss': 0.0019707188745892706, 'mae': 0.38620946, 'elapsed_time': 77.36237978935242}
2021-10-15 15:11:26,048 multi task weight : 0.732
2021-10-15 15:12:43,110 {'epoch': 25, 'lr': 0.0009652393605146839, 'train_loss': 0.0019356550121737916, 'mae': 0.35559076, 'elapsed_time': 77.237060546875}
2021-10-15 15:12:43,303 multi task weight : 0.7333333333333334
2021-10-15 15:14:00,354 {'epoch': 26, 'lr': 0.0009623203685930864, 'train_loss': 0.0018402614101836665, 'mae': 0.33172396, 'elapsed_time': 77.24448847770691}
2021-10-15 15:14:00,979 multi task weight : 0.7346666666666667
2021-10-15 15:15:18,041 {'epoch': 27, 'lr': 0.00095928853971357, 'train_loss': 0.0017806417358739238, 'mae': 0.34328353, 'elapsed_time': 77.2298321723938}
2021-10-15 15:15:18,212 multi task weight : 0.736
2021-10-15 15:16:35,301 {'epoch': 28, 'lr': 0.0009561446219345448, 'train_loss': 0.001806595131280882, 'mae': 0.33303377, 'elapsed_time': 77.25970888137817}
2021-10-15 15:16:35,486 multi task weight : 0.7373333333333334
2021-10-15 15:17:52,482 {'epoch': 29, 'lr': 0.0009528893909706791, 'train_loss': 0.0018028405054939592, 'mae': 0.31379288, 'elapsed_time': 77.1805317401886}
2021-10-15 15:17:53,119 multi task weight : 0.7386666666666666
2021-10-15 15:19:10,102 {'epoch': 30, 'lr': 0.0009495236500015041, 'train_loss': 0.0018964677705936197, 'mae': 0.30995142, 'elapsed_time': 77.16080975532532}
2021-10-15 15:19:10,757 multi task weight : 0.74
2021-10-15 15:20:28,084 {'epoch': 31, 'lr': 0.0009460482294732414, 'train_loss': 0.0018235115854056013, 'mae': 0.31348923, 'elapsed_time': 77.52154111862183}
2021-10-15 15:20:28,296 multi task weight : 0.7413333333333334
2021-10-15 15:21:46,072 {'epoch': 32, 'lr': 0.0009424639868939027, 'train_loss': 0.001850319854455961, 'mae': 0.32396623, 'elapsed_time': 77.98716735839844}
2021-10-15 15:21:46,250 multi task weight : 0.7426666666666666
2021-10-15 15:23:03,843 {'epoch': 33, 'lr': 0.0009387718066217117, 'train_loss': 0.0018458085202515085, 'mae': 0.30134583, 'elapsed_time': 77.77057313919067}
2021-10-15 15:23:04,471 multi task weight : 0.744
2021-10-15 15:24:21,665 {'epoch': 34, 'lr': 0.000934972599646904, 'train_loss': 0.001677278292503003, 'mae': 0.27912754, 'elapsed_time': 77.35760521888733}
2021-10-15 15:24:22,322 multi task weight : 0.7453333333333333
2021-10-15 15:25:39,687 {'epoch': 35, 'lr': 0.0009310673033669515, 'train_loss': 0.0017965061615996996, 'mae': 0.29390845, 'elapsed_time': 77.55983376502991}
2021-10-15 15:25:39,861 multi task weight : 0.7466666666666666
2021-10-15 15:26:57,260 {'epoch': 36, 'lr': 0.0009270568813552751, 'train_loss': 0.0017504934878184197, 'mae': 0.30146247, 'elapsed_time': 77.57179069519043}
2021-10-15 15:26:57,427 multi task weight : 0.7479999999999999
2021-10-15 15:28:14,871 {'epoch': 37, 'lr': 0.0009229423231234969, 'train_loss': 0.0016498331585374393, 'mae': 0.27202612, 'elapsed_time': 77.6113212108612}
2021-10-15 15:28:15,514 multi task weight : 0.7493333333333333
2021-10-15 15:29:33,082 {'epoch': 38, 'lr': 0.0009187246438772933, 'train_loss': 0.001671077612469021, 'mae': 0.26836184, 'elapsed_time': 77.7475438117981}
2021-10-15 15:29:33,707 multi task weight : 0.7506666666666666
2021-10-15 15:30:51,283 {'epoch': 39, 'lr': 0.0009144048842659075, 'train_loss': 0.0016652808963482234, 'mae': 0.47522035, 'elapsed_time': 77.7473714351654}
2021-10-15 15:30:51,461 multi task weight : 0.752
2021-10-15 15:32:08,477 {'epoch': 40, 'lr': 0.0009099841101253861, 'train_loss': 0.0017473138992244476, 'mae': 0.3408073, 'elapsed_time': 77.19393515586853}
2021-10-15 15:32:08,656 multi task weight : 0.7533333333333333
2021-10-15 15:33:25,620 {'epoch': 41, 'lr': 0.0009054634122155986, 'train_loss': 0.0016496540895848972, 'mae': 0.34273818, 'elapsed_time': 77.14220952987671}
2021-10-15 15:33:25,806 multi task weight : 0.7546666666666666
2021-10-15 15:34:42,284 {'epoch': 42, 'lr': 0.0009008439059511095, 'train_loss': 0.0015300163380786865, 'mae': 0.5643376, 'elapsed_time': 76.66327428817749}
2021-10-15 15:34:42,462 multi task weight : 0.756
2021-10-15 15:35:58,770 {'epoch': 43, 'lr': 0.0008961267311259662, 'train_loss': 0.0016492710339560898, 'mae': 0.26771215, 'elapsed_time': 76.48621010780334}
2021-10-15 15:35:59,412 multi task weight : 0.7573333333333334
2021-10-15 15:37:15,665 {'epoch': 44, 'lr': 0.0008913130516324728, 'train_loss': 0.0015779258289563885, 'mae': 0.25740832, 'elapsed_time': 76.43621397018433}
2021-10-15 15:37:16,297 multi task weight : 0.7586666666666666
2021-10-15 15:38:32,479 {'epoch': 45, 'lr': 0.0008864040551740152, 'train_loss': 0.0015057175847929467, 'mae': 0.23849098, 'elapsed_time': 76.35483169555664}
2021-10-15 15:38:33,085 multi task weight : 0.76
2021-10-15 15:39:49,798 {'epoch': 46, 'lr': 0.000881400952972015, 'train_loss': 0.0015968175453113514, 'mae': 0.26286745, 'elapsed_time': 76.88505792617798}
2021-10-15 15:39:49,956 multi task weight : 0.7613333333333333
2021-10-15 15:41:07,029 {'epoch': 47, 'lr': 0.0008763049794670771, 'train_loss': 0.0014899492049015777, 'mae': 0.23983222, 'elapsed_time': 77.23067617416382}
2021-10-15 15:41:07,213 multi task weight : 0.7626666666666666
2021-10-15 15:42:24,695 {'epoch': 48, 'lr': 0.0008711173920144113, 'train_loss': 0.0014815076832604614, 'mae': 0.2618546, 'elapsed_time': 77.66513180732727}
2021-10-15 15:42:24,855 multi task weight : 0.764
2021-10-15 15:43:42,043 {'epoch': 49, 'lr': 0.0008658394705735983, 'train_loss': 0.0014297648076883921, 'mae': 0.2695231, 'elapsed_time': 77.34767580032349}
2021-10-15 15:43:42,210 multi task weight : 0.7653333333333333
2021-10-15 15:44:59,091 {'epoch': 50, 'lr': 0.0008604725173927781, 'train_loss': 0.0014376572116646567, 'mae': 0.23817869, 'elapsed_time': 77.04807233810425}
2021-10-15 15:44:59,717 multi task weight : 0.7666666666666666
2021-10-15 15:46:16,566 {'epoch': 51, 'lr': 0.0008550178566873405, 'train_loss': 0.0014098450941428039, 'mae': 0.25377885, 'elapsed_time': 77.02268767356873}
2021-10-15 15:46:16,758 multi task weight : 0.768
2021-10-15 15:47:33,803 {'epoch': 52, 'lr': 0.0008494768343131951, 'train_loss': 0.0014857896099408942, 'mae': 0.24387091, 'elapsed_time': 77.23638701438904}
2021-10-15 15:47:33,974 multi task weight : 0.7693333333333333
2021-10-15 15:48:51,163 {'epoch': 53, 'lr': 0.0008438508174347005, 'train_loss': 0.0014272251508937442, 'mae': 0.24682376, 'elapsed_time': 77.35950970649719}
2021-10-15 15:48:51,344 multi task weight : 0.7706666666666666
2021-10-15 15:50:08,459 {'epoch': 54, 'lr': 0.0008381411941873374, 'train_loss': 0.0013550284563645849, 'mae': 0.22140877, 'elapsed_time': 77.29595875740051}
2021-10-15 15:50:09,141 multi task weight : 0.772
2021-10-15 15:51:26,156 {'epoch': 55, 'lr': 0.0008323493733352073, 'train_loss': 0.0013084828885700467, 'mae': 0.23315881, 'elapsed_time': 77.23396372795105}
2021-10-15 15:51:26,318 multi task weight : 0.7733333333333332
2021-10-15 15:52:43,688 {'epoch': 56, 'lr': 0.0008264767839234405, 'train_loss': 0.0013633419818203524, 'mae': 0.23376271, 'elapsed_time': 77.53194546699524}
2021-10-15 15:52:43,858 multi task weight : 0.7746666666666666
2021-10-15 15:54:01,357 {'epoch': 57, 'lr': 0.000820524874925601, 'train_loss': 0.0014102045834222482, 'mae': 0.22326654, 'elapsed_time': 77.66869330406189}
2021-10-15 15:54:01,542 multi task weight : 0.776
2021-10-15 15:55:19,217 {'epoch': 58, 'lr': 0.0008144951148861737, 'train_loss': 0.0012731990473921367, 'mae': 0.21499099, 'elapsed_time': 77.85959911346436}
2021-10-15 15:55:19,860 multi task weight : 0.7773333333333332
2021-10-15 15:56:37,438 {'epoch': 59, 'lr': 0.0008083889915582231, 'train_loss': 0.001329335758451439, 'mae': 0.21861309, 'elapsed_time': 77.76209044456482}
2021-10-15 15:56:37,626 multi task weight : 0.7786666666666666
2021-10-15 15:57:55,384 {'epoch': 60, 'lr': 0.0008022080115363123, 'train_loss': 0.001293966231646721, 'mae': 0.23492606, 'elapsed_time': 77.94556951522827}
2021-10-15 15:57:55,550 multi task weight : 0.78
2021-10-15 15:59:13,315 {'epoch': 61, 'lr': 0.0007959536998847739, 'train_loss': 0.001354378872878746, 'mae': 0.23779748, 'elapsed_time': 77.92981481552124}
2021-10-15 15:59:13,491 multi task weight : 0.7813333333333332
2021-10-15 16:00:31,159 {'epoch': 62, 'lr': 0.0007896275997614226, 'train_loss': 0.001425666021117712, 'mae': 0.23846225, 'elapsed_time': 77.84360599517822}
2021-10-15 16:00:31,336 multi task weight : 0.7826666666666666
2021-10-15 16:01:48,955 {'epoch': 63, 'lr': 0.0007832312720368044, 'train_loss': 0.001325592821040558, 'mae': 0.24669994, 'elapsed_time': 77.79642844200134}
2021-10-15 16:01:49,134 multi task weight : 0.784
2021-10-15 16:03:06,620 {'epoch': 64, 'lr': 0.0007767662949090749, 'train_loss': 0.0013218497226694865, 'mae': 0.221069, 'elapsed_time': 77.66394352912903}
2021-10-15 16:03:06,808 multi task weight : 0.7853333333333332
2021-10-15 16:04:24,216 {'epoch': 65, 'lr': 0.000770234263514603, 'train_loss': 0.0012691395359719882, 'mae': 0.2492537, 'elapsed_time': 77.59584021568298}
2021-10-15 16:04:24,398 multi task weight : 0.7866666666666666
2021-10-15 16:05:41,787 {'epoch': 66, 'lr': 0.0007636367895343944, 'train_loss': 0.0012849667447145765, 'mae': 0.22389299, 'elapsed_time': 77.56997656822205}
2021-10-15 16:05:41,978 multi task weight : 0.788
2021-10-15 16:06:59,347 {'epoch': 67, 'lr': 0.0007569755007964335, 'train_loss': 0.0011981430998586756, 'mae': 0.22027402, 'elapsed_time': 77.56005454063416}
2021-10-15 16:06:59,530 multi task weight : 0.7893333333333333
2021-10-15 16:08:16,361 {'epoch': 68, 'lr': 0.0007502520408740415, 'train_loss': 0.0012052481534851947, 'mae': 0.21054597, 'elapsed_time': 77.01310229301453}
2021-10-15 16:08:17,007 multi task weight : 0.7906666666666666
2021-10-15 16:09:33,787 {'epoch': 69, 'lr': 0.0007434680686803488, 'train_loss': 0.0011453571763306836, 'mae': 0.21719094, 'elapsed_time': 76.96433997154236}
2021-10-15 16:09:33,969 multi task weight : 0.792
2021-10-15 16:10:51,344 {'epoch': 70, 'lr': 0.0007366252580589837, 'train_loss': 0.0011514811643885017, 'mae': 0.20777324, 'elapsed_time': 77.55600595474243}
2021-10-15 16:10:51,995 multi task weight : 0.7933333333333333
2021-10-15 16:12:09,230 {'epoch': 71, 'lr': 0.0007297252973710754, 'train_loss': 0.0011534792196432671, 'mae': 0.20707327, 'elapsed_time': 77.41610455513}
2021-10-15 16:12:09,869 multi task weight : 0.7946666666666666
2021-10-15 16:13:27,298 {'epoch': 72, 'lr': 0.0007227698890786777, 'train_loss': 0.0011251158561777247, 'mae': 0.26992533, 'elapsed_time': 77.6043119430542}
2021-10-15 16:13:27,471 multi task weight : 0.796
2021-10-15 16:14:44,967 {'epoch': 73, 'lr': 0.0007157607493247108, 'train_loss': 0.001205716519249323, 'mae': 0.21296942, 'elapsed_time': 77.6688814163208}
2021-10-15 16:14:45,149 multi task weight : 0.7973333333333333
2021-10-15 16:16:02,480 {'epoch': 74, 'lr': 0.0007086996075095287, 'train_loss': 0.0010721373151447143, 'mae': 0.19756311, 'elapsed_time': 77.51200294494629}
2021-10-15 16:16:03,107 multi task weight : 0.7986666666666666
2021-10-15 16:17:20,515 {'epoch': 75, 'lr': 0.0007015882058642161, 'train_loss': 0.0010528353656993313, 'mae': 0.19803414, 'elapsed_time': 77.5794677734375}
2021-10-15 16:17:20,709 multi task weight : 0.8
2021-10-15 16:18:37,493 {'epoch': 76, 'lr': 0.0006944282990207193, 'train_loss': 0.0010075852671123404, 'mae': 0.2070942, 'elapsed_time': 76.97733759880066}
2021-10-15 16:18:37,679 multi task weight : 0.8013333333333333
2021-10-15 16:19:54,494 {'epoch': 77, 'lr': 0.0006872216535789155, 'train_loss': 0.0011028897747980039, 'mae': 0.21959402, 'elapsed_time': 77.00111269950867}
2021-10-15 16:19:54,669 multi task weight : 0.8026666666666666
2021-10-15 16:21:11,347 {'epoch': 78, 'lr': 0.0006799700476707321, 'train_loss': 0.0010845189572190354, 'mae': 0.26000607, 'elapsed_time': 76.8525743484497}
2021-10-15 16:21:11,527 multi task weight : 0.804
2021-10-15 16:22:28,226 {'epoch': 79, 'lr': 0.0006726752705214191, 'train_loss': 0.001051495974109495, 'mae': 0.19577664, 'elapsed_time': 76.87841749191284}
2021-10-15 16:22:28,885 multi task weight : 0.8053333333333333
2021-10-15 16:23:45,318 {'epoch': 80, 'lr': 0.0006653391220080838, 'train_loss': 0.001024796680786145, 'mae': 0.19079149, 'elapsed_time': 76.6348032951355}
2021-10-15 16:23:45,976 multi task weight : 0.8066666666666666
2021-10-15 16:25:02,655 {'epoch': 81, 'lr': 0.0006579634122155988, 'train_loss': 0.0009726002161879267, 'mae': 0.18687469, 'elapsed_time': 76.87627387046814}
2021-10-15 16:25:03,286 multi task weight : 0.808
2021-10-15 16:26:19,796 {'epoch': 82, 'lr': 0.0006505499609899903, 'train_loss': 0.0009857620119386908, 'mae': 0.20908393, 'elapsed_time': 76.6821939945221}
2021-10-15 16:26:19,960 multi task weight : 0.8093333333333333
2021-10-15 16:27:36,629 {'epoch': 83, 'lr': 0.0006431005974894184, 'train_loss': 0.001025586093129742, 'mae': 0.21134731, 'elapsed_time': 76.83249616622925}
2021-10-15 16:27:36,810 multi task weight : 0.8106666666666666
2021-10-15 16:28:53,558 {'epoch': 84, 'lr': 0.0006356171597328593, 'train_loss': 0.0010539311362643996, 'mae': 0.24917673, 'elapsed_time': 76.92893075942993}
2021-10-15 16:28:53,728 multi task weight : 0.812
2021-10-15 16:30:10,345 {'epoch': 85, 'lr': 0.0006281014941466028, 'train_loss': 0.0010250935277909613, 'mae': 0.19706744, 'elapsed_time': 76.78595781326294}
2021-10-15 16:30:10,508 multi task weight : 0.8133333333333334
2021-10-15 16:31:27,215 {'epoch': 86, 'lr': 0.000620555455108673, 'train_loss': 0.0010081862324738914, 'mae': 0.19707644, 'elapsed_time': 76.86937665939331}
2021-10-15 16:31:27,381 multi task weight : 0.8146666666666667
2021-10-15 16:32:44,002 {'epoch': 87, 'lr': 0.0006129809044912885, 'train_loss': 0.0009431883685335251, 'mae': 0.18706775, 'elapsed_time': 76.78710675239563}
2021-10-15 16:32:44,169 multi task weight : 0.8160000000000001
2021-10-15 16:34:01,001 {'epoch': 88, 'lr': 0.0006053797112014735, 'train_loss': 0.000935028953943093, 'mae': 0.1914215, 'elapsed_time': 76.99811625480652}
2021-10-15 16:34:01,168 multi task weight : 0.8173333333333334
2021-10-15 16:35:18,048 {'epoch': 89, 'lr': 0.0005977537507199336, 'train_loss': 0.0008994824496808236, 'mae': 0.1955576, 'elapsed_time': 77.04698252677917}
2021-10-15 16:35:18,229 multi task weight : 0.8186666666666667
2021-10-15 16:36:35,035 {'epoch': 90, 'lr': 0.0005901049046383074, 'train_loss': 0.0008992709358938093, 'mae': 0.20274174, 'elapsed_time': 76.98702049255371}
2021-10-15 16:36:35,211 multi task weight : 0.8200000000000001
2021-10-15 16:37:52,729 {'epoch': 91, 'lr': 0.0005824350601949141, 'train_loss': 0.0009280585678327628, 'mae': 0.19205718, 'elapsed_time': 77.69304370880127}
2021-10-15 16:37:52,904 multi task weight : 0.8213333333333334
2021-10-15 16:39:10,486 {'epoch': 92, 'lr': 0.0005747461098091033, 'train_loss': 0.000868347391234359, 'mae': 0.18463299, 'elapsed_time': 77.75705122947693}
2021-10-15 16:39:11,115 multi task weight : 0.8226666666666667
2021-10-15 16:40:28,374 {'epoch': 93, 'lr': 0.0005670399506143305, 'train_loss': 0.0008981056104064225, 'mae': 0.18374887, 'elapsed_time': 77.42616033554077}
2021-10-15 16:40:29,004 multi task weight : 0.8240000000000001
2021-10-15 16:41:46,425 {'epoch': 94, 'lr': 0.0005593184839900673, 'train_loss': 0.0008351467991700782, 'mae': 0.18661226, 'elapsed_time': 77.59802293777466}
2021-10-15 16:41:46,592 multi task weight : 0.8253333333333334
2021-10-15 16:43:03,745 {'epoch': 95, 'lr': 0.0005515836150926644, 'train_loss': 0.0008538536724959721, 'mae': 0.18167315, 'elapsed_time': 77.31896662712097}
2021-10-15 16:43:04,368 multi task weight : 0.8266666666666667
2021-10-15 16:44:21,479 {'epoch': 96, 'lr': 0.0005438372523852832, 'train_loss': 0.0008163278473132568, 'mae': 0.18569894, 'elapsed_time': 77.27409529685974}
2021-10-15 16:44:21,692 multi task weight : 0.8280000000000001
2021-10-15 16:45:39,016 {'epoch': 97, 'lr': 0.00053608130716701, 'train_loss': 0.0008164812286734344, 'mae': 0.18658814, 'elapsed_time': 77.53608083724976}
2021-10-15 16:45:39,189 multi task weight : 0.8293333333333333
2021-10-15 16:46:56,499 {'epoch': 98, 'lr': 0.0005283176931012729, 'train_loss': 0.0007907940251314537, 'mae': 0.17871153, 'elapsed_time': 77.48233938217163}
2021-10-15 16:46:57,124 multi task weight : 0.8306666666666667
2021-10-15 16:48:14,477 {'epoch': 99, 'lr': 0.0005205483257436734, 'train_loss': 0.0007815516663059799, 'mae': 0.17933665, 'elapsed_time': 77.5209596157074}
2021-10-15 16:48:14,645 multi task weight : 0.8320000000000001
2021-10-15 16:49:32,108 {'epoch': 100, 'lr': 0.0005127751220693511, 'train_loss': 0.0007939243228764152, 'mae': 0.18012272, 'elapsed_time': 77.63018250465393}
2021-10-15 16:49:32,285 multi task weight : 0.8333333333333333
2021-10-15 16:50:49,709 {'epoch': 101, 'lr': 0.0005049999999999998, 'train_loss': 0.0007624343448646263, 'mae': 0.17957878, 'elapsed_time': 77.60093975067139}
2021-10-15 16:50:49,903 multi task weight : 0.8346666666666667
2021-10-15 16:52:07,278 {'epoch': 102, 'lr': 0.0004972248779306486, 'train_loss': 0.0007475232812862984, 'mae': 0.18090399, 'elapsed_time': 77.5682692527771}
2021-10-15 16:52:07,446 multi task weight : 0.8360000000000001
2021-10-15 16:53:24,778 {'epoch': 103, 'lr': 0.0004894516742563262, 'train_loss': 0.0007999227243377484, 'mae': 0.18976569, 'elapsed_time': 77.499764919281}
2021-10-15 16:53:24,962 multi task weight : 0.8373333333333333
2021-10-15 16:54:42,360 {'epoch': 104, 'lr': 0.00048168230689872663, 'train_loss': 0.0007655412142613694, 'mae': 0.18164843, 'elapsed_time': 77.58146905899048}
2021-10-15 16:54:42,547 multi task weight : 0.8386666666666667
2021-10-15 16:56:00,039 {'epoch': 105, 'lr': 0.0004739186928329896, 'train_loss': 0.0007087931322085692, 'mae': 0.1820313, 'elapsed_time': 77.67816233634949}
2021-10-15 16:56:00,208 multi task weight : 0.8400000000000001
2021-10-15 16:57:17,611 {'epoch': 106, 'lr': 0.00046616274761471655, 'train_loss': 0.0007104509311985543, 'mae': 0.17680755, 'elapsed_time': 77.57208633422852}
2021-10-15 16:57:18,260 multi task weight : 0.8413333333333333
2021-10-15 16:58:35,781 {'epoch': 107, 'lr': 0.0004584163849073352, 'train_loss': 0.0006978916851069218, 'mae': 0.17151721, 'elapsed_time': 77.71933913230896}
2021-10-15 16:58:36,435 multi task weight : 0.8426666666666667
2021-10-15 16:59:53,846 {'epoch': 108, 'lr': 0.0004506815160099324, 'train_loss': 0.0007615056689989101, 'mae': 0.18269911, 'elapsed_time': 77.60360217094421}
2021-10-15 16:59:54,017 multi task weight : 0.8440000000000001
2021-10-15 17:01:10,683 {'epoch': 109, 'lr': 0.0004429600493856693, 'train_loss': 0.0007388465670588555, 'mae': 0.17421101, 'elapsed_time': 76.83712029457092}
2021-10-15 17:01:10,863 multi task weight : 0.8453333333333333
2021-10-15 17:02:27,861 {'epoch': 110, 'lr': 0.00043525389019089656, 'train_loss': 0.0006687562978123497, 'mae': 0.17144567, 'elapsed_time': 77.17740392684937}
2021-10-15 17:02:28,488 multi task weight : 0.8466666666666667
2021-10-15 17:03:45,799 {'epoch': 111, 'lr': 0.0004275649398050856, 'train_loss': 0.0006614492817320833, 'mae': 0.17039433, 'elapsed_time': 77.49111461639404}
2021-10-15 17:03:46,452 multi task weight : 0.8480000000000001
2021-10-15 17:05:03,805 {'epoch': 112, 'lr': 0.0004198950953616921, 'train_loss': 0.0006565216143669238, 'mae': 0.17091148, 'elapsed_time': 77.54289817810059}
2021-10-15 17:05:03,976 multi task weight : 0.8493333333333333
2021-10-15 17:06:21,404 {'epoch': 113, 'lr': 0.0004122462492800662, 'train_loss': 0.0006517818174155205, 'mae': 0.1711137, 'elapsed_time': 77.59784603118896}
2021-10-15 17:06:21,573 multi task weight : 0.8506666666666667
2021-10-15 17:07:38,794 {'epoch': 114, 'lr': 0.0004046202887985263, 'train_loss': 0.0006416451203222699, 'mae': 0.16863067, 'elapsed_time': 77.38987755775452}
2021-10-15 17:07:39,431 multi task weight : 0.8520000000000001
2021-10-15 17:08:56,699 {'epoch': 115, 'lr': 0.0003970190955087115, 'train_loss': 0.0006375108361046704, 'mae': 0.17745735, 'elapsed_time': 77.45323753356934}
2021-10-15 17:08:56,882 multi task weight : 0.8533333333333333
2021-10-15 17:10:13,983 {'epoch': 116, 'lr': 0.0003894445448913267, 'train_loss': 0.0006384458839695843, 'mae': 0.16788475, 'elapsed_time': 77.28317737579346}
2021-10-15 17:10:14,612 multi task weight : 0.8546666666666667
2021-10-15 17:11:31,588 {'epoch': 117, 'lr': 0.00038189850585339675, 'train_loss': 0.0006222195380211192, 'mae': 0.16696395, 'elapsed_time': 77.14233112335205}
2021-10-15 17:11:32,231 multi task weight : 0.8560000000000001
2021-10-15 17:12:49,048 {'epoch': 118, 'lr': 0.0003743828402671403, 'train_loss': 0.0006120660223777796, 'mae': 0.16947852, 'elapsed_time': 76.9975209236145}
2021-10-15 17:12:49,209 multi task weight : 0.8573333333333333
2021-10-15 17:14:06,099 {'epoch': 119, 'lr': 0.0003668994025105814, 'train_loss': 0.0006064312522052099, 'mae': 0.16686724, 'elapsed_time': 77.05043649673462}
2021-10-15 17:14:06,745 multi task weight : 0.8586666666666667
2021-10-15 17:15:24,158 {'epoch': 120, 'lr': 0.00035945003901000945, 'train_loss': 0.0005996416473478533, 'mae': 0.16728528, 'elapsed_time': 77.58596777915955}
2021-10-15 17:15:24,345 multi task weight : 0.8600000000000001
2021-10-15 17:16:41,872 {'epoch': 121, 'lr': 0.00035203658778440103, 'train_loss': 0.0005860645814031619, 'mae': 0.16995798, 'elapsed_time': 77.71297693252563}
2021-10-15 17:16:42,046 multi task weight : 0.8613333333333333
2021-10-15 17:17:59,551 {'epoch': 122, 'lr': 0.0003446608779919159, 'train_loss': 0.0005808111466590817, 'mae': 0.1674223, 'elapsed_time': 77.6788763999939}
2021-10-15 17:17:59,732 multi task weight : 0.8626666666666667
2021-10-15 17:19:17,119 {'epoch': 123, 'lr': 0.00033732472947858063, 'train_loss': 0.0005802314856871617, 'mae': 0.1657006, 'elapsed_time': 77.56752490997314}
2021-10-15 17:19:17,760 multi task weight : 0.864
2021-10-15 17:20:35,318 {'epoch': 124, 'lr': 0.00033002995232926766, 'train_loss': 0.0005703776635999826, 'mae': 0.16673607, 'elapsed_time': 77.74732613563538}
2021-10-15 17:20:35,489 multi task weight : 0.8653333333333333
2021-10-15 17:21:53,053 {'epoch': 125, 'lr': 0.0003227783464210844, 'train_loss': 0.0005575758858656078, 'mae': 0.17512758, 'elapsed_time': 77.73470973968506}
2021-10-15 17:21:53,215 multi task weight : 0.8666666666666666
2021-10-15 17:23:10,329 {'epoch': 126, 'lr': 0.00031557170097928054, 'train_loss': 0.0005586345258524988, 'mae': 0.16476482, 'elapsed_time': 77.2754385471344}
2021-10-15 17:23:10,961 multi task weight : 0.868
2021-10-15 17:24:28,323 {'epoch': 127, 'lr': 0.0003084117941357834, 'train_loss': 0.000542473348661161, 'mae': 0.16778703, 'elapsed_time': 77.54468107223511}
2021-10-15 17:24:28,494 multi task weight : 0.8693333333333333
2021-10-15 17:25:46,324 {'epoch': 128, 'lr': 0.00030130039249047106, 'train_loss': 0.0005351040289521889, 'mae': 0.16394942, 'elapsed_time': 78.00066304206848}
2021-10-15 17:25:46,951 multi task weight : 0.8706666666666667
2021-10-15 17:27:04,869 {'epoch': 129, 'lr': 0.00029423925067528897, 'train_loss': 0.0005361323700347548, 'mae': 0.16954492, 'elapsed_time': 78.09370517730713}
2021-10-15 17:27:05,053 multi task weight : 0.872
2021-10-15 17:28:22,244 {'epoch': 130, 'lr': 0.0002872301109213219, 'train_loss': 0.0005301397579559788, 'mae': 0.16572411, 'elapsed_time': 77.37527179718018}
2021-10-15 17:28:22,408 multi task weight : 0.8733333333333333
2021-10-15 17:29:39,388 {'epoch': 131, 'lr': 0.0002802747026289243, 'train_loss': 0.000518116055240372, 'mae': 0.16313471, 'elapsed_time': 77.14297890663147}
2021-10-15 17:29:40,023 multi task weight : 0.8746666666666667
2021-10-15 17:30:57,169 {'epoch': 132, 'lr': 0.00027337474194101617, 'train_loss': 0.000509905589607435, 'mae': 0.16179968, 'elapsed_time': 77.31687307357788}
2021-10-15 17:30:57,799 multi task weight : 0.876
2021-10-15 17:32:15,247 {'epoch': 133, 'lr': 0.00026653193131965077, 'train_loss': 0.0005057411210338669, 'mae': 0.16313681, 'elapsed_time': 77.61984038352966}
2021-10-15 17:32:15,419 multi task weight : 0.8773333333333333
2021-10-15 17:33:32,819 {'epoch': 134, 'lr': 0.00025974795912595813, 'train_loss': 0.0005010469950552884, 'mae': 0.16800213, 'elapsed_time': 77.57133316993713}
2021-10-15 17:33:32,988 multi task weight : 0.8786666666666667
2021-10-15 17:34:50,068 {'epoch': 135, 'lr': 0.0002530244992035661, 'train_loss': 0.00049072414571191, 'mae': 0.16264097, 'elapsed_time': 77.2482635974884}
2021-10-15 17:34:50,247 multi task weight : 0.88
2021-10-15 17:36:07,393 {'epoch': 136, 'lr': 0.00024636321046560527, 'train_loss': 0.0004871865859128056, 'mae': 0.16178016, 'elapsed_time': 77.32487440109253}
2021-10-15 17:36:08,015 multi task weight : 0.8813333333333333
2021-10-15 17:37:25,200 {'epoch': 137, 'lr': 0.00023976573648539645, 'train_loss': 0.00047303964035194234, 'mae': 0.16171448, 'elapsed_time': 77.3559365272522}
2021-10-15 17:37:25,841 multi task weight : 0.8826666666666667
2021-10-15 17:38:42,794 {'epoch': 138, 'lr': 0.00023323370509092462, 'train_loss': 0.00046910515383399425, 'mae': 0.16138926, 'elapsed_time': 77.1365373134613}
2021-10-15 17:38:43,409 multi task weight : 0.884
2021-10-15 17:40:00,461 {'epoch': 139, 'lr': 0.00022676872796319523, 'train_loss': 0.0004620738819394584, 'mae': 0.16112466, 'elapsed_time': 77.21777582168579}
2021-10-15 17:40:01,121 multi task weight : 0.8853333333333333
2021-10-15 17:41:18,065 {'epoch': 140, 'lr': 0.00022037240023857702, 'train_loss': 0.00046171189771534353, 'mae': 0.16125187, 'elapsed_time': 77.13310670852661}
2021-10-15 17:41:18,235 multi task weight : 0.8866666666666667
2021-10-15 17:42:35,129 {'epoch': 141, 'lr': 0.00021404630011522577, 'train_loss': 0.00045500267673508467, 'mae': 0.16045007, 'elapsed_time': 77.06427121162415}
2021-10-15 17:42:35,776 multi task weight : 0.888
2021-10-15 17:43:52,733 {'epoch': 142, 'lr': 0.00020779198846368737, 'train_loss': 0.0004487497822768527, 'mae': 0.15909268, 'elapsed_time': 77.14689683914185}
2021-10-15 17:43:53,382 multi task weight : 0.8893333333333333
2021-10-15 17:45:10,484 {'epoch': 143, 'lr': 0.0002016110084417765, 'train_loss': 0.00044238680314502235, 'mae': 0.16056302, 'elapsed_time': 77.28820157051086}
2021-10-15 17:45:10,657 multi task weight : 0.8906666666666667
2021-10-15 17:46:27,709 {'epoch': 144, 'lr': 0.00019550488511382584, 'train_loss': 0.0004344611041089847, 'mae': 0.16045749, 'elapsed_time': 77.22479343414307}
2021-10-15 17:46:27,889 multi task weight : 0.892
2021-10-15 17:47:45,093 {'epoch': 145, 'lr': 0.00018947512507439847, 'train_loss': 0.0004266424254545753, 'mae': 0.16035527, 'elapsed_time': 77.38322925567627}
2021-10-15 17:47:45,273 multi task weight : 0.8933333333333333
2021-10-15 17:49:02,407 {'epoch': 146, 'lr': 0.00018352321607655904, 'train_loss': 0.0004238542738988393, 'mae': 0.15959746, 'elapsed_time': 77.31418752670288}
2021-10-15 17:49:02,586 multi task weight : 0.8946666666666667
2021-10-15 17:50:20,078 {'epoch': 147, 'lr': 0.0001776506266647923, 'train_loss': 0.0004182883089616885, 'mae': 0.16118489, 'elapsed_time': 77.66998100280762}
2021-10-15 17:50:20,252 multi task weight : 0.896
2021-10-15 17:51:37,054 {'epoch': 148, 'lr': 0.00017185880581266206, 'train_loss': 0.0004124858890610116, 'mae': 0.15940167, 'elapsed_time': 76.97628402709961}
2021-10-15 17:51:37,221 multi task weight : 0.8973333333333333
2021-10-15 17:52:53,986 {'epoch': 149, 'lr': 0.000166149182565299, 'train_loss': 0.0004086851312070986, 'mae': 0.15856059, 'elapsed_time': 76.93182325363159}
2021-10-15 17:52:54,625 multi task weight : 0.8986666666666667
2021-10-15 17:54:11,549 {'epoch': 150, 'lr': 0.00016052316568680435, 'train_loss': 0.0004012997077643437, 'mae': 0.15911831, 'elapsed_time': 77.1091480255127}
2021-10-15 17:54:11,733 multi task weight : 0.9
2021-10-15 17:55:28,604 {'epoch': 151, 'lr': 0.00015498214331265893, 'train_loss': 0.00039798137241193126, 'mae': 0.15948729, 'elapsed_time': 77.05397152900696}
2021-10-15 17:55:28,781 multi task weight : 0.9
2021-10-15 17:56:45,663 {'epoch': 152, 'lr': 0.0001495274826072215, 'train_loss': 0.0003825946352422988, 'mae': 0.15908003, 'elapsed_time': 77.05884718894958}
2021-10-15 17:56:45,846 multi task weight : 0.9
2021-10-15 17:58:02,672 {'epoch': 153, 'lr': 0.00014416052942640132, 'train_loss': 0.0003718175009421318, 'mae': 0.15841563, 'elapsed_time': 77.00799632072449}
2021-10-15 17:58:03,287 multi task weight : 0.9
2021-10-15 17:59:20,686 {'epoch': 154, 'lr': 0.0001388826079855881, 'train_loss': 0.00036455076743309824, 'mae': 0.15800695, 'elapsed_time': 77.55670356750488}
2021-10-15 17:59:21,343 multi task weight : 0.9
2021-10-15 18:00:38,623 {'epoch': 155, 'lr': 0.00013369502053292245, 'train_loss': 0.00035870516267861257, 'mae': 0.15743187, 'elapsed_time': 77.47672080993652}
2021-10-15 18:00:39,258 multi task weight : 0.9
2021-10-15 18:01:56,632 {'epoch': 156, 'lr': 0.00012859904702798464, 'train_loss': 0.0003540172413203833, 'mae': 0.15803179, 'elapsed_time': 77.5452082157135}
2021-10-15 18:01:56,798 multi task weight : 0.9
2021-10-15 18:03:14,270 {'epoch': 157, 'lr': 0.00012359594482598432, 'train_loss': 0.0003477402401111669, 'mae': 0.15787935, 'elapsed_time': 77.63805270195007}
2021-10-15 18:03:14,465 multi task weight : 0.9
2021-10-15 18:04:31,917 {'epoch': 158, 'lr': 0.00011868694836752681, 'train_loss': 0.0003439037041643584, 'mae': 0.15790285, 'elapsed_time': 77.64657807350159}
2021-10-15 18:04:32,089 multi task weight : 0.9
2021-10-15 18:05:49,411 {'epoch': 159, 'lr': 0.0001138732688740332, 'train_loss': 0.00033782389363048093, 'mae': 0.15747684, 'elapsed_time': 77.49356293678284}
2021-10-15 18:05:49,584 multi task weight : 0.9
2021-10-15 18:07:06,764 {'epoch': 160, 'lr': 0.00010915609404889012, 'train_loss': 0.00033163299032340705, 'mae': 0.15759824, 'elapsed_time': 77.3524899482727}
2021-10-15 18:07:06,960 multi task weight : 0.9
2021-10-15 18:08:24,275 {'epoch': 161, 'lr': 0.00010453658778440103, 'train_loss': 0.0003277967429076148, 'mae': 0.15683322, 'elapsed_time': 77.51063561439514}
2021-10-15 18:08:24,921 multi task weight : 0.9
2021-10-15 18:09:42,182 {'epoch': 162, 'lr': 0.00010001588987461343, 'train_loss': 0.00032423854132187217, 'mae': 0.15681256, 'elapsed_time': 77.44996809959412}
2021-10-15 18:09:42,805 multi task weight : 0.9
2021-10-15 18:11:00,268 {'epoch': 163, 'lr': 9.559511573409192e-05, 'train_loss': 0.0003182661752330696, 'mae': 0.15672338, 'elapsed_time': 77.62732434272766}
2021-10-15 18:11:00,881 multi task weight : 0.9
2021-10-15 18:12:18,228 {'epoch': 164, 'lr': 9.12753561227063e-05, 'train_loss': 0.0003147743118962679, 'mae': 0.15744737, 'elapsed_time': 77.50255584716797}
2021-10-15 18:12:18,399 multi task weight : 0.9
2021-10-15 18:13:35,706 {'epoch': 165, 'lr': 8.705767687650262e-05, 'train_loss': 0.0003106766389627343, 'mae': 0.1573907, 'elapsed_time': 77.4778037071228}
2021-10-15 18:13:35,874 multi task weight : 0.9
2021-10-15 18:14:53,255 {'epoch': 166, 'lr': 8.294311864472445e-05, 'train_loss': 0.00030665685601083154, 'mae': 0.15681295, 'elapsed_time': 77.54843044281006}
2021-10-15 18:14:53,419 multi task weight : 0.9
2021-10-15 18:16:10,733 {'epoch': 167, 'lr': 7.89326966330478e-05, 'train_loss': 0.0003041705635059662, 'mae': 0.15649897, 'elapsed_time': 77.47736859321594}
2021-10-15 18:16:11,374 multi task weight : 0.9
2021-10-15 18:17:28,895 {'epoch': 168, 'lr': 7.502740035309526e-05, 'train_loss': 0.00030024893133795525, 'mae': 0.15624851, 'elapsed_time': 77.70378684997559}
2021-10-15 18:17:29,519 multi task weight : 0.9
2021-10-15 18:18:47,011 {'epoch': 169, 'lr': 7.12281933782875e-05, 'train_loss': 0.00029685764170496806, 'mae': 0.15679726, 'elapsed_time': 77.65884327888489}
2021-10-15 18:18:47,192 multi task weight : 0.9
2021-10-15 18:20:04,733 {'epoch': 170, 'lr': 6.75360131060967e-05, 'train_loss': 0.0002927606982148744, 'mae': 0.15641305, 'elapsed_time': 77.72071266174316}
2021-10-15 18:20:04,912 multi task weight : 0.9
2021-10-15 18:21:22,331 {'epoch': 171, 'lr': 6.395177052675792e-05, 'train_loss': 0.00028958432049280055, 'mae': 0.15627311, 'elapsed_time': 77.59854173660278}
2021-10-15 18:21:22,505 multi task weight : 0.9
2021-10-15 18:22:39,822 {'epoch': 172, 'lr': 6.047634999849528e-05, 'train_loss': 0.0002878286120666326, 'mae': 0.15640956, 'elapsed_time': 77.48958563804626}
2021-10-15 18:22:39,986 multi task weight : 0.9
2021-10-15 18:23:57,605 {'epoch': 173, 'lr': 5.711060902932039e-05, 'train_loss': 0.00028362648781929644, 'mae': 0.15609264, 'elapsed_time': 77.7825882434845}
2021-10-15 18:23:58,215 multi task weight : 0.9
2021-10-15 18:25:14,553 {'epoch': 174, 'lr': 5.385537806545467e-05, 'train_loss': 0.0002809733429194148, 'mae': 0.15631235, 'elapsed_time': 76.49621391296387}
2021-10-15 18:25:14,720 multi task weight : 0.9
2021-10-15 18:26:31,180 {'epoch': 175, 'lr': 5.0711460286429424e-05, 'train_loss': 0.00027865907846967895, 'mae': 0.15622844, 'elapsed_time': 76.6259412765503}
2021-10-15 18:26:31,355 multi task weight : 0.9
2021-10-15 18:27:47,751 {'epoch': 176, 'lr': 4.767963140691315e-05, 'train_loss': 0.0002763127137563081, 'mae': 0.15625226, 'elapsed_time': 76.57087898254395}
2021-10-15 18:27:47,920 multi task weight : 0.9
2021-10-15 18:29:04,374 {'epoch': 177, 'lr': 4.4760639485315563e-05, 'train_loss': 0.00027434837497089423, 'mae': 0.15638867, 'elapsed_time': 76.62237572669983}
2021-10-15 18:29:04,557 multi task weight : 0.9
2021-10-15 18:30:21,387 {'epoch': 178, 'lr': 4.195520473921563e-05, 'train_loss': 0.00027110139926373367, 'mae': 0.15607259, 'elapsed_time': 77.01258587837219}
2021-10-15 18:30:22,026 multi task weight : 0.9
2021-10-15 18:31:38,903 {'epoch': 179, 'lr': 3.9264019367658385e-05, 'train_loss': 0.0002688305511715161, 'mae': 0.15620394, 'elapsed_time': 77.06272888183594}
2021-10-15 18:31:39,064 multi task weight : 0.9
2021-10-15 18:32:55,849 {'epoch': 180, 'lr': 3.6687747380365064e-05, 'train_loss': 0.00026704844721821936, 'mae': 0.15616016, 'elapsed_time': 76.94538712501526}
2021-10-15 18:32:56,010 multi task weight : 0.9
2021-10-15 18:34:12,828 {'epoch': 181, 'lr': 3.422702443389899e-05, 'train_loss': 0.0002655689627107423, 'mae': 0.15602401, 'elapsed_time': 76.97888612747192}
2021-10-15 18:34:13,470 multi task weight : 0.9
2021-10-15 18:35:30,375 {'epoch': 182, 'lr': 3.188245767482658e-05, 'train_loss': 0.0002632771832516665, 'mae': 0.15605849, 'elapsed_time': 77.08217644691467}
2021-10-15 18:35:30,540 multi task weight : 0.9
2021-10-15 18:36:47,295 {'epoch': 183, 'lr': 2.965462558991323e-05, 'train_loss': 0.0002617073345638076, 'mae': 0.15594797, 'elapsed_time': 76.91972017288208}
2021-10-15 18:36:47,931 multi task weight : 0.9
2021-10-15 18:38:04,664 {'epoch': 184, 'lr': 2.7544077863390004e-05, 'train_loss': 0.00026027799906138755, 'mae': 0.15595092, 'elapsed_time': 76.89462304115295}
2021-10-15 18:38:04,834 multi task weight : 0.9
2021-10-15 18:39:21,562 {'epoch': 185, 'lr': 2.5551335241327672e-05, 'train_loss': 0.0002581914019079063, 'mae': 0.15593566, 'elapsed_time': 76.8976263999939}
2021-10-15 18:39:22,239 multi task weight : 0.9
2021-10-15 18:40:39,557 {'epoch': 186, 'lr': 2.367688940315011e-05, 'train_loss': 0.0002569463194734889, 'mae': 0.15604423, 'elapsed_time': 77.52275156974792}
2021-10-15 18:40:39,756 multi task weight : 0.9
2021-10-15 18:41:57,061 {'epoch': 187, 'lr': 2.1921202840320077e-05, 'train_loss': 0.00025568920992453064, 'mae': 0.15599129, 'elapsed_time': 77.50329232215881}
2021-10-15 18:41:57,230 multi task weight : 0.9
2021-10-15 18:43:14,557 {'epoch': 188, 'lr': 2.0284708742225903e-05, 'train_loss': 0.00025442512659633727, 'mae': 0.15591519, 'elapsed_time': 77.49526858329773}
2021-10-15 18:43:15,206 multi task weight : 0.9
2021-10-15 18:44:32,581 {'epoch': 189, 'lr': 1.8767810889299086e-05, 'train_loss': 0.00025346302492155234, 'mae': 0.1560047, 'elapsed_time': 77.54100942611694}
2021-10-15 18:44:32,745 multi task weight : 0.9
2021-10-15 18:45:50,116 {'epoch': 190, 'lr': 1.7370883553386936e-05, 'train_loss': 0.00025229229183831777, 'mae': 0.15585694, 'elapsed_time': 77.53428912162781}
2021-10-15 18:45:50,747 multi task weight : 0.9
2021-10-15 18:47:08,383 {'epoch': 191, 'lr': 1.6094271405406862e-05, 'train_loss': 0.00025124144737316805, 'mae': 0.15594429, 'elapsed_time': 77.80280375480652}
2021-10-15 18:47:08,559 multi task weight : 0.9
2021-10-15 18:48:26,111 {'epoch': 192, 'lr': 1.4938289430304022e-05, 'train_loss': 0.0002505976171957945, 'mae': 0.15595193, 'elapsed_time': 77.72674822807312}
2021-10-15 18:48:26,287 multi task weight : 0.9
2021-10-15 18:49:43,619 {'epoch': 193, 'lr': 1.3903222849333509e-05, 'train_loss': 0.00024958454767418586, 'mae': 0.15598294, 'elapsed_time': 77.50824165344238}
2021-10-15 18:49:43,805 multi task weight : 0.9
2021-10-15 18:51:00,974 {'epoch': 194, 'lr': 1.2989327049686102e-05, 'train_loss': 0.00024884910877569374, 'mae': 0.15603831, 'elapsed_time': 77.35468816757202}
2021-10-15 18:51:01,154 multi task weight : 0.9
2021-10-15 18:52:18,190 {'epoch': 195, 'lr': 1.2196827521475404e-05, 'train_loss': 0.00024817164887342726, 'mae': 0.15594603, 'elapsed_time': 77.2150571346283}
2021-10-15 18:52:18,357 multi task weight : 0.9
2021-10-15 18:53:35,257 {'epoch': 196, 'lr': 1.152591980210166e-05, 'train_loss': 0.0002476473233981627, 'mae': 0.15589544, 'elapsed_time': 77.0664472579956}
2021-10-15 18:53:35,424 multi task weight : 0.9
2021-10-15 18:54:52,278 {'epoch': 197, 'lr': 1.097676942800558e-05, 'train_loss': 0.00024711106748939195, 'mae': 0.1559474, 'elapsed_time': 77.0210931301117}
2021-10-15 18:54:52,460 multi task weight : 0.9
2021-10-15 18:56:09,594 {'epoch': 198, 'lr': 1.0549511893824899e-05, 'train_loss': 0.00024654175564671406, 'mae': 0.15593475, 'elapsed_time': 77.31493401527405}
2021-10-15 18:56:09,759 multi task weight : 0.9
2021-10-15 18:57:26,908 {'epoch': 199, 'lr': 1.0244252618962858e-05, 'train_loss': 0.00024607222319893526, 'mae': 0.15593985, 'elapsed_time': 77.31402087211609}
2021-10-15 18:57:27,074 multi task weight : 0.9
2021-10-15 18:58:44,246 {'epoch': 200, 'lr': 1.006106692157801e-05, 'train_loss': 0.00024568853869594786, 'mae': 0.15595935, 'elapsed_time': 77.33767008781433}
2021-10-15 18:59:25,421 Total CV: 0.1558569371700287
