2021-10-14 02:40:34,032 Fold 0
2021-10-14 02:57:59,043 Fold 0
2021-10-14 02:58:03,024 train run device : cuda:0
2021-10-14 02:58:45,367 multi task weight : 0.7
2021-10-14 03:00:02,669 {'epoch': 1, 'lr': 0.001, 'train_loss': 0.011565939411570332, 'mae': 1.1318345, 'elapsed_time': 78.1481499671936}
2021-10-14 03:00:03,396 multi task weight : 0.7013333333333333
2021-10-14 03:01:21,120 {'epoch': 2, 'lr': 0.000999938933078422, 'train_loss': 0.0041141196853321385, 'mae': 0.8243109, 'elapsed_time': 77.88304471969604}
2021-10-14 03:01:21,786 multi task weight : 0.7026666666666667
2021-10-14 03:02:39,601 {'epoch': 3, 'lr': 0.000999755747381037, 'train_loss': 0.0035004732558828384, 'mae': 0.79988503, 'elapsed_time': 77.97501921653748}
2021-10-14 03:02:40,289 multi task weight : 0.704
2021-10-14 03:03:58,293 {'epoch': 4, 'lr': 0.000999450488106175, 'train_loss': 0.003211641929811638, 'mae': 0.73513794, 'elapsed_time': 78.19094705581665}
2021-10-14 03:03:58,967 multi task weight : 0.7053333333333334
2021-10-14 03:05:17,095 {'epoch': 5, 'lr': 0.0009990232305719944, 'train_loss': 0.0030427486603034105, 'mae': 0.65744495, 'elapsed_time': 78.3051393032074}
2021-10-14 03:05:17,773 multi task weight : 0.7066666666666667
2021-10-14 03:06:35,877 {'epoch': 6, 'lr': 0.0009984740801978983, 'train_loss': 0.0030378652461282934, 'mae': 0.7486349, 'elapsed_time': 78.2855978012085}
2021-10-14 03:06:36,052 multi task weight : 0.708
2021-10-14 03:07:54,057 {'epoch': 7, 'lr': 0.0009978031724785245, 'train_loss': 0.00272253179753593, 'mae': 0.60882413, 'elapsed_time': 78.17962265014648}
2021-10-14 03:07:54,712 multi task weight : 0.7093333333333334
2021-10-14 03:09:12,683 {'epoch': 8, 'lr': 0.000997010672950314, 'train_loss': 0.002778472344041108, 'mae': 0.5736009, 'elapsed_time': 78.13023924827576}
2021-10-14 03:09:13,341 multi task weight : 0.7106666666666667
2021-10-14 03:10:31,554 {'epoch': 9, 'lr': 0.0009960967771506664, 'train_loss': 0.0025738135780065245, 'mae': 0.5721376, 'elapsed_time': 78.37756371498108}
2021-10-14 03:10:32,211 multi task weight : 0.712
2021-10-14 03:11:50,407 {'epoch': 10, 'lr': 0.0009950617105696957, 'train_loss': 0.002481709056792471, 'mae': 0.51655847, 'elapsed_time': 78.35560202598572}
2021-10-14 03:11:51,071 multi task weight : 0.7133333333333334
2021-10-14 03:13:09,366 {'epoch': 11, 'lr': 0.0009939057285945929, 'train_loss': 0.002437783981135857, 'mae': 0.53401095, 'elapsed_time': 78.46038150787354}
2021-10-14 03:13:09,540 multi task weight : 0.7146666666666666
2021-10-14 03:14:27,852 {'epoch': 12, 'lr': 0.0009926291164466126, 'train_loss': 0.0023923933266546647, 'mae': 0.44829628, 'elapsed_time': 78.48564314842224}
2021-10-14 03:14:28,530 multi task weight : 0.716
2021-10-14 03:15:47,127 {'epoch': 13, 'lr': 0.0009912321891107005, 'train_loss': 0.0023082480775136836, 'mae': 0.4988046, 'elapsed_time': 78.77334237098694}
2021-10-14 03:15:47,289 multi task weight : 0.7173333333333333
2021-10-14 03:17:05,663 {'epoch': 14, 'lr': 0.0009897152912577737, 'train_loss': 0.0022271131322706196, 'mae': 0.4581307, 'elapsed_time': 78.53544926643372}
2021-10-14 03:17:05,833 multi task weight : 0.7186666666666666
2021-10-14 03:18:23,370 {'epoch': 15, 'lr': 0.0009880787971596797, 'train_loss': 0.0022135021716771022, 'mae': 0.40800583, 'elapsed_time': 77.70629215240479}
2021-10-14 03:18:24,001 multi task weight : 0.72
2021-10-14 03:19:41,265 {'epoch': 16, 'lr': 0.0009863231105968495, 'train_loss': 0.0021857736342153935, 'mae': 0.43458053, 'elapsed_time': 77.42308139801025}
2021-10-14 03:19:41,435 multi task weight : 0.7213333333333333
2021-10-14 03:20:58,846 {'epoch': 17, 'lr': 0.000984448664758672, 'train_loss': 0.0022156678940026945, 'mae': 0.4942252, 'elapsed_time': 77.58120584487915}
2021-10-14 03:20:59,014 multi task weight : 0.7226666666666667
2021-10-14 03:22:16,667 {'epoch': 18, 'lr': 0.0009824559221366096, 'train_loss': 0.0023540287229835474, 'mae': 0.41449264, 'elapsed_time': 77.82047843933105}
2021-10-14 03:22:16,841 multi task weight : 0.724
2021-10-14 03:23:34,967 {'epoch': 19, 'lr': 0.0009803453744100864, 'train_loss': 0.0020851489716882813, 'mae': 0.41161987, 'elapsed_time': 78.29954528808594}
2021-10-14 03:23:35,133 multi task weight : 0.7253333333333333
2021-10-14 03:24:53,233 {'epoch': 20, 'lr': 0.0009781175423251728, 'train_loss': 0.00207649612585743, 'mae': 0.40473494, 'elapsed_time': 78.26554608345032}
2021-10-14 03:24:53,864 multi task weight : 0.7266666666666667
2021-10-14 03:26:11,748 {'epoch': 21, 'lr': 0.0009757729755661004, 'train_loss': 0.0020700121124387974, 'mae': 0.41005844, 'elapsed_time': 78.03808164596558}
2021-10-14 03:26:11,928 multi task weight : 0.728
2021-10-14 03:27:29,861 {'epoch': 22, 'lr': 0.0009733122526196342, 'train_loss': 0.0020914269888969825, 'mae': 0.42723587, 'elapsed_time': 78.11224150657654}
2021-10-14 03:27:30,037 multi task weight : 0.7293333333333333
2021-10-14 03:28:47,973 {'epoch': 23, 'lr': 0.000970735980632341, 'train_loss': 0.002094570742370752, 'mae': 0.4253643, 'elapsed_time': 78.11135363578796}
2021-10-14 03:28:48,133 multi task weight : 0.7306666666666667
2021-10-14 03:30:06,432 {'epoch': 24, 'lr': 0.0009680447952607838, 'train_loss': 0.0020500476722037104, 'mae': 0.43874303, 'elapsed_time': 78.45904183387756}
2021-10-14 03:30:06,596 multi task weight : 0.732
2021-10-14 03:31:24,952 {'epoch': 25, 'lr': 0.0009652393605146839, 'train_loss': 0.0020647440861103314, 'mae': 0.48860225, 'elapsed_time': 78.51929998397827}
2021-10-14 03:31:25,130 multi task weight : 0.7333333333333334
2021-10-14 03:32:43,130 {'epoch': 26, 'lr': 0.0009623203685930864, 'train_loss': 0.0018820778384676352, 'mae': 0.34181502, 'elapsed_time': 78.1771137714386}
2021-10-14 03:32:43,781 multi task weight : 0.7346666666666667
2021-10-14 03:34:01,767 {'epoch': 27, 'lr': 0.00095928853971357, 'train_loss': 0.001914614331127793, 'mae': 0.3460673, 'elapsed_time': 78.14747643470764}
2021-10-14 03:34:01,941 multi task weight : 0.736
2021-10-14 03:35:20,355 {'epoch': 28, 'lr': 0.0009561446219345448, 'train_loss': 0.0018474381708344376, 'mae': 0.34723628, 'elapsed_time': 78.58786630630493}
2021-10-14 03:35:20,539 multi task weight : 0.7373333333333334
2021-10-14 03:36:38,964 {'epoch': 29, 'lr': 0.0009528893909706791, 'train_loss': 0.001975554446063348, 'mae': 0.35001403, 'elapsed_time': 78.60841012001038}
2021-10-14 03:36:39,146 multi task weight : 0.7386666666666666
2021-10-14 03:37:57,613 {'epoch': 30, 'lr': 0.0009495236500015041, 'train_loss': 0.0018443480563566652, 'mae': 0.30958033, 'elapsed_time': 78.64835214614868}
2021-10-14 03:37:58,297 multi task weight : 0.74
2021-10-14 03:39:16,778 {'epoch': 31, 'lr': 0.0009460482294732414, 'train_loss': 0.0017761387061784408, 'mae': 0.42002374, 'elapsed_time': 78.65651607513428}
2021-10-14 03:39:16,945 multi task weight : 0.7413333333333334
2021-10-14 03:40:35,295 {'epoch': 32, 'lr': 0.0009424639868939027, 'train_loss': 0.0016937629590668846, 'mae': 0.32208326, 'elapsed_time': 78.51575374603271}
2021-10-14 03:40:35,461 multi task weight : 0.7426666666666666
2021-10-14 03:41:53,871 {'epoch': 33, 'lr': 0.0009387718066217117, 'train_loss': 0.0016934974043771398, 'mae': 0.2902149, 'elapsed_time': 78.57617163658142}
2021-10-14 03:41:54,571 multi task weight : 0.744
2021-10-14 03:43:12,946 {'epoch': 34, 'lr': 0.000934972599646904, 'train_loss': 0.001771185658946189, 'mae': 0.3026533, 'elapsed_time': 78.56365370750427}
2021-10-14 03:43:13,105 multi task weight : 0.7453333333333333
2021-10-14 03:44:31,436 {'epoch': 35, 'lr': 0.0009310673033669515, 'train_loss': 0.0018576534355097532, 'mae': 0.31985202, 'elapsed_time': 78.48962187767029}
2021-10-14 03:44:31,619 multi task weight : 0.7466666666666666
2021-10-14 03:45:50,037 {'epoch': 36, 'lr': 0.0009270568813552751, 'train_loss': 0.0016460476449343287, 'mae': 0.28847796, 'elapsed_time': 78.60012483596802}
2021-10-14 03:45:50,733 multi task weight : 0.7479999999999999
2021-10-14 03:47:09,198 {'epoch': 37, 'lr': 0.0009229423231234969, 'train_loss': 0.0017493189284744604, 'mae': 0.26719236, 'elapsed_time': 78.64732050895691}
2021-10-14 03:47:09,892 multi task weight : 0.7493333333333333
2021-10-14 03:48:28,037 {'epoch': 38, 'lr': 0.0009187246438772933, 'train_loss': 0.0016705984305257116, 'mae': 0.32974547, 'elapsed_time': 78.32499361038208}
2021-10-14 03:48:28,193 multi task weight : 0.7506666666666666
2021-10-14 03:49:46,237 {'epoch': 39, 'lr': 0.0009144048842659075, 'train_loss': 0.0019255846264822109, 'mae': 0.28292185, 'elapsed_time': 78.20008897781372}
2021-10-14 03:49:46,421 multi task weight : 0.752
2021-10-14 03:51:04,617 {'epoch': 40, 'lr': 0.0009099841101253861, 'train_loss': 0.0017575586156646805, 'mae': 0.28905594, 'elapsed_time': 78.37906265258789}
2021-10-14 03:51:04,775 multi task weight : 0.7533333333333333
2021-10-14 03:52:22,776 {'epoch': 41, 'lr': 0.0009054634122155986, 'train_loss': 0.0017135967591233093, 'mae': 0.3125623, 'elapsed_time': 78.15842866897583}
2021-10-14 03:52:22,931 multi task weight : 0.7546666666666666
2021-10-14 03:53:40,957 {'epoch': 42, 'lr': 0.0009008439059511095, 'train_loss': 0.0016181072771963968, 'mae': 0.33896026, 'elapsed_time': 78.18099880218506}
2021-10-14 03:53:41,125 multi task weight : 0.756
2021-10-14 03:54:59,307 {'epoch': 43, 'lr': 0.0008961267311259662, 'train_loss': 0.00166874033892052, 'mae': 0.2804852, 'elapsed_time': 78.3490161895752}
2021-10-14 03:54:59,471 multi task weight : 0.7573333333333334
2021-10-14 03:56:17,235 {'epoch': 44, 'lr': 0.0008913130516324728, 'train_loss': 0.0014724207112554526, 'mae': 0.24776219, 'elapsed_time': 77.92844271659851}
2021-10-14 03:56:17,905 multi task weight : 0.7586666666666666
2021-10-14 03:57:35,984 {'epoch': 45, 'lr': 0.0008864040551740152, 'train_loss': 0.0015390919811524959, 'mae': 0.27640155, 'elapsed_time': 78.26141381263733}
2021-10-14 03:57:36,158 multi task weight : 0.76
2021-10-14 03:58:54,545 {'epoch': 46, 'lr': 0.000881400952972015, 'train_loss': 0.0018941135347541236, 'mae': 0.25283596, 'elapsed_time': 78.56094551086426}
2021-10-14 03:58:54,701 multi task weight : 0.7613333333333333
2021-10-14 04:00:13,506 {'epoch': 47, 'lr': 0.0008763049794670771, 'train_loss': 0.0016357720823991844, 'mae': 0.34515265, 'elapsed_time': 78.9606065750122}
2021-10-14 04:00:13,687 multi task weight : 0.7626666666666666
2021-10-14 04:01:32,357 {'epoch': 48, 'lr': 0.0008711173920144113, 'train_loss': 0.0016481595357041867, 'mae': 0.35679412, 'elapsed_time': 78.84971928596497}
2021-10-14 04:01:32,522 multi task weight : 0.764
2021-10-14 04:02:51,126 {'epoch': 49, 'lr': 0.0008658394705735983, 'train_loss': 0.0014891983999212187, 'mae': 0.26680002, 'elapsed_time': 78.76936984062195}
2021-10-14 04:02:51,318 multi task weight : 0.7653333333333333
2021-10-14 04:04:09,611 {'epoch': 50, 'lr': 0.0008604725173927781, 'train_loss': 0.0016742737387350807, 'mae': 0.27421013, 'elapsed_time': 78.48419070243835}
2021-10-14 04:04:09,775 multi task weight : 0.7666666666666666
2021-10-14 04:05:27,858 {'epoch': 51, 'lr': 0.0008550178566873405, 'train_loss': 0.0015604220535618489, 'mae': 0.5052324, 'elapsed_time': 78.24661302566528}
2021-10-14 04:05:28,028 multi task weight : 0.768
2021-10-14 04:06:46,047 {'epoch': 52, 'lr': 0.0008494768343131951, 'train_loss': 0.0018143576672924047, 'mae': 0.32667494, 'elapsed_time': 78.18893337249756}
2021-10-14 04:06:46,218 multi task weight : 0.7693333333333333
2021-10-14 04:08:04,334 {'epoch': 53, 'lr': 0.0008438508174347005, 'train_loss': 0.001614223315699595, 'mae': 0.29759324, 'elapsed_time': 78.28599572181702}
2021-10-14 04:08:04,497 multi task weight : 0.7706666666666666
2021-10-14 04:09:22,537 {'epoch': 54, 'lr': 0.0008381411941873374, 'train_loss': 0.0015350694257724041, 'mae': 0.25995058, 'elapsed_time': 78.20298147201538}
2021-10-14 04:09:22,708 multi task weight : 0.772
2021-10-14 04:10:40,942 {'epoch': 55, 'lr': 0.0008323493733352073, 'train_loss': 0.0013920476552743324, 'mae': 0.24180081, 'elapsed_time': 78.40409684181213}
2021-10-14 04:10:41,611 multi task weight : 0.7733333333333332
2021-10-14 04:11:59,913 {'epoch': 56, 'lr': 0.0008264767839234405, 'train_loss': 0.0015460131933074507, 'mae': 0.27606133, 'elapsed_time': 78.47911095619202}
2021-10-14 04:12:00,077 multi task weight : 0.7746666666666666
2021-10-14 04:13:18,447 {'epoch': 57, 'lr': 0.000820524874925601, 'train_loss': 0.0015805250664492803, 'mae': 0.2488993, 'elapsed_time': 78.53343868255615}
2021-10-14 04:13:18,620 multi task weight : 0.776
2021-10-14 04:14:37,112 {'epoch': 58, 'lr': 0.0008144951148861737, 'train_loss': 0.0014894977429199092, 'mae': 0.28899476, 'elapsed_time': 78.66454577445984}
2021-10-14 04:14:37,280 multi task weight : 0.7773333333333332
2021-10-14 04:15:55,690 {'epoch': 59, 'lr': 0.0008083889915582231, 'train_loss': 0.0014462810288682689, 'mae': 0.3183072, 'elapsed_time': 78.57817387580872}
2021-10-14 04:15:55,849 multi task weight : 0.7786666666666666
2021-10-14 04:17:14,261 {'epoch': 60, 'lr': 0.0008022080115363123, 'train_loss': 0.001565398751326631, 'mae': 0.2405088, 'elapsed_time': 78.57008266448975}
2021-10-14 04:17:14,928 multi task weight : 0.78
2021-10-14 04:18:33,617 {'epoch': 61, 'lr': 0.0007959536998847739, 'train_loss': 0.0013122921492324277, 'mae': 0.22389904, 'elapsed_time': 78.85143971443176}
2021-10-14 04:18:34,288 multi task weight : 0.7813333333333332
2021-10-14 04:19:52,202 {'epoch': 62, 'lr': 0.0007896275997614226, 'train_loss': 0.0014748905705765749, 'mae': 0.25686726, 'elapsed_time': 78.0985779762268}
2021-10-14 04:19:52,361 multi task weight : 0.7826666666666666
2021-10-14 04:21:09,805 {'epoch': 63, 'lr': 0.0007832312720368044, 'train_loss': 0.00131011691569018, 'mae': 0.23343945, 'elapsed_time': 77.60197925567627}
2021-10-14 04:21:09,968 multi task weight : 0.784
2021-10-14 04:22:27,569 {'epoch': 64, 'lr': 0.0007767662949090749, 'train_loss': 0.001310453266201626, 'mae': 0.26965347, 'elapsed_time': 77.76386451721191}
2021-10-14 04:22:27,718 multi task weight : 0.7853333333333332
2021-10-14 04:23:45,534 {'epoch': 65, 'lr': 0.000770234263514603, 'train_loss': 0.001296037135089052, 'mae': 0.22343159, 'elapsed_time': 77.96427655220032}
2021-10-14 04:23:46,167 multi task weight : 0.7866666666666666
2021-10-14 04:25:03,635 {'epoch': 66, 'lr': 0.0007636367895343944, 'train_loss': 0.0012534106314439027, 'mae': 0.21198422, 'elapsed_time': 77.62903118133545}
2021-10-14 04:25:04,292 multi task weight : 0.788
2021-10-14 04:26:21,991 {'epoch': 67, 'lr': 0.0007569755007964335, 'train_loss': 0.0014095734514794735, 'mae': 0.23485734, 'elapsed_time': 77.86812090873718}
2021-10-14 04:26:22,155 multi task weight : 0.7893333333333333
2021-10-14 04:27:39,840 {'epoch': 68, 'lr': 0.0007502520408740415, 'train_loss': 0.0013315129832588654, 'mae': 0.25874132, 'elapsed_time': 77.84869575500488}
2021-10-14 04:27:40,011 multi task weight : 0.7906666666666666
2021-10-14 04:28:57,875 {'epoch': 69, 'lr': 0.0007434680686803488, 'train_loss': 0.0012147068589767767, 'mae': 0.34668463, 'elapsed_time': 78.0351493358612}
2021-10-14 04:28:58,032 multi task weight : 0.792
2021-10-14 04:30:16,312 {'epoch': 70, 'lr': 0.0007366252580589837, 'train_loss': 0.0013067127214689141, 'mae': 0.23020598, 'elapsed_time': 78.43594789505005}
2021-10-14 04:30:16,488 multi task weight : 0.7933333333333333
2021-10-14 04:31:34,716 {'epoch': 71, 'lr': 0.0007297252973710754, 'train_loss': 0.0012170629700518666, 'mae': 0.23150735, 'elapsed_time': 78.40372133255005}
2021-10-14 04:31:34,896 multi task weight : 0.7946666666666666
2021-10-14 04:32:53,238 {'epoch': 72, 'lr': 0.0007227698890786777, 'train_loss': 0.001330597918650976, 'mae': 0.23049912, 'elapsed_time': 78.52173042297363}
2021-10-14 04:32:53,414 multi task weight : 0.796
2021-10-14 04:34:11,761 {'epoch': 73, 'lr': 0.0007157607493247108, 'train_loss': 0.0011924377669110609, 'mae': 0.22038214, 'elapsed_time': 78.52247428894043}
2021-10-14 04:34:11,929 multi task weight : 0.7973333333333333
2021-10-14 04:35:30,350 {'epoch': 74, 'lr': 0.0007086996075095287, 'train_loss': 0.0014458387413705872, 'mae': 0.21461399, 'elapsed_time': 78.58837628364563}
2021-10-14 04:35:30,522 multi task weight : 0.7986666666666666
2021-10-14 04:36:48,863 {'epoch': 75, 'lr': 0.0007015882058642161, 'train_loss': 0.0011698218116831748, 'mae': 0.21300143, 'elapsed_time': 78.51254296302795}
2021-10-14 04:36:49,033 multi task weight : 0.8
2021-10-14 04:38:07,464 {'epoch': 76, 'lr': 0.0006944282990207193, 'train_loss': 0.0012028356311710722, 'mae': 0.23369941, 'elapsed_time': 78.60085368156433}
2021-10-14 04:38:07,637 multi task weight : 0.8013333333333333
2021-10-14 04:39:25,901 {'epoch': 77, 'lr': 0.0006872216535789155, 'train_loss': 0.0015921664858117176, 'mae': 0.23316611, 'elapsed_time': 78.4363272190094}
2021-10-14 04:39:26,082 multi task weight : 0.8026666666666666
2021-10-14 04:40:44,274 {'epoch': 78, 'lr': 0.0006799700476707321, 'train_loss': 0.001194110633577038, 'mae': 0.22323076, 'elapsed_time': 78.3727765083313}
2021-10-14 04:40:44,436 multi task weight : 0.804
2021-10-14 04:42:02,552 {'epoch': 79, 'lr': 0.0006726752705214191, 'train_loss': 0.001076962384953848, 'mae': 0.19907972, 'elapsed_time': 78.27712273597717}
2021-10-14 04:42:03,237 multi task weight : 0.8053333333333333
2021-10-14 04:43:21,413 {'epoch': 80, 'lr': 0.0006653391220080838, 'train_loss': 0.0011561149281972367, 'mae': 0.21478765, 'elapsed_time': 78.35687685012817}
2021-10-14 04:43:21,577 multi task weight : 0.8066666666666666
2021-10-14 04:44:39,695 {'epoch': 81, 'lr': 0.0006579634122155988, 'train_loss': 0.001020142010668005, 'mae': 0.21543847, 'elapsed_time': 78.28114438056946}
2021-10-14 04:44:39,865 multi task weight : 0.808
2021-10-14 04:45:58,112 {'epoch': 82, 'lr': 0.0006505499609899903, 'train_loss': 0.0011415673117415647, 'mae': 0.25440222, 'elapsed_time': 78.41664361953735}
2021-10-14 04:45:58,280 multi task weight : 0.8093333333333333
2021-10-14 04:47:16,385 {'epoch': 83, 'lr': 0.0006431005974894184, 'train_loss': 0.0013149299818684204, 'mae': 0.21900946, 'elapsed_time': 78.27262711524963}
2021-10-14 04:47:16,547 multi task weight : 0.8106666666666666
2021-10-14 04:48:34,345 {'epoch': 84, 'lr': 0.0006356171597328593, 'train_loss': 0.0011449774408761122, 'mae': 0.23045215, 'elapsed_time': 77.95934653282166}
2021-10-14 04:48:34,518 multi task weight : 0.812
2021-10-14 04:49:52,379 {'epoch': 85, 'lr': 0.0006281014941466028, 'train_loss': 0.0010411448917438686, 'mae': 0.2009, 'elapsed_time': 78.03390455245972}
2021-10-14 04:49:52,550 multi task weight : 0.8133333333333334
2021-10-14 04:51:10,303 {'epoch': 86, 'lr': 0.000620555455108673, 'train_loss': 0.0009751979943001958, 'mae': 0.19650361, 'elapsed_time': 77.92314195632935}
2021-10-14 04:51:10,944 multi task weight : 0.8146666666666667
2021-10-14 04:52:28,672 {'epoch': 87, 'lr': 0.0006129809044912885, 'train_loss': 0.0009481943848760734, 'mae': 0.20948757, 'elapsed_time': 77.88792705535889}
2021-10-14 04:52:28,839 multi task weight : 0.8160000000000001
2021-10-14 04:53:46,618 {'epoch': 88, 'lr': 0.0006053797112014735, 'train_loss': 0.0009516351064451093, 'mae': 0.18971163, 'elapsed_time': 77.94472169876099}
2021-10-14 04:53:47,264 multi task weight : 0.8173333333333334
2021-10-14 04:55:05,211 {'epoch': 89, 'lr': 0.0005977537507199336, 'train_loss': 0.001015697769830565, 'mae': 0.2050341, 'elapsed_time': 78.10471892356873}
2021-10-14 04:55:05,368 multi task weight : 0.8186666666666667
2021-10-14 04:56:23,249 {'epoch': 90, 'lr': 0.0005901049046383074, 'train_loss': 0.0013627874644595397, 'mae': 0.24177183, 'elapsed_time': 78.03758311271667}
2021-10-14 04:56:23,412 multi task weight : 0.8200000000000001
2021-10-14 04:57:41,484 {'epoch': 91, 'lr': 0.0005824350601949141, 'train_loss': 0.0010535301873923295, 'mae': 0.20268881, 'elapsed_time': 78.23516798019409}
2021-10-14 04:57:41,644 multi task weight : 0.8213333333333334
2021-10-14 04:58:59,913 {'epoch': 92, 'lr': 0.0005747461098091033, 'train_loss': 0.0010638702453427001, 'mae': 0.20288128, 'elapsed_time': 78.42810487747192}
2021-10-14 04:59:00,072 multi task weight : 0.8226666666666667
2021-10-14 05:00:18,653 {'epoch': 93, 'lr': 0.0005670399506143305, 'train_loss': 0.0009295666321243095, 'mae': 0.1895495, 'elapsed_time': 78.7393147945404}
2021-10-14 05:00:19,336 multi task weight : 0.8240000000000001
2021-10-14 05:01:38,025 {'epoch': 94, 'lr': 0.0005593184839900673, 'train_loss': 0.0008800114261207397, 'mae': 0.19301859, 'elapsed_time': 78.87319421768188}
2021-10-14 05:01:38,190 multi task weight : 0.8253333333333334
2021-10-14 05:02:56,999 {'epoch': 95, 'lr': 0.0005515836150926644, 'train_loss': 0.0009488909963871407, 'mae': 0.19939713, 'elapsed_time': 78.97408771514893}
2021-10-14 05:02:57,170 multi task weight : 0.8266666666666667
2021-10-14 05:04:15,855 {'epoch': 96, 'lr': 0.0005438372523852832, 'train_loss': 0.0008941120530415087, 'mae': 0.18675233, 'elapsed_time': 78.85573506355286}
2021-10-14 05:04:16,535 multi task weight : 0.8280000000000001
2021-10-14 05:05:34,832 {'epoch': 97, 'lr': 0.00053608130716701, 'train_loss': 0.0008696730030765985, 'mae': 0.19732887, 'elapsed_time': 78.46298885345459}
2021-10-14 05:05:34,997 multi task weight : 0.8293333333333333
2021-10-14 05:06:53,705 {'epoch': 98, 'lr': 0.0005283176931012729, 'train_loss': 0.0008595972549666467, 'mae': 0.196301, 'elapsed_time': 78.87219667434692}
2021-10-14 05:06:53,872 multi task weight : 0.8306666666666667
2021-10-14 05:08:12,382 {'epoch': 99, 'lr': 0.0005205483257436734, 'train_loss': 0.0008597640806995455, 'mae': 0.21349901, 'elapsed_time': 78.67674088478088}
2021-10-14 05:08:12,542 multi task weight : 0.8320000000000001
2021-10-14 05:09:31,049 {'epoch': 100, 'lr': 0.0005127751220693511, 'train_loss': 0.0009516062893867098, 'mae': 0.18210733, 'elapsed_time': 78.66724252700806}
2021-10-14 05:09:31,748 multi task weight : 0.8333333333333333
2021-10-14 05:10:49,935 {'epoch': 101, 'lr': 0.0005049999999999998, 'train_loss': 0.0008155101996638508, 'mae': 0.18690494, 'elapsed_time': 78.37285232543945}
2021-10-14 05:10:50,116 multi task weight : 0.8346666666666667
2021-10-14 05:12:08,600 {'epoch': 102, 'lr': 0.0004972248779306486, 'train_loss': 0.0007929358868369052, 'mae': 0.18646517, 'elapsed_time': 78.66491293907166}
2021-10-14 05:12:08,780 multi task weight : 0.8360000000000001
2021-10-14 05:13:27,256 {'epoch': 103, 'lr': 0.0004894516742563262, 'train_loss': 0.0007733063640244517, 'mae': 0.19854037, 'elapsed_time': 78.65577054023743}
2021-10-14 05:13:27,413 multi task weight : 0.8373333333333333
2021-10-14 05:14:46,007 {'epoch': 104, 'lr': 0.00048168230689872663, 'train_loss': 0.0008009072200619203, 'mae': 0.1763156, 'elapsed_time': 78.75045776367188}
2021-10-14 05:14:46,684 multi task weight : 0.8386666666666667
2021-10-14 05:16:05,033 {'epoch': 105, 'lr': 0.0004739186928329896, 'train_loss': 0.0007684049293438357, 'mae': 0.18113525, 'elapsed_time': 78.50709128379822}
2021-10-14 05:16:05,211 multi task weight : 0.8400000000000001
2021-10-14 05:17:23,255 {'epoch': 106, 'lr': 0.00046616274761471655, 'train_loss': 0.0007691331301563382, 'mae': 0.17641212, 'elapsed_time': 78.22156572341919}
2021-10-14 05:17:23,434 multi task weight : 0.8413333333333333
2021-10-14 05:18:41,040 {'epoch': 107, 'lr': 0.0004584163849073352, 'train_loss': 0.0007816281538725768, 'mae': 0.1828872, 'elapsed_time': 77.78495645523071}
2021-10-14 05:18:41,217 multi task weight : 0.8426666666666667
2021-10-14 05:19:58,950 {'epoch': 108, 'lr': 0.0004506815160099324, 'train_loss': 0.0007373434920394713, 'mae': 0.17577393, 'elapsed_time': 77.90917897224426}
2021-10-14 05:19:59,596 multi task weight : 0.8440000000000001
2021-10-14 05:21:17,241 {'epoch': 109, 'lr': 0.0004429600493856693, 'train_loss': 0.0007275063803726826, 'mae': 0.17218424, 'elapsed_time': 77.79686260223389}
2021-10-14 05:21:17,894 multi task weight : 0.8453333333333333
2021-10-14 05:22:35,429 {'epoch': 110, 'lr': 0.00043525389019089656, 'train_loss': 0.0007183829321222956, 'mae': 0.17486572, 'elapsed_time': 77.70737433433533}
2021-10-14 05:22:35,602 multi task weight : 0.8466666666666667
2021-10-14 05:23:53,034 {'epoch': 111, 'lr': 0.0004275649398050856, 'train_loss': 0.000707020262975895, 'mae': 0.17552443, 'elapsed_time': 77.60386395454407}
2021-10-14 05:23:53,195 multi task weight : 0.8480000000000001
2021-10-14 05:25:10,663 {'epoch': 112, 'lr': 0.0004198950953616921, 'train_loss': 0.0007004792221270704, 'mae': 0.17478095, 'elapsed_time': 77.62895703315735}
2021-10-14 05:25:10,834 multi task weight : 0.8493333333333333
2021-10-14 05:26:28,602 {'epoch': 113, 'lr': 0.0004122462492800662, 'train_loss': 0.0006934605456143124, 'mae': 0.174951, 'elapsed_time': 77.93830466270447}
2021-10-14 05:26:28,770 multi task weight : 0.8506666666666667
2021-10-14 05:27:46,818 {'epoch': 114, 'lr': 0.0004046202887985263, 'train_loss': 0.0006933105989767274, 'mae': 0.17520966, 'elapsed_time': 78.21517038345337}
2021-10-14 05:27:46,992 multi task weight : 0.8520000000000001
2021-10-14 05:29:05,416 {'epoch': 115, 'lr': 0.0003970190955087115, 'train_loss': 0.0006841027061223509, 'mae': 0.17782429, 'elapsed_time': 78.59850811958313}
2021-10-14 05:29:05,599 multi task weight : 0.8533333333333333
2021-10-14 05:30:23,735 {'epoch': 116, 'lr': 0.0003894445448913267, 'train_loss': 0.0006663080524576666, 'mae': 0.1696755, 'elapsed_time': 78.3176794052124}
2021-10-14 05:30:24,441 multi task weight : 0.8546666666666667
2021-10-14 05:31:42,969 {'epoch': 117, 'lr': 0.00038189850585339675, 'train_loss': 0.0006536336671227726, 'mae': 0.17222084, 'elapsed_time': 78.72067022323608}
2021-10-14 05:31:43,149 multi task weight : 0.8560000000000001
2021-10-14 05:33:01,861 {'epoch': 118, 'lr': 0.0003743828402671403, 'train_loss': 0.0006482233753152602, 'mae': 0.16995111, 'elapsed_time': 78.89163208007812}
2021-10-14 05:33:02,025 multi task weight : 0.8573333333333333
2021-10-14 05:34:20,890 {'epoch': 119, 'lr': 0.0003668994025105814, 'train_loss': 0.0006404022696675489, 'mae': 0.1696378, 'elapsed_time': 79.02849411964417}
2021-10-14 05:34:21,577 multi task weight : 0.8586666666666667
2021-10-14 05:35:40,049 {'epoch': 120, 'lr': 0.00035945003901000945, 'train_loss': 0.0006358684049863701, 'mae': 0.16946809, 'elapsed_time': 78.64703369140625}
2021-10-14 05:35:40,742 multi task weight : 0.8600000000000001
2021-10-14 05:36:59,087 {'epoch': 121, 'lr': 0.00035203658778440103, 'train_loss': 0.0006175944594588597, 'mae': 0.17031649, 'elapsed_time': 78.5329315662384}
2021-10-14 05:36:59,266 multi task weight : 0.8613333333333333
2021-10-14 05:38:17,786 {'epoch': 122, 'lr': 0.0003446608779919159, 'train_loss': 0.0006174437481369342, 'mae': 0.16772482, 'elapsed_time': 78.69818758964539}
2021-10-14 05:38:18,493 multi task weight : 0.8626666666666667
2021-10-14 05:39:37,096 {'epoch': 123, 'lr': 0.00033732472947858063, 'train_loss': 0.0006080503589081756, 'mae': 0.16686805, 'elapsed_time': 78.7985405921936}
2021-10-14 05:39:37,760 multi task weight : 0.864
2021-10-14 05:40:56,207 {'epoch': 124, 'lr': 0.00033002995232926766, 'train_loss': 0.0006000033767389058, 'mae': 0.1681799, 'elapsed_time': 78.6102237701416}
2021-10-14 05:40:56,376 multi task weight : 0.8653333333333333
2021-10-14 05:42:14,890 {'epoch': 125, 'lr': 0.0003227783464210844, 'train_loss': 0.0005956836529890775, 'mae': 0.17005387, 'elapsed_time': 78.6819474697113}
2021-10-14 05:42:15,045 multi task weight : 0.8666666666666666
2021-10-14 05:43:33,641 {'epoch': 126, 'lr': 0.00031557170097928054, 'train_loss': 0.0005777754965920255, 'mae': 0.17095982, 'elapsed_time': 78.75087189674377}
2021-10-14 05:43:33,810 multi task weight : 0.868
2021-10-14 05:44:52,416 {'epoch': 127, 'lr': 0.0003084117941357834, 'train_loss': 0.0005774821447315913, 'mae': 0.16701427, 'elapsed_time': 78.77423858642578}
2021-10-14 05:44:52,617 multi task weight : 0.8693333333333333
2021-10-14 05:46:11,331 {'epoch': 128, 'lr': 0.00030130039249047106, 'train_loss': 0.0005638957422935189, 'mae': 0.1666581, 'elapsed_time': 78.91480374336243}
2021-10-14 05:46:11,998 multi task weight : 0.8706666666666667
2021-10-14 05:47:30,647 {'epoch': 129, 'lr': 0.00029423925067528897, 'train_loss': 0.0005618383287099752, 'mae': 0.16457708, 'elapsed_time': 78.80523109436035}
2021-10-14 05:47:31,354 multi task weight : 0.872
2021-10-14 05:48:49,678 {'epoch': 130, 'lr': 0.0002872301109213219, 'train_loss': 0.0005521914808757262, 'mae': 0.164395, 'elapsed_time': 78.5109281539917}
2021-10-14 05:48:50,324 multi task weight : 0.8733333333333333
2021-10-14 05:50:08,526 {'epoch': 131, 'lr': 0.0002802747026289243, 'train_loss': 0.0005405433483377366, 'mae': 0.16460682, 'elapsed_time': 78.35767984390259}
2021-10-14 05:50:08,689 multi task weight : 0.8746666666666667
2021-10-14 05:51:27,046 {'epoch': 132, 'lr': 0.00027337474194101617, 'train_loss': 0.00053968181360866, 'mae': 0.16895522, 'elapsed_time': 78.51983785629272}
2021-10-14 05:51:27,234 multi task weight : 0.876
2021-10-14 05:52:45,463 {'epoch': 133, 'lr': 0.00026653193131965077, 'train_loss': 0.0005239295905284371, 'mae': 0.16206282, 'elapsed_time': 78.41668438911438}
2021-10-14 05:52:46,122 multi task weight : 0.8773333333333333
2021-10-14 05:54:04,323 {'epoch': 134, 'lr': 0.00025974795912595813, 'train_loss': 0.0005238677052234166, 'mae': 0.16368881, 'elapsed_time': 78.3601222038269}
2021-10-14 05:54:04,483 multi task weight : 0.8786666666666667
2021-10-14 05:55:22,904 {'epoch': 135, 'lr': 0.0002530244992035661, 'train_loss': 0.00050944775328129, 'mae': 0.16397636, 'elapsed_time': 78.58011817932129}
2021-10-14 05:55:23,058 multi task weight : 0.88
2021-10-14 05:56:41,491 {'epoch': 136, 'lr': 0.00024636321046560527, 'train_loss': 0.0005084672008349139, 'mae': 0.16529123, 'elapsed_time': 78.58640909194946}
2021-10-14 05:56:41,663 multi task weight : 0.8813333333333333
2021-10-14 05:57:59,498 {'epoch': 137, 'lr': 0.00023976573648539645, 'train_loss': 0.0005026579550001461, 'mae': 0.16242959, 'elapsed_time': 78.00715446472168}
2021-10-14 05:57:59,685 multi task weight : 0.8826666666666667
2021-10-14 05:59:17,326 {'epoch': 138, 'lr': 0.00023323370509092462, 'train_loss': 0.0004984098609420856, 'mae': 0.16262698, 'elapsed_time': 77.8272933959961}
2021-10-14 05:59:17,503 multi task weight : 0.884
2021-10-14 06:00:35,735 {'epoch': 139, 'lr': 0.00022676872796319523, 'train_loss': 0.00048803971127426096, 'mae': 0.16192137, 'elapsed_time': 78.40904545783997}
2021-10-14 06:00:36,427 multi task weight : 0.8853333333333333
2021-10-14 06:01:54,415 {'epoch': 140, 'lr': 0.00022037240023857702, 'train_loss': 0.00047642989621069984, 'mae': 0.16168113, 'elapsed_time': 78.17351078987122}
2021-10-14 06:01:55,093 multi task weight : 0.8866666666666667
2021-10-14 06:03:13,294 {'epoch': 141, 'lr': 0.00021404630011522577, 'train_loss': 0.0004690794097080659, 'mae': 0.16315696, 'elapsed_time': 78.37780117988586}
2021-10-14 06:03:13,469 multi task weight : 0.888
2021-10-14 06:04:31,398 {'epoch': 142, 'lr': 0.00020779198846368737, 'train_loss': 0.0004673768533548035, 'mae': 0.16196331, 'elapsed_time': 78.10326313972473}
2021-10-14 06:04:31,572 multi task weight : 0.8893333333333333
2021-10-14 06:05:49,773 {'epoch': 143, 'lr': 0.0002016110084417765, 'train_loss': 0.0004572573583264514, 'mae': 0.16322671, 'elapsed_time': 78.3752772808075}
2021-10-14 06:05:49,948 multi task weight : 0.8906666666666667
2021-10-14 06:07:08,397 {'epoch': 144, 'lr': 0.00019550488511382584, 'train_loss': 0.0004546566279401362, 'mae': 0.16141424, 'elapsed_time': 78.62293672561646}
2021-10-14 06:07:09,068 multi task weight : 0.892
2021-10-14 06:08:27,339 {'epoch': 145, 'lr': 0.00018947512507439847, 'train_loss': 0.0004489381239682219, 'mae': 0.16180548, 'elapsed_time': 78.43066120147705}
2021-10-14 06:08:27,519 multi task weight : 0.8933333333333333
2021-10-14 06:09:45,893 {'epoch': 146, 'lr': 0.00018352321607655904, 'train_loss': 0.00044318323669803307, 'mae': 0.16209169, 'elapsed_time': 78.55332970619202}
2021-10-14 06:09:46,074 multi task weight : 0.8946666666666667
2021-10-14 06:11:04,531 {'epoch': 147, 'lr': 0.0001776506266647923, 'train_loss': 0.0004340251059702803, 'mae': 0.1615922, 'elapsed_time': 78.63788628578186}
2021-10-14 06:11:04,699 multi task weight : 0.896
2021-10-14 06:12:23,279 {'epoch': 148, 'lr': 0.00017185880581266206, 'train_loss': 0.0004258906158308188, 'mae': 0.16092327, 'elapsed_time': 78.7470760345459}
2021-10-14 06:12:23,948 multi task weight : 0.8973333333333333
2021-10-14 06:13:42,521 {'epoch': 149, 'lr': 0.000166149182565299, 'train_loss': 0.00042689229806698733, 'mae': 0.16116156, 'elapsed_time': 78.74803638458252}
2021-10-14 06:13:42,689 multi task weight : 0.8986666666666667
2021-10-14 06:15:01,241 {'epoch': 150, 'lr': 0.00016052316568680435, 'train_loss': 0.000419565239789136, 'mae': 0.16090064, 'elapsed_time': 78.71913719177246}
2021-10-14 06:15:01,927 multi task weight : 0.9
2021-10-14 06:16:20,343 {'epoch': 151, 'lr': 0.00015498214331265893, 'train_loss': 0.0004091036485013107, 'mae': 0.16057932, 'elapsed_time': 78.57973194122314}
2021-10-14 06:16:21,010 multi task weight : 0.9
2021-10-14 06:17:39,205 {'epoch': 152, 'lr': 0.0001495274826072215, 'train_loss': 0.00040510002489098655, 'mae': 0.16061983, 'elapsed_time': 78.37389922142029}
2021-10-14 06:17:39,364 multi task weight : 0.9
2021-10-14 06:18:57,197 {'epoch': 153, 'lr': 0.00014416052942640132, 'train_loss': 0.00040080115789111837, 'mae': 0.16008598, 'elapsed_time': 77.99181938171387}
2021-10-14 06:18:57,831 multi task weight : 0.9
2021-10-14 06:20:15,272 {'epoch': 154, 'lr': 0.0001388826079855881, 'train_loss': 0.0003948703486005781, 'mae': 0.16034986, 'elapsed_time': 77.6107428073883}
2021-10-14 06:20:15,438 multi task weight : 0.9
2021-10-14 06:21:33,005 {'epoch': 155, 'lr': 0.00013369502053292245, 'train_loss': 0.00039154142400557194, 'mae': 0.16039851, 'elapsed_time': 77.7326385974884}
2021-10-14 06:21:33,175 multi task weight : 0.9
2021-10-14 06:22:50,524 {'epoch': 156, 'lr': 0.00012859904702798464, 'train_loss': 0.00038462883272535994, 'mae': 0.15945233, 'elapsed_time': 77.51880145072937}
2021-10-14 06:22:51,150 multi task weight : 0.9
2021-10-14 06:24:08,396 {'epoch': 157, 'lr': 0.00012359594482598432, 'train_loss': 0.00037825084177220473, 'mae': 0.15911794, 'elapsed_time': 77.39589142799377}
2021-10-14 06:24:09,044 multi task weight : 0.9
2021-10-14 06:25:26,328 {'epoch': 158, 'lr': 0.00011868694836752681, 'train_loss': 0.00037458025386854463, 'mae': 0.15953748, 'elapsed_time': 77.45400667190552}
2021-10-14 06:25:26,494 multi task weight : 0.9
2021-10-14 06:26:43,831 {'epoch': 159, 'lr': 0.0001138732688740332, 'train_loss': 0.00036982620829892836, 'mae': 0.16031078, 'elapsed_time': 77.50189852714539}
2021-10-14 06:26:43,996 multi task weight : 0.9
2021-10-14 06:28:01,364 {'epoch': 160, 'lr': 0.00010915609404889012, 'train_loss': 0.00036463950445284266, 'mae': 0.15903713, 'elapsed_time': 77.53336715698242}
2021-10-14 06:28:02,019 multi task weight : 0.9
2021-10-14 06:29:19,384 {'epoch': 161, 'lr': 0.00010453658778440103, 'train_loss': 0.00036032695059076377, 'mae': 0.15869075, 'elapsed_time': 77.52708196640015}
2021-10-14 06:29:20,046 multi task weight : 0.9
2021-10-14 06:30:37,656 {'epoch': 162, 'lr': 0.00010001588987461343, 'train_loss': 0.00035621322261884244, 'mae': 0.15893823, 'elapsed_time': 77.77036619186401}
2021-10-14 06:30:37,824 multi task weight : 0.9
2021-10-14 06:31:55,512 {'epoch': 163, 'lr': 9.559511573409192e-05, 'train_loss': 0.00035271443774697795, 'mae': 0.15871017, 'elapsed_time': 77.85544896125793}
2021-10-14 06:31:55,674 multi task weight : 0.9
2021-10-14 06:33:13,454 {'epoch': 164, 'lr': 9.12753561227063e-05, 'train_loss': 0.0003477947745099417, 'mae': 0.15874831, 'elapsed_time': 77.9419493675232}
2021-10-14 06:33:13,622 multi task weight : 0.9
2021-10-14 06:34:31,811 {'epoch': 165, 'lr': 8.705767687650262e-05, 'train_loss': 0.00034357495538055936, 'mae': 0.15833996, 'elapsed_time': 78.35673952102661}
2021-10-14 06:34:32,484 multi task weight : 0.9
2021-10-14 06:35:50,584 {'epoch': 166, 'lr': 8.294311864472445e-05, 'train_loss': 0.0003390350960432061, 'mae': 0.15818146, 'elapsed_time': 78.26231479644775}
2021-10-14 06:35:51,264 multi task weight : 0.9
2021-10-14 06:37:09,557 {'epoch': 167, 'lr': 7.89326966330478e-05, 'train_loss': 0.0003363051502351298, 'mae': 0.1588138, 'elapsed_time': 78.45442247390747}
2021-10-14 06:37:09,719 multi task weight : 0.9
2021-10-14 06:38:27,843 {'epoch': 168, 'lr': 7.502740035309526e-05, 'train_loss': 0.0003323141647153457, 'mae': 0.15830073, 'elapsed_time': 78.28587174415588}
2021-10-14 06:38:28,009 multi task weight : 0.9
2021-10-14 06:39:46,109 {'epoch': 169, 'lr': 7.12281933782875e-05, 'train_loss': 0.00032934225729072306, 'mae': 0.1586147, 'elapsed_time': 78.26542115211487}
2021-10-14 06:39:46,280 multi task weight : 0.9
2021-10-14 06:41:04,144 {'epoch': 170, 'lr': 6.75360131060967e-05, 'train_loss': 0.0003250943427699303, 'mae': 0.15836234, 'elapsed_time': 78.03406000137329}
2021-10-14 06:41:04,310 multi task weight : 0.9
2021-10-14 06:42:22,379 {'epoch': 171, 'lr': 6.395177052675792e-05, 'train_loss': 0.0003222872313627982, 'mae': 0.15808912, 'elapsed_time': 78.23531675338745}
2021-10-14 06:42:23,033 multi task weight : 0.9
2021-10-14 06:43:40,975 {'epoch': 172, 'lr': 6.047634999849528e-05, 'train_loss': 0.000318512367238917, 'mae': 0.15842688, 'elapsed_time': 78.10105514526367}
2021-10-14 06:43:41,146 multi task weight : 0.9
2021-10-14 06:44:59,176 {'epoch': 173, 'lr': 5.711060902932039e-05, 'train_loss': 0.00031601244644209435, 'mae': 0.15810384, 'elapsed_time': 78.20051312446594}
2021-10-14 06:44:59,334 multi task weight : 0.9
2021-10-14 06:46:17,571 {'epoch': 174, 'lr': 5.385537806545467e-05, 'train_loss': 0.0003132315942581874, 'mae': 0.15844694, 'elapsed_time': 78.39421129226685}
2021-10-14 06:46:17,738 multi task weight : 0.9
2021-10-14 06:47:35,764 {'epoch': 175, 'lr': 5.0711460286429424e-05, 'train_loss': 0.0003101569589911272, 'mae': 0.15827483, 'elapsed_time': 78.19311904907227}
2021-10-14 06:47:35,960 multi task weight : 0.9
2021-10-14 06:48:53,626 {'epoch': 176, 'lr': 4.767963140691315e-05, 'train_loss': 0.0003071621864555173, 'mae': 0.15843551, 'elapsed_time': 77.86143732070923}
2021-10-14 06:48:53,781 multi task weight : 0.9
2021-10-14 06:50:11,382 {'epoch': 177, 'lr': 4.4760639485315563e-05, 'train_loss': 0.00030538875731837676, 'mae': 0.15819861, 'elapsed_time': 77.75594401359558}
2021-10-14 06:50:11,554 multi task weight : 0.9
2021-10-14 06:51:29,199 {'epoch': 178, 'lr': 4.195520473921563e-05, 'train_loss': 0.00030252575550927005, 'mae': 0.15816279, 'elapsed_time': 77.81614565849304}
2021-10-14 06:51:29,357 multi task weight : 0.9
2021-10-14 06:52:46,979 {'epoch': 179, 'lr': 3.9264019367658385e-05, 'train_loss': 0.0003005445385543102, 'mae': 0.15792675, 'elapsed_time': 77.77980899810791}
2021-10-14 06:52:47,616 multi task weight : 0.9
2021-10-14 06:54:05,258 {'epoch': 180, 'lr': 3.6687747380365064e-05, 'train_loss': 0.0002982316075807537, 'mae': 0.15805605, 'elapsed_time': 77.79519701004028}
2021-10-14 06:54:05,431 multi task weight : 0.9
2021-10-14 06:55:23,032 {'epoch': 181, 'lr': 3.422702443389899e-05, 'train_loss': 0.0002958852275613525, 'mae': 0.15786436, 'elapsed_time': 77.7739326953888}
2021-10-14 06:55:23,671 multi task weight : 0.9
2021-10-14 06:56:41,671 {'epoch': 182, 'lr': 3.188245767482658e-05, 'train_loss': 0.00029478400280344875, 'mae': 0.15793955, 'elapsed_time': 78.16848492622375}
2021-10-14 06:56:41,836 multi task weight : 0.9
2021-10-14 06:57:59,941 {'epoch': 183, 'lr': 2.965462558991323e-05, 'train_loss': 0.00029270645308773037, 'mae': 0.15789416, 'elapsed_time': 78.26914310455322}
2021-10-14 06:58:00,111 multi task weight : 0.9
2021-10-14 06:59:17,832 {'epoch': 184, 'lr': 2.7544077863390004e-05, 'train_loss': 0.0002910646969468547, 'mae': 0.1580468, 'elapsed_time': 77.89052677154541}
2021-10-14 06:59:17,995 multi task weight : 0.9
2021-10-14 07:00:36,142 {'epoch': 185, 'lr': 2.5551335241327672e-05, 'train_loss': 0.00028957867605464794, 'mae': 0.15796605, 'elapsed_time': 78.30966901779175}
2021-10-14 07:00:36,314 multi task weight : 0.9
2021-10-14 07:01:54,516 {'epoch': 186, 'lr': 2.367688940315011e-05, 'train_loss': 0.0002881784154678651, 'mae': 0.15795508, 'elapsed_time': 78.37340521812439}
2021-10-14 07:01:54,687 multi task weight : 0.9
2021-10-14 07:03:12,703 {'epoch': 187, 'lr': 2.1921202840320077e-05, 'train_loss': 0.0002863511597741373, 'mae': 0.15808468, 'elapsed_time': 78.18685579299927}
2021-10-14 07:03:12,875 multi task weight : 0.9
2021-10-14 07:04:30,758 {'epoch': 188, 'lr': 2.0284708742225903e-05, 'train_loss': 0.0002852814339009972, 'mae': 0.15800427, 'elapsed_time': 78.05399012565613}
2021-10-14 07:04:30,930 multi task weight : 0.9
2021-10-14 07:05:48,844 {'epoch': 189, 'lr': 1.8767810889299086e-05, 'train_loss': 0.0002840491097526609, 'mae': 0.1579493, 'elapsed_time': 78.08577418327332}
2021-10-14 07:05:49,009 multi task weight : 0.9
2021-10-14 07:07:07,035 {'epoch': 190, 'lr': 1.7370883553386936e-05, 'train_loss': 0.000282860855739181, 'mae': 0.15812697, 'elapsed_time': 78.1910765171051}
2021-10-14 07:07:07,209 multi task weight : 0.9
2021-10-14 07:08:25,418 {'epoch': 191, 'lr': 1.6094271405406862e-05, 'train_loss': 0.000281954001890825, 'mae': 0.1580514, 'elapsed_time': 78.38252902030945}
2021-10-14 07:08:25,592 multi task weight : 0.9
2021-10-14 07:09:43,800 {'epoch': 192, 'lr': 1.4938289430304022e-05, 'train_loss': 0.0002809996324769703, 'mae': 0.1579981, 'elapsed_time': 78.38098502159119}
2021-10-14 07:09:43,959 multi task weight : 0.9
2021-10-14 07:11:02,137 {'epoch': 193, 'lr': 1.3903222849333509e-05, 'train_loss': 0.00028022452198324453, 'mae': 0.15804191, 'elapsed_time': 78.33732223510742}
2021-10-14 07:11:02,306 multi task weight : 0.9
2021-10-14 07:12:20,731 {'epoch': 194, 'lr': 1.2989327049686102e-05, 'train_loss': 0.00027944205317712923, 'mae': 0.15798825, 'elapsed_time': 78.59305047988892}
2021-10-14 07:12:20,907 multi task weight : 0.9
2021-10-14 07:13:39,229 {'epoch': 195, 'lr': 1.2196827521475404e-05, 'train_loss': 0.00027866038441969076, 'mae': 0.1580485, 'elapsed_time': 78.49742579460144}
2021-10-14 07:13:39,397 multi task weight : 0.9
2021-10-14 07:14:57,619 {'epoch': 196, 'lr': 1.152591980210166e-05, 'train_loss': 0.0002782068349855518, 'mae': 0.15804522, 'elapsed_time': 78.38922190666199}
2021-10-14 07:14:57,825 multi task weight : 0.9
2021-10-14 07:16:16,124 {'epoch': 197, 'lr': 1.097676942800558e-05, 'train_loss': 0.0002775331811622684, 'mae': 0.15815286, 'elapsed_time': 78.5045998096466}
2021-10-14 07:16:16,282 multi task weight : 0.9
2021-10-14 07:17:34,697 {'epoch': 198, 'lr': 1.0549511893824899e-05, 'train_loss': 0.00027696916742794673, 'mae': 0.15805247, 'elapsed_time': 78.57261300086975}
2021-10-14 07:17:34,864 multi task weight : 0.9
2021-10-14 07:18:53,073 {'epoch': 199, 'lr': 1.0244252618962858e-05, 'train_loss': 0.0002765647867648826, 'mae': 0.158051, 'elapsed_time': 78.37602734565735}
2021-10-14 07:18:53,237 multi task weight : 0.9
2021-10-14 07:20:11,514 {'epoch': 200, 'lr': 1.006106692157801e-05, 'train_loss': 0.0002762490365656699, 'mae': 0.1580456, 'elapsed_time': 78.44047570228577}
2021-10-14 07:20:55,274 Total CV: 0.15786436200141907
