2021-10-12 09:00:41,199 Fold 0
2021-10-12 09:00:44,755 train run device : cuda:0
2021-10-12 09:01:07,387 multi task weight : 1.0
2021-10-12 09:01:31,922 {'epoch': 1, 'lr': 0.005, 'train_loss': 0.010253855840823285, 'mae': 10.923373960125552, 'elapsed_time': 24.89354109764099}
2021-10-12 09:01:32,372 multi task weight : 1.0
2021-10-12 09:01:57,221 {'epoch': 2, 'lr': 0.004995076687428538, 'train_loss': 0.009050940179603633, 'mae': 2.3458690227873755, 'elapsed_time': 25.171396732330322}
2021-10-12 09:01:57,712 multi task weight : 1.0
2021-10-12 09:02:22,647 {'epoch': 3, 'lr': 0.004980326179779623, 'train_loss': 0.007585647467195474, 'mae': 1.5766525170460846, 'elapsed_time': 25.297074794769287}
2021-10-12 09:02:23,140 multi task weight : 1.0
2021-10-12 09:02:48,117 {'epoch': 4, 'lr': 0.0049558066905680785, 'train_loss': 0.006999228623151937, 'mae': 1.0837683488943177, 'elapsed_time': 25.330122232437134}
2021-10-12 09:02:48,622 multi task weight : 1.0
2021-10-12 09:03:13,702 {'epoch': 5, 'lr': 0.004921614987015935, 'train_loss': 0.006753810317884462, 'mae': 0.959573824372259, 'elapsed_time': 25.44766116142273}
2021-10-12 09:03:14,187 multi task weight : 1.0
2021-10-12 09:03:39,195 {'epoch': 6, 'lr': 0.004877886008156408, 'train_loss': 0.006529053846205047, 'mae': 0.8778345884457165, 'elapsed_time': 25.362897157669067}
2021-10-12 09:03:39,667 multi task weight : 1.0
2021-10-12 09:04:04,760 {'epoch': 7, 'lr': 0.004824792332291187, 'train_loss': 0.006349366634708907, 'mae': 0.8990185722255851, 'elapsed_time': 25.4313006401062}
2021-10-12 09:04:05,088 multi task weight : 1.0
2021-10-12 09:04:30,178 {'epoch': 8, 'lr': 0.004762543495902719, 'train_loss': 0.006250261008304977, 'mae': 0.7532548602829584, 'elapsed_time': 25.418357610702515}
2021-10-12 09:04:30,664 multi task weight : 1.0
2021-10-12 09:04:55,660 {'epoch': 9, 'lr': 0.00469138516670944, 'train_loss': 0.006101429573031275, 'mae': 0.6763774503020845, 'elapsed_time': 25.34602427482605}
2021-10-12 09:04:56,124 multi task weight : 1.0
2021-10-12 09:05:21,119 {'epoch': 10, 'lr': 0.004611598174127528, 'train_loss': 0.005980067836914417, 'mae': 0.6349092395333232, 'elapsed_time': 25.328211545944214}
2021-10-12 09:05:21,603 multi task weight : 1.0
2021-10-12 09:05:46,602 {'epoch': 11, 'lr': 0.004523497400965494, 'train_loss': 0.005893058520899141, 'mae': 0.581555672437381, 'elapsed_time': 25.34283709526062}
2021-10-12 09:05:47,068 multi task weight : 1.0
2021-10-12 09:06:11,990 {'epoch': 12, 'lr': 0.004427430540725594, 'train_loss': 0.005777769984592263, 'mae': 0.5555133788694564, 'elapsed_time': 25.257726907730103}
2021-10-12 09:06:12,494 multi task weight : 1.0
2021-10-12 09:06:37,448 {'epoch': 13, 'lr': 0.004323776725416422, 'train_loss': 0.005768314926256163, 'mae': 0.5542855018284297, 'elapsed_time': 25.32019019126892}
2021-10-12 09:06:37,913 multi task weight : 1.0
2021-10-12 09:07:02,834 {'epoch': 14, 'lr': 0.004212945029292078, 'train_loss': 0.005677490201985465, 'mae': 0.5107883689560072, 'elapsed_time': 25.249934196472168}
2021-10-12 09:07:03,310 multi task weight : 1.0
2021-10-12 09:07:28,259 {'epoch': 15, 'lr': 0.004095372854422981, 'train_loss': 0.00557177635199823, 'mae': 0.49289633245097336, 'elapsed_time': 25.283162832260132}
2021-10-12 09:07:28,735 multi task weight : 1.0
2021-10-12 09:07:53,725 {'epoch': 16, 'lr': 0.003971524204469721, 'train_loss': 0.0055358546391633115, 'mae': 0.47705008376009417, 'elapsed_time': 25.33039164543152}
2021-10-12 09:07:54,275 multi task weight : 1.0
2021-10-12 09:08:19,199 {'epoch': 17, 'lr': 0.003841887853472597, 'train_loss': 0.0054457888609530354, 'mae': 0.503864896534095, 'elapsed_time': 25.338631868362427}
2021-10-12 09:08:19,535 multi task weight : 1.0
2021-10-12 09:08:44,559 {'epoch': 18, 'lr': 0.00370697541688378, 'train_loss': 0.005378340308124297, 'mae': 0.44319270927350257, 'elapsed_time': 25.35987091064453}
2021-10-12 09:08:45,071 multi task weight : 1.0
2021-10-12 09:09:10,106 {'epoch': 19, 'lr': 0.003567319332454857, 'train_loss': 0.005335145224949791, 'mae': 0.4461264354675498, 'elapsed_time': 25.415234327316284}
2021-10-12 09:09:10,477 multi task weight : 1.0
2021-10-12 09:09:35,350 {'epoch': 20, 'lr': 0.0034234707589482724, 'train_loss': 0.005283623649396195, 'mae': 0.41920556162319794, 'elapsed_time': 25.243454456329346}
2021-10-12 09:09:35,803 multi task weight : 1.0
2021-10-12 09:10:00,695 {'epoch': 21, 'lr': 0.0032759974009654944, 'train_loss': 0.005241062034432504, 'mae': 0.4102990675761775, 'elapsed_time': 25.21348810195923}
2021-10-12 09:10:01,164 multi task weight : 1.0
2021-10-12 09:10:26,132 {'epoch': 22, 'lr': 0.003125481268476313, 'train_loss': 0.005197442529847719, 'mae': 0.39904350726234533, 'elapsed_time': 25.303293466567993}
2021-10-12 09:10:26,641 multi task weight : 1.0
2021-10-12 09:10:51,626 {'epoch': 23, 'lr': 0.002972516379891384, 'train_loss': 0.005191361505200011, 'mae': 0.38085849853886306, 'elapsed_time': 25.361955642700195}
2021-10-12 09:10:52,118 multi task weight : 1.0
2021-10-12 09:11:17,235 {'epoch': 24, 'lr': 0.0028177064177429406, 'train_loss': 0.005128468753803322, 'mae': 0.3994443588918072, 'elapsed_time': 25.472896337509155}
2021-10-12 09:11:17,567 multi task weight : 1.0
2021-10-12 09:11:42,607 {'epoch': 25, 'lr': 0.002661662346225638, 'train_loss': 0.005142086128117313, 'mae': 0.37747112664126137, 'elapsed_time': 25.371586799621582}
2021-10-12 09:11:43,122 multi task weight : 1.0
2021-10-12 09:12:07,971 {'epoch': 26, 'lr': 0.0025050000000000007, 'train_loss': 0.005054200137980811, 'mae': 0.35618371406530774, 'elapsed_time': 25.229332447052002}
2021-10-12 09:12:08,425 multi task weight : 1.0
2021-10-12 09:12:33,423 {'epoch': 27, 'lr': 0.002348337653774364, 'train_loss': 0.0050378897634067625, 'mae': 0.3954874574660854, 'elapsed_time': 25.32161283493042}
2021-10-12 09:12:33,783 multi task weight : 1.0
2021-10-12 09:12:58,617 {'epoch': 28, 'lr': 0.0021922935822570617, 'train_loss': 0.0049916039167294205, 'mae': 0.355404894570755, 'elapsed_time': 25.193597078323364}
2021-10-12 09:12:59,086 multi task weight : 1.0
2021-10-12 09:13:24,088 {'epoch': 29, 'lr': 0.0020374836201086178, 'train_loss': 0.004980295868880548, 'mae': 0.3404404438794075, 'elapsed_time': 25.33683967590332}
2021-10-12 09:13:24,542 multi task weight : 1.0
2021-10-12 09:13:49,649 {'epoch': 30, 'lr': 0.001884518731523688, 'train_loss': 0.004931590610817618, 'mae': 0.3370311106344003, 'elapsed_time': 25.423502683639526}
2021-10-12 09:13:50,123 multi task weight : 1.0
2021-10-12 09:14:15,085 {'epoch': 31, 'lr': 0.0017340025990345077, 'train_loss': 0.004892824405546296, 'mae': 0.3249795489247282, 'elapsed_time': 25.303813695907593}
2021-10-12 09:14:15,560 multi task weight : 1.0
2021-10-12 09:14:40,606 {'epoch': 32, 'lr': 0.0015865292410517297, 'train_loss': 0.004867229294192325, 'mae': 0.32550884067444635, 'elapsed_time': 25.386393070220947}
2021-10-12 09:14:40,947 multi task weight : 1.0
2021-10-12 09:15:05,913 {'epoch': 33, 'lr': 0.0014426806675451442, 'train_loss': 0.0048360795592376936, 'mae': 0.31016809598343115, 'elapsed_time': 25.306164503097534}
2021-10-12 09:15:06,385 multi task weight : 1.0
2021-10-12 09:15:31,449 {'epoch': 34, 'lr': 0.0013030245831162203, 'train_loss': 0.004792114102816724, 'mae': 0.3120771798250094, 'elapsed_time': 25.40285062789917}
2021-10-12 09:15:31,795 multi task weight : 1.0
2021-10-12 09:15:56,760 {'epoch': 35, 'lr': 0.001168112146527403, 'train_loss': 0.0047727183327128195, 'mae': 0.3050892511715791, 'elapsed_time': 25.311238288879395}
2021-10-12 09:15:57,226 multi task weight : 1.0
2021-10-12 09:16:22,319 {'epoch': 36, 'lr': 0.00103847579553028, 'train_loss': 0.004745634665467077, 'mae': 0.3065049572149049, 'elapsed_time': 25.42231249809265}
2021-10-12 09:16:22,666 multi task weight : 1.0
2021-10-12 09:16:47,634 {'epoch': 37, 'lr': 0.0009146271455770192, 'train_loss': 0.0047226115439094555, 'mae': 0.2969235168427311, 'elapsed_time': 25.3143208026886}
2021-10-12 09:16:48,106 multi task weight : 1.0
2021-10-12 09:17:13,086 {'epoch': 38, 'lr': 0.0007970549707079218, 'train_loss': 0.004693950387797978, 'mae': 0.29069568919081673, 'elapsed_time': 25.318395376205444}
2021-10-12 09:17:13,550 multi task weight : 1.0
2021-10-12 09:17:38,512 {'epoch': 39, 'lr': 0.0006862232745835789, 'train_loss': 0.004674371443022317, 'mae': 0.2875945197521286, 'elapsed_time': 25.293745279312134}
2021-10-12 09:17:38,988 multi task weight : 1.0
2021-10-12 09:18:03,917 {'epoch': 40, 'lr': 0.0005825694592744062, 'train_loss': 0.004656215291532007, 'mae': 0.28607017303394844, 'elapsed_time': 25.267632484436035}
2021-10-12 09:18:04,417 multi task weight : 1.0
2021-10-12 09:18:29,445 {'epoch': 41, 'lr': 0.00048650259903450645, 'train_loss': 0.004639426578821292, 'mae': 0.28581037026914513, 'elapsed_time': 25.3916232585907}
2021-10-12 09:18:29,938 multi task weight : 1.0
2021-10-12 09:18:54,885 {'epoch': 42, 'lr': 0.000398401825872473, 'train_loss': 0.004618722038446, 'mae': 0.2800937282328857, 'elapsed_time': 25.30342698097229}
2021-10-12 09:18:55,372 multi task weight : 1.0
2021-10-12 09:19:20,332 {'epoch': 43, 'lr': 0.0003186148332905604, 'train_loss': 0.004604582410525454, 'mae': 0.27766947615950727, 'elapsed_time': 25.31485414505005}
2021-10-12 09:19:20,830 multi task weight : 1.0
2021-10-12 09:19:45,750 {'epoch': 44, 'lr': 0.0002474565040972818, 'train_loss': 0.004591579319547548, 'mae': 0.27739325087898703, 'elapsed_time': 25.285736799240112}
2021-10-12 09:19:46,267 multi task weight : 1.0
2021-10-12 09:20:11,286 {'epoch': 45, 'lr': 0.0001852076677088129, 'train_loss': 0.004579151999958309, 'mae': 0.274666372881869, 'elapsed_time': 25.397064924240112}
2021-10-12 09:20:11,793 multi task weight : 1.0
2021-10-12 09:20:36,779 {'epoch': 46, 'lr': 0.00013211399184359196, 'train_loss': 0.00456898680106151, 'mae': 0.27530554370379984, 'elapsed_time': 25.363788604736328}
2021-10-12 09:20:37,162 multi task weight : 1.0
2021-10-12 09:21:02,176 {'epoch': 47, 'lr': 8.838501298406574e-05, 'train_loss': 0.004561823401094036, 'mae': 0.27381020711429466, 'elapsed_time': 25.397359371185303}
2021-10-12 09:21:02,664 multi task weight : 1.0
2021-10-12 09:21:27,595 {'epoch': 48, 'lr': 5.4193309431921635e-05, 'train_loss': 0.004555837123736867, 'mae': 0.2737142911279809, 'elapsed_time': 25.286909103393555}
2021-10-12 09:21:28,069 multi task weight : 1.0
2021-10-12 09:21:52,977 {'epoch': 49, 'lr': 2.9673820220377978e-05, 'train_loss': 0.004551895064498669, 'mae': 0.2730000760289317, 'elapsed_time': 25.25178027153015}
2021-10-12 09:21:53,457 multi task weight : 1.0
2021-10-12 09:22:18,405 {'epoch': 50, 'lr': 1.4923312571462463e-05, 'train_loss': 0.004548950583196935, 'mae': 0.2729239593223094, 'elapsed_time': 25.28612470626831}
2021-10-12 09:22:52,922 Total CV: 0.2729239593223094
