2021-10-07 12:50:42,820 Fold 0
2021-10-07 12:50:46,313 train run device : cuda:0
2021-10-07 12:52:19,297 {'epoch': 1, 'lr': 0.001, 'train_loss': 0.013992973342488505, 'mae': 1.2925195, 'elapsed_time': 72.84135961532593}
2021-10-07 12:53:32,561 {'epoch': 2, 'lr': 0.000999938933078422, 'train_loss': 0.0053902360285410745, 'mae': 1.1041856, 'elapsed_time': 72.86084413528442}
2021-10-07 12:54:46,656 {'epoch': 3, 'lr': 0.000999755747381037, 'train_loss': 0.004682843088412459, 'mae': 0.9239147, 'elapsed_time': 73.65889739990234}
2021-10-07 12:56:00,793 {'epoch': 4, 'lr': 0.000999450488106175, 'train_loss': 0.004193915940223742, 'mae': 0.8140108, 'elapsed_time': 73.69259643554688}
2021-10-07 12:57:14,961 {'epoch': 5, 'lr': 0.0009990232305719944, 'train_loss': 0.004093991571048619, 'mae': 0.9246275, 'elapsed_time': 73.72725629806519}
2021-10-07 12:58:28,649 {'epoch': 6, 'lr': 0.0009984740801978983, 'train_loss': 0.0037658142532000405, 'mae': 0.7173796, 'elapsed_time': 73.68773460388184}
2021-10-07 12:59:42,993 {'epoch': 7, 'lr': 0.0009978031724785245, 'train_loss': 0.0034545292210073327, 'mae': 0.6476553, 'elapsed_time': 73.90157270431519}
2021-10-07 13:00:56,753 {'epoch': 8, 'lr': 0.000997010672950314, 'train_loss': 0.003318423221370414, 'mae': 0.62574357, 'elapsed_time': 73.31258010864258}
2021-10-07 13:02:10,642 {'epoch': 9, 'lr': 0.0009960967771506664, 'train_loss': 0.0031540545057863333, 'mae': 0.5525227, 'elapsed_time': 73.44387078285217}
2021-10-07 13:03:24,474 {'epoch': 10, 'lr': 0.0009950617105696957, 'train_loss': 0.003103371577755831, 'mae': 0.6732057, 'elapsed_time': 73.38694930076599}
2021-10-07 13:04:37,575 {'epoch': 11, 'lr': 0.0009939057285945929, 'train_loss': 0.0030199506702092882, 'mae': 0.57181233, 'elapsed_time': 73.10115456581116}
2021-10-07 13:05:50,798 {'epoch': 12, 'lr': 0.0009926291164466126, 'train_loss': 0.002841015915016689, 'mae': 0.54958975, 'elapsed_time': 73.22177195549011}
2021-10-07 13:07:04,471 {'epoch': 13, 'lr': 0.0009912321891107005, 'train_loss': 0.0031906556429414264, 'mae': 0.5862385, 'elapsed_time': 73.22253847122192}
2021-10-07 13:08:17,538 {'epoch': 14, 'lr': 0.0009897152912577737, 'train_loss': 0.0029354866497796287, 'mae': 0.48769772, 'elapsed_time': 73.06675243377686}
2021-10-07 13:09:31,060 {'epoch': 15, 'lr': 0.0009880787971596797, 'train_loss': 0.0028319281530230153, 'mae': 0.55792505, 'elapsed_time': 73.07452940940857}
2021-10-07 13:10:44,306 {'epoch': 16, 'lr': 0.0009863231105968495, 'train_loss': 0.002713738564053776, 'mae': 0.45022476, 'elapsed_time': 73.24484729766846}
2021-10-07 13:11:57,839 {'epoch': 17, 'lr': 0.000984448664758672, 'train_loss': 0.0028185377824456585, 'mae': 0.4521904, 'elapsed_time': 73.09373259544373}
2021-10-07 13:13:11,570 {'epoch': 18, 'lr': 0.0009824559221366096, 'train_loss': 0.0028312111237611573, 'mae': 0.42177728, 'elapsed_time': 73.7306318283081}
2021-10-07 13:14:26,370 {'epoch': 19, 'lr': 0.0009803453744100864, 'train_loss': 0.0026903683955381845, 'mae': 0.43779823, 'elapsed_time': 74.33909678459167}
2021-10-07 13:15:40,575 {'epoch': 20, 'lr': 0.0009781175423251728, 'train_loss': 0.002613595628714704, 'mae': 0.5165003, 'elapsed_time': 74.20462656021118}
2021-10-07 13:16:54,720 {'epoch': 21, 'lr': 0.0009757729755661004, 'train_loss': 0.0027007794428574794, 'mae': 0.46667978, 'elapsed_time': 74.14456176757812}
2021-10-07 13:18:09,053 {'epoch': 22, 'lr': 0.0009733122526196342, 'train_loss': 0.002828309847186384, 'mae': 0.8040187, 'elapsed_time': 74.33317518234253}
2021-10-07 13:19:23,125 {'epoch': 23, 'lr': 0.000970735980632341, 'train_loss': 0.002754309498924068, 'mae': 0.49052346, 'elapsed_time': 74.07093524932861}
2021-10-07 13:20:37,312 {'epoch': 24, 'lr': 0.0009680447952607838, 'train_loss': 0.0024033213625529334, 'mae': 0.37342528, 'elapsed_time': 74.18650007247925}
2021-10-07 13:21:52,049 {'epoch': 25, 'lr': 0.0009652393605146839, 'train_loss': 0.0025383316491458334, 'mae': 0.39890912, 'elapsed_time': 74.26942205429077}
2021-10-07 13:23:06,786 {'epoch': 26, 'lr': 0.0009623203685930864, 'train_loss': 0.002656186603360258, 'mae': 0.41015205, 'elapsed_time': 74.73692345619202}
2021-10-07 13:24:22,061 {'epoch': 27, 'lr': 0.00095928853971357, 'train_loss': 0.0023585334447360023, 'mae': 0.35027313, 'elapsed_time': 75.27397203445435}
2021-10-07 13:25:37,922 {'epoch': 28, 'lr': 0.0009561446219345448, 'train_loss': 0.0024211976761115634, 'mae': 0.37726974, 'elapsed_time': 75.39562249183655}
2021-10-07 13:26:53,565 {'epoch': 29, 'lr': 0.0009528893909706791, 'train_loss': 0.002144240291950875, 'mae': 0.34585714, 'elapsed_time': 75.64188885688782}
2021-10-07 13:28:09,384 {'epoch': 30, 'lr': 0.0009495236500015041, 'train_loss': 0.0023211977052680697, 'mae': 0.3715016, 'elapsed_time': 75.35576438903809}
2021-10-07 13:29:24,725 {'epoch': 31, 'lr': 0.0009460482294732414, 'train_loss': 0.002151094030927079, 'mae': 0.33566213, 'elapsed_time': 75.34004330635071}
2021-10-07 13:30:39,954 {'epoch': 32, 'lr': 0.0009424639868939027, 'train_loss': 0.0022619982365447216, 'mae': 0.36426225, 'elapsed_time': 74.77226638793945}
2021-10-07 13:31:54,474 {'epoch': 33, 'lr': 0.0009387718066217117, 'train_loss': 0.0023053083437969543, 'mae': 0.38649464, 'elapsed_time': 74.52004146575928}
2021-10-07 13:33:08,906 {'epoch': 34, 'lr': 0.000934972599646904, 'train_loss': 0.002860924312221522, 'mae': 0.48549548, 'elapsed_time': 74.4317262172699}
2021-10-07 13:34:23,243 {'epoch': 35, 'lr': 0.0009310673033669515, 'train_loss': 0.0022521835514217755, 'mae': 0.35547003, 'elapsed_time': 74.33628582954407}
2021-10-07 13:35:37,588 {'epoch': 36, 'lr': 0.0009270568813552751, 'train_loss': 0.0022546554145985204, 'mae': 0.34936845, 'elapsed_time': 74.34448742866516}
2021-10-07 13:36:52,217 {'epoch': 37, 'lr': 0.0009229423231234969, 'train_loss': 0.0021610420034313296, 'mae': 0.3208453, 'elapsed_time': 74.62867832183838}
2021-10-07 13:38:07,364 {'epoch': 38, 'lr': 0.0009187246438772933, 'train_loss': 0.0019882419721190705, 'mae': 0.3608086, 'elapsed_time': 74.66871666908264}
2021-10-07 13:39:22,025 {'epoch': 39, 'lr': 0.0009144048842659075, 'train_loss': 0.001984255405660099, 'mae': 0.3340273, 'elapsed_time': 74.6604437828064}
2021-10-07 13:40:36,810 {'epoch': 40, 'lr': 0.0009099841101253861, 'train_loss': 0.0022134001014385103, 'mae': 0.34872094, 'elapsed_time': 74.78403067588806}
2021-10-07 13:41:51,301 {'epoch': 41, 'lr': 0.0009054634122155986, 'train_loss': 0.002266235812027143, 'mae': 0.31162873, 'elapsed_time': 74.49117946624756}
2021-10-07 13:43:06,531 {'epoch': 42, 'lr': 0.0009008439059511095, 'train_loss': 0.0020802207034379934, 'mae': 0.47560862, 'elapsed_time': 74.77694082260132}
2021-10-07 13:44:21,565 {'epoch': 43, 'lr': 0.0008961267311259662, 'train_loss': 0.0022404656631315363, 'mae': 0.33408964, 'elapsed_time': 75.03381729125977}
2021-10-07 13:45:36,565 {'epoch': 44, 'lr': 0.0008913130516324728, 'train_loss': 0.0018544384527080023, 'mae': 0.2910342, 'elapsed_time': 74.99978685379028}
2021-10-07 13:46:52,154 {'epoch': 45, 'lr': 0.0008864040551740152, 'train_loss': 0.0018202581012719036, 'mae': 0.26635313, 'elapsed_time': 75.12742185592651}
2021-10-07 13:48:07,384 {'epoch': 46, 'lr': 0.000881400952972015, 'train_loss': 0.0019708300506815837, 'mae': 0.30964077, 'elapsed_time': 74.7719988822937}
2021-10-07 13:49:21,950 {'epoch': 47, 'lr': 0.0008763049794670771, 'train_loss': 0.0021349308075416635, 'mae': 0.48265818, 'elapsed_time': 74.56542682647705}
2021-10-07 13:50:36,468 {'epoch': 48, 'lr': 0.0008711173920144113, 'train_loss': 0.002044526323419363, 'mae': 0.30454415, 'elapsed_time': 74.51731753349304}
2021-10-07 13:51:51,043 {'epoch': 49, 'lr': 0.0008658394705735983, 'train_loss': 0.0018790018107221172, 'mae': 0.2635353, 'elapsed_time': 74.57421731948853}
2021-10-07 13:53:06,175 {'epoch': 50, 'lr': 0.0008604725173927781, 'train_loss': 0.001956680356577345, 'mae': 0.3031175, 'elapsed_time': 74.67709398269653}
2021-10-07 13:54:21,193 {'epoch': 51, 'lr': 0.0008550178566873405, 'train_loss': 0.0018481155182250373, 'mae': 0.25522184, 'elapsed_time': 75.01752305030823}
2021-10-07 13:55:36,904 {'epoch': 52, 'lr': 0.0008494768343131951, 'train_loss': 0.0018442566588649377, 'mae': 0.31806567, 'elapsed_time': 75.26433610916138}
2021-10-07 13:56:52,090 {'epoch': 53, 'lr': 0.0008438508174347005, 'train_loss': 0.0018124416149594754, 'mae': 0.25839794, 'elapsed_time': 75.18563890457153}
2021-10-07 13:58:07,239 {'epoch': 54, 'lr': 0.0008381411941873374, 'train_loss': 0.0018301366515472443, 'mae': 0.2911719, 'elapsed_time': 75.14858078956604}
2021-10-07 13:59:22,200 {'epoch': 55, 'lr': 0.0008323493733352073, 'train_loss': 0.001654009824165688, 'mae': 0.25481334, 'elapsed_time': 74.96074771881104}
2021-10-07 14:00:37,668 {'epoch': 56, 'lr': 0.0008264767839234405, 'train_loss': 0.0020753367328146108, 'mae': 0.30829507, 'elapsed_time': 75.02557587623596}
2021-10-07 14:01:52,993 {'epoch': 57, 'lr': 0.000820524874925601, 'train_loss': 0.00192811479180992, 'mae': 0.31462368, 'elapsed_time': 75.32403016090393}
2021-10-07 14:03:08,324 {'epoch': 58, 'lr': 0.0008144951148861737, 'train_loss': 0.0019264084454243195, 'mae': 0.3136061, 'elapsed_time': 75.33064818382263}
2021-10-07 14:04:22,870 {'epoch': 59, 'lr': 0.0008083889915582231, 'train_loss': 0.0019688488961233847, 'mae': 0.25685218, 'elapsed_time': 74.54596853256226}
2021-10-07 14:05:37,384 {'epoch': 60, 'lr': 0.0008022080115363123, 'train_loss': 0.0016135771750831066, 'mae': 0.24845025, 'elapsed_time': 74.5126678943634}
2021-10-07 14:06:51,601 {'epoch': 61, 'lr': 0.0007959536998847739, 'train_loss': 0.001561718520500393, 'mae': 0.306893, 'elapsed_time': 73.76082515716553}
2021-10-07 14:08:05,267 {'epoch': 62, 'lr': 0.0007896275997614226, 'train_loss': 0.0017747605373778037, 'mae': 0.263803, 'elapsed_time': 73.66593432426453}
2021-10-07 14:09:19,548 {'epoch': 63, 'lr': 0.0007832312720368044, 'train_loss': 0.0019119334510219578, 'mae': 0.24485408, 'elapsed_time': 74.28086733818054}
2021-10-07 14:10:34,217 {'epoch': 64, 'lr': 0.0007767662949090749, 'train_loss': 0.0016395598304358597, 'mae': 0.2756268, 'elapsed_time': 74.21165251731873}
2021-10-07 14:11:49,018 {'epoch': 65, 'lr': 0.000770234263514603, 'train_loss': 0.0015296917477828765, 'mae': 0.22953632, 'elapsed_time': 74.80093717575073}
2021-10-07 14:13:04,363 {'epoch': 66, 'lr': 0.0007636367895343944, 'train_loss': 0.0015483696329684506, 'mae': 0.24028236, 'elapsed_time': 74.89253163337708}
2021-10-07 14:14:19,377 {'epoch': 67, 'lr': 0.0007569755007964335, 'train_loss': 0.001726829077655942, 'mae': 0.24919182, 'elapsed_time': 75.01360511779785}
2021-10-07 14:15:34,117 {'epoch': 68, 'lr': 0.0007502520408740415, 'train_loss': 0.0015040621973667972, 'mae': 0.22864002, 'elapsed_time': 74.74030685424805}
2021-10-07 14:16:49,410 {'epoch': 69, 'lr': 0.0007434680686803488, 'train_loss': 0.0014424833195682705, 'mae': 0.3848426, 'elapsed_time': 74.8151342868805}
2021-10-07 14:18:04,145 {'epoch': 70, 'lr': 0.0007366252580589837, 'train_loss': 0.001532723669967484, 'mae': 0.22457507, 'elapsed_time': 74.73480677604675}
2021-10-07 14:19:19,152 {'epoch': 71, 'lr': 0.0007297252973710754, 'train_loss': 0.0015597739895698327, 'mae': 0.24621098, 'elapsed_time': 74.53415012359619}
2021-10-07 14:20:33,807 {'epoch': 72, 'lr': 0.0007227698890786777, 'train_loss': 0.002134626443918135, 'mae': 0.29399085, 'elapsed_time': 74.65499591827393}
2021-10-07 14:21:48,348 {'epoch': 73, 'lr': 0.0007157607493247108, 'train_loss': 0.0017795064441509165, 'mae': 0.24493495, 'elapsed_time': 74.54091358184814}
2021-10-07 14:23:03,239 {'epoch': 74, 'lr': 0.0007086996075095287, 'train_loss': 0.001478740578607426, 'mae': 0.2304953, 'elapsed_time': 74.89029240608215}
2021-10-07 14:24:18,061 {'epoch': 75, 'lr': 0.0007015882058642161, 'train_loss': 0.001596832998477125, 'mae': 0.25705755, 'elapsed_time': 74.82149171829224}
2021-10-07 14:25:33,010 {'epoch': 76, 'lr': 0.0006944282990207193, 'train_loss': 0.00142885564256773, 'mae': 0.22069106, 'elapsed_time': 74.94826936721802}
2021-10-07 14:26:48,064 {'epoch': 77, 'lr': 0.0006872216535789155, 'train_loss': 0.0012987596740127794, 'mae': 0.22791573, 'elapsed_time': 74.58926725387573}
2021-10-07 14:28:03,154 {'epoch': 78, 'lr': 0.0006799700476707321, 'train_loss': 0.0013522575975372904, 'mae': 0.21890652, 'elapsed_time': 75.08982610702515}
2021-10-07 14:29:17,401 {'epoch': 79, 'lr': 0.0006726752705214191, 'train_loss': 0.0016690619986052542, 'mae': 0.42343423, 'elapsed_time': 73.78484678268433}
2021-10-07 14:30:31,413 {'epoch': 80, 'lr': 0.0006653391220080838, 'train_loss': 0.0015186685834245384, 'mae': 0.22179171, 'elapsed_time': 74.01108455657959}
2021-10-07 14:31:45,460 {'epoch': 81, 'lr': 0.0006579634122155988, 'train_loss': 0.001371570450430915, 'mae': 0.212574, 'elapsed_time': 74.04686284065247}
2021-10-07 14:33:00,386 {'epoch': 82, 'lr': 0.0006505499609899903, 'train_loss': 0.0012339791886612152, 'mae': 0.21318536, 'elapsed_time': 74.46540379524231}
2021-10-07 14:34:14,704 {'epoch': 83, 'lr': 0.0006431005974894184, 'train_loss': 0.0012461806555519915, 'mae': 0.25111872, 'elapsed_time': 74.31750226020813}
2021-10-07 14:35:29,068 {'epoch': 84, 'lr': 0.0006356171597328593, 'train_loss': 0.001349488683316469, 'mae': 0.23696712, 'elapsed_time': 74.36352252960205}
2021-10-07 14:36:43,348 {'epoch': 85, 'lr': 0.0006281014941466028, 'train_loss': 0.0013253526755956089, 'mae': 0.22059822, 'elapsed_time': 74.27961993217468}
2021-10-07 14:37:57,461 {'epoch': 86, 'lr': 0.000620555455108673, 'train_loss': 0.0015256954158296484, 'mae': 0.21891065, 'elapsed_time': 74.112557888031}
2021-10-07 14:39:11,333 {'epoch': 87, 'lr': 0.0006129809044912885, 'train_loss': 0.0013146486673985514, 'mae': 0.2041993, 'elapsed_time': 73.87111496925354}
2021-10-07 14:40:26,310 {'epoch': 88, 'lr': 0.0006053797112014735, 'train_loss': 0.0011814096856138973, 'mae': 0.20427717, 'elapsed_time': 74.51727747917175}
2021-10-07 14:41:41,257 {'epoch': 89, 'lr': 0.0005977537507199336, 'train_loss': 0.0012665518707021173, 'mae': 0.22494806, 'elapsed_time': 74.94687867164612}
2021-10-07 14:42:56,203 {'epoch': 90, 'lr': 0.0005901049046383074, 'train_loss': 0.0014636843818911975, 'mae': 0.5386251, 'elapsed_time': 74.94552063941956}
2021-10-07 14:44:11,065 {'epoch': 91, 'lr': 0.0005824350601949141, 'train_loss': 0.0015042457308662182, 'mae': 0.20669171, 'elapsed_time': 74.86168718338013}
2021-10-07 14:45:25,920 {'epoch': 92, 'lr': 0.0005747461098091033, 'train_loss': 0.0012104718513278238, 'mae': 0.20196927, 'elapsed_time': 74.85429739952087}
2021-10-07 14:46:41,248 {'epoch': 93, 'lr': 0.0005670399506143305, 'train_loss': 0.0010864381313649845, 'mae': 0.20997049, 'elapsed_time': 74.85870695114136}
2021-10-07 14:47:55,660 {'epoch': 94, 'lr': 0.0005593184839900673, 'train_loss': 0.001168865563608385, 'mae': 0.205575, 'elapsed_time': 74.41235041618347}
2021-10-07 14:49:10,897 {'epoch': 95, 'lr': 0.0005515836150926644, 'train_loss': 0.0012580724162740214, 'mae': 0.465431, 'elapsed_time': 75.23586750030518}
2021-10-07 14:50:25,756 {'epoch': 96, 'lr': 0.0005438372523852832, 'train_loss': 0.0011777025409847636, 'mae': 0.19678405, 'elapsed_time': 74.85850715637207}
2021-10-07 14:51:40,945 {'epoch': 97, 'lr': 0.00053608130716701, 'train_loss': 0.0010220843854232527, 'mae': 0.20749886, 'elapsed_time': 74.72066450119019}
2021-10-07 14:52:55,592 {'epoch': 98, 'lr': 0.0005283176931012729, 'train_loss': 0.0010555343364221596, 'mae': 0.24602006, 'elapsed_time': 74.64667534828186}
2021-10-07 14:54:10,321 {'epoch': 99, 'lr': 0.0005205483257436734, 'train_loss': 0.001196560157972744, 'mae': 0.2465953, 'elapsed_time': 74.72869324684143}
2021-10-07 14:55:24,103 {'epoch': 100, 'lr': 0.0005127751220693511, 'train_loss': 0.0012221600909731575, 'mae': 0.5492393, 'elapsed_time': 73.78073477745056}
2021-10-07 14:56:37,897 {'epoch': 101, 'lr': 0.0005049999999999998, 'train_loss': 0.0014647211364764816, 'mae': 0.23505569, 'elapsed_time': 73.79428458213806}
2021-10-07 14:57:51,601 {'epoch': 102, 'lr': 0.0004972248779306486, 'train_loss': 0.0010299449528563174, 'mae': 0.18964945, 'elapsed_time': 73.70370769500732}
2021-10-07 14:59:06,249 {'epoch': 103, 'lr': 0.0004894516742563262, 'train_loss': 0.0009180258941016425, 'mae': 0.19303931, 'elapsed_time': 74.1782636642456}
2021-10-07 15:00:20,921 {'epoch': 104, 'lr': 0.00048168230689872663, 'train_loss': 0.0009111578739819106, 'mae': 0.1902858, 'elapsed_time': 74.67125010490417}
2021-10-07 15:01:35,071 {'epoch': 105, 'lr': 0.0004739186928329896, 'train_loss': 0.0009350943162474433, 'mae': 0.19226578, 'elapsed_time': 74.15019750595093}
2021-10-07 15:02:50,059 {'epoch': 106, 'lr': 0.00046616274761471655, 'train_loss': 0.0011047463877665988, 'mae': 0.20885666, 'elapsed_time': 74.98744606971741}
2021-10-07 15:04:04,667 {'epoch': 107, 'lr': 0.0004584163849073352, 'train_loss': 0.0010193197007276823, 'mae': 0.19139694, 'elapsed_time': 74.60776424407959}
2021-10-07 15:05:19,397 {'epoch': 108, 'lr': 0.0004506815160099324, 'train_loss': 0.0008934278469446323, 'mae': 0.18813388, 'elapsed_time': 74.72958207130432}
2021-10-07 15:06:34,133 {'epoch': 109, 'lr': 0.0004429600493856693, 'train_loss': 0.0008828955668538828, 'mae': 0.19518912, 'elapsed_time': 74.27809858322144}
2021-10-07 15:07:48,717 {'epoch': 110, 'lr': 0.00043525389019089656, 'train_loss': 0.0008669855390324191, 'mae': 0.18655808, 'elapsed_time': 74.58277487754822}
2021-10-07 15:09:03,196 {'epoch': 111, 'lr': 0.0004275649398050856, 'train_loss': 0.0008579620679209689, 'mae': 0.18402499, 'elapsed_time': 74.03324913978577}
2021-10-07 15:10:18,388 {'epoch': 112, 'lr': 0.0004198950953616921, 'train_loss': 0.0009017312222804117, 'mae': 0.18073209, 'elapsed_time': 74.74240207672119}
2021-10-07 15:11:33,491 {'epoch': 113, 'lr': 0.0004122462492800662, 'train_loss': 0.0008445453630714641, 'mae': 0.1801426, 'elapsed_time': 74.65526342391968}
2021-10-07 15:12:47,890 {'epoch': 114, 'lr': 0.0004046202887985263, 'train_loss': 0.0007981109700114464, 'mae': 0.18567197, 'elapsed_time': 73.95618224143982}
2021-10-07 15:14:01,824 {'epoch': 115, 'lr': 0.0003970190955087115, 'train_loss': 0.0007928878460215211, 'mae': 0.18145992, 'elapsed_time': 73.93308615684509}
2021-10-07 15:15:15,893 {'epoch': 116, 'lr': 0.0003894445448913267, 'train_loss': 0.0007878591666322738, 'mae': 0.18430388, 'elapsed_time': 74.06871700286865}
2021-10-07 15:16:29,948 {'epoch': 117, 'lr': 0.00038189850585339675, 'train_loss': 0.0007671540627728795, 'mae': 0.1778322, 'elapsed_time': 74.05478525161743}
2021-10-07 15:17:44,499 {'epoch': 118, 'lr': 0.0003743828402671403, 'train_loss': 0.0007557594215508484, 'mae': 0.17620192, 'elapsed_time': 74.09491896629333}
2021-10-07 15:18:58,475 {'epoch': 119, 'lr': 0.0003668994025105814, 'train_loss': 0.0007659708019506466, 'mae': 0.17762558, 'elapsed_time': 73.50594449043274}
2021-10-07 15:20:11,847 {'epoch': 120, 'lr': 0.00035945003901000945, 'train_loss': 0.0007418774280665014, 'mae': 0.17742363, 'elapsed_time': 73.3714292049408}
2021-10-07 15:21:25,643 {'epoch': 121, 'lr': 0.00035203658778440103, 'train_loss': 0.0007421343442301942, 'mae': 0.176152, 'elapsed_time': 73.79549980163574}
2021-10-07 15:22:39,699 {'epoch': 122, 'lr': 0.0003446608779919159, 'train_loss': 0.0007141703413891982, 'mae': 0.17624485, 'elapsed_time': 73.5924437046051}
2021-10-07 15:23:53,340 {'epoch': 123, 'lr': 0.00033732472947858063, 'train_loss': 0.00070690169394747, 'mae': 0.17892966, 'elapsed_time': 73.64057540893555}
2021-10-07 15:25:06,911 {'epoch': 124, 'lr': 0.00033002995232926766, 'train_loss': 0.0006948429557900305, 'mae': 0.17744064, 'elapsed_time': 73.5700101852417}
2021-10-07 15:26:20,396 {'epoch': 125, 'lr': 0.0003227783464210844, 'train_loss': 0.0006799375853143914, 'mae': 0.1725642, 'elapsed_time': 73.48446822166443}
2021-10-07 15:27:34,369 {'epoch': 126, 'lr': 0.00031557170097928054, 'train_loss': 0.0006777437212472724, 'mae': 0.18621804, 'elapsed_time': 73.52237939834595}
2021-10-07 15:28:48,004 {'epoch': 127, 'lr': 0.0003084117941357834, 'train_loss': 0.0007708700668780198, 'mae': 0.24300997, 'elapsed_time': 73.63496685028076}
2021-10-07 15:30:02,418 {'epoch': 128, 'lr': 0.00030130039249047106, 'train_loss': 0.0008194274067226982, 'mae': 0.17571513, 'elapsed_time': 74.41348958015442}
2021-10-07 15:31:16,311 {'epoch': 129, 'lr': 0.00029423925067528897, 'train_loss': 0.000649766664213894, 'mae': 0.17400257, 'elapsed_time': 73.89248156547546}
2021-10-07 15:32:30,156 {'epoch': 130, 'lr': 0.0002872301109213219, 'train_loss': 0.0006248273950926786, 'mae': 0.17291887, 'elapsed_time': 73.84437680244446}
2021-10-07 15:33:44,078 {'epoch': 131, 'lr': 0.0002802747026289243, 'train_loss': 0.0006775858918806035, 'mae': 0.17458178, 'elapsed_time': 73.92213034629822}
2021-10-07 15:34:58,023 {'epoch': 132, 'lr': 0.00027337474194101617, 'train_loss': 0.0006564110033633774, 'mae': 0.17061365, 'elapsed_time': 73.94373869895935}
2021-10-07 15:36:12,322 {'epoch': 133, 'lr': 0.00026653193131965077, 'train_loss': 0.0006047902552866438, 'mae': 0.16992617, 'elapsed_time': 73.84749102592468}
2021-10-07 15:37:26,680 {'epoch': 134, 'lr': 0.00025974795912595813, 'train_loss': 0.0005934536165136269, 'mae': 0.17046548, 'elapsed_time': 73.90974998474121}
2021-10-07 15:38:40,667 {'epoch': 135, 'lr': 0.0002530244992035661, 'train_loss': 0.000587381069123192, 'mae': 0.16977286, 'elapsed_time': 73.98627185821533}
2021-10-07 15:39:55,123 {'epoch': 136, 'lr': 0.00024636321046560527, 'train_loss': 0.0005805346116823538, 'mae': 0.17004941, 'elapsed_time': 73.9843897819519}
2021-10-07 15:41:09,119 {'epoch': 137, 'lr': 0.00023976573648539645, 'train_loss': 0.0005791816298804826, 'mae': 0.16899134, 'elapsed_time': 73.99607992172241}
2021-10-07 15:42:23,558 {'epoch': 138, 'lr': 0.00023323370509092462, 'train_loss': 0.000570707459982813, 'mae': 0.16827807, 'elapsed_time': 73.97840309143066}
2021-10-07 15:43:37,987 {'epoch': 139, 'lr': 0.00022676872796319523, 'train_loss': 0.0005612148705195954, 'mae': 0.16912334, 'elapsed_time': 73.98500680923462}
2021-10-07 15:44:51,918 {'epoch': 140, 'lr': 0.00022037240023857702, 'train_loss': 0.0005534448763978964, 'mae': 0.1683538, 'elapsed_time': 73.93002557754517}
2021-10-07 15:46:05,940 {'epoch': 141, 'lr': 0.00021404630011522577, 'train_loss': 0.0005472576246282729, 'mae': 0.16939095, 'elapsed_time': 74.02201128005981}
2021-10-07 15:47:19,870 {'epoch': 142, 'lr': 0.00020779198846368737, 'train_loss': 0.0005388006134078429, 'mae': 0.16686702, 'elapsed_time': 73.9299385547638}
2021-10-07 15:48:34,208 {'epoch': 143, 'lr': 0.0002016110084417765, 'train_loss': 0.0005355846426265179, 'mae': 0.16756362, 'elapsed_time': 73.89688348770142}
2021-10-07 15:49:48,021 {'epoch': 144, 'lr': 0.00019550488511382584, 'train_loss': 0.0005222270037482676, 'mae': 0.16720879, 'elapsed_time': 73.81203079223633}
2021-10-07 15:51:01,952 {'epoch': 145, 'lr': 0.00018947512507439847, 'train_loss': 0.0005205131003187539, 'mae': 0.16999798, 'elapsed_time': 73.93116569519043}
2021-10-07 15:52:15,915 {'epoch': 146, 'lr': 0.00018352321607655904, 'train_loss': 0.0005141050375830148, 'mae': 0.16666938, 'elapsed_time': 73.96225690841675}
2021-10-07 15:53:30,472 {'epoch': 147, 'lr': 0.0001776506266647923, 'train_loss': 0.0005033196917826999, 'mae': 0.16834617, 'elapsed_time': 74.10056185722351}
2021-10-07 15:54:44,468 {'epoch': 148, 'lr': 0.00017185880581266206, 'train_loss': 0.0004981390228328364, 'mae': 0.16704273, 'elapsed_time': 73.99568772315979}
2021-10-07 15:55:58,408 {'epoch': 149, 'lr': 0.000166149182565299, 'train_loss': 0.0004901129893114268, 'mae': 0.16702853, 'elapsed_time': 73.94027781486511}
2021-10-07 15:57:12,283 {'epoch': 150, 'lr': 0.00016052316568680435, 'train_loss': 0.0004847507281975686, 'mae': 0.16664778, 'elapsed_time': 73.87397694587708}
2021-10-07 15:58:26,109 {'epoch': 151, 'lr': 0.00015498214331265893, 'train_loss': 0.00047680124698479574, 'mae': 0.166202, 'elapsed_time': 73.38665390014648}
2021-10-07 15:59:40,362 {'epoch': 152, 'lr': 0.0001495274826072215, 'train_loss': 0.000471888189410792, 'mae': 0.16478261, 'elapsed_time': 73.79021501541138}
2021-10-07 16:00:54,659 {'epoch': 153, 'lr': 0.00014416052942640132, 'train_loss': 0.00046767549005425317, 'mae': 0.16536784, 'elapsed_time': 73.84781408309937}
2021-10-07 16:02:08,311 {'epoch': 154, 'lr': 0.0001388826079855881, 'train_loss': 0.0004576029463975417, 'mae': 0.16533811, 'elapsed_time': 73.65078496932983}
2021-10-07 16:03:22,119 {'epoch': 155, 'lr': 0.00013369502053292245, 'train_loss': 0.0004508239098604228, 'mae': 0.16534051, 'elapsed_time': 73.80836915969849}
2021-10-07 16:04:35,685 {'epoch': 156, 'lr': 0.00012859904702798464, 'train_loss': 0.0004448933224456053, 'mae': 0.16564295, 'elapsed_time': 73.56502842903137}
2021-10-07 16:05:49,305 {'epoch': 157, 'lr': 0.00012359594482598432, 'train_loss': 0.00043937301484163113, 'mae': 0.16517462, 'elapsed_time': 73.61944961547852}
2021-10-07 16:07:02,572 {'epoch': 158, 'lr': 0.00011868694836752681, 'train_loss': 0.00043606632663772705, 'mae': 0.16459261, 'elapsed_time': 73.26655387878418}
2021-10-07 16:08:16,249 {'epoch': 159, 'lr': 0.0001138732688740332, 'train_loss': 0.0004280310882054235, 'mae': 0.16488431, 'elapsed_time': 73.23468661308289}
2021-10-07 16:09:29,805 {'epoch': 160, 'lr': 0.00010915609404889012, 'train_loss': 0.0004245425152948473, 'mae': 0.1637717, 'elapsed_time': 73.55539870262146}
2021-10-07 16:10:43,369 {'epoch': 161, 'lr': 0.00010453658778440103, 'train_loss': 0.000417852869554811, 'mae': 0.1647083, 'elapsed_time': 73.11218023300171}
2021-10-07 16:11:57,172 {'epoch': 162, 'lr': 0.00010001588987461343, 'train_loss': 0.00041361514891197226, 'mae': 0.16432962, 'elapsed_time': 73.80303716659546}
2021-10-07 16:13:10,878 {'epoch': 163, 'lr': 9.559511573409192e-05, 'train_loss': 0.0004099061190489509, 'mae': 0.16438359, 'elapsed_time': 73.70520257949829}
2021-10-07 16:14:24,750 {'epoch': 164, 'lr': 9.12753561227063e-05, 'train_loss': 0.00040439400091184696, 'mae': 0.16423093, 'elapsed_time': 73.87140440940857}
2021-10-07 16:15:38,617 {'epoch': 165, 'lr': 8.705767687650262e-05, 'train_loss': 0.00039972974847807166, 'mae': 0.16337681, 'elapsed_time': 73.8671326637268}
2021-10-07 16:16:53,160 {'epoch': 166, 'lr': 8.294311864472445e-05, 'train_loss': 0.0003950100032905224, 'mae': 0.1633565, 'elapsed_time': 74.08485984802246}
2021-10-07 16:18:07,839 {'epoch': 167, 'lr': 7.89326966330478e-05, 'train_loss': 0.0003910531670674731, 'mae': 0.16370703, 'elapsed_time': 74.12571239471436}
2021-10-07 16:19:21,878 {'epoch': 168, 'lr': 7.502740035309526e-05, 'train_loss': 0.00038689177543803745, 'mae': 0.16314675, 'elapsed_time': 74.03780388832092}
2021-10-07 16:20:36,243 {'epoch': 169, 'lr': 7.12281933782875e-05, 'train_loss': 0.0003816619924608448, 'mae': 0.16354628, 'elapsed_time': 73.8979320526123}
2021-10-07 16:21:50,328 {'epoch': 170, 'lr': 6.75360131060967e-05, 'train_loss': 0.0003786167238497671, 'mae': 0.16306394, 'elapsed_time': 74.08477520942688}
2021-10-07 16:23:04,977 {'epoch': 171, 'lr': 6.395177052675792e-05, 'train_loss': 0.0003743607548390737, 'mae': 0.16344038, 'elapsed_time': 74.17786645889282}
2021-10-07 16:24:19,225 {'epoch': 172, 'lr': 6.047634999849528e-05, 'train_loss': 0.0003711209353491555, 'mae': 0.16340967, 'elapsed_time': 74.24728655815125}
2021-10-07 16:25:32,926 {'epoch': 173, 'lr': 5.711060902932039e-05, 'train_loss': 0.0003681838697574248, 'mae': 0.163237, 'elapsed_time': 73.7011833190918}
2021-10-07 16:26:47,121 {'epoch': 174, 'lr': 5.385537806545467e-05, 'train_loss': 0.0003648654585537569, 'mae': 0.16330196, 'elapsed_time': 74.19426274299622}
2021-10-07 16:28:01,444 {'epoch': 175, 'lr': 5.0711460286429424e-05, 'train_loss': 0.0003607115963186311, 'mae': 0.1632691, 'elapsed_time': 74.322762966156}
2021-10-07 16:29:15,849 {'epoch': 176, 'lr': 4.767963140691315e-05, 'train_loss': 0.0003579291054019871, 'mae': 0.16281857, 'elapsed_time': 74.40391278266907}
2021-10-07 16:30:30,570 {'epoch': 177, 'lr': 4.4760639485315563e-05, 'train_loss': 0.0003551083183035778, 'mae': 0.1631392, 'elapsed_time': 74.25613570213318}
2021-10-07 16:31:44,486 {'epoch': 178, 'lr': 4.195520473921563e-05, 'train_loss': 0.00035222397569130003, 'mae': 0.16316658, 'elapsed_time': 73.91585683822632}
2021-10-07 16:32:58,532 {'epoch': 179, 'lr': 3.9264019367658385e-05, 'train_loss': 0.00034933259020663795, 'mae': 0.16294172, 'elapsed_time': 74.0454273223877}
2021-10-07 16:34:12,759 {'epoch': 180, 'lr': 3.6687747380365064e-05, 'train_loss': 0.0003470700537209443, 'mae': 0.16293241, 'elapsed_time': 74.22667217254639}
2021-10-07 16:35:26,894 {'epoch': 181, 'lr': 3.422702443389899e-05, 'train_loss': 0.0003445893662473751, 'mae': 0.16284665, 'elapsed_time': 74.1344747543335}
2021-10-07 16:36:41,097 {'epoch': 182, 'lr': 3.188245767482658e-05, 'train_loss': 0.0003426483383610835, 'mae': 0.16290563, 'elapsed_time': 74.2028226852417}
2021-10-07 16:37:55,402 {'epoch': 183, 'lr': 2.965462558991323e-05, 'train_loss': 0.00034020384841501676, 'mae': 0.16281958, 'elapsed_time': 74.30373883247375}
2021-10-07 16:39:09,530 {'epoch': 184, 'lr': 2.7544077863390004e-05, 'train_loss': 0.00033799880267552305, 'mae': 0.1628639, 'elapsed_time': 74.12755131721497}
2021-10-07 16:40:23,755 {'epoch': 185, 'lr': 2.5551335241327672e-05, 'train_loss': 0.0003364367014311891, 'mae': 0.16264768, 'elapsed_time': 74.22516345977783}
2021-10-07 16:41:38,515 {'epoch': 186, 'lr': 2.367688940315011e-05, 'train_loss': 0.0003342319154621869, 'mae': 0.16291164, 'elapsed_time': 74.26656246185303}
2021-10-07 16:42:52,666 {'epoch': 187, 'lr': 2.1921202840320077e-05, 'train_loss': 0.00033270975721739555, 'mae': 0.16294542, 'elapsed_time': 74.15053606033325}
2021-10-07 16:44:05,805 {'epoch': 188, 'lr': 2.0284708742225903e-05, 'train_loss': 0.0003309231790275152, 'mae': 0.16274078, 'elapsed_time': 73.13838696479797}
2021-10-07 16:45:19,019 {'epoch': 189, 'lr': 1.8767810889299086e-05, 'train_loss': 0.0003295606716287262, 'mae': 0.16274503, 'elapsed_time': 73.21363687515259}
2021-10-07 16:46:32,600 {'epoch': 190, 'lr': 1.7370883553386936e-05, 'train_loss': 0.0003286925453082902, 'mae': 0.16280441, 'elapsed_time': 73.58104801177979}
2021-10-07 16:47:46,470 {'epoch': 191, 'lr': 1.6094271405406862e-05, 'train_loss': 0.00032713420731074136, 'mae': 0.16280143, 'elapsed_time': 73.86929130554199}
2021-10-07 16:49:00,612 {'epoch': 192, 'lr': 1.4938289430304022e-05, 'train_loss': 0.0003260467605106162, 'mae': 0.1628512, 'elapsed_time': 74.14176416397095}
2021-10-07 16:50:15,092 {'epoch': 193, 'lr': 1.3903222849333509e-05, 'train_loss': 0.00032497097493067254, 'mae': 0.16273665, 'elapsed_time': 74.47906184196472}
2021-10-07 16:51:28,820 {'epoch': 194, 'lr': 1.2989327049686102e-05, 'train_loss': 0.00032372135067860997, 'mae': 0.16277146, 'elapsed_time': 73.72822308540344}
2021-10-07 16:52:42,507 {'epoch': 195, 'lr': 1.2196827521475404e-05, 'train_loss': 0.0003230550005474061, 'mae': 0.16279456, 'elapsed_time': 73.68600821495056}
2021-10-07 16:53:56,206 {'epoch': 196, 'lr': 1.152591980210166e-05, 'train_loss': 0.000322014785441462, 'mae': 0.1628408, 'elapsed_time': 73.6986722946167}
2021-10-07 16:55:09,943 {'epoch': 197, 'lr': 1.097676942800558e-05, 'train_loss': 0.0003214970885882755, 'mae': 0.16280495, 'elapsed_time': 73.7368094921112}
2021-10-07 16:56:23,716 {'epoch': 198, 'lr': 1.0549511893824899e-05, 'train_loss': 0.0003208188480167416, 'mae': 0.16280085, 'elapsed_time': 73.77273488044739}
2021-10-07 16:57:37,124 {'epoch': 199, 'lr': 1.0244252618962858e-05, 'train_loss': 0.0003201710624957298, 'mae': 0.16289526, 'elapsed_time': 73.40686082839966}
2021-10-07 16:58:50,718 {'epoch': 200, 'lr': 1.006106692157801e-05, 'train_loss': 0.0003197477311463724, 'mae': 0.16279118, 'elapsed_time': 73.59389305114746}
2021-10-07 16:59:30,198 Total CV: 0.16264767944812775
