2021-10-17 13:36:33,605 create aug feature 0
2021-10-17 13:37:34,642 create aug feature 1
2021-10-17 13:38:31,557 create aug feature 2
2021-10-17 13:39:28,397 create aug feature 3
2021-10-17 13:40:26,016 create aug feature 4
2021-10-17 13:41:23,037 create aug feature 5
2021-10-17 13:42:20,197 create aug feature 6
2021-10-17 13:43:17,040 create aug feature 7
2021-10-17 13:44:13,821 create aug feature 8
2021-10-17 13:45:10,968 create aug feature 9
2021-10-17 13:48:02,831 Fold 0
2021-10-17 13:48:29,352 train run device : cuda:0
2021-10-17 13:49:14,379 multi task weight : 0.7
2021-10-17 13:50:29,605 {'epoch': 1, 'lr': 0.001, 'train_loss': 0.010758742424452676, 'mae': 1.2518959, 'elapsed_time': 75.463791847229}
2021-10-17 13:50:30,219 multi task weight : 0.7013333333333333
2021-10-17 13:51:46,062 {'epoch': 2, 'lr': 0.000999960916880889, 'train_loss': 0.0040962453395858986, 'mae': 0.9002216, 'elapsed_time': 76.04730772972107}
2021-10-17 13:51:46,697 multi task weight : 0.7026666666666667
2021-10-17 13:53:02,445 {'epoch': 3, 'lr': 0.0009998436736952333, 'train_loss': 0.003561090995947046, 'mae': 0.79430246, 'elapsed_time': 75.94580507278442}
2021-10-17 13:53:03,070 multi task weight : 0.704
2021-10-17 13:54:19,004 {'epoch': 4, 'lr': 0.0009996482889570914, 'train_loss': 0.003290522283694853, 'mae': 0.79394317, 'elapsed_time': 76.12870144844055}
2021-10-17 13:54:19,638 multi task weight : 0.7053333333333334
2021-10-17 13:55:35,734 {'epoch': 5, 'lr': 0.0009993747935199784, 'train_loss': 0.0030513056066946292, 'mae': 0.9878757, 'elapsed_time': 76.28663468360901}
2021-10-17 13:55:35,910 multi task weight : 0.7066666666666667
2021-10-17 13:56:51,948 {'epoch': 6, 'lr': 0.0009990232305719941, 'train_loss': 0.0029654714965796614, 'mae': 0.59181255, 'elapsed_time': 76.21327567100525}
2021-10-17 13:56:52,577 multi task weight : 0.708
2021-10-17 13:58:08,690 {'epoch': 7, 'lr': 0.0009985936556290037, 'train_loss': 0.0026983869779852545, 'mae': 0.6460741, 'elapsed_time': 76.30909299850464}
2021-10-17 13:58:08,895 multi task weight : 0.7093333333333334
2021-10-17 13:59:24,947 {'epoch': 8, 'lr': 0.0009980861365258703, 'train_loss': 0.0026656170197280533, 'mae': 0.5289346, 'elapsed_time': 76.25617957115173}
2021-10-17 13:59:25,599 multi task weight : 0.7106666666666667
2021-10-17 14:00:41,543 {'epoch': 9, 'lr': 0.0009975007534057435, 'train_loss': 0.0025787498404483593, 'mae': 0.5129623, 'elapsed_time': 76.15592575073242}
2021-10-17 14:00:42,161 multi task weight : 0.712
2021-10-17 14:01:58,543 {'epoch': 10, 'lr': 0.000996837598707404, 'train_loss': 0.0024866840859530696, 'mae': 0.50845015, 'elapsed_time': 76.56604099273682}
2021-10-17 14:01:59,178 multi task weight : 0.7133333333333334
2021-10-17 14:03:15,621 {'epoch': 11, 'lr': 0.0009960967771506664, 'train_loss': 0.002452444277254456, 'mae': 0.47876495, 'elapsed_time': 76.63888335227966}
2021-10-17 14:03:16,272 multi task weight : 0.7146666666666666
2021-10-17 14:04:32,728 {'epoch': 12, 'lr': 0.000995278405719842, 'train_loss': 0.0023721610496500773, 'mae': 0.47087178, 'elapsed_time': 76.65519714355469}
2021-10-17 14:04:33,350 multi task weight : 0.716
2021-10-17 14:05:49,767 {'epoch': 13, 'lr': 0.0009943826136452672, 'train_loss': 0.0022375056790428656, 'mae': 0.5223323, 'elapsed_time': 76.59902310371399}
2021-10-17 14:05:49,968 multi task weight : 0.7173333333333333
2021-10-17 14:07:06,323 {'epoch': 14, 'lr': 0.0009934095423828945, 'train_loss': 0.002273187174593241, 'mae': 0.4352979, 'elapsed_time': 76.55603861808777}
2021-10-17 14:07:06,957 multi task weight : 0.7186666666666666
2021-10-17 14:08:23,227 {'epoch': 15, 'lr': 0.0009923593455919565, 'train_loss': 0.0021749100799075493, 'mae': 0.48879525, 'elapsed_time': 76.4568886756897}
2021-10-17 14:08:23,412 multi task weight : 0.72
2021-10-17 14:09:39,658 {'epoch': 16, 'lr': 0.0009912321891107007, 'train_loss': 0.0021095928567541286, 'mae': 0.3859313, 'elapsed_time': 76.43048453330994}
2021-10-17 14:09:40,274 multi task weight : 0.7213333333333333
2021-10-17 14:10:56,620 {'epoch': 17, 'lr': 0.000990028250930202, 'train_loss': 0.002224254412878974, 'mae': 0.4892572, 'elapsed_time': 76.52725958824158}
2021-10-17 14:10:56,818 multi task weight : 0.7226666666666667
2021-10-17 14:12:12,966 {'epoch': 18, 'lr': 0.0009887477211662555, 'train_loss': 0.0020943959776220772, 'mae': 0.48537302, 'elapsed_time': 76.34588623046875}
2021-10-17 14:12:13,187 multi task weight : 0.724
2021-10-17 14:13:29,413 {'epoch': 19, 'lr': 0.0009873908020293554, 'train_loss': 0.0021181056667255046, 'mae': 0.36357313, 'elapsed_time': 76.44664335250854}
2021-10-17 14:13:30,038 multi task weight : 0.7253333333333333
2021-10-17 14:14:46,763 {'epoch': 20, 'lr': 0.0009859577077927632, 'train_loss': 0.0020079361972250315, 'mae': 0.35553828, 'elapsed_time': 76.9030864238739}
2021-10-17 14:14:47,380 multi task weight : 0.7266666666666667
2021-10-17 14:16:03,818 {'epoch': 21, 'lr': 0.000984448664758672, 'train_loss': 0.0020894891553422013, 'mae': 0.3713124, 'elapsed_time': 76.61691355705261}
2021-10-17 14:16:03,997 multi task weight : 0.728
2021-10-17 14:17:20,167 {'epoch': 22, 'lr': 0.00098286391122247, 'train_loss': 0.001973242730623132, 'mae': 0.3593972, 'elapsed_time': 76.34926581382751}
2021-10-17 14:17:20,357 multi task weight : 0.7293333333333333
2021-10-17 14:18:36,889 {'epoch': 23, 'lr': 0.0009812036974351118, 'train_loss': 0.0019203019930164572, 'mae': 0.3978221, 'elapsed_time': 76.72153615951538}
2021-10-17 14:18:37,096 multi task weight : 0.7306666666666667
2021-10-17 14:19:53,256 {'epoch': 24, 'lr': 0.0009794682855636002, 'train_loss': 0.001989822101275047, 'mae': 0.35045514, 'elapsed_time': 76.36603498458862}
2021-10-17 14:19:53,900 multi task weight : 0.732
2021-10-17 14:21:10,259 {'epoch': 25, 'lr': 0.0009776579496495873, 'train_loss': 0.001961526165810778, 'mae': 0.39389864, 'elapsed_time': 76.55765891075134}
2021-10-17 14:21:10,450 multi task weight : 0.7333333333333334
2021-10-17 14:22:26,719 {'epoch': 26, 'lr': 0.0009757729755661, 'train_loss': 0.0018471355493827875, 'mae': 0.34107772, 'elapsed_time': 76.46013283729553}
2021-10-17 14:22:27,364 multi task weight : 0.7346666666666667
2021-10-17 14:23:43,628 {'epoch': 27, 'lr': 0.0009738136609723973, 'train_loss': 0.0018366254663688603, 'mae': 0.31240645, 'elapsed_time': 76.46935868263245}
2021-10-17 14:23:44,274 multi task weight : 0.736
2021-10-17 14:25:00,913 {'epoch': 28, 'lr': 0.0009717803152669668, 'train_loss': 0.0019887117381381073, 'mae': 0.31660554, 'elapsed_time': 76.84205079078674}
2021-10-17 14:25:01,103 multi task weight : 0.7373333333333334
2021-10-17 14:26:17,561 {'epoch': 29, 'lr': 0.0009696732595386666, 'train_loss': 0.001864221606914613, 'mae': 0.36549565, 'elapsed_time': 76.64698672294617}
2021-10-17 14:26:17,749 multi task weight : 0.7386666666666666
2021-10-17 14:27:34,318 {'epoch': 30, 'lr': 0.0009674928265160219, 'train_loss': 0.0018194035041245347, 'mae': 0.573867, 'elapsed_time': 76.75742697715759}
2021-10-17 14:27:34,505 multi task weight : 0.74
2021-10-17 14:28:50,694 {'epoch': 31, 'lr': 0.0009652393605146833, 'train_loss': 0.0019329621291776775, 'mae': 0.44113845, 'elapsed_time': 76.37569952011108}
2021-10-17 14:28:50,902 multi task weight : 0.7413333333333334
2021-10-17 14:30:07,069 {'epoch': 32, 'lr': 0.0009629132173830556, 'train_loss': 0.001783213782450709, 'mae': 0.408343, 'elapsed_time': 76.37369537353516}
2021-10-17 14:30:07,255 multi task weight : 0.7426666666666666
2021-10-17 14:31:23,479 {'epoch': 33, 'lr': 0.0009605147644461048, 'train_loss': 0.0017618029707310767, 'mae': 0.31456152, 'elapsed_time': 76.40986227989197}
2021-10-17 14:31:23,664 multi task weight : 0.744
2021-10-17 14:32:40,160 {'epoch': 34, 'lr': 0.0009580443804473531, 'train_loss': 0.0016974081983326917, 'mae': 0.29195753, 'elapsed_time': 76.68111300468445}
2021-10-17 14:32:40,795 multi task weight : 0.7453333333333333
2021-10-17 14:33:57,177 {'epoch': 35, 'lr': 0.0009555024554890718, 'train_loss': 0.0017316636621379315, 'mae': 0.29529998, 'elapsed_time': 76.57747864723206}
2021-10-17 14:33:57,373 multi task weight : 0.7466666666666666
2021-10-17 14:35:13,763 {'epoch': 36, 'lr': 0.0009528893909706786, 'train_loss': 0.0016615386807894848, 'mae': 0.37446406, 'elapsed_time': 76.5855667591095}
2021-10-17 14:35:13,958 multi task weight : 0.7479999999999999
2021-10-17 14:36:30,467 {'epoch': 37, 'lr': 0.0009502055995253526, 'train_loss': 0.001628283780830992, 'mae': 0.28068328, 'elapsed_time': 76.70302224159241}
2021-10-17 14:36:31,097 multi task weight : 0.7493333333333333
2021-10-17 14:37:47,567 {'epoch': 38, 'lr': 0.0009474515049548744, 'train_loss': 0.0016169231683707064, 'mae': 0.3307127, 'elapsed_time': 76.65321779251099}
2021-10-17 14:37:47,758 multi task weight : 0.7506666666666666
2021-10-17 14:39:04,078 {'epoch': 39, 'lr': 0.0009446275421627035, 'train_loss': 0.0016917160075871338, 'mae': 0.29451135, 'elapsed_time': 76.51011490821838}
2021-10-17 14:39:04,258 multi task weight : 0.752
2021-10-17 14:40:20,547 {'epoch': 40, 'lr': 0.0009417341570853008, 'train_loss': 0.0016544402038186018, 'mae': 0.32803854, 'elapsed_time': 76.46916055679321}
2021-10-17 14:40:20,732 multi task weight : 0.7533333333333333
2021-10-17 14:41:36,855 {'epoch': 41, 'lr': 0.0009387718066217113, 'train_loss': 0.0015545388223261452, 'mae': 0.2620033, 'elapsed_time': 76.3075487613678}
2021-10-17 14:41:37,491 multi task weight : 0.7546666666666666
2021-10-17 14:42:53,746 {'epoch': 42, 'lr': 0.0009357409585614141, 'train_loss': 0.00155437052141285, 'mae': 0.27615276, 'elapsed_time': 76.44065546989441}
2021-10-17 14:42:53,948 multi task weight : 0.756
2021-10-17 14:44:10,212 {'epoch': 43, 'lr': 0.0009326420915104522, 'train_loss': 0.0016605660941444382, 'mae': 0.3838776, 'elapsed_time': 76.46635699272156}
2021-10-17 14:44:10,401 multi task weight : 0.7573333333333334
2021-10-17 14:45:26,751 {'epoch': 44, 'lr': 0.0009294756948158567, 'train_loss': 0.0015437205311594775, 'mae': 0.24315278, 'elapsed_time': 76.5379569530487}
2021-10-17 14:45:27,378 multi task weight : 0.7586666666666666
2021-10-17 14:46:43,696 {'epoch': 45, 'lr': 0.0009262422684883714, 'train_loss': 0.0017311309940120571, 'mae': 0.30818787, 'elapsed_time': 76.49841451644897}
2021-10-17 14:46:43,880 multi task weight : 0.76
2021-10-17 14:48:00,579 {'epoch': 46, 'lr': 0.0009229423231234963, 'train_loss': 0.001533494961082027, 'mae': 0.25813788, 'elapsed_time': 76.8821189403534}
2021-10-17 14:48:00,781 multi task weight : 0.7613333333333333
2021-10-17 14:49:17,182 {'epoch': 47, 'lr': 0.0009195763798208591, 'train_loss': 0.0014824227616931525, 'mae': 0.25150844, 'elapsed_time': 76.6024603843689}
2021-10-17 14:49:17,366 multi task weight : 0.7626666666666666
2021-10-17 14:50:34,001 {'epoch': 48, 'lr': 0.0009161449701019262, 'train_loss': 0.0014623768733798312, 'mae': 0.26617625, 'elapsed_time': 76.8192048072815}
2021-10-17 14:50:34,185 multi task weight : 0.764
2021-10-17 14:51:50,447 {'epoch': 49, 'lr': 0.0009126486358260705, 'train_loss': 0.0016291712543441415, 'mae': 0.26064822, 'elapsed_time': 76.44569754600525}
2021-10-17 14:51:50,634 multi task weight : 0.7653333333333333
2021-10-17 14:53:07,099 {'epoch': 50, 'lr': 0.000909087929105005, 'train_loss': 0.00142292343623161, 'mae': 0.2424972, 'elapsed_time': 76.6513831615448}
2021-10-17 14:53:07,739 multi task weight : 0.7666666666666666
2021-10-17 14:54:23,950 {'epoch': 51, 'lr': 0.0009054634122155979, 'train_loss': 0.0014897060681151742, 'mae': 0.28037393, 'elapsed_time': 76.41486835479736}
2021-10-17 14:54:24,137 multi task weight : 0.768
2021-10-17 14:55:40,660 {'epoch': 52, 'lr': 0.0009017756575110829, 'train_loss': 0.0016810200782585334, 'mae': 0.28872934, 'elapsed_time': 76.70964503288269}
2021-10-17 14:55:40,854 multi task weight : 0.7693333333333333
2021-10-17 14:56:56,955 {'epoch': 53, 'lr': 0.0008980252473306773, 'train_loss': 0.0014430449990403818, 'mae': 0.23561852, 'elapsed_time': 76.29503679275513}
2021-10-17 14:56:57,597 multi task weight : 0.7706666666666666
2021-10-17 14:58:13,627 {'epoch': 54, 'lr': 0.0008942127739076252, 'train_loss': 0.001470010729372067, 'mae': 0.25678858, 'elapsed_time': 76.22655153274536}
2021-10-17 14:58:13,813 multi task weight : 0.772
2021-10-17 14:59:30,126 {'epoch': 55, 'lr': 0.0008903388392756755, 'train_loss': 0.001819465950012918, 'mae': 0.30091736, 'elapsed_time': 76.49903869628906}
2021-10-17 14:59:30,310 multi task weight : 0.7733333333333332
2021-10-17 15:00:46,326 {'epoch': 56, 'lr': 0.0008864040551740145, 'train_loss': 0.0016083067602732863, 'mae': 0.2448937, 'elapsed_time': 76.19944334030151}
2021-10-17 15:00:46,509 multi task weight : 0.7746666666666666
2021-10-17 15:02:02,907 {'epoch': 57, 'lr': 0.0008824090429506656, 'train_loss': 0.0014098719747414883, 'mae': 0.24179454, 'elapsed_time': 76.58030891418457}
2021-10-17 15:02:03,107 multi task weight : 0.776
2021-10-17 15:03:19,730 {'epoch': 58, 'lr': 0.0008783544334643704, 'train_loss': 0.0013214929771194243, 'mae': 0.22182961, 'elapsed_time': 76.82240653038025}
2021-10-17 15:03:20,366 multi task weight : 0.7773333333333332
2021-10-17 15:04:36,543 {'epoch': 59, 'lr': 0.0008742408669849691, 'train_loss': 0.0013504264907105384, 'mae': 0.24094579, 'elapsed_time': 76.36860656738281}
2021-10-17 15:04:36,746 multi task weight : 0.7786666666666666
2021-10-17 15:05:52,962 {'epoch': 60, 'lr': 0.0008700689930922951, 'train_loss': 0.0013662967650680214, 'mae': 0.23398083, 'elapsed_time': 76.41809296607971}
2021-10-17 15:05:53,165 multi task weight : 0.78
2021-10-17 15:07:09,450 {'epoch': 61, 'lr': 0.0008658394705735977, 'train_loss': 0.0013155012959929157, 'mae': 0.24029915, 'elapsed_time': 76.48752045631409}
2021-10-17 15:07:09,639 multi task weight : 0.7813333333333332
2021-10-17 15:08:26,340 {'epoch': 62, 'lr': 0.0008615529673195128, 'train_loss': 0.0014027066741106604, 'mae': 0.31204134, 'elapsed_time': 76.89010310173035}
2021-10-17 15:08:26,528 multi task weight : 0.7826666666666666
2021-10-17 15:09:42,821 {'epoch': 63, 'lr': 0.0008572101602185953, 'train_loss': 0.0014264083754411986, 'mae': 0.22771701, 'elapsed_time': 76.48064970970154}
2021-10-17 15:09:43,019 multi task weight : 0.784
2021-10-17 15:10:59,144 {'epoch': 64, 'lr': 0.0008528117350504294, 'train_loss': 0.001271055429690006, 'mae': 0.21575366, 'elapsed_time': 76.32265067100525}
2021-10-17 15:10:59,789 multi task weight : 0.7853333333333332
2021-10-17 15:12:16,171 {'epoch': 65, 'lr': 0.0008483583863773374, 'train_loss': 0.0012188714286442068, 'mae': 0.2201879, 'elapsed_time': 76.58060026168823}
2021-10-17 15:12:16,355 multi task weight : 0.7866666666666666
2021-10-17 15:13:32,049 {'epoch': 66, 'lr': 0.0008438508174346998, 'train_loss': 0.0017338846384925982, 'mae': 0.277186, 'elapsed_time': 75.87766861915588}
2021-10-17 15:13:32,235 multi task weight : 0.788
2021-10-17 15:14:48,640 {'epoch': 67, 'lr': 0.0008392897400199059, 'train_loss': 0.0014256451508515397, 'mae': 0.25221884, 'elapsed_time': 76.59144997596741}
2021-10-17 15:14:48,827 multi task weight : 0.7893333333333333
2021-10-17 15:16:05,322 {'epoch': 68, 'lr': 0.0008346758743799535, 'train_loss': 0.0013471769866384836, 'mae': 0.22256377, 'elapsed_time': 76.68105602264404}
2021-10-17 15:16:05,521 multi task weight : 0.7906666666666666
2021-10-17 15:17:21,966 {'epoch': 69, 'lr': 0.0008300099490977124, 'train_loss': 0.0013564761595972095, 'mae': 0.23844816, 'elapsed_time': 76.64340710639954}
2021-10-17 15:17:22,156 multi task weight : 0.792
2021-10-17 15:18:38,432 {'epoch': 70, 'lr': 0.000825292700976874, 'train_loss': 0.0012371497597814475, 'mae': 0.22994804, 'elapsed_time': 76.46612167358398}
2021-10-17 15:18:38,622 multi task weight : 0.7933333333333333
2021-10-17 15:19:55,375 {'epoch': 71, 'lr': 0.0008205248749256004, 'train_loss': 0.0012156811577988193, 'mae': 0.2478477, 'elapsed_time': 76.94277262687683}
2021-10-17 15:19:55,560 multi task weight : 0.7946666666666666
2021-10-17 15:21:12,130 {'epoch': 72, 'lr': 0.0008157072238388957, 'train_loss': 0.0012403316783482386, 'mae': 0.21930425, 'elapsed_time': 76.75378036499023}
2021-10-17 15:21:12,331 multi task weight : 0.796
2021-10-17 15:22:28,745 {'epoch': 73, 'lr': 0.0008108405084797145, 'train_loss': 0.0011402202821956951, 'mae': 0.2097428, 'elapsed_time': 76.61545014381409}
2021-10-17 15:22:29,406 multi task weight : 0.7973333333333333
2021-10-17 15:23:46,111 {'epoch': 74, 'lr': 0.0008059254973588287, 'train_loss': 0.001150765304927047, 'mae': 0.22464472, 'elapsed_time': 76.9022696018219}
2021-10-17 15:23:46,296 multi task weight : 0.7986666666666666
2021-10-17 15:25:02,730 {'epoch': 75, 'lr': 0.0008009629666134708, 'train_loss': 0.0012714707151282457, 'mae': 0.21748546, 'elapsed_time': 76.61870503425598}
2021-10-17 15:25:02,920 multi task weight : 0.8
2021-10-17 15:26:19,239 {'epoch': 76, 'lr': 0.0007959536998847731, 'train_loss': 0.0013342865020026823, 'mae': 0.21757498, 'elapsed_time': 76.50887942314148}
2021-10-17 15:26:19,432 multi task weight : 0.8013333333333333
2021-10-17 15:27:35,840 {'epoch': 77, 'lr': 0.0007908984881940213, 'train_loss': 0.0012057971230271718, 'mae': 0.24869253, 'elapsed_time': 76.59988117218018}
2021-10-17 15:27:36,025 multi task weight : 0.8026666666666666
2021-10-17 15:28:52,237 {'epoch': 78, 'lr': 0.0007857981298177435, 'train_loss': 0.001179845924899624, 'mae': 0.21456447, 'elapsed_time': 76.3970890045166}
2021-10-17 15:28:52,441 multi task weight : 0.804
2021-10-17 15:30:09,013 {'epoch': 79, 'lr': 0.000780653430161652, 'train_loss': 0.0010794377249447695, 'mae': 0.20266229, 'elapsed_time': 76.77570796012878}
2021-10-17 15:30:09,683 multi task weight : 0.8053333333333333
2021-10-17 15:31:25,948 {'epoch': 80, 'lr': 0.0007754652016334621, 'train_loss': 0.0011605059626809092, 'mae': 0.2003384, 'elapsed_time': 76.46917223930359}
2021-10-17 15:31:26,576 multi task weight : 0.8066666666666666
2021-10-17 15:32:43,088 {'epoch': 81, 'lr': 0.0007702342635146022, 'train_loss': 0.0011421401365959462, 'mae': 0.20692751, 'elapsed_time': 76.70123195648193}
2021-10-17 15:32:43,285 multi task weight : 0.808
2021-10-17 15:33:59,842 {'epoch': 82, 'lr': 0.0007649614418308403, 'train_loss': 0.001373707842405187, 'mae': 0.22276607, 'elapsed_time': 76.75408673286438}
2021-10-17 15:34:00,034 multi task weight : 0.8093333333333333
