2021-10-16 21:37:21,644 create aug feature 0
2021-10-16 21:38:23,143 create aug feature 1
2021-10-16 21:39:21,497 create aug feature 2
2021-10-16 21:40:19,265 create aug feature 3
2021-10-16 21:41:17,190 create aug feature 4
2021-10-16 21:42:15,102 create aug feature 5
2021-10-16 21:43:12,885 create aug feature 6
2021-10-16 21:44:10,421 create aug feature 7
2021-10-16 21:45:08,145 create aug feature 8
2021-10-16 21:46:06,261 create aug feature 9
2021-10-16 21:49:00,160 Fold 0
2021-10-16 21:49:27,259 train run device : cuda:0
2021-10-16 21:50:13,406 multi task weight : 0.7
2021-10-16 21:51:28,522 {'epoch': 1, 'lr': 0.001, 'train_loss': 0.010792418986539164, 'mae': 1.0682646, 'elapsed_time': 75.33783292770386}
2021-10-16 21:51:29,135 multi task weight : 0.7013333333333333
2021-10-16 21:52:44,696 {'epoch': 2, 'lr': 0.000999960916880889, 'train_loss': 0.00413684966036466, 'mae': 0.8541999, 'elapsed_time': 75.76359438896179}
2021-10-16 21:52:45,328 multi task weight : 0.7026666666666667
2021-10-16 21:54:01,033 {'epoch': 3, 'lr': 0.0009998436736952333, 'train_loss': 0.0035300350331406946, 'mae': 0.7429828, 'elapsed_time': 75.89371347427368}
2021-10-16 21:54:01,645 multi task weight : 0.704
2021-10-16 21:55:16,974 {'epoch': 4, 'lr': 0.0009996482889570914, 'train_loss': 0.0032269540273092536, 'mae': 0.69480366, 'elapsed_time': 75.50731992721558}
2021-10-16 21:55:17,614 multi task weight : 0.7053333333333334
2021-10-16 21:56:33,240 {'epoch': 5, 'lr': 0.0009993747935199784, 'train_loss': 0.002996594029755842, 'mae': 0.6344614, 'elapsed_time': 75.81460094451904}
2021-10-16 21:56:33,896 multi task weight : 0.7066666666666667
2021-10-16 21:57:49,992 {'epoch': 6, 'lr': 0.0009990232305719941, 'train_loss': 0.0028839078188100504, 'mae': 0.60492826, 'elapsed_time': 76.31663584709167}
2021-10-16 21:57:50,624 multi task weight : 0.708
2021-10-16 21:59:06,533 {'epoch': 7, 'lr': 0.0009985936556290037, 'train_loss': 0.0027273602882428544, 'mae': 0.6044174, 'elapsed_time': 76.0929172039032}
2021-10-16 21:59:07,150 multi task weight : 0.7093333333333334
2021-10-16 22:00:22,113 {'epoch': 8, 'lr': 0.0009980861365258703, 'train_loss': 0.0027259011678224844, 'mae': 0.5395131, 'elapsed_time': 75.14534711837769}
2021-10-16 22:00:22,772 multi task weight : 0.7106666666666667
2021-10-16 22:01:37,783 {'epoch': 9, 'lr': 0.0009975007534057435, 'train_loss': 0.002553566104335608, 'mae': 0.5479751, 'elapsed_time': 75.22556161880493}
2021-10-16 22:01:37,973 multi task weight : 0.712
2021-10-16 22:02:53,888 {'epoch': 10, 'lr': 0.000996837598707404, 'train_loss': 0.002468904722025254, 'mae': 0.5050605, 'elapsed_time': 76.10416793823242}
2021-10-16 22:02:54,532 multi task weight : 0.7133333333333334
2021-10-16 22:04:10,328 {'epoch': 11, 'lr': 0.0009960967771506664, 'train_loss': 0.002476951973160977, 'mae': 0.45009175, 'elapsed_time': 75.99580264091492}
2021-10-16 22:04:10,971 multi task weight : 0.7146666666666666
2021-10-16 22:05:25,974 {'epoch': 12, 'lr': 0.000995278405719842, 'train_loss': 0.00238906130332912, 'mae': 0.45680243, 'elapsed_time': 75.20729684829712}
2021-10-16 22:05:26,165 multi task weight : 0.716
2021-10-16 22:06:41,390 {'epoch': 13, 'lr': 0.0009943826136452672, 'train_loss': 0.0024312136861427166, 'mae': 0.48975652, 'elapsed_time': 75.41614747047424}
2021-10-16 22:06:41,580 multi task weight : 0.7173333333333333
2021-10-16 22:07:56,697 {'epoch': 14, 'lr': 0.0009934095423828945, 'train_loss': 0.002335980278547826, 'mae': 0.4932136, 'elapsed_time': 75.30628609657288}
2021-10-16 22:07:56,884 multi task weight : 0.7186666666666666
2021-10-16 22:09:12,405 {'epoch': 15, 'lr': 0.0009923593455919565, 'train_loss': 0.0023140960569864397, 'mae': 0.41680163, 'elapsed_time': 75.70765233039856}
2021-10-16 22:09:13,025 multi task weight : 0.72
2021-10-16 22:10:28,464 {'epoch': 16, 'lr': 0.0009912321891107007, 'train_loss': 0.002106141331843227, 'mae': 0.388148, 'elapsed_time': 75.62389063835144}
2021-10-16 22:10:29,108 multi task weight : 0.7213333333333333
2021-10-16 22:11:45,047 {'epoch': 17, 'lr': 0.000990028250930202, 'train_loss': 0.0021563849513739288, 'mae': 0.39851046, 'elapsed_time': 76.13761377334595}
2021-10-16 22:11:45,237 multi task weight : 0.7226666666666667
2021-10-16 22:13:01,500 {'epoch': 18, 'lr': 0.0009887477211662555, 'train_loss': 0.0021087961326951296, 'mae': 0.3967176, 'elapsed_time': 76.45171427726746}
2021-10-16 22:13:01,704 multi task weight : 0.724
2021-10-16 22:14:17,850 {'epoch': 19, 'lr': 0.0009873908020293554, 'train_loss': 0.002258659226510049, 'mae': 0.38542682, 'elapsed_time': 76.35009002685547}
2021-10-16 22:14:18,504 multi task weight : 0.7253333333333333
2021-10-16 22:15:34,696 {'epoch': 20, 'lr': 0.0009859577077927632, 'train_loss': 0.0020464253964271664, 'mae': 0.36496818, 'elapsed_time': 76.39289045333862}
2021-10-16 22:15:35,335 multi task weight : 0.7266666666666667
2021-10-16 22:16:51,585 {'epoch': 21, 'lr': 0.000984448664758672, 'train_loss': 0.002082950619127752, 'mae': 0.3981101, 'elapsed_time': 76.44321179389954}
2021-10-16 22:16:51,782 multi task weight : 0.728
2021-10-16 22:18:07,757 {'epoch': 22, 'lr': 0.00098286391122247, 'train_loss': 0.0019534822343555487, 'mae': 0.3450264, 'elapsed_time': 76.1716377735138}
2021-10-16 22:18:08,395 multi task weight : 0.7293333333333333
2021-10-16 22:19:24,089 {'epoch': 23, 'lr': 0.0009812036974351118, 'train_loss': 0.002009473256445863, 'mae': 0.36808223, 'elapsed_time': 75.88238143920898}
2021-10-16 22:19:24,303 multi task weight : 0.7306666666666667
2021-10-16 22:20:39,914 {'epoch': 24, 'lr': 0.0009794682855636002, 'train_loss': 0.0019268391711910172, 'mae': 0.45050353, 'elapsed_time': 75.82463955879211}
2021-10-16 22:20:40,106 multi task weight : 0.732
2021-10-16 22:21:55,683 {'epoch': 25, 'lr': 0.0009776579496495873, 'train_loss': 0.001933237953473196, 'mae': 0.4091445, 'elapsed_time': 75.76832294464111}
2021-10-16 22:21:55,881 multi task weight : 0.7333333333333334
2021-10-16 22:23:11,642 {'epoch': 26, 'lr': 0.0009757729755661, 'train_loss': 0.0019034980006906036, 'mae': 0.3583184, 'elapsed_time': 75.95879173278809}
2021-10-16 22:23:11,828 multi task weight : 0.7346666666666667
2021-10-16 22:24:27,585 {'epoch': 27, 'lr': 0.0009738136609723973, 'train_loss': 0.0018766299233265156, 'mae': 0.3459509, 'elapsed_time': 75.94287753105164}
2021-10-16 22:24:27,790 multi task weight : 0.736
2021-10-16 22:25:43,577 {'epoch': 28, 'lr': 0.0009717803152669668, 'train_loss': 0.001871475353442019, 'mae': 0.32874826, 'elapsed_time': 75.99075269699097}
2021-10-16 22:25:44,204 multi task weight : 0.7373333333333334
2021-10-16 22:26:59,910 {'epoch': 29, 'lr': 0.0009696732595386666, 'train_loss': 0.002135046081453305, 'mae': 0.32005203, 'elapsed_time': 75.8954689502716}
2021-10-16 22:27:00,543 multi task weight : 0.7386666666666666
2021-10-16 22:28:16,408 {'epoch': 30, 'lr': 0.0009674928265160219, 'train_loss': 0.001784955799046378, 'mae': 0.33633643, 'elapsed_time': 76.05482625961304}
2021-10-16 22:28:16,600 multi task weight : 0.74
2021-10-16 22:29:32,258 {'epoch': 31, 'lr': 0.0009652393605146833, 'train_loss': 0.0017815738578183197, 'mae': 0.29981178, 'elapsed_time': 75.84977340698242}
2021-10-16 22:29:32,880 multi task weight : 0.7413333333333334
2021-10-16 22:30:48,291 {'epoch': 32, 'lr': 0.0009629132173830556, 'train_loss': 0.0017653938066868533, 'mae': 0.28139597, 'elapsed_time': 75.5938892364502}
2021-10-16 22:30:48,919 multi task weight : 0.7426666666666666
2021-10-16 22:32:04,196 {'epoch': 33, 'lr': 0.0009605147644461048, 'train_loss': 0.0017114069954676688, 'mae': 0.31208006, 'elapsed_time': 75.46447277069092}
2021-10-16 22:32:04,386 multi task weight : 0.744
2021-10-16 22:33:19,599 {'epoch': 34, 'lr': 0.0009580443804473531, 'train_loss': 0.0019053577413971335, 'mae': 0.3381763, 'elapsed_time': 75.40211725234985}
2021-10-16 22:33:19,790 multi task weight : 0.7453333333333333
2021-10-16 22:34:35,006 {'epoch': 35, 'lr': 0.0009555024554890718, 'train_loss': 0.0017238518414491846, 'mae': 0.29258072, 'elapsed_time': 75.4067702293396}
2021-10-16 22:34:35,195 multi task weight : 0.7466666666666666
2021-10-16 22:35:51,181 {'epoch': 36, 'lr': 0.0009528893909706786, 'train_loss': 0.0016782477633833807, 'mae': 0.3783026, 'elapsed_time': 76.1743278503418}
2021-10-16 22:35:51,372 multi task weight : 0.7479999999999999
2021-10-16 22:37:07,118 {'epoch': 37, 'lr': 0.0009502055995253526, 'train_loss': 0.0017456847475687347, 'mae': 0.35496387, 'elapsed_time': 75.93699741363525}
2021-10-16 22:37:07,307 multi task weight : 0.7493333333333333
2021-10-16 22:38:23,388 {'epoch': 38, 'lr': 0.0009474515049548744, 'train_loss': 0.0017047908786632432, 'mae': 0.29218572, 'elapsed_time': 76.26980423927307}
2021-10-16 22:38:23,593 multi task weight : 0.7506666666666666
2021-10-16 22:39:39,380 {'epoch': 39, 'lr': 0.0009446275421627035, 'train_loss': 0.0016160570228234122, 'mae': 0.27699587, 'elapsed_time': 75.99177026748657}
2021-10-16 22:39:40,031 multi task weight : 0.752
2021-10-16 22:40:55,577 {'epoch': 40, 'lr': 0.0009417341570853008, 'train_loss': 0.0016090402701799248, 'mae': 0.30247542, 'elapsed_time': 75.74672889709473}
2021-10-16 22:40:55,766 multi task weight : 0.7533333333333333
2021-10-16 22:42:11,303 {'epoch': 41, 'lr': 0.0009387718066217113, 'train_loss': 0.0016834611711299048, 'mae': 0.28059432, 'elapsed_time': 75.72505688667297}
2021-10-16 22:42:11,491 multi task weight : 0.7546666666666666
2021-10-16 22:43:27,076 {'epoch': 42, 'lr': 0.0009357409585614141, 'train_loss': 0.0015862181375384567, 'mae': 0.28720608, 'elapsed_time': 75.77332901954651}
2021-10-16 22:43:27,265 multi task weight : 0.756
2021-10-16 22:44:43,124 {'epoch': 43, 'lr': 0.0009326420915104522, 'train_loss': 0.001538004284765327, 'mae': 0.28329775, 'elapsed_time': 76.04773044586182}
2021-10-16 22:44:43,309 multi task weight : 0.7573333333333334
2021-10-16 22:45:59,395 {'epoch': 44, 'lr': 0.0009294756948158567, 'train_loss': 0.0015810207290373709, 'mae': 0.2557782, 'elapsed_time': 76.27057719230652}
2021-10-16 22:46:00,042 multi task weight : 0.7586666666666666
2021-10-16 22:47:15,879 {'epoch': 45, 'lr': 0.0009262422684883714, 'train_loss': 0.0017854111018541872, 'mae': 0.3376596, 'elapsed_time': 76.03125143051147}
2021-10-16 22:47:16,083 multi task weight : 0.76
2021-10-16 22:48:32,355 {'epoch': 46, 'lr': 0.0009229423231234963, 'train_loss': 0.0016670449918927224, 'mae': 0.3237024, 'elapsed_time': 76.47609114646912}
2021-10-16 22:48:32,540 multi task weight : 0.7613333333333333
2021-10-16 22:49:48,444 {'epoch': 47, 'lr': 0.0009195763798208591, 'train_loss': 0.0015403255331468866, 'mae': 0.270997, 'elapsed_time': 76.08805441856384}
2021-10-16 22:49:48,632 multi task weight : 0.7626666666666666
2021-10-16 22:51:04,579 {'epoch': 48, 'lr': 0.0009161449701019262, 'train_loss': 0.0014737158559504687, 'mae': 0.2509555, 'elapsed_time': 76.134836435318}
2021-10-16 22:51:05,248 multi task weight : 0.764
2021-10-16 22:52:20,567 {'epoch': 49, 'lr': 0.0009126486358260705, 'train_loss': 0.0015883334294563892, 'mae': 0.28424627, 'elapsed_time': 75.52150511741638}
2021-10-16 22:52:20,779 multi task weight : 0.7653333333333333
2021-10-16 22:53:36,115 {'epoch': 50, 'lr': 0.000909087929105005, 'train_loss': 0.001438878306525286, 'mae': 0.24330041, 'elapsed_time': 75.54730558395386}
2021-10-16 22:53:36,768 multi task weight : 0.7666666666666666
2021-10-16 22:54:52,340 {'epoch': 51, 'lr': 0.0009054634122155979, 'train_loss': 0.0018221513409540304, 'mae': 0.26050025, 'elapsed_time': 75.77415442466736}
2021-10-16 22:54:52,528 multi task weight : 0.768
2021-10-16 22:56:08,459 {'epoch': 52, 'lr': 0.0009017756575110829, 'train_loss': 0.0014110199554105561, 'mae': 0.24039438, 'elapsed_time': 76.1190733909607}
2021-10-16 22:56:09,116 multi task weight : 0.7693333333333333
2021-10-16 22:57:25,478 {'epoch': 53, 'lr': 0.0008980252473306773, 'train_loss': 0.001598201080356867, 'mae': 0.27804583, 'elapsed_time': 76.56660199165344}
2021-10-16 22:57:25,686 multi task weight : 0.7706666666666666
2021-10-16 22:58:41,738 {'epoch': 54, 'lr': 0.0008942127739076252, 'train_loss': 0.0013848327796454458, 'mae': 0.22794661, 'elapsed_time': 76.26011300086975}
2021-10-16 22:58:42,389 multi task weight : 0.772
2021-10-16 22:59:58,582 {'epoch': 55, 'lr': 0.0008903388392756755, 'train_loss': 0.0014893451867275794, 'mae': 0.25759503, 'elapsed_time': 76.38772988319397}
2021-10-16 22:59:58,791 multi task weight : 0.7733333333333332
2021-10-16 23:01:14,813 {'epoch': 56, 'lr': 0.0008864040551740145, 'train_loss': 0.0015149365932815829, 'mae': 0.2642724, 'elapsed_time': 76.22997713088989}
2021-10-16 23:01:15,000 multi task weight : 0.7746666666666666
2021-10-16 23:02:31,187 {'epoch': 57, 'lr': 0.0008824090429506656, 'train_loss': 0.0013521457847634872, 'mae': 0.21820652, 'elapsed_time': 76.37445855140686}
2021-10-16 23:02:31,842 multi task weight : 0.776
2021-10-16 23:03:48,087 {'epoch': 58, 'lr': 0.0008783544334643704, 'train_loss': 0.00133572137631313, 'mae': 0.23088254, 'elapsed_time': 76.4482741355896}
2021-10-16 23:03:48,289 multi task weight : 0.7773333333333332
2021-10-16 23:05:04,117 {'epoch': 59, 'lr': 0.0008742408669849691, 'train_loss': 0.0012993960945593592, 'mae': 0.23543854, 'elapsed_time': 76.02954959869385}
2021-10-16 23:05:04,301 multi task weight : 0.7786666666666666
2021-10-16 23:06:20,233 {'epoch': 60, 'lr': 0.0008700689930922951, 'train_loss': 0.0019380699344487913, 'mae': 0.24311288, 'elapsed_time': 76.11611652374268}
2021-10-16 23:06:20,431 multi task weight : 0.78
2021-10-16 23:07:36,075 {'epoch': 61, 'lr': 0.0008658394705735977, 'train_loss': 0.0014069613760535964, 'mae': 0.23583095, 'elapsed_time': 75.84114193916321}
2021-10-16 23:07:36,264 multi task weight : 0.7813333333333332
2021-10-16 23:08:51,813 {'epoch': 62, 'lr': 0.0008615529673195128, 'train_loss': 0.0012760730666423808, 'mae': 0.22357407, 'elapsed_time': 75.73731517791748}
2021-10-16 23:08:52,005 multi task weight : 0.7826666666666666
2021-10-16 23:10:07,201 {'epoch': 63, 'lr': 0.0008572101602185953, 'train_loss': 0.0013954002716294023, 'mae': 0.23402756, 'elapsed_time': 75.38801574707031}
2021-10-16 23:10:07,414 multi task weight : 0.784
2021-10-16 23:11:23,512 {'epoch': 64, 'lr': 0.0008528117350504294, 'train_loss': 0.0013672082441148574, 'mae': 0.23312433, 'elapsed_time': 76.30994486808777}
2021-10-16 23:11:23,702 multi task weight : 0.7853333333333332
2021-10-16 23:12:39,890 {'epoch': 65, 'lr': 0.0008483583863773374, 'train_loss': 0.0012347382761789837, 'mae': 0.21612976, 'elapsed_time': 76.37834858894348}
2021-10-16 23:12:40,547 multi task weight : 0.7866666666666666
2021-10-16 23:13:56,564 {'epoch': 66, 'lr': 0.0008438508174346998, 'train_loss': 0.0013346068677106704, 'mae': 0.21122745, 'elapsed_time': 76.2197756767273}
2021-10-16 23:13:57,226 multi task weight : 0.788
2021-10-16 23:15:13,255 {'epoch': 67, 'lr': 0.0008392897400199059, 'train_loss': 0.001354474628886061, 'mae': 0.24408188, 'elapsed_time': 76.23337268829346}
2021-10-16 23:15:13,464 multi task weight : 0.7893333333333333
2021-10-16 23:16:29,145 {'epoch': 68, 'lr': 0.0008346758743799535, 'train_loss': 0.00123754551781081, 'mae': 0.22390968, 'elapsed_time': 75.88999819755554}
2021-10-16 23:16:29,331 multi task weight : 0.7906666666666666
2021-10-16 23:17:45,100 {'epoch': 69, 'lr': 0.0008300099490977124, 'train_loss': 0.0012386120074460094, 'mae': 0.21271972, 'elapsed_time': 75.9545350074768}
2021-10-16 23:17:45,314 multi task weight : 0.792
2021-10-16 23:19:01,011 {'epoch': 70, 'lr': 0.000825292700976874, 'train_loss': 0.001223388136376246, 'mae': 0.23922476, 'elapsed_time': 75.91052746772766}
2021-10-16 23:19:01,212 multi task weight : 0.7933333333333333
2021-10-16 23:20:17,485 {'epoch': 71, 'lr': 0.0008205248749256004, 'train_loss': 0.0015096110923152794, 'mae': 0.25264332, 'elapsed_time': 76.47357988357544}
2021-10-16 23:20:17,672 multi task weight : 0.7946666666666666
2021-10-16 23:21:33,644 {'epoch': 72, 'lr': 0.0008157072238388957, 'train_loss': 0.0012959611080611598, 'mae': 0.23745908, 'elapsed_time': 76.1581642627716}
2021-10-16 23:21:33,835 multi task weight : 0.796
2021-10-16 23:22:49,897 {'epoch': 73, 'lr': 0.0008108405084797145, 'train_loss': 0.001192653559474182, 'mae': 0.21039096, 'elapsed_time': 76.25298643112183}
2021-10-16 23:22:50,545 multi task weight : 0.7973333333333333
2021-10-16 23:24:06,335 {'epoch': 74, 'lr': 0.0008059254973588287, 'train_loss': 0.0012587817645007763, 'mae': 0.21599036, 'elapsed_time': 75.98135375976562}
2021-10-16 23:24:06,541 multi task weight : 0.7986666666666666
2021-10-16 23:25:22,419 {'epoch': 75, 'lr': 0.0008009629666134708, 'train_loss': 0.001168974166436058, 'mae': 0.21158627, 'elapsed_time': 76.08393502235413}
2021-10-16 23:25:22,624 multi task weight : 0.8
2021-10-16 23:26:38,218 {'epoch': 76, 'lr': 0.0007959536998847731, 'train_loss': 0.0011672225590076883, 'mae': 0.22203472, 'elapsed_time': 75.79881191253662}
2021-10-16 23:26:38,410 multi task weight : 0.8013333333333333
2021-10-16 23:27:53,998 {'epoch': 77, 'lr': 0.0007908984881940213, 'train_loss': 0.0011303363975218939, 'mae': 0.21350206, 'elapsed_time': 75.7794349193573}
2021-10-16 23:27:54,195 multi task weight : 0.8026666666666666
2021-10-16 23:29:10,327 {'epoch': 78, 'lr': 0.0007857981298177435, 'train_loss': 0.0011344387750847993, 'mae': 0.20736004, 'elapsed_time': 76.32842588424683}
2021-10-16 23:29:10,968 multi task weight : 0.804
2021-10-16 23:30:26,903 {'epoch': 79, 'lr': 0.000780653430161652, 'train_loss': 0.0012006408567654526, 'mae': 0.2190809, 'elapsed_time': 76.11892366409302}
2021-10-16 23:30:27,117 multi task weight : 0.8053333333333333
2021-10-16 23:31:43,107 {'epoch': 80, 'lr': 0.0007754652016334621, 'train_loss': 0.0011602837214650028, 'mae': 0.20696525, 'elapsed_time': 76.20362901687622}
2021-10-16 23:31:43,757 multi task weight : 0.8066666666666666
2021-10-16 23:32:59,088 {'epoch': 81, 'lr': 0.0007702342635146022, 'train_loss': 0.001075866968032143, 'mae': 0.20058772, 'elapsed_time': 75.52171540260315}
2021-10-16 23:32:59,739 multi task weight : 0.808
2021-10-16 23:34:16,094 {'epoch': 82, 'lr': 0.0007649614418308403, 'train_loss': 0.0012270951020235728, 'mae': 0.2670193, 'elapsed_time': 76.54919528961182}
2021-10-16 23:34:16,284 multi task weight : 0.8093333333333333
2021-10-16 23:35:32,601 {'epoch': 83, 'lr': 0.0007596475692218447, 'train_loss': 0.0013423079035983646, 'mae': 0.21704343, 'elapsed_time': 76.50625348091125}
2021-10-16 23:35:32,787 multi task weight : 0.8106666666666666
2021-10-16 23:36:48,889 {'epoch': 84, 'lr': 0.0007542934848097005, 'train_loss': 0.0011205695439907713, 'mae': 0.22454368, 'elapsed_time': 76.28721189498901}
2021-10-16 23:36:49,092 multi task weight : 0.812
2021-10-16 23:38:04,779 {'epoch': 85, 'lr': 0.0007489000340664033, 'train_loss': 0.0010523530462666646, 'mae': 0.19575177, 'elapsed_time': 75.8898355960846}
2021-10-16 23:38:05,430 multi task weight : 0.8133333333333334
2021-10-16 23:39:21,524 {'epoch': 86, 'lr': 0.000743468068680348, 'train_loss': 0.0011697364535313557, 'mae': 0.23397793, 'elapsed_time': 76.27661037445068}
2021-10-16 23:39:21,724 multi task weight : 0.8146666666666667
2021-10-16 23:40:37,242 {'epoch': 87, 'lr': 0.0007379984464218386, 'train_loss': 0.001062961116265271, 'mae': 0.1956689, 'elapsed_time': 75.717444896698}
2021-10-16 23:40:37,889 multi task weight : 0.8160000000000001
2021-10-16 23:41:53,201 {'epoch': 88, 'lr': 0.0007324920310076356, 'train_loss': 0.0011648359258564756, 'mae': 0.1907054, 'elapsed_time': 75.50462985038757}
2021-10-16 23:41:53,838 multi task weight : 0.8173333333333334
2021-10-16 23:43:09,433 {'epoch': 89, 'lr': 0.0007269496919645652, 'train_loss': 0.0009680826210764325, 'mae': 0.19505055, 'elapsed_time': 75.77843523025513}
2021-10-16 23:43:09,624 multi task weight : 0.8186666666666667
2021-10-16 23:44:25,798 {'epoch': 90, 'lr': 0.0007213723044922109, 'train_loss': 0.0009819734668775138, 'mae': 0.19575551, 'elapsed_time': 76.363933801651}
2021-10-16 23:44:25,993 multi task weight : 0.8200000000000001
2021-10-16 23:45:41,527 {'epoch': 91, 'lr': 0.0007157607493247101, 'train_loss': 0.0009793564368649143, 'mae': 0.19364512, 'elapsed_time': 75.72868394851685}
2021-10-16 23:45:41,730 multi task weight : 0.8213333333333334
2021-10-16 23:46:57,259 {'epoch': 92, 'lr': 0.0007101159125916748, 'train_loss': 0.0009816472171117645, 'mae': 0.20477752, 'elapsed_time': 75.7317910194397}
2021-10-16 23:46:57,459 multi task weight : 0.8226666666666667
2021-10-16 23:48:13,690 {'epoch': 93, 'lr': 0.0007044386856782622, 'train_loss': 0.0009507674096810099, 'mae': 0.19214697, 'elapsed_time': 76.43087220191956}
2021-10-16 23:48:13,897 multi task weight : 0.8240000000000001
2021-10-16 23:49:29,836 {'epoch': 94, 'lr': 0.0006987299650844144, 'train_loss': 0.0009161243507745963, 'mae': 0.19333646, 'elapsed_time': 76.14496874809265}
2021-10-16 23:49:30,037 multi task weight : 0.8253333333333334
2021-10-16 23:50:46,226 {'epoch': 95, 'lr': 0.0006929906522832908, 'train_loss': 0.0009104355738909929, 'mae': 0.18994583, 'elapsed_time': 76.38980960845947}
2021-10-16 23:50:46,870 multi task weight : 0.8266666666666667
2021-10-16 23:52:03,119 {'epoch': 96, 'lr': 0.0006872216535789149, 'train_loss': 0.0009273158687532856, 'mae': 0.19180383, 'elapsed_time': 76.44029784202576}
2021-10-16 23:52:03,309 multi task weight : 0.8280000000000001
2021-10-16 23:53:19,252 {'epoch': 97, 'lr': 0.0006814238799630584, 'train_loss': 0.0009078067957594586, 'mae': 0.18799132, 'elapsed_time': 76.13340902328491}
2021-10-16 23:53:19,901 multi task weight : 0.8293333333333333
2021-10-16 23:54:35,711 {'epoch': 98, 'lr': 0.0006755982469713853, 'train_loss': 0.0009651511703908562, 'mae': 0.19773507, 'elapsed_time': 75.99848937988281}
2021-10-16 23:54:35,913 multi task weight : 0.8306666666666667
2021-10-16 23:55:51,835 {'epoch': 99, 'lr': 0.0006697456745388777, 'train_loss': 0.0010646851893793359, 'mae': 0.19083817, 'elapsed_time': 76.12363457679749}
2021-10-16 23:55:52,035 multi task weight : 0.8320000000000001
2021-10-16 23:57:07,997 {'epoch': 100, 'lr': 0.000663867086854568, 'train_loss': 0.0008928220735145689, 'mae': 0.19010326, 'elapsed_time': 76.16153264045715}
2021-10-16 23:57:08,192 multi task weight : 0.8333333333333333
2021-10-16 23:58:23,447 {'epoch': 101, 'lr': 0.0006579634122155984, 'train_loss': 0.0009288047252110569, 'mae': 0.21296662, 'elapsed_time': 75.45039081573486}
2021-10-16 23:58:23,654 multi task weight : 0.8346666666666667
2021-10-16 23:59:39,249 {'epoch': 102, 'lr': 0.0006520355828806316, 'train_loss': 0.0011197235022972086, 'mae': 0.20725098, 'elapsed_time': 75.80112075805664}
2021-10-16 23:59:39,440 multi task weight : 0.8360000000000001
2021-10-17 00:00:55,685 {'epoch': 103, 'lr': 0.0006460845349226375, 'train_loss': 0.0009477473725055606, 'mae': 0.18996795, 'elapsed_time': 76.43520665168762}
2021-10-17 00:00:55,869 multi task weight : 0.8373333333333333
2021-10-17 00:02:11,357 {'epoch': 104, 'lr': 0.0006401112080810754, 'train_loss': 0.0008456339744876914, 'mae': 0.18840353, 'elapsed_time': 75.67192244529724}
2021-10-17 00:02:11,551 multi task weight : 0.8386666666666667
2021-10-17 00:03:27,498 {'epoch': 105, 'lr': 0.0006341165456134983, 'train_loss': 0.0008435620383820524, 'mae': 0.18021722, 'elapsed_time': 76.14031648635864}
2021-10-17 00:03:28,155 multi task weight : 0.8400000000000001
2021-10-17 00:04:43,646 {'epoch': 106, 'lr': 0.0006281014941466025, 'train_loss': 0.0007949666400928225, 'mae': 0.20165955, 'elapsed_time': 75.6858081817627}
2021-10-17 00:04:43,828 multi task weight : 0.8413333333333333
2021-10-17 00:05:58,643 {'epoch': 107, 'lr': 0.0006220670035267433, 'train_loss': 0.0008811573691127946, 'mae': 0.18997343, 'elapsed_time': 74.99644875526428}
2021-10-17 00:05:58,830 multi task weight : 0.8426666666666667
2021-10-17 00:07:14,628 {'epoch': 108, 'lr': 0.0006160140266699433, 'train_loss': 0.0009425253057426535, 'mae': 0.18318947, 'elapsed_time': 75.98473691940308}
2021-10-17 00:07:14,822 multi task weight : 0.8440000000000001
2021-10-17 00:08:30,036 {'epoch': 109, 'lr': 0.0006099435194114167, 'train_loss': 0.0009870624937477531, 'mae': 0.2026928, 'elapsed_time': 75.40755772590637}
2021-10-17 00:08:30,224 multi task weight : 0.8453333333333333
2021-10-17 00:09:46,286 {'epoch': 110, 'lr': 0.0006038564403546311, 'train_loss': 0.0008557348741086372, 'mae': 0.18530558, 'elapsed_time': 76.24951338768005}
2021-10-17 00:09:46,507 multi task weight : 0.8466666666666667
2021-10-17 00:11:02,320 {'epoch': 111, 'lr': 0.0005977537507199332, 'train_loss': 0.0008821725362703214, 'mae': 0.20165914, 'elapsed_time': 76.03435516357422}
2021-10-17 00:11:02,516 multi task weight : 0.8480000000000001
2021-10-17 00:12:18,291 {'epoch': 112, 'lr': 0.0005916364141927612, 'train_loss': 0.0008301869385324622, 'mae': 0.18096215, 'elapsed_time': 75.97045660018921}
2021-10-17 00:12:18,475 multi task weight : 0.8493333333333333
2021-10-17 00:13:34,293 {'epoch': 113, 'lr': 0.000585505396771467, 'train_loss': 0.000765166599908319, 'mae': 0.17924811, 'elapsed_time': 76.00085139274597}
2021-10-17 00:13:34,940 multi task weight : 0.8506666666666667
2021-10-17 00:14:50,687 {'epoch': 114, 'lr': 0.0005793616666147743, 'train_loss': 0.0007476459281374636, 'mae': 0.17609255, 'elapsed_time': 75.93647170066833}
2021-10-17 00:14:51,346 multi task weight : 0.8520000000000001
2021-10-17 00:16:06,742 {'epoch': 115, 'lr': 0.0005732061938888954, 'train_loss': 0.0007442642716756319, 'mae': 0.18297789, 'elapsed_time': 75.6001718044281}
2021-10-17 00:16:06,933 multi task weight : 0.8533333333333333
2021-10-17 00:17:22,931 {'epoch': 116, 'lr': 0.0005670399506143301, 'train_loss': 0.0007341147918251669, 'mae': 0.1850465, 'elapsed_time': 76.18908023834229}
2021-10-17 00:17:23,148 multi task weight : 0.8546666666666667
2021-10-17 00:18:39,128 {'epoch': 117, 'lr': 0.0005608639105123728, 'train_loss': 0.0008055708095223955, 'mae': 0.18741035, 'elapsed_time': 76.19696283340454}
2021-10-17 00:18:39,319 multi task weight : 0.8560000000000001
2021-10-17 00:19:55,173 {'epoch': 118, 'lr': 0.0005546790488513508, 'train_loss': 0.0007821310023950614, 'mae': 0.17401397, 'elapsed_time': 76.04439973831177}
2021-10-17 00:19:55,811 multi task weight : 0.8573333333333333
2021-10-17 00:21:11,301 {'epoch': 119, 'lr': 0.0005484863422926174, 'train_loss': 0.0007150666051309104, 'mae': 0.17345792, 'elapsed_time': 75.68035101890564}
2021-10-17 00:21:11,939 multi task weight : 0.8586666666666667
2021-10-17 00:22:27,395 {'epoch': 120, 'lr': 0.0005422867687363261, 'train_loss': 0.0007029465956994837, 'mae': 0.1776663, 'elapsed_time': 75.65214991569519}
2021-10-17 00:22:27,586 multi task weight : 0.8600000000000001
2021-10-17 00:23:43,067 {'epoch': 121, 'lr': 0.0005360813071670096, 'train_loss': 0.0006914934140955319, 'mae': 0.18087937, 'elapsed_time': 75.67176008224487}
2021-10-17 00:23:43,261 multi task weight : 0.8613333333333333
2021-10-17 00:24:58,462 {'epoch': 122, 'lr': 0.0005298709374989853, 'train_loss': 0.0007037994826448288, 'mae': 0.17460933, 'elapsed_time': 75.39423155784607}
2021-10-17 00:24:58,645 multi task weight : 0.8626666666666667
2021-10-17 00:26:14,308 {'epoch': 123, 'lr': 0.000523656640421617, 'train_loss': 0.0006989833935255875, 'mae': 0.17481954, 'elapsed_time': 75.84527659416199}
2021-10-17 00:26:14,493 multi task weight : 0.864
2021-10-17 00:27:30,140 {'epoch': 124, 'lr': 0.0005174393972444516, 'train_loss': 0.0007069063193311038, 'mae': 0.17300199, 'elapsed_time': 75.83209991455078}
2021-10-17 00:27:30,807 multi task weight : 0.8653333333333333
2021-10-17 00:28:46,055 {'epoch': 125, 'lr': 0.0005112201897422591, 'train_loss': 0.0006690169818516675, 'mae': 0.17541388, 'elapsed_time': 75.46051096916199}
2021-10-17 00:28:46,259 multi task weight : 0.8666666666666666
2021-10-17 00:30:02,354 {'epoch': 126, 'lr': 0.0005049999999999995, 'train_loss': 0.0006933026826731253, 'mae': 0.18140665, 'elapsed_time': 76.29862451553345}
2021-10-17 00:30:02,542 multi task weight : 0.868
2021-10-17 00:31:18,169 {'epoch': 127, 'lr': 0.0004987798102577399, 'train_loss': 0.0006901849003235894, 'mae': 0.17531429, 'elapsed_time': 75.8143720626831}
2021-10-17 00:31:18,358 multi task weight : 0.8693333333333333
2021-10-17 00:32:34,162 {'epoch': 128, 'lr': 0.0004925606027555475, 'train_loss': 0.0006753413049865827, 'mae': 0.17181112, 'elapsed_time': 75.99268794059753}
2021-10-17 00:32:34,813 multi task weight : 0.8706666666666667
2021-10-17 00:33:50,716 {'epoch': 129, 'lr': 0.00048634335957838186, 'train_loss': 0.0006447220817356413, 'mae': 0.17519894, 'elapsed_time': 76.10419535636902}
2021-10-17 00:33:50,923 multi task weight : 0.872
2021-10-17 00:35:06,774 {'epoch': 130, 'lr': 0.0004801290625010136, 'train_loss': 0.0006519881041931585, 'mae': 0.17124695, 'elapsed_time': 76.05739116668701}
2021-10-17 00:35:07,415 multi task weight : 0.8733333333333333
2021-10-17 00:36:23,525 {'epoch': 131, 'lr': 0.00047391869283298953, 'train_loss': 0.0006383035687459392, 'mae': 0.17049277, 'elapsed_time': 76.29904675483704}
2021-10-17 00:36:24,165 multi task weight : 0.8746666666666667
2021-10-17 00:37:40,233 {'epoch': 132, 'lr': 0.0004677132312636728, 'train_loss': 0.0006282487021348111, 'mae': 0.17366233, 'elapsed_time': 76.25788831710815}
2021-10-17 00:37:40,436 multi task weight : 0.876
2021-10-17 00:38:55,772 {'epoch': 133, 'lr': 0.00046151365770738165, 'train_loss': 0.0006308593634809777, 'mae': 0.17116866, 'elapsed_time': 75.53823804855347}
2021-10-17 00:38:55,982 multi task weight : 0.8773333333333333
2021-10-17 00:40:12,032 {'epoch': 134, 'lr': 0.0004553209511486482, 'train_loss': 0.000630110498169663, 'mae': 0.17128322, 'elapsed_time': 76.25923275947571}
2021-10-17 00:40:12,224 multi task weight : 0.8786666666666667
2021-10-17 00:41:27,665 {'epoch': 135, 'lr': 0.00044913608948762607, 'train_loss': 0.0006120792698705133, 'mae': 0.17016934, 'elapsed_time': 75.63342809677124}
2021-10-17 00:41:28,316 multi task weight : 0.88
2021-10-17 00:42:44,016 {'epoch': 136, 'lr': 0.00044296004938566895, 'train_loss': 0.0006041507727933728, 'mae': 0.17078164, 'elapsed_time': 75.89390921592712}
2021-10-17 00:42:44,207 multi task weight : 0.8813333333333333
2021-10-17 00:43:59,744 {'epoch': 137, 'lr': 0.0004367938061111037, 'train_loss': 0.0006043486395879168, 'mae': 0.17166519, 'elapsed_time': 75.72709846496582}
2021-10-17 00:43:59,952 multi task weight : 0.8826666666666667
2021-10-17 00:45:15,742 {'epoch': 138, 'lr': 0.00043063833338522476, 'train_loss': 0.0005982765641539913, 'mae': 0.16660173, 'elapsed_time': 75.99762272834778}
2021-10-17 00:45:16,386 multi task weight : 0.884
2021-10-17 00:46:31,688 {'epoch': 139, 'lr': 0.00042449460322853215, 'train_loss': 0.0005831618218715416, 'mae': 0.16981982, 'elapsed_time': 75.498863697052}
2021-10-17 00:46:31,886 multi task weight : 0.8853333333333333
2021-10-17 00:47:47,434 {'epoch': 140, 'lr': 0.00041836358580723794, 'train_loss': 0.000588062254254039, 'mae': 0.17030726, 'elapsed_time': 75.74539828300476}
2021-10-17 00:47:47,625 multi task weight : 0.8866666666666667
2021-10-17 00:49:03,491 {'epoch': 141, 'lr': 0.00041224624928006584, 'train_loss': 0.0005932918380059652, 'mae': 0.16940413, 'elapsed_time': 76.05689311027527}
2021-10-17 00:49:03,680 multi task weight : 0.888
2021-10-17 00:50:19,649 {'epoch': 142, 'lr': 0.0004061435596453681, 'train_loss': 0.0005707396119043004, 'mae': 0.1699882, 'elapsed_time': 76.15743589401245}
2021-10-17 00:50:19,859 multi task weight : 0.8893333333333333
2021-10-17 00:51:35,307 {'epoch': 143, 'lr': 0.0004000564805885825, 'train_loss': 0.0005660074530940842, 'mae': 0.16960865, 'elapsed_time': 75.65749025344849}
2021-10-17 00:51:35,497 multi task weight : 0.8906666666666667
2021-10-17 00:52:51,111 {'epoch': 144, 'lr': 0.00039398597333005584, 'train_loss': 0.0005567579709161308, 'mae': 0.16819926, 'elapsed_time': 75.80390501022339}
2021-10-17 00:52:51,307 multi task weight : 0.892
2021-10-17 00:54:07,093 {'epoch': 145, 'lr': 0.00038793299647325586, 'train_loss': 0.0005545689158432921, 'mae': 0.16629532, 'elapsed_time': 75.98153758049011}
2021-10-17 00:54:07,744 multi task weight : 0.8933333333333333
2021-10-17 00:55:23,475 {'epoch': 146, 'lr': 0.00038189850585339653, 'train_loss': 0.000540025711165725, 'mae': 0.1701279, 'elapsed_time': 75.92468500137329}
2021-10-17 00:55:23,676 multi task weight : 0.8946666666666667
2021-10-17 00:56:40,143 {'epoch': 147, 'lr': 0.0003758834543865006, 'train_loss': 0.0005433684369861448, 'mae': 0.16499478, 'elapsed_time': 76.66807508468628}
2021-10-17 00:56:40,794 multi task weight : 0.896
2021-10-17 00:57:56,980 {'epoch': 148, 'lr': 0.0003698887919189236, 'train_loss': 0.0005329153638128179, 'mae': 0.16436245, 'elapsed_time': 76.38755297660828}
2021-10-17 00:57:57,620 multi task weight : 0.8973333333333333
2021-10-17 00:59:13,489 {'epoch': 149, 'lr': 0.0003639154650773614, 'train_loss': 0.0005250205956103195, 'mae': 0.16788237, 'elapsed_time': 76.06122350692749}
2021-10-17 00:59:13,692 multi task weight : 0.8986666666666667
2021-10-17 01:00:29,479 {'epoch': 150, 'lr': 0.00035796441711936726, 'train_loss': 0.0005229798022156484, 'mae': 0.16613758, 'elapsed_time': 75.98941087722778}
2021-10-17 01:00:29,669 multi task weight : 0.9
2021-10-17 01:01:45,644 {'epoch': 151, 'lr': 0.00035203658778440065, 'train_loss': 0.0005220434078520857, 'mae': 0.16580358, 'elapsed_time': 76.16429924964905}
2021-10-17 01:01:45,849 multi task weight : 0.9
2021-10-17 01:03:01,422 {'epoch': 152, 'lr': 0.00034613291314543093, 'train_loss': 0.0005046010192673755, 'mae': 0.16328605, 'elapsed_time': 75.77807354927063}
2021-10-17 01:03:02,073 multi task weight : 0.9
2021-10-17 01:04:17,840 {'epoch': 153, 'lr': 0.00034025432546112123, 'train_loss': 0.000496604543850764, 'mae': 0.16401434, 'elapsed_time': 75.96346259117126}
2021-10-17 01:04:18,046 multi task weight : 0.9
2021-10-17 01:05:33,255 {'epoch': 154, 'lr': 0.00033440175302861365, 'train_loss': 0.000496654243889216, 'mae': 0.16539359, 'elapsed_time': 75.41457557678223}
2021-10-17 01:05:33,437 multi task weight : 0.9
2021-10-17 01:06:49,388 {'epoch': 155, 'lr': 0.00032857612003694053, 'train_loss': 0.00048730318799289037, 'mae': 0.16263707, 'elapsed_time': 76.13325047492981}
2021-10-17 01:06:50,016 multi task weight : 0.9
2021-10-17 01:08:05,835 {'epoch': 156, 'lr': 0.000322778346421084, 'train_loss': 0.00048227941535902073, 'mae': 0.16321892, 'elapsed_time': 75.99983763694763}
2021-10-17 01:08:06,028 multi task weight : 0.9
2021-10-17 01:09:21,995 {'epoch': 157, 'lr': 0.00031700934771670806, 'train_loss': 0.0004815921032488978, 'mae': 0.16383338, 'elapsed_time': 76.15891146659851}
2021-10-17 01:09:22,179 multi task weight : 0.9
2021-10-17 01:10:37,970 {'epoch': 158, 'lr': 0.00031127003491558447, 'train_loss': 0.0004708469380619038, 'mae': 0.16478951, 'elapsed_time': 75.97456383705139}
2021-10-17 01:10:38,159 multi task weight : 0.9
2021-10-17 01:11:53,397 {'epoch': 159, 'lr': 0.00030556131432173654, 'train_loss': 0.0004703324841121872, 'mae': 0.16499381, 'elapsed_time': 75.42710280418396}
2021-10-17 01:11:53,602 multi task weight : 0.9
2021-10-17 01:13:09,527 {'epoch': 160, 'lr': 0.00029988408740832395, 'train_loss': 0.0004626465784823997, 'mae': 0.1667564, 'elapsed_time': 76.12973976135254}
2021-10-17 01:13:09,730 multi task weight : 0.9
2021-10-17 01:14:25,698 {'epoch': 161, 'lr': 0.0002942392506752886, 'train_loss': 0.00045820846740153944, 'mae': 0.16217612, 'elapsed_time': 76.16993856430054}
2021-10-17 01:14:26,330 multi task weight : 0.9
2021-10-17 01:15:41,892 {'epoch': 162, 'lr': 0.00028862769550778793, 'train_loss': 0.00044950561547334655, 'mae': 0.16404599, 'elapsed_time': 75.74678897857666}
2021-10-17 01:15:42,100 multi task weight : 0.9
2021-10-17 01:16:57,361 {'epoch': 163, 'lr': 0.0002830503080354337, 'train_loss': 0.00044791678625860697, 'mae': 0.16170025, 'elapsed_time': 75.46841406822205}
2021-10-17 01:16:58,029 multi task weight : 0.9
2021-10-17 01:18:13,410 {'epoch': 164, 'lr': 0.00027750796899236315, 'train_loss': 0.0004442082735912898, 'mae': 0.1619537, 'elapsed_time': 75.57994675636292}
2021-10-17 01:18:13,603 multi task weight : 0.9
2021-10-17 01:19:29,410 {'epoch': 165, 'lr': 0.00027200155357816016, 'train_loss': 0.00043197568367754407, 'mae': 0.16190119, 'elapsed_time': 75.99975824356079}
2021-10-17 01:19:29,602 multi task weight : 0.9
2021-10-17 01:20:45,460 {'epoch': 166, 'lr': 0.0002665319313196507, 'train_loss': 0.00043192987575277813, 'mae': 0.16044955, 'elapsed_time': 76.0490791797638}
2021-10-17 01:20:46,105 multi task weight : 0.9
2021-10-17 01:22:02,137 {'epoch': 167, 'lr': 0.0002610999659335952, 'train_loss': 0.00042703536908760063, 'mae': 0.16196038, 'elapsed_time': 76.21923875808716}
2021-10-17 01:22:02,346 multi task weight : 0.9
2021-10-17 01:23:18,508 {'epoch': 168, 'lr': 0.00025570651519029805, 'train_loss': 0.00042237331689569315, 'mae': 0.16045763, 'elapsed_time': 76.37056422233582}
2021-10-17 01:23:18,724 multi task weight : 0.9
2021-10-17 01:24:33,866 {'epoch': 169, 'lr': 0.0002503524307781539, 'train_loss': 0.0004134768989823408, 'mae': 0.16279845, 'elapsed_time': 75.35731840133667}
2021-10-17 01:24:34,064 multi task weight : 0.9
2021-10-17 01:25:50,234 {'epoch': 170, 'lr': 0.00024503855816915824, 'train_loss': 0.0004093579070937602, 'mae': 0.16135056, 'elapsed_time': 76.36746716499329}
2021-10-17 01:25:50,431 multi task weight : 0.9
2021-10-17 01:27:06,487 {'epoch': 171, 'lr': 0.00023976573648539645, 'train_loss': 0.0004047065217238021, 'mae': 0.16063413, 'elapsed_time': 76.2528281211853}
2021-10-17 01:27:06,694 multi task weight : 0.9
2021-10-17 01:28:22,243 {'epoch': 172, 'lr': 0.00023453479836653654, 'train_loss': 0.000402836765318793, 'mae': 0.16179591, 'elapsed_time': 75.7557225227356}
2021-10-17 01:28:22,440 multi task weight : 0.9
2021-10-17 01:29:38,367 {'epoch': 173, 'lr': 0.00022934656983834663, 'train_loss': 0.00039483225417451164, 'mae': 0.16122259, 'elapsed_time': 76.12384057044983}
2021-10-17 01:29:38,564 multi task weight : 0.9
2021-10-17 01:30:54,612 {'epoch': 174, 'lr': 0.00022420187018225534, 'train_loss': 0.0003951741262129832, 'mae': 0.15997915, 'elapsed_time': 76.24425721168518}
2021-10-17 01:30:55,299 multi task weight : 0.9
2021-10-17 01:32:11,335 {'epoch': 175, 'lr': 0.00021910151180597735, 'train_loss': 0.00038959443238375597, 'mae': 0.1592263, 'elapsed_time': 76.25880146026611}
2021-10-17 01:32:11,990 multi task weight : 0.9
2021-10-17 01:33:27,718 {'epoch': 176, 'lr': 0.00021404630011522558, 'train_loss': 0.00037905648313684917, 'mae': 0.15995449, 'elapsed_time': 75.91912889480591}
2021-10-17 01:33:27,906 multi task weight : 0.9
2021-10-17 01:34:44,185 {'epoch': 177, 'lr': 0.00020903703338652808, 'train_loss': 0.00037810100135106454, 'mae': 0.16013859, 'elapsed_time': 76.46642708778381}
2021-10-17 01:34:44,373 multi task weight : 0.9
2021-10-17 01:36:00,479 {'epoch': 178, 'lr': 0.00020407450264117003, 'train_loss': 0.0003756919564065789, 'mae': 0.15976387, 'elapsed_time': 76.29366660118103}
2021-10-17 01:36:00,664 multi task weight : 0.9
2021-10-17 01:37:16,908 {'epoch': 179, 'lr': 0.00019915949152028416, 'train_loss': 0.0003682576336529454, 'mae': 0.15948576, 'elapsed_time': 76.42875266075134}
2021-10-17 01:37:17,118 multi task weight : 0.9
2021-10-17 01:38:33,058 {'epoch': 180, 'lr': 0.0001942927761611031, 'train_loss': 0.000364209615580387, 'mae': 0.15972418, 'elapsed_time': 76.15015506744385}
2021-10-17 01:38:33,265 multi task weight : 0.9
2021-10-17 01:39:49,153 {'epoch': 181, 'lr': 0.00018947512507439836, 'train_loss': 0.0003632615543803172, 'mae': 0.15904799, 'elapsed_time': 76.09437441825867}
2021-10-17 01:39:49,824 multi task weight : 0.9
2021-10-17 01:41:05,707 {'epoch': 182, 'lr': 0.00018470729902312478, 'train_loss': 0.0003558043455933403, 'mae': 0.15857647, 'elapsed_time': 76.08800411224365}
2021-10-17 01:41:06,360 multi task weight : 0.9
2021-10-17 01:42:21,906 {'epoch': 183, 'lr': 0.00017999005090228642, 'train_loss': 0.0003548745810244951, 'mae': 0.1593317, 'elapsed_time': 75.74246835708618}
2021-10-17 01:42:22,105 multi task weight : 0.9
2021-10-17 01:43:38,282 {'epoch': 184, 'lr': 0.00017532412562004527, 'train_loss': 0.00035027227771201224, 'mae': 0.15929355, 'elapsed_time': 76.3748517036438}
2021-10-17 01:43:38,477 multi task weight : 0.9
2021-10-17 01:44:54,236 {'epoch': 185, 'lr': 0.00017071025998009268, 'train_loss': 0.00035006192656612855, 'mae': 0.15947905, 'elapsed_time': 75.95392394065857}
2021-10-17 01:44:54,435 multi task weight : 0.9
2021-10-17 01:46:10,158 {'epoch': 186, 'lr': 0.00016614918256529904, 'train_loss': 0.0003423621213326516, 'mae': 0.15853202, 'elapsed_time': 75.92155265808105}
2021-10-17 01:46:10,812 multi task weight : 0.9
2021-10-17 01:47:26,647 {'epoch': 187, 'lr': 0.0001616416136226614, 'train_loss': 0.00033816783833999443, 'mae': 0.1587771, 'elapsed_time': 76.03476309776306}
2021-10-17 01:47:26,854 multi task weight : 0.9
2021-10-17 01:48:43,035 {'epoch': 188, 'lr': 0.00015718826494956934, 'train_loss': 0.0003347816081523816, 'mae': 0.1586218, 'elapsed_time': 76.38780403137207}
2021-10-17 01:48:43,237 multi task weight : 0.9
2021-10-17 01:49:59,707 {'epoch': 189, 'lr': 0.00015278983978140356, 'train_loss': 0.0003307345701595108, 'mae': 0.15875292, 'elapsed_time': 76.6717119216919}
2021-10-17 01:49:59,912 multi task weight : 0.9
2021-10-17 01:51:15,635 {'epoch': 190, 'lr': 0.00014844703268048588, 'train_loss': 0.0003305986668665216, 'mae': 0.15795787, 'elapsed_time': 75.92695999145508}
2021-10-17 01:51:16,287 multi task weight : 0.9
2021-10-17 01:52:32,487 {'epoch': 191, 'lr': 0.00014416052942640105, 'train_loss': 0.00032335004526714444, 'mae': 0.15837485, 'elapsed_time': 76.38599729537964}
2021-10-17 01:52:32,687 multi task weight : 0.9
2021-10-17 01:53:48,908 {'epoch': 192, 'lr': 0.00013993100690770378, 'train_loss': 0.0003217680849421293, 'mae': 0.15757883, 'elapsed_time': 76.42085719108582}
2021-10-17 01:53:49,589 multi task weight : 0.9
2021-10-17 01:55:05,857 {'epoch': 193, 'lr': 0.00013575913301502968, 'train_loss': 0.00031735842906782923, 'mae': 0.1577818, 'elapsed_time': 76.48090839385986}
2021-10-17 01:55:06,069 multi task weight : 0.9
2021-10-17 01:56:22,601 {'epoch': 194, 'lr': 0.00013164556653562842, 'train_loss': 0.0003142506761181386, 'mae': 0.15789478, 'elapsed_time': 76.74327540397644}
2021-10-17 01:56:22,810 multi task weight : 0.9
2021-10-17 01:57:39,238 {'epoch': 195, 'lr': 0.00012759095704933325, 'train_loss': 0.00031179625718719204, 'mae': 0.15814222, 'elapsed_time': 76.63683819770813}
2021-10-17 01:57:39,446 multi task weight : 0.9
2021-10-17 01:58:55,688 {'epoch': 196, 'lr': 0.0001235959448259842, 'train_loss': 0.00030711086891527364, 'mae': 0.15809467, 'elapsed_time': 76.44940185546875}
2021-10-17 01:58:55,885 multi task weight : 0.9
2021-10-17 02:00:12,020 {'epoch': 197, 'lr': 0.00011966116072432329, 'train_loss': 0.00030517150481917195, 'mae': 0.1574977, 'elapsed_time': 76.33188581466675}
2021-10-17 02:00:12,680 multi task weight : 0.9
2021-10-17 02:01:28,627 {'epoch': 198, 'lr': 0.00011578722609237365, 'train_loss': 0.00030210505759947103, 'mae': 0.15779814, 'elapsed_time': 76.14569544792175}
2021-10-17 02:01:28,820 multi task weight : 0.9
2021-10-17 02:02:44,510 {'epoch': 199, 'lr': 0.00011197475266932134, 'train_loss': 0.00029855046101590906, 'mae': 0.15723836, 'elapsed_time': 75.8830292224884}
2021-10-17 02:02:45,174 multi task weight : 0.9
2021-10-17 02:04:01,150 {'epoch': 200, 'lr': 0.00010822434248891588, 'train_loss': 0.000296960859772403, 'mae': 0.15742703, 'elapsed_time': 76.17728114128113}
2021-10-17 02:04:01,343 multi task weight : 0.9
2021-10-17 02:05:16,373 {'epoch': 201, 'lr': 0.00010453658778440093, 'train_loss': 0.00029481848466689616, 'mae': 0.15686336, 'elapsed_time': 75.22272849082947}
2021-10-17 02:05:17,026 multi task weight : 0.9
2021-10-17 02:06:32,384 {'epoch': 202, 'lr': 0.00010091207089499381, 'train_loss': 0.00027398418245073026, 'mae': 0.15707581, 'elapsed_time': 75.54698204994202}
2021-10-17 02:06:32,582 multi task weight : 0.9
2021-10-17 02:07:48,089 {'epoch': 203, 'lr': 9.735136417392827e-05, 'train_loss': 0.0002708310630441581, 'mae': 0.15704702, 'elapsed_time': 75.70484519004822}
2021-10-17 02:07:48,288 multi task weight : 0.9
2021-10-17 02:09:03,920 {'epoch': 204, 'lr': 9.385502989807265e-05, 'train_loss': 0.0002680983443758676, 'mae': 0.15697917, 'elapsed_time': 75.83095741271973}
2021-10-17 02:09:04,111 multi task weight : 0.9
2021-10-17 02:10:20,247 {'epoch': 205, 'lr': 9.042362017913976e-05, 'train_loss': 0.0002647204054896013, 'mae': 0.15669979, 'elapsed_time': 76.32599902153015}
2021-10-17 02:10:20,901 multi task weight : 0.9
2021-10-17 02:11:36,954 {'epoch': 206, 'lr': 8.705767687650242e-05, 'train_loss': 0.00026194794637979935, 'mae': 0.15693748, 'elapsed_time': 76.24189138412476}
2021-10-17 02:11:37,159 multi task weight : 0.9
2021-10-17 02:12:53,274 {'epoch': 207, 'lr': 8.375773151162748e-05, 'train_loss': 0.0002593658867892621, 'mae': 0.15688188, 'elapsed_time': 76.31945180892944}
2021-10-17 02:12:53,458 multi task weight : 0.9
2021-10-17 02:14:09,253 {'epoch': 208, 'lr': 8.052430518414211e-05, 'train_loss': 0.0002564232855062559, 'mae': 0.15681048, 'elapsed_time': 75.97874355316162}
2021-10-17 02:14:09,456 multi task weight : 0.9
2021-10-17 02:15:25,612 {'epoch': 209, 'lr': 7.735790848954633e-05, 'train_loss': 0.00025462661703185696, 'mae': 0.15667537, 'elapsed_time': 76.35854268074036}
2021-10-17 02:15:26,282 multi task weight : 0.9
2021-10-17 02:16:42,338 {'epoch': 210, 'lr': 7.425904143858468e-05, 'train_loss': 0.0002520560107648748, 'mae': 0.15666671, 'elapsed_time': 76.2597725391388}
2021-10-17 02:16:42,979 multi task weight : 0.9
2021-10-17 02:17:58,783 {'epoch': 211, 'lr': 7.122819337828743e-05, 'train_loss': 0.0002500690464880824, 'mae': 0.15669581, 'elapsed_time': 75.99265432357788}
2021-10-17 02:17:58,970 multi task weight : 0.9
2021-10-17 02:19:15,231 {'epoch': 212, 'lr': 6.826584291469799e-05, 'train_loss': 0.00024777188177502575, 'mae': 0.15694454, 'elapsed_time': 76.44706678390503}
2021-10-17 02:19:15,433 multi task weight : 0.9
2021-10-17 02:20:31,220 {'epoch': 213, 'lr': 6.53724578372954e-05, 'train_loss': 0.0002456464635910598, 'mae': 0.15645869, 'elapsed_time': 75.98934626579285}
2021-10-17 02:20:31,860 multi task weight : 0.9
2021-10-17 02:21:47,757 {'epoch': 214, 'lr': 6.254849504512436e-05, 'train_loss': 0.00024360240109368535, 'mae': 0.15685649, 'elapsed_time': 76.08238363265991}
2021-10-17 02:21:47,941 multi task weight : 0.9
2021-10-17 02:23:03,669 {'epoch': 215, 'lr': 5.979440047464625e-05, 'train_loss': 0.00024134228854625923, 'mae': 0.15649329, 'elapsed_time': 75.91111326217651}
2021-10-17 02:23:03,870 multi task weight : 0.9
2021-10-17 02:24:19,654 {'epoch': 216, 'lr': 5.711060902932035e-05, 'train_loss': 0.00023989179992469397, 'mae': 0.15657389, 'elapsed_time': 75.98493313789368}
2021-10-17 02:24:19,844 multi task weight : 0.9
2021-10-17 02:25:35,626 {'epoch': 217, 'lr': 5.449754451092709e-05, 'train_loss': 0.00023759670100113745, 'mae': 0.15672222, 'elapsed_time': 75.97128987312317}
2021-10-17 02:25:35,819 multi task weight : 0.9
2021-10-17 02:26:51,601 {'epoch': 218, 'lr': 5.1955619552645765e-05, 'train_loss': 0.00023599862077225905, 'mae': 0.1564185, 'elapsed_time': 75.97494506835938}
2021-10-17 02:26:52,258 multi task weight : 0.9
2021-10-17 02:28:08,376 {'epoch': 219, 'lr': 4.948523555389422e-05, 'train_loss': 0.00023426621716600367, 'mae': 0.15667444, 'elapsed_time': 76.30870056152344}
2021-10-17 02:28:08,564 multi task weight : 0.9
2021-10-17 02:29:24,871 {'epoch': 220, 'lr': 4.7086782616943164e-05, 'train_loss': 0.00023312601609546828, 'mae': 0.1565555, 'elapsed_time': 76.49458956718445}
2021-10-17 02:29:25,075 multi task weight : 0.9
2021-10-17 02:30:41,177 {'epoch': 221, 'lr': 4.476063948531548e-05, 'train_loss': 0.00023157521477493726, 'mae': 0.15644892, 'elapsed_time': 76.30559659004211}
2021-10-17 02:30:41,390 multi task weight : 0.9
2021-10-17 02:31:56,878 {'epoch': 222, 'lr': 4.2507173483977006e-05, 'train_loss': 0.00022955882662970196, 'mae': 0.15632187, 'elapsed_time': 75.70083475112915}
2021-10-17 02:31:57,527 multi task weight : 0.9
2021-10-17 02:33:13,686 {'epoch': 223, 'lr': 4.03267404613323e-05, 'train_loss': 0.00022834618798055304, 'mae': 0.15637949, 'elapsed_time': 76.3441550731659}
2021-10-17 02:33:13,878 multi task weight : 0.9
2021-10-17 02:34:30,244 {'epoch': 224, 'lr': 3.821968473303203e-05, 'train_loss': 0.00022694570088920766, 'mae': 0.15637673, 'elapsed_time': 76.55693769454956}
2021-10-17 02:34:30,465 multi task weight : 0.9
2021-10-17 02:35:46,866 {'epoch': 225, 'lr': 3.6186339027601574e-05, 'train_loss': 0.0002255759530900092, 'mae': 0.15644006, 'elapsed_time': 76.62189078330994}
2021-10-17 02:35:47,082 multi task weight : 0.9
2021-10-17 02:37:04,000 {'epoch': 226, 'lr': 3.422702443389898e-05, 'train_loss': 0.00022455891464683218, 'mae': 0.15634385, 'elapsed_time': 77.13350892066956}
2021-10-17 02:37:04,193 multi task weight : 0.9
2021-10-17 02:38:21,036 {'epoch': 227, 'lr': 3.2342050350411716e-05, 'train_loss': 0.00022306768609379955, 'mae': 0.1563761, 'elapsed_time': 77.03516006469727}
2021-10-17 02:38:21,240 multi task weight : 0.9
2021-10-17 02:39:37,745 {'epoch': 228, 'lr': 3.053171443639894e-05, 'train_loss': 0.0002219327059842898, 'mae': 0.15637933, 'elapsed_time': 76.70859789848328}
2021-10-17 02:39:37,954 multi task weight : 0.9
2021-10-17 02:40:55,293 {'epoch': 229, 'lr': 2.87963025648875e-05, 'train_loss': 0.00022127129007291327, 'mae': 0.15634897, 'elapsed_time': 77.54784870147705}
2021-10-17 02:40:55,480 multi task weight : 0.9
2021-10-17 02:42:12,447 {'epoch': 230, 'lr': 2.7136088777529415e-05, 'train_loss': 0.00021984805772667338, 'mae': 0.15640087, 'elapsed_time': 77.15358376502991}
2021-10-17 02:42:12,635 multi task weight : 0.9
2021-10-17 02:43:29,092 {'epoch': 231, 'lr': 2.5551335241327604e-05, 'train_loss': 0.00021914706795030158, 'mae': 0.15636465, 'elapsed_time': 76.64455795288086}
2021-10-17 02:43:29,292 multi task weight : 0.9
2021-10-17 02:44:45,057 {'epoch': 232, 'lr': 2.4042292207236372e-05, 'train_loss': 0.0002176792721891735, 'mae': 0.15633312, 'elapsed_time': 75.96434378623962}
2021-10-17 02:44:45,263 multi task weight : 0.9
2021-10-17 02:46:01,399 {'epoch': 233, 'lr': 2.260919797064426e-05, 'train_loss': 0.00021701037773900746, 'mae': 0.15633212, 'elapsed_time': 76.34158062934875}
2021-10-17 02:46:01,594 multi task weight : 0.9
2021-10-17 02:47:17,501 {'epoch': 234, 'lr': 2.125227883374422e-05, 'train_loss': 0.0002164033796105008, 'mae': 0.15636455, 'elapsed_time': 76.1013355255127}
2021-10-17 02:47:17,696 multi task weight : 0.9
2021-10-17 02:48:33,407 {'epoch': 235, 'lr': 1.9971749069797796e-05, 'train_loss': 0.00021541626556764737, 'mae': 0.15634523, 'elapsed_time': 75.90590596199036}
2021-10-17 02:48:33,600 multi task weight : 0.9
2021-10-17 02:49:49,131 {'epoch': 236, 'lr': 1.8767810889299076e-05, 'train_loss': 0.00021474508730962507, 'mae': 0.15623133, 'elapsed_time': 75.72390341758728}
2021-10-17 02:49:49,799 multi task weight : 0.9
2021-10-17 02:51:05,374 {'epoch': 237, 'lr': 1.7640654408043353e-05, 'train_loss': 0.00021425832196887438, 'mae': 0.15628551, 'elapsed_time': 75.76717877388}
2021-10-17 02:51:05,585 multi task weight : 0.9
2021-10-17 02:52:21,074 {'epoch': 238, 'lr': 1.6590457617105317e-05, 'train_loss': 0.00021354610117669528, 'mae': 0.15630169, 'elapsed_time': 75.70020484924316}
2021-10-17 02:52:21,269 multi task weight : 0.9
2021-10-17 02:53:36,795 {'epoch': 239, 'lr': 1.561738635473259e-05, 'train_loss': 0.00021266012151359602, 'mae': 0.15631656, 'elapsed_time': 75.72014021873474}
2021-10-17 02:53:36,986 multi task weight : 0.9
2021-10-17 02:54:52,922 {'epoch': 240, 'lr': 1.4721594280157658e-05, 'train_loss': 0.00021220359638348134, 'mae': 0.15628703, 'elapsed_time': 76.12625336647034}
2021-10-17 02:54:53,129 multi task weight : 0.9
2021-10-17 02:56:08,741 {'epoch': 241, 'lr': 1.3903222849333503e-05, 'train_loss': 0.00021174569377234987, 'mae': 0.15623842, 'elapsed_time': 75.81839561462402}
2021-10-17 02:56:08,951 multi task weight : 0.9
2021-10-17 02:57:24,917 {'epoch': 242, 'lr': 1.3162401292595843e-05, 'train_loss': 0.00021099042199241002, 'mae': 0.15624672, 'elapsed_time': 76.17615866661072}
2021-10-17 02:57:25,123 multi task weight : 0.9
2021-10-17 02:58:41,402 {'epoch': 243, 'lr': 1.2499246594256413e-05, 'train_loss': 0.00021069717138013237, 'mae': 0.15624045, 'elapsed_time': 76.48393988609314}
2021-10-17 02:58:41,612 multi task weight : 0.9
2021-10-17 02:59:57,947 {'epoch': 244, 'lr': 1.191386347412961e-05, 'train_loss': 0.00021031833787043218, 'mae': 0.15623434, 'elapsed_time': 76.54498434066772}
2021-10-17 02:59:58,137 multi task weight : 0.9
2021-10-17 03:01:14,365 {'epoch': 245, 'lr': 1.1406344370996102e-05, 'train_loss': 0.00020958930272497902, 'mae': 0.15625875, 'elapsed_time': 76.41753649711609}
2021-10-17 03:01:14,560 multi task weight : 0.9
2021-10-17 03:02:30,278 {'epoch': 246, 'lr': 1.0976769428005579e-05, 'train_loss': 0.00020956736310422816, 'mae': 0.15626276, 'elapsed_time': 75.91270327568054}
2021-10-17 03:02:30,490 multi task weight : 0.9
2021-10-17 03:03:46,815 {'epoch': 247, 'lr': 1.0625206480021355e-05, 'train_loss': 0.00020927381260484713, 'mae': 0.15623431, 'elapsed_time': 76.53635215759277}
2021-10-17 03:03:47,005 multi task weight : 0.9
2021-10-17 03:05:03,323 {'epoch': 248, 'lr': 1.0351711042908344e-05, 'train_loss': 0.0002089292531236858, 'mae': 0.15623172, 'elapsed_time': 76.50723314285278}
2021-10-17 03:05:03,509 multi task weight : 0.9
2021-10-17 03:06:20,117 {'epoch': 249, 'lr': 1.0156326304766531e-05, 'train_loss': 0.00020855034984193984, 'mae': 0.15618815, 'elapsed_time': 76.79402804374695}
2021-10-17 03:06:20,796 multi task weight : 0.9
2021-10-17 03:07:37,361 {'epoch': 250, 'lr': 1.0039083119111025e-05, 'train_loss': 0.000208753983306867, 'mae': 0.15625332, 'elapsed_time': 76.77612805366516}
2021-10-17 03:07:47,945 cannot find breath_id_ix
2021-10-17 03:08:18,754 Total CV: 0.15618814527988434
