2021-10-14 09:03:33,001 Fold 0
2021-10-14 09:03:36,797 train run device : cuda:0
2021-10-14 09:04:00,714 multi task weight : 0.7
2021-10-14 09:05:17,663 {'epoch': 1, 'lr': 0.001, 'train_loss': 0.011762081243645837, 'mae': 1.1234565, 'elapsed_time': 77.13853049278259}
2021-10-14 09:05:18,288 multi task weight : 0.7013333333333333
2021-10-14 09:06:35,523 {'epoch': 2, 'lr': 0.000999938933078422, 'train_loss': 0.004084703409174091, 'mae': 0.8175897, 'elapsed_time': 77.3953652381897}
2021-10-14 09:06:36,184 multi task weight : 0.7026666666666667
2021-10-14 09:07:53,490 {'epoch': 3, 'lr': 0.000999755747381037, 'train_loss': 0.003498010062337949, 'mae': 0.7629356, 'elapsed_time': 77.48266220092773}
2021-10-14 09:07:54,161 multi task weight : 0.704
2021-10-14 09:09:11,711 {'epoch': 4, 'lr': 0.000999450488106175, 'train_loss': 0.003221343949960509, 'mae': 0.7257811, 'elapsed_time': 77.72338128089905}
2021-10-14 09:09:12,408 multi task weight : 0.7053333333333334
2021-10-14 09:10:30,032 {'epoch': 5, 'lr': 0.0009990232305719944, 'train_loss': 0.0030139133072476106, 'mae': 0.67557454, 'elapsed_time': 77.81893062591553}
2021-10-14 09:10:30,718 multi task weight : 0.7066666666666667
2021-10-14 09:11:48,235 {'epoch': 6, 'lr': 0.0009984740801978983, 'train_loss': 0.002851927906492042, 'mae': 0.6235756, 'elapsed_time': 77.70473861694336}
2021-10-14 09:11:48,905 multi task weight : 0.708
2021-10-14 09:13:06,511 {'epoch': 7, 'lr': 0.0009978031724785245, 'train_loss': 0.002697420588801285, 'mae': 0.5490671, 'elapsed_time': 77.79877829551697}
2021-10-14 09:13:07,166 multi task weight : 0.7093333333333334
2021-10-14 09:14:24,725 {'epoch': 8, 'lr': 0.000997010672950314, 'train_loss': 0.0026057090114054104, 'mae': 0.54629433, 'elapsed_time': 77.72416090965271}
2021-10-14 09:14:25,418 multi task weight : 0.7106666666666667
2021-10-14 09:15:43,148 {'epoch': 9, 'lr': 0.0009960967771506664, 'train_loss': 0.002484568811316139, 'mae': 0.54649335, 'elapsed_time': 77.91501331329346}
2021-10-14 09:15:43,346 multi task weight : 0.712
2021-10-14 09:17:01,368 {'epoch': 10, 'lr': 0.0009950617105696957, 'train_loss': 0.002481862285462652, 'mae': 0.50015426, 'elapsed_time': 78.21905946731567}
2021-10-14 09:17:02,030 multi task weight : 0.7133333333333334
2021-10-14 09:18:19,635 {'epoch': 11, 'lr': 0.0009939057285945929, 'train_loss': 0.0023888377913423844, 'mae': 0.5013179, 'elapsed_time': 77.77814650535583}
2021-10-14 09:18:19,816 multi task weight : 0.7146666666666666
2021-10-14 09:19:38,178 {'epoch': 12, 'lr': 0.0009926291164466126, 'train_loss': 0.002312480606449764, 'mae': 0.45557627, 'elapsed_time': 78.54226088523865}
2021-10-14 09:19:38,846 multi task weight : 0.716
2021-10-14 09:20:57,285 {'epoch': 13, 'lr': 0.0009912321891107005, 'train_loss': 0.002352650035259106, 'mae': 0.45594633, 'elapsed_time': 78.62883758544922}
2021-10-14 09:20:57,459 multi task weight : 0.7173333333333333
2021-10-14 09:22:15,751 {'epoch': 14, 'lr': 0.0009897152912577737, 'train_loss': 0.0022670089692430357, 'mae': 0.4336627, 'elapsed_time': 78.46584844589233}
2021-10-14 09:22:16,422 multi task weight : 0.7186666666666666
2021-10-14 09:23:34,655 {'epoch': 15, 'lr': 0.0009880787971596797, 'train_loss': 0.0023102163288413963, 'mae': 0.43277693, 'elapsed_time': 78.4279363155365}
2021-10-14 09:23:35,297 multi task weight : 0.72
2021-10-14 09:24:53,245 {'epoch': 16, 'lr': 0.0009863231105968495, 'train_loss': 0.002256413780503355, 'mae': 0.43787462, 'elapsed_time': 78.11600279808044}
2021-10-14 09:24:53,416 multi task weight : 0.7213333333333333
2021-10-14 09:26:11,579 {'epoch': 17, 'lr': 0.000984448664758672, 'train_loss': 0.0021962822582190047, 'mae': 0.46984875, 'elapsed_time': 78.33369970321655}
2021-10-14 09:26:11,743 multi task weight : 0.7226666666666667
2021-10-14 09:27:29,921 {'epoch': 18, 'lr': 0.0009824559221366096, 'train_loss': 0.0020798321865187963, 'mae': 0.47749114, 'elapsed_time': 78.34122323989868}
2021-10-14 09:27:30,097 multi task weight : 0.724
2021-10-14 09:28:48,231 {'epoch': 19, 'lr': 0.0009803453744100864, 'train_loss': 0.002053324675534323, 'mae': 0.42769557, 'elapsed_time': 78.3100733757019}
2021-10-14 09:28:48,866 multi task weight : 0.7253333333333333
2021-10-14 09:30:07,472 {'epoch': 20, 'lr': 0.0009781175423251728, 'train_loss': 0.0021132283905154433, 'mae': 0.3721057, 'elapsed_time': 78.76303958892822}
2021-10-14 09:30:08,153 multi task weight : 0.7266666666666667
2021-10-14 09:31:26,841 {'epoch': 21, 'lr': 0.0009757729755661004, 'train_loss': 0.002076434931607338, 'mae': 0.4143626, 'elapsed_time': 78.8669319152832}
2021-10-14 09:31:27,012 multi task weight : 0.728
2021-10-14 09:32:45,642 {'epoch': 22, 'lr': 0.0009733122526196342, 'train_loss': 0.0021817578924875373, 'mae': 0.7073127, 'elapsed_time': 78.80000567436218}
2021-10-14 09:32:45,814 multi task weight : 0.7293333333333333
2021-10-14 09:34:04,471 {'epoch': 23, 'lr': 0.000970735980632341, 'train_loss': 0.0020614282242247726, 'mae': 0.3647244, 'elapsed_time': 78.8286383152008}
2021-10-14 09:34:05,164 multi task weight : 0.7306666666666667
2021-10-14 09:35:23,791 {'epoch': 24, 'lr': 0.0009680447952607838, 'train_loss': 0.0020714137910552337, 'mae': 0.4330985, 'elapsed_time': 78.82056212425232}
2021-10-14 09:35:23,967 multi task weight : 0.732
2021-10-14 09:36:42,529 {'epoch': 25, 'lr': 0.0009652393605146839, 'train_loss': 0.0022458834315645846, 'mae': 0.37177277, 'elapsed_time': 78.73684096336365}
2021-10-14 09:36:42,718 multi task weight : 0.7333333333333334
2021-10-14 09:38:01,532 {'epoch': 26, 'lr': 0.0009623203685930864, 'train_loss': 0.002003386346629473, 'mae': 0.34958625, 'elapsed_time': 79.00307703018188}
2021-10-14 09:38:02,194 multi task weight : 0.7346666666666667
2021-10-14 09:39:20,960 {'epoch': 27, 'lr': 0.00095928853971357, 'train_loss': 0.002008737102792783, 'mae': 0.37233704, 'elapsed_time': 78.93430781364441}
2021-10-14 09:39:21,145 multi task weight : 0.736
2021-10-14 09:40:39,968 {'epoch': 28, 'lr': 0.0009561446219345448, 'train_loss': 0.0020276864567207453, 'mae': 0.3633233, 'elapsed_time': 79.00780177116394}
2021-10-14 09:40:40,154 multi task weight : 0.7373333333333334
2021-10-14 09:41:58,153 {'epoch': 29, 'lr': 0.0009528893909706791, 'train_loss': 0.0019901079902730295, 'mae': 0.52654135, 'elapsed_time': 78.18407797813416}
2021-10-14 09:41:58,327 multi task weight : 0.7386666666666666
2021-10-14 09:43:16,365 {'epoch': 30, 'lr': 0.0009495236500015041, 'train_loss': 0.0019133839010698579, 'mae': 0.37615913, 'elapsed_time': 78.21232652664185}
2021-10-14 09:43:16,529 multi task weight : 0.74
2021-10-14 09:44:34,891 {'epoch': 31, 'lr': 0.0009460482294732414, 'train_loss': 0.001827302699040861, 'mae': 0.31572974, 'elapsed_time': 78.52509307861328}
2021-10-14 09:44:35,569 multi task weight : 0.7413333333333334
2021-10-14 09:45:54,098 {'epoch': 32, 'lr': 0.0009424639868939027, 'train_loss': 0.0018015357678678352, 'mae': 0.3158234, 'elapsed_time': 78.700439453125}
2021-10-14 09:45:54,262 multi task weight : 0.7426666666666666
2021-10-14 09:47:12,786 {'epoch': 33, 'lr': 0.0009387718066217117, 'train_loss': 0.0019298843365481075, 'mae': 0.35194692, 'elapsed_time': 78.68785166740417}
2021-10-14 09:47:12,946 multi task weight : 0.744
2021-10-14 09:48:31,363 {'epoch': 34, 'lr': 0.000934972599646904, 'train_loss': 0.001839669121366372, 'mae': 0.33984536, 'elapsed_time': 78.57690691947937}
2021-10-14 09:48:31,527 multi task weight : 0.7453333333333333
2021-10-14 09:49:49,817 {'epoch': 35, 'lr': 0.0009310673033669515, 'train_loss': 0.0017958248771030908, 'mae': 0.30497172, 'elapsed_time': 78.45306372642517}
2021-10-14 09:49:50,485 multi task weight : 0.7466666666666666
2021-10-14 09:51:08,429 {'epoch': 36, 'lr': 0.0009270568813552751, 'train_loss': 0.0017866969634417749, 'mae': 0.3412022, 'elapsed_time': 78.12351703643799}
2021-10-14 09:51:08,588 multi task weight : 0.7479999999999999
2021-10-14 09:52:25,967 {'epoch': 37, 'lr': 0.0009229423231234969, 'train_loss': 0.0016948639519507717, 'mae': 0.2703443, 'elapsed_time': 77.53691959381104}
2021-10-14 09:52:26,593 multi task weight : 0.7493333333333333
2021-10-14 09:53:44,038 {'epoch': 38, 'lr': 0.0009187246438772933, 'train_loss': 0.0018884200336148676, 'mae': 0.3156167, 'elapsed_time': 77.60919547080994}
2021-10-14 09:53:44,206 multi task weight : 0.7506666666666666
2021-10-14 09:55:01,880 {'epoch': 39, 'lr': 0.0009144048842659075, 'train_loss': 0.0016817178878367855, 'mae': 0.29816353, 'elapsed_time': 77.84151768684387}
2021-10-14 09:55:02,088 multi task weight : 0.752
2021-10-14 09:56:20,067 {'epoch': 40, 'lr': 0.0009099841101253861, 'train_loss': 0.001638620777822157, 'mae': 0.38389772, 'elapsed_time': 78.18681192398071}
2021-10-14 09:56:20,225 multi task weight : 0.7533333333333333
2021-10-14 09:57:37,866 {'epoch': 41, 'lr': 0.0009054634122155986, 'train_loss': 0.001613180176894976, 'mae': 0.30272827, 'elapsed_time': 77.79817986488342}
2021-10-14 09:57:38,027 multi task weight : 0.7546666666666666
2021-10-14 09:58:55,566 {'epoch': 42, 'lr': 0.0009008439059511095, 'train_loss': 0.0016750347382722902, 'mae': 0.31292692, 'elapsed_time': 77.70002317428589}
2021-10-14 09:58:55,739 multi task weight : 0.756
2021-10-14 10:00:13,913 {'epoch': 43, 'lr': 0.0008961267311259662, 'train_loss': 0.0016526222930118846, 'mae': 0.27470914, 'elapsed_time': 78.34593558311462}
2021-10-14 10:00:14,082 multi task weight : 0.7573333333333334
2021-10-14 10:01:32,447 {'epoch': 44, 'lr': 0.0008913130516324728, 'train_loss': 0.0018258364307043014, 'mae': 0.28745636, 'elapsed_time': 78.53443932533264}
2021-10-14 10:01:32,665 multi task weight : 0.7586666666666666
2021-10-14 10:02:50,943 {'epoch': 45, 'lr': 0.0008864040551740152, 'train_loss': 0.0016393122482351154, 'mae': 0.2784274, 'elapsed_time': 78.49526858329773}
2021-10-14 10:02:51,136 multi task weight : 0.76
2021-10-14 10:04:09,445 {'epoch': 46, 'lr': 0.000881400952972015, 'train_loss': 0.001547285247621274, 'mae': 0.28363165, 'elapsed_time': 78.50129294395447}
2021-10-14 10:04:09,611 multi task weight : 0.7613333333333333
2021-10-14 10:05:27,876 {'epoch': 47, 'lr': 0.0008763049794670771, 'train_loss': 0.0017935191315084677, 'mae': 0.3539812, 'elapsed_time': 78.43021607398987}
2021-10-14 10:05:28,070 multi task weight : 0.7626666666666666
2021-10-14 10:06:46,337 {'epoch': 48, 'lr': 0.0008711173920144113, 'train_loss': 0.0016324250761979933, 'mae': 0.26663238, 'elapsed_time': 78.46066522598267}
2021-10-14 10:06:47,009 multi task weight : 0.764
2021-10-14 10:08:05,187 {'epoch': 49, 'lr': 0.0008658394705735983, 'train_loss': 0.0015363125778571748, 'mae': 0.2835174, 'elapsed_time': 78.3591046333313}
2021-10-14 10:08:05,362 multi task weight : 0.7653333333333333
2021-10-14 10:09:23,567 {'epoch': 50, 'lr': 0.0008604725173927781, 'train_loss': 0.0014463424885051783, 'mae': 0.24298751, 'elapsed_time': 78.380206823349}
2021-10-14 10:09:24,224 multi task weight : 0.7666666666666666
2021-10-14 10:10:42,277 {'epoch': 51, 'lr': 0.0008550178566873405, 'train_loss': 0.0015388302900010658, 'mae': 0.24156901, 'elapsed_time': 78.22483110427856}
2021-10-14 10:10:42,922 multi task weight : 0.768
2021-10-14 10:12:00,978 {'epoch': 52, 'lr': 0.0008494768343131951, 'train_loss': 0.0016135057176458985, 'mae': 0.2778181, 'elapsed_time': 78.2151255607605}
2021-10-14 10:12:01,157 multi task weight : 0.7693333333333333
2021-10-14 10:13:19,172 {'epoch': 53, 'lr': 0.0008438508174347005, 'train_loss': 0.0015527229516651554, 'mae': 0.2872469, 'elapsed_time': 78.19382739067078}
2021-10-14 10:13:19,335 multi task weight : 0.7706666666666666
2021-10-14 10:14:37,382 {'epoch': 54, 'lr': 0.0008381411941873374, 'train_loss': 0.0015400923840390521, 'mae': 0.29472724, 'elapsed_time': 78.20968246459961}
2021-10-14 10:14:37,539 multi task weight : 0.772
2021-10-14 10:15:55,544 {'epoch': 55, 'lr': 0.0008323493733352073, 'train_loss': 0.0014789513043807468, 'mae': 0.43909442, 'elapsed_time': 78.16128468513489}
2021-10-14 10:15:55,710 multi task weight : 0.7733333333333332
2021-10-14 10:17:13,333 {'epoch': 56, 'lr': 0.0008264767839234405, 'train_loss': 0.0014366052279494472, 'mae': 0.24276318, 'elapsed_time': 77.78841209411621}
2021-10-14 10:17:13,512 multi task weight : 0.7746666666666666
2021-10-14 10:18:30,855 {'epoch': 57, 'lr': 0.000820524874925601, 'train_loss': 0.001452555703437431, 'mae': 0.30371884, 'elapsed_time': 77.52207064628601}
2021-10-14 10:18:31,025 multi task weight : 0.776
2021-10-14 10:19:48,352 {'epoch': 58, 'lr': 0.0008144951148861737, 'train_loss': 0.0014520108566487997, 'mae': 0.24033482, 'elapsed_time': 77.49615025520325}
2021-10-14 10:19:49,008 multi task weight : 0.7773333333333332
2021-10-14 10:21:06,430 {'epoch': 59, 'lr': 0.0008083889915582231, 'train_loss': 0.0015232823631121987, 'mae': 0.3842296, 'elapsed_time': 77.60371327400208}
2021-10-14 10:21:06,603 multi task weight : 0.7786666666666666
2021-10-14 10:22:24,841 {'epoch': 60, 'lr': 0.0008022080115363123, 'train_loss': 0.0014152087187277237, 'mae': 0.23419544, 'elapsed_time': 78.41039395332336}
2021-10-14 10:22:25,489 multi task weight : 0.78
2021-10-14 10:23:43,662 {'epoch': 61, 'lr': 0.0007959536998847739, 'train_loss': 0.0013361083594199599, 'mae': 0.22762543, 'elapsed_time': 78.3346815109253}
2021-10-14 10:23:44,328 multi task weight : 0.7813333333333332
2021-10-14 10:25:01,969 {'epoch': 62, 'lr': 0.0007896275997614226, 'train_loss': 0.001697968736271182, 'mae': 0.24885435, 'elapsed_time': 77.81589698791504}
2021-10-14 10:25:02,129 multi task weight : 0.7826666666666666
2021-10-14 10:26:19,781 {'epoch': 63, 'lr': 0.0007832312720368044, 'train_loss': 0.001311131669708322, 'mae': 0.23093824, 'elapsed_time': 77.81245040893555}
2021-10-14 10:26:19,943 multi task weight : 0.784
2021-10-14 10:27:37,523 {'epoch': 64, 'lr': 0.0007767662949090749, 'train_loss': 0.001289595868450826, 'mae': 0.25583145, 'elapsed_time': 77.7414083480835}
2021-10-14 10:27:37,681 multi task weight : 0.7853333333333332
2021-10-14 10:28:55,306 {'epoch': 65, 'lr': 0.000770234263514603, 'train_loss': 0.0014422325231011456, 'mae': 0.23106213, 'elapsed_time': 77.78239607810974}
2021-10-14 10:28:55,476 multi task weight : 0.7866666666666666
2021-10-14 10:30:13,493 {'epoch': 66, 'lr': 0.0007636367895343944, 'train_loss': 0.0012418911989217883, 'mae': 0.23749542, 'elapsed_time': 78.18697786331177}
2021-10-14 10:30:13,687 multi task weight : 0.788
2021-10-14 10:31:31,056 {'epoch': 67, 'lr': 0.0007569755007964335, 'train_loss': 0.0017250162143830515, 'mae': 0.25189137, 'elapsed_time': 77.56253504753113}
2021-10-14 10:31:31,227 multi task weight : 0.7893333333333333
2021-10-14 10:32:48,608 {'epoch': 68, 'lr': 0.0007502520408740415, 'train_loss': 0.001257103532207099, 'mae': 0.22261082, 'elapsed_time': 77.55076265335083}
2021-10-14 10:32:49,283 multi task weight : 0.7906666666666666
2021-10-14 10:34:06,742 {'epoch': 69, 'lr': 0.0007434680686803488, 'train_loss': 0.0012597154011250017, 'mae': 0.30977902, 'elapsed_time': 77.63593578338623}
2021-10-14 10:34:06,908 multi task weight : 0.792
2021-10-14 10:35:24,453 {'epoch': 70, 'lr': 0.0007366252580589837, 'train_loss': 0.001372559722006874, 'mae': 0.22057927, 'elapsed_time': 77.71045112609863}
2021-10-14 10:35:25,111 multi task weight : 0.7933333333333333
2021-10-14 10:36:42,517 {'epoch': 71, 'lr': 0.0007297252973710754, 'train_loss': 0.0013716925318230059, 'mae': 0.26093808, 'elapsed_time': 77.56960844993591}
2021-10-14 10:36:42,691 multi task weight : 0.7946666666666666
2021-10-14 10:38:00,202 {'epoch': 72, 'lr': 0.0007227698890786777, 'train_loss': 0.001194507640775977, 'mae': 0.22035387, 'elapsed_time': 77.68373346328735}
2021-10-14 10:38:00,868 multi task weight : 0.796
2021-10-14 10:39:18,275 {'epoch': 73, 'lr': 0.0007157607493247108, 'train_loss': 0.0012497133413061864, 'mae': 0.33313808, 'elapsed_time': 77.571359872818}
2021-10-14 10:39:18,475 multi task weight : 0.7973333333333333
2021-10-14 10:40:35,845 {'epoch': 74, 'lr': 0.0007086996075095287, 'train_loss': 0.0012473577890246416, 'mae': 0.22926082, 'elapsed_time': 77.5696496963501}
2021-10-14 10:40:36,044 multi task weight : 0.7986666666666666
2021-10-14 10:41:53,335 {'epoch': 75, 'lr': 0.0007015882058642161, 'train_loss': 0.0011544799507454265, 'mae': 0.24454594, 'elapsed_time': 77.48874378204346}
2021-10-14 10:41:53,515 multi task weight : 0.8
2021-10-14 10:43:11,538 {'epoch': 76, 'lr': 0.0006944282990207193, 'train_loss': 0.0011444942813398744, 'mae': 0.21058738, 'elapsed_time': 78.20335984230042}
2021-10-14 10:43:12,187 multi task weight : 0.8013333333333333
2021-10-14 10:44:30,330 {'epoch': 77, 'lr': 0.0006872216535789155, 'train_loss': 0.0010525536403119208, 'mae': 0.20593865, 'elapsed_time': 78.30129790306091}
2021-10-14 10:44:30,991 multi task weight : 0.8026666666666666
2021-10-14 10:45:48,978 {'epoch': 78, 'lr': 0.0006799700476707321, 'train_loss': 0.0010975411520978329, 'mae': 0.23032671, 'elapsed_time': 78.15045595169067}
2021-10-14 10:45:49,140 multi task weight : 0.804
2021-10-14 10:47:07,200 {'epoch': 79, 'lr': 0.0006726752705214191, 'train_loss': 0.0010848751023777121, 'mae': 0.20729637, 'elapsed_time': 78.22235560417175}
2021-10-14 10:47:07,376 multi task weight : 0.8053333333333333
2021-10-14 10:48:25,112 {'epoch': 80, 'lr': 0.0006653391220080838, 'train_loss': 0.0014819278978576637, 'mae': 0.28420666, 'elapsed_time': 77.91157102584839}
2021-10-14 10:48:25,284 multi task weight : 0.8066666666666666
2021-10-14 10:49:42,880 {'epoch': 81, 'lr': 0.0006579634122155988, 'train_loss': 0.0011683834916643547, 'mae': 0.21281967, 'elapsed_time': 77.76755976676941}
2021-10-14 10:49:43,044 multi task weight : 0.808
2021-10-14 10:51:00,761 {'epoch': 82, 'lr': 0.0006505499609899903, 'train_loss': 0.0011056915694579847, 'mae': 0.20833354, 'elapsed_time': 77.88005018234253}
2021-10-14 10:51:00,925 multi task weight : 0.8093333333333333
2021-10-14 10:52:18,756 {'epoch': 83, 'lr': 0.0006431005974894184, 'train_loss': 0.0010405305081779709, 'mae': 0.21208675, 'elapsed_time': 77.9944417476654}
2021-10-14 10:52:18,934 multi task weight : 0.8106666666666666
2021-10-14 10:53:37,187 {'epoch': 84, 'lr': 0.0006356171597328593, 'train_loss': 0.0010238176164809167, 'mae': 0.20474967, 'elapsed_time': 78.43137693405151}
2021-10-14 10:53:37,819 multi task weight : 0.812
2021-10-14 10:54:56,041 {'epoch': 85, 'lr': 0.0006281014941466028, 'train_loss': 0.0009582911651998739, 'mae': 0.19881302, 'elapsed_time': 78.38749074935913}
2021-10-14 10:54:56,687 multi task weight : 0.8133333333333334
2021-10-14 10:56:14,621 {'epoch': 86, 'lr': 0.000620555455108673, 'train_loss': 0.000965244769235373, 'mae': 0.24169184, 'elapsed_time': 78.10373187065125}
2021-10-14 10:56:14,793 multi task weight : 0.8146666666666667
2021-10-14 10:57:32,650 {'epoch': 87, 'lr': 0.0006129809044912885, 'train_loss': 0.000996245937563869, 'mae': 0.20616797, 'elapsed_time': 78.02825355529785}
2021-10-14 10:57:32,811 multi task weight : 0.8160000000000001
2021-10-14 10:58:50,542 {'epoch': 88, 'lr': 0.0006053797112014735, 'train_loss': 0.0009994303648384144, 'mae': 0.19596508, 'elapsed_time': 77.89160132408142}
2021-10-14 10:58:51,176 multi task weight : 0.8173333333333334
2021-10-14 11:00:09,101 {'epoch': 89, 'lr': 0.0005977537507199336, 'train_loss': 0.0011060483833914407, 'mae': 0.20551854, 'elapsed_time': 78.09103012084961}
2021-10-14 11:00:09,261 multi task weight : 0.8186666666666667
2021-10-14 11:01:27,535 {'epoch': 90, 'lr': 0.0005901049046383074, 'train_loss': 0.001029925195856984, 'mae': 0.19402042, 'elapsed_time': 78.43310260772705}
2021-10-14 11:01:28,198 multi task weight : 0.8200000000000001
2021-10-14 11:02:46,367 {'epoch': 91, 'lr': 0.0005824350601949141, 'train_loss': 0.0009556917256426938, 'mae': 0.1937195, 'elapsed_time': 78.33975124359131}
2021-10-14 11:02:47,052 multi task weight : 0.8213333333333334
2021-10-14 11:04:05,405 {'epoch': 92, 'lr': 0.0005747461098091033, 'train_loss': 0.0008968023778321413, 'mae': 0.19236135, 'elapsed_time': 78.53538131713867}
2021-10-14 11:04:06,073 multi task weight : 0.8226666666666667
2021-10-14 11:05:24,288 {'epoch': 93, 'lr': 0.0005670399506143305, 'train_loss': 0.000947149524636779, 'mae': 0.20266415, 'elapsed_time': 78.38066601753235}
2021-10-14 11:05:24,477 multi task weight : 0.8240000000000001
2021-10-14 11:06:42,650 {'epoch': 94, 'lr': 0.0005593184839900673, 'train_loss': 0.0009143741200249111, 'mae': 0.21865627, 'elapsed_time': 78.36191153526306}
2021-10-14 11:06:42,827 multi task weight : 0.8253333333333334
2021-10-14 11:08:01,095 {'epoch': 95, 'lr': 0.0005515836150926644, 'train_loss': 0.0009452989668078657, 'mae': 0.27123845, 'elapsed_time': 78.44424986839294}
2021-10-14 11:08:01,262 multi task weight : 0.8266666666666667
2021-10-14 11:09:19,557 {'epoch': 96, 'lr': 0.0005438372523852832, 'train_loss': 0.0008996963600959503, 'mae': 0.18588044, 'elapsed_time': 78.46165251731873}
2021-10-14 11:09:20,216 multi task weight : 0.8280000000000001
2021-10-14 11:10:38,537 {'epoch': 97, 'lr': 0.00053608130716701, 'train_loss': 0.000823187700061114, 'mae': 0.1928763, 'elapsed_time': 78.48184561729431}
2021-10-14 11:10:38,698 multi task weight : 0.8293333333333333
2021-10-14 11:11:57,217 {'epoch': 98, 'lr': 0.0005283176931012729, 'train_loss': 0.0007985452502333936, 'mae': 0.18242574, 'elapsed_time': 78.6795482635498}
2021-10-14 11:11:57,920 multi task weight : 0.8306666666666667
2021-10-14 11:13:16,507 {'epoch': 99, 'lr': 0.0005205483257436734, 'train_loss': 0.0009111221948844696, 'mae': 0.19743413, 'elapsed_time': 78.79130697250366}
2021-10-14 11:13:16,674 multi task weight : 0.8320000000000001
2021-10-14 11:14:35,306 {'epoch': 100, 'lr': 0.0005127751220693511, 'train_loss': 0.000873240132336588, 'mae': 0.18950687, 'elapsed_time': 78.79870271682739}
2021-10-14 11:14:35,475 multi task weight : 0.8333333333333333
2021-10-14 11:15:53,990 {'epoch': 101, 'lr': 0.0005049999999999998, 'train_loss': 0.0010645454259425144, 'mae': 0.1990266, 'elapsed_time': 78.6828875541687}
2021-10-14 11:15:54,175 multi task weight : 0.8346666666666667
2021-10-14 11:17:12,516 {'epoch': 102, 'lr': 0.0004972248779306486, 'train_loss': 0.000832403462560387, 'mae': 0.19273025, 'elapsed_time': 78.52634882926941}
2021-10-14 11:17:12,686 multi task weight : 0.8360000000000001
2021-10-14 11:18:30,865 {'epoch': 103, 'lr': 0.0004894516742563262, 'train_loss': 0.000800124419306271, 'mae': 0.18848825, 'elapsed_time': 78.34813356399536}
2021-10-14 11:18:31,022 multi task weight : 0.8373333333333333
2021-10-14 11:19:49,323 {'epoch': 104, 'lr': 0.00048168230689872663, 'train_loss': 0.0008092893592425732, 'mae': 0.20805998, 'elapsed_time': 78.45763373374939}
2021-10-14 11:19:49,484 multi task weight : 0.8386666666666667
2021-10-14 11:21:07,919 {'epoch': 105, 'lr': 0.0004739186928329896, 'train_loss': 0.0007829098875225183, 'mae': 0.18325658, 'elapsed_time': 78.59596252441406}
2021-10-14 11:21:08,104 multi task weight : 0.8400000000000001
2021-10-14 11:22:25,903 {'epoch': 106, 'lr': 0.00046616274761471655, 'train_loss': 0.000740830724684903, 'mae': 0.17968014, 'elapsed_time': 77.98267388343811}
2021-10-14 11:22:26,557 multi task weight : 0.8413333333333333
2021-10-14 11:23:44,664 {'epoch': 107, 'lr': 0.0004584163849073352, 'train_loss': 0.0007147416115705741, 'mae': 0.17871535, 'elapsed_time': 78.27627396583557}
2021-10-14 11:23:45,313 multi task weight : 0.8426666666666667
2021-10-14 11:25:03,228 {'epoch': 108, 'lr': 0.0004506815160099324, 'train_loss': 0.0007127895284718121, 'mae': 0.18113215, 'elapsed_time': 78.09413552284241}
2021-10-14 11:25:03,412 multi task weight : 0.8440000000000001
2021-10-14 11:26:21,325 {'epoch': 109, 'lr': 0.0004429600493856693, 'train_loss': 0.0007069326824872125, 'mae': 0.18086743, 'elapsed_time': 78.09681296348572}
2021-10-14 11:26:21,508 multi task weight : 0.8453333333333333
2021-10-14 11:27:39,064 {'epoch': 110, 'lr': 0.00043525389019089656, 'train_loss': 0.0007111152705617343, 'mae': 0.18286152, 'elapsed_time': 77.73883295059204}
2021-10-14 11:27:39,245 multi task weight : 0.8466666666666667
2021-10-14 11:28:57,251 {'epoch': 111, 'lr': 0.0004275649398050856, 'train_loss': 0.0007097868498160477, 'mae': 0.17798376, 'elapsed_time': 78.1867504119873}
2021-10-14 11:28:57,886 multi task weight : 0.8480000000000001
2021-10-14 11:30:15,920 {'epoch': 112, 'lr': 0.0004198950953616921, 'train_loss': 0.0006867392063930858, 'mae': 0.17648217, 'elapsed_time': 78.1910240650177}
2021-10-14 11:30:16,593 multi task weight : 0.8493333333333333
2021-10-14 11:31:34,207 {'epoch': 113, 'lr': 0.0004122462492800662, 'train_loss': 0.0006764629217589273, 'mae': 0.17590299, 'elapsed_time': 77.7952516078949}
2021-10-14 11:31:34,876 multi task weight : 0.8506666666666667
2021-10-14 11:32:52,395 {'epoch': 114, 'lr': 0.0004046202887985263, 'train_loss': 0.0006734048100922817, 'mae': 0.18103962, 'elapsed_time': 77.69921016693115}
2021-10-14 11:32:52,584 multi task weight : 0.8520000000000001
2021-10-14 11:34:10,550 {'epoch': 115, 'lr': 0.0003970190955087115, 'train_loss': 0.0006659324172911382, 'mae': 0.17545618, 'elapsed_time': 78.15470743179321}
2021-10-14 11:34:11,216 multi task weight : 0.8533333333333333
2021-10-14 11:35:29,271 {'epoch': 116, 'lr': 0.0003894445448913267, 'train_loss': 0.0006555252151182348, 'mae': 0.17350581, 'elapsed_time': 78.22187995910645}
2021-10-14 11:35:29,945 multi task weight : 0.8546666666666667
2021-10-14 11:36:48,022 {'epoch': 117, 'lr': 0.00038189850585339675, 'train_loss': 0.0006474019704057019, 'mae': 0.18075487, 'elapsed_time': 78.25403046607971}
2021-10-14 11:36:48,184 multi task weight : 0.8560000000000001
2021-10-14 11:38:06,209 {'epoch': 118, 'lr': 0.0003743828402671403, 'train_loss': 0.0006334974743411034, 'mae': 0.17430729, 'elapsed_time': 78.18663954734802}
2021-10-14 11:38:06,380 multi task weight : 0.8573333333333333
2021-10-14 11:39:24,482 {'epoch': 119, 'lr': 0.0003668994025105814, 'train_loss': 0.0006316081007894418, 'mae': 0.17332642, 'elapsed_time': 78.27240824699402}
2021-10-14 11:39:25,129 multi task weight : 0.8586666666666667
2021-10-14 11:40:43,223 {'epoch': 120, 'lr': 0.00035945003901000945, 'train_loss': 0.0006167247017501126, 'mae': 0.17857358, 'elapsed_time': 78.25794816017151}
2021-10-14 11:40:43,419 multi task weight : 0.8600000000000001
2021-10-14 11:42:01,776 {'epoch': 121, 'lr': 0.00035203658778440103, 'train_loss': 0.0006138994965166584, 'mae': 0.17161249, 'elapsed_time': 78.55237102508545}
2021-10-14 11:42:02,457 multi task weight : 0.8613333333333333
2021-10-14 11:43:20,772 {'epoch': 122, 'lr': 0.0003446608779919159, 'train_loss': 0.0006054139311559316, 'mae': 0.17193, 'elapsed_time': 78.49236536026001}
2021-10-14 11:43:20,952 multi task weight : 0.8626666666666667
2021-10-14 11:44:39,503 {'epoch': 123, 'lr': 0.00033732472947858063, 'train_loss': 0.0005955156920794978, 'mae': 0.17356226, 'elapsed_time': 78.73130369186401}
2021-10-14 11:44:39,703 multi task weight : 0.864
2021-10-14 11:45:58,086 {'epoch': 124, 'lr': 0.00033002995232926766, 'train_loss': 0.0005926583761520896, 'mae': 0.17317957, 'elapsed_time': 78.58255934715271}
2021-10-14 11:45:58,295 multi task weight : 0.8653333333333333
2021-10-14 11:47:16,650 {'epoch': 125, 'lr': 0.0003227783464210844, 'train_loss': 0.0006287715322479379, 'mae': 0.1742674, 'elapsed_time': 78.5627715587616}
2021-10-14 11:47:16,815 multi task weight : 0.8666666666666666
2021-10-14 11:48:34,973 {'epoch': 126, 'lr': 0.00031557170097928054, 'train_loss': 0.0005707310465756357, 'mae': 0.16958515, 'elapsed_time': 78.32308673858643}
2021-10-14 11:48:35,604 multi task weight : 0.868
2021-10-14 11:49:53,144 {'epoch': 127, 'lr': 0.0003084117941357834, 'train_loss': 0.0005592427537403137, 'mae': 0.17585774, 'elapsed_time': 77.69770073890686}
2021-10-14 11:49:53,307 multi task weight : 0.8693333333333333
2021-10-14 11:51:10,743 {'epoch': 128, 'lr': 0.00030130039249047106, 'train_loss': 0.0005474386090564562, 'mae': 0.17309625, 'elapsed_time': 77.5988712310791}
2021-10-14 11:51:10,900 multi task weight : 0.8706666666666667
2021-10-14 11:52:28,309 {'epoch': 129, 'lr': 0.00029423925067528897, 'train_loss': 0.0005459058337960321, 'mae': 0.1703868, 'elapsed_time': 77.56562638282776}
2021-10-14 11:52:28,496 multi task weight : 0.872
2021-10-14 11:53:45,954 {'epoch': 130, 'lr': 0.0002872301109213219, 'train_loss': 0.0005416990226940694, 'mae': 0.16904166, 'elapsed_time': 77.64427208900452}
2021-10-14 11:53:46,594 multi task weight : 0.8733333333333333
2021-10-14 11:55:03,921 {'epoch': 131, 'lr': 0.0002802747026289243, 'train_loss': 0.0005289825680557666, 'mae': 0.16855288, 'elapsed_time': 77.49207162857056}
2021-10-14 11:55:04,552 multi task weight : 0.8746666666666667
2021-10-14 11:56:21,591 {'epoch': 132, 'lr': 0.00027337474194101617, 'train_loss': 0.0005242982606488083, 'mae': 0.16767679, 'elapsed_time': 77.22354650497437}
2021-10-14 11:56:22,215 multi task weight : 0.876
2021-10-14 11:57:38,518 {'epoch': 133, 'lr': 0.00026653193131965077, 'train_loss': 0.0005192256805402423, 'mae': 0.16949156, 'elapsed_time': 76.47941184043884}
2021-10-14 11:57:38,674 multi task weight : 0.8773333333333333
2021-10-14 11:58:55,393 {'epoch': 134, 'lr': 0.00025974795912595813, 'train_loss': 0.0005156439596341493, 'mae': 0.16734232, 'elapsed_time': 76.87435603141785}
2021-10-14 11:58:56,001 multi task weight : 0.8786666666666667
2021-10-14 12:00:13,584 {'epoch': 135, 'lr': 0.0002530244992035661, 'train_loss': 0.000500469011266335, 'mae': 0.1660243, 'elapsed_time': 77.74164986610413}
2021-10-14 12:00:14,227 multi task weight : 0.88
2021-10-14 12:01:32,090 {'epoch': 136, 'lr': 0.00024636321046560527, 'train_loss': 0.0005002245215009071, 'mae': 0.16626449, 'elapsed_time': 78.03762888908386}
2021-10-14 12:01:32,249 multi task weight : 0.8813333333333333
2021-10-14 12:02:50,220 {'epoch': 137, 'lr': 0.00023976573648539645, 'train_loss': 0.00048702171299485594, 'mae': 0.16692767, 'elapsed_time': 78.12984585762024}
2021-10-14 12:02:50,386 multi task weight : 0.8826666666666667
2021-10-14 12:04:08,069 {'epoch': 138, 'lr': 0.00023323370509092462, 'train_loss': 0.00048624399229834774, 'mae': 0.16709672, 'elapsed_time': 77.84837508201599}
2021-10-14 12:04:08,230 multi task weight : 0.884
2021-10-14 12:05:26,053 {'epoch': 139, 'lr': 0.00022676872796319523, 'train_loss': 0.0004783732725851697, 'mae': 0.16921745, 'elapsed_time': 77.9841148853302}
2021-10-14 12:05:26,212 multi task weight : 0.8853333333333333
2021-10-14 12:06:44,245 {'epoch': 140, 'lr': 0.00022037240023857702, 'train_loss': 0.0004681270745458826, 'mae': 0.16615295, 'elapsed_time': 78.1912190914154}
2021-10-14 12:06:44,407 multi task weight : 0.8866666666666667
2021-10-14 12:08:02,099 {'epoch': 141, 'lr': 0.00021404630011522577, 'train_loss': 0.00046266441537725207, 'mae': 0.16629305, 'elapsed_time': 77.8536593914032}
2021-10-14 12:08:02,262 multi task weight : 0.888
2021-10-14 12:09:20,099 {'epoch': 142, 'lr': 0.00020779198846368737, 'train_loss': 0.0004546019012284958, 'mae': 0.1659445, 'elapsed_time': 77.99941873550415}
2021-10-14 12:09:20,727 multi task weight : 0.8893333333333333
2021-10-14 12:10:38,374 {'epoch': 143, 'lr': 0.0002016110084417765, 'train_loss': 0.0004505106824406375, 'mae': 0.16525184, 'elapsed_time': 77.81671524047852}
2021-10-14 12:10:39,006 multi task weight : 0.8906666666666667
2021-10-14 12:11:56,768 {'epoch': 144, 'lr': 0.00019550488511382584, 'train_loss': 0.0004448605841426876, 'mae': 0.1663004, 'elapsed_time': 77.92550253868103}
2021-10-14 12:11:56,947 multi task weight : 0.892
2021-10-14 12:13:14,903 {'epoch': 145, 'lr': 0.00018947512507439847, 'train_loss': 0.00043890224893147224, 'mae': 0.16565657, 'elapsed_time': 78.13485717773438}
2021-10-14 12:13:15,075 multi task weight : 0.8933333333333333
2021-10-14 12:14:33,287 {'epoch': 146, 'lr': 0.00018352321607655904, 'train_loss': 0.00043170051309764584, 'mae': 0.16541249, 'elapsed_time': 78.38370442390442}
2021-10-14 12:14:33,464 multi task weight : 0.8946666666666667
2021-10-14 12:15:51,593 {'epoch': 147, 'lr': 0.0001776506266647923, 'train_loss': 0.00042461958399685586, 'mae': 0.16588473, 'elapsed_time': 78.3052933216095}
2021-10-14 12:15:51,770 multi task weight : 0.896
2021-10-14 12:17:09,984 {'epoch': 148, 'lr': 0.00017185880581266206, 'train_loss': 0.0004185359850353046, 'mae': 0.1647097, 'elapsed_time': 78.39062547683716}
2021-10-14 12:17:10,637 multi task weight : 0.8973333333333333
2021-10-14 12:18:28,477 {'epoch': 149, 'lr': 0.000166149182565299, 'train_loss': 0.00041357751527148183, 'mae': 0.1648087, 'elapsed_time': 78.01079797744751}
2021-10-14 12:18:28,657 multi task weight : 0.8986666666666667
2021-10-14 12:19:46,740 {'epoch': 150, 'lr': 0.00016052316568680435, 'train_loss': 0.00040941529884450556, 'mae': 0.16558082, 'elapsed_time': 78.2627124786377}
2021-10-14 12:19:46,907 multi task weight : 0.9
2021-10-14 12:21:04,826 {'epoch': 151, 'lr': 0.00015498214331265893, 'train_loss': 0.0004039268809228128, 'mae': 0.16603212, 'elapsed_time': 78.08504891395569}
2021-10-14 12:21:04,992 multi task weight : 0.9
2021-10-14 12:22:23,011 {'epoch': 152, 'lr': 0.0001495274826072215, 'train_loss': 0.0003956404282551597, 'mae': 0.16405532, 'elapsed_time': 78.18462944030762}
2021-10-14 12:22:23,663 multi task weight : 0.9
2021-10-14 12:23:41,703 {'epoch': 153, 'lr': 0.00014416052942640132, 'train_loss': 0.00039020897512002603, 'mae': 0.16381286, 'elapsed_time': 78.20573377609253}
2021-10-14 12:23:42,357 multi task weight : 0.9
2021-10-14 12:25:00,142 {'epoch': 154, 'lr': 0.0001388826079855881, 'train_loss': 0.00038448897510707733, 'mae': 0.16468693, 'elapsed_time': 77.9409408569336}
2021-10-14 12:25:00,341 multi task weight : 0.9
2021-10-14 12:26:18,614 {'epoch': 155, 'lr': 0.00013369502053292245, 'train_loss': 0.0003818010647193022, 'mae': 0.16414668, 'elapsed_time': 78.47159624099731}
2021-10-14 12:26:18,787 multi task weight : 0.9
2021-10-14 12:27:37,099 {'epoch': 156, 'lr': 0.00012859904702798464, 'train_loss': 0.0003766558158370025, 'mae': 0.16343579, 'elapsed_time': 78.48476028442383}
2021-10-14 12:27:37,785 multi task weight : 0.9
2021-10-14 12:28:55,323 {'epoch': 157, 'lr': 0.00012359594482598432, 'train_loss': 0.00036949172179042463, 'mae': 0.16347541, 'elapsed_time': 77.72414922714233}
2021-10-14 12:28:55,505 multi task weight : 0.9
2021-10-14 12:30:13,912 {'epoch': 158, 'lr': 0.00011868694836752681, 'train_loss': 0.00036580021652986153, 'mae': 0.16345927, 'elapsed_time': 78.58921933174133}
2021-10-14 12:30:14,086 multi task weight : 0.9
2021-10-14 12:31:32,645 {'epoch': 159, 'lr': 0.0001138732688740332, 'train_loss': 0.0003587230135834201, 'mae': 0.16379328, 'elapsed_time': 78.7319962978363}
2021-10-14 12:31:32,820 multi task weight : 0.9
2021-10-14 12:32:51,541 {'epoch': 160, 'lr': 0.00010915609404889012, 'train_loss': 0.0003570429363576208, 'mae': 0.16305271, 'elapsed_time': 78.89590311050415}
2021-10-14 12:32:52,232 multi task weight : 0.9
2021-10-14 12:34:10,934 {'epoch': 161, 'lr': 0.00010453658778440103, 'train_loss': 0.0003528083940613657, 'mae': 0.16259223, 'elapsed_time': 78.87959933280945}
2021-10-14 12:34:11,616 multi task weight : 0.9
2021-10-14 12:35:30,085 {'epoch': 162, 'lr': 0.00010001588987461343, 'train_loss': 0.00034851540192329703, 'mae': 0.16291328, 'elapsed_time': 78.64161777496338}
2021-10-14 12:35:30,268 multi task weight : 0.9
2021-10-14 12:36:48,520 {'epoch': 163, 'lr': 9.559511573409192e-05, 'train_loss': 0.0003426928482974421, 'mae': 0.16300228, 'elapsed_time': 78.43386435508728}
2021-10-14 12:36:48,744 multi task weight : 0.9
2021-10-14 12:38:06,602 {'epoch': 164, 'lr': 9.12753561227063e-05, 'train_loss': 0.00033814620949955, 'mae': 0.16289474, 'elapsed_time': 78.08225917816162}
2021-10-14 12:38:06,782 multi task weight : 0.9
2021-10-14 12:39:24,785 {'epoch': 165, 'lr': 8.705767687650262e-05, 'train_loss': 0.0003352326653265771, 'mae': 0.16258407, 'elapsed_time': 78.18165469169617}
2021-10-14 12:39:25,449 multi task weight : 0.9
2021-10-14 12:40:43,834 {'epoch': 166, 'lr': 8.294311864472445e-05, 'train_loss': 0.00033107047938822593, 'mae': 0.16241528, 'elapsed_time': 78.5501217842102}
2021-10-14 12:40:44,516 multi task weight : 0.9
2021-10-14 12:42:02,860 {'epoch': 167, 'lr': 7.89326966330478e-05, 'train_loss': 0.00032872337214722786, 'mae': 0.16259, 'elapsed_time': 78.53353524208069}
2021-10-14 12:42:03,027 multi task weight : 0.9
2021-10-14 12:43:21,438 {'epoch': 168, 'lr': 7.502740035309526e-05, 'train_loss': 0.0003237603285341882, 'mae': 0.16219766, 'elapsed_time': 78.57780885696411}
2021-10-14 12:43:22,112 multi task weight : 0.9
2021-10-14 12:44:40,588 {'epoch': 169, 'lr': 7.12281933782875e-05, 'train_loss': 0.00032029384629883616, 'mae': 0.16275147, 'elapsed_time': 78.65427279472351}
2021-10-14 12:44:40,757 multi task weight : 0.9
2021-10-14 12:45:58,680 {'epoch': 170, 'lr': 6.75360131060967e-05, 'train_loss': 0.0003174840190587966, 'mae': 0.162339, 'elapsed_time': 78.09117412567139}
2021-10-14 12:45:58,855 multi task weight : 0.9
2021-10-14 12:47:17,793 {'epoch': 171, 'lr': 6.395177052675792e-05, 'train_loss': 0.0003136921495031331, 'mae': 0.16201808, 'elapsed_time': 79.11249899864197}
2021-10-14 12:47:18,484 multi task weight : 0.9
2021-10-14 12:48:36,670 {'epoch': 172, 'lr': 6.047634999849528e-05, 'train_loss': 0.00031144485504639867, 'mae': 0.16229618, 'elapsed_time': 78.37569308280945}
2021-10-14 12:48:36,838 multi task weight : 0.9
2021-10-14 12:49:54,436 {'epoch': 173, 'lr': 5.711060902932039e-05, 'train_loss': 0.00030802925894341773, 'mae': 0.1622788, 'elapsed_time': 77.76540613174438}
2021-10-14 12:49:54,609 multi task weight : 0.9
2021-10-14 12:51:12,090 {'epoch': 174, 'lr': 5.385537806545467e-05, 'train_loss': 0.00030634955930751315, 'mae': 0.16223955, 'elapsed_time': 77.65335297584534}
2021-10-14 12:51:12,253 multi task weight : 0.9
2021-10-14 12:52:29,597 {'epoch': 175, 'lr': 5.0711460286429424e-05, 'train_loss': 0.0003029332128387362, 'mae': 0.16190419, 'elapsed_time': 77.5067789554596}
2021-10-14 12:52:30,258 multi task weight : 0.9
2021-10-14 12:53:47,606 {'epoch': 176, 'lr': 4.767963140691315e-05, 'train_loss': 0.0002999754860809578, 'mae': 0.1620149, 'elapsed_time': 77.52330374717712}
2021-10-14 12:53:47,772 multi task weight : 0.9
2021-10-14 12:55:05,177 {'epoch': 177, 'lr': 4.4760639485315563e-05, 'train_loss': 0.0002975709211128172, 'mae': 0.16196987, 'elapsed_time': 77.57113671302795}
2021-10-14 12:55:05,372 multi task weight : 0.9
2021-10-14 12:56:22,594 {'epoch': 178, 'lr': 4.195520473921563e-05, 'train_loss': 0.0002956061307377891, 'mae': 0.16201548, 'elapsed_time': 77.41643166542053}
2021-10-14 12:56:22,750 multi task weight : 0.9
2021-10-14 12:57:40,167 {'epoch': 179, 'lr': 3.9264019367658385e-05, 'train_loss': 0.00029332906666913516, 'mae': 0.16203013, 'elapsed_time': 77.57186675071716}
2021-10-14 12:57:40,332 multi task weight : 0.9
2021-10-14 12:58:57,969 {'epoch': 180, 'lr': 3.6687747380365064e-05, 'train_loss': 0.00029121822852831437, 'mae': 0.16222855, 'elapsed_time': 77.80168342590332}
2021-10-14 12:58:58,132 multi task weight : 0.9
2021-10-14 13:00:16,087 {'epoch': 181, 'lr': 3.422702443389899e-05, 'train_loss': 0.0002888315416517006, 'mae': 0.16202976, 'elapsed_time': 78.11756491661072}
2021-10-14 13:00:16,280 multi task weight : 0.9
2021-10-14 13:01:34,601 {'epoch': 182, 'lr': 3.188245767482658e-05, 'train_loss': 0.00028710223779432857, 'mae': 0.1617922, 'elapsed_time': 78.51370596885681}
2021-10-14 13:01:35,309 multi task weight : 0.9
2021-10-14 13:02:53,565 {'epoch': 183, 'lr': 2.965462558991323e-05, 'train_loss': 0.0002857161727792542, 'mae': 0.16195543, 'elapsed_time': 78.44877004623413}
2021-10-14 13:02:53,730 multi task weight : 0.9
2021-10-14 13:04:12,007 {'epoch': 184, 'lr': 2.7544077863390004e-05, 'train_loss': 0.0002838849920145007, 'mae': 0.16205886, 'elapsed_time': 78.44125247001648}
2021-10-14 13:04:12,192 multi task weight : 0.9
2021-10-14 13:05:30,333 {'epoch': 185, 'lr': 2.5551335241327672e-05, 'train_loss': 0.00028210356578507354, 'mae': 0.16188283, 'elapsed_time': 78.32513976097107}
2021-10-14 13:05:30,494 multi task weight : 0.9
2021-10-14 13:06:48,761 {'epoch': 186, 'lr': 2.367688940315011e-05, 'train_loss': 0.0002808555625527208, 'mae': 0.16177534, 'elapsed_time': 78.42813539505005}
2021-10-14 13:06:49,416 multi task weight : 0.9
2021-10-14 13:08:07,957 {'epoch': 187, 'lr': 2.1921202840320077e-05, 'train_loss': 0.00027955325451204917, 'mae': 0.16186078, 'elapsed_time': 78.70213651657104}
2021-10-14 13:08:08,131 multi task weight : 0.9
2021-10-14 13:09:26,764 {'epoch': 188, 'lr': 2.0284708742225903e-05, 'train_loss': 0.0002783163327839771, 'mae': 0.16202645, 'elapsed_time': 78.80637383460999}
2021-10-14 13:09:26,952 multi task weight : 0.9
2021-10-14 13:10:45,610 {'epoch': 189, 'lr': 1.8767810889299086e-05, 'train_loss': 0.0002773106936303648, 'mae': 0.16176502, 'elapsed_time': 78.84551739692688}
2021-10-14 13:10:46,294 multi task weight : 0.9
2021-10-14 13:12:04,940 {'epoch': 190, 'lr': 1.7370883553386936e-05, 'train_loss': 0.0002761127168005314, 'mae': 0.16186023, 'elapsed_time': 78.82505130767822}
2021-10-14 13:12:05,139 multi task weight : 0.9
2021-10-14 13:13:23,516 {'epoch': 191, 'lr': 1.6094271405406862e-05, 'train_loss': 0.0002750479775148267, 'mae': 0.1619173, 'elapsed_time': 78.57596349716187}
2021-10-14 13:13:23,681 multi task weight : 0.9
2021-10-14 13:14:42,169 {'epoch': 192, 'lr': 1.4938289430304022e-05, 'train_loss': 0.0002740826100392441, 'mae': 0.16182387, 'elapsed_time': 78.65275549888611}
2021-10-14 13:14:42,344 multi task weight : 0.9
2021-10-14 13:16:00,932 {'epoch': 193, 'lr': 1.3903222849333509e-05, 'train_loss': 0.00027327998565982673, 'mae': 0.16187637, 'elapsed_time': 78.76274752616882}
2021-10-14 13:16:01,102 multi task weight : 0.9
2021-10-14 13:17:19,923 {'epoch': 194, 'lr': 1.2989327049686102e-05, 'train_loss': 0.0002726028301192088, 'mae': 0.16176891, 'elapsed_time': 78.98996019363403}
2021-10-14 13:17:20,097 multi task weight : 0.9
2021-10-14 13:18:38,327 {'epoch': 195, 'lr': 1.2196827521475404e-05, 'train_loss': 0.0002718031015111327, 'mae': 0.16177447, 'elapsed_time': 78.40371918678284}
2021-10-14 13:18:38,509 multi task weight : 0.9
2021-10-14 13:19:56,329 {'epoch': 196, 'lr': 1.152591980210166e-05, 'train_loss': 0.0002712093939544291, 'mae': 0.16182649, 'elapsed_time': 78.00172448158264}
2021-10-14 13:19:56,493 multi task weight : 0.9
2021-10-14 13:21:14,385 {'epoch': 197, 'lr': 1.097676942800558e-05, 'train_loss': 0.000270653855471549, 'mae': 0.1618599, 'elapsed_time': 78.05550599098206}
2021-10-14 13:21:14,560 multi task weight : 0.9
2021-10-14 13:22:32,661 {'epoch': 198, 'lr': 1.0549511893824899e-05, 'train_loss': 0.00027008003183696705, 'mae': 0.1618167, 'elapsed_time': 78.27536058425903}
2021-10-14 13:22:32,834 multi task weight : 0.9
2021-10-14 13:23:50,382 {'epoch': 199, 'lr': 1.0244252618962858e-05, 'train_loss': 0.00026972683308913937, 'mae': 0.16184266, 'elapsed_time': 77.72105431556702}
2021-10-14 13:23:50,559 multi task weight : 0.9
2021-10-14 13:25:08,472 {'epoch': 200, 'lr': 1.006106692157801e-05, 'train_loss': 0.0002692230016170866, 'mae': 0.16181116, 'elapsed_time': 78.08920383453369}
2021-10-14 13:25:52,557 Total CV: 0.16176502406597137
