2021-10-17 05:01:33,556 create aug feature 0
2021-10-17 05:02:36,384 create aug feature 1
2021-10-17 05:03:34,652 create aug feature 2
2021-10-17 05:04:32,847 create aug feature 3
2021-10-17 05:05:31,231 create aug feature 4
2021-10-17 05:06:29,556 create aug feature 5
2021-10-17 05:07:27,887 create aug feature 6
2021-10-17 05:08:25,750 create aug feature 7
2021-10-17 05:09:23,818 create aug feature 8
2021-10-17 05:10:21,525 create aug feature 9
2021-10-17 05:13:16,099 Fold 0
2021-10-17 05:13:42,848 train run device : cuda:0
2021-10-17 05:14:28,908 multi task weight : 0.7
2021-10-17 05:15:43,594 {'epoch': 1, 'lr': 0.001, 'train_loss': 0.010675088413469518, 'mae': 1.0690771, 'elapsed_time': 74.9168689250946}
2021-10-17 05:15:44,216 multi task weight : 0.7013333333333333
2021-10-17 05:16:59,596 {'epoch': 2, 'lr': 0.000999960916880889, 'train_loss': 0.00406416112012702, 'mae': 0.9396332, 'elapsed_time': 75.590252161026}
2021-10-17 05:17:00,216 multi task weight : 0.7026666666666667
2021-10-17 05:18:16,197 {'epoch': 3, 'lr': 0.0009998436736952333, 'train_loss': 0.0035544048093698764, 'mae': 0.7718809, 'elapsed_time': 76.15730166435242}
2021-10-17 05:18:16,815 multi task weight : 0.704
2021-10-17 05:19:32,304 {'epoch': 4, 'lr': 0.0009996482889570914, 'train_loss': 0.003285852179790349, 'mae': 0.75891906, 'elapsed_time': 75.67376327514648}
2021-10-17 05:19:32,953 multi task weight : 0.7053333333333334
2021-10-17 05:20:48,181 {'epoch': 5, 'lr': 0.0009993747935199784, 'train_loss': 0.003063483606354933, 'mae': 0.7048037, 'elapsed_time': 75.42781496047974}
2021-10-17 05:20:48,808 multi task weight : 0.7066666666666667
2021-10-17 05:22:04,477 {'epoch': 6, 'lr': 0.0009990232305719941, 'train_loss': 0.0028698770952706623, 'mae': 0.56816643, 'elapsed_time': 75.85670018196106}
2021-10-17 05:22:05,117 multi task weight : 0.708
2021-10-17 05:23:20,608 {'epoch': 7, 'lr': 0.0009985936556290037, 'train_loss': 0.0027567146969323447, 'mae': 0.7046396, 'elapsed_time': 75.68470335006714}
2021-10-17 05:23:20,810 multi task weight : 0.7093333333333334
2021-10-17 05:24:36,247 {'epoch': 8, 'lr': 0.0009980861365258703, 'train_loss': 0.0026559833316237348, 'mae': 0.5239908, 'elapsed_time': 75.63894701004028}
2021-10-17 05:24:36,875 multi task weight : 0.7106666666666667
2021-10-17 05:25:52,490 {'epoch': 9, 'lr': 0.0009975007534057435, 'train_loss': 0.0025263300072957224, 'mae': 0.54327565, 'elapsed_time': 75.79545211791992}
2021-10-17 05:25:52,695 multi task weight : 0.712
2021-10-17 05:27:08,419 {'epoch': 10, 'lr': 0.000996837598707404, 'train_loss': 0.0024575065557256768, 'mae': 0.5026851, 'elapsed_time': 75.92827415466309}
2021-10-17 05:27:09,057 multi task weight : 0.7133333333333334
2021-10-17 05:28:24,593 {'epoch': 11, 'lr': 0.0009960967771506664, 'train_loss': 0.002391632555967297, 'mae': 0.49463278, 'elapsed_time': 75.7249186038971}
2021-10-17 05:28:25,231 multi task weight : 0.7146666666666666
2021-10-17 05:29:41,077 {'epoch': 12, 'lr': 0.000995278405719842, 'train_loss': 0.002335417565918664, 'mae': 0.50555235, 'elapsed_time': 76.03640246391296}
2021-10-17 05:29:41,258 multi task weight : 0.716
2021-10-17 05:30:57,185 {'epoch': 13, 'lr': 0.0009943826136452672, 'train_loss': 0.0022886001351280195, 'mae': 0.43609285, 'elapsed_time': 76.10831260681152}
2021-10-17 05:30:57,819 multi task weight : 0.7173333333333333
2021-10-17 05:32:13,532 {'epoch': 14, 'lr': 0.0009934095423828945, 'train_loss': 0.0022029549772175356, 'mae': 0.4021919, 'elapsed_time': 75.89772367477417}
2021-10-17 05:32:14,182 multi task weight : 0.7186666666666666
2021-10-17 05:33:29,605 {'epoch': 15, 'lr': 0.0009923593455919565, 'train_loss': 0.002203409719874007, 'mae': 0.3931616, 'elapsed_time': 75.63264417648315}
2021-10-17 05:33:30,259 multi task weight : 0.72
2021-10-17 05:34:46,329 {'epoch': 16, 'lr': 0.0009912321891107007, 'train_loss': 0.002157549478849328, 'mae': 0.44655868, 'elapsed_time': 76.27557635307312}
2021-10-17 05:34:46,525 multi task weight : 0.7213333333333333
2021-10-17 05:36:02,653 {'epoch': 17, 'lr': 0.000990028250930202, 'train_loss': 0.0021705478689009344, 'mae': 0.42586374, 'elapsed_time': 76.32314014434814}
2021-10-17 05:36:02,844 multi task weight : 0.7226666666666667
2021-10-17 05:37:18,421 {'epoch': 18, 'lr': 0.0009887477211662555, 'train_loss': 0.002081649267837415, 'mae': 0.4293872, 'elapsed_time': 75.76824116706848}
2021-10-17 05:37:18,611 multi task weight : 0.724
2021-10-17 05:38:34,285 {'epoch': 19, 'lr': 0.0009873908020293554, 'train_loss': 0.0020347490751186376, 'mae': 0.38052854, 'elapsed_time': 75.86379623413086}
2021-10-17 05:38:34,925 multi task weight : 0.7253333333333333
2021-10-17 05:39:50,774 {'epoch': 20, 'lr': 0.0009859577077927632, 'train_loss': 0.001958814900025301, 'mae': 0.38810056, 'elapsed_time': 76.03884220123291}
2021-10-17 05:39:50,965 multi task weight : 0.7266666666666667
2021-10-17 05:41:06,415 {'epoch': 21, 'lr': 0.000984448664758672, 'train_loss': 0.0020530987980252784, 'mae': 0.36563087, 'elapsed_time': 75.64091658592224}
2021-10-17 05:41:07,058 multi task weight : 0.728
2021-10-17 05:42:22,924 {'epoch': 22, 'lr': 0.00098286391122247, 'train_loss': 0.0019173483616710103, 'mae': 0.3580027, 'elapsed_time': 76.0588059425354}
2021-10-17 05:42:23,598 multi task weight : 0.7293333333333333
2021-10-17 05:43:39,674 {'epoch': 23, 'lr': 0.0009812036974351118, 'train_loss': 0.001983819804922724, 'mae': 0.4218439, 'elapsed_time': 76.28217148780823}
2021-10-17 05:43:39,858 multi task weight : 0.7306666666666667
2021-10-17 05:44:55,654 {'epoch': 24, 'lr': 0.0009794682855636002, 'train_loss': 0.0019284092497162033, 'mae': 0.32744238, 'elapsed_time': 75.97996187210083}
2021-10-17 05:44:56,308 multi task weight : 0.732
2021-10-17 05:46:12,153 {'epoch': 25, 'lr': 0.0009776579496495873, 'train_loss': 0.0019247870166484214, 'mae': 0.41030318, 'elapsed_time': 76.0502188205719}
2021-10-17 05:46:12,348 multi task weight : 0.7333333333333334
2021-10-17 05:47:28,639 {'epoch': 26, 'lr': 0.0009757729755661, 'train_loss': 0.0018999373430424451, 'mae': 0.3518443, 'elapsed_time': 76.48499917984009}
2021-10-17 05:47:28,835 multi task weight : 0.7346666666666667
2021-10-17 05:48:45,182 {'epoch': 27, 'lr': 0.0009738136609723973, 'train_loss': 0.00199462118687576, 'mae': 0.3652364, 'elapsed_time': 76.54254364967346}
2021-10-17 05:48:45,383 multi task weight : 0.736
2021-10-17 05:50:01,428 {'epoch': 28, 'lr': 0.0009717803152669668, 'train_loss': 0.0019726061671379784, 'mae': 0.31946817, 'elapsed_time': 76.24588060379028}
2021-10-17 05:50:02,078 multi task weight : 0.7373333333333334
2021-10-17 05:51:17,876 {'epoch': 29, 'lr': 0.0009696732595386666, 'train_loss': 0.0018047722479892613, 'mae': 0.33519483, 'elapsed_time': 75.98800253868103}
2021-10-17 05:51:18,104 multi task weight : 0.7386666666666666
2021-10-17 05:52:33,709 {'epoch': 30, 'lr': 0.0009674928265160219, 'train_loss': 0.0017923427280347184, 'mae': 0.35952687, 'elapsed_time': 75.8316650390625}
2021-10-17 05:52:33,913 multi task weight : 0.74
2021-10-17 05:53:49,658 {'epoch': 31, 'lr': 0.0009652393605146833, 'train_loss': 0.001813986955236488, 'mae': 0.30725595, 'elapsed_time': 75.94912552833557}
2021-10-17 05:53:50,335 multi task weight : 0.7413333333333334
2021-10-17 05:55:06,427 {'epoch': 32, 'lr': 0.0009629132173830556, 'train_loss': 0.0017230447110176245, 'mae': 0.28684345, 'elapsed_time': 76.3067774772644}
2021-10-17 05:55:07,061 multi task weight : 0.7426666666666666
2021-10-17 05:56:22,955 {'epoch': 33, 'lr': 0.0009605147644461048, 'train_loss': 0.0017269756496841343, 'mae': 0.297111, 'elapsed_time': 76.09227061271667}
2021-10-17 05:56:23,152 multi task weight : 0.744
2021-10-17 05:57:39,321 {'epoch': 34, 'lr': 0.0009580443804473531, 'train_loss': 0.0016494167703243973, 'mae': 0.2599595, 'elapsed_time': 76.36554288864136}
2021-10-17 05:57:39,955 multi task weight : 0.7453333333333333
2021-10-17 05:58:56,348 {'epoch': 35, 'lr': 0.0009555024554890718, 'train_loss': 0.001720540423002995, 'mae': 0.31230342, 'elapsed_time': 76.58017611503601}
2021-10-17 05:58:56,545 multi task weight : 0.7466666666666666
2021-10-17 06:00:13,008 {'epoch': 36, 'lr': 0.0009528893909706786, 'train_loss': 0.00183823570520219, 'mae': 0.30158883, 'elapsed_time': 76.65896797180176}
2021-10-17 06:00:13,199 multi task weight : 0.7479999999999999
2021-10-17 06:01:29,704 {'epoch': 37, 'lr': 0.0009502055995253526, 'train_loss': 0.0016352498302738582, 'mae': 0.2988149, 'elapsed_time': 76.6964099407196}
2021-10-17 06:01:29,893 multi task weight : 0.7493333333333333
2021-10-17 06:02:46,246 {'epoch': 38, 'lr': 0.0009474515049548744, 'train_loss': 0.001565206040751073, 'mae': 0.29003182, 'elapsed_time': 76.54085969924927}
2021-10-17 06:02:46,439 multi task weight : 0.7506666666666666
2021-10-17 06:04:02,389 {'epoch': 39, 'lr': 0.0009446275421627035, 'train_loss': 0.0016131094719219713, 'mae': 0.29944348, 'elapsed_time': 76.14309239387512}
2021-10-17 06:04:02,590 multi task weight : 0.752
2021-10-17 06:05:18,307 {'epoch': 40, 'lr': 0.0009417341570853008, 'train_loss': 0.0015968972045590027, 'mae': 0.27146333, 'elapsed_time': 75.91756224632263}
2021-10-17 06:05:18,494 multi task weight : 0.7533333333333333
2021-10-17 06:06:33,842 {'epoch': 41, 'lr': 0.0009387718066217113, 'train_loss': 0.0015902755338873904, 'mae': 0.33023468, 'elapsed_time': 75.53426122665405}
2021-10-17 06:06:34,029 multi task weight : 0.7546666666666666
2021-10-17 06:07:50,222 {'epoch': 42, 'lr': 0.0009357409585614141, 'train_loss': 0.0015542438232776265, 'mae': 0.29442465, 'elapsed_time': 76.38025522232056}
2021-10-17 06:07:50,412 multi task weight : 0.756
2021-10-17 06:09:06,409 {'epoch': 43, 'lr': 0.0009326420915104522, 'train_loss': 0.001608073955798007, 'mae': 0.26453346, 'elapsed_time': 76.186448097229}
2021-10-17 06:09:06,603 multi task weight : 0.7573333333333334
2021-10-17 06:10:22,871 {'epoch': 44, 'lr': 0.0009294756948158567, 'train_loss': 0.0014705594554987864, 'mae': 0.26603135, 'elapsed_time': 76.46126127243042}
2021-10-17 06:10:23,058 multi task weight : 0.7586666666666666
2021-10-17 06:11:38,465 {'epoch': 45, 'lr': 0.0009262422684883714, 'train_loss': 0.0015694944273169425, 'mae': 0.32636565, 'elapsed_time': 75.59360861778259}
2021-10-17 06:11:38,680 multi task weight : 0.76
2021-10-17 06:12:54,198 {'epoch': 46, 'lr': 0.0009229423231234963, 'train_loss': 0.00144389750296466, 'mae': 0.25134578, 'elapsed_time': 75.73228812217712}
2021-10-17 06:12:54,824 multi task weight : 0.7613333333333333
2021-10-17 06:14:10,615 {'epoch': 47, 'lr': 0.0009195763798208591, 'train_loss': 0.0014297620883992842, 'mae': 0.25084558, 'elapsed_time': 75.97291493415833}
2021-10-17 06:14:11,265 multi task weight : 0.7626666666666666
2021-10-17 06:15:27,406 {'epoch': 48, 'lr': 0.0009161449701019262, 'train_loss': 0.0014741574517143255, 'mae': 0.25509775, 'elapsed_time': 76.3328104019165}
2021-10-17 06:15:27,605 multi task weight : 0.764
2021-10-17 06:16:43,689 {'epoch': 49, 'lr': 0.0009126486358260705, 'train_loss': 0.0015373612505323923, 'mae': 0.26484266, 'elapsed_time': 76.28337931632996}
2021-10-17 06:16:43,882 multi task weight : 0.7653333333333333
2021-10-17 06:17:59,282 {'epoch': 50, 'lr': 0.000909087929105005, 'train_loss': 0.0014090763406199758, 'mae': 0.24131627, 'elapsed_time': 75.59189462661743}
2021-10-17 06:17:59,935 multi task weight : 0.7666666666666666
2021-10-17 06:19:15,883 {'epoch': 51, 'lr': 0.0009054634122155979, 'train_loss': 0.001479540609509602, 'mae': 0.26021197, 'elapsed_time': 76.15519666671753}
2021-10-17 06:19:16,076 multi task weight : 0.768
2021-10-17 06:20:32,191 {'epoch': 52, 'lr': 0.0009017756575110829, 'train_loss': 0.0014262218986168217, 'mae': 0.26788688, 'elapsed_time': 76.30706310272217}
2021-10-17 06:20:32,380 multi task weight : 0.7693333333333333
2021-10-17 06:21:48,430 {'epoch': 53, 'lr': 0.0008980252473306773, 'train_loss': 0.001399895491299446, 'mae': 0.29987627, 'elapsed_time': 76.23925137519836}
2021-10-17 06:21:48,617 multi task weight : 0.7706666666666666
2021-10-17 06:23:04,688 {'epoch': 54, 'lr': 0.0008942127739076252, 'train_loss': 0.001369736862546012, 'mae': 0.22840959, 'elapsed_time': 76.25699186325073}
2021-10-17 06:23:05,351 multi task weight : 0.772
2021-10-17 06:24:21,810 {'epoch': 55, 'lr': 0.0008903388392756755, 'train_loss': 0.0014136471133247125, 'mae': 0.22644249, 'elapsed_time': 76.65109586715698}
2021-10-17 06:24:22,495 multi task weight : 0.7733333333333332
2021-10-17 06:25:39,351 {'epoch': 56, 'lr': 0.0008864040551740145, 'train_loss': 0.0013909691950890148, 'mae': 0.25190732, 'elapsed_time': 77.05802345275879}
2021-10-17 06:25:39,549 multi task weight : 0.7746666666666666
2021-10-17 06:26:56,672 {'epoch': 57, 'lr': 0.0008824090429506656, 'train_loss': 0.001415880598162404, 'mae': 0.22863422, 'elapsed_time': 77.31982064247131}
2021-10-17 06:26:56,870 multi task weight : 0.776
2021-10-17 06:28:13,542 {'epoch': 58, 'lr': 0.0008783544334643704, 'train_loss': 0.0012731243161925264, 'mae': 0.2550389, 'elapsed_time': 76.87010312080383}
2021-10-17 06:28:13,755 multi task weight : 0.7773333333333332
2021-10-17 06:29:30,480 {'epoch': 59, 'lr': 0.0008742408669849691, 'train_loss': 0.0012886709354032815, 'mae': 0.25149238, 'elapsed_time': 76.93711543083191}
2021-10-17 06:29:30,682 multi task weight : 0.7786666666666666
2021-10-17 06:30:46,631 {'epoch': 60, 'lr': 0.0008700689930922951, 'train_loss': 0.0013617941513509447, 'mae': 0.26560962, 'elapsed_time': 76.1506199836731}
2021-10-17 06:30:46,822 multi task weight : 0.78
2021-10-17 06:32:03,106 {'epoch': 61, 'lr': 0.0008658394705735977, 'train_loss': 0.001271819787419656, 'mae': 0.23071118, 'elapsed_time': 76.47475671768188}
2021-10-17 06:32:03,323 multi task weight : 0.7813333333333332
2021-10-17 06:33:19,472 {'epoch': 62, 'lr': 0.0008615529673195128, 'train_loss': 0.0011922767241420613, 'mae': 0.21495311, 'elapsed_time': 76.36588311195374}
2021-10-17 06:33:20,108 multi task weight : 0.7826666666666666
2021-10-17 06:34:36,027 {'epoch': 63, 'lr': 0.0008572101602185953, 'train_loss': 0.001231384357083231, 'mae': 0.2225965, 'elapsed_time': 76.10562324523926}
2021-10-17 06:34:36,212 multi task weight : 0.784
2021-10-17 06:35:51,742 {'epoch': 64, 'lr': 0.0008528117350504294, 'train_loss': 0.0013981701767922553, 'mae': 0.21942851, 'elapsed_time': 75.71528601646423}
2021-10-17 06:35:51,940 multi task weight : 0.7853333333333332
2021-10-17 06:37:07,750 {'epoch': 65, 'lr': 0.0008483583863773374, 'train_loss': 0.0011579937119508437, 'mae': 0.21920386, 'elapsed_time': 76.00722289085388}
2021-10-17 06:37:07,960 multi task weight : 0.7866666666666666
2021-10-17 06:38:23,876 {'epoch': 66, 'lr': 0.0008438508174346998, 'train_loss': 0.0012141476316788562, 'mae': 0.22071236, 'elapsed_time': 76.12569832801819}
2021-10-17 06:38:24,059 multi task weight : 0.788
2021-10-17 06:39:39,981 {'epoch': 67, 'lr': 0.0008392897400199059, 'train_loss': 0.0012438903241174517, 'mae': 0.27492365, 'elapsed_time': 76.10467219352722}
2021-10-17 06:39:40,182 multi task weight : 0.7893333333333333
2021-10-17 06:40:56,002 {'epoch': 68, 'lr': 0.0008346758743799535, 'train_loss': 0.0012373622420451908, 'mae': 0.21033499, 'elapsed_time': 76.02052855491638}
2021-10-17 06:40:56,654 multi task weight : 0.7906666666666666
2021-10-17 06:42:12,614 {'epoch': 69, 'lr': 0.0008300099490977124, 'train_loss': 0.001125278594706768, 'mae': 0.2248669, 'elapsed_time': 76.16644024848938}
2021-10-17 06:42:12,801 multi task weight : 0.792
2021-10-17 06:43:28,796 {'epoch': 70, 'lr': 0.000825292700976874, 'train_loss': 0.001124445357865415, 'mae': 0.20965561, 'elapsed_time': 76.18218564987183}
2021-10-17 06:43:29,421 multi task weight : 0.7933333333333333
2021-10-17 06:44:44,776 {'epoch': 71, 'lr': 0.0008205248749256004, 'train_loss': 0.0011924433039909883, 'mae': 0.2217532, 'elapsed_time': 75.53950643539429}
2021-10-17 06:44:44,970 multi task weight : 0.7946666666666666
2021-10-17 06:46:00,961 {'epoch': 72, 'lr': 0.0008157072238388957, 'train_loss': 0.0012303442052998157, 'mae': 0.21298157, 'elapsed_time': 76.18535304069519}
2021-10-17 06:46:01,146 multi task weight : 0.796
2021-10-17 06:47:16,677 {'epoch': 73, 'lr': 0.0008108405084797145, 'train_loss': 0.001377593449793998, 'mae': 0.43473724, 'elapsed_time': 75.71484112739563}
2021-10-17 06:47:16,862 multi task weight : 0.7973333333333333
2021-10-17 06:48:32,589 {'epoch': 74, 'lr': 0.0008059254973588287, 'train_loss': 0.001239886342852103, 'mae': 0.2171773, 'elapsed_time': 75.91189813613892}
2021-10-17 06:48:32,781 multi task weight : 0.7986666666666666
2021-10-17 06:49:48,706 {'epoch': 75, 'lr': 0.0008009629666134708, 'train_loss': 0.001069036291293785, 'mae': 0.1973065, 'elapsed_time': 76.1161241531372}
2021-10-17 06:49:49,339 multi task weight : 0.8
2021-10-17 06:51:05,424 {'epoch': 76, 'lr': 0.0007959536998847731, 'train_loss': 0.001057178350727119, 'mae': 0.20561627, 'elapsed_time': 76.27718448638916}
2021-10-17 06:51:05,617 multi task weight : 0.8013333333333333
2021-10-17 06:52:21,683 {'epoch': 77, 'lr': 0.0007908984881940213, 'train_loss': 0.0011719829734288911, 'mae': 0.21950005, 'elapsed_time': 76.25790071487427}
2021-10-17 06:52:21,870 multi task weight : 0.8026666666666666
2021-10-17 06:53:37,333 {'epoch': 78, 'lr': 0.0007857981298177435, 'train_loss': 0.0011283342500024082, 'mae': 0.19578438, 'elapsed_time': 75.65013217926025}
2021-10-17 06:53:37,996 multi task weight : 0.804
2021-10-17 06:54:53,818 {'epoch': 79, 'lr': 0.000780653430161652, 'train_loss': 0.00103996335556564, 'mae': 0.20403887, 'elapsed_time': 76.03602409362793}
2021-10-17 06:54:54,018 multi task weight : 0.8053333333333333
2021-10-17 06:56:09,586 {'epoch': 80, 'lr': 0.0007754652016334621, 'train_loss': 0.0010706862884050888, 'mae': 0.21427251, 'elapsed_time': 75.76735091209412}
2021-10-17 06:56:09,785 multi task weight : 0.8066666666666666
2021-10-17 06:57:25,310 {'epoch': 81, 'lr': 0.0007702342635146022, 'train_loss': 0.001184131390235533, 'mae': 0.20021614, 'elapsed_time': 75.72434449195862}
2021-10-17 06:57:25,515 multi task weight : 0.808
2021-10-17 06:58:41,125 {'epoch': 82, 'lr': 0.0007649614418308403, 'train_loss': 0.0010656505277549454, 'mae': 0.19747609, 'elapsed_time': 75.81399202346802}
2021-10-17 06:58:41,312 multi task weight : 0.8093333333333333
2021-10-17 06:59:57,211 {'epoch': 83, 'lr': 0.0007596475692218447, 'train_loss': 0.0009625531365197569, 'mae': 0.20801204, 'elapsed_time': 76.08541464805603}
2021-10-17 06:59:57,396 multi task weight : 0.8106666666666666
2021-10-17 07:01:12,997 {'epoch': 84, 'lr': 0.0007542934848097005, 'train_loss': 0.0012186460050083376, 'mae': 0.19595747, 'elapsed_time': 75.78596758842468}
2021-10-17 07:01:13,192 multi task weight : 0.812
2021-10-17 07:02:28,837 {'epoch': 85, 'lr': 0.0007489000340664033, 'train_loss': 0.0010062561210583108, 'mae': 0.2068687, 'elapsed_time': 75.8392436504364}
2021-10-17 07:02:29,028 multi task weight : 0.8133333333333334
2021-10-17 07:03:44,657 {'epoch': 86, 'lr': 0.000743468068680348, 'train_loss': 0.00096805883217245, 'mae': 0.18735246, 'elapsed_time': 75.81992363929749}
2021-10-17 07:03:45,310 multi task weight : 0.8146666666666667
2021-10-17 07:05:01,520 {'epoch': 87, 'lr': 0.0007379984464218386, 'train_loss': 0.0009238777166223827, 'mae': 0.19371478, 'elapsed_time': 76.41545248031616}
2021-10-17 07:05:01,708 multi task weight : 0.8160000000000001
2021-10-17 07:06:18,379 {'epoch': 88, 'lr': 0.0007324920310076356, 'train_loss': 0.0009458298474609496, 'mae': 0.20855132, 'elapsed_time': 76.85861897468567}
2021-10-17 07:06:18,567 multi task weight : 0.8173333333333334
2021-10-17 07:07:35,041 {'epoch': 89, 'lr': 0.0007269496919645652, 'train_loss': 0.001048738668031492, 'mae': 0.21988577, 'elapsed_time': 76.66122174263}
2021-10-17 07:07:35,250 multi task weight : 0.8186666666666667
2021-10-17 07:08:51,377 {'epoch': 90, 'lr': 0.0007213723044922109, 'train_loss': 0.0010023200215439753, 'mae': 0.21994925, 'elapsed_time': 76.33607411384583}
2021-10-17 07:08:51,579 multi task weight : 0.8200000000000001
2021-10-17 07:10:08,088 {'epoch': 91, 'lr': 0.0007157607493247101, 'train_loss': 0.0009361081370914748, 'mae': 0.18907027, 'elapsed_time': 76.71071076393127}
2021-10-17 07:10:08,277 multi task weight : 0.8213333333333334
2021-10-17 07:11:24,553 {'epoch': 92, 'lr': 0.0007101159125916748, 'train_loss': 0.0009280511221895951, 'mae': 0.1864731, 'elapsed_time': 76.46401405334473}
2021-10-17 07:11:25,207 multi task weight : 0.8226666666666667
2021-10-17 07:12:41,333 {'epoch': 93, 'lr': 0.0007044386856782622, 'train_loss': 0.0009504740788663674, 'mae': 0.20818028, 'elapsed_time': 76.33883476257324}
2021-10-17 07:12:41,535 multi task weight : 0.8240000000000001
2021-10-17 07:13:57,692 {'epoch': 94, 'lr': 0.0006987299650844144, 'train_loss': 0.000962229486433894, 'mae': 0.18759826, 'elapsed_time': 76.35816836357117}
2021-10-17 07:13:57,891 multi task weight : 0.8253333333333334
2021-10-17 07:15:14,101 {'epoch': 95, 'lr': 0.0006929906522832908, 'train_loss': 0.0008709458313324422, 'mae': 0.18835802, 'elapsed_time': 76.40909218788147}
2021-10-17 07:15:14,302 multi task weight : 0.8266666666666667
2021-10-17 07:16:30,682 {'epoch': 96, 'lr': 0.0006872216535789149, 'train_loss': 0.0008755680050199754, 'mae': 0.1860883, 'elapsed_time': 76.58066415786743}
2021-10-17 07:16:31,316 multi task weight : 0.8280000000000001
2021-10-17 07:17:47,769 {'epoch': 97, 'lr': 0.0006814238799630584, 'train_loss': 0.0008342288671502063, 'mae': 0.18991652, 'elapsed_time': 76.65843081474304}
2021-10-17 07:17:47,959 multi task weight : 0.8293333333333333
2021-10-17 07:19:03,834 {'epoch': 98, 'lr': 0.0006755982469713853, 'train_loss': 0.000956589999164944, 'mae': 0.21789539, 'elapsed_time': 76.06429171562195}
2021-10-17 07:19:04,020 multi task weight : 0.8306666666666667
2021-10-17 07:20:20,230 {'epoch': 99, 'lr': 0.0006697456745388777, 'train_loss': 0.0008814072822738437, 'mae': 0.19108768, 'elapsed_time': 76.39562320709229}
2021-10-17 07:20:20,430 multi task weight : 0.8320000000000001
2021-10-17 07:21:36,241 {'epoch': 100, 'lr': 0.000663867086854568, 'train_loss': 0.00082749923440579, 'mae': 0.1905639, 'elapsed_time': 76.01029467582703}
2021-10-17 07:21:36,430 multi task weight : 0.8333333333333333
2021-10-17 07:22:52,558 {'epoch': 101, 'lr': 0.0006579634122155984, 'train_loss': 0.0008257732466801339, 'mae': 0.18466356, 'elapsed_time': 76.31670904159546}
2021-10-17 07:22:53,200 multi task weight : 0.8346666666666667
2021-10-17 07:24:09,373 {'epoch': 102, 'lr': 0.0006520355828806316, 'train_loss': 0.0008360633753719039, 'mae': 0.18944883, 'elapsed_time': 76.38059997558594}
2021-10-17 07:24:09,563 multi task weight : 0.8360000000000001
2021-10-17 07:25:25,847 {'epoch': 103, 'lr': 0.0006460845349226375, 'train_loss': 0.0008423924325138942, 'mae': 0.18279691, 'elapsed_time': 76.47313022613525}
2021-10-17 07:25:26,476 multi task weight : 0.8373333333333333
2021-10-17 07:26:42,642 {'epoch': 104, 'lr': 0.0006401112080810754, 'train_loss': 0.0007781266625489203, 'mae': 0.21000531, 'elapsed_time': 76.3509509563446}
2021-10-17 07:26:42,868 multi task weight : 0.8386666666666667
2021-10-17 07:27:58,951 {'epoch': 105, 'lr': 0.0006341165456134983, 'train_loss': 0.0008075467920001174, 'mae': 0.18391232, 'elapsed_time': 76.30873727798462}
2021-10-17 07:27:59,137 multi task weight : 0.8400000000000001
2021-10-17 07:29:15,086 {'epoch': 106, 'lr': 0.0006281014941466025, 'train_loss': 0.0007664200097490337, 'mae': 0.18074727, 'elapsed_time': 76.13432097434998}
2021-10-17 07:29:15,747 multi task weight : 0.8413333333333333
2021-10-17 07:30:31,600 {'epoch': 107, 'lr': 0.0006220670035267433, 'train_loss': 0.000765280404811351, 'mae': 0.19639304, 'elapsed_time': 76.05605292320251}
2021-10-17 07:30:31,787 multi task weight : 0.8426666666666667
2021-10-17 07:31:47,583 {'epoch': 108, 'lr': 0.0006160140266699433, 'train_loss': 0.0007672669432657376, 'mae': 0.18051521, 'elapsed_time': 75.98319387435913}
2021-10-17 07:31:48,222 multi task weight : 0.8440000000000001
2021-10-17 07:33:04,292 {'epoch': 109, 'lr': 0.0006099435194114167, 'train_loss': 0.0007509510986373628, 'mae': 0.18039738, 'elapsed_time': 76.27559494972229}
2021-10-17 07:33:04,933 multi task weight : 0.8453333333333333
2021-10-17 07:34:21,006 {'epoch': 110, 'lr': 0.0006038564403546311, 'train_loss': 0.0009068011889460072, 'mae': 0.20135494, 'elapsed_time': 76.26843428611755}
2021-10-17 07:34:21,196 multi task weight : 0.8466666666666667
2021-10-17 07:35:37,086 {'epoch': 111, 'lr': 0.0005977537507199332, 'train_loss': 0.0007948949523245443, 'mae': 0.17751996, 'elapsed_time': 76.07910895347595}
2021-10-17 07:35:37,734 multi task weight : 0.8480000000000001
2021-10-17 07:36:53,445 {'epoch': 112, 'lr': 0.0005916364141927612, 'train_loss': 0.0007452933341165976, 'mae': 0.18803082, 'elapsed_time': 75.9126672744751}
2021-10-17 07:36:53,645 multi task weight : 0.8493333333333333
2021-10-17 07:38:09,341 {'epoch': 113, 'lr': 0.000585505396771467, 'train_loss': 0.0009023761332301686, 'mae': 0.18358938, 'elapsed_time': 75.89554357528687}
2021-10-17 07:38:09,544 multi task weight : 0.8506666666666667
2021-10-17 07:39:25,545 {'epoch': 114, 'lr': 0.0005793616666147743, 'train_loss': 0.0008106752990629596, 'mae': 0.17785895, 'elapsed_time': 76.20423531532288}
2021-10-17 07:39:25,726 multi task weight : 0.8520000000000001
2021-10-17 07:40:41,778 {'epoch': 115, 'lr': 0.0005732061938888954, 'train_loss': 0.000708814204415594, 'mae': 0.17850788, 'elapsed_time': 76.2322154045105}
2021-10-17 07:40:41,967 multi task weight : 0.8533333333333333
2021-10-17 07:41:57,963 {'epoch': 116, 'lr': 0.0005670399506143301, 'train_loss': 0.0007027779105307646, 'mae': 0.1786454, 'elapsed_time': 76.18474626541138}
2021-10-17 07:41:58,152 multi task weight : 0.8546666666666667
2021-10-17 07:43:13,883 {'epoch': 117, 'lr': 0.0005608639105123728, 'train_loss': 0.0006801109236397832, 'mae': 0.17292702, 'elapsed_time': 75.9193172454834}
2021-10-17 07:43:14,506 multi task weight : 0.8560000000000001
2021-10-17 07:44:30,729 {'epoch': 118, 'lr': 0.0005546790488513508, 'train_loss': 0.0006841254684113761, 'mae': 0.17770424, 'elapsed_time': 76.40973424911499}
2021-10-17 07:44:30,942 multi task weight : 0.8573333333333333
2021-10-17 07:45:46,737 {'epoch': 119, 'lr': 0.0005484863422926174, 'train_loss': 0.0006893619811045088, 'mae': 0.17719416, 'elapsed_time': 76.00721669197083}
2021-10-17 07:45:46,942 multi task weight : 0.8586666666666667
2021-10-17 07:47:02,910 {'epoch': 120, 'lr': 0.0005422867687363261, 'train_loss': 0.0006692246824621444, 'mae': 0.18365915, 'elapsed_time': 76.17233943939209}
2021-10-17 07:47:03,099 multi task weight : 0.8600000000000001
2021-10-17 07:48:18,700 {'epoch': 121, 'lr': 0.0005360813071670096, 'train_loss': 0.0006665944376672791, 'mae': 0.17480817, 'elapsed_time': 75.79045581817627}
2021-10-17 07:48:18,910 multi task weight : 0.8613333333333333
2021-10-17 07:49:34,641 {'epoch': 122, 'lr': 0.0005298709374989853, 'train_loss': 0.0006603749986118319, 'mae': 0.17423579, 'elapsed_time': 75.94031643867493}
2021-10-17 07:49:34,824 multi task weight : 0.8626666666666667
2021-10-17 07:50:50,325 {'epoch': 123, 'lr': 0.000523656640421617, 'train_loss': 0.0006549157178791016, 'mae': 0.17500617, 'elapsed_time': 75.68371081352234}
2021-10-17 07:50:50,525 multi task weight : 0.864
2021-10-17 07:52:06,229 {'epoch': 124, 'lr': 0.0005174393972444516, 'train_loss': 0.0006536100701613486, 'mae': 0.17686918, 'elapsed_time': 75.90312433242798}
2021-10-17 07:52:06,409 multi task weight : 0.8653333333333333
2021-10-17 07:53:22,117 {'epoch': 125, 'lr': 0.0005112201897422591, 'train_loss': 0.0006598250930567227, 'mae': 0.1739835, 'elapsed_time': 75.88757276535034}
2021-10-17 07:53:22,305 multi task weight : 0.8666666666666666
2021-10-17 07:54:37,976 {'epoch': 126, 'lr': 0.0005049999999999995, 'train_loss': 0.0006443070520562317, 'mae': 0.17530875, 'elapsed_time': 75.85914015769958}
2021-10-17 07:54:38,167 multi task weight : 0.868
2021-10-17 07:55:54,015 {'epoch': 127, 'lr': 0.0004987798102577399, 'train_loss': 0.0006401055547389627, 'mae': 0.17190948, 'elapsed_time': 76.03789854049683}
2021-10-17 07:55:54,637 multi task weight : 0.8693333333333333
2021-10-17 07:57:10,427 {'epoch': 128, 'lr': 0.0004925606027555475, 'train_loss': 0.0006329612338617988, 'mae': 0.17304258, 'elapsed_time': 75.97420525550842}
2021-10-17 07:57:10,605 multi task weight : 0.8706666666666667
2021-10-17 07:58:26,201 {'epoch': 129, 'lr': 0.00048634335957838186, 'train_loss': 0.0006264153917334268, 'mae': 0.17345974, 'elapsed_time': 75.77450180053711}
2021-10-17 07:58:26,400 multi task weight : 0.872
2021-10-17 07:59:42,104 {'epoch': 130, 'lr': 0.0004801290625010136, 'train_loss': 0.0006181702351677766, 'mae': 0.17169102, 'elapsed_time': 75.90265130996704}
2021-10-17 07:59:42,725 multi task weight : 0.8733333333333333
2021-10-17 08:00:58,591 {'epoch': 131, 'lr': 0.00047391869283298953, 'train_loss': 0.0006090107052343187, 'mae': 0.17192034, 'elapsed_time': 76.06284427642822}
2021-10-17 08:00:58,776 multi task weight : 0.8746666666666667
2021-10-17 08:02:14,542 {'epoch': 132, 'lr': 0.0004677132312636728, 'train_loss': 0.0005952615750061114, 'mae': 0.17255901, 'elapsed_time': 75.95044565200806}
2021-10-17 08:02:14,742 multi task weight : 0.876
2021-10-17 08:03:29,950 {'epoch': 133, 'lr': 0.00046151365770738165, 'train_loss': 0.0005908921351711864, 'mae': 0.17088343, 'elapsed_time': 75.406898021698}
2021-10-17 08:03:30,578 multi task weight : 0.8773333333333333
2021-10-17 08:04:46,066 {'epoch': 134, 'lr': 0.0004553209511486482, 'train_loss': 0.0005920146672811786, 'mae': 0.17194247, 'elapsed_time': 75.67730712890625}
2021-10-17 08:04:46,267 multi task weight : 0.8786666666666667
2021-10-17 08:06:01,495 {'epoch': 135, 'lr': 0.00044913608948762607, 'train_loss': 0.0005780645388791386, 'mae': 0.17066066, 'elapsed_time': 75.4281325340271}
2021-10-17 08:06:02,117 multi task weight : 0.88
2021-10-17 08:07:18,213 {'epoch': 136, 'lr': 0.00044296004938566895, 'train_loss': 0.000601804482758618, 'mae': 0.1826898, 'elapsed_time': 76.28584408760071}
2021-10-17 08:07:18,396 multi task weight : 0.8813333333333333
2021-10-17 08:08:33,893 {'epoch': 137, 'lr': 0.0004367938061111037, 'train_loss': 0.0006048530256258407, 'mae': 0.17107575, 'elapsed_time': 75.6793954372406}
2021-10-17 08:08:34,081 multi task weight : 0.8826666666666667
2021-10-17 08:09:49,856 {'epoch': 138, 'lr': 0.00043063833338522476, 'train_loss': 0.0005617229159331385, 'mae': 0.16939297, 'elapsed_time': 75.9623396396637}
2021-10-17 08:09:50,473 multi task weight : 0.884
2021-10-17 08:11:06,032 {'epoch': 139, 'lr': 0.00042449460322853215, 'train_loss': 0.000550006391113961, 'mae': 0.17023997, 'elapsed_time': 75.74275374412537}
2021-10-17 08:11:06,232 multi task weight : 0.8853333333333333
2021-10-17 08:12:21,910 {'epoch': 140, 'lr': 0.00041836358580723794, 'train_loss': 0.0005500222081682633, 'mae': 0.17040372, 'elapsed_time': 75.87703847885132}
2021-10-17 08:12:22,103 multi task weight : 0.8866666666666667
2021-10-17 08:13:37,826 {'epoch': 141, 'lr': 0.00041224624928006584, 'train_loss': 0.0005403256030831019, 'mae': 0.17124355, 'elapsed_time': 75.91582942008972}
2021-10-17 08:13:38,007 multi task weight : 0.888
2021-10-17 08:14:53,663 {'epoch': 142, 'lr': 0.0004061435596453681, 'train_loss': 0.000541156045895013, 'mae': 0.16676284, 'elapsed_time': 75.83660244941711}
2021-10-17 08:14:54,268 multi task weight : 0.8893333333333333
2021-10-17 08:16:09,813 {'epoch': 143, 'lr': 0.0004000564805885825, 'train_loss': 0.0005281161439757501, 'mae': 0.16903315, 'elapsed_time': 75.72410798072815}
2021-10-17 08:16:09,998 multi task weight : 0.8906666666666667
2021-10-17 08:17:25,734 {'epoch': 144, 'lr': 0.00039398597333005584, 'train_loss': 0.0005234005304289188, 'mae': 0.16998136, 'elapsed_time': 75.92055869102478}
2021-10-17 08:17:25,913 multi task weight : 0.892
2021-10-17 08:18:41,231 {'epoch': 145, 'lr': 0.00038793299647325586, 'train_loss': 0.0005256416659982415, 'mae': 0.16834456, 'elapsed_time': 75.49666857719421}
2021-10-17 08:18:41,418 multi task weight : 0.8933333333333333
2021-10-17 08:19:56,878 {'epoch': 146, 'lr': 0.00038189850585339653, 'train_loss': 0.0005199746457110619, 'mae': 0.16813253, 'elapsed_time': 75.64608812332153}
2021-10-17 08:19:57,062 multi task weight : 0.8946666666666667
2021-10-17 08:21:12,842 {'epoch': 147, 'lr': 0.0003758834543865006, 'train_loss': 0.0005064315773605945, 'mae': 0.1669187, 'elapsed_time': 75.96360659599304}
2021-10-17 08:21:13,033 multi task weight : 0.896
2021-10-17 08:22:28,578 {'epoch': 148, 'lr': 0.0003698887919189236, 'train_loss': 0.0005070083257430551, 'mae': 0.16877946, 'elapsed_time': 75.73581957817078}
2021-10-17 08:22:28,762 multi task weight : 0.8973333333333333
2021-10-17 08:23:44,006 {'epoch': 149, 'lr': 0.0003639154650773614, 'train_loss': 0.0005029373863962527, 'mae': 0.16411398, 'elapsed_time': 75.42709755897522}
2021-10-17 08:23:44,625 multi task weight : 0.8986666666666667
2021-10-17 08:25:00,134 {'epoch': 150, 'lr': 0.00035796441711936726, 'train_loss': 0.0004905934170915481, 'mae': 0.16660017, 'elapsed_time': 75.69256830215454}
2021-10-17 08:25:00,314 multi task weight : 0.9
2021-10-17 08:26:16,243 {'epoch': 151, 'lr': 0.00035203658778440065, 'train_loss': 0.0004782328590123641, 'mae': 0.16610235, 'elapsed_time': 76.10857272148132}
2021-10-17 08:26:16,424 multi task weight : 0.9
2021-10-17 08:27:32,377 {'epoch': 152, 'lr': 0.00034613291314543093, 'train_loss': 0.0004833375056248931, 'mae': 0.16626325, 'elapsed_time': 76.1337218284607}
2021-10-17 08:27:32,563 multi task weight : 0.9
2021-10-17 08:28:47,849 {'epoch': 153, 'lr': 0.00034025432546112123, 'train_loss': 0.00046956614264693776, 'mae': 0.1649969, 'elapsed_time': 75.47201037406921}
2021-10-17 08:28:48,033 multi task weight : 0.9
2021-10-17 08:30:03,717 {'epoch': 154, 'lr': 0.00033440175302861365, 'train_loss': 0.00046806113320452795, 'mae': 0.17153467, 'elapsed_time': 75.86807084083557}
2021-10-17 08:30:03,912 multi task weight : 0.9
2021-10-17 08:31:19,557 {'epoch': 155, 'lr': 0.00032857612003694053, 'train_loss': 0.0004692702101157192, 'mae': 0.1677912, 'elapsed_time': 75.83909583091736}
2021-10-17 08:31:19,739 multi task weight : 0.9
2021-10-17 08:32:35,330 {'epoch': 156, 'lr': 0.000322778346421084, 'train_loss': 0.00046202101997137467, 'mae': 0.16820918, 'elapsed_time': 75.77249693870544}
2021-10-17 08:32:35,516 multi task weight : 0.9
2021-10-17 08:33:51,031 {'epoch': 157, 'lr': 0.00031700934771670806, 'train_loss': 0.0004575974487553297, 'mae': 0.16440108, 'elapsed_time': 75.70082664489746}
2021-10-17 08:33:51,213 multi task weight : 0.9
2021-10-17 08:35:07,080 {'epoch': 158, 'lr': 0.00031127003491558447, 'train_loss': 0.0004418069032632491, 'mae': 0.16450396, 'elapsed_time': 76.04862070083618}
2021-10-17 08:35:07,262 multi task weight : 0.9
2021-10-17 08:36:22,917 {'epoch': 159, 'lr': 0.00030556131432173654, 'train_loss': 0.00043827538335951374, 'mae': 0.16421387, 'elapsed_time': 75.83657622337341}
2021-10-17 08:36:23,134 multi task weight : 0.9
2021-10-17 08:37:38,725 {'epoch': 160, 'lr': 0.00029988408740832395, 'train_loss': 0.0004356492295950118, 'mae': 0.16472247, 'elapsed_time': 75.8080644607544}
2021-10-17 08:37:38,931 multi task weight : 0.9
2021-10-17 08:38:54,463 {'epoch': 161, 'lr': 0.0002942392506752886, 'train_loss': 0.0004309564296864689, 'mae': 0.16412994, 'elapsed_time': 75.73759508132935}
2021-10-17 08:38:54,641 multi task weight : 0.9
2021-10-17 08:40:10,479 {'epoch': 162, 'lr': 0.00028862769550778793, 'train_loss': 0.00042500774702581846, 'mae': 0.16317753, 'elapsed_time': 76.01559853553772}
2021-10-17 08:40:11,107 multi task weight : 0.9
2021-10-17 08:41:26,674 {'epoch': 163, 'lr': 0.0002830503080354337, 'train_loss': 0.0004251977658384363, 'mae': 0.16650917, 'elapsed_time': 75.75009226799011}
2021-10-17 08:41:26,852 multi task weight : 0.9
2021-10-17 08:42:42,488 {'epoch': 164, 'lr': 0.00027750796899236315, 'train_loss': 0.0004132528653562148, 'mae': 0.16306111, 'elapsed_time': 75.81347513198853}
2021-10-17 08:42:43,102 multi task weight : 0.9
2021-10-17 08:43:58,623 {'epoch': 165, 'lr': 0.00027200155357816016, 'train_loss': 0.0004062376940478506, 'mae': 0.16433531, 'elapsed_time': 75.70189332962036}
2021-10-17 08:43:58,815 multi task weight : 0.9
2021-10-17 08:45:14,400 {'epoch': 166, 'lr': 0.0002665319313196507, 'train_loss': 0.00040930887570665166, 'mae': 0.16270927, 'elapsed_time': 75.77679109573364}
2021-10-17 08:45:15,028 multi task weight : 0.9
2021-10-17 08:46:30,482 {'epoch': 167, 'lr': 0.0002610999659335952, 'train_loss': 0.0003938277966711322, 'mae': 0.16276923, 'elapsed_time': 75.6471598148346}
2021-10-17 08:46:30,664 multi task weight : 0.9
2021-10-17 08:47:46,204 {'epoch': 168, 'lr': 0.00025570651519029805, 'train_loss': 0.0003940824040929516, 'mae': 0.16295815, 'elapsed_time': 75.72181582450867}
2021-10-17 08:47:46,399 multi task weight : 0.9
2021-10-17 08:49:01,931 {'epoch': 169, 'lr': 0.0002503524307781539, 'train_loss': 0.00039322457589194266, 'mae': 0.16448987, 'elapsed_time': 75.72713255882263}
2021-10-17 08:49:02,111 multi task weight : 0.9
2021-10-17 08:50:17,538 {'epoch': 170, 'lr': 0.00024503855816915824, 'train_loss': 0.00038904796500743974, 'mae': 0.16161838, 'elapsed_time': 75.60658478736877}
2021-10-17 08:50:18,181 multi task weight : 0.9
2021-10-17 08:51:33,940 {'epoch': 171, 'lr': 0.00023976573648539645, 'train_loss': 0.0003778917927880055, 'mae': 0.16209373, 'elapsed_time': 75.97241306304932}
2021-10-17 08:51:34,133 multi task weight : 0.9
2021-10-17 08:52:49,626 {'epoch': 172, 'lr': 0.00023453479836653654, 'train_loss': 0.0003744208507580501, 'mae': 0.1637486, 'elapsed_time': 75.68607378005981}
2021-10-17 08:52:49,827 multi task weight : 0.9
2021-10-17 08:54:05,261 {'epoch': 173, 'lr': 0.00022934656983834663, 'train_loss': 0.0003732945028793701, 'mae': 0.16359612, 'elapsed_time': 75.63502979278564}
2021-10-17 08:54:05,456 multi task weight : 0.9
2021-10-17 08:55:21,185 {'epoch': 174, 'lr': 0.00022420187018225534, 'train_loss': 0.00036472985965327527, 'mae': 0.16237865, 'elapsed_time': 75.92296838760376}
2021-10-17 08:55:21,369 multi task weight : 0.9
2021-10-17 08:56:37,073 {'epoch': 175, 'lr': 0.00021910151180597735, 'train_loss': 0.0003662418463619795, 'mae': 0.16247699, 'elapsed_time': 75.88821959495544}
2021-10-17 08:56:37,259 multi task weight : 0.9
2021-10-17 08:57:52,663 {'epoch': 176, 'lr': 0.00021404630011522558, 'train_loss': 0.0003584963384326955, 'mae': 0.1625077, 'elapsed_time': 75.58933162689209}
2021-10-17 08:57:52,843 multi task weight : 0.9
2021-10-17 08:59:08,632 {'epoch': 177, 'lr': 0.00020903703338652808, 'train_loss': 0.0003526878654290265, 'mae': 0.16136283, 'elapsed_time': 75.9686541557312}
2021-10-17 08:59:09,258 multi task weight : 0.9
2021-10-17 09:00:24,593 {'epoch': 178, 'lr': 0.00020407450264117003, 'train_loss': 0.00034627561828379526, 'mae': 0.16064177, 'elapsed_time': 75.52606058120728}
2021-10-17 09:00:25,217 multi task weight : 0.9
2021-10-17 09:01:40,516 {'epoch': 179, 'lr': 0.00019915949152028416, 'train_loss': 0.00034478999220076737, 'mae': 0.16129349, 'elapsed_time': 75.49115633964539}
2021-10-17 09:01:40,698 multi task weight : 0.9
2021-10-17 09:02:56,728 {'epoch': 180, 'lr': 0.0001942927761611031, 'train_loss': 0.00034273133413820493, 'mae': 0.16137873, 'elapsed_time': 76.21123743057251}
2021-10-17 09:02:56,921 multi task weight : 0.9
2021-10-17 09:04:12,573 {'epoch': 181, 'lr': 0.00018947512507439836, 'train_loss': 0.000336172460035882, 'mae': 0.15993306, 'elapsed_time': 75.84443950653076}
2021-10-17 09:04:13,186 multi task weight : 0.9
2021-10-17 09:05:28,787 {'epoch': 182, 'lr': 0.00018470729902312478, 'train_loss': 0.00033206831697174614, 'mae': 0.16127108, 'elapsed_time': 75.77925062179565}
2021-10-17 09:05:28,968 multi task weight : 0.9
2021-10-17 09:06:44,866 {'epoch': 183, 'lr': 0.00017999005090228642, 'train_loss': 0.0003279297477445356, 'mae': 0.1599071, 'elapsed_time': 76.07842445373535}
2021-10-17 09:06:45,509 multi task weight : 0.9
2021-10-17 09:08:01,328 {'epoch': 184, 'lr': 0.00017532412562004527, 'train_loss': 0.00032596328364274137, 'mae': 0.16165072, 'elapsed_time': 76.01062512397766}
2021-10-17 09:08:01,508 multi task weight : 0.9
2021-10-17 09:09:17,099 {'epoch': 185, 'lr': 0.00017071025998009268, 'train_loss': 0.00032056244392617006, 'mae': 0.1601709, 'elapsed_time': 75.77080082893372}
2021-10-17 09:09:17,279 multi task weight : 0.9
2021-10-17 09:10:32,988 {'epoch': 186, 'lr': 0.00016614918256529904, 'train_loss': 0.0003173875442235141, 'mae': 0.16028212, 'elapsed_time': 75.88832235336304}
2021-10-17 09:10:33,201 multi task weight : 0.9
2021-10-17 09:11:48,956 {'epoch': 187, 'lr': 0.0001616416136226614, 'train_loss': 0.0003149091236471063, 'mae': 0.16019087, 'elapsed_time': 75.96752309799194}
2021-10-17 09:11:49,138 multi task weight : 0.9
2021-10-17 09:13:04,697 {'epoch': 188, 'lr': 0.00015718826494956934, 'train_loss': 0.00031070852494194384, 'mae': 0.16002542, 'elapsed_time': 75.74137043952942}
2021-10-17 09:13:04,889 multi task weight : 0.9
2021-10-17 09:14:20,561 {'epoch': 189, 'lr': 0.00015278983978140356, 'train_loss': 0.00030861059820922577, 'mae': 0.16028208, 'elapsed_time': 75.86319780349731}
2021-10-17 09:14:20,745 multi task weight : 0.9
2021-10-17 09:15:36,764 {'epoch': 190, 'lr': 0.00014844703268048588, 'train_loss': 0.0003014712603090021, 'mae': 0.15983349, 'elapsed_time': 76.20275592803955}
2021-10-17 09:15:37,397 multi task weight : 0.9
2021-10-17 09:16:52,836 {'epoch': 191, 'lr': 0.00014416052942640105, 'train_loss': 0.0003006152115574611, 'mae': 0.1606713, 'elapsed_time': 75.62694382667542}
2021-10-17 09:16:53,020 multi task weight : 0.9
2021-10-17 09:18:08,829 {'epoch': 192, 'lr': 0.00013993100690770378, 'train_loss': 0.00029535041449281696, 'mae': 0.15957685, 'elapsed_time': 75.99246668815613}
2021-10-17 09:18:09,446 multi task weight : 0.9
2021-10-17 09:19:25,263 {'epoch': 193, 'lr': 0.00013575913301502968, 'train_loss': 0.0002924167740574098, 'mae': 0.1597897, 'elapsed_time': 76.00233936309814}
2021-10-17 09:19:25,454 multi task weight : 0.9
2021-10-17 09:20:41,221 {'epoch': 194, 'lr': 0.00013164556653562842, 'train_loss': 0.00029039961669157085, 'mae': 0.1594333, 'elapsed_time': 75.95752167701721}
2021-10-17 09:20:41,832 multi task weight : 0.9
2021-10-17 09:21:57,289 {'epoch': 195, 'lr': 0.00012759095704933325, 'train_loss': 0.00028779381405342444, 'mae': 0.16024387, 'elapsed_time': 75.64316082000732}
2021-10-17 09:21:57,467 multi task weight : 0.9
2021-10-17 09:23:13,254 {'epoch': 196, 'lr': 0.0001235959448259842, 'train_loss': 0.000283512315232087, 'mae': 0.15968616, 'elapsed_time': 75.96517276763916}
2021-10-17 09:23:13,450 multi task weight : 0.9
2021-10-17 09:24:29,165 {'epoch': 197, 'lr': 0.00011966116072432329, 'train_loss': 0.00028141856118246684, 'mae': 0.15897956, 'elapsed_time': 75.91036486625671}
2021-10-17 09:24:29,800 multi task weight : 0.9
2021-10-17 09:25:45,289 {'epoch': 198, 'lr': 0.00011578722609237365, 'train_loss': 0.00027940073087589286, 'mae': 0.15927713, 'elapsed_time': 75.6860294342041}
2021-10-17 09:25:45,472 multi task weight : 0.9
2021-10-17 09:27:01,292 {'epoch': 199, 'lr': 0.00011197475266932134, 'train_loss': 0.00027476567518881925, 'mae': 0.16022943, 'elapsed_time': 76.00276708602905}
2021-10-17 09:27:01,488 multi task weight : 0.9
2021-10-17 09:28:16,951 {'epoch': 200, 'lr': 0.00010822434248891588, 'train_loss': 0.0002723699596058145, 'mae': 0.15906103, 'elapsed_time': 75.65801668167114}
2021-10-17 09:28:17,134 multi task weight : 0.9
2021-10-17 09:29:33,088 {'epoch': 201, 'lr': 0.00010453658778440093, 'train_loss': 0.0002700958015228084, 'mae': 0.15921567, 'elapsed_time': 76.13728213310242}
2021-10-17 09:29:33,286 multi task weight : 0.9
2021-10-17 09:30:49,086 {'epoch': 202, 'lr': 0.00010091207089499381, 'train_loss': 0.0002452878473108083, 'mae': 0.1592706, 'elapsed_time': 75.99753260612488}
2021-10-17 09:30:49,282 multi task weight : 0.9
2021-10-17 09:32:04,613 {'epoch': 203, 'lr': 9.735136417392827e-05, 'train_loss': 0.00024091669912539506, 'mae': 0.15903607, 'elapsed_time': 75.52671980857849}
2021-10-17 09:32:04,798 multi task weight : 0.9
2021-10-17 09:33:20,627 {'epoch': 204, 'lr': 9.385502989807265e-05, 'train_loss': 0.0002366331683976651, 'mae': 0.15861733, 'elapsed_time': 76.01335287094116}
2021-10-17 09:33:21,264 multi task weight : 0.9
2021-10-17 09:34:36,921 {'epoch': 205, 'lr': 9.042362017913976e-05, 'train_loss': 0.0002356358351725332, 'mae': 0.15883757, 'elapsed_time': 75.8598518371582}
2021-10-17 09:34:37,112 multi task weight : 0.9
2021-10-17 09:35:52,539 {'epoch': 206, 'lr': 8.705767687650242e-05, 'train_loss': 0.00023173566310832522, 'mae': 0.1590983, 'elapsed_time': 75.61732053756714}
2021-10-17 09:35:52,724 multi task weight : 0.9
2021-10-17 09:37:08,305 {'epoch': 207, 'lr': 8.375773151162748e-05, 'train_loss': 0.00023003536368478917, 'mae': 0.15913609, 'elapsed_time': 75.76654124259949}
2021-10-17 09:37:08,493 multi task weight : 0.9
2021-10-17 09:38:24,419 {'epoch': 208, 'lr': 8.052430518414211e-05, 'train_loss': 0.000228111663582686, 'mae': 0.15834807, 'elapsed_time': 76.11343884468079}
2021-10-17 09:38:25,023 multi task weight : 0.9
2021-10-17 09:39:40,774 {'epoch': 209, 'lr': 7.735790848954633e-05, 'train_loss': 0.00022518302192399246, 'mae': 0.15856004, 'elapsed_time': 75.93140149116516}
2021-10-17 09:39:40,953 multi task weight : 0.9
2021-10-17 09:40:56,490 {'epoch': 210, 'lr': 7.425904143858468e-05, 'train_loss': 0.00022255542161618344, 'mae': 0.15818126, 'elapsed_time': 75.71583294868469}
2021-10-17 09:40:57,126 multi task weight : 0.9
2021-10-17 09:42:12,708 {'epoch': 211, 'lr': 7.122819337828743e-05, 'train_loss': 0.00021994437798956437, 'mae': 0.15836588, 'elapsed_time': 75.79304838180542}
2021-10-17 09:42:12,897 multi task weight : 0.9
2021-10-17 09:43:28,454 {'epoch': 212, 'lr': 6.826584291469799e-05, 'train_loss': 0.00021830523951933272, 'mae': 0.15830268, 'elapsed_time': 75.74554920196533}
2021-10-17 09:43:28,647 multi task weight : 0.9
2021-10-17 09:44:44,145 {'epoch': 213, 'lr': 6.53724578372954e-05, 'train_loss': 0.00021629329799193668, 'mae': 0.1583895, 'elapsed_time': 75.68992638587952}
2021-10-17 09:44:44,332 multi task weight : 0.9
2021-10-17 09:46:00,101 {'epoch': 214, 'lr': 6.254849504512436e-05, 'train_loss': 0.00021452177241888955, 'mae': 0.1583635, 'elapsed_time': 75.95618867874146}
2021-10-17 09:46:00,279 multi task weight : 0.9
2021-10-17 09:47:15,847 {'epoch': 215, 'lr': 5.979440047464625e-05, 'train_loss': 0.00021249337869864808, 'mae': 0.15864314, 'elapsed_time': 75.74544191360474}
2021-10-17 09:47:16,024 multi task weight : 0.9
2021-10-17 09:48:31,478 {'epoch': 216, 'lr': 5.711060902932035e-05, 'train_loss': 0.00020977568684912344, 'mae': 0.15855742, 'elapsed_time': 75.6307384967804}
2021-10-17 09:48:31,676 multi task weight : 0.9
2021-10-17 09:49:47,160 {'epoch': 217, 'lr': 5.449754451092709e-05, 'train_loss': 0.0002088857296548137, 'mae': 0.15842846, 'elapsed_time': 75.68152642250061}
2021-10-17 09:49:47,341 multi task weight : 0.9
2021-10-17 09:51:02,899 {'epoch': 218, 'lr': 5.1955619552645765e-05, 'train_loss': 0.0002064240553568755, 'mae': 0.15843327, 'elapsed_time': 75.73841953277588}
2021-10-17 09:51:03,085 multi task weight : 0.9
2021-10-17 09:52:18,744 {'epoch': 219, 'lr': 4.948523555389422e-05, 'train_loss': 0.00020495138783439886, 'mae': 0.15837863, 'elapsed_time': 75.8447015285492}
2021-10-17 09:52:18,934 multi task weight : 0.9
2021-10-17 09:53:34,693 {'epoch': 220, 'lr': 4.7086782616943164e-05, 'train_loss': 0.00020299731276070265, 'mae': 0.15837124, 'elapsed_time': 75.94846653938293}
2021-10-17 09:53:34,880 multi task weight : 0.9
2021-10-17 09:54:50,779 {'epoch': 221, 'lr': 4.476063948531548e-05, 'train_loss': 0.000201457487437763, 'mae': 0.1583056, 'elapsed_time': 76.08532190322876}
2021-10-17 09:54:50,967 multi task weight : 0.9
2021-10-17 09:56:06,434 {'epoch': 222, 'lr': 4.2507173483977006e-05, 'train_loss': 0.00020019684401646287, 'mae': 0.15831766, 'elapsed_time': 75.6548764705658}
2021-10-17 09:56:06,614 multi task weight : 0.9
2021-10-17 09:57:22,133 {'epoch': 223, 'lr': 4.03267404613323e-05, 'train_loss': 0.00019842971405144004, 'mae': 0.15842988, 'elapsed_time': 75.6988217830658}
2021-10-17 09:57:22,319 multi task weight : 0.9
2021-10-17 09:58:37,918 {'epoch': 224, 'lr': 3.821968473303203e-05, 'train_loss': 0.0001971773953208511, 'mae': 0.15848434, 'elapsed_time': 75.78453993797302}
2021-10-17 09:58:38,094 multi task weight : 0.9
2021-10-17 09:59:53,668 {'epoch': 225, 'lr': 3.6186339027601574e-05, 'train_loss': 0.00019623563523701163, 'mae': 0.15842022, 'elapsed_time': 75.74926400184631}
2021-10-17 09:59:53,852 multi task weight : 0.9
2021-10-17 10:01:09,137 {'epoch': 226, 'lr': 3.422702443389898e-05, 'train_loss': 0.0001943203587593564, 'mae': 0.15837388, 'elapsed_time': 75.46901273727417}
2021-10-17 10:01:09,319 multi task weight : 0.9
2021-10-17 10:02:24,701 {'epoch': 227, 'lr': 3.2342050350411716e-05, 'train_loss': 0.0001932854637641872, 'mae': 0.15844612, 'elapsed_time': 75.56328201293945}
2021-10-17 10:02:24,897 multi task weight : 0.9
2021-10-17 10:03:40,327 {'epoch': 228, 'lr': 3.053171443639894e-05, 'train_loss': 0.0001922366276600647, 'mae': 0.15841953, 'elapsed_time': 75.62583231925964}
2021-10-17 10:03:40,519 multi task weight : 0.9
2021-10-17 10:04:56,039 {'epoch': 229, 'lr': 2.87963025648875e-05, 'train_loss': 0.00019123119053988168, 'mae': 0.1582836, 'elapsed_time': 75.7114360332489}
2021-10-17 10:04:56,224 multi task weight : 0.9
2021-10-17 10:06:11,970 {'epoch': 230, 'lr': 2.7136088777529415e-05, 'train_loss': 0.00018998639392089455, 'mae': 0.15826964, 'elapsed_time': 75.93050694465637}
2021-10-17 10:06:12,156 multi task weight : 0.9
2021-10-17 10:07:27,485 {'epoch': 231, 'lr': 2.5551335241327604e-05, 'train_loss': 0.0001890124266163611, 'mae': 0.15831701, 'elapsed_time': 75.51484608650208}
2021-10-17 10:07:27,657 multi task weight : 0.9
2021-10-17 10:08:43,048 {'epoch': 232, 'lr': 2.4042292207236372e-05, 'train_loss': 0.0001883802331571768, 'mae': 0.15816197, 'elapsed_time': 75.56301474571228}
2021-10-17 10:08:43,667 multi task weight : 0.9
2021-10-17 10:09:59,293 {'epoch': 233, 'lr': 2.260919797064426e-05, 'train_loss': 0.000187152930127421, 'mae': 0.15827495, 'elapsed_time': 75.81698417663574}
2021-10-17 10:09:59,477 multi task weight : 0.9
2021-10-17 10:11:15,141 {'epoch': 234, 'lr': 2.125227883374422e-05, 'train_loss': 0.00018652429670895307, 'mae': 0.15834717, 'elapsed_time': 75.84821772575378}
2021-10-17 10:11:15,321 multi task weight : 0.9
2021-10-17 10:12:30,824 {'epoch': 235, 'lr': 1.9971749069797796e-05, 'train_loss': 0.00018571545792690487, 'mae': 0.15833457, 'elapsed_time': 75.6825704574585}
2021-10-17 10:12:31,001 multi task weight : 0.9
2021-10-17 10:13:46,658 {'epoch': 236, 'lr': 1.8767810889299076e-05, 'train_loss': 0.0001849331016941743, 'mae': 0.15826866, 'elapsed_time': 75.83334469795227}
2021-10-17 10:13:46,851 multi task weight : 0.9
2021-10-17 10:15:02,300 {'epoch': 237, 'lr': 1.7640654408043353e-05, 'train_loss': 0.00018401788485917215, 'mae': 0.15829583, 'elapsed_time': 75.64210152626038}
2021-10-17 10:15:02,482 multi task weight : 0.9
2021-10-17 10:16:18,243 {'epoch': 238, 'lr': 1.6590457617105317e-05, 'train_loss': 0.00018349135988265415, 'mae': 0.1582837, 'elapsed_time': 75.94170665740967}
2021-10-17 10:16:18,436 multi task weight : 0.9
2021-10-17 10:17:34,471 {'epoch': 239, 'lr': 1.561738635473259e-05, 'train_loss': 0.0001828609159089146, 'mae': 0.15827875, 'elapsed_time': 76.2281084060669}
2021-10-17 10:17:34,667 multi task weight : 0.9
2021-10-17 10:18:50,307 {'epoch': 240, 'lr': 1.4721594280157658e-05, 'train_loss': 0.00018229135296710523, 'mae': 0.15827979, 'elapsed_time': 75.83549404144287}
2021-10-17 10:18:50,503 multi task weight : 0.9
2021-10-17 10:20:05,845 {'epoch': 241, 'lr': 1.3903222849333503e-05, 'train_loss': 0.00018173244610833678, 'mae': 0.15829253, 'elapsed_time': 75.53762340545654}
2021-10-17 10:20:06,023 multi task weight : 0.9
2021-10-17 10:21:21,631 {'epoch': 242, 'lr': 1.3162401292595843e-05, 'train_loss': 0.00018122592086751308, 'mae': 0.1582849, 'elapsed_time': 75.78586530685425}
2021-10-17 10:21:21,816 multi task weight : 0.9
2021-10-17 10:22:38,006 {'epoch': 243, 'lr': 1.2499246594256413e-05, 'train_loss': 0.00018070861033729917, 'mae': 0.15829203, 'elapsed_time': 76.37447667121887}
2021-10-17 10:22:38,193 multi task weight : 0.9
2021-10-17 10:23:54,064 {'epoch': 244, 'lr': 1.191386347412961e-05, 'train_loss': 0.00018039357983010387, 'mae': 0.15825772, 'elapsed_time': 76.0570158958435}
2021-10-17 10:23:54,244 multi task weight : 0.9
2021-10-17 10:25:10,244 {'epoch': 245, 'lr': 1.1406344370996102e-05, 'train_loss': 0.0001799685485547469, 'mae': 0.15825988, 'elapsed_time': 76.18037796020508}
2021-10-17 10:25:10,445 multi task weight : 0.9
2021-10-17 10:26:26,153 {'epoch': 246, 'lr': 1.0976769428005579e-05, 'train_loss': 0.00017960761492297973, 'mae': 0.1582608, 'elapsed_time': 75.90821409225464}
2021-10-17 10:26:26,336 multi task weight : 0.9
2021-10-17 10:27:42,391 {'epoch': 247, 'lr': 1.0625206480021355e-05, 'train_loss': 0.0001792653861243927, 'mae': 0.15826647, 'elapsed_time': 76.2370822429657}
2021-10-17 10:27:42,600 multi task weight : 0.9
2021-10-17 10:28:58,530 {'epoch': 248, 'lr': 1.0351711042908344e-05, 'train_loss': 0.00017897154107650358, 'mae': 0.1582152, 'elapsed_time': 76.13904690742493}
2021-10-17 10:28:58,721 multi task weight : 0.9
2021-10-17 10:30:15,008 {'epoch': 249, 'lr': 1.0156326304766531e-05, 'train_loss': 0.00017877071475606434, 'mae': 0.15828614, 'elapsed_time': 76.47782850265503}
2021-10-17 10:30:15,192 multi task weight : 0.9
2021-10-17 10:31:30,952 {'epoch': 250, 'lr': 1.0039083119111025e-05, 'train_loss': 0.00017848294931899008, 'mae': 0.15823244, 'elapsed_time': 75.94324851036072}
2021-10-17 10:31:41,369 cannot find breath_id_ix
2021-10-17 10:32:11,582 Total CV: 0.1581619679927826
