2021-10-11 10:07:08,526 Fold 0
2021-10-11 10:07:12,225 train run device : cuda:0
2021-10-11 10:07:35,379 multi task weight : 0.7
2021-10-11 10:08:50,087 {'epoch': 1, 'lr': 0.001, 'train_loss': 0.01139544978530459, 'mae': 1.4876102, 'elapsed_time': 74.98096990585327}
2021-10-11 10:08:50,735 multi task weight : 0.7013333333333333
2021-10-11 10:10:05,711 {'epoch': 2, 'lr': 0.000999938933078422, 'train_loss': 0.004471874262735179, 'mae': 0.98773134, 'elapsed_time': 75.18786692619324}
2021-10-11 10:10:06,439 multi task weight : 0.7026666666666667
2021-10-11 10:11:21,502 {'epoch': 3, 'lr': 0.000999755747381037, 'train_loss': 0.004016376628415169, 'mae': 1.0344294, 'elapsed_time': 75.31265234947205}
2021-10-11 10:11:21,721 multi task weight : 0.704
2021-10-11 10:12:36,860 {'epoch': 4, 'lr': 0.000999450488106175, 'train_loss': 0.003567886981567537, 'mae': 0.8567587, 'elapsed_time': 75.35788083076477}
2021-10-11 10:12:37,578 multi task weight : 0.7053333333333334
2021-10-11 10:13:52,654 {'epoch': 5, 'lr': 0.0009990232305719944, 'train_loss': 0.003196965026156329, 'mae': 0.6974972, 'elapsed_time': 75.3146767616272}
2021-10-11 10:13:53,342 multi task weight : 0.7066666666666667
2021-10-11 10:15:08,415 {'epoch': 6, 'lr': 0.0009984740801978983, 'train_loss': 0.002946747629610097, 'mae': 0.66203654, 'elapsed_time': 75.28996109962463}
2021-10-11 10:15:09,131 multi task weight : 0.708
2021-10-11 10:16:24,191 {'epoch': 7, 'lr': 0.0009978031724785245, 'train_loss': 0.002858084622422459, 'mae': 0.6568019, 'elapsed_time': 75.30478501319885}
2021-10-11 10:16:24,880 multi task weight : 0.7093333333333334
2021-10-11 10:17:39,966 {'epoch': 8, 'lr': 0.000997010672950314, 'train_loss': 0.002677518930693507, 'mae': 0.5693488, 'elapsed_time': 75.30772686004639}
2021-10-11 10:17:40,696 multi task weight : 0.7106666666666667
2021-10-11 10:18:55,634 {'epoch': 9, 'lr': 0.0009960967771506664, 'train_loss': 0.0026135481800205113, 'mae': 0.5162598, 'elapsed_time': 75.20106172561646}
2021-10-11 10:18:56,327 multi task weight : 0.712
2021-10-11 10:20:11,548 {'epoch': 10, 'lr': 0.0009950617105696957, 'train_loss': 0.002490641918796194, 'mae': 0.54196084, 'elapsed_time': 75.44993591308594}
2021-10-11 10:20:11,767 multi task weight : 0.7133333333333334
2021-10-11 10:21:27,057 {'epoch': 11, 'lr': 0.0009939057285945929, 'train_loss': 0.0025358660049079823, 'mae': 0.5516651, 'elapsed_time': 75.50838899612427}
2021-10-11 10:21:27,275 multi task weight : 0.7146666666666666
2021-10-11 10:22:42,485 {'epoch': 12, 'lr': 0.0009926291164466126, 'train_loss': 0.002525879852992166, 'mae': 0.47478536, 'elapsed_time': 75.42711520195007}
2021-10-11 10:22:43,172 multi task weight : 0.716
2021-10-11 10:23:58,210 {'epoch': 13, 'lr': 0.0009912321891107005, 'train_loss': 0.0025466935258578434, 'mae': 0.69061506, 'elapsed_time': 75.25265073776245}
2021-10-11 10:23:58,448 multi task weight : 0.7173333333333333
2021-10-11 10:25:13,789 {'epoch': 14, 'lr': 0.0009897152912577737, 'train_loss': 0.002428017004169005, 'mae': 0.4216965, 'elapsed_time': 75.57820129394531}
2021-10-11 10:25:14,496 multi task weight : 0.7186666666666666
2021-10-11 10:26:29,609 {'epoch': 15, 'lr': 0.0009880787971596797, 'train_loss': 0.002336984354634803, 'mae': 0.46250483, 'elapsed_time': 75.35679888725281}
2021-10-11 10:26:29,850 multi task weight : 0.72
2021-10-11 10:27:45,056 {'epoch': 16, 'lr': 0.0009863231105968495, 'train_loss': 0.002364557924957525, 'mae': 0.49935138, 'elapsed_time': 75.44621872901917}
2021-10-11 10:27:45,307 multi task weight : 0.7213333333333333
2021-10-11 10:29:00,558 {'epoch': 17, 'lr': 0.000984448664758672, 'train_loss': 0.0024214746962524236, 'mae': 0.4626347, 'elapsed_time': 75.50184607505798}
2021-10-11 10:29:00,774 multi task weight : 0.7226666666666667
2021-10-11 10:30:15,992 {'epoch': 18, 'lr': 0.0009824559221366096, 'train_loss': 0.0023049764154939325, 'mae': 0.4362161, 'elapsed_time': 75.43353414535522}
2021-10-11 10:30:16,217 multi task weight : 0.724
2021-10-11 10:31:31,369 {'epoch': 19, 'lr': 0.0009803453744100864, 'train_loss': 0.0022069356355487787, 'mae': 0.42160133, 'elapsed_time': 75.3768196105957}
2021-10-11 10:31:32,052 multi task weight : 0.7253333333333333
2021-10-11 10:32:47,354 {'epoch': 20, 'lr': 0.0009781175423251728, 'train_loss': 0.0023014663477323952, 'mae': 0.96941394, 'elapsed_time': 75.52018547058105}
2021-10-11 10:32:47,589 multi task weight : 0.7266666666666667
2021-10-11 10:34:02,952 {'epoch': 21, 'lr': 0.0009757729755661004, 'train_loss': 0.002346172177333402, 'mae': 0.45220116, 'elapsed_time': 75.59698867797852}
2021-10-11 10:34:03,200 multi task weight : 0.728
2021-10-11 10:35:18,668 {'epoch': 22, 'lr': 0.0009733122526196342, 'train_loss': 0.0020817884092815984, 'mae': 0.41065195, 'elapsed_time': 75.71595454216003}
2021-10-11 10:35:19,385 multi task weight : 0.7293333333333333
2021-10-11 10:36:34,763 {'epoch': 23, 'lr': 0.000970735980632341, 'train_loss': 0.0019766166660566847, 'mae': 0.3328398, 'elapsed_time': 75.62446212768555}
2021-10-11 10:36:35,463 multi task weight : 0.7306666666666667
2021-10-11 10:37:50,778 {'epoch': 24, 'lr': 0.0009680447952607838, 'train_loss': 0.002232510679956301, 'mae': 0.3847842, 'elapsed_time': 75.55255270004272}
2021-10-11 10:37:51,010 multi task weight : 0.732
2021-10-11 10:39:06,478 {'epoch': 25, 'lr': 0.0009652393605146839, 'train_loss': 0.001931024233411289, 'mae': 0.3394567, 'elapsed_time': 75.69938445091248}
2021-10-11 10:39:06,704 multi task weight : 0.7333333333333334
2021-10-11 10:40:21,969 {'epoch': 26, 'lr': 0.0009623203685930864, 'train_loss': 0.0019233005404018107, 'mae': 0.37841713, 'elapsed_time': 75.49089336395264}
2021-10-11 10:40:22,175 multi task weight : 0.7346666666666667
2021-10-11 10:41:37,922 {'epoch': 27, 'lr': 0.00095928853971357, 'train_loss': 0.0019805087283935037, 'mae': 0.37223583, 'elapsed_time': 75.95234322547913}
2021-10-11 10:41:38,171 multi task weight : 0.736
2021-10-11 10:42:53,981 {'epoch': 28, 'lr': 0.0009561446219345448, 'train_loss': 0.0018668337896061385, 'mae': 0.3304875, 'elapsed_time': 76.05899119377136}
2021-10-11 10:42:54,695 multi task weight : 0.7373333333333334
2021-10-11 10:44:10,654 {'epoch': 29, 'lr': 0.0009528893909706791, 'train_loss': 0.00197894167305619, 'mae': 0.340517, 'elapsed_time': 76.2025294303894}
2021-10-11 10:44:10,875 multi task weight : 0.7386666666666666
2021-10-11 10:45:26,935 {'epoch': 30, 'lr': 0.0009495236500015041, 'train_loss': 0.0018873363118581696, 'mae': 0.34861273, 'elapsed_time': 76.28024911880493}
2021-10-11 10:45:27,168 multi task weight : 0.74
2021-10-11 10:46:43,035 {'epoch': 31, 'lr': 0.0009460482294732414, 'train_loss': 0.0017306900583824785, 'mae': 0.3220379, 'elapsed_time': 76.0998306274414}
2021-10-11 10:46:43,722 multi task weight : 0.7413333333333334
2021-10-11 10:47:59,806 {'epoch': 32, 'lr': 0.0009424639868939027, 'train_loss': 0.0018983495946926657, 'mae': 0.35445744, 'elapsed_time': 76.31382369995117}
2021-10-11 10:48:00,064 multi task weight : 0.7426666666666666
2021-10-11 10:49:15,955 {'epoch': 33, 'lr': 0.0009387718066217117, 'train_loss': 0.0017431326802990308, 'mae': 0.29244423, 'elapsed_time': 76.14845395088196}
2021-10-11 10:49:16,679 multi task weight : 0.744
2021-10-11 10:50:32,724 {'epoch': 34, 'lr': 0.000934972599646904, 'train_loss': 0.0017239760091519655, 'mae': 0.28105462, 'elapsed_time': 76.30399751663208}
2021-10-11 10:50:33,417 multi task weight : 0.7453333333333333
2021-10-11 10:51:49,431 {'epoch': 35, 'lr': 0.0009310673033669515, 'train_loss': 0.002041393369584387, 'mae': 0.5159183, 'elapsed_time': 76.22706937789917}
2021-10-11 10:51:49,670 multi task weight : 0.7466666666666666
2021-10-11 10:53:05,637 {'epoch': 36, 'lr': 0.0009270568813552751, 'train_loss': 0.0018572536370586763, 'mae': 0.35195294, 'elapsed_time': 76.20544028282166}
2021-10-11 10:53:05,883 multi task weight : 0.7479999999999999
2021-10-11 10:54:22,170 {'epoch': 37, 'lr': 0.0009229423231234969, 'train_loss': 0.0016819551920381265, 'mae': 0.28884962, 'elapsed_time': 76.53237509727478}
2021-10-11 10:54:22,409 multi task weight : 0.7493333333333333
2021-10-11 10:55:38,430 {'epoch': 38, 'lr': 0.0009187246438772933, 'train_loss': 0.0017388225818821892, 'mae': 0.32571608, 'elapsed_time': 76.26042938232422}
2021-10-11 10:55:38,666 multi task weight : 0.7506666666666666
2021-10-11 10:56:54,703 {'epoch': 39, 'lr': 0.0009144048842659075, 'train_loss': 0.0018613323623609512, 'mae': 0.26786816, 'elapsed_time': 76.27185320854187}
2021-10-11 10:56:55,411 multi task weight : 0.752
2021-10-11 10:58:11,392 {'epoch': 40, 'lr': 0.0009099841101253861, 'train_loss': 0.001688990156389057, 'mae': 0.33529854, 'elapsed_time': 76.20676183700562}
2021-10-11 10:58:11,646 multi task weight : 0.7533333333333333
2021-10-11 10:59:27,776 {'epoch': 41, 'lr': 0.0009054634122155986, 'train_loss': 0.0018416832189456448, 'mae': 0.3367405, 'elapsed_time': 76.38414573669434}
2021-10-11 10:59:27,993 multi task weight : 0.7546666666666666
2021-10-11 11:00:43,219 {'epoch': 42, 'lr': 0.0009008439059511095, 'train_loss': 0.001597886215562138, 'mae': 0.30137104, 'elapsed_time': 75.44238924980164}
2021-10-11 11:00:43,461 multi task weight : 0.756
2021-10-11 11:01:58,736 {'epoch': 43, 'lr': 0.0008961267311259662, 'train_loss': 0.001748196488385804, 'mae': 0.26118314, 'elapsed_time': 75.5169370174408}
2021-10-11 11:01:59,461 multi task weight : 0.7573333333333334
2021-10-11 11:03:14,773 {'epoch': 44, 'lr': 0.0008913130516324728, 'train_loss': 0.0015376561182452954, 'mae': 0.25636464, 'elapsed_time': 75.56078004837036}
2021-10-11 11:03:15,483 multi task weight : 0.7586666666666666
2021-10-11 11:04:30,754 {'epoch': 45, 'lr': 0.0008864040551740152, 'train_loss': 0.0015794839238472693, 'mae': 0.2530976, 'elapsed_time': 75.50738286972046}
2021-10-11 11:04:31,445 multi task weight : 0.76
2021-10-11 11:05:46,614 {'epoch': 46, 'lr': 0.000881400952972015, 'train_loss': 0.0015581541731114258, 'mae': 0.27732253, 'elapsed_time': 75.3996000289917}
2021-10-11 11:05:46,864 multi task weight : 0.7613333333333333
2021-10-11 11:07:02,238 {'epoch': 47, 'lr': 0.0008763049794670771, 'train_loss': 0.0015099052445946978, 'mae': 0.2727501, 'elapsed_time': 75.62357068061829}
2021-10-11 11:07:02,469 multi task weight : 0.7626666666666666
2021-10-11 11:08:17,788 {'epoch': 48, 'lr': 0.0008711173920144113, 'train_loss': 0.0015365459928455695, 'mae': 0.30386266, 'elapsed_time': 75.54991388320923}
2021-10-11 11:08:18,026 multi task weight : 0.764
2021-10-11 11:09:33,322 {'epoch': 49, 'lr': 0.0008658394705735983, 'train_loss': 0.0015303257336831393, 'mae': 0.29612958, 'elapsed_time': 75.53353977203369}
2021-10-11 11:09:33,550 multi task weight : 0.7653333333333333
2021-10-11 11:10:48,804 {'epoch': 50, 'lr': 0.0008604725173927781, 'train_loss': 0.001731780690071281, 'mae': 0.33816463, 'elapsed_time': 75.4815878868103}
2021-10-11 11:10:49,066 multi task weight : 0.7666666666666666
2021-10-11 11:12:04,608 {'epoch': 51, 'lr': 0.0008550178566873405, 'train_loss': 0.0016004186217420697, 'mae': 0.3899398, 'elapsed_time': 75.80392003059387}
2021-10-11 11:12:04,849 multi task weight : 0.768
2021-10-11 11:13:20,623 {'epoch': 52, 'lr': 0.0008494768343131951, 'train_loss': 0.0017156454510468375, 'mae': 0.26268715, 'elapsed_time': 76.01400518417358}
2021-10-11 11:13:20,864 multi task weight : 0.7693333333333333
2021-10-11 11:14:36,533 {'epoch': 53, 'lr': 0.0008438508174347005, 'train_loss': 0.0016019550482313548, 'mae': 0.288498, 'elapsed_time': 75.90989637374878}
2021-10-11 11:14:36,775 multi task weight : 0.7706666666666666
2021-10-11 11:15:52,549 {'epoch': 54, 'lr': 0.0008381411941873374, 'train_loss': 0.0014616079322346952, 'mae': 0.24401312, 'elapsed_time': 76.01521849632263}
2021-10-11 11:15:53,240 multi task weight : 0.772
2021-10-11 11:17:09,034 {'epoch': 55, 'lr': 0.0008323493733352073, 'train_loss': 0.0014449311465992685, 'mae': 0.25102338, 'elapsed_time': 76.0212550163269}
2021-10-11 11:17:09,276 multi task weight : 0.7733333333333332
2021-10-11 11:18:25,386 {'epoch': 56, 'lr': 0.0008264767839234405, 'train_loss': 0.001331772682157631, 'mae': 0.2454302, 'elapsed_time': 76.35083413124084}
2021-10-11 11:18:25,608 multi task weight : 0.7746666666666666
2021-10-11 11:19:41,878 {'epoch': 57, 'lr': 0.000820524874925601, 'train_loss': 0.0014029468412802976, 'mae': 0.23239714, 'elapsed_time': 76.4916684627533}
2021-10-11 11:19:42,560 multi task weight : 0.776
2021-10-11 11:20:59,025 {'epoch': 58, 'lr': 0.0008144951148861737, 'train_loss': 0.0015823608058189382, 'mae': 0.2817226, 'elapsed_time': 76.68081378936768}
2021-10-11 11:20:59,297 multi task weight : 0.7773333333333332
2021-10-11 11:22:15,418 {'epoch': 59, 'lr': 0.0008083889915582231, 'train_loss': 0.0015086980303286558, 'mae': 0.24560328, 'elapsed_time': 76.39226222038269}
2021-10-11 11:22:15,655 multi task weight : 0.7786666666666666
2021-10-11 11:23:31,841 {'epoch': 60, 'lr': 0.0008022080115363123, 'train_loss': 0.0012943925584109118, 'mae': 0.22854586, 'elapsed_time': 76.42252850532532}
2021-10-11 11:23:32,528 multi task weight : 0.78
2021-10-11 11:24:48,407 {'epoch': 61, 'lr': 0.0007959536998847739, 'train_loss': 0.001356634717111243, 'mae': 0.23453164, 'elapsed_time': 76.09404850006104}
2021-10-11 11:24:48,627 multi task weight : 0.7813333333333332
2021-10-11 11:26:04,349 {'epoch': 62, 'lr': 0.0007896275997614226, 'train_loss': 0.0012599103261375364, 'mae': 0.21421264, 'elapsed_time': 75.94080471992493}
2021-10-11 11:26:05,062 multi task weight : 0.7826666666666666
2021-10-11 11:27:20,777 {'epoch': 63, 'lr': 0.0007832312720368044, 'train_loss': 0.0012391645399603014, 'mae': 0.21761407, 'elapsed_time': 75.95703268051147}
2021-10-11 11:27:21,040 multi task weight : 0.784
2021-10-11 11:28:37,193 {'epoch': 64, 'lr': 0.0007767662949090749, 'train_loss': 0.0017304031777018501, 'mae': 0.25827077, 'elapsed_time': 76.41641068458557}
2021-10-11 11:28:37,403 multi task weight : 0.7853333333333332
2021-10-11 11:29:53,854 {'epoch': 65, 'lr': 0.000770234263514603, 'train_loss': 0.001320216671432226, 'mae': 0.22161873, 'elapsed_time': 76.66009330749512}
2021-10-11 11:29:54,077 multi task weight : 0.7866666666666666
2021-10-11 11:31:09,942 {'epoch': 66, 'lr': 0.0007636367895343944, 'train_loss': 0.0012274010784583348, 'mae': 0.28240618, 'elapsed_time': 76.08744549751282}
2021-10-11 11:31:10,182 multi task weight : 0.788
2021-10-11 11:32:25,726 {'epoch': 67, 'lr': 0.0007569755007964335, 'train_loss': 0.0012401469508550118, 'mae': 0.21249208, 'elapsed_time': 75.78415489196777}
2021-10-11 11:32:26,462 multi task weight : 0.7893333333333333
2021-10-11 11:33:42,223 {'epoch': 68, 'lr': 0.0007502520408740415, 'train_loss': 0.0013067499303053435, 'mae': 0.21538332, 'elapsed_time': 76.02136731147766}
2021-10-11 11:33:42,450 multi task weight : 0.7906666666666666
2021-10-11 11:34:58,445 {'epoch': 69, 'lr': 0.0007434680686803488, 'train_loss': 0.001177838442858242, 'mae': 0.21258152, 'elapsed_time': 76.22100925445557}
2021-10-11 11:34:58,654 multi task weight : 0.792
2021-10-11 11:36:14,791 {'epoch': 70, 'lr': 0.0007366252580589837, 'train_loss': 0.001334852624790727, 'mae': 0.36138502, 'elapsed_time': 76.3453938961029}
2021-10-11 11:36:15,021 multi task weight : 0.7933333333333333
2021-10-11 11:37:31,167 {'epoch': 71, 'lr': 0.0007297252973710754, 'train_loss': 0.0012446207011018548, 'mae': 0.22343855, 'elapsed_time': 76.37634706497192}
2021-10-11 11:37:31,373 multi task weight : 0.7946666666666666
2021-10-11 11:38:47,610 {'epoch': 72, 'lr': 0.0007227698890786777, 'train_loss': 0.0012423224547215058, 'mae': 0.21428348, 'elapsed_time': 76.44261527061462}
2021-10-11 11:38:47,832 multi task weight : 0.796
2021-10-11 11:40:04,056 {'epoch': 73, 'lr': 0.0007157607493247108, 'train_loss': 0.0012081640864481113, 'mae': 0.21129459, 'elapsed_time': 76.44507312774658}
2021-10-11 11:40:04,752 multi task weight : 0.7973333333333333
2021-10-11 11:41:20,855 {'epoch': 74, 'lr': 0.0007086996075095287, 'train_loss': 0.0012648749739830269, 'mae': 0.21160212, 'elapsed_time': 76.32768630981445}
2021-10-11 11:41:21,093 multi task weight : 0.7986666666666666
2021-10-11 11:42:37,379 {'epoch': 75, 'lr': 0.0007015882058642161, 'train_loss': 0.0011552306059982463, 'mae': 0.21840712, 'elapsed_time': 76.52377843856812}
2021-10-11 11:42:37,620 multi task weight : 0.8
2021-10-11 11:43:53,731 {'epoch': 76, 'lr': 0.0006944282990207193, 'train_loss': 0.001115808292798762, 'mae': 0.2077336, 'elapsed_time': 76.35124230384827}
2021-10-11 11:43:54,411 multi task weight : 0.8013333333333333
2021-10-11 11:45:10,475 {'epoch': 77, 'lr': 0.0006872216535789155, 'train_loss': 0.0010679129641959807, 'mae': 0.21599813, 'elapsed_time': 76.28347706794739}
2021-10-11 11:45:10,695 multi task weight : 0.8026666666666666
2021-10-11 11:46:26,971 {'epoch': 78, 'lr': 0.0006799700476707321, 'train_loss': 0.0011099633994661, 'mae': 0.19961824, 'elapsed_time': 76.49629735946655}
2021-10-11 11:46:27,711 multi task weight : 0.804
2021-10-11 11:47:44,073 {'epoch': 79, 'lr': 0.0006726752705214191, 'train_loss': 0.0011047413072754328, 'mae': 0.24595162, 'elapsed_time': 76.62023329734802}
2021-10-11 11:47:44,289 multi task weight : 0.8053333333333333
2021-10-11 11:49:00,381 {'epoch': 80, 'lr': 0.0006653391220080838, 'train_loss': 0.0010715707956342369, 'mae': 0.27014932, 'elapsed_time': 76.30780172348022}
2021-10-11 11:49:00,617 multi task weight : 0.8066666666666666
2021-10-11 11:50:16,660 {'epoch': 81, 'lr': 0.0006579634122155988, 'train_loss': 0.0011129317376849033, 'mae': 0.20023616, 'elapsed_time': 76.27836298942566}
2021-10-11 11:50:16,921 multi task weight : 0.808
2021-10-11 11:51:32,936 {'epoch': 82, 'lr': 0.0006505499609899903, 'train_loss': 0.0014665387733793164, 'mae': 0.2315653, 'elapsed_time': 76.27638697624207}
2021-10-11 11:51:33,176 multi task weight : 0.8093333333333333
2021-10-11 11:52:48,919 {'epoch': 83, 'lr': 0.0006431005974894184, 'train_loss': 0.001078103350770442, 'mae': 0.21817012, 'elapsed_time': 75.98235487937927}
2021-10-11 11:52:49,138 multi task weight : 0.8106666666666666
2021-10-11 11:54:04,918 {'epoch': 84, 'lr': 0.0006356171597328593, 'train_loss': 0.0010850913989289143, 'mae': 0.22262461, 'elapsed_time': 75.9985568523407}
2021-10-11 11:54:05,128 multi task weight : 0.812
2021-10-11 11:55:21,240 {'epoch': 85, 'lr': 0.0006281014941466028, 'train_loss': 0.001023452327450314, 'mae': 0.19944572, 'elapsed_time': 76.32105851173401}
2021-10-11 11:55:21,929 multi task weight : 0.8133333333333334
2021-10-11 11:56:37,926 {'epoch': 86, 'lr': 0.000620555455108673, 'train_loss': 0.001052528858984678, 'mae': 0.19725098, 'elapsed_time': 76.22975778579712}
2021-10-11 11:56:38,608 multi task weight : 0.8146666666666667
2021-10-11 11:57:54,517 {'epoch': 87, 'lr': 0.0006129809044912885, 'train_loss': 0.000981647738627719, 'mae': 0.19143316, 'elapsed_time': 76.14040899276733}
2021-10-11 11:57:55,177 multi task weight : 0.8160000000000001
2021-10-11 11:59:10,440 {'epoch': 88, 'lr': 0.0006053797112014735, 'train_loss': 0.0010357493274234793, 'mae': 0.23480639, 'elapsed_time': 75.48068046569824}
2021-10-11 11:59:10,673 multi task weight : 0.8173333333333334
2021-10-11 12:00:25,688 {'epoch': 89, 'lr': 0.0005977537507199336, 'train_loss': 0.0009831933049155514, 'mae': 0.19930741, 'elapsed_time': 75.24696493148804}
2021-10-11 12:00:25,906 multi task weight : 0.8186666666666667
2021-10-11 12:01:41,373 {'epoch': 90, 'lr': 0.0005901049046383074, 'train_loss': 0.0009958601449946444, 'mae': 0.20686138, 'elapsed_time': 75.68465113639832}
2021-10-11 12:01:41,597 multi task weight : 0.8200000000000001
2021-10-11 12:02:57,049 {'epoch': 91, 'lr': 0.0005824350601949141, 'train_loss': 0.0009565025376683043, 'mae': 0.2066286, 'elapsed_time': 75.67548871040344}
2021-10-11 12:02:57,261 multi task weight : 0.8213333333333334
2021-10-11 12:04:12,856 {'epoch': 92, 'lr': 0.0005747461098091033, 'train_loss': 0.0010711031255538769, 'mae': 0.19840255, 'elapsed_time': 75.80631566047668}
2021-10-11 12:04:13,063 multi task weight : 0.8226666666666667
2021-10-11 12:05:28,159 {'epoch': 93, 'lr': 0.0005670399506143305, 'train_loss': 0.0008803840229168011, 'mae': 0.18550777, 'elapsed_time': 75.30357313156128}
2021-10-11 12:05:28,808 multi task weight : 0.8240000000000001
2021-10-11 12:06:44,300 {'epoch': 94, 'lr': 0.0005593184839900673, 'train_loss': 0.0008851126532549887, 'mae': 0.19926688, 'elapsed_time': 75.70040702819824}
2021-10-11 12:06:44,549 multi task weight : 0.8253333333333334
2021-10-11 12:08:00,368 {'epoch': 95, 'lr': 0.0005515836150926644, 'train_loss': 0.0009325299852677652, 'mae': 0.18817885, 'elapsed_time': 76.06729745864868}
2021-10-11 12:08:00,603 multi task weight : 0.8266666666666667
2021-10-11 12:09:15,750 {'epoch': 96, 'lr': 0.0005438372523852832, 'train_loss': 0.0008377766605735694, 'mae': 0.1803169, 'elapsed_time': 75.38098406791687}
2021-10-11 12:09:16,404 multi task weight : 0.8280000000000001
2021-10-11 12:10:31,686 {'epoch': 97, 'lr': 0.00053608130716701, 'train_loss': 0.0009116574523216292, 'mae': 0.1865149, 'elapsed_time': 75.49015784263611}
2021-10-11 12:10:31,900 multi task weight : 0.8293333333333333
2021-10-11 12:11:46,898 {'epoch': 98, 'lr': 0.0005283176931012729, 'train_loss': 0.0008083517906966393, 'mae': 0.20161206, 'elapsed_time': 75.2107892036438}
2021-10-11 12:11:47,137 multi task weight : 0.8306666666666667
2021-10-11 12:13:02,899 {'epoch': 99, 'lr': 0.0005205483257436734, 'train_loss': 0.0009267035702637208, 'mae': 0.24155661, 'elapsed_time': 76.00109910964966}
2021-10-11 12:13:03,111 multi task weight : 0.8320000000000001
2021-10-11 12:14:18,305 {'epoch': 100, 'lr': 0.0005127751220693511, 'train_loss': 0.0008897711118625205, 'mae': 0.20114712, 'elapsed_time': 75.4055187702179}
2021-10-11 12:14:18,527 multi task weight : 0.8333333333333333
2021-10-11 12:15:34,068 {'epoch': 101, 'lr': 0.0005049999999999998, 'train_loss': 0.0008291780717814103, 'mae': 0.18586266, 'elapsed_time': 75.76279616355896}
2021-10-11 12:15:34,277 multi task weight : 0.8346666666666667
2021-10-11 12:16:50,081 {'epoch': 102, 'lr': 0.0004972248779306486, 'train_loss': 0.0007917850387558548, 'mae': 0.18820988, 'elapsed_time': 76.01273846626282}
2021-10-11 12:16:50,296 multi task weight : 0.8360000000000001
2021-10-11 12:18:05,605 {'epoch': 103, 'lr': 0.0004894516742563262, 'train_loss': 0.0007861056542202998, 'mae': 0.17853262, 'elapsed_time': 75.52323627471924}
2021-10-11 12:18:06,275 multi task weight : 0.8373333333333333
2021-10-11 12:19:21,334 {'epoch': 104, 'lr': 0.00048168230689872663, 'train_loss': 0.0007415930774480084, 'mae': 0.17706168, 'elapsed_time': 75.28194332122803}
2021-10-11 12:19:22,008 multi task weight : 0.8386666666666667
2021-10-11 12:20:37,099 {'epoch': 105, 'lr': 0.0004739186928329896, 'train_loss': 0.0007793779687979428, 'mae': 0.18166478, 'elapsed_time': 75.31062078475952}
2021-10-11 12:20:37,307 multi task weight : 0.8400000000000001
2021-10-11 12:21:51,988 {'epoch': 106, 'lr': 0.00046616274761471655, 'train_loss': 0.0009014146537023162, 'mae': 0.18898013, 'elapsed_time': 74.88898205757141}
2021-10-11 12:21:52,237 multi task weight : 0.8413333333333333
2021-10-11 12:23:07,038 {'epoch': 107, 'lr': 0.0004584163849073352, 'train_loss': 0.0007960158706975346, 'mae': 0.27708355, 'elapsed_time': 75.04907536506653}
2021-10-11 12:23:07,274 multi task weight : 0.8426666666666667
2021-10-11 12:24:22,402 {'epoch': 108, 'lr': 0.0004506815160099324, 'train_loss': 0.00079886128556914, 'mae': 0.17515062, 'elapsed_time': 75.36341977119446}
2021-10-11 12:24:23,063 multi task weight : 0.8440000000000001
2021-10-11 12:25:38,608 {'epoch': 109, 'lr': 0.0004429600493856693, 'train_loss': 0.0006892158016019344, 'mae': 0.17940514, 'elapsed_time': 75.76103973388672}
2021-10-11 12:25:38,840 multi task weight : 0.8453333333333333
2021-10-11 12:26:54,503 {'epoch': 110, 'lr': 0.00043525389019089656, 'train_loss': 0.0006797975188428555, 'mae': 0.17259513, 'elapsed_time': 75.89529085159302}
2021-10-11 12:26:55,192 multi task weight : 0.8466666666666667
2021-10-11 12:28:10,595 {'epoch': 111, 'lr': 0.0004275649398050856, 'train_loss': 0.0006815517329869482, 'mae': 0.17447387, 'elapsed_time': 75.63840651512146}
2021-10-11 12:28:10,819 multi task weight : 0.8480000000000001
2021-10-11 12:29:26,442 {'epoch': 112, 'lr': 0.0004198950953616921, 'train_loss': 0.0006651327089265216, 'mae': 0.17920476, 'elapsed_time': 75.84634113311768}
2021-10-11 12:29:26,658 multi task weight : 0.8493333333333333
2021-10-11 12:30:41,804 {'epoch': 113, 'lr': 0.0004122462492800662, 'train_loss': 0.0006625680919462596, 'mae': 0.17101423, 'elapsed_time': 75.36188101768494}
2021-10-11 12:30:42,480 multi task weight : 0.8506666666666667
2021-10-11 12:31:57,681 {'epoch': 114, 'lr': 0.0004046202887985263, 'train_loss': 0.0006602041713394733, 'mae': 0.172266, 'elapsed_time': 75.43073272705078}
2021-10-11 12:31:57,925 multi task weight : 0.8520000000000001
2021-10-11 12:33:13,242 {'epoch': 115, 'lr': 0.0003970190955087115, 'train_loss': 0.0006769765916448938, 'mae': 0.17941912, 'elapsed_time': 75.56109142303467}
2021-10-11 12:33:13,474 multi task weight : 0.8533333333333333
2021-10-11 12:34:28,809 {'epoch': 116, 'lr': 0.0003894445448913267, 'train_loss': 0.0006786228742048075, 'mae': 0.17196019, 'elapsed_time': 75.56652879714966}
2021-10-11 12:34:29,025 multi task weight : 0.8546666666666667
2021-10-11 12:35:44,360 {'epoch': 117, 'lr': 0.00038189850585339675, 'train_loss': 0.0006394691846775962, 'mae': 0.17082709, 'elapsed_time': 75.55078482627869}
2021-10-11 12:35:45,043 multi task weight : 0.8560000000000001
2021-10-11 12:37:00,278 {'epoch': 118, 'lr': 0.0003743828402671403, 'train_loss': 0.0006270406593064388, 'mae': 0.17167896, 'elapsed_time': 75.44940543174744}
2021-10-11 12:37:00,509 multi task weight : 0.8573333333333333
2021-10-11 12:38:15,995 {'epoch': 119, 'lr': 0.0003668994025105814, 'train_loss': 0.0006247684734177913, 'mae': 0.172438, 'elapsed_time': 75.71724200248718}
2021-10-11 12:38:16,244 multi task weight : 0.8586666666666667
2021-10-11 12:39:32,032 {'epoch': 120, 'lr': 0.00035945003901000945, 'train_loss': 0.0006253003146477177, 'mae': 0.17970003, 'elapsed_time': 76.03575158119202}
2021-10-11 12:39:32,273 multi task weight : 0.8600000000000001
2021-10-11 12:40:48,235 {'epoch': 121, 'lr': 0.00035203658778440103, 'train_loss': 0.0006189280547537378, 'mae': 0.17270273, 'elapsed_time': 76.2032163143158}
2021-10-11 12:40:48,474 multi task weight : 0.8613333333333333
2021-10-11 12:42:04,735 {'epoch': 122, 'lr': 0.0003446608779919159, 'train_loss': 0.0006089480998669735, 'mae': 0.17133486, 'elapsed_time': 76.49893641471863}
2021-10-11 12:42:04,960 multi task weight : 0.8626666666666667
2021-10-11 12:43:19,531 {'epoch': 123, 'lr': 0.00033732472947858063, 'train_loss': 0.0005957359829491697, 'mae': 0.16770075, 'elapsed_time': 74.79592514038086}
2021-10-11 12:43:20,182 multi task weight : 0.864
2021-10-11 12:44:35,483 {'epoch': 124, 'lr': 0.00033002995232926766, 'train_loss': 0.000583793599568332, 'mae': 0.16752997, 'elapsed_time': 75.52766108512878}
2021-10-11 12:44:36,144 multi task weight : 0.8653333333333333
2021-10-11 12:45:51,975 {'epoch': 125, 'lr': 0.0003227783464210844, 'train_loss': 0.0005773809147817241, 'mae': 0.17113698, 'elapsed_time': 76.05636072158813}
2021-10-11 12:45:52,216 multi task weight : 0.8666666666666666
2021-10-11 12:47:08,159 {'epoch': 126, 'lr': 0.00031557170097928054, 'train_loss': 0.0005725258616317061, 'mae': 0.165069, 'elapsed_time': 76.18390154838562}
2021-10-11 12:47:08,826 multi task weight : 0.868
2021-10-11 12:48:24,124 {'epoch': 127, 'lr': 0.0003084117941357834, 'train_loss': 0.0005543785127135323, 'mae': 0.1649514, 'elapsed_time': 75.51810216903687}
2021-10-11 12:48:24,805 multi task weight : 0.8693333333333333
2021-10-11 12:49:39,887 {'epoch': 128, 'lr': 0.00030130039249047106, 'train_loss': 0.0005542123067514283, 'mae': 0.16672361, 'elapsed_time': 75.30449342727661}
2021-10-11 12:49:40,113 multi task weight : 0.8706666666666667
2021-10-11 12:50:55,343 {'epoch': 129, 'lr': 0.00029423925067528897, 'train_loss': 0.0005599041029963965, 'mae': 0.16600789, 'elapsed_time': 75.45538806915283}
2021-10-11 12:50:55,593 multi task weight : 0.872
2021-10-11 12:52:11,094 {'epoch': 130, 'lr': 0.0002872301109213219, 'train_loss': 0.0005387259138694972, 'mae': 0.16731116, 'elapsed_time': 75.75087523460388}
2021-10-11 12:52:11,332 multi task weight : 0.8733333333333333
2021-10-11 12:53:27,123 {'epoch': 131, 'lr': 0.0002802747026289243, 'train_loss': 0.0005344781315483701, 'mae': 0.16463852, 'elapsed_time': 76.02862977981567}
2021-10-11 12:53:27,756 multi task weight : 0.8746666666666667
2021-10-11 12:54:42,980 {'epoch': 132, 'lr': 0.00027337474194101617, 'train_loss': 0.0005222608517383881, 'mae': 0.1659607, 'elapsed_time': 75.4332914352417}
2021-10-11 12:54:43,196 multi task weight : 0.876
2021-10-11 12:55:58,114 {'epoch': 133, 'lr': 0.00026653193131965077, 'train_loss': 0.0005150960523183374, 'mae': 0.16341195, 'elapsed_time': 75.13407254219055}
2021-10-11 12:55:58,752 multi task weight : 0.8773333333333333
2021-10-11 12:57:13,870 {'epoch': 134, 'lr': 0.00025974795912595813, 'train_loss': 0.0005153097313531904, 'mae': 0.1637548, 'elapsed_time': 75.33678150177002}
2021-10-11 12:57:14,110 multi task weight : 0.8786666666666667
2021-10-11 12:58:29,501 {'epoch': 135, 'lr': 0.0002530244992035661, 'train_loss': 0.0005062004702500233, 'mae': 0.16401243, 'elapsed_time': 75.63071417808533}
2021-10-11 12:58:29,722 multi task weight : 0.88
2021-10-11 12:59:44,889 {'epoch': 136, 'lr': 0.00024636321046560527, 'train_loss': 0.0004961534275508544, 'mae': 0.16373138, 'elapsed_time': 75.3877809047699}
2021-10-11 12:59:45,092 multi task weight : 0.8813333333333333
2021-10-11 13:01:00,122 {'epoch': 137, 'lr': 0.00023976573648539645, 'train_loss': 0.0004918405504106013, 'mae': 0.1629415, 'elapsed_time': 75.23311376571655}
2021-10-11 13:01:00,756 multi task weight : 0.8826666666666667
2021-10-11 13:02:15,802 {'epoch': 138, 'lr': 0.00023323370509092462, 'train_loss': 0.0004892813168945022, 'mae': 0.16303127, 'elapsed_time': 75.2499132156372}
2021-10-11 13:02:16,022 multi task weight : 0.884
2021-10-11 13:03:31,363 {'epoch': 139, 'lr': 0.00022676872796319523, 'train_loss': 0.000476295418415226, 'mae': 0.16329905, 'elapsed_time': 75.56051397323608}
2021-10-11 13:03:31,632 multi task weight : 0.8853333333333333
2021-10-11 13:04:47,316 {'epoch': 140, 'lr': 0.00022037240023857702, 'train_loss': 0.0004682097300106994, 'mae': 0.16314, 'elapsed_time': 75.95230197906494}
2021-10-11 13:04:47,545 multi task weight : 0.8866666666666667
2021-10-11 13:06:03,001 {'epoch': 141, 'lr': 0.00021404630011522577, 'train_loss': 0.00046503155944638096, 'mae': 0.1623662, 'elapsed_time': 75.68436574935913}
2021-10-11 13:06:03,639 multi task weight : 0.888
2021-10-11 13:07:18,910 {'epoch': 142, 'lr': 0.00020779198846368737, 'train_loss': 0.0004604376127944631, 'mae': 0.16226587, 'elapsed_time': 75.47624063491821}
2021-10-11 13:07:19,567 multi task weight : 0.8893333333333333
2021-10-11 13:08:34,968 {'epoch': 143, 'lr': 0.0002016110084417765, 'train_loss': 0.000451017849794123, 'mae': 0.1606667, 'elapsed_time': 75.61592173576355}
2021-10-11 13:08:35,622 multi task weight : 0.8906666666666667
2021-10-11 13:09:51,223 {'epoch': 144, 'lr': 0.00019550488511382584, 'train_loss': 0.000446141085718901, 'mae': 0.16382255, 'elapsed_time': 75.82045102119446}
2021-10-11 13:09:51,446 multi task weight : 0.892
2021-10-11 13:11:06,756 {'epoch': 145, 'lr': 0.00018947512507439847, 'train_loss': 0.00044739716553614977, 'mae': 0.16105309, 'elapsed_time': 75.53171014785767}
2021-10-11 13:11:06,986 multi task weight : 0.8933333333333333
2021-10-11 13:12:22,316 {'epoch': 146, 'lr': 0.00018352321607655904, 'train_loss': 0.0004346892558596164, 'mae': 0.16080844, 'elapsed_time': 75.55990552902222}
2021-10-11 13:12:22,552 multi task weight : 0.8946666666666667
2021-10-11 13:13:37,925 {'epoch': 147, 'lr': 0.0001776506266647923, 'train_loss': 0.00042906938690995836, 'mae': 0.16075408, 'elapsed_time': 75.60844373703003}
2021-10-11 13:13:38,171 multi task weight : 0.896
2021-10-11 13:14:53,234 {'epoch': 148, 'lr': 0.00017185880581266206, 'train_loss': 0.0004227825650307143, 'mae': 0.16137019, 'elapsed_time': 75.30921483039856}
2021-10-11 13:14:53,445 multi task weight : 0.8973333333333333
2021-10-11 13:16:08,554 {'epoch': 149, 'lr': 0.000166149182565299, 'train_loss': 0.00041627260320002154, 'mae': 0.15993308, 'elapsed_time': 75.31885051727295}
2021-10-11 13:16:09,213 multi task weight : 0.8986666666666667
2021-10-11 13:17:24,581 {'epoch': 150, 'lr': 0.00016052316568680435, 'train_loss': 0.0004114980587206233, 'mae': 0.15931666, 'elapsed_time': 75.59295153617859}
2021-10-11 13:17:25,272 multi task weight : 0.9
2021-10-11 13:18:40,135 {'epoch': 151, 'lr': 0.00015498214331265893, 'train_loss': 0.0004075168490636973, 'mae': 0.16101736, 'elapsed_time': 75.10015654563904}
2021-10-11 13:18:40,381 multi task weight : 0.9
2021-10-11 13:19:55,847 {'epoch': 152, 'lr': 0.0001495274826072215, 'train_loss': 0.00040299625248901887, 'mae': 0.15961586, 'elapsed_time': 75.71191167831421}
2021-10-11 13:19:56,118 multi task weight : 0.9
2021-10-11 13:21:11,990 {'epoch': 153, 'lr': 0.00014416052942640132, 'train_loss': 0.00039397903438472367, 'mae': 0.1594435, 'elapsed_time': 76.14283967018127}
2021-10-11 13:21:12,222 multi task weight : 0.9
2021-10-11 13:22:28,091 {'epoch': 154, 'lr': 0.0001388826079855881, 'train_loss': 0.0003910448362049755, 'mae': 0.15994427, 'elapsed_time': 76.10007739067078}
2021-10-11 13:22:28,349 multi task weight : 0.9
2021-10-11 13:23:44,262 {'epoch': 155, 'lr': 0.00013369502053292245, 'train_loss': 0.00038644904097958146, 'mae': 0.15876617, 'elapsed_time': 76.17055106163025}
2021-10-11 13:23:44,963 multi task weight : 0.9
2021-10-11 13:25:00,433 {'epoch': 156, 'lr': 0.00012859904702798464, 'train_loss': 0.0003808613197545961, 'mae': 0.15938069, 'elapsed_time': 75.7103762626648}
2021-10-11 13:25:00,677 multi task weight : 0.9
2021-10-11 13:26:16,186 {'epoch': 157, 'lr': 0.00012359594482598432, 'train_loss': 0.0003795320972321324, 'mae': 0.15918183, 'elapsed_time': 75.75278544425964}
2021-10-11 13:26:16,398 multi task weight : 0.9
2021-10-11 13:27:31,764 {'epoch': 158, 'lr': 0.00011868694836752681, 'train_loss': 0.00037316867638554615, 'mae': 0.15916276, 'elapsed_time': 75.5771210193634}
2021-10-11 13:27:31,988 multi task weight : 0.9
2021-10-11 13:28:47,348 {'epoch': 159, 'lr': 0.0001138732688740332, 'train_loss': 0.00036840397973203595, 'mae': 0.15889975, 'elapsed_time': 75.5841212272644}
2021-10-11 13:28:47,582 multi task weight : 0.9
2021-10-11 13:30:02,912 {'epoch': 160, 'lr': 0.00010915609404889012, 'train_loss': 0.00036305171746768013, 'mae': 0.15877374, 'elapsed_time': 75.56348252296448}
2021-10-11 13:30:03,143 multi task weight : 0.9
2021-10-11 13:31:18,286 {'epoch': 161, 'lr': 0.00010453658778440103, 'train_loss': 0.0003565086370903068, 'mae': 0.15836848, 'elapsed_time': 75.37327432632446}
2021-10-11 13:31:18,976 multi task weight : 0.9
2021-10-11 13:32:34,285 {'epoch': 162, 'lr': 0.00010001588987461343, 'train_loss': 0.00035444542523683343, 'mae': 0.15856218, 'elapsed_time': 75.55427622795105}
2021-10-11 13:32:34,531 multi task weight : 0.9
2021-10-11 13:33:49,986 {'epoch': 163, 'lr': 9.559511573409192e-05, 'train_loss': 0.0003498568087865613, 'mae': 0.15866725, 'elapsed_time': 75.70065450668335}
2021-10-11 13:33:50,231 multi task weight : 0.9
2021-10-11 13:35:05,800 {'epoch': 164, 'lr': 9.12753561227063e-05, 'train_loss': 0.00034613216708113693, 'mae': 0.1582251, 'elapsed_time': 75.81314706802368}
2021-10-11 13:35:06,465 multi task weight : 0.9
2021-10-11 13:36:22,789 {'epoch': 165, 'lr': 8.705767687650262e-05, 'train_loss': 0.0003412976152478977, 'mae': 0.1585744, 'elapsed_time': 76.53760933876038}
2021-10-11 13:36:23,004 multi task weight : 0.9
2021-10-11 13:37:39,208 {'epoch': 166, 'lr': 8.294311864472445e-05, 'train_loss': 0.00033802412921838054, 'mae': 0.1580068, 'elapsed_time': 76.4182620048523}
2021-10-11 13:37:39,899 multi task weight : 0.9
2021-10-11 13:38:55,200 {'epoch': 167, 'lr': 7.89326966330478e-05, 'train_loss': 0.0003336479404732595, 'mae': 0.158502, 'elapsed_time': 75.54289102554321}
2021-10-11 13:38:55,434 multi task weight : 0.9
2021-10-11 13:40:10,733 {'epoch': 168, 'lr': 7.502740035309526e-05, 'train_loss': 0.0003309697523155182, 'mae': 0.15784408, 'elapsed_time': 75.53231167793274}
2021-10-11 13:40:11,395 multi task weight : 0.9
2021-10-11 13:41:26,572 {'epoch': 169, 'lr': 7.12281933782875e-05, 'train_loss': 0.0003267362857616406, 'mae': 0.1581413, 'elapsed_time': 75.38982391357422}
2021-10-11 13:41:26,795 multi task weight : 0.9
2021-10-11 13:42:41,785 {'epoch': 170, 'lr': 6.75360131060967e-05, 'train_loss': 0.00032384238434823403, 'mae': 0.15783514, 'elapsed_time': 75.21185207366943}
2021-10-11 13:42:42,431 multi task weight : 0.9
2021-10-11 13:43:57,891 {'epoch': 171, 'lr': 6.395177052675792e-05, 'train_loss': 0.00032040258175819973, 'mae': 0.15817428, 'elapsed_time': 75.6624710559845}
2021-10-11 13:43:58,127 multi task weight : 0.9
2021-10-11 13:45:13,578 {'epoch': 172, 'lr': 6.047634999849528e-05, 'train_loss': 0.0003166126334179388, 'mae': 0.15826948, 'elapsed_time': 75.68596982955933}
2021-10-11 13:45:13,821 multi task weight : 0.9
2021-10-11 13:46:29,318 {'epoch': 173, 'lr': 5.711060902932039e-05, 'train_loss': 0.00031383959483910744, 'mae': 0.15774632, 'elapsed_time': 75.73957896232605}
2021-10-11 13:46:29,974 multi task weight : 0.9
2021-10-11 13:47:45,980 {'epoch': 174, 'lr': 5.385537806545467e-05, 'train_loss': 0.0003105618552143721, 'mae': 0.15771113, 'elapsed_time': 76.21695375442505}
2021-10-11 13:47:46,631 multi task weight : 0.9
2021-10-11 13:49:02,663 {'epoch': 175, 'lr': 5.0711460286429424e-05, 'train_loss': 0.000308518761471457, 'mae': 0.15809152, 'elapsed_time': 76.23399996757507}
2021-10-11 13:49:02,904 multi task weight : 0.9
2021-10-11 13:50:18,610 {'epoch': 176, 'lr': 4.767963140691315e-05, 'train_loss': 0.0003060528216667528, 'mae': 0.15791668, 'elapsed_time': 75.94608569145203}
2021-10-11 13:50:18,847 multi task weight : 0.9
2021-10-11 13:51:34,786 {'epoch': 177, 'lr': 4.4760639485315563e-05, 'train_loss': 0.00030302476909966995, 'mae': 0.1578934, 'elapsed_time': 76.17547297477722}
2021-10-11 13:51:35,028 multi task weight : 0.9
2021-10-11 13:52:50,893 {'epoch': 178, 'lr': 4.195520473921563e-05, 'train_loss': 0.00029979492034676693, 'mae': 0.15761755, 'elapsed_time': 76.10718131065369}
2021-10-11 13:52:51,573 multi task weight : 0.9
2021-10-11 13:54:07,456 {'epoch': 179, 'lr': 3.9264019367658385e-05, 'train_loss': 0.0002980868946180745, 'mae': 0.15785058, 'elapsed_time': 76.11117815971375}
2021-10-11 13:54:07,698 multi task weight : 0.9
2021-10-11 13:55:23,468 {'epoch': 180, 'lr': 3.6687747380365064e-05, 'train_loss': 0.0002957066463650932, 'mae': 0.15762816, 'elapsed_time': 76.01157307624817}
2021-10-11 13:55:23,693 multi task weight : 0.9
2021-10-11 13:56:39,316 {'epoch': 181, 'lr': 3.422702443389899e-05, 'train_loss': 0.0002934926545285701, 'mae': 0.15758088, 'elapsed_time': 75.84747242927551}
2021-10-11 13:56:40,003 multi task weight : 0.9
2021-10-11 13:57:55,198 {'epoch': 182, 'lr': 3.188245767482658e-05, 'train_loss': 0.00029189620608916894, 'mae': 0.15772802, 'elapsed_time': 75.41954302787781}
2021-10-11 13:57:55,434 multi task weight : 0.9
2021-10-11 13:59:10,119 {'epoch': 183, 'lr': 2.965462558991323e-05, 'train_loss': 0.0002894545567386726, 'mae': 0.15774779, 'elapsed_time': 74.9205093383789}
2021-10-11 13:59:10,371 multi task weight : 0.9
2021-10-11 14:00:25,021 {'epoch': 184, 'lr': 2.7544077863390004e-05, 'train_loss': 0.00028806191059341685, 'mae': 0.15759921, 'elapsed_time': 74.90174984931946}
2021-10-11 14:00:25,231 multi task weight : 0.9
2021-10-11 14:01:40,990 {'epoch': 185, 'lr': 2.5551335241327672e-05, 'train_loss': 0.0002866995721472819, 'mae': 0.15773721, 'elapsed_time': 75.96885395050049}
2021-10-11 14:01:41,230 multi task weight : 0.9
2021-10-11 14:02:56,722 {'epoch': 186, 'lr': 2.367688940315011e-05, 'train_loss': 0.0002851524571422179, 'mae': 0.1577929, 'elapsed_time': 75.73159718513489}
2021-10-11 14:02:56,989 multi task weight : 0.9
2021-10-11 14:04:12,062 {'epoch': 187, 'lr': 2.1921202840320077e-05, 'train_loss': 0.00028288021586178705, 'mae': 0.15779254, 'elapsed_time': 75.3387246131897}
2021-10-11 14:04:12,266 multi task weight : 0.9
2021-10-11 14:05:27,948 {'epoch': 188, 'lr': 2.0284708742225903e-05, 'train_loss': 0.0002818167321643168, 'mae': 0.15756045, 'elapsed_time': 75.88598036766052}
2021-10-11 14:05:28,635 multi task weight : 0.9
2021-10-11 14:06:44,129 {'epoch': 189, 'lr': 1.8767810889299086e-05, 'train_loss': 0.00028063814980308096, 'mae': 0.15766479, 'elapsed_time': 75.69833183288574}
2021-10-11 14:06:44,374 multi task weight : 0.9
2021-10-11 14:07:59,682 {'epoch': 190, 'lr': 1.7370883553386936e-05, 'train_loss': 0.00027932556610828484, 'mae': 0.15765436, 'elapsed_time': 75.55298733711243}
2021-10-11 14:07:59,898 multi task weight : 0.9
2021-10-11 14:09:15,548 {'epoch': 191, 'lr': 1.6094271405406862e-05, 'train_loss': 0.00027789699979560944, 'mae': 0.15773001, 'elapsed_time': 75.86548018455505}
2021-10-11 14:09:15,800 multi task weight : 0.9
2021-10-11 14:10:31,589 {'epoch': 192, 'lr': 1.4938289430304022e-05, 'train_loss': 0.0002770256292447695, 'mae': 0.15768129, 'elapsed_time': 76.0403163433075}
2021-10-11 14:10:31,821 multi task weight : 0.9
2021-10-11 14:11:47,452 {'epoch': 193, 'lr': 1.3903222849333509e-05, 'train_loss': 0.00027602462661486534, 'mae': 0.15761271, 'elapsed_time': 75.86218595504761}
2021-10-11 14:11:47,721 multi task weight : 0.9
2021-10-11 14:13:03,306 {'epoch': 194, 'lr': 1.2989327049686102e-05, 'train_loss': 0.0002753406237240577, 'mae': 0.15765868, 'elapsed_time': 75.85415482521057}
2021-10-11 14:13:03,526 multi task weight : 0.9
2021-10-11 14:14:19,463 {'epoch': 195, 'lr': 1.2196827521475404e-05, 'train_loss': 0.00027442758827611575, 'mae': 0.15782404, 'elapsed_time': 76.15618872642517}
2021-10-11 14:14:19,697 multi task weight : 0.9
2021-10-11 14:15:35,684 {'epoch': 196, 'lr': 1.152591980210166e-05, 'train_loss': 0.00027378723272193417, 'mae': 0.15772124, 'elapsed_time': 76.22114825248718}
2021-10-11 14:15:35,919 multi task weight : 0.9
2021-10-11 14:16:51,785 {'epoch': 197, 'lr': 1.097676942800558e-05, 'train_loss': 0.0002732088236351768, 'mae': 0.15772332, 'elapsed_time': 76.10030794143677}
2021-10-11 14:16:52,008 multi task weight : 0.9
2021-10-11 14:18:07,735 {'epoch': 198, 'lr': 1.0549511893824899e-05, 'train_loss': 0.00027261349777434935, 'mae': 0.1577193, 'elapsed_time': 75.94912219047546}
2021-10-11 14:18:07,963 multi task weight : 0.9
2021-10-11 14:19:23,517 {'epoch': 199, 'lr': 1.0244252618962858e-05, 'train_loss': 0.0002720435338515746, 'mae': 0.15773384, 'elapsed_time': 75.78144693374634}
2021-10-11 14:19:23,736 multi task weight : 0.9
2021-10-11 14:20:39,569 {'epoch': 200, 'lr': 1.006106692157801e-05, 'train_loss': 0.0002715547517870261, 'mae': 0.15767707, 'elapsed_time': 76.05244898796082}
2021-10-11 14:21:20,758 Total CV: 0.15756045281887054
