2021-10-16 06:05:40,350 create aug feature 0
2021-10-16 06:06:40,335 Index(['index', 'breath_id', 'id', 'R', 'C', 'time_step', 'u_in', 'u_out',
       'pressure', 'time_from_u_out_change', 'u_in_cumsum_per_time',
       'u_in_diff', 'u_in_diff2', 'u_in_diff_diff', 'area', 'cross2',
       'u_in_sqrt', 'time_step_diff'],
      dtype='object')
2021-10-16 06:06:40,336 create aug feature 1
2021-10-16 06:09:45,247 create aug feature 0
2021-10-16 06:10:44,227 create aug feature 1
2021-10-16 06:11:40,010 create aug feature 2
2021-10-16 06:12:35,613 create aug feature 3
2021-10-16 06:13:31,627 create aug feature 4
2021-10-16 06:14:27,491 create aug feature 5
2021-10-16 06:15:23,886 create aug feature 6
2021-10-16 06:16:19,545 create aug feature 7
2021-10-16 06:17:15,663 create aug feature 8
2021-10-16 06:18:11,463 create aug feature 9
2021-10-16 06:19:29,383 Fold 0
2021-10-16 06:19:57,716 train run device : cuda:0
2021-10-16 06:37:30,785 create aug feature 0
2021-10-16 06:38:40,061 create aug feature 1
2021-10-16 06:39:44,837 create aug feature 2
2021-10-16 06:40:48,676 create aug feature 3
2021-10-16 06:41:52,795 create aug feature 4
2021-10-16 06:42:55,722 create aug feature 5
2021-10-16 06:43:58,550 create aug feature 6
2021-10-16 06:45:01,553 create aug feature 7
2021-10-16 06:46:04,671 create aug feature 8
2021-10-16 06:47:06,430 create aug feature 9
2021-10-16 06:50:14,507 Fold 0
2021-10-16 06:50:45,941 train run device : cuda:0
2021-10-16 06:54:44,019 create aug feature 0
2021-10-16 06:55:53,517 create aug feature 1
2021-10-16 06:56:56,650 create aug feature 2
2021-10-16 06:57:59,655 create aug feature 3
2021-10-16 06:59:03,684 create aug feature 4
2021-10-16 07:00:06,802 create aug feature 5
2021-10-16 07:01:10,679 create aug feature 6
2021-10-16 07:02:14,800 create aug feature 7
2021-10-16 07:03:19,081 create aug feature 8
2021-10-16 07:04:23,877 create aug feature 9
2021-10-16 07:07:45,685 0          6036000
4023997         10
4024006         10
4024005         10
4024004         10
            ...   
2011999         10
2011998         10
2011997         10
2011996         10
6036000         10
Name: breath_id_ix, Length: 6036001, dtype: int64
2021-10-16 07:07:46,405 Fold 0
2021-10-16 07:08:17,484 train run device : cuda:0
2021-10-16 07:15:18,528 create aug feature 0
2021-10-16 07:16:25,211 create aug feature 1
2021-10-16 07:17:26,913 create aug feature 2
2021-10-16 07:18:27,301 create aug feature 3
2021-10-16 07:19:28,362 create aug feature 4
2021-10-16 07:20:29,269 create aug feature 5
2021-10-16 07:21:30,262 create aug feature 6
2021-10-16 07:22:30,816 create aug feature 7
2021-10-16 07:23:33,634 create aug feature 8
2021-10-16 07:24:35,593 create aug feature 9
2021-10-16 07:27:44,770 0     6036000
1     6036000
2     6036000
3     6036000
4     6036000
5     6036000
6     6036000
7     6036000
8     6036000
9     6036000
10    6036000
Name: breath_id_ix, dtype: int64
2021-10-16 07:27:45,497 Fold 0
2021-10-16 07:28:15,782 train run device : cuda:0
2021-10-16 07:29:03,112 multi task weight : 0.7
2021-10-16 07:30:18,399 {'epoch': 1, 'lr': 0.001, 'train_loss': 0.011193484553759899, 'mae': 1.0414215, 'elapsed_time': 75.96471905708313}
2021-10-16 07:30:19,148 multi task weight : 0.7013333333333333
2021-10-16 07:31:34,627 {'epoch': 2, 'lr': 0.000999960916880889, 'train_loss': 0.004037534958029362, 'mae': 0.8573098, 'elapsed_time': 75.6988456249237}
2021-10-16 07:31:35,362 multi task weight : 0.7026666666666667
2021-10-16 07:32:50,916 {'epoch': 3, 'lr': 0.0009998436736952333, 'train_loss': 0.0034996479399122095, 'mae': 0.8141618, 'elapsed_time': 75.77917146682739}
2021-10-16 07:32:51,646 multi task weight : 0.704
2021-10-16 07:34:07,236 {'epoch': 4, 'lr': 0.0009996482889570914, 'train_loss': 0.0032118416705457006, 'mae': 0.7206679, 'elapsed_time': 75.81394863128662}
2021-10-16 07:34:07,962 multi task weight : 0.7053333333333334
2021-10-16 07:35:23,534 {'epoch': 5, 'lr': 0.0009993747935199784, 'train_loss': 0.0029989876282618014, 'mae': 0.7037033, 'elapsed_time': 75.79194951057434}
2021-10-16 07:35:24,266 multi task weight : 0.7066666666666667
2021-10-16 07:36:39,820 {'epoch': 6, 'lr': 0.0009990232305719941, 'train_loss': 0.0028446368354689295, 'mae': 0.64011824, 'elapsed_time': 75.77175092697144}
2021-10-16 07:36:40,556 multi task weight : 0.708
2021-10-16 07:37:56,066 {'epoch': 7, 'lr': 0.0009985936556290037, 'train_loss': 0.0028643557726546896, 'mae': 0.59196275, 'elapsed_time': 75.74027109146118}
2021-10-16 07:37:56,829 multi task weight : 0.7093333333333334
2021-10-16 07:39:12,393 {'epoch': 8, 'lr': 0.0009980861365258703, 'train_loss': 0.0026248436591497235, 'mae': 0.5286455, 'elapsed_time': 75.81193733215332}
2021-10-16 07:39:13,124 multi task weight : 0.7106666666666667
2021-10-16 07:40:28,772 {'epoch': 9, 'lr': 0.0009975007534057435, 'train_loss': 0.0025800303192506807, 'mae': 0.52627945, 'elapsed_time': 75.87477397918701}
2021-10-16 07:40:29,515 multi task weight : 0.712
2021-10-16 07:41:45,125 {'epoch': 10, 'lr': 0.000996837598707404, 'train_loss': 0.0024919358871487137, 'mae': 0.54730344, 'elapsed_time': 75.84439992904663}
2021-10-16 07:41:45,368 multi task weight : 0.7133333333333334
2021-10-16 07:43:00,735 {'epoch': 11, 'lr': 0.0009960967771506664, 'train_loss': 0.002409469518462422, 'mae': 0.48490638, 'elapsed_time': 75.61033177375793}
2021-10-16 07:43:01,441 multi task weight : 0.7146666666666666
2021-10-16 07:44:16,814 {'epoch': 12, 'lr': 0.000995278405719842, 'train_loss': 0.002335251055317181, 'mae': 0.4597455, 'elapsed_time': 75.58674502372742}
2021-10-16 07:44:17,537 multi task weight : 0.716
2021-10-16 07:45:32,888 {'epoch': 13, 'lr': 0.0009943826136452672, 'train_loss': 0.002325774993651193, 'mae': 0.44822526, 'elapsed_time': 75.57765221595764}
2021-10-16 07:45:33,617 multi task weight : 0.7173333333333333
2021-10-16 07:46:49,317 {'epoch': 14, 'lr': 0.0009934095423828945, 'train_loss': 0.002207117225552648, 'mae': 0.46437126, 'elapsed_time': 75.9292984008789}
2021-10-16 07:46:49,559 multi task weight : 0.7186666666666666
2021-10-16 07:48:05,070 {'epoch': 15, 'lr': 0.0009923593455919565, 'train_loss': 0.0023020752216210976, 'mae': 0.43207064, 'elapsed_time': 75.75194358825684}
2021-10-16 07:48:05,809 multi task weight : 0.72
2021-10-16 07:49:21,419 {'epoch': 16, 'lr': 0.0009912321891107007, 'train_loss': 0.002180366148472306, 'mae': 0.39811456, 'elapsed_time': 75.84576201438904}
2021-10-16 07:49:22,146 multi task weight : 0.7213333333333333
2021-10-16 07:50:37,574 {'epoch': 17, 'lr': 0.000990028250930202, 'train_loss': 0.0021919367574476266, 'mae': 0.4232889, 'elapsed_time': 75.65515303611755}
2021-10-16 07:50:37,813 multi task weight : 0.7226666666666667
2021-10-16 07:51:53,410 {'epoch': 18, 'lr': 0.0009887477211662555, 'train_loss': 0.002124383472365366, 'mae': 0.5068841, 'elapsed_time': 75.83588695526123}
2021-10-16 07:51:53,621 multi task weight : 0.724
2021-10-16 07:53:09,492 {'epoch': 19, 'lr': 0.0009873908020293554, 'train_loss': 0.0021770401063484416, 'mae': 0.41892505, 'elapsed_time': 76.08137559890747}
2021-10-16 07:53:09,717 multi task weight : 0.7253333333333333
2021-10-16 07:54:25,565 {'epoch': 20, 'lr': 0.0009859577077927632, 'train_loss': 0.002131043773729569, 'mae': 0.40736505, 'elapsed_time': 76.07276725769043}
2021-10-16 07:54:25,784 multi task weight : 0.7266666666666667
2021-10-16 07:55:41,566 {'epoch': 21, 'lr': 0.000984448664758672, 'train_loss': 0.0020287375025712867, 'mae': 0.3853819, 'elapsed_time': 76.00018572807312}
2021-10-16 07:55:42,321 multi task weight : 0.728
2021-10-16 07:56:58,257 {'epoch': 22, 'lr': 0.00098286391122247, 'train_loss': 0.00195504064943871, 'mae': 0.32405525, 'elapsed_time': 76.18099212646484}
2021-10-16 07:56:58,992 multi task weight : 0.7293333333333333
2021-10-16 07:58:14,907 {'epoch': 23, 'lr': 0.0009812036974351118, 'train_loss': 0.002003068725761789, 'mae': 0.37684402, 'elapsed_time': 76.14963269233704}
2021-10-16 07:58:15,148 multi task weight : 0.7306666666666667
2021-10-16 07:59:31,119 {'epoch': 24, 'lr': 0.0009794682855636002, 'train_loss': 0.0020222184689551335, 'mae': 0.35388508, 'elapsed_time': 76.21136236190796}
2021-10-16 07:59:31,344 multi task weight : 0.732
2021-10-16 08:00:47,151 {'epoch': 25, 'lr': 0.0009776579496495873, 'train_loss': 0.001864009692455223, 'mae': 0.35944495, 'elapsed_time': 76.03119492530823}
2021-10-16 08:00:47,393 multi task weight : 0.7333333333333334
2021-10-16 08:02:03,543 {'epoch': 26, 'lr': 0.0009757729755661, 'train_loss': 0.001879943809746669, 'mae': 0.3457657, 'elapsed_time': 76.39123010635376}
2021-10-16 08:02:03,801 multi task weight : 0.7346666666666667
2021-10-16 08:03:19,719 {'epoch': 27, 'lr': 0.0009738136609723973, 'train_loss': 0.0019654518614212672, 'mae': 0.40066138, 'elapsed_time': 76.17613935470581}
2021-10-16 08:03:19,940 multi task weight : 0.736
2021-10-16 08:04:35,943 {'epoch': 28, 'lr': 0.0009717803152669668, 'train_loss': 0.0018376292546037178, 'mae': 0.313988, 'elapsed_time': 76.22312331199646}
2021-10-16 08:04:36,665 multi task weight : 0.7373333333333334
2021-10-16 08:05:52,655 {'epoch': 29, 'lr': 0.0009696732595386666, 'train_loss': 0.0019400582472917812, 'mae': 0.38563126, 'elapsed_time': 76.20794296264648}
2021-10-16 08:05:52,894 multi task weight : 0.7386666666666666
2021-10-16 08:07:08,768 {'epoch': 30, 'lr': 0.0009674928265160219, 'train_loss': 0.0017945246727775468, 'mae': 0.29562837, 'elapsed_time': 76.11290693283081}
2021-10-16 08:07:09,528 multi task weight : 0.74
2021-10-16 08:08:25,436 {'epoch': 31, 'lr': 0.0009652393605146833, 'train_loss': 0.0017339222540497543, 'mae': 0.31101152, 'elapsed_time': 76.15345120429993}
2021-10-16 08:08:25,693 multi task weight : 0.7413333333333334
2021-10-16 08:09:41,758 {'epoch': 32, 'lr': 0.0009629132173830556, 'train_loss': 0.001806366771973072, 'mae': 0.38770458, 'elapsed_time': 76.32096600532532}
2021-10-16 08:09:41,990 multi task weight : 0.7426666666666666
2021-10-16 08:10:57,931 {'epoch': 33, 'lr': 0.0009605147644461048, 'train_loss': 0.0018387705549311368, 'mae': 0.28492042, 'elapsed_time': 76.17287993431091}
2021-10-16 08:10:58,667 multi task weight : 0.744
2021-10-16 08:12:14,501 {'epoch': 34, 'lr': 0.0009580443804473531, 'train_loss': 0.001945649339978548, 'mae': 0.3412618, 'elapsed_time': 76.05781483650208}
2021-10-16 08:12:14,718 multi task weight : 0.7453333333333333
2021-10-16 08:13:30,715 {'epoch': 35, 'lr': 0.0009555024554890718, 'train_loss': 0.0018247843823087698, 'mae': 0.31428787, 'elapsed_time': 76.2138671875}
2021-10-16 08:13:30,944 multi task weight : 0.7466666666666666
2021-10-16 08:14:46,708 {'epoch': 36, 'lr': 0.0009528893909706786, 'train_loss': 0.001677250848543652, 'mae': 0.32255816, 'elapsed_time': 75.99289393424988}
2021-10-16 08:14:46,929 multi task weight : 0.7479999999999999
2021-10-16 08:16:02,585 {'epoch': 37, 'lr': 0.0009502055995253526, 'train_loss': 0.001607416415398211, 'mae': 0.2657033, 'elapsed_time': 75.87605810165405}
2021-10-16 08:16:03,319 multi task weight : 0.7493333333333333
2021-10-16 08:17:19,216 {'epoch': 38, 'lr': 0.0009474515049548744, 'train_loss': 0.0018215183440208277, 'mae': 0.45772222, 'elapsed_time': 76.12937593460083}
2021-10-16 08:17:19,446 multi task weight : 0.7506666666666666
2021-10-16 08:18:35,355 {'epoch': 39, 'lr': 0.0009446275421627035, 'train_loss': 0.0017924308650951026, 'mae': 0.29388824, 'elapsed_time': 76.1389844417572}
2021-10-16 08:18:35,580 multi task weight : 0.752
2021-10-16 08:19:51,891 {'epoch': 40, 'lr': 0.0009417341570853008, 'train_loss': 0.0017367181436678998, 'mae': 0.32807225, 'elapsed_time': 76.53531074523926}
2021-10-16 08:19:52,108 multi task weight : 0.7533333333333333
2021-10-16 08:21:08,406 {'epoch': 41, 'lr': 0.0009387718066217113, 'train_loss': 0.001660417166221924, 'mae': 0.269607, 'elapsed_time': 76.5143632888794}
2021-10-16 08:21:08,631 multi task weight : 0.7546666666666666
2021-10-16 08:22:25,130 {'epoch': 42, 'lr': 0.0009357409585614141, 'train_loss': 0.0015471930352068642, 'mae': 0.27174917, 'elapsed_time': 76.72378706932068}
2021-10-16 08:22:25,370 multi task weight : 0.756
2021-10-16 08:23:42,264 {'epoch': 43, 'lr': 0.0009326420915104522, 'train_loss': 0.0016986424943976563, 'mae': 0.33774757, 'elapsed_time': 77.1336395740509}
2021-10-16 08:23:42,485 multi task weight : 0.7573333333333334
2021-10-16 08:24:59,345 {'epoch': 44, 'lr': 0.0009294756948158567, 'train_loss': 0.0016174868586108415, 'mae': 0.25507176, 'elapsed_time': 77.08091616630554}
2021-10-16 08:25:00,070 multi task weight : 0.7586666666666666
2021-10-16 08:26:17,058 {'epoch': 45, 'lr': 0.0009262422684883714, 'train_loss': 0.0015216814384921013, 'mae': 0.27826452, 'elapsed_time': 77.2082245349884}
2021-10-16 08:26:17,295 multi task weight : 0.76
2021-10-16 08:27:34,389 {'epoch': 46, 'lr': 0.0009229423231234963, 'train_loss': 0.0014836556177569035, 'mae': 0.2605071, 'elapsed_time': 77.33040475845337}
2021-10-16 08:27:34,624 multi task weight : 0.7613333333333333
2021-10-16 08:28:51,541 {'epoch': 47, 'lr': 0.0009195763798208591, 'train_loss': 0.0015428091481456384, 'mae': 0.25410637, 'elapsed_time': 77.15109395980835}
2021-10-16 08:28:52,300 multi task weight : 0.7626666666666666
2021-10-16 08:30:09,252 {'epoch': 48, 'lr': 0.0009161449701019262, 'train_loss': 0.0014369238266749758, 'mae': 0.24731046, 'elapsed_time': 77.19003415107727}
2021-10-16 08:30:09,986 multi task weight : 0.764
2021-10-16 08:31:26,762 {'epoch': 49, 'lr': 0.0009126486358260705, 'train_loss': 0.0017447627303199787, 'mae': 0.29951373, 'elapsed_time': 76.99896788597107}
2021-10-16 08:31:27,005 multi task weight : 0.7653333333333333
2021-10-16 08:32:43,886 {'epoch': 50, 'lr': 0.000909087929105005, 'train_loss': 0.0015734097718540763, 'mae': 0.27087942, 'elapsed_time': 77.12369894981384}
2021-10-16 08:32:44,124 multi task weight : 0.7666666666666666
2021-10-16 08:34:00,877 {'epoch': 51, 'lr': 0.0009054634122155979, 'train_loss': 0.0014733757621271078, 'mae': 0.24812788, 'elapsed_time': 76.99010229110718}
2021-10-16 08:34:01,109 multi task weight : 0.768
2021-10-16 08:35:17,901 {'epoch': 52, 'lr': 0.0009017756575110829, 'train_loss': 0.0014507615453680277, 'mae': 0.2346654, 'elapsed_time': 77.02329087257385}
2021-10-16 08:35:18,655 multi task weight : 0.7693333333333333
2021-10-16 08:36:35,435 {'epoch': 53, 'lr': 0.0008980252473306773, 'train_loss': 0.0016181205104940216, 'mae': 0.298638, 'elapsed_time': 77.0085084438324}
2021-10-16 08:36:35,663 multi task weight : 0.7706666666666666
2021-10-16 08:37:52,326 {'epoch': 54, 'lr': 0.0008942127739076252, 'train_loss': 0.0014280071372204542, 'mae': 0.24592493, 'elapsed_time': 76.88987946510315}
2021-10-16 08:37:52,549 multi task weight : 0.772
2021-10-16 08:39:09,510 {'epoch': 55, 'lr': 0.0008903388392756755, 'train_loss': 0.00133481852468313, 'mae': 0.25155944, 'elapsed_time': 77.18391108512878}
2021-10-16 08:39:09,732 multi task weight : 0.7733333333333332
2021-10-16 08:40:26,532 {'epoch': 56, 'lr': 0.0008864040551740145, 'train_loss': 0.0015016312686870871, 'mae': 0.31168076, 'elapsed_time': 77.0214524269104}
2021-10-16 08:40:26,775 multi task weight : 0.7746666666666666
2021-10-16 08:41:43,559 {'epoch': 57, 'lr': 0.0008824090429506656, 'train_loss': 0.0015237170254911627, 'mae': 0.24737634, 'elapsed_time': 77.02675223350525}
2021-10-16 08:41:43,787 multi task weight : 0.776
2021-10-16 08:43:00,488 {'epoch': 58, 'lr': 0.0008783544334643704, 'train_loss': 0.0013885454777714588, 'mae': 0.27937403, 'elapsed_time': 76.92884993553162}
2021-10-16 08:43:00,721 multi task weight : 0.7773333333333332
2021-10-16 08:44:17,202 {'epoch': 59, 'lr': 0.0008742408669849691, 'train_loss': 0.0013433777627820918, 'mae': 0.2362157, 'elapsed_time': 76.71328806877136}
2021-10-16 08:44:17,427 multi task weight : 0.7786666666666666
2021-10-16 08:45:33,982 {'epoch': 60, 'lr': 0.0008700689930922951, 'train_loss': 0.0013859999782700188, 'mae': 0.2383007, 'elapsed_time': 76.7792649269104}
2021-10-16 08:45:34,215 multi task weight : 0.78
2021-10-16 08:46:50,824 {'epoch': 61, 'lr': 0.0008658394705735977, 'train_loss': 0.001360408824512388, 'mae': 0.260042, 'elapsed_time': 76.84145641326904}
2021-10-16 08:46:51,048 multi task weight : 0.7813333333333332
2021-10-16 08:48:07,544 {'epoch': 62, 'lr': 0.0008615529673195128, 'train_loss': 0.0013170302598049027, 'mae': 0.2302929, 'elapsed_time': 76.71936130523682}
2021-10-16 08:48:08,282 multi task weight : 0.7826666666666666
2021-10-16 08:49:24,664 {'epoch': 63, 'lr': 0.0008572101602185953, 'train_loss': 0.001435683805907776, 'mae': 0.22690384, 'elapsed_time': 76.61891865730286}
2021-10-16 08:49:25,401 multi task weight : 0.784
2021-10-16 08:50:41,819 {'epoch': 64, 'lr': 0.0008528117350504294, 'train_loss': 0.0013804789662183398, 'mae': 0.2600273, 'elapsed_time': 76.63468337059021}
2021-10-16 08:50:42,056 multi task weight : 0.7853333333333332
2021-10-16 08:51:58,639 {'epoch': 65, 'lr': 0.0008483583863773374, 'train_loss': 0.0014582739934335092, 'mae': 0.2573198, 'elapsed_time': 76.81991600990295}
2021-10-16 08:51:58,862 multi task weight : 0.7866666666666666
2021-10-16 08:53:15,639 {'epoch': 66, 'lr': 0.0008438508174346998, 'train_loss': 0.0013399434378993994, 'mae': 0.2518669, 'elapsed_time': 76.99962520599365}
2021-10-16 08:53:15,864 multi task weight : 0.788
2021-10-16 08:54:32,564 {'epoch': 67, 'lr': 0.0008392897400199059, 'train_loss': 0.00129775479485295, 'mae': 0.23090975, 'elapsed_time': 76.9240243434906}
2021-10-16 08:54:32,800 multi task weight : 0.7893333333333333
2021-10-16 08:55:49,650 {'epoch': 68, 'lr': 0.0008346758743799535, 'train_loss': 0.0013261307067946933, 'mae': 0.23815587, 'elapsed_time': 77.08535933494568}
2021-10-16 08:55:49,887 multi task weight : 0.7906666666666666
2021-10-16 08:57:06,782 {'epoch': 69, 'lr': 0.0008300099490977124, 'train_loss': 0.0012251740710339538, 'mae': 0.25312233, 'elapsed_time': 77.13212084770203}
2021-10-16 08:57:07,015 multi task weight : 0.792
2021-10-16 08:58:23,593 {'epoch': 70, 'lr': 0.000825292700976874, 'train_loss': 0.0012182172863065919, 'mae': 0.23758632, 'elapsed_time': 76.80993628501892}
2021-10-16 08:58:23,849 multi task weight : 0.7933333333333333
2021-10-16 08:59:40,717 {'epoch': 71, 'lr': 0.0008205248749256004, 'train_loss': 0.0012211519739707233, 'mae': 0.23159023, 'elapsed_time': 77.12312316894531}
2021-10-16 08:59:40,963 multi task weight : 0.7946666666666666
2021-10-16 09:00:58,071 {'epoch': 72, 'lr': 0.0008157072238388957, 'train_loss': 0.001248005764142933, 'mae': 0.2192601, 'elapsed_time': 77.35426735877991}
2021-10-16 09:00:58,839 multi task weight : 0.796
2021-10-16 09:02:15,874 {'epoch': 73, 'lr': 0.0008108405084797145, 'train_loss': 0.0012975036712811435, 'mae': 0.21685721, 'elapsed_time': 77.28080224990845}
2021-10-16 09:02:16,652 multi task weight : 0.7973333333333333
2021-10-16 09:03:33,841 {'epoch': 74, 'lr': 0.0008059254973588287, 'train_loss': 0.0012167342595948614, 'mae': 0.22428247, 'elapsed_time': 77.43180274963379}
2021-10-16 09:03:34,077 multi task weight : 0.7986666666666666
2021-10-16 09:04:51,257 {'epoch': 75, 'lr': 0.0008009629666134708, 'train_loss': 0.0012462057490481928, 'mae': 0.21321851, 'elapsed_time': 77.41582036018372}
2021-10-16 09:04:52,031 multi task weight : 0.8
2021-10-16 09:06:08,921 {'epoch': 76, 'lr': 0.0007959536998847731, 'train_loss': 0.0011334198563451637, 'mae': 0.22104555, 'elapsed_time': 77.1320960521698}
2021-10-16 09:06:09,162 multi task weight : 0.8013333333333333
2021-10-16 09:07:25,796 {'epoch': 77, 'lr': 0.0007908984881940213, 'train_loss': 0.0012160153336195933, 'mae': 0.21335721, 'elapsed_time': 76.87472867965698}
2021-10-16 09:07:26,049 multi task weight : 0.8026666666666666
2021-10-16 09:08:42,697 {'epoch': 78, 'lr': 0.0007857981298177435, 'train_loss': 0.0011277441467381299, 'mae': 0.2130024, 'elapsed_time': 76.90077567100525}
2021-10-16 09:08:43,468 multi task weight : 0.804
2021-10-16 09:09:59,819 {'epoch': 79, 'lr': 0.000780653430161652, 'train_loss': 0.0011291646927526014, 'mae': 0.28899422, 'elapsed_time': 76.58979368209839}
2021-10-16 09:10:00,067 multi task weight : 0.8053333333333333
2021-10-16 09:11:16,227 {'epoch': 80, 'lr': 0.0007754652016334621, 'train_loss': 0.001322305868543324, 'mae': 0.3289176, 'elapsed_time': 76.40723776817322}
2021-10-16 09:11:16,450 multi task weight : 0.8066666666666666
2021-10-16 09:12:32,266 {'epoch': 81, 'lr': 0.0007702342635146022, 'train_loss': 0.0013418454620086097, 'mae': 0.21828544, 'elapsed_time': 76.03940200805664}
2021-10-16 09:12:32,500 multi task weight : 0.808
2021-10-16 09:13:48,394 {'epoch': 82, 'lr': 0.0007649614418308403, 'train_loss': 0.0011168454030023812, 'mae': 0.21220304, 'elapsed_time': 76.12710189819336}
2021-10-16 09:13:49,139 multi task weight : 0.8093333333333333
2021-10-16 09:15:05,732 {'epoch': 83, 'lr': 0.0007596475692218447, 'train_loss': 0.001098480117565911, 'mae': 0.20507415, 'elapsed_time': 76.83085298538208}
2021-10-16 09:15:06,507 multi task weight : 0.8106666666666666
2021-10-16 09:16:22,739 {'epoch': 84, 'lr': 0.0007542934848097005, 'train_loss': 0.001055229609650717, 'mae': 0.20877776, 'elapsed_time': 76.48745560646057}
2021-10-16 09:16:22,980 multi task weight : 0.812
2021-10-16 09:17:39,271 {'epoch': 85, 'lr': 0.0007489000340664033, 'train_loss': 0.0010399795075010747, 'mae': 0.20385379, 'elapsed_time': 76.53160429000854}
2021-10-16 09:17:40,023 multi task weight : 0.8133333333333334
2021-10-16 09:18:56,411 {'epoch': 86, 'lr': 0.000743468068680348, 'train_loss': 0.0011677205583575626, 'mae': 0.2259234, 'elapsed_time': 76.61234164237976}
2021-10-16 09:18:56,648 multi task weight : 0.8146666666666667
2021-10-16 09:20:13,062 {'epoch': 87, 'lr': 0.0007379984464218386, 'train_loss': 0.0011407647732425558, 'mae': 0.2089831, 'elapsed_time': 76.65059304237366}
2021-10-16 09:20:13,318 multi task weight : 0.8160000000000001
2021-10-16 09:21:29,695 {'epoch': 88, 'lr': 0.0007324920310076356, 'train_loss': 0.0009905803694363223, 'mae': 0.2026167, 'elapsed_time': 76.63279175758362}
2021-10-16 09:21:30,508 multi task weight : 0.8173333333333334
2021-10-16 09:22:47,031 {'epoch': 89, 'lr': 0.0007269496919645652, 'train_loss': 0.0011471769007785656, 'mae': 0.22363532, 'elapsed_time': 76.77035665512085}
2021-10-16 09:22:47,254 multi task weight : 0.8186666666666667
2021-10-16 09:24:03,835 {'epoch': 90, 'lr': 0.0007213723044922109, 'train_loss': 0.001029363732520834, 'mae': 0.21301669, 'elapsed_time': 76.80396127700806}
2021-10-16 09:24:04,062 multi task weight : 0.8200000000000001
2021-10-16 09:25:20,748 {'epoch': 91, 'lr': 0.0007157607493247101, 'train_loss': 0.001097500196987031, 'mae': 0.22488378, 'elapsed_time': 76.91192150115967}
2021-10-16 09:25:20,995 multi task weight : 0.8213333333333334
2021-10-16 09:26:37,672 {'epoch': 92, 'lr': 0.0007101159125916748, 'train_loss': 0.0010124475420548317, 'mae': 0.21013479, 'elapsed_time': 76.92350101470947}
2021-10-16 09:26:37,920 multi task weight : 0.8226666666666667
2021-10-16 09:27:55,106 {'epoch': 93, 'lr': 0.0007044386856782622, 'train_loss': 0.0009524354347039565, 'mae': 0.19934416, 'elapsed_time': 77.43351793289185}
2021-10-16 09:27:55,916 multi task weight : 0.8240000000000001
2021-10-16 09:29:13,078 {'epoch': 94, 'lr': 0.0006987299650844144, 'train_loss': 0.0009527119175290888, 'mae': 0.19885975, 'elapsed_time': 77.42230272293091}
2021-10-16 09:29:13,869 multi task weight : 0.8253333333333334
2021-10-16 09:30:30,935 {'epoch': 95, 'lr': 0.0006929906522832908, 'train_loss': 0.001148960833555622, 'mae': 0.20794623, 'elapsed_time': 77.30432915687561}
2021-10-16 09:30:31,180 multi task weight : 0.8266666666666667
2021-10-16 09:31:48,301 {'epoch': 96, 'lr': 0.0006872216535789149, 'train_loss': 0.0010030084835813487, 'mae': 0.20267168, 'elapsed_time': 77.36599063873291}
2021-10-16 09:31:48,534 multi task weight : 0.8280000000000001
2021-10-16 09:33:05,742 {'epoch': 97, 'lr': 0.0006814238799630584, 'train_loss': 0.0009532553794922775, 'mae': 0.19115016, 'elapsed_time': 77.440847158432}
2021-10-16 09:33:06,524 multi task weight : 0.8293333333333333
2021-10-16 09:34:23,015 {'epoch': 98, 'lr': 0.0006755982469713853, 'train_loss': 0.0009212842150643774, 'mae': 0.1955945, 'elapsed_time': 76.73041558265686}
2021-10-16 09:34:23,259 multi task weight : 0.8306666666666667
2021-10-16 09:35:39,737 {'epoch': 99, 'lr': 0.0006697456745388777, 'train_loss': 0.000926886720248332, 'mae': 0.19620173, 'elapsed_time': 76.72132468223572}
2021-10-16 09:35:39,987 multi task weight : 0.8320000000000001
2021-10-16 09:36:56,267 {'epoch': 100, 'lr': 0.000663867086854568, 'train_loss': 0.0008980886367593403, 'mae': 0.22785395, 'elapsed_time': 76.52982544898987}
2021-10-16 09:36:56,521 multi task weight : 0.8333333333333333
2021-10-16 09:38:12,792 {'epoch': 101, 'lr': 0.0006579634122155984, 'train_loss': 0.001002351518021742, 'mae': 0.19054437, 'elapsed_time': 76.52454257011414}
2021-10-16 09:38:13,580 multi task weight : 0.8346666666666667
2021-10-16 09:39:29,917 {'epoch': 102, 'lr': 0.0006520355828806316, 'train_loss': 0.0008678974317123828, 'mae': 0.19736485, 'elapsed_time': 76.57936143875122}
2021-10-16 09:39:30,155 multi task weight : 0.8360000000000001
2021-10-16 09:40:46,615 {'epoch': 103, 'lr': 0.0006460845349226375, 'train_loss': 0.0008357377392051629, 'mae': 0.19329402, 'elapsed_time': 76.69737386703491}
2021-10-16 09:40:46,849 multi task weight : 0.8373333333333333
2021-10-16 09:42:02,932 {'epoch': 104, 'lr': 0.0006401112080810754, 'train_loss': 0.0009712643662160244, 'mae': 0.23866777, 'elapsed_time': 76.31644010543823}
2021-10-16 09:42:03,164 multi task weight : 0.8386666666666667
2021-10-16 09:43:19,205 {'epoch': 105, 'lr': 0.0006341165456134983, 'train_loss': 0.0011118566514917998, 'mae': 0.20041578, 'elapsed_time': 76.27220845222473}
2021-10-16 09:43:19,452 multi task weight : 0.8400000000000001
2021-10-16 09:44:35,331 {'epoch': 106, 'lr': 0.0006281014941466025, 'train_loss': 0.0008759738521920757, 'mae': 0.19430937, 'elapsed_time': 76.1255874633789}
2021-10-16 09:44:35,554 multi task weight : 0.8413333333333333
2021-10-16 09:45:51,353 {'epoch': 107, 'lr': 0.0006220670035267433, 'train_loss': 0.000813413610604127, 'mae': 0.18449973, 'elapsed_time': 76.02144837379456}
2021-10-16 09:45:52,125 multi task weight : 0.8426666666666667
2021-10-16 09:47:07,981 {'epoch': 108, 'lr': 0.0006160140266699433, 'train_loss': 0.0007936935534859983, 'mae': 0.18136056, 'elapsed_time': 76.09034538269043}
2021-10-16 09:47:08,732 multi task weight : 0.8440000000000001
2021-10-16 09:48:24,659 {'epoch': 109, 'lr': 0.0006099435194114167, 'train_loss': 0.0008101636924052018, 'mae': 0.18875946, 'elapsed_time': 76.15067672729492}
2021-10-16 09:48:24,897 multi task weight : 0.8453333333333333
2021-10-16 09:49:40,730 {'epoch': 110, 'lr': 0.0006038564403546311, 'train_loss': 0.0008397613811899765, 'mae': 0.18692224, 'elapsed_time': 76.07044219970703}
2021-10-16 09:49:40,964 multi task weight : 0.8466666666666667
2021-10-16 09:50:56,741 {'epoch': 111, 'lr': 0.0005977537507199332, 'train_loss': 0.0008908744329911261, 'mae': 0.21271102, 'elapsed_time': 76.01109337806702}
2021-10-16 09:50:56,970 multi task weight : 0.8480000000000001
2021-10-16 09:52:12,889 {'epoch': 112, 'lr': 0.0005916364141927612, 'train_loss': 0.0008264883259043463, 'mae': 0.18728316, 'elapsed_time': 76.14674377441406}
2021-10-16 09:52:13,119 multi task weight : 0.8493333333333333
2021-10-16 09:53:29,033 {'epoch': 113, 'lr': 0.000585505396771467, 'train_loss': 0.0007964245447946985, 'mae': 0.18467736, 'elapsed_time': 76.14348983764648}
2021-10-16 09:53:29,276 multi task weight : 0.8506666666666667
2021-10-16 09:54:45,664 {'epoch': 114, 'lr': 0.0005793616666147743, 'train_loss': 0.000992267322834554, 'mae': 0.23330802, 'elapsed_time': 76.63090062141418}
2021-10-16 09:54:45,894 multi task weight : 0.8520000000000001
2021-10-16 09:56:01,960 {'epoch': 115, 'lr': 0.0005732061938888954, 'train_loss': 0.0009283226981976319, 'mae': 0.20193875, 'elapsed_time': 76.29505324363708}
2021-10-16 09:56:02,188 multi task weight : 0.8533333333333333
2021-10-16 09:57:18,161 {'epoch': 116, 'lr': 0.0005670399506143301, 'train_loss': 0.0008212816305927602, 'mae': 0.18177934, 'elapsed_time': 76.20054650306702}
2021-10-16 09:57:18,407 multi task weight : 0.8546666666666667
2021-10-16 09:58:35,215 {'epoch': 117, 'lr': 0.0005608639105123728, 'train_loss': 0.0007714080007720894, 'mae': 0.1840145, 'elapsed_time': 77.05322265625}
2021-10-16 09:58:35,473 multi task weight : 0.8560000000000001
2021-10-16 09:59:52,137 {'epoch': 118, 'lr': 0.0005546790488513508, 'train_loss': 0.0007373953751622248, 'mae': 0.18274643, 'elapsed_time': 76.92171573638916}
2021-10-16 09:59:52,387 multi task weight : 0.8573333333333333
2021-10-16 10:01:09,064 {'epoch': 119, 'lr': 0.0005484863422926174, 'train_loss': 0.0007905452385683025, 'mae': 0.18295239, 'elapsed_time': 76.92679166793823}
2021-10-16 10:01:09,301 multi task weight : 0.8586666666666667
2021-10-16 10:02:25,763 {'epoch': 120, 'lr': 0.0005422867687363261, 'train_loss': 0.0007437157641535883, 'mae': 0.1830014, 'elapsed_time': 76.6985855102539}
2021-10-16 10:02:25,993 multi task weight : 0.8600000000000001
2021-10-16 10:03:42,403 {'epoch': 121, 'lr': 0.0005360813071670096, 'train_loss': 0.0007083198334589709, 'mae': 0.17857364, 'elapsed_time': 76.63894319534302}
2021-10-16 10:03:43,158 multi task weight : 0.8613333333333333
2021-10-16 10:04:59,052 {'epoch': 122, 'lr': 0.0005298709374989853, 'train_loss': 0.000729055331515073, 'mae': 0.18062168, 'elapsed_time': 76.11378931999207}
2021-10-16 10:04:59,282 multi task weight : 0.8626666666666667
2021-10-16 10:06:15,112 {'epoch': 123, 'lr': 0.000523656640421617, 'train_loss': 0.0007643245762946039, 'mae': 0.1830568, 'elapsed_time': 76.05960011482239}
2021-10-16 10:06:15,341 multi task weight : 0.864
2021-10-16 10:07:31,349 {'epoch': 124, 'lr': 0.0005174393972444516, 'train_loss': 0.0007124003064877312, 'mae': 0.1784847, 'elapsed_time': 76.23679566383362}
2021-10-16 10:07:32,121 multi task weight : 0.8653333333333333
2021-10-16 10:08:48,030 {'epoch': 125, 'lr': 0.0005112201897422591, 'train_loss': 0.0007025658152380315, 'mae': 0.17521775, 'elapsed_time': 76.14639830589294}
2021-10-16 10:08:48,822 multi task weight : 0.8666666666666666
2021-10-16 10:10:04,727 {'epoch': 126, 'lr': 0.0005049999999999995, 'train_loss': 0.0006927746346231484, 'mae': 0.17677607, 'elapsed_time': 76.15126276016235}
2021-10-16 10:10:04,963 multi task weight : 0.868
2021-10-16 10:11:20,853 {'epoch': 127, 'lr': 0.0004987798102577399, 'train_loss': 0.0006815246704439993, 'mae': 0.17822991, 'elapsed_time': 76.1259982585907}
2021-10-16 10:11:21,080 multi task weight : 0.8693333333333333
2021-10-16 10:12:36,635 {'epoch': 128, 'lr': 0.0004925606027555475, 'train_loss': 0.0006784671631186825, 'mae': 0.17587571, 'elapsed_time': 75.78145980834961}
2021-10-16 10:12:36,870 multi task weight : 0.8706666666666667
2021-10-16 10:13:52,503 {'epoch': 129, 'lr': 0.00048634335957838186, 'train_loss': 0.0006660172878718281, 'mae': 0.18199946, 'elapsed_time': 75.86772727966309}
2021-10-16 10:13:52,735 multi task weight : 0.872
2021-10-16 10:15:08,286 {'epoch': 130, 'lr': 0.0004801290625010136, 'train_loss': 0.0006667279288409719, 'mae': 0.17342354, 'elapsed_time': 75.7822368144989}
2021-10-16 10:15:09,051 multi task weight : 0.8733333333333333
2021-10-16 10:16:24,550 {'epoch': 131, 'lr': 0.00047391869283298953, 'train_loss': 0.0007973214981718281, 'mae': 0.20394325, 'elapsed_time': 75.72843194007874}
2021-10-16 10:16:24,791 multi task weight : 0.8746666666666667
2021-10-16 10:17:40,328 {'epoch': 132, 'lr': 0.0004677132312636728, 'train_loss': 0.0006858898643984393, 'mae': 0.17355616, 'elapsed_time': 75.77728199958801}
2021-10-16 10:17:40,550 multi task weight : 0.876
2021-10-16 10:18:56,190 {'epoch': 133, 'lr': 0.00046151365770738165, 'train_loss': 0.0006418625273012894, 'mae': 0.17404886, 'elapsed_time': 75.86218619346619}
2021-10-16 10:18:56,420 multi task weight : 0.8773333333333333
2021-10-16 10:20:11,958 {'epoch': 134, 'lr': 0.0004553209511486482, 'train_loss': 0.0006215645815014365, 'mae': 0.17279437, 'elapsed_time': 75.76760387420654}
2021-10-16 10:20:12,739 multi task weight : 0.8786666666666667
2021-10-16 10:21:28,278 {'epoch': 135, 'lr': 0.00044913608948762607, 'train_loss': 0.0006212975671841973, 'mae': 0.17472553, 'elapsed_time': 75.78215169906616}
2021-10-16 10:21:28,499 multi task weight : 0.88
2021-10-16 10:22:44,354 {'epoch': 136, 'lr': 0.00044296004938566895, 'train_loss': 0.0006186709373280889, 'mae': 0.16865009, 'elapsed_time': 76.07511019706726}
2021-10-16 10:22:45,113 multi task weight : 0.8813333333333333
2021-10-16 10:24:00,985 {'epoch': 137, 'lr': 0.0004367938061111037, 'train_loss': 0.0006286700412932218, 'mae': 0.1729308, 'elapsed_time': 76.09683847427368}
2021-10-16 10:24:01,218 multi task weight : 0.8826666666666667
2021-10-16 10:25:17,198 {'epoch': 138, 'lr': 0.00043063833338522476, 'train_loss': 0.0007464792254776493, 'mae': 0.17302075, 'elapsed_time': 76.21239829063416}
2021-10-16 10:25:17,434 multi task weight : 0.884
2021-10-16 10:26:33,425 {'epoch': 139, 'lr': 0.00042449460322853215, 'train_loss': 0.000597191184655454, 'mae': 0.17264862, 'elapsed_time': 76.22621989250183}
2021-10-16 10:26:33,671 multi task weight : 0.8853333333333333
2021-10-16 10:27:49,404 {'epoch': 140, 'lr': 0.00041836358580723794, 'train_loss': 0.0005850058187211563, 'mae': 0.17167377, 'elapsed_time': 75.97873139381409}
2021-10-16 10:27:49,621 multi task weight : 0.8866666666666667
2021-10-16 10:29:06,142 {'epoch': 141, 'lr': 0.00041224624928006584, 'train_loss': 0.0005921904034073223, 'mae': 0.17327143, 'elapsed_time': 76.73779463768005}
2021-10-16 10:29:06,366 multi task weight : 0.888
2021-10-16 10:30:23,149 {'epoch': 142, 'lr': 0.0004061435596453681, 'train_loss': 0.0005870426343377455, 'mae': 0.17251396, 'elapsed_time': 77.00573801994324}
2021-10-16 10:30:23,388 multi task weight : 0.8893333333333333
2021-10-16 10:31:40,272 {'epoch': 143, 'lr': 0.0004000564805885825, 'train_loss': 0.0005740082590680907, 'mae': 0.17127769, 'elapsed_time': 77.12304782867432}
2021-10-16 10:31:40,490 multi task weight : 0.8906666666666667
2021-10-16 10:32:57,386 {'epoch': 144, 'lr': 0.00039398597333005584, 'train_loss': 0.00057053697617037, 'mae': 0.17189078, 'elapsed_time': 77.11392021179199}
2021-10-16 10:32:57,618 multi task weight : 0.892
2021-10-16 10:34:14,581 {'epoch': 145, 'lr': 0.00038793299647325586, 'train_loss': 0.0005659724409816042, 'mae': 0.17074795, 'elapsed_time': 77.19397306442261}
2021-10-16 10:34:14,806 multi task weight : 0.8933333333333333
2021-10-16 10:35:31,829 {'epoch': 146, 'lr': 0.00038189850585339653, 'train_loss': 0.0005539683077664585, 'mae': 0.17023455, 'elapsed_time': 77.24786472320557}
2021-10-16 10:35:32,073 multi task weight : 0.8946666666666667
2021-10-16 10:36:49,038 {'epoch': 147, 'lr': 0.0003758834543865006, 'train_loss': 0.000552277080097524, 'mae': 0.16973013, 'elapsed_time': 77.20860552787781}
2021-10-16 10:36:49,264 multi task weight : 0.896
2021-10-16 10:38:05,650 {'epoch': 148, 'lr': 0.0003698887919189236, 'train_loss': 0.0005591607070605118, 'mae': 0.1697554, 'elapsed_time': 76.61140513420105}
2021-10-16 10:38:05,878 multi task weight : 0.8973333333333333
2021-10-16 10:39:22,328 {'epoch': 149, 'lr': 0.0003639154650773614, 'train_loss': 0.0005436299138531494, 'mae': 0.16967863, 'elapsed_time': 76.67690014839172}
2021-10-16 10:39:22,556 multi task weight : 0.8986666666666667
2021-10-16 10:40:39,154 {'epoch': 150, 'lr': 0.00035796441711936726, 'train_loss': 0.0005418883878527847, 'mae': 0.16966079, 'elapsed_time': 76.82603192329407}
2021-10-16 10:40:39,381 multi task weight : 0.9
2021-10-16 10:41:56,132 {'epoch': 151, 'lr': 0.00035203658778440065, 'train_loss': 0.000528808210151254, 'mae': 0.16959636, 'elapsed_time': 76.97742533683777}
2021-10-16 10:41:56,376 multi task weight : 0.9
2021-10-16 10:43:12,846 {'epoch': 152, 'lr': 0.00034613291314543093, 'train_loss': 0.000525372635605242, 'mae': 0.16856897, 'elapsed_time': 76.71351075172424}
2021-10-16 10:43:13,581 multi task weight : 0.9
2021-10-16 10:44:30,204 {'epoch': 153, 'lr': 0.00034025432546112123, 'train_loss': 0.0005205085514652721, 'mae': 0.16948898, 'elapsed_time': 76.84489870071411}
2021-10-16 10:44:30,429 multi task weight : 0.9
2021-10-16 10:45:47,060 {'epoch': 154, 'lr': 0.00033440175302861365, 'train_loss': 0.0005102255900073833, 'mae': 0.17036948, 'elapsed_time': 76.85550737380981}
2021-10-16 10:45:47,297 multi task weight : 0.9
2021-10-16 10:47:03,460 {'epoch': 155, 'lr': 0.00032857612003694053, 'train_loss': 0.0005085520874005307, 'mae': 0.16739278, 'elapsed_time': 76.39984226226807}
2021-10-16 10:47:04,222 multi task weight : 0.9
2021-10-16 10:48:20,286 {'epoch': 156, 'lr': 0.000322778346421084, 'train_loss': 0.0005014591499165718, 'mae': 0.16918564, 'elapsed_time': 76.30465888977051}
2021-10-16 10:48:20,519 multi task weight : 0.9
2021-10-16 10:49:36,707 {'epoch': 157, 'lr': 0.00031700934771670806, 'train_loss': 0.0004927720510412558, 'mae': 0.16757563, 'elapsed_time': 76.42099189758301}
2021-10-16 10:49:36,925 multi task weight : 0.9
2021-10-16 10:50:53,265 {'epoch': 158, 'lr': 0.00031127003491558447, 'train_loss': 0.0004890087101364112, 'mae': 0.16792037, 'elapsed_time': 76.55766034126282}
2021-10-16 10:50:53,494 multi task weight : 0.9
2021-10-16 10:52:10,229 {'epoch': 159, 'lr': 0.00030556131432173654, 'train_loss': 0.00048290533646249946, 'mae': 0.16683407, 'elapsed_time': 76.96279120445251}
2021-10-16 10:52:10,967 multi task weight : 0.9
2021-10-16 10:53:27,897 {'epoch': 160, 'lr': 0.00029988408740832395, 'train_loss': 0.0004766803221854846, 'mae': 0.16687241, 'elapsed_time': 77.15483117103577}
2021-10-16 10:53:28,134 multi task weight : 0.9
2021-10-16 10:54:44,977 {'epoch': 161, 'lr': 0.0002942392506752886, 'train_loss': 0.00047040607630860894, 'mae': 0.16600427, 'elapsed_time': 77.07931518554688}
2021-10-16 10:54:45,770 multi task weight : 0.9
2021-10-16 10:56:02,619 {'epoch': 162, 'lr': 0.00028862769550778793, 'train_loss': 0.00046380084054884016, 'mae': 0.16843456, 'elapsed_time': 77.11613321304321}
2021-10-16 10:56:02,849 multi task weight : 0.9
2021-10-16 10:57:19,384 {'epoch': 163, 'lr': 0.0002830503080354337, 'train_loss': 0.00046360526706670357, 'mae': 0.16616751, 'elapsed_time': 76.76469540596008}
2021-10-16 10:57:19,607 multi task weight : 0.9
2021-10-16 10:58:35,784 {'epoch': 164, 'lr': 0.00027750796899236315, 'train_loss': 0.00045660844238103426, 'mae': 0.1655931, 'elapsed_time': 76.39984321594238}
2021-10-16 10:58:36,553 multi task weight : 0.9
2021-10-16 10:59:52,680 {'epoch': 165, 'lr': 0.00027200155357816016, 'train_loss': 0.0004542692675520009, 'mae': 0.16618209, 'elapsed_time': 76.3701446056366}
2021-10-16 10:59:52,902 multi task weight : 0.9
2021-10-16 11:01:09,077 {'epoch': 166, 'lr': 0.0002665319313196507, 'train_loss': 0.00043926957249147675, 'mae': 0.16544998, 'elapsed_time': 76.39643716812134}
2021-10-16 11:01:09,832 multi task weight : 0.9
2021-10-16 11:02:26,027 {'epoch': 167, 'lr': 0.0002610999659335952, 'train_loss': 0.00043909547843083474, 'mae': 0.1657974, 'elapsed_time': 76.42353200912476}
2021-10-16 11:02:26,252 multi task weight : 0.9
2021-10-16 11:03:42,388 {'epoch': 168, 'lr': 0.00025570651519029805, 'train_loss': 0.0004328410436181417, 'mae': 0.16488771, 'elapsed_time': 76.36023569107056}
2021-10-16 11:03:43,128 multi task weight : 0.9
2021-10-16 11:04:59,202 {'epoch': 169, 'lr': 0.0002503524307781539, 'train_loss': 0.00043099386453371796, 'mae': 0.16873297, 'elapsed_time': 76.29679584503174}
2021-10-16 11:04:59,436 multi task weight : 0.9
2021-10-16 11:06:15,505 {'epoch': 170, 'lr': 0.00024503855816915824, 'train_loss': 0.0004224283107222509, 'mae': 0.16389026, 'elapsed_time': 76.30243682861328}
2021-10-16 11:06:16,267 multi task weight : 0.9
2021-10-16 11:07:32,360 {'epoch': 171, 'lr': 0.00023976573648539645, 'train_loss': 0.0004183324737717491, 'mae': 0.16554952, 'elapsed_time': 76.32152247428894}
2021-10-16 11:07:32,581 multi task weight : 0.9
2021-10-16 11:08:48,696 {'epoch': 172, 'lr': 0.00023453479836653654, 'train_loss': 0.0004177026168583362, 'mae': 0.16489734, 'elapsed_time': 76.3357424736023}
2021-10-16 11:08:48,924 multi task weight : 0.9
2021-10-16 11:10:05,138 {'epoch': 173, 'lr': 0.00022934656983834663, 'train_loss': 0.0004107446615282394, 'mae': 0.16345659, 'elapsed_time': 76.44143652915955}
2021-10-16 11:10:05,897 multi task weight : 0.9
2021-10-16 11:11:22,154 {'epoch': 174, 'lr': 0.00022420187018225534, 'train_loss': 0.00040569861504052395, 'mae': 0.16351351, 'elapsed_time': 76.48259449005127}
2021-10-16 11:11:22,384 multi task weight : 0.9
2021-10-16 11:12:38,545 {'epoch': 175, 'lr': 0.00021910151180597735, 'train_loss': 0.0004006270345144907, 'mae': 0.16438566, 'elapsed_time': 76.39030838012695}
2021-10-16 11:12:38,784 multi task weight : 0.9
2021-10-16 11:13:55,017 {'epoch': 176, 'lr': 0.00021404630011522558, 'train_loss': 0.0003987899106896974, 'mae': 0.16351572, 'elapsed_time': 76.47183156013489}
2021-10-16 11:13:55,232 multi task weight : 0.9
2021-10-16 11:15:11,646 {'epoch': 177, 'lr': 0.00020903703338652808, 'train_loss': 0.0003902653433417073, 'mae': 0.1636772, 'elapsed_time': 76.62810730934143}
2021-10-16 11:15:11,871 multi task weight : 0.9
2021-10-16 11:16:28,343 {'epoch': 178, 'lr': 0.00020407450264117003, 'train_loss': 0.0003849417999426287, 'mae': 0.16393158, 'elapsed_time': 76.69693541526794}
2021-10-16 11:16:28,601 multi task weight : 0.9
2021-10-16 11:17:44,883 {'epoch': 179, 'lr': 0.00019915949152028416, 'train_loss': 0.0003832492313296531, 'mae': 0.16417773, 'elapsed_time': 76.53898859024048}
2021-10-16 11:17:45,109 multi task weight : 0.9
2021-10-16 11:19:01,491 {'epoch': 180, 'lr': 0.0001942927761611031, 'train_loss': 0.00038038368081961583, 'mae': 0.16501547, 'elapsed_time': 76.6080870628357}
2021-10-16 11:19:01,726 multi task weight : 0.9
2021-10-16 11:20:18,093 {'epoch': 181, 'lr': 0.00018947512507439836, 'train_loss': 0.0003744788677724803, 'mae': 0.16309988, 'elapsed_time': 76.6012806892395}
2021-10-16 11:20:18,853 multi task weight : 0.9
2021-10-16 11:21:34,938 {'epoch': 182, 'lr': 0.00018470729902312478, 'train_loss': 0.00037019026840341414, 'mae': 0.16451102, 'elapsed_time': 76.33047366142273}
2021-10-16 11:21:35,191 multi task weight : 0.9
2021-10-16 11:22:51,310 {'epoch': 183, 'lr': 0.00017999005090228642, 'train_loss': 0.000366528324456978, 'mae': 0.16321148, 'elapsed_time': 76.37085700035095}
2021-10-16 11:22:51,530 multi task weight : 0.9
2021-10-16 11:24:07,698 {'epoch': 184, 'lr': 0.00017532412562004527, 'train_loss': 0.00036361714475711027, 'mae': 0.164173, 'elapsed_time': 76.38762831687927}
2021-10-16 11:24:07,933 multi task weight : 0.9
2021-10-16 11:25:24,424 {'epoch': 185, 'lr': 0.00017071025998009268, 'train_loss': 0.0003590070066086064, 'mae': 0.1632773, 'elapsed_time': 76.72621440887451}
2021-10-16 11:25:24,663 multi task weight : 0.9
2021-10-16 11:26:41,580 {'epoch': 186, 'lr': 0.00016614918256529904, 'train_loss': 0.0003517203092836757, 'mae': 0.1629223, 'elapsed_time': 77.15501356124878}
2021-10-16 11:26:42,328 multi task weight : 0.9
2021-10-16 11:27:59,228 {'epoch': 187, 'lr': 0.0001616416136226614, 'train_loss': 0.00035190252572386924, 'mae': 0.1637264, 'elapsed_time': 77.13304233551025}
2021-10-16 11:27:59,450 multi task weight : 0.9
2021-10-16 11:29:16,171 {'epoch': 188, 'lr': 0.00015718826494956934, 'train_loss': 0.00034559004155658505, 'mae': 0.16222617, 'elapsed_time': 76.94304966926575}
2021-10-16 11:29:16,894 multi task weight : 0.9
2021-10-16 11:30:33,950 {'epoch': 189, 'lr': 0.00015278983978140356, 'train_loss': 0.00034268725240038986, 'mae': 0.1629546, 'elapsed_time': 77.27707886695862}
2021-10-16 11:30:34,180 multi task weight : 0.9
2021-10-16 11:31:51,436 {'epoch': 190, 'lr': 0.00014844703268048588, 'train_loss': 0.0003399372748250476, 'mae': 0.16198485, 'elapsed_time': 77.48592185974121}
2021-10-16 11:31:52,201 multi task weight : 0.9
2021-10-16 11:33:09,117 {'epoch': 191, 'lr': 0.00014416052942640105, 'train_loss': 0.0003366921955535671, 'mae': 0.1623904, 'elapsed_time': 77.14682412147522}
2021-10-16 11:33:09,353 multi task weight : 0.9
2021-10-16 11:34:26,029 {'epoch': 192, 'lr': 0.00013993100690770378, 'train_loss': 0.0003310394535708933, 'mae': 0.16263363, 'elapsed_time': 76.9111065864563}
2021-10-16 11:34:26,247 multi task weight : 0.9
2021-10-16 11:35:43,040 {'epoch': 193, 'lr': 0.00013575913301502968, 'train_loss': 0.0003318263442459843, 'mae': 0.16230062, 'elapsed_time': 77.01056504249573}
2021-10-16 11:35:43,282 multi task weight : 0.9
2021-10-16 11:37:00,091 {'epoch': 194, 'lr': 0.00013164556653562842, 'train_loss': 0.00032630899126133515, 'mae': 0.16222747, 'elapsed_time': 77.0509774684906}
2021-10-16 11:37:00,314 multi task weight : 0.9
2021-10-16 11:38:17,277 {'epoch': 195, 'lr': 0.00012759095704933325, 'train_loss': 0.0003216684569411518, 'mae': 0.16180038, 'elapsed_time': 77.18513488769531}
2021-10-16 11:38:18,045 multi task weight : 0.9
2021-10-16 11:39:34,976 {'epoch': 196, 'lr': 0.0001235959448259842, 'train_loss': 0.0003186685275693774, 'mae': 0.16139424, 'elapsed_time': 77.16275763511658}
2021-10-16 11:39:35,723 multi task weight : 0.9
2021-10-16 11:40:52,534 {'epoch': 197, 'lr': 0.00011966116072432329, 'train_loss': 0.00031680810642339204, 'mae': 0.16193353, 'elapsed_time': 77.0388617515564}
2021-10-16 11:40:52,762 multi task weight : 0.9
2021-10-16 11:42:09,327 {'epoch': 198, 'lr': 0.00011578722609237365, 'train_loss': 0.00031421453759291457, 'mae': 0.16205049, 'elapsed_time': 76.79272270202637}
2021-10-16 11:42:09,565 multi task weight : 0.9
2021-10-16 11:43:26,029 {'epoch': 199, 'lr': 0.00011197475266932134, 'train_loss': 0.0003128851253497356, 'mae': 0.16196989, 'elapsed_time': 76.70127058029175}
2021-10-16 11:43:26,248 multi task weight : 0.9
2021-10-16 11:44:42,632 {'epoch': 200, 'lr': 0.00010822434248891588, 'train_loss': 0.00030718944896434696, 'mae': 0.16108985, 'elapsed_time': 76.60208749771118}
2021-10-16 11:44:43,365 multi task weight : 0.9
2021-10-16 11:45:59,436 {'epoch': 201, 'lr': 0.00010453658778440093, 'train_loss': 0.00030429752820064645, 'mae': 0.16148113, 'elapsed_time': 76.29539322853088}
2021-10-16 11:45:59,665 multi task weight : 0.9
2021-10-16 11:47:16,125 {'epoch': 202, 'lr': 0.00010091207089499381, 'train_loss': 0.00027932219248637805, 'mae': 0.1615446, 'elapsed_time': 76.68896150588989}
2021-10-16 11:47:16,357 multi task weight : 0.9
2021-10-16 11:48:32,700 {'epoch': 203, 'lr': 9.735136417392827e-05, 'train_loss': 0.00027305070620037573, 'mae': 0.16097105, 'elapsed_time': 76.57413458824158}
2021-10-16 11:48:33,429 multi task weight : 0.9
2021-10-16 11:49:49,252 {'epoch': 204, 'lr': 9.385502989807265e-05, 'train_loss': 0.00027063838915987036, 'mae': 0.16111913, 'elapsed_time': 76.04432392120361}
2021-10-16 11:49:49,468 multi task weight : 0.9
2021-10-16 11:51:05,419 {'epoch': 205, 'lr': 9.042362017913976e-05, 'train_loss': 0.0002663648222567547, 'mae': 0.1606272, 'elapsed_time': 76.16644883155823}
2021-10-16 11:51:06,146 multi task weight : 0.9
2021-10-16 11:52:22,220 {'epoch': 206, 'lr': 8.705767687650242e-05, 'train_loss': 0.00026422555572578574, 'mae': 0.16173993, 'elapsed_time': 76.28983187675476}
2021-10-16 11:52:22,434 multi task weight : 0.9
2021-10-16 11:53:38,851 {'epoch': 207, 'lr': 8.375773151162748e-05, 'train_loss': 0.00025945675875337375, 'mae': 0.16079755, 'elapsed_time': 76.63046145439148}
2021-10-16 11:53:39,066 multi task weight : 0.9
2021-10-16 11:54:55,592 {'epoch': 208, 'lr': 8.052430518414211e-05, 'train_loss': 0.0002570502837099051, 'mae': 0.16082889, 'elapsed_time': 76.74008369445801}
2021-10-16 11:54:55,810 multi task weight : 0.9
2021-10-16 11:56:12,286 {'epoch': 209, 'lr': 7.735790848954633e-05, 'train_loss': 0.0002543311600985019, 'mae': 0.16067539, 'elapsed_time': 76.69424438476562}
2021-10-16 11:56:12,516 multi task weight : 0.9
2021-10-16 11:57:28,552 {'epoch': 210, 'lr': 7.425904143858468e-05, 'train_loss': 0.0002520208198866005, 'mae': 0.16043684, 'elapsed_time': 76.26518845558167}
2021-10-16 11:57:29,298 multi task weight : 0.9
2021-10-16 11:58:45,273 {'epoch': 211, 'lr': 7.122819337828743e-05, 'train_loss': 0.0002487935508787138, 'mae': 0.16042411, 'elapsed_time': 76.20802283287048}
2021-10-16 11:58:45,991 multi task weight : 0.9
2021-10-16 12:00:01,899 {'epoch': 212, 'lr': 6.826584291469799e-05, 'train_loss': 0.0002474982351326366, 'mae': 0.16037413, 'elapsed_time': 76.11566019058228}
2021-10-16 12:00:02,643 multi task weight : 0.9
2021-10-16 12:01:18,684 {'epoch': 213, 'lr': 6.53724578372954e-05, 'train_loss': 0.0002447114496401124, 'mae': 0.16049047, 'elapsed_time': 76.27024054527283}
2021-10-16 12:01:18,914 multi task weight : 0.9
2021-10-16 12:02:34,895 {'epoch': 214, 'lr': 6.254849504512436e-05, 'train_loss': 0.00024343748182561952, 'mae': 0.16054024, 'elapsed_time': 76.21003842353821}
2021-10-16 12:02:35,127 multi task weight : 0.9
2021-10-16 12:03:51,074 {'epoch': 215, 'lr': 5.979440047464625e-05, 'train_loss': 0.00023994087568694704, 'mae': 0.16044988, 'elapsed_time': 76.17837882041931}
2021-10-16 12:03:51,287 multi task weight : 0.9
2021-10-16 12:05:07,270 {'epoch': 216, 'lr': 5.711060902932035e-05, 'train_loss': 0.0002380800934605957, 'mae': 0.16036247, 'elapsed_time': 76.19603872299194}
2021-10-16 12:05:08,024 multi task weight : 0.9
2021-10-16 12:06:24,046 {'epoch': 217, 'lr': 5.449754451092709e-05, 'train_loss': 0.0002353796559201419, 'mae': 0.16056366, 'elapsed_time': 76.2513906955719}
2021-10-16 12:06:24,268 multi task weight : 0.9
2021-10-16 12:07:40,328 {'epoch': 218, 'lr': 5.1955619552645765e-05, 'train_loss': 0.00023356166383099722, 'mae': 0.1602974, 'elapsed_time': 76.28199052810669}
2021-10-16 12:07:41,067 multi task weight : 0.9
2021-10-16 12:08:57,397 {'epoch': 219, 'lr': 4.948523555389422e-05, 'train_loss': 0.00023111166911430513, 'mae': 0.16024525, 'elapsed_time': 76.5540406703949}
2021-10-16 12:08:58,127 multi task weight : 0.9
2021-10-16 12:10:14,293 {'epoch': 220, 'lr': 4.7086782616943164e-05, 'train_loss': 0.00022992348098464563, 'mae': 0.16041525, 'elapsed_time': 76.3786838054657}
2021-10-16 12:10:14,507 multi task weight : 0.9
2021-10-16 12:11:30,616 {'epoch': 221, 'lr': 4.476063948531548e-05, 'train_loss': 0.0002280439605974673, 'mae': 0.16021082, 'elapsed_time': 76.32197999954224}
2021-10-16 12:11:31,327 multi task weight : 0.9
2021-10-16 12:12:47,315 {'epoch': 222, 'lr': 4.2507173483977006e-05, 'train_loss': 0.00022640379918449126, 'mae': 0.16029394, 'elapsed_time': 76.19335341453552}
2021-10-16 12:12:47,549 multi task weight : 0.9
2021-10-16 12:14:03,661 {'epoch': 223, 'lr': 4.03267404613323e-05, 'train_loss': 0.00022486954269532023, 'mae': 0.16021998, 'elapsed_time': 76.34522199630737}
2021-10-16 12:14:03,887 multi task weight : 0.9
2021-10-16 12:15:19,931 {'epoch': 224, 'lr': 3.821968473303203e-05, 'train_loss': 0.00022308164056467053, 'mae': 0.16040717, 'elapsed_time': 76.26998925209045}
2021-10-16 12:15:20,147 multi task weight : 0.9
2021-10-16 12:16:36,075 {'epoch': 225, 'lr': 3.6186339027601574e-05, 'train_loss': 0.00022205999793794632, 'mae': 0.16014248, 'elapsed_time': 76.14390349388123}
2021-10-16 12:16:36,810 multi task weight : 0.9
2021-10-16 12:17:52,466 {'epoch': 226, 'lr': 3.422702443389898e-05, 'train_loss': 0.0002204488474083231, 'mae': 0.16017759, 'elapsed_time': 75.88410377502441}
2021-10-16 12:17:52,698 multi task weight : 0.9
2021-10-16 12:19:08,597 {'epoch': 227, 'lr': 3.2342050350411716e-05, 'train_loss': 0.00021900695290680633, 'mae': 0.16018225, 'elapsed_time': 76.13033962249756}
2021-10-16 12:19:08,813 multi task weight : 0.9
2021-10-16 12:20:24,869 {'epoch': 228, 'lr': 3.053171443639894e-05, 'train_loss': 0.00021765686940670883, 'mae': 0.16021389, 'elapsed_time': 76.27170586585999}
2021-10-16 12:20:25,101 multi task weight : 0.9
2021-10-16 12:21:41,229 {'epoch': 229, 'lr': 2.87963025648875e-05, 'train_loss': 0.0002166487803316081, 'mae': 0.16018052, 'elapsed_time': 76.35918378829956}
2021-10-16 12:21:41,447 multi task weight : 0.9
2021-10-16 12:22:57,672 {'epoch': 230, 'lr': 2.7136088777529415e-05, 'train_loss': 0.00021541002462633482, 'mae': 0.16015641, 'elapsed_time': 76.44245433807373}
2021-10-16 12:22:57,887 multi task weight : 0.9
2021-10-16 12:24:14,565 {'epoch': 231, 'lr': 2.5551335241327604e-05, 'train_loss': 0.00021431707641920796, 'mae': 0.16008833, 'elapsed_time': 76.892733335495}
2021-10-16 12:24:15,302 multi task weight : 0.9
2021-10-16 12:25:31,764 {'epoch': 232, 'lr': 2.4042292207236372e-05, 'train_loss': 0.00021340764449221793, 'mae': 0.16016889, 'elapsed_time': 76.67346453666687}
2021-10-16 12:25:32,011 multi task weight : 0.9
2021-10-16 12:26:48,373 {'epoch': 233, 'lr': 2.260919797064426e-05, 'train_loss': 0.000212303835360458, 'mae': 0.16012457, 'elapsed_time': 76.60840344429016}
2021-10-16 12:26:48,585 multi task weight : 0.9
2021-10-16 12:28:04,938 {'epoch': 234, 'lr': 2.125227883374422e-05, 'train_loss': 0.00021140271494741507, 'mae': 0.16011985, 'elapsed_time': 76.56478905677795}
2021-10-16 12:28:05,171 multi task weight : 0.9
2021-10-16 12:29:21,402 {'epoch': 235, 'lr': 1.9971749069797796e-05, 'train_loss': 0.0002107616688320481, 'mae': 0.16010386, 'elapsed_time': 76.46341347694397}
2021-10-16 12:29:21,640 multi task weight : 0.9
2021-10-16 12:30:37,916 {'epoch': 236, 'lr': 1.8767810889299076e-05, 'train_loss': 0.00020982813080211126, 'mae': 0.16019167, 'elapsed_time': 76.51360607147217}
2021-10-16 12:30:38,143 multi task weight : 0.9
2021-10-16 12:31:54,042 {'epoch': 237, 'lr': 1.7640654408043353e-05, 'train_loss': 0.0002089732349402783, 'mae': 0.16013356, 'elapsed_time': 76.12512254714966}
2021-10-16 12:31:54,267 multi task weight : 0.9
2021-10-16 12:33:10,523 {'epoch': 238, 'lr': 1.6590457617105317e-05, 'train_loss': 0.00020811931406640905, 'mae': 0.16012855, 'elapsed_time': 76.48106956481934}
2021-10-16 12:33:10,752 multi task weight : 0.9
2021-10-16 12:34:26,602 {'epoch': 239, 'lr': 1.561738635473259e-05, 'train_loss': 0.00020752122781237599, 'mae': 0.16014177, 'elapsed_time': 76.078045129776}
2021-10-16 12:34:26,816 multi task weight : 0.9
2021-10-16 12:35:43,169 {'epoch': 240, 'lr': 1.4721594280157658e-05, 'train_loss': 0.00020682438254489695, 'mae': 0.16015166, 'elapsed_time': 76.5661039352417}
2021-10-16 12:35:43,376 multi task weight : 0.9
2021-10-16 12:36:59,351 {'epoch': 241, 'lr': 1.3903222849333503e-05, 'train_loss': 0.000206199439576993, 'mae': 0.1601445, 'elapsed_time': 76.18200898170471}
2021-10-16 12:36:59,579 multi task weight : 0.9
2021-10-16 12:38:15,602 {'epoch': 242, 'lr': 1.3162401292595843e-05, 'train_loss': 0.00020565109499011156, 'mae': 0.16013601, 'elapsed_time': 76.25001788139343}
2021-10-16 12:38:15,815 multi task weight : 0.9
2021-10-16 12:39:32,306 {'epoch': 243, 'lr': 1.2499246594256413e-05, 'train_loss': 0.00020515774546414514, 'mae': 0.16011898, 'elapsed_time': 76.70398688316345}
2021-10-16 12:39:32,552 multi task weight : 0.9
2021-10-16 12:40:48,731 {'epoch': 244, 'lr': 1.191386347412961e-05, 'train_loss': 0.0002046783303816027, 'mae': 0.16014372, 'elapsed_time': 76.42473769187927}
2021-10-16 12:40:48,956 multi task weight : 0.9
2021-10-16 12:42:04,706 {'epoch': 245, 'lr': 1.1406344370996102e-05, 'train_loss': 0.0002042262699835205, 'mae': 0.16014504, 'elapsed_time': 75.97399306297302}
2021-10-16 12:42:04,931 multi task weight : 0.9
2021-10-16 12:43:21,112 {'epoch': 246, 'lr': 1.0976769428005579e-05, 'train_loss': 0.00020388744788761562, 'mae': 0.16016148, 'elapsed_time': 76.40552377700806}
2021-10-16 12:43:21,341 multi task weight : 0.9
2021-10-16 12:44:37,819 {'epoch': 247, 'lr': 1.0625206480021355e-05, 'train_loss': 0.00020358680001897596, 'mae': 0.16012073, 'elapsed_time': 76.70670127868652}
2021-10-16 12:44:38,047 multi task weight : 0.9
2021-10-16 12:45:54,263 {'epoch': 248, 'lr': 1.0351711042908344e-05, 'train_loss': 0.00020314713114856527, 'mae': 0.16013944, 'elapsed_time': 76.44311857223511}
2021-10-16 12:45:54,471 multi task weight : 0.9
2021-10-16 12:47:10,773 {'epoch': 249, 'lr': 1.0156326304766531e-05, 'train_loss': 0.00020289234480665684, 'mae': 0.16012171, 'elapsed_time': 76.50980472564697}
2021-10-16 12:47:11,006 multi task weight : 0.9
2021-10-16 12:48:27,091 {'epoch': 250, 'lr': 1.0039083119111025e-05, 'train_loss': 0.00020262361494879837, 'mae': 0.16012785, 'elapsed_time': 76.3172812461853}
2021-10-16 12:49:07,586 Total CV: 0.16008833050727844
