2021-10-12 01:35:14,989 Fold 0
2021-10-12 01:35:18,513 train run device : cuda:0
2021-10-12 01:35:41,666 multi task weight : 1.0
2021-10-12 01:36:29,436 {'epoch': 1, 'lr': 0.001, 'train_loss': 0.030057226884752177, 'mae': 1.2565253630955038, 'elapsed_time': 48.05680990219116}
2021-10-12 01:36:29,786 multi task weight : 1.0
2021-10-12 01:37:15,897 {'epoch': 2, 'lr': 0.000999938933078422, 'train_loss': 0.02606457647620012, 'mae': 0.9172425567438697, 'elapsed_time': 46.34085416793823}
2021-10-12 01:37:16,290 multi task weight : 1.0
2021-10-12 01:38:03,816 {'epoch': 3, 'lr': 0.000999755747381037, 'train_loss': 0.02413589833902949, 'mae': 0.9593126631910706, 'elapsed_time': 47.78192377090454}
2021-10-12 01:38:04,075 multi task weight : 1.0
2021-10-12 01:38:50,295 {'epoch': 4, 'lr': 0.000999450488106175, 'train_loss': 0.02298608505623162, 'mae': 0.6184448516921386, 'elapsed_time': 46.47861385345459}
2021-10-12 01:38:50,677 multi task weight : 1.0
2021-10-12 01:39:38,790 {'epoch': 5, 'lr': 0.0009990232305719944, 'train_loss': 0.022093458373946336, 'mae': 0.500739494681704, 'elapsed_time': 48.358699798583984}
2021-10-12 01:39:39,210 multi task weight : 1.0
2021-10-12 01:40:25,102 {'epoch': 6, 'lr': 0.0009984740801978983, 'train_loss': 0.0215583340745639, 'mae': 0.4471976277539765, 'elapsed_time': 46.17154622077942}
2021-10-12 01:40:25,522 multi task weight : 1.0
2021-10-12 01:41:13,234 {'epoch': 7, 'lr': 0.0009978031724785245, 'train_loss': 0.021213788145658115, 'mae': 0.4368824712689196, 'elapsed_time': 47.990784645080566}
2021-10-12 01:41:13,656 multi task weight : 1.0
2021-10-12 01:41:59,820 {'epoch': 8, 'lr': 0.000997010672950314, 'train_loss': 0.02074672924595372, 'mae': 0.4518561414559196, 'elapsed_time': 46.44818472862244}
2021-10-12 01:42:00,077 multi task weight : 1.0
2021-10-12 01:42:47,623 {'epoch': 9, 'lr': 0.0009960967771506664, 'train_loss': 0.020640932593304562, 'mae': 0.39887285405017503, 'elapsed_time': 47.8023042678833}
2021-10-12 01:42:48,037 multi task weight : 1.0
2021-10-12 01:43:34,990 {'epoch': 10, 'lr': 0.0009950617105696957, 'train_loss': 0.02021117611307431, 'mae': 0.3688156751976559, 'elapsed_time': 47.226144790649414}
2021-10-12 01:43:35,373 multi task weight : 1.0
2021-10-12 01:44:21,113 {'epoch': 11, 'lr': 0.0009939057285945929, 'train_loss': 0.01990813043751094, 'mae': 0.3727163922084735, 'elapsed_time': 45.9928936958313}
2021-10-12 01:44:21,348 multi task weight : 1.0
2021-10-12 01:45:09,018 {'epoch': 12, 'lr': 0.0009926291164466126, 'train_loss': 0.019715954907450792, 'mae': 0.35079195000447283, 'elapsed_time': 47.90385603904724}
2021-10-12 01:45:09,395 multi task weight : 1.0
2021-10-12 01:45:56,634 {'epoch': 13, 'lr': 0.0009912321891107005, 'train_loss': 0.019526315075107725, 'mae': 0.3206185950624946, 'elapsed_time': 47.477110624313354}
2021-10-12 01:45:57,026 multi task weight : 1.0
2021-10-12 01:46:44,151 {'epoch': 14, 'lr': 0.0009897152912577737, 'train_loss': 0.019683887667810783, 'mae': 0.3228649814504451, 'elapsed_time': 47.37842559814453}
2021-10-12 01:46:44,399 multi task weight : 1.0
2021-10-12 01:47:31,850 {'epoch': 15, 'lr': 0.0009880787971596797, 'train_loss': 0.019284991901232125, 'mae': 0.3244467179261409, 'elapsed_time': 47.69858646392822}
2021-10-12 01:47:32,121 multi task weight : 1.0
2021-10-12 01:48:17,879 {'epoch': 16, 'lr': 0.0009863231105968495, 'train_loss': 0.019038867298698803, 'mae': 0.2980681890772544, 'elapsed_time': 46.02898192405701}
2021-10-12 01:48:18,274 multi task weight : 1.0
2021-10-12 01:49:03,624 {'epoch': 17, 'lr': 0.000984448664758672, 'train_loss': 0.019040677411576782, 'mae': 0.31028351248932207, 'elapsed_time': 45.6054904460907}
2021-10-12 01:49:03,891 multi task weight : 1.0
2021-10-12 01:49:50,278 {'epoch': 18, 'lr': 0.0009824559221366096, 'train_loss': 0.018760523920899753, 'mae': 0.2971948310433602, 'elapsed_time': 46.653176069259644}
2021-10-12 01:49:50,690 multi task weight : 1.0
2021-10-12 01:50:36,059 {'epoch': 19, 'lr': 0.0009803453744100864, 'train_loss': 0.018736807374941582, 'mae': 0.31604633084068656, 'elapsed_time': 45.64106774330139}
2021-10-12 01:50:36,295 multi task weight : 1.0
2021-10-12 01:51:22,761 {'epoch': 20, 'lr': 0.0009781175423251728, 'train_loss': 0.018577888839050507, 'mae': 0.2886653794059532, 'elapsed_time': 46.700807094573975}
2021-10-12 01:51:23,164 multi task weight : 1.0
2021-10-12 01:52:09,965 {'epoch': 21, 'lr': 0.0009757729755661004, 'train_loss': 0.018367289560689604, 'mae': 0.29225579338860574, 'elapsed_time': 47.0690643787384}
2021-10-12 01:52:10,211 multi task weight : 1.0
2021-10-12 01:52:56,982 {'epoch': 22, 'lr': 0.0009733122526196342, 'train_loss': 0.018302589820820104, 'mae': 0.2952888237652219, 'elapsed_time': 47.01612210273743}
2021-10-12 01:52:57,229 multi task weight : 1.0
2021-10-12 01:53:44,363 {'epoch': 23, 'lr': 0.000970735980632341, 'train_loss': 0.018214354651743724, 'mae': 0.2854609264994925, 'elapsed_time': 47.380213260650635}
2021-10-12 01:53:44,766 multi task weight : 1.0
2021-10-12 01:54:31,039 {'epoch': 24, 'lr': 0.0009680447952607838, 'train_loss': 0.018085707620408377, 'mae': 0.2739176247908331, 'elapsed_time': 46.53237962722778}
2021-10-12 01:54:31,409 multi task weight : 1.0
2021-10-12 01:55:17,948 {'epoch': 25, 'lr': 0.0009652393605146839, 'train_loss': 0.017990088241632764, 'mae': 0.2863421051583093, 'elapsed_time': 46.77546501159668}
2021-10-12 01:55:18,266 multi task weight : 1.0
2021-10-12 01:56:05,224 {'epoch': 26, 'lr': 0.0009623203685930864, 'train_loss': 0.017819239581318546, 'mae': 0.31021305955244866, 'elapsed_time': 47.276214599609375}
2021-10-12 01:56:05,492 multi task weight : 1.0
2021-10-12 01:56:52,736 {'epoch': 27, 'lr': 0.00095928853971357, 'train_loss': 0.017830247623071994, 'mae': 0.2778359918333149, 'elapsed_time': 47.51080274581909}
2021-10-12 01:56:52,996 multi task weight : 1.0
2021-10-12 01:57:40,603 {'epoch': 28, 'lr': 0.0009561446219345448, 'train_loss': 0.017661893794361214, 'mae': 0.2539915848827901, 'elapsed_time': 47.867265939712524}
2021-10-12 01:57:40,984 multi task weight : 1.0
2021-10-12 01:58:26,816 {'epoch': 29, 'lr': 0.0009528893909706791, 'train_loss': 0.01754116077467335, 'mae': 0.25772410572197096, 'elapsed_time': 46.07316613197327}
2021-10-12 01:58:27,058 multi task weight : 1.0
2021-10-12 01:59:13,929 {'epoch': 30, 'lr': 0.0009495236500015041, 'train_loss': 0.017434615706512675, 'mae': 0.26203149174668733, 'elapsed_time': 47.11251187324524}
2021-10-12 01:59:14,202 multi task weight : 1.0
2021-10-12 02:00:01,140 {'epoch': 31, 'lr': 0.0009460482294732414, 'train_loss': 0.01735207868617761, 'mae': 0.2516836621787641, 'elapsed_time': 47.210880517959595}
2021-10-12 02:00:01,527 multi task weight : 1.0
2021-10-12 02:00:48,521 {'epoch': 32, 'lr': 0.0009424639868939027, 'train_loss': 0.017251661702289416, 'mae': 0.25628033049779153, 'elapsed_time': 47.23704648017883}
2021-10-12 02:00:48,797 multi task weight : 1.0
2021-10-12 02:01:35,461 {'epoch': 33, 'lr': 0.0009387718066217117, 'train_loss': 0.017213701293356296, 'mae': 0.25538824334518434, 'elapsed_time': 46.939321517944336}
2021-10-12 02:01:35,702 multi task weight : 1.0
2021-10-12 02:02:22,334 {'epoch': 34, 'lr': 0.000934972599646904, 'train_loss': 0.017134901417099616, 'mae': 0.2678756445455542, 'elapsed_time': 46.8726589679718}
2021-10-12 02:02:22,604 multi task weight : 1.0
2021-10-12 02:03:09,476 {'epoch': 35, 'lr': 0.0009310673033669515, 'train_loss': 0.016957904824047708, 'mae': 0.2401400491768412, 'elapsed_time': 47.14108848571777}
2021-10-12 02:03:09,887 multi task weight : 1.0
2021-10-12 02:03:57,008 {'epoch': 36, 'lr': 0.0009270568813552751, 'train_loss': 0.01686640260154795, 'mae': 0.25122972302702407, 'elapsed_time': 47.386924505233765}
2021-10-12 02:03:57,282 multi task weight : 1.0
2021-10-12 02:04:44,999 {'epoch': 37, 'lr': 0.0009229423231234969, 'train_loss': 0.016861076162223234, 'mae': 0.24894143880581118, 'elapsed_time': 47.99073052406311}
2021-10-12 02:04:45,253 multi task weight : 1.0
2021-10-12 02:05:33,009 {'epoch': 38, 'lr': 0.0009187246438772933, 'train_loss': 0.01672729243104074, 'mae': 0.236776005727866, 'elapsed_time': 48.00886535644531}
2021-10-12 02:05:33,422 multi task weight : 1.0
2021-10-12 02:06:19,387 {'epoch': 39, 'lr': 0.0009144048842659075, 'train_loss': 0.016639464734167827, 'mae': 0.24104747833807175, 'elapsed_time': 46.23862385749817}
2021-10-12 02:06:19,664 multi task weight : 1.0
2021-10-12 02:07:05,436 {'epoch': 40, 'lr': 0.0009099841101253861, 'train_loss': 0.01656180270228503, 'mae': 0.2350834635602843, 'elapsed_time': 46.048935413360596}
2021-10-12 02:07:05,834 multi task weight : 1.0
2021-10-12 02:07:51,046 {'epoch': 41, 'lr': 0.0009054634122155986, 'train_loss': 0.016481980304199784, 'mae': 0.236853959090148, 'elapsed_time': 45.47830104827881}
2021-10-12 02:07:51,305 multi task weight : 1.0
2021-10-12 02:08:37,372 {'epoch': 42, 'lr': 0.0009008439059511095, 'train_loss': 0.01640072097598203, 'mae': 0.22937634650090236, 'elapsed_time': 46.32500672340393}
2021-10-12 02:08:37,752 multi task weight : 1.0
2021-10-12 02:09:23,072 {'epoch': 43, 'lr': 0.0008961267311259662, 'train_loss': 0.016334799558141516, 'mae': 0.23677217348450746, 'elapsed_time': 45.56546950340271}
2021-10-12 02:09:23,353 multi task weight : 1.0
2021-10-12 02:10:09,559 {'epoch': 44, 'lr': 0.0008913130516324728, 'train_loss': 0.016568326549153994, 'mae': 0.24115859426696426, 'elapsed_time': 46.48634958267212}
2021-10-12 02:10:09,791 multi task weight : 1.0
2021-10-12 02:10:55,070 {'epoch': 45, 'lr': 0.0008864040551740152, 'train_loss': 0.016206263046220408, 'mae': 0.23220833491666465, 'elapsed_time': 45.51111364364624}
2021-10-12 02:10:55,349 multi task weight : 1.0
2021-10-12 02:11:41,539 {'epoch': 46, 'lr': 0.000881400952972015, 'train_loss': 0.01623248236514307, 'mae': 0.2421247848125439, 'elapsed_time': 46.46796011924744}
2021-10-12 02:11:41,774 multi task weight : 1.0
2021-10-12 02:12:27,098 {'epoch': 47, 'lr': 0.0008763049794670771, 'train_loss': 0.015975214036353144, 'mae': 0.24091580851862157, 'elapsed_time': 45.558494567871094}
2021-10-12 02:12:27,348 multi task weight : 1.0
2021-10-12 02:13:13,400 {'epoch': 48, 'lr': 0.0008711173920144113, 'train_loss': 0.01604306685995629, 'mae': 0.22427985066847303, 'elapsed_time': 46.302387714385986}
2021-10-12 02:13:13,790 multi task weight : 1.0
2021-10-12 02:13:59,255 {'epoch': 49, 'lr': 0.0008658394705735983, 'train_loss': 0.015846444509375404, 'mae': 0.22524006327760118, 'elapsed_time': 45.72054076194763}
2021-10-12 02:13:59,489 multi task weight : 1.0
2021-10-12 02:14:45,823 {'epoch': 50, 'lr': 0.0008604725173927781, 'train_loss': 0.01579683086309629, 'mae': 0.2278647261064341, 'elapsed_time': 46.567338705062866}
2021-10-12 02:53:23,799 Fold 0
2021-10-12 02:53:27,450 train run device : cuda:0
2021-10-12 02:53:50,215 multi task weight : 1.0
2021-10-12 02:54:36,705 {'epoch': 1, 'lr': 0.005, 'train_loss': 0.03340896050846284, 'mae': 1.5468339772846307, 'elapsed_time': 46.73851823806763}
2021-10-12 02:54:37,052 multi task weight : 1.0
2021-10-12 02:55:22,289 {'epoch': 2, 'lr': 0.004995076687428538, 'train_loss': 0.0276947224155967, 'mae': 1.149267136504169, 'elapsed_time': 45.459222078323364}
2021-10-12 02:55:22,669 multi task weight : 1.0
2021-10-12 02:56:09,330 {'epoch': 3, 'lr': 0.004980326179779623, 'train_loss': 0.026287698571930033, 'mae': 1.0137671763268, 'elapsed_time': 46.90957498550415}
2021-10-12 02:56:09,699 multi task weight : 1.0
2021-10-12 02:56:55,366 {'epoch': 4, 'lr': 0.0049558066905680785, 'train_loss': 0.0254497279466739, 'mae': 0.8195378074240547, 'elapsed_time': 45.9060959815979}
2021-10-12 02:56:55,751 multi task weight : 1.0
2021-10-12 02:57:41,941 {'epoch': 5, 'lr': 0.004921614987015935, 'train_loss': 0.024689640463228017, 'mae': 0.8132436850441787, 'elapsed_time': 46.44177985191345}
2021-10-12 02:57:42,325 multi task weight : 1.0
2021-10-12 02:58:27,749 {'epoch': 6, 'lr': 0.004877886008156408, 'train_loss': 0.024279015280696398, 'mae': 0.6930921528175709, 'elapsed_time': 45.665539026260376}
2021-10-12 02:58:28,126 multi task weight : 1.0
2021-10-12 02:59:14,676 {'epoch': 7, 'lr': 0.004824792332291187, 'train_loss': 0.02362158927323409, 'mae': 0.6308842232171528, 'elapsed_time': 46.78989267349243}
2021-10-12 02:59:15,068 multi task weight : 1.0
2021-10-12 03:00:00,582 {'epoch': 8, 'lr': 0.004762543495902719, 'train_loss': 0.023099257169455545, 'mae': 0.5750026643397773, 'elapsed_time': 45.77327585220337}
2021-10-12 03:00:01,011 multi task weight : 1.0
2021-10-12 03:00:47,541 {'epoch': 9, 'lr': 0.00469138516670944, 'train_loss': 0.022897350215374673, 'mae': 0.6726472184654563, 'elapsed_time': 46.82460832595825}
2021-10-12 03:00:47,768 multi task weight : 1.0
2021-10-12 03:01:34,555 {'epoch': 10, 'lr': 0.004611598174127528, 'train_loss': 0.022490178728988425, 'mae': 0.5783476813668754, 'elapsed_time': 47.01304531097412}
2021-10-12 03:01:34,784 multi task weight : 1.0
2021-10-12 03:02:20,782 {'epoch': 11, 'lr': 0.004523497400965494, 'train_loss': 0.022378246119829737, 'mae': 0.5233394736791561, 'elapsed_time': 46.22700786590576}
2021-10-12 03:02:21,161 multi task weight : 1.0
2021-10-12 03:03:06,680 {'epoch': 12, 'lr': 0.004427430540725594, 'train_loss': 0.022096118388229682, 'mae': 0.4776660849256464, 'elapsed_time': 45.763978719711304}
2021-10-12 03:03:07,042 multi task weight : 1.0
2021-10-12 03:03:52,558 {'epoch': 13, 'lr': 0.004323776725416422, 'train_loss': 0.021688051504990848, 'mae': 0.4652726117932379, 'elapsed_time': 45.74299907684326}
2021-10-12 03:03:52,946 multi task weight : 1.0
2021-10-12 03:04:38,680 {'epoch': 14, 'lr': 0.004212945029292078, 'train_loss': 0.021708538861682353, 'mae': 0.4711635725976615, 'elapsed_time': 45.99053406715393}
2021-10-12 03:04:38,921 multi task weight : 1.0
2021-10-12 03:05:25,398 {'epoch': 15, 'lr': 0.004095372854422981, 'train_loss': 0.021292937591899066, 'mae': 0.45387214929829695, 'elapsed_time': 46.71817088127136}
2021-10-12 03:05:25,768 multi task weight : 1.0
2021-10-12 03:06:11,585 {'epoch': 16, 'lr': 0.003971524204469721, 'train_loss': 0.021116948443742047, 'mae': 0.4111894589801294, 'elapsed_time': 46.052271366119385}
2021-10-12 03:06:11,964 multi task weight : 1.0
2021-10-12 03:06:57,034 {'epoch': 17, 'lr': 0.003841887853472597, 'train_loss': 0.020936115768431355, 'mae': 0.41475591802579065, 'elapsed_time': 45.31316065788269}
2021-10-12 03:06:57,258 multi task weight : 1.0
2021-10-12 03:07:44,119 {'epoch': 18, 'lr': 0.00370697541688378, 'train_loss': 0.02073824621732066, 'mae': 0.4118924637672769, 'elapsed_time': 47.084853172302246}
2021-10-12 03:07:44,413 multi task weight : 1.0
2021-10-12 03:08:29,984 {'epoch': 19, 'lr': 0.003567319332454857, 'train_loss': 0.020583571279341215, 'mae': 0.409988936997138, 'elapsed_time': 45.86456084251404}
2021-10-12 03:08:30,345 multi task weight : 1.0
2021-10-12 03:09:16,184 {'epoch': 20, 'lr': 0.0034234707589482724, 'train_loss': 0.02039733102102008, 'mae': 0.3748092998887733, 'elapsed_time': 46.069130420684814}
2021-10-12 03:09:16,574 multi task weight : 1.0
2021-10-12 03:10:02,047 {'epoch': 21, 'lr': 0.0032759974009654944, 'train_loss': 0.020195269027713753, 'mae': 0.3671906567342955, 'elapsed_time': 45.738027572631836}
2021-10-12 03:10:02,416 multi task weight : 1.0
2021-10-12 03:10:47,858 {'epoch': 22, 'lr': 0.003125481268476313, 'train_loss': 0.020051697621367638, 'mae': 0.359487148049935, 'elapsed_time': 45.68471431732178}
2021-10-12 03:10:48,230 multi task weight : 1.0
2021-10-12 03:11:33,799 {'epoch': 23, 'lr': 0.002972516379891384, 'train_loss': 0.019898084400504373, 'mae': 0.3374838265036604, 'elapsed_time': 45.79913306236267}
2021-10-12 03:11:34,173 multi task weight : 1.0
2021-10-12 03:12:20,091 {'epoch': 24, 'lr': 0.0028177064177429406, 'train_loss': 0.02000918073161222, 'mae': 0.3493507839268803, 'elapsed_time': 46.162620306015015}
2021-10-12 03:12:20,335 multi task weight : 1.0
2021-10-12 03:13:06,831 {'epoch': 25, 'lr': 0.002661662346225638, 'train_loss': 0.019603607996636626, 'mae': 0.3264070448966695, 'elapsed_time': 46.73966932296753}
2021-10-12 03:13:07,220 multi task weight : 1.0
2021-10-12 03:13:53,228 {'epoch': 26, 'lr': 0.0025050000000000007, 'train_loss': 0.01951267229870821, 'mae': 0.32506516946925174, 'elapsed_time': 46.25517725944519}
2021-10-12 03:13:53,637 multi task weight : 1.0
2021-10-12 03:14:38,929 {'epoch': 27, 'lr': 0.002348337653774364, 'train_loss': 0.01932896672691866, 'mae': 0.3207330799029933, 'elapsed_time': 45.56474995613098}
2021-10-12 03:14:39,323 multi task weight : 1.0
2021-10-12 03:15:24,969 {'epoch': 28, 'lr': 0.0021922935822570617, 'train_loss': 0.019191090143461587, 'mae': 0.3638579095304689, 'elapsed_time': 45.90589118003845}
2021-10-12 03:15:25,217 multi task weight : 1.0
2021-10-12 03:16:11,712 {'epoch': 29, 'lr': 0.0020374836201086178, 'train_loss': 0.019076504843214475, 'mae': 0.3092763299221932, 'elapsed_time': 46.74291491508484}
2021-10-12 03:16:12,120 multi task weight : 1.0
2021-10-12 03:16:57,626 {'epoch': 30, 'lr': 0.001884518731523688, 'train_loss': 0.018931537364949604, 'mae': 0.2960010403510129, 'elapsed_time': 45.776384353637695}
2021-10-12 03:16:58,015 multi task weight : 1.0
2021-10-12 03:17:44,320 {'epoch': 31, 'lr': 0.0017340025990345077, 'train_loss': 0.018751148031277715, 'mae': 0.2925146750643166, 'elapsed_time': 46.567617893218994}
2021-10-12 03:17:44,693 multi task weight : 1.0
2021-10-12 03:18:30,452 {'epoch': 32, 'lr': 0.0015865292410517297, 'train_loss': 0.018598520700468614, 'mae': 0.28801147203097616, 'elapsed_time': 46.00041961669922}
2021-10-12 03:18:30,830 multi task weight : 1.0
2021-10-12 03:19:16,376 {'epoch': 33, 'lr': 0.0014426806675451442, 'train_loss': 0.0184605651141951, 'mae': 0.27651543761265074, 'elapsed_time': 45.78786611557007}
2021-10-12 03:19:16,748 multi task weight : 1.0
2021-10-12 03:20:02,540 {'epoch': 34, 'lr': 0.0013030245831162203, 'train_loss': 0.018336962440931852, 'mae': 0.2860709361710502, 'elapsed_time': 46.02831840515137}
2021-10-12 03:20:02,821 multi task weight : 1.0
2021-10-12 03:20:47,995 {'epoch': 35, 'lr': 0.001168112146527403, 'train_loss': 0.018215533887573708, 'mae': 0.2682393563671369, 'elapsed_time': 45.455045223236084}
2021-10-12 03:20:48,411 multi task weight : 1.0
2021-10-12 03:21:34,054 {'epoch': 36, 'lr': 0.00103847579553028, 'train_loss': 0.018049208824803608, 'mae': 0.2625627723353191, 'elapsed_time': 45.92271876335144}
2021-10-12 03:21:34,439 multi task weight : 1.0
2021-10-12 03:22:20,058 {'epoch': 37, 'lr': 0.0009146271455770192, 'train_loss': 0.017924064393861946, 'mae': 0.25778778770041605, 'elapsed_time': 45.871402740478516}
2021-10-12 03:22:20,450 multi task weight : 1.0
2021-10-12 03:23:05,783 {'epoch': 38, 'lr': 0.0007970549707079218, 'train_loss': 0.017794485254900752, 'mae': 0.2544990878107068, 'elapsed_time': 45.5890007019043}
2021-10-12 03:23:06,139 multi task weight : 1.0
2021-10-12 03:23:51,593 {'epoch': 39, 'lr': 0.0006862232745835789, 'train_loss': 0.017680795015761044, 'mae': 0.25146359288541104, 'elapsed_time': 45.68030261993408}
2021-10-12 03:23:52,006 multi task weight : 1.0
2021-10-12 03:24:37,848 {'epoch': 40, 'lr': 0.0005825694592744062, 'train_loss': 0.017573379360341805, 'mae': 0.2495902800571928, 'elapsed_time': 46.122684478759766}
2021-10-12 03:24:38,217 multi task weight : 1.0
2021-10-12 03:25:24,076 {'epoch': 41, 'lr': 0.00048650259903450645, 'train_loss': 0.017465049767036007, 'mae': 0.24637048268351183, 'elapsed_time': 46.096845388412476}
2021-10-12 03:25:24,449 multi task weight : 1.0
2021-10-12 03:26:10,089 {'epoch': 42, 'lr': 0.000398401825872473, 'train_loss': 0.017370536755535917, 'mae': 0.24432068344694333, 'elapsed_time': 45.881598711013794}
2021-10-12 03:26:10,470 multi task weight : 1.0
2021-10-12 03:26:56,059 {'epoch': 43, 'lr': 0.0003186148332905604, 'train_loss': 0.01728162519816455, 'mae': 0.24102277213483594, 'elapsed_time': 45.83518099784851}
2021-10-12 03:26:56,418 multi task weight : 1.0
2021-10-12 03:27:42,131 {'epoch': 44, 'lr': 0.0002474565040972818, 'train_loss': 0.01720154615251176, 'mae': 0.24004398634410531, 'elapsed_time': 45.938153982162476}
2021-10-12 03:27:42,489 multi task weight : 1.0
2021-10-12 03:28:28,101 {'epoch': 45, 'lr': 0.0001852076677088129, 'train_loss': 0.017133545911098808, 'mae': 0.23845395943459116, 'elapsed_time': 45.837891578674316}
2021-10-12 03:28:28,455 multi task weight : 1.0
2021-10-12 03:29:14,315 {'epoch': 46, 'lr': 0.00013211399184359196, 'train_loss': 0.017074697494822832, 'mae': 0.2379816042494929, 'elapsed_time': 46.08332061767578}
2021-10-12 03:29:14,721 multi task weight : 1.0
2021-10-12 03:30:00,522 {'epoch': 47, 'lr': 8.838501298406574e-05, 'train_loss': 0.01702935948444566, 'mae': 0.23689493582819118, 'elapsed_time': 46.07218837738037}
2021-10-12 03:30:00,908 multi task weight : 1.0
2021-10-12 03:30:46,577 {'epoch': 48, 'lr': 5.4193309431921635e-05, 'train_loss': 0.016995013143306856, 'mae': 0.235899730384096, 'elapsed_time': 45.92516613006592}
2021-10-12 03:30:47,406 multi task weight : 1.0
2021-10-12 03:31:33,021 {'epoch': 49, 'lr': 2.9673820220377978e-05, 'train_loss': 0.016968429369038505, 'mae': 0.23586167285381512, 'elapsed_time': 45.88347339630127}
2021-10-12 03:31:33,406 multi task weight : 1.0
2021-10-12 03:32:18,903 {'epoch': 50, 'lr': 1.4923312571462463e-05, 'train_loss': 0.016953465162799247, 'mae': 0.2355857468788358, 'elapsed_time': 45.74398469924927}
2021-10-12 03:32:59,917 Total CV: 0.2355857468788358
2021-10-12 04:17:04,549 Fold 0
2021-10-12 04:17:08,115 train run device : cuda:0
2021-10-12 04:17:30,901 multi task weight : 1.0
2021-10-12 04:18:17,372 {'epoch': 1, 'lr': 0.001, 'train_loss': 0.030098996994272615, 'mae': 1.277583046102826, 'elapsed_time': 46.72255301475525}
2021-10-12 04:18:17,748 multi task weight : 1.0
2021-10-12 04:19:03,059 {'epoch': 2, 'lr': 0.0009990232305719944, 'train_loss': 0.026031153797708338, 'mae': 0.8229549678962723, 'elapsed_time': 45.5608434677124}
2021-10-12 04:19:03,397 multi task weight : 1.0
2021-10-12 04:19:49,752 {'epoch': 3, 'lr': 0.0009960967771506664, 'train_loss': 0.024198530141370356, 'mae': 0.8098827274220444, 'elapsed_time': 46.568825483322144}
2021-10-12 04:19:50,098 multi task weight : 1.0
2021-10-12 04:20:35,587 {'epoch': 4, 'lr': 0.0009912321891107007, 'train_loss': 0.023124370300825106, 'mae': 0.6719233663071638, 'elapsed_time': 45.70318412780762}
2021-10-12 04:20:35,942 multi task weight : 1.0
2021-10-12 04:21:22,243 {'epoch': 5, 'lr': 0.0009844486647586721, 'train_loss': 0.022211560541782416, 'mae': 0.499414800418512, 'elapsed_time': 46.527337312698364}
2021-10-12 04:21:22,644 multi task weight : 1.0
2021-10-12 04:22:07,830 {'epoch': 6, 'lr': 0.0009757729755661009, 'train_loss': 0.021509790456081715, 'mae': 0.43108987984600655, 'elapsed_time': 45.45460844039917}
2021-10-12 04:22:08,198 multi task weight : 1.0
2021-10-12 04:22:54,824 {'epoch': 7, 'lr': 0.0009652393605146842, 'train_loss': 0.021169712434469114, 'mae': 0.427971209801287, 'elapsed_time': 46.86008167266846}
2021-10-12 04:22:55,183 multi task weight : 1.0
2021-10-12 04:23:40,495 {'epoch': 8, 'lr': 0.0009528893909706795, 'train_loss': 0.02071678368677123, 'mae': 0.42038924727873495, 'elapsed_time': 45.536113262176514}
2021-10-12 04:23:40,863 multi task weight : 1.0
2021-10-12 04:24:27,461 {'epoch': 9, 'lr': 0.0009387718066217122, 'train_loss': 0.020361191729507042, 'mae': 0.3700201989867872, 'elapsed_time': 46.83098649978638}
2021-10-12 04:24:27,833 multi task weight : 1.0
2021-10-12 04:25:13,363 {'epoch': 10, 'lr': 0.0009229423231234972, 'train_loss': 0.02006823054364851, 'mae': 0.36322749501097507, 'elapsed_time': 45.76484727859497}
2021-10-12 04:25:13,776 multi task weight : 1.0
2021-10-12 04:26:00,442 {'epoch': 11, 'lr': 0.0009054634122155987, 'train_loss': 0.019840134173690918, 'mae': 0.35140181887221617, 'elapsed_time': 46.943747997283936}
2021-10-12 04:26:00,819 multi task weight : 1.0
2021-10-12 04:26:47,015 {'epoch': 12, 'lr': 0.0008864040551740153, 'train_loss': 0.019625473125159464, 'mae': 0.3454400861705835, 'elapsed_time': 46.43611168861389}
2021-10-12 04:26:47,405 multi task weight : 1.0
2021-10-12 04:27:34,013 {'epoch': 13, 'lr': 0.0008658394705735984, 'train_loss': 0.019503523992970735, 'mae': 0.4108977376192447, 'elapsed_time': 46.863714933395386}
2021-10-12 04:27:34,279 multi task weight : 1.0
2021-10-12 04:28:20,987 {'epoch': 14, 'lr': 0.0008438508174347006, 'train_loss': 0.01923635763945052, 'mae': 0.3258464527889909, 'elapsed_time': 46.97298979759216}
2021-10-12 04:28:21,362 multi task weight : 1.0
2021-10-12 04:29:07,223 {'epoch': 15, 'lr': 0.000820524874925601, 'train_loss': 0.01904332265702204, 'mae': 0.31471596756957043, 'elapsed_time': 46.09875249862671}
2021-10-12 04:29:07,625 multi task weight : 1.0
2021-10-12 04:29:53,657 {'epoch': 16, 'lr': 0.000795953699884774, 'train_loss': 0.018817745884812533, 'mae': 0.3055118842572332, 'elapsed_time': 46.297486782073975}
2021-10-12 04:29:54,009 multi task weight : 1.0
2021-10-12 04:30:39,621 {'epoch': 17, 'lr': 0.000770234263514603, 'train_loss': 0.01874615508566794, 'mae': 0.3247752973901564, 'elapsed_time': 45.83646202087402}
2021-10-12 04:30:39,833 multi task weight : 1.0
2021-10-12 04:31:26,418 {'epoch': 18, 'lr': 0.0007434680686803488, 'train_loss': 0.018481439209837563, 'mae': 0.2877970888517438, 'elapsed_time': 46.79674458503723}
2021-10-12 04:31:26,805 multi task weight : 1.0
2021-10-12 04:32:13,701 {'epoch': 19, 'lr': 0.0007157607493247108, 'train_loss': 0.018312661876103354, 'mae': 0.2826491884181831, 'elapsed_time': 47.144081830978394}
2021-10-12 04:32:14,066 multi task weight : 1.0
2021-10-12 04:33:00,026 {'epoch': 20, 'lr': 0.0006872216535789154, 'train_loss': 0.01814905759354472, 'mae': 0.2756149222437227, 'elapsed_time': 46.19601774215698}
2021-10-12 04:33:00,419 multi task weight : 1.0
2021-10-12 04:33:46,469 {'epoch': 21, 'lr': 0.0006579634122155987, 'train_loss': 0.017983626367399596, 'mae': 0.27040426135590107, 'elapsed_time': 46.29952001571655}
2021-10-12 04:33:46,847 multi task weight : 1.0
2021-10-12 04:34:33,319 {'epoch': 22, 'lr': 0.0006281014941466028, 'train_loss': 0.01785926774608291, 'mae': 0.2581932404014375, 'elapsed_time': 46.71241092681885}
2021-10-12 04:34:33,674 multi task weight : 1.0
2021-10-12 04:35:19,574 {'epoch': 23, 'lr': 0.0005977537507199335, 'train_loss': 0.017680487994566275, 'mae': 0.25288098008288934, 'elapsed_time': 46.12463903427124}
2021-10-12 04:35:19,959 multi task weight : 1.0
2021-10-12 04:36:05,959 {'epoch': 24, 'lr': 0.0005670399506143305, 'train_loss': 0.01747855924074819, 'mae': 0.25756848953643446, 'elapsed_time': 46.250842332839966}
2021-10-12 04:36:06,185 multi task weight : 1.0
2021-10-12 04:36:51,642 {'epoch': 25, 'lr': 0.0005360813071670099, 'train_loss': 0.01735239563357996, 'mae': 0.24539430250871472, 'elapsed_time': 45.68236947059631}
2021-10-12 04:36:52,011 multi task weight : 1.0
2021-10-12 04:37:37,795 {'epoch': 26, 'lr': 0.0005049999999999998, 'train_loss': 0.01717086958521798, 'mae': 0.2410807776695162, 'elapsed_time': 46.011359214782715}
2021-10-12 04:37:38,148 multi task weight : 1.0
2021-10-12 04:38:24,172 {'epoch': 27, 'lr': 0.0004739186928329897, 'train_loss': 0.017026314382287664, 'mae': 0.2398171676905029, 'elapsed_time': 46.24472165107727}
2021-10-12 04:38:24,576 multi task weight : 1.0
2021-10-12 04:39:11,021 {'epoch': 28, 'lr': 0.0004429600493856692, 'train_loss': 0.01688563541673998, 'mae': 0.23487982012360467, 'elapsed_time': 46.71206617355347}
2021-10-12 04:39:11,459 multi task weight : 1.0
2021-10-12 04:39:57,117 {'epoch': 29, 'lr': 0.0004122462492800661, 'train_loss': 0.016731322854461064, 'mae': 0.23271585013861007, 'elapsed_time': 45.95994710922241}
2021-10-12 04:39:57,489 multi task weight : 1.0
2021-10-12 04:40:43,433 {'epoch': 30, 'lr': 0.0003818985058533967, 'train_loss': 0.016576234667486034, 'mae': 0.22187064274173904, 'elapsed_time': 46.18031549453735}
2021-10-12 04:40:43,791 multi task weight : 1.0
2021-10-12 04:41:29,914 {'epoch': 31, 'lr': 0.00035203658778440103, 'train_loss': 0.016442112062765794, 'mae': 0.22279540682746304, 'elapsed_time': 46.34876084327698}
2021-10-12 04:41:30,137 multi task weight : 1.0
2021-10-12 04:42:16,855 {'epoch': 32, 'lr': 0.00032277834642108444, 'train_loss': 0.016282698002534644, 'mae': 0.2216627007669508, 'elapsed_time': 46.9409453868866}
2021-10-12 04:42:17,270 multi task weight : 1.0
2021-10-12 04:43:03,423 {'epoch': 33, 'lr': 0.0002942392506752889, 'train_loss': 0.016172487465967163, 'mae': 0.22234009189235768, 'elapsed_time': 46.42524266242981}
2021-10-12 04:43:03,646 multi task weight : 1.0
2021-10-12 04:43:50,455 {'epoch': 34, 'lr': 0.00026653193131965077, 'train_loss': 0.016019057443475312, 'mae': 0.21270386149268822, 'elapsed_time': 47.031378746032715}
2021-10-12 04:43:50,811 multi task weight : 1.0
2021-10-12 04:44:36,684 {'epoch': 35, 'lr': 0.00023976573648539642, 'train_loss': 0.015897261592787256, 'mae': 0.21033655725914346, 'elapsed_time': 46.09535264968872}
2021-10-12 04:44:37,057 multi task weight : 1.0
2021-10-12 04:45:22,876 {'epoch': 36, 'lr': 0.00021404630011522574, 'train_loss': 0.01575586122736542, 'mae': 0.21165786646954873, 'elapsed_time': 46.0599627494812}
2021-10-12 04:45:23,132 multi task weight : 1.0
2021-10-12 04:46:09,783 {'epoch': 37, 'lr': 0.00018947512507439847, 'train_loss': 0.015634866745129098, 'mae': 0.209554358423919, 'elapsed_time': 46.90629291534424}
2021-10-12 04:46:10,179 multi task weight : 1.0
2021-10-12 04:46:56,106 {'epoch': 38, 'lr': 0.000166149182565299, 'train_loss': 0.015524191592528063, 'mae': 0.20655155176444423, 'elapsed_time': 46.18657302856445}
2021-10-12 04:46:56,486 multi task weight : 1.0
2021-10-12 04:47:42,399 {'epoch': 39, 'lr': 0.00014416052942640132, 'train_loss': 0.015419419162158068, 'mae': 0.20553716350848167, 'elapsed_time': 46.15271759033203}
2021-10-12 04:47:42,777 multi task weight : 1.0
2021-10-12 04:48:28,570 {'epoch': 40, 'lr': 0.00012359594482598432, 'train_loss': 0.015319512396399117, 'mae': 0.20572531663326557, 'elapsed_time': 46.04368615150452}
2021-10-12 04:48:28,804 multi task weight : 1.0
2021-10-12 04:49:14,723 {'epoch': 41, 'lr': 0.00010453658778440102, 'train_loss': 0.015234999646012399, 'mae': 0.2037969059240017, 'elapsed_time': 46.15252447128296}
2021-10-12 04:49:15,100 multi task weight : 1.0
2021-10-12 04:50:01,024 {'epoch': 42, 'lr': 8.70576768765026e-05, 'train_loss': 0.01515107391842791, 'mae': 0.20266772802580932, 'elapsed_time': 46.15891075134277}
2021-10-12 04:50:01,385 multi task weight : 1.0
2021-10-12 04:50:46,772 {'epoch': 43, 'lr': 7.12281933782875e-05, 'train_loss': 0.015077475793635, 'mae': 0.1998134742882504, 'elapsed_time': 45.621851444244385}
2021-10-12 04:50:47,131 multi task weight : 1.0
2021-10-12 04:51:33,208 {'epoch': 44, 'lr': 5.71106090293204e-05, 'train_loss': 0.015014182905079594, 'mae': 0.20179820964097436, 'elapsed_time': 46.30500054359436}
2021-10-12 04:51:33,444 multi task weight : 1.0
2021-10-12 04:52:19,178 {'epoch': 45, 'lr': 4.4760639485315563e-05, 'train_loss': 0.014957191446034461, 'mae': 0.2000603970165198, 'elapsed_time': 45.9697585105896}
2021-10-12 04:52:19,428 multi task weight : 1.0
2021-10-12 04:53:05,378 {'epoch': 46, 'lr': 3.422702443389899e-05, 'train_loss': 0.014912413310499046, 'mae': 0.20059690208007805, 'elapsed_time': 46.1994686126709}
2021-10-12 04:53:05,607 multi task weight : 1.0
2021-10-12 04:53:51,203 {'epoch': 47, 'lr': 2.5551335241327665e-05, 'train_loss': 0.014874911766482, 'mae': 0.19975040400379973, 'elapsed_time': 45.824745416641235}
2021-10-12 04:53:51,587 multi task weight : 1.0
2021-10-12 04:54:37,501 {'epoch': 48, 'lr': 1.876781088929908e-05, 'train_loss': 0.014845381733437418, 'mae': 0.19946189323702868, 'elapsed_time': 46.16917943954468}
2021-10-12 04:54:37,864 multi task weight : 1.0
2021-10-12 04:55:23,369 {'epoch': 49, 'lr': 1.3903222849333505e-05, 'train_loss': 0.014822186714296234, 'mae': 0.19951238321597278, 'elapsed_time': 45.73738121986389}
2021-10-12 04:55:23,635 multi task weight : 1.0
2021-10-12 04:56:09,180 {'epoch': 50, 'lr': 1.0976769428005579e-05, 'train_loss': 0.014808367468253756, 'mae': 0.19918903822714185, 'elapsed_time': 45.81022548675537}
2021-10-12 04:56:50,288 Total CV: 0.19918903822714185
