2021-10-06 07:55:12,613 Fold 0
2021-10-06 07:55:15,974 train run device : cuda:0
2021-10-06 07:57:12,876 {'epoch': 1, 'lr': 0.001, 'train_loss': 0.017797896977960866, 'mae': 1.397575, 'elapsed_time': 72.9000916481018}
2021-10-06 07:58:25,674 {'epoch': 2, 'lr': 0.000999938933078422, 'train_loss': 0.0058957442493135365, 'mae': 1.0506072, 'elapsed_time': 72.30002403259277}
2021-10-06 07:59:39,200 {'epoch': 3, 'lr': 0.000999755747381037, 'train_loss': 0.004896417325344048, 'mae': 1.0279158, 'elapsed_time': 73.06690716743469}
2021-10-06 08:00:52,970 {'epoch': 4, 'lr': 0.000999450488106175, 'train_loss': 0.004520443161348383, 'mae': 0.84637725, 'elapsed_time': 73.33805251121521}
2021-10-06 08:02:06,703 {'epoch': 5, 'lr': 0.0009990232305719944, 'train_loss': 0.004152788169499341, 'mae': 0.7716118, 'elapsed_time': 73.28419041633606}
2021-10-06 08:03:19,804 {'epoch': 6, 'lr': 0.0009984740801978983, 'train_loss': 0.0039019904438235887, 'mae': 0.70236194, 'elapsed_time': 72.62342596054077}
2021-10-06 08:04:32,901 {'epoch': 7, 'lr': 0.0009978031724785245, 'train_loss': 0.0037159269563285936, 'mae': 0.66681594, 'elapsed_time': 72.65236902236938}
2021-10-06 08:05:46,101 {'epoch': 8, 'lr': 0.000997010672950314, 'train_loss': 0.0034270079069535727, 'mae': 0.6820613, 'elapsed_time': 72.73422932624817}
2021-10-06 08:06:58,944 {'epoch': 9, 'lr': 0.0009960967771506664, 'train_loss': 0.003321870902245846, 'mae': 0.6411225, 'elapsed_time': 72.84255194664001}
2021-10-06 08:08:12,097 {'epoch': 10, 'lr': 0.0009950617105696957, 'train_loss': 0.003184362819863914, 'mae': 0.5967708, 'elapsed_time': 72.69573378562927}
2021-10-06 08:09:25,147 {'epoch': 11, 'lr': 0.0009939057285945929, 'train_loss': 0.003083477140144452, 'mae': 0.5657327, 'elapsed_time': 72.58233499526978}
2021-10-06 08:10:38,750 {'epoch': 12, 'lr': 0.0009926291164466126, 'train_loss': 0.003309576119054936, 'mae': 0.6120253, 'elapsed_time': 73.13990902900696}
2021-10-06 08:11:51,943 {'epoch': 13, 'lr': 0.0009912321891107005, 'train_loss': 0.003128842035317121, 'mae': 0.5602703, 'elapsed_time': 73.19294428825378}
2021-10-06 08:13:05,419 {'epoch': 14, 'lr': 0.0009897152912577737, 'train_loss': 0.0030304769329316888, 'mae': 1.1374964, 'elapsed_time': 73.01950716972351}
2021-10-06 08:14:17,994 {'epoch': 15, 'lr': 0.0009880787971596797, 'train_loss': 0.003317418587353942, 'mae': 1.2222922, 'elapsed_time': 72.57417821884155}
2021-10-06 08:15:30,546 {'epoch': 16, 'lr': 0.0009863231105968495, 'train_loss': 0.0037202857237252436, 'mae': 0.57721233, 'elapsed_time': 72.55174732208252}
2021-10-06 08:16:43,026 {'epoch': 17, 'lr': 0.000984448664758672, 'train_loss': 0.0029888116040515775, 'mae': 0.5651047, 'elapsed_time': 72.47903609275818}
2021-10-06 08:17:56,025 {'epoch': 18, 'lr': 0.0009824559221366096, 'train_loss': 0.0028094808709905827, 'mae': 0.48571104, 'elapsed_time': 72.99846482276917}
2021-10-06 08:19:09,838 {'epoch': 19, 'lr': 0.0009803453744100864, 'train_loss': 0.002817802354841536, 'mae': 0.48846537, 'elapsed_time': 73.33963894844055}
2021-10-06 08:20:22,856 {'epoch': 20, 'lr': 0.0009781175423251728, 'train_loss': 0.002689582471858594, 'mae': 0.44062796, 'elapsed_time': 73.0178370475769}
2021-10-06 08:21:36,209 {'epoch': 21, 'lr': 0.0009757729755661004, 'train_loss': 0.0027421439326978663, 'mae': 0.47326666, 'elapsed_time': 72.88260412216187}
2021-10-06 08:22:49,360 {'epoch': 22, 'lr': 0.0009733122526196342, 'train_loss': 0.002552213245784312, 'mae': 0.4382761, 'elapsed_time': 73.15014553070068}
2021-10-06 08:24:03,004 {'epoch': 23, 'lr': 0.000970735980632341, 'train_loss': 0.0026441869429004675, 'mae': 0.430382, 'elapsed_time': 73.16079568862915}
2021-10-06 08:25:16,616 {'epoch': 24, 'lr': 0.0009680447952607838, 'train_loss': 0.00244937664758219, 'mae': 0.39443263, 'elapsed_time': 73.13329458236694}
2021-10-06 08:26:30,003 {'epoch': 25, 'lr': 0.0009652393605146839, 'train_loss': 0.002433611244960602, 'mae': 0.40424645, 'elapsed_time': 72.9230284690857}
2021-10-06 08:27:42,663 {'epoch': 26, 'lr': 0.0009623203685930864, 'train_loss': 0.002427391004560403, 'mae': 0.4046275, 'elapsed_time': 72.66003012657166}
2021-10-06 08:28:55,302 {'epoch': 27, 'lr': 0.00095928853971357, 'train_loss': 0.002451982243990092, 'mae': 0.47678187, 'elapsed_time': 72.63879323005676}
2021-10-06 08:30:07,968 {'epoch': 28, 'lr': 0.0009561446219345448, 'train_loss': 0.002467990623919122, 'mae': 0.42713442, 'elapsed_time': 72.66546893119812}
2021-10-06 08:31:20,627 {'epoch': 29, 'lr': 0.0009528893909706791, 'train_loss': 0.002753435570507195, 'mae': 0.4099933, 'elapsed_time': 72.65815806388855}
2021-10-06 08:32:33,298 {'epoch': 30, 'lr': 0.0009495236500015041, 'train_loss': 0.0024162675987872326, 'mae': 0.37494892, 'elapsed_time': 72.67057180404663}
2021-10-06 08:33:46,337 {'epoch': 31, 'lr': 0.0009460482294732414, 'train_loss': 0.0024016997617076295, 'mae': 0.3895098, 'elapsed_time': 72.56577587127686}
2021-10-06 08:34:59,015 {'epoch': 32, 'lr': 0.0009424639868939027, 'train_loss': 0.002675853470665007, 'mae': 0.4449842, 'elapsed_time': 72.67745804786682}
2021-10-06 08:36:11,602 {'epoch': 33, 'lr': 0.0009387718066217117, 'train_loss': 0.0022256279343244173, 'mae': 0.33246592, 'elapsed_time': 72.58612370491028}
2021-10-06 08:37:24,970 {'epoch': 34, 'lr': 0.000934972599646904, 'train_loss': 0.002353645491088519, 'mae': 0.35608107, 'elapsed_time': 72.91474390029907}
2021-10-06 08:38:37,845 {'epoch': 35, 'lr': 0.0009310673033669515, 'train_loss': 0.002223512561432647, 'mae': 0.4269359, 'elapsed_time': 72.8748869895935}
2021-10-06 08:39:50,522 {'epoch': 36, 'lr': 0.0009270568813552751, 'train_loss': 0.002207128567814906, 'mae': 0.3505962, 'elapsed_time': 72.67612957954407}
2021-10-06 08:41:03,594 {'epoch': 37, 'lr': 0.0009229423231234969, 'train_loss': 0.0021790492694610157, 'mae': 0.3414705, 'elapsed_time': 73.07213711738586}
2021-10-06 08:42:17,078 {'epoch': 38, 'lr': 0.0009187246438772933, 'train_loss': 0.002122101031930104, 'mae': 0.38510066, 'elapsed_time': 73.48314046859741}
2021-10-06 08:43:30,272 {'epoch': 39, 'lr': 0.0009144048842659075, 'train_loss': 0.0020426150756987457, 'mae': 0.37659606, 'elapsed_time': 73.1930685043335}
2021-10-06 08:44:43,253 {'epoch': 40, 'lr': 0.0009099841101253861, 'train_loss': 0.0021115363856334416, 'mae': 0.33350787, 'elapsed_time': 72.98112177848816}
2021-10-06 08:45:56,132 {'epoch': 41, 'lr': 0.0009054634122155986, 'train_loss': 0.0020586781736989146, 'mae': 0.3385275, 'elapsed_time': 72.87837624549866}
2021-10-06 08:47:09,017 {'epoch': 42, 'lr': 0.0009008439059511095, 'train_loss': 0.002093244510140539, 'mae': 1.0610552, 'elapsed_time': 72.88525295257568}
2021-10-06 08:48:21,695 {'epoch': 43, 'lr': 0.0008961267311259662, 'train_loss': 0.002336401508403899, 'mae': 0.35218334, 'elapsed_time': 72.67731022834778}
2021-10-06 08:49:34,577 {'epoch': 44, 'lr': 0.0008913130516324728, 'train_loss': 0.0020757667641318972, 'mae': 0.3882853, 'elapsed_time': 72.88109374046326}
2021-10-06 08:50:47,742 {'epoch': 45, 'lr': 0.0008864040551740152, 'train_loss': 0.0023418948190092963, 'mae': 0.34034717, 'elapsed_time': 73.16454315185547}
2021-10-06 08:52:00,647 {'epoch': 46, 'lr': 0.000881400952972015, 'train_loss': 0.002181210392077606, 'mae': 0.35580716, 'elapsed_time': 72.90471410751343}
2021-10-06 08:53:14,407 {'epoch': 47, 'lr': 0.0008763049794670771, 'train_loss': 0.002487068138448824, 'mae': 0.33628485, 'elapsed_time': 73.75912976264954}
2021-10-06 08:54:28,113 {'epoch': 48, 'lr': 0.0008711173920144113, 'train_loss': 0.0020183535511225877, 'mae': 0.2949921, 'elapsed_time': 73.70635652542114}
2021-10-06 08:55:42,287 {'epoch': 49, 'lr': 0.0008658394705735983, 'train_loss': 0.001907052975110932, 'mae': 0.443936, 'elapsed_time': 73.70738554000854}
2021-10-06 08:56:55,702 {'epoch': 50, 'lr': 0.0008604725173927781, 'train_loss': 0.0020423056776255784, 'mae': 0.29856336, 'elapsed_time': 73.41487264633179}
2021-10-06 08:58:08,699 {'epoch': 51, 'lr': 0.0008550178566873405, 'train_loss': 0.0017972231503746382, 'mae': 0.2744667, 'elapsed_time': 72.99687051773071}
2021-10-06 08:59:22,196 {'epoch': 52, 'lr': 0.0008494768343131951, 'train_loss': 0.0019137236932162973, 'mae': 0.2994344, 'elapsed_time': 73.06293845176697}
2021-10-06 09:00:34,949 {'epoch': 53, 'lr': 0.0008438508174347005, 'train_loss': 0.0018881404193487287, 'mae': 0.2847362, 'elapsed_time': 72.75167727470398}
2021-10-06 09:01:47,581 {'epoch': 54, 'lr': 0.0008381411941873374, 'train_loss': 0.0018367220205115988, 'mae': 0.27553537, 'elapsed_time': 72.63182997703552}
2021-10-06 09:03:00,151 {'epoch': 55, 'lr': 0.0008323493733352073, 'train_loss': 0.0016779831149587574, 'mae': 0.26490036, 'elapsed_time': 72.56937718391418}
2021-10-06 09:04:13,338 {'epoch': 56, 'lr': 0.0008264767839234405, 'train_loss': 0.0017373960944123423, 'mae': 0.26798397, 'elapsed_time': 72.75592970848083}
2021-10-06 09:05:26,539 {'epoch': 57, 'lr': 0.000820524874925601, 'train_loss': 0.0017545818648072092, 'mae': 0.31448776, 'elapsed_time': 73.20067262649536}
2021-10-06 09:06:39,464 {'epoch': 58, 'lr': 0.0008144951148861737, 'train_loss': 0.0017090182830416026, 'mae': 0.28589568, 'elapsed_time': 72.92393565177917}
2021-10-06 09:07:52,276 {'epoch': 59, 'lr': 0.0008083889915582231, 'train_loss': 0.0016538630363718415, 'mae': 0.2568217, 'elapsed_time': 72.81171536445618}
2021-10-06 09:09:05,197 {'epoch': 60, 'lr': 0.0008022080115363123, 'train_loss': 0.001874570392017889, 'mae': 0.27571583, 'elapsed_time': 72.49173426628113}
2021-10-06 09:10:18,512 {'epoch': 61, 'lr': 0.0007959536998847739, 'train_loss': 0.0017991563215150668, 'mae': 0.2678087, 'elapsed_time': 73.31499886512756}
2021-10-06 09:11:31,610 {'epoch': 62, 'lr': 0.0007896275997614226, 'train_loss': 0.0017102785608462737, 'mae': 0.27679494, 'elapsed_time': 73.0972752571106}
2021-10-06 09:12:44,601 {'epoch': 63, 'lr': 0.0007832312720368044, 'train_loss': 0.0016306351213620307, 'mae': 0.26489207, 'elapsed_time': 72.99083709716797}
2021-10-06 09:13:57,085 {'epoch': 64, 'lr': 0.0007767662949090749, 'train_loss': 0.0016529676466785258, 'mae': 0.2542413, 'elapsed_time': 72.48391127586365}
2021-10-06 09:15:10,103 {'epoch': 65, 'lr': 0.000770234263514603, 'train_loss': 0.0014929412390772597, 'mae': 0.26530448, 'elapsed_time': 72.56743049621582}
2021-10-06 09:16:23,073 {'epoch': 66, 'lr': 0.0007636367895343944, 'train_loss': 0.0016492330982066528, 'mae': 0.2683019, 'elapsed_time': 72.96876883506775}
2021-10-06 09:17:36,029 {'epoch': 67, 'lr': 0.0007569755007964335, 'train_loss': 0.001554311754402931, 'mae': 0.23115672, 'elapsed_time': 72.95546078681946}
2021-10-06 09:18:49,283 {'epoch': 68, 'lr': 0.0007502520408740415, 'train_loss': 0.0014527174783037387, 'mae': 0.2306456, 'elapsed_time': 72.82023572921753}
2021-10-06 09:20:02,312 {'epoch': 69, 'lr': 0.0007434680686803488, 'train_loss': 0.0015250046576408458, 'mae': 0.2749876, 'elapsed_time': 72.58586883544922}
2021-10-06 09:21:14,980 {'epoch': 70, 'lr': 0.0007366252580589837, 'train_loss': 0.001491225315313453, 'mae': 0.24932383, 'elapsed_time': 72.667635679245}
2021-10-06 09:22:27,704 {'epoch': 71, 'lr': 0.0007297252973710754, 'train_loss': 0.0019097915100707685, 'mae': 0.30250072, 'elapsed_time': 72.72407674789429}
2021-10-06 09:23:40,461 {'epoch': 72, 'lr': 0.0007227698890786777, 'train_loss': 0.0018033168296532729, 'mae': 0.24424051, 'elapsed_time': 72.75661492347717}
2021-10-06 09:24:53,478 {'epoch': 73, 'lr': 0.0007157607493247108, 'train_loss': 0.0016440482174445651, 'mae': 0.25444618, 'elapsed_time': 73.01646780967712}
2021-10-06 09:26:06,751 {'epoch': 74, 'lr': 0.0007086996075095287, 'train_loss': 0.001450899851399198, 'mae': 0.24466306, 'elapsed_time': 73.27293610572815}
2021-10-06 09:27:19,578 {'epoch': 75, 'lr': 0.0007015882058642161, 'train_loss': 0.0013971584548493582, 'mae': 0.24382134, 'elapsed_time': 72.82655000686646}
2021-10-06 09:28:32,278 {'epoch': 76, 'lr': 0.0006944282990207193, 'train_loss': 0.0013611348453264824, 'mae': 0.2394604, 'elapsed_time': 72.69946551322937}
2021-10-06 09:29:45,224 {'epoch': 77, 'lr': 0.0006872216535789155, 'train_loss': 0.0013770528268525742, 'mae': 0.21776243, 'elapsed_time': 72.94533610343933}
2021-10-06 09:30:58,450 {'epoch': 78, 'lr': 0.0006799700476707321, 'train_loss': 0.0013477992676223169, 'mae': 0.22405142, 'elapsed_time': 72.79866528511047}
2021-10-06 09:32:11,081 {'epoch': 79, 'lr': 0.0006726752705214191, 'train_loss': 0.0013817076394155453, 'mae': 0.2946799, 'elapsed_time': 72.63138055801392}
2021-10-06 09:33:23,382 {'epoch': 80, 'lr': 0.0006653391220080838, 'train_loss': 0.0013688931632922768, 'mae': 0.22584765, 'elapsed_time': 72.3004240989685}
2021-10-06 09:34:35,851 {'epoch': 81, 'lr': 0.0006579634122155988, 'train_loss': 0.0012475533503483588, 'mae': 0.21808727, 'elapsed_time': 72.46869254112244}
2021-10-06 09:35:48,554 {'epoch': 82, 'lr': 0.0006505499609899903, 'train_loss': 0.0013768040436221876, 'mae': 0.32069054, 'elapsed_time': 72.70198178291321}
2021-10-06 09:37:01,470 {'epoch': 83, 'lr': 0.0006431005974894184, 'train_loss': 0.001329319285089366, 'mae': 0.25311306, 'elapsed_time': 72.91590666770935}
2021-10-06 09:38:14,314 {'epoch': 84, 'lr': 0.0006356171597328593, 'train_loss': 0.001290103804500313, 'mae': 0.23142385, 'elapsed_time': 72.843829870224}
2021-10-06 09:39:26,904 {'epoch': 85, 'lr': 0.0006281014941466028, 'train_loss': 0.001255052487104835, 'mae': 0.21753196, 'elapsed_time': 72.58972072601318}
2021-10-06 09:40:40,107 {'epoch': 86, 'lr': 0.000620555455108673, 'train_loss': 0.0011782443432311414, 'mae': 0.21013318, 'elapsed_time': 72.77307271957397}
2021-10-06 09:41:53,508 {'epoch': 87, 'lr': 0.0006129809044912885, 'train_loss': 0.001165296513565018, 'mae': 0.21100482, 'elapsed_time': 72.95942258834839}
2021-10-06 09:43:06,238 {'epoch': 88, 'lr': 0.0006053797112014735, 'train_loss': 0.0011806083435774086, 'mae': 0.21550244, 'elapsed_time': 72.72987079620361}
2021-10-06 09:44:18,862 {'epoch': 89, 'lr': 0.0005977537507199336, 'train_loss': 0.0013108600138373688, 'mae': 0.22214264, 'elapsed_time': 72.62388181686401}
2021-10-06 09:45:31,755 {'epoch': 90, 'lr': 0.0005901049046383074, 'train_loss': 0.0012411676528706228, 'mae': 0.21880822, 'elapsed_time': 72.8921480178833}
2021-10-06 09:46:44,621 {'epoch': 91, 'lr': 0.0005824350601949141, 'train_loss': 0.0012202079765217205, 'mae': 0.21007338, 'elapsed_time': 72.86608839035034}
2021-10-06 09:47:57,783 {'epoch': 92, 'lr': 0.0005747461098091033, 'train_loss': 0.0011107259454061211, 'mae': 0.21375227, 'elapsed_time': 72.72199845314026}
2021-10-06 09:49:10,658 {'epoch': 93, 'lr': 0.0005670399506143305, 'train_loss': 0.0010854306754843142, 'mae': 0.20589805, 'elapsed_time': 72.87478947639465}
2021-10-06 09:50:24,052 {'epoch': 94, 'lr': 0.0005593184839900673, 'train_loss': 0.0011492807741509596, 'mae': 0.2043678, 'elapsed_time': 72.9643964767456}
2021-10-06 09:51:37,344 {'epoch': 95, 'lr': 0.0005515836150926644, 'train_loss': 0.0012267982589686999, 'mae': 0.24601465, 'elapsed_time': 72.86334490776062}
2021-10-06 09:52:50,393 {'epoch': 96, 'lr': 0.0005438372523852832, 'train_loss': 0.0012196281011419394, 'mae': 0.21378726, 'elapsed_time': 73.04799890518188}
2021-10-06 09:54:03,104 {'epoch': 97, 'lr': 0.00053608130716701, 'train_loss': 0.0010645087030725499, 'mae': 0.20536701, 'elapsed_time': 72.71065664291382}
2021-10-06 09:55:15,680 {'epoch': 98, 'lr': 0.0005283176931012729, 'train_loss': 0.001036169469070166, 'mae': 0.20017472, 'elapsed_time': 72.57563996315002}
2021-10-06 09:56:29,195 {'epoch': 99, 'lr': 0.0005205483257436734, 'train_loss': 0.0011147100589502877, 'mae': 0.20829612, 'elapsed_time': 73.06426692008972}
2021-10-06 09:57:42,093 {'epoch': 100, 'lr': 0.0005127751220693511, 'train_loss': 0.0011068627599940307, 'mae': 0.19705532, 'elapsed_time': 72.89790391921997}
2021-10-06 09:58:55,008 {'epoch': 101, 'lr': 0.0005049999999999998, 'train_loss': 0.0009865697277024773, 'mae': 0.19508494, 'elapsed_time': 72.48415398597717}
2021-10-06 10:00:07,954 {'epoch': 102, 'lr': 0.0004972248779306486, 'train_loss': 0.0009531006997116675, 'mae': 0.1915864, 'elapsed_time': 72.5163516998291}
2021-10-06 10:01:20,872 {'epoch': 103, 'lr': 0.0004894516742563262, 'train_loss': 0.0009450759910259364, 'mae': 0.19037007, 'elapsed_time': 72.4832820892334}
2021-10-06 10:02:34,130 {'epoch': 104, 'lr': 0.00048168230689872663, 'train_loss': 0.0009169448139929788, 'mae': 0.1904685, 'elapsed_time': 72.82726621627808}
2021-10-06 10:03:47,279 {'epoch': 105, 'lr': 0.0004739186928329896, 'train_loss': 0.0009823493513842147, 'mae': 0.19473994, 'elapsed_time': 73.1488184928894}
2021-10-06 10:05:00,000 {'epoch': 106, 'lr': 0.00046616274761471655, 'train_loss': 0.0009014994851538801, 'mae': 0.19052042, 'elapsed_time': 72.72079753875732}
2021-10-06 10:06:13,114 {'epoch': 107, 'lr': 0.0004584163849073352, 'train_loss': 0.0011333181162971467, 'mae': 0.19754352, 'elapsed_time': 73.11354923248291}
2021-10-06 10:07:25,873 {'epoch': 108, 'lr': 0.0004506815160099324, 'train_loss': 0.0009481155501790912, 'mae': 0.23871474, 'elapsed_time': 72.75824522972107}
2021-10-06 10:08:38,234 {'epoch': 109, 'lr': 0.0004429600493856693, 'train_loss': 0.0009174517038012278, 'mae': 0.1936439, 'elapsed_time': 72.36096930503845}
2021-10-06 10:09:50,972 {'epoch': 110, 'lr': 0.00043525389019089656, 'train_loss': 0.0008633304939088717, 'mae': 0.18794847, 'elapsed_time': 72.7375237941742}
2021-10-06 10:11:04,298 {'epoch': 111, 'lr': 0.0004275649398050856, 'train_loss': 0.000859532572175984, 'mae': 0.18364371, 'elapsed_time': 72.87557077407837}
2021-10-06 10:12:17,270 {'epoch': 112, 'lr': 0.0004198950953616921, 'train_loss': 0.0008372600427955251, 'mae': 0.1881641, 'elapsed_time': 72.5309362411499}
2021-10-06 10:13:30,103 {'epoch': 113, 'lr': 0.0004122462492800662, 'train_loss': 0.0008296853023957068, 'mae': 0.18666764, 'elapsed_time': 72.8323974609375}
2021-10-06 10:14:42,526 {'epoch': 114, 'lr': 0.0004046202887985263, 'train_loss': 0.0008766710806349163, 'mae': 0.18589988, 'elapsed_time': 72.42240524291992}
2021-10-06 10:15:54,992 {'epoch': 115, 'lr': 0.0003970190955087115, 'train_loss': 0.0008419643969054724, 'mae': 0.19719708, 'elapsed_time': 72.46572971343994}
2021-10-06 10:17:07,902 {'epoch': 116, 'lr': 0.0003894445448913267, 'train_loss': 0.0009154582852861832, 'mae': 0.21175079, 'elapsed_time': 72.90989565849304}
2021-10-06 10:18:20,676 {'epoch': 117, 'lr': 0.00038189850585339675, 'train_loss': 0.0008252475883458686, 'mae': 0.19174673, 'elapsed_time': 72.77340483665466}
2021-10-06 10:19:33,677 {'epoch': 118, 'lr': 0.0003743828402671403, 'train_loss': 0.0008086295462675724, 'mae': 0.18292691, 'elapsed_time': 73.00007557868958}
2021-10-06 10:20:46,748 {'epoch': 119, 'lr': 0.0003668994025105814, 'train_loss': 0.0007643536024531281, 'mae': 0.18346092, 'elapsed_time': 72.63505411148071}
2021-10-06 10:21:59,133 {'epoch': 120, 'lr': 0.00035945003901000945, 'train_loss': 0.0007554109415040654, 'mae': 0.1819541, 'elapsed_time': 72.38408589363098}
2021-10-06 10:23:12,282 {'epoch': 121, 'lr': 0.00035203658778440103, 'train_loss': 0.0007424974209222279, 'mae': 0.18131708, 'elapsed_time': 72.71011638641357}
2021-10-06 10:24:25,343 {'epoch': 122, 'lr': 0.0003446608779919159, 'train_loss': 0.0007416137455264569, 'mae': 0.18409045, 'elapsed_time': 72.63091325759888}
2021-10-06 10:25:38,223 {'epoch': 123, 'lr': 0.00033732472947858063, 'train_loss': 0.0007385726192332879, 'mae': 0.17871016, 'elapsed_time': 72.87951254844666}
2021-10-06 10:26:51,510 {'epoch': 124, 'lr': 0.00033002995232926766, 'train_loss': 0.000715644619346771, 'mae': 0.18030721, 'elapsed_time': 72.83616495132446}
2021-10-06 10:28:04,193 {'epoch': 125, 'lr': 0.0003227783464210844, 'train_loss': 0.0007233125975415989, 'mae': 0.18364695, 'elapsed_time': 72.68309593200684}
2021-10-06 10:29:16,887 {'epoch': 126, 'lr': 0.00031557170097928054, 'train_loss': 0.0007330957039785828, 'mae': 0.17918932, 'elapsed_time': 72.69378185272217}
2021-10-06 10:30:29,277 {'epoch': 127, 'lr': 0.0003084117941357834, 'train_loss': 0.0007059511150288376, 'mae': 0.17693068, 'elapsed_time': 72.38922429084778}
2021-10-06 10:31:42,516 {'epoch': 128, 'lr': 0.00030130039249047106, 'train_loss': 0.0006822835962609631, 'mae': 0.18112841, 'elapsed_time': 72.80799269676208}
2021-10-06 10:32:55,663 {'epoch': 129, 'lr': 0.00029423925067528897, 'train_loss': 0.0006712714247183345, 'mae': 0.17910618, 'elapsed_time': 73.14677357673645}
2021-10-06 10:34:08,446 {'epoch': 130, 'lr': 0.0002872301109213219, 'train_loss': 0.0006626204417795042, 'mae': 0.17722885, 'elapsed_time': 72.78283333778381}
2021-10-06 10:35:21,107 {'epoch': 131, 'lr': 0.0002802747026289243, 'train_loss': 0.0006652141176287586, 'mae': 0.17760578, 'elapsed_time': 72.66091728210449}
2021-10-06 10:36:33,930 {'epoch': 132, 'lr': 0.00027337474194101617, 'train_loss': 0.0006618661680082914, 'mae': 0.17641822, 'elapsed_time': 72.82190418243408}
2021-10-06 10:37:46,973 {'epoch': 133, 'lr': 0.00026653193131965077, 'train_loss': 0.0006374585297208025, 'mae': 0.17660162, 'elapsed_time': 72.59795355796814}
2021-10-06 10:38:59,622 {'epoch': 134, 'lr': 0.00025974795912595813, 'train_loss': 0.0006311974296256199, 'mae': 0.17419541, 'elapsed_time': 72.64831829071045}
2021-10-06 10:40:13,220 {'epoch': 135, 'lr': 0.0002530244992035661, 'train_loss': 0.0006213141616367204, 'mae': 0.17313167, 'elapsed_time': 73.16040182113647}
2021-10-06 10:41:26,252 {'epoch': 136, 'lr': 0.00024636321046560527, 'train_loss': 0.0006170569706123107, 'mae': 0.17420164, 'elapsed_time': 72.60352230072021}
2021-10-06 10:42:39,373 {'epoch': 137, 'lr': 0.00023976573648539645, 'train_loss': 0.0006132449121556984, 'mae': 0.173348, 'elapsed_time': 73.12033581733704}
2021-10-06 10:43:52,022 {'epoch': 138, 'lr': 0.00023323370509092462, 'train_loss': 0.0005993655040944112, 'mae': 0.17498316, 'elapsed_time': 72.64865922927856}
2021-10-06 10:45:04,908 {'epoch': 139, 'lr': 0.00022676872796319523, 'train_loss': 0.0005968456895314676, 'mae': 0.17495917, 'elapsed_time': 72.88573002815247}
2021-10-06 10:46:17,612 {'epoch': 140, 'lr': 0.00022037240023857702, 'train_loss': 0.000584524530347133, 'mae': 0.1731737, 'elapsed_time': 72.70351433753967}
2021-10-06 10:47:30,069 {'epoch': 141, 'lr': 0.00021404630011522577, 'train_loss': 0.0005734260091551927, 'mae': 0.17464091, 'elapsed_time': 72.45643591880798}
2021-10-06 10:48:42,622 {'epoch': 142, 'lr': 0.00020779198846368737, 'train_loss': 0.0005736557677304255, 'mae': 0.1747651, 'elapsed_time': 72.55300617218018}
2021-10-06 10:49:55,306 {'epoch': 143, 'lr': 0.0002016110084417765, 'train_loss': 0.0005722151160106862, 'mae': 0.17112148, 'elapsed_time': 72.68275213241577}
2021-10-06 10:51:08,417 {'epoch': 144, 'lr': 0.00019550488511382584, 'train_loss': 0.0005518400621945451, 'mae': 0.17068276, 'elapsed_time': 72.67037415504456}
2021-10-06 10:52:21,369 {'epoch': 145, 'lr': 0.00018947512507439847, 'train_loss': 0.0005456067145246003, 'mae': 0.17110236, 'elapsed_time': 72.51001453399658}
2021-10-06 10:53:34,034 {'epoch': 146, 'lr': 0.00018352321607655904, 'train_loss': 0.000542198249488832, 'mae': 0.17277822, 'elapsed_time': 72.66452813148499}
2021-10-06 10:54:45,760 {'epoch': 147, 'lr': 0.0001776506266647923, 'train_loss': 0.0005350959279270185, 'mae': 0.16962019, 'elapsed_time': 71.72579860687256}
2021-10-06 10:55:58,326 {'epoch': 148, 'lr': 0.00017185880581266206, 'train_loss': 0.0005352682670401848, 'mae': 0.1710007, 'elapsed_time': 72.11963129043579}
2021-10-06 10:57:11,028 {'epoch': 149, 'lr': 0.000166149182565299, 'train_loss': 0.0005227682706538891, 'mae': 0.1709585, 'elapsed_time': 72.70152163505554}
2021-10-06 10:58:23,638 {'epoch': 150, 'lr': 0.00016052316568680435, 'train_loss': 0.0005134992740895276, 'mae': 0.1708915, 'elapsed_time': 72.61015343666077}
2021-10-06 10:59:35,936 {'epoch': 151, 'lr': 0.00015498214331265893, 'train_loss': 0.0005086855537019241, 'mae': 0.17324497, 'elapsed_time': 72.29768705368042}
2021-10-06 11:00:48,797 {'epoch': 152, 'lr': 0.0001495274826072215, 'train_loss': 0.0005032052429154702, 'mae': 0.17044082, 'elapsed_time': 72.86067819595337}
2021-10-06 11:02:01,380 {'epoch': 153, 'lr': 0.00014416052942640132, 'train_loss': 0.0004949175179340415, 'mae': 0.16937362, 'elapsed_time': 72.5825424194336}
2021-10-06 11:03:14,678 {'epoch': 154, 'lr': 0.0001388826079855881, 'train_loss': 0.0004919728696854838, 'mae': 0.16993123, 'elapsed_time': 72.8611741065979}
2021-10-06 11:04:27,569 {'epoch': 155, 'lr': 0.00013369502053292245, 'train_loss': 0.0005032498370967139, 'mae': 0.16981582, 'elapsed_time': 72.89074778556824}
2021-10-06 11:05:40,196 {'epoch': 156, 'lr': 0.00012859904702798464, 'train_loss': 0.0004782578703620878, 'mae': 0.16910739, 'elapsed_time': 72.62615013122559}
2021-10-06 11:06:53,929 {'epoch': 157, 'lr': 0.00012359594482598432, 'train_loss': 0.0004696827792890266, 'mae': 0.16877608, 'elapsed_time': 73.29080009460449}
2021-10-06 11:08:07,518 {'epoch': 158, 'lr': 0.00011868694836752681, 'train_loss': 0.00046602809058614644, 'mae': 0.16916148, 'elapsed_time': 73.14856195449829}
2021-10-06 11:09:20,358 {'epoch': 159, 'lr': 0.0001138732688740332, 'train_loss': 0.00046262019674921367, 'mae': 0.1689091, 'elapsed_time': 72.83979773521423}
2021-10-06 11:10:32,905 {'epoch': 160, 'lr': 0.00010915609404889012, 'train_loss': 0.00045705528385478033, 'mae': 0.16941957, 'elapsed_time': 72.54669451713562}
2021-10-06 11:11:45,683 {'epoch': 161, 'lr': 0.00010453658778440103, 'train_loss': 0.0004541299186123571, 'mae': 0.17015482, 'elapsed_time': 72.7770299911499}
2021-10-06 11:12:58,532 {'epoch': 162, 'lr': 0.00010001588987461343, 'train_loss': 0.00044874748507621985, 'mae': 0.16888794, 'elapsed_time': 72.8485324382782}
2021-10-06 11:14:11,923 {'epoch': 163, 'lr': 9.559511573409192e-05, 'train_loss': 0.0004407151311517473, 'mae': 0.16886835, 'elapsed_time': 73.39046144485474}
2021-10-06 11:15:24,391 {'epoch': 164, 'lr': 9.12753561227063e-05, 'train_loss': 0.0004389488161711246, 'mae': 0.16851327, 'elapsed_time': 72.46768736839294}
2021-10-06 11:16:37,469 {'epoch': 165, 'lr': 8.705767687650262e-05, 'train_loss': 0.00043307324146853133, 'mae': 0.16797583, 'elapsed_time': 72.6052074432373}
2021-10-06 11:17:50,485 {'epoch': 166, 'lr': 8.294311864472445e-05, 'train_loss': 0.00042964134765251965, 'mae': 0.16844466, 'elapsed_time': 72.56171345710754}
2021-10-06 11:19:02,846 {'epoch': 167, 'lr': 7.89326966330478e-05, 'train_loss': 0.0004280850786229409, 'mae': 0.16799878, 'elapsed_time': 72.3608660697937}
2021-10-06 11:20:15,426 {'epoch': 168, 'lr': 7.502740035309526e-05, 'train_loss': 0.00042003695374741073, 'mae': 0.16810913, 'elapsed_time': 72.57896137237549}
2021-10-06 11:21:27,758 {'epoch': 169, 'lr': 7.12281933782875e-05, 'train_loss': 0.0004158752679089152, 'mae': 0.16776183, 'elapsed_time': 72.33220076560974}
2021-10-06 11:22:40,377 {'epoch': 170, 'lr': 6.75360131060967e-05, 'train_loss': 0.00041205166629839604, 'mae': 0.1680476, 'elapsed_time': 72.16137623786926}
2021-10-06 11:23:52,956 {'epoch': 171, 'lr': 6.395177052675792e-05, 'train_loss': 0.00040921474503929683, 'mae': 0.16796973, 'elapsed_time': 72.57895016670227}
2021-10-06 11:25:05,702 {'epoch': 172, 'lr': 6.047634999849528e-05, 'train_loss': 0.00040514992717888043, 'mae': 0.16790722, 'elapsed_time': 72.74566626548767}
2021-10-06 11:26:18,384 {'epoch': 173, 'lr': 5.711060902932039e-05, 'train_loss': 0.0004018204635400461, 'mae': 0.16755371, 'elapsed_time': 72.68115615844727}
2021-10-06 11:27:31,450 {'epoch': 174, 'lr': 5.385537806545467e-05, 'train_loss': 0.0003976542470548388, 'mae': 0.1672283, 'elapsed_time': 72.62571692466736}
2021-10-06 11:28:44,568 {'epoch': 175, 'lr': 5.0711460286429424e-05, 'train_loss': 0.00039332066900223356, 'mae': 0.16745846, 'elapsed_time': 72.68054175376892}
2021-10-06 11:29:57,078 {'epoch': 176, 'lr': 4.767963140691315e-05, 'train_loss': 0.0003898944216302051, 'mae': 0.1677341, 'elapsed_time': 72.50894594192505}
2021-10-06 11:31:09,844 {'epoch': 177, 'lr': 4.4760639485315563e-05, 'train_loss': 0.00038767537334162403, 'mae': 0.16744399, 'elapsed_time': 72.76557755470276}
2021-10-06 11:32:22,488 {'epoch': 178, 'lr': 4.195520473921563e-05, 'train_loss': 0.0003840519764600723, 'mae': 0.16759084, 'elapsed_time': 72.64408874511719}
2021-10-06 11:33:34,863 {'epoch': 179, 'lr': 3.9264019367658385e-05, 'train_loss': 0.0003814534078036775, 'mae': 0.16740765, 'elapsed_time': 72.37470388412476}
2021-10-06 11:34:47,545 {'epoch': 180, 'lr': 3.6687747380365064e-05, 'train_loss': 0.0003784163338437706, 'mae': 0.16746198, 'elapsed_time': 72.68139004707336}
2021-10-06 11:36:00,357 {'epoch': 181, 'lr': 3.422702443389899e-05, 'train_loss': 0.0003762612835861461, 'mae': 0.16732392, 'elapsed_time': 72.8118405342102}
2021-10-06 11:37:13,269 {'epoch': 182, 'lr': 3.188245767482658e-05, 'train_loss': 0.0003737567469719588, 'mae': 0.1678587, 'elapsed_time': 72.91098380088806}
2021-10-06 11:38:25,550 {'epoch': 183, 'lr': 2.965462558991323e-05, 'train_loss': 0.0003712404221222249, 'mae': 0.16756432, 'elapsed_time': 72.28075671195984}
2021-10-06 11:39:38,134 {'epoch': 184, 'lr': 2.7544077863390004e-05, 'train_loss': 0.0003686840881731156, 'mae': 0.16756298, 'elapsed_time': 72.58356642723083}
2021-10-06 11:40:50,916 {'epoch': 185, 'lr': 2.5551335241327672e-05, 'train_loss': 0.00036648292411698894, 'mae': 0.16738631, 'elapsed_time': 72.78197622299194}
2021-10-06 11:42:03,715 {'epoch': 186, 'lr': 2.367688940315011e-05, 'train_loss': 0.0003650670745851308, 'mae': 0.16743192, 'elapsed_time': 72.79866528511047}
2021-10-06 11:43:16,067 {'epoch': 187, 'lr': 2.1921202840320077e-05, 'train_loss': 0.000362706218085161, 'mae': 0.16750497, 'elapsed_time': 72.35101771354675}
2021-10-06 11:44:28,702 {'epoch': 188, 'lr': 2.0284708742225903e-05, 'train_loss': 0.00036054025203572195, 'mae': 0.16767168, 'elapsed_time': 72.63532400131226}
2021-10-06 11:45:41,762 {'epoch': 189, 'lr': 1.8767810889299086e-05, 'train_loss': 0.0003590631428945531, 'mae': 0.16746141, 'elapsed_time': 73.05880880355835}
2021-10-06 11:46:54,382 {'epoch': 190, 'lr': 1.7370883553386936e-05, 'train_loss': 0.00035785880529817327, 'mae': 0.16749611, 'elapsed_time': 72.62046384811401}
2021-10-06 11:48:07,069 {'epoch': 191, 'lr': 1.6094271405406862e-05, 'train_loss': 0.0003560245022883749, 'mae': 0.16754907, 'elapsed_time': 72.68614721298218}
2021-10-06 11:49:20,109 {'epoch': 192, 'lr': 1.4938289430304022e-05, 'train_loss': 0.0003548006593781129, 'mae': 0.16749884, 'elapsed_time': 73.03929495811462}
2021-10-06 11:50:33,069 {'epoch': 193, 'lr': 1.3903222849333509e-05, 'train_loss': 0.00035531837048812605, 'mae': 0.16730665, 'elapsed_time': 72.96020889282227}
2021-10-06 11:51:46,110 {'epoch': 194, 'lr': 1.2989327049686102e-05, 'train_loss': 0.0003529611721911361, 'mae': 0.16733508, 'elapsed_time': 73.03978371620178}
2021-10-06 11:52:59,060 {'epoch': 195, 'lr': 1.2196827521475404e-05, 'train_loss': 0.00035116895132206226, 'mae': 0.16749358, 'elapsed_time': 72.94966053962708}
2021-10-06 11:54:11,635 {'epoch': 196, 'lr': 1.152591980210166e-05, 'train_loss': 0.00035103821955408934, 'mae': 0.16752729, 'elapsed_time': 72.57484245300293}
2021-10-06 11:55:24,598 {'epoch': 197, 'lr': 1.097676942800558e-05, 'train_loss': 0.00034998709655621735, 'mae': 0.16748774, 'elapsed_time': 72.96293997764587}
2021-10-06 11:56:37,691 {'epoch': 198, 'lr': 1.0549511893824899e-05, 'train_loss': 0.0003493976616346931, 'mae': 0.16746868, 'elapsed_time': 73.09216833114624}
2021-10-06 11:57:50,324 {'epoch': 199, 'lr': 1.0244252618962858e-05, 'train_loss': 0.0003485186007602117, 'mae': 0.16751108, 'elapsed_time': 72.63312244415283}
2021-10-06 11:59:02,867 {'epoch': 200, 'lr': 1.006106692157801e-05, 'train_loss': 0.0003478368359134638, 'mae': 0.16763161, 'elapsed_time': 72.54208970069885}
2021-10-06 11:59:40,109 Total CV: 0.16722829639911652
